2025-02-07 04:18:10 WARN  OpenChordTest:205  - Peer joined at ocsocket://localhost:8085/ via ocsocket://localhost:8080/
2025-02-07 04:18:10 WARN  OpenChordTest:58  - Insert time for key 5 = 266 ms
2025-02-07 04:18:10 WARN  OpenChordTest:60  - Inserted (5, default)
2025-02-07 04:18:10 WARN  OpenChordTest:64  - Memory usage at ocsocket://localhost:8085/ = 14 MB
2025-02-07 04:20:25 FATAL 68 45 120 177 :379  - The rare situation has occured at time 1738920025235, id to look up=119 222 104 218 , id of local node=68 45 120 177 , id of predecessor=50 71 95 48 
2025-02-07 04:20:25 FATAL 68 45 120 177 :379  - The rare situation has occured at time 1738920025436, id to look up=27 100 83 137 , id of local node=68 45 120 177 , id of predecessor=50 71 95 48 
2025-02-07 04:20:25 FATAL 68 45 120 177 :379  - The rare situation has occured at time 1738920025755, id to look up=144 43 163 205 , id of local node=68 45 120 177 , id of predecessor=50 71 95 48 
2025-02-07 04:20:25 FATAL 68 45 120 177 :379  - The rare situation has occured at time 1738920025906, id to look up=254 93 187 206 , id of local node=68 45 120 177 , id of predecessor=50 71 95 48 
2025-02-07 04:20:39 FATAL 68 45 120 177 :379  - The rare situation has occured at time 1738920039115, id to look up=119 222 104 218 , id of local node=68 45 120 177 , id of predecessor=50 71 95 48 
2025-02-07 04:20:39 FATAL 68 45 120 177 :379  - The rare situation has occured at time 1738920039267, id to look up=27 100 83 137 , id of local node=68 45 120 177 , id of predecessor=50 71 95 48 
2025-02-07 04:20:39 FATAL 68 45 120 177 :379  - The rare situation has occured at time 1738920039565, id to look up=144 43 163 205 , id of local node=68 45 120 177 , id of predecessor=50 71 95 48 
2025-02-07 04:20:39 FATAL 68 45 120 177 :379  - The rare situation has occured at time 1738920039716, id to look up=254 93 187 206 , id of local node=68 45 120 177 , id of predecessor=50 71 95 48 
2025-02-07 04:20:53 WARN  OpenChordTest:35  - Unknown.
2025-02-07 04:20:53 WARN  OpenChordTest:35  - Unknown.
2025-02-07 04:20:53 WARN  OpenChordTest:35  - Unknown.
2025-02-07 04:20:53 WARN  OpenChordTest:35  - Unknown.
2025-02-07 04:20:54 WARN  OpenChordTest:35  - Unknown.
2025-02-07 04:21:00 WARN  OpenChordTest:88  - Lookup time for key 1 = 48 ms
2025-02-07 04:21:00 WARN  OpenChordTest:93  - Retrieved value: default
2025-02-07 04:21:00 WARN  OpenChordTest:102  - Memory usage at ocsocket://localhost:8085/ = 20 MB
2025-02-07 04:21:00 WARN  OpenChordTest:88  - Lookup time for key 2 = 50 ms
2025-02-07 04:21:00 WARN  OpenChordTest:93  - Retrieved value: default
2025-02-07 04:21:00 WARN  OpenChordTest:102  - Memory usage at ocsocket://localhost:8085/ = 20 MB
2025-02-07 04:21:00 FATAL 68 45 120 177 :379  - The rare situation has occured at time 1738920060525, id to look up=119 222 104 218 , id of local node=68 45 120 177 , id of predecessor=50 71 95 48 
2025-02-07 04:21:00 WARN  OpenChordTest:88  - Lookup time for key 3 = 199 ms
2025-02-07 04:21:00 WARN  OpenChordTest:93  - Retrieved value: default
2025-02-07 04:21:00 WARN  OpenChordTest:102  - Memory usage at ocsocket://localhost:8085/ = 21 MB
2025-02-07 04:21:00 FATAL 68 45 120 177 :379  - The rare situation has occured at time 1738920060676, id to look up=27 100 83 137 , id of local node=68 45 120 177 , id of predecessor=50 71 95 48 
2025-02-07 04:21:00 WARN  OpenChordTest:88  - Lookup time for key 4 = 51 ms
2025-02-07 04:21:00 WARN  OpenChordTest:93  - Retrieved value: default
2025-02-07 04:21:00 WARN  OpenChordTest:102  - Memory usage at ocsocket://localhost:8085/ = 21 MB
2025-02-07 04:21:00 WARN  OpenChordTest:88  - Lookup time for key 5 = 95 ms
2025-02-07 04:21:00 WARN  OpenChordTest:93  - Retrieved value: default
2025-02-07 04:21:00 WARN  OpenChordTest:102  - Memory usage at ocsocket://localhost:8085/ = 21 MB
2025-02-07 04:21:00 WARN  OpenChordTest:88  - Lookup time for key 6 = 109 ms
2025-02-07 04:21:00 WARN  OpenChordTest:93  - Retrieved value: default
2025-02-07 04:21:00 WARN  OpenChordTest:102  - Memory usage at ocsocket://localhost:8085/ = 21 MB
2025-02-07 04:21:01 FATAL 68 45 120 177 :379  - The rare situation has occured at time 1738920061034, id to look up=144 43 163 205 , id of local node=68 45 120 177 , id of predecessor=50 71 95 48 
2025-02-07 04:21:01 WARN  OpenChordTest:88  - Lookup time for key 7 = 252 ms
2025-02-07 04:21:01 WARN  OpenChordTest:93  - Retrieved value: default
2025-02-07 04:21:01 WARN  OpenChordTest:102  - Memory usage at ocsocket://localhost:8085/ = 21 MB
2025-02-07 04:21:01 FATAL 68 45 120 177 :379  - The rare situation has occured at time 1738920061186, id to look up=254 93 187 206 , id of local node=68 45 120 177 , id of predecessor=50 71 95 48 
2025-02-07 04:21:01 WARN  OpenChordTest:88  - Lookup time for key 8 = 49 ms
2025-02-07 04:21:01 WARN  OpenChordTest:93  - Retrieved value: default
2025-02-07 04:21:01 WARN  OpenChordTest:102  - Memory usage at ocsocket://localhost:8085/ = 21 MB
2025-02-07 04:21:01 WARN  OpenChordTest:128  - Average lookup time for 8 lookups = 106 ms
2025-02-07 04:21:07 WARN  OpenChordTest:35  - Unknown.
2025-02-07 04:21:07 WARN  OpenChordTest:35  - Unknown.
2025-02-07 04:21:08 WARN  OpenChordTest:35  - Unknown.
2025-02-07 04:21:08 WARN  OpenChordTest:35  - Unknown.
2025-02-07 04:21:08 WARN  OpenChordTest:35  - Unknown.
2025-02-07 04:21:12 WARN  OpenChordTest:88  - Lookup time for key 1 = 45 ms
2025-02-07 04:21:12 WARN  OpenChordTest:93  - Retrieved value: default
2025-02-07 04:21:12 WARN  OpenChordTest:102  - Memory usage at ocsocket://localhost:8085/ = 21 MB
2025-02-07 04:21:12 WARN  OpenChordTest:88  - Lookup time for key 2 = 110 ms
2025-02-07 04:21:12 WARN  OpenChordTest:93  - Retrieved value: default
2025-02-07 04:21:12 WARN  OpenChordTest:102  - Memory usage at ocsocket://localhost:8085/ = 21 MB
2025-02-07 04:21:12 FATAL 68 45 120 177 :379  - The rare situation has occured at time 1738920072643, id to look up=119 222 104 218 , id of local node=68 45 120 177 , id of predecessor=50 71 95 48 
2025-02-07 04:21:12 WARN  OpenChordTest:88  - Lookup time for key 3 = 252 ms
2025-02-07 04:21:12 WARN  OpenChordTest:93  - Retrieved value: default
2025-02-07 04:21:12 WARN  OpenChordTest:102  - Memory usage at ocsocket://localhost:8085/ = 21 MB
2025-02-07 04:21:12 FATAL 68 45 120 177 :379  - The rare situation has occured at time 1738920072795, id to look up=27 100 83 137 , id of local node=68 45 120 177 , id of predecessor=50 71 95 48 
2025-02-07 04:21:12 WARN  OpenChordTest:88  - Lookup time for key 4 = 50 ms
2025-02-07 04:21:12 WARN  OpenChordTest:93  - Retrieved value: default
2025-02-07 04:21:12 WARN  OpenChordTest:102  - Memory usage at ocsocket://localhost:8085/ = 21 MB
2025-02-07 04:21:12 WARN  OpenChordTest:88  - Lookup time for key 5 = 96 ms
2025-02-07 04:21:12 WARN  OpenChordTest:93  - Retrieved value: default
2025-02-07 04:21:12 WARN  OpenChordTest:102  - Memory usage at ocsocket://localhost:8085/ = 21 MB
2025-02-07 04:21:12 WARN  OpenChordTest:88  - Lookup time for key 6 = 99 ms
2025-02-07 04:21:12 WARN  OpenChordTest:93  - Retrieved value: default
2025-02-07 04:21:12 WARN  OpenChordTest:102  - Memory usage at ocsocket://localhost:8085/ = 22 MB
2025-02-07 04:21:13 FATAL 68 45 120 177 :379  - The rare situation has occured at time 1738920073143, id to look up=144 43 163 205 , id of local node=68 45 120 177 , id of predecessor=50 71 95 48 
2025-02-07 04:21:13 WARN  OpenChordTest:88  - Lookup time for key 7 = 251 ms
2025-02-07 04:21:13 WARN  OpenChordTest:93  - Retrieved value: default
2025-02-07 04:21:13 WARN  OpenChordTest:102  - Memory usage at ocsocket://localhost:8085/ = 22 MB
2025-02-07 04:21:13 FATAL 68 45 120 177 :379  - The rare situation has occured at time 1738920073295, id to look up=254 93 187 206 , id of local node=68 45 120 177 , id of predecessor=50 71 95 48 
2025-02-07 04:21:13 WARN  OpenChordTest:88  - Lookup time for key 8 = 51 ms
2025-02-07 04:21:13 WARN  OpenChordTest:93  - Retrieved value: default
2025-02-07 04:21:13 WARN  OpenChordTest:102  - Memory usage at ocsocket://localhost:8085/ = 22 MB
2025-02-07 04:21:13 WARN  OpenChordTest:128  - Average lookup time for 8 lookups = 119 ms
2025-02-07 04:21:15 WARN  OpenChordTest:35  - Unknown.
2025-02-07 04:21:16 WARN  OpenChordTest:35  - Unknown.
2025-02-07 04:21:17 WARN  OpenChordTest:35  - Unknown.
2025-02-07 04:21:17 WARN  OpenChordTest:35  - Unknown.
2025-02-07 04:21:22 WARN  OpenChordTest:88  - Lookup time for key 1 = 46 ms
2025-02-07 04:21:22 WARN  OpenChordTest:93  - Retrieved value: default
2025-02-07 04:21:22 WARN  OpenChordTest:102  - Memory usage at ocsocket://localhost:8085/ = 22 MB
2025-02-07 04:21:22 WARN  OpenChordTest:88  - Lookup time for key 2 = 99 ms
2025-02-07 04:21:22 WARN  OpenChordTest:93  - Retrieved value: default
2025-02-07 04:21:22 WARN  OpenChordTest:102  - Memory usage at ocsocket://localhost:8085/ = 22 MB
2025-02-07 04:21:22 FATAL 68 45 120 177 :379  - The rare situation has occured at time 1738920082583, id to look up=119 222 104 218 , id of local node=68 45 120 177 , id of predecessor=50 71 95 48 
2025-02-07 04:21:22 WARN  OpenChordTest:88  - Lookup time for key 3 = 262 ms
2025-02-07 04:21:22 WARN  OpenChordTest:93  - Retrieved value: default
2025-02-07 04:21:22 WARN  OpenChordTest:102  - Memory usage at ocsocket://localhost:8085/ = 22 MB
2025-02-07 04:21:22 FATAL 68 45 120 177 :379  - The rare situation has occured at time 1738920082735, id to look up=27 100 83 137 , id of local node=68 45 120 177 , id of predecessor=50 71 95 48 
2025-02-07 04:21:22 WARN  OpenChordTest:88  - Lookup time for key 4 = 50 ms
2025-02-07 04:21:22 WARN  OpenChordTest:93  - Retrieved value: default
2025-02-07 04:21:22 WARN  OpenChordTest:102  - Memory usage at ocsocket://localhost:8085/ = 22 MB
2025-02-07 04:21:22 WARN  OpenChordTest:88  - Lookup time for key 5 = 96 ms
2025-02-07 04:21:22 WARN  OpenChordTest:93  - Retrieved value: default
2025-02-07 04:21:22 WARN  OpenChordTest:102  - Memory usage at ocsocket://localhost:8085/ = 22 MB
2025-02-07 04:21:22 WARN  OpenChordTest:88  - Lookup time for key 6 = 99 ms
2025-02-07 04:21:22 WARN  OpenChordTest:93  - Retrieved value: default
2025-02-07 04:21:22 WARN  OpenChordTest:102  - Memory usage at ocsocket://localhost:8085/ = 22 MB
2025-02-07 04:21:23 FATAL 68 45 120 177 :379  - The rare situation has occured at time 1738920083083, id to look up=144 43 163 205 , id of local node=68 45 120 177 , id of predecessor=50 71 95 48 
2025-02-07 04:21:23 WARN  OpenChordTest:88  - Lookup time for key 7 = 252 ms
2025-02-07 04:21:23 WARN  OpenChordTest:93  - Retrieved value: default
2025-02-07 04:21:23 WARN  OpenChordTest:102  - Memory usage at ocsocket://localhost:8085/ = 22 MB
2025-02-07 04:21:23 FATAL 68 45 120 177 :379  - The rare situation has occured at time 1738920083235, id to look up=254 93 187 206 , id of local node=68 45 120 177 , id of predecessor=50 71 95 48 
2025-02-07 04:21:23 WARN  OpenChordTest:88  - Lookup time for key 8 = 50 ms
2025-02-07 04:21:23 WARN  OpenChordTest:93  - Retrieved value: default
2025-02-07 04:21:23 WARN  OpenChordTest:102  - Memory usage at ocsocket://localhost:8085/ = 22 MB
2025-02-07 04:21:23 WARN  OpenChordTest:128  - Average lookup time for 8 lookups = 101 ms
