2025-02-07 03:50:54 WARN  OpenChordTest:205  - Peer joined at ocsocket://localhost:8112/ via ocsocket://localhost:8080/
2025-02-07 03:50:54 WARN  OpenChordTest:58  - Insert time for key 32 = 94 ms
2025-02-07 03:50:54 WARN  OpenChordTest:60  - Inserted (32, default)
2025-02-07 03:50:54 WARN  OpenChordTest:64  - Memory usage at ocsocket://localhost:8112/ = 15 MB
2025-02-07 03:52:22 FATAL 171 169 249 91 :379  - The rare situation has occured at time 1738918342006, id to look up=119 222 104 218 , id of local node=171 169 249 91 , id of predecessor=161 201 197 38 
2025-02-07 03:52:24 FATAL 171 169 249 91 :379  - The rare situation has occured at time 1738918344737, id to look up=123 82 0 155 , id of local node=171 169 249 91 , id of predecessor=161 201 197 38 
2025-02-07 03:52:25 FATAL 171 169 249 91 :379  - The rare situation has occured at time 1738918345272, id to look up=158 106 85 182 , id of local node=171 169 249 91 , id of predecessor=161 201 197 38 
2025-02-07 03:52:25 FATAL 171 169 249 91 :379  - The rare situation has occured at time 1738918345992, id to look up=77 19 75 192 , id of local node=171 169 249 91 , id of predecessor=161 201 197 38 
2025-02-07 03:52:27 FATAL 171 169 249 91 :379  - The rare situation has occured at time 1738918347462, id to look up=119 25 161 199 , id of local node=171 169 249 91 , id of predecessor=161 201 197 38 
2025-02-07 03:53:39 FATAL 171 169 249 91 :379  - The rare situation has occured at time 1738918419041, id to look up=119 222 104 218 , id of local node=171 169 249 91 , id of predecessor=161 201 197 38 
2025-02-07 03:53:40 FATAL 171 169 249 91 :379  - The rare situation has occured at time 1738918420981, id to look up=123 82 0 155 , id of local node=171 169 249 91 , id of predecessor=161 201 197 38 
2025-02-07 03:53:42 FATAL 171 169 249 91 :379  - The rare situation has occured at time 1738918422382, id to look up=158 106 85 182 , id of local node=171 169 249 91 , id of predecessor=161 201 197 38 
2025-02-07 03:53:43 FATAL 171 169 249 91 :379  - The rare situation has occured at time 1738918423100, id to look up=77 19 75 192 , id of local node=171 169 249 91 , id of predecessor=161 201 197 38 
2025-02-07 03:53:44 FATAL 171 169 249 91 :379  - The rare situation has occured at time 1738918424261, id to look up=119 25 161 199 , id of local node=171 169 249 91 , id of predecessor=161 201 197 38 
2025-02-07 03:53:45 FATAL 171 169 249 91 :379  - The rare situation has occured at time 1738918425401, id to look up=151 42 103 196 , id of local node=171 169 249 91 , id of predecessor=161 201 197 38 
2025-02-07 03:53:46 FATAL 171 169 249 91 :379  - The rare situation has occured at time 1738918426641, id to look up=118 31 34 178 , id of local node=171 169 249 91 , id of predecessor=161 201 197 38 
2025-02-07 03:53:47 FATAL 171 169 249 91 :379  - The rare situation has occured at time 1738918427009, id to look up=146 207 206 179 , id of local node=171 169 249 91 , id of predecessor=161 201 197 38 
2025-02-07 03:53:47 FATAL 171 169 249 91 :379  - The rare situation has occured at time 1738918427791, id to look up=152 251 196 47 , id of local node=171 169 249 91 , id of predecessor=161 201 197 38 
2025-02-07 03:53:48 FATAL 171 169 249 91 :379  - The rare situation has occured at time 1738918428255, id to look up=100 224 149 254 , id of local node=171 169 249 91 , id of predecessor=161 201 197 38 
2025-02-07 03:53:50 FATAL 171 169 249 91 :379  - The rare situation has occured at time 1738918430221, id to look up=84 206 185 18 , id of local node=171 169 249 91 , id of predecessor=161 201 197 38 
2025-02-07 03:53:50 FATAL 171 169 249 91 :379  - The rare situation has occured at time 1738918430555, id to look up=102 123 229 67 , id of local node=171 169 249 91 , id of predecessor=161 201 197 38 
2025-02-07 03:53:51 FATAL 171 169 249 91 :379  - The rare situation has occured at time 1738918431840, id to look up=108 30 103 31 , id of local node=171 169 249 91 , id of predecessor=161 201 197 38 
2025-02-07 03:53:52 FATAL 171 169 249 91 :379  - The rare situation has occured at time 1738918432225, id to look up=81 26 65 142 , id of local node=171 169 249 91 , id of predecessor=161 201 197 38 
2025-02-07 03:53:52 FATAL 171 169 249 91 :379  - The rare situation has occured at time 1738918432457, id to look up=161 117 84 160 , id of local node=171 169 249 91 , id of predecessor=161 201 197 38 
2025-02-07 03:54:52 FATAL 171 169 249 91 :379  - The rare situation has occured at time 1738918492593, id to look up=119 222 104 218 , id of local node=171 169 249 91 , id of predecessor=161 201 197 38 
2025-02-07 03:54:54 FATAL 171 169 249 91 :379  - The rare situation has occured at time 1738918494542, id to look up=123 82 0 155 , id of local node=171 169 249 91 , id of predecessor=161 201 197 38 
2025-02-07 03:54:55 FATAL 171 169 249 91 :379  - The rare situation has occured at time 1738918495702, id to look up=158 106 85 182 , id of local node=171 169 249 91 , id of predecessor=161 201 197 38 
2025-02-07 03:54:56 FATAL 171 169 249 91 :379  - The rare situation has occured at time 1738918496411, id to look up=77 19 75 192 , id of local node=171 169 249 91 , id of predecessor=161 201 197 38 
2025-02-07 03:54:57 FATAL 171 169 249 91 :379  - The rare situation has occured at time 1738918497642, id to look up=119 25 161 199 , id of local node=171 169 249 91 , id of predecessor=161 201 197 38 
2025-02-07 03:54:58 FATAL 171 169 249 91 :379  - The rare situation has occured at time 1738918498802, id to look up=151 42 103 196 , id of local node=171 169 249 91 , id of predecessor=161 201 197 38 
2025-02-07 03:55:00 FATAL 171 169 249 91 :379  - The rare situation has occured at time 1738918500052, id to look up=118 31 34 178 , id of local node=171 169 249 91 , id of predecessor=161 201 197 38 
2025-02-07 03:55:00 FATAL 171 169 249 91 :379  - The rare situation has occured at time 1738918500427, id to look up=146 207 206 179 , id of local node=171 169 249 91 , id of predecessor=161 201 197 38 
2025-02-07 03:55:01 FATAL 171 169 249 91 :379  - The rare situation has occured at time 1738918501221, id to look up=152 251 196 47 , id of local node=171 169 249 91 , id of predecessor=161 201 197 38 
2025-02-07 03:55:01 FATAL 171 169 249 91 :379  - The rare situation has occured at time 1738918501704, id to look up=100 224 149 254 , id of local node=171 169 249 91 , id of predecessor=161 201 197 38 
2025-02-07 03:55:03 FATAL 171 169 249 91 :379  - The rare situation has occured at time 1738918503086, id to look up=84 206 185 18 , id of local node=171 169 249 91 , id of predecessor=161 201 197 38 
2025-02-07 03:55:03 FATAL 171 169 249 91 :379  - The rare situation has occured at time 1738918503419, id to look up=102 123 229 67 , id of local node=171 169 249 91 , id of predecessor=161 201 197 38 
2025-02-07 03:55:04 FATAL 171 169 249 91 :379  - The rare situation has occured at time 1738918504746, id to look up=108 30 103 31 , id of local node=171 169 249 91 , id of predecessor=161 201 197 38 
2025-02-07 03:55:05 FATAL 171 169 249 91 :379  - The rare situation has occured at time 1738918505128, id to look up=81 26 65 142 , id of local node=171 169 249 91 , id of predecessor=161 201 197 38 
2025-02-07 03:55:05 FATAL 171 169 249 91 :379  - The rare situation has occured at time 1738918505353, id to look up=161 117 84 160 , id of local node=171 169 249 91 , id of predecessor=161 201 197 38 
2025-02-07 03:55:06 FATAL 171 169 249 91 :379  - The rare situation has occured at time 1738918506246, id to look up=89 18 154 172 , id of local node=171 169 249 91 , id of predecessor=161 201 197 38 
2025-02-07 03:55:06 FATAL 171 169 249 91 :379  - The rare situation has occured at time 1738918506428, id to look up=77 137 210 148 , id of local node=171 169 249 91 , id of predecessor=161 201 197 38 
2025-02-07 03:55:09 FATAL 171 169 249 91 :379  - The rare situation has occured at time 1738918509306, id to look up=118 84 111 154 , id of local node=171 169 249 91 , id of predecessor=161 201 197 38 
2025-02-07 03:55:10 FATAL 171 169 249 91 :379  - The rare situation has occured at time 1738918510776, id to look up=76 214 109 250 , id of local node=171 169 249 91 , id of predecessor=161 201 197 38 
2025-02-07 03:55:11 FATAL 171 169 249 91 :379  - The rare situation has occured at time 1738918511755, id to look up=111 184 74 237 , id of local node=171 169 249 91 , id of predecessor=161 201 197 38 
2025-02-07 03:55:12 FATAL 171 169 249 91 :379  - The rare situation has occured at time 1738918512577, id to look up=154 121 190 97 , id of local node=171 169 249 91 , id of predecessor=161 201 197 38 
2025-02-07 03:55:13 FATAL 171 169 249 91 :379  - The rare situation has occured at time 1738918513298, id to look up=147 67 133 245 , id of local node=171 169 249 91 , id of predecessor=161 201 197 38 
2025-02-07 03:55:13 FATAL 171 169 249 91 :379  - The rare situation has occured at time 1738918513803, id to look up=120 168 239 203 , id of local node=171 169 249 91 , id of predecessor=161 201 197 38 
2025-02-07 03:55:14 FATAL 171 169 249 91 :379  - The rare situation has occured at time 1738918514223, id to look up=114 36 249 151 , id of local node=171 169 249 91 , id of predecessor=161 201 197 38 
2025-02-07 03:55:14 FATAL 171 169 249 91 :379  - The rare situation has occured at time 1738918514360, id to look up=82 78 5 220 , id of local node=171 169 249 91 , id of predecessor=161 201 197 38 
2025-02-07 03:55:14 FATAL 171 169 249 91 :379  - The rare situation has occured at time 1738918514624, id to look up=161 66 46 106 , id of local node=171 169 249 91 , id of predecessor=161 201 197 38 
2025-02-07 03:55:15 FATAL 171 169 249 91 :379  - The rare situation has occured at time 1738918515856, id to look up=104 62 114 92 , id of local node=171 169 249 91 , id of predecessor=161 201 197 38 
2025-02-07 03:55:16 FATAL 171 169 249 91 :379  - The rare situation has occured at time 1738918516816, id to look up=119 91 197 195 , id of local node=171 169 249 91 , id of predecessor=161 201 197 38 
2025-02-07 03:56:22 FATAL 171 169 249 91 :379  - The rare situation has occured at time 1738918582633, id to look up=119 222 104 218 , id of local node=171 169 249 91 , id of predecessor=161 201 197 38 
2025-02-07 03:56:24 FATAL 171 169 249 91 :379  - The rare situation has occured at time 1738918584660, id to look up=123 82 0 155 , id of local node=171 169 249 91 , id of predecessor=161 201 197 38 
2025-02-07 03:56:26 FATAL 171 169 249 91 :379  - The rare situation has occured at time 1738918586050, id to look up=158 106 85 182 , id of local node=171 169 249 91 , id of predecessor=161 201 197 38 
2025-02-07 03:56:26 FATAL 171 169 249 91 :379  - The rare situation has occured at time 1738918586769, id to look up=77 19 75 192 , id of local node=171 169 249 91 , id of predecessor=161 201 197 38 
2025-02-07 03:56:27 FATAL 171 169 249 91 :379  - The rare situation has occured at time 1738918587980, id to look up=119 25 161 199 , id of local node=171 169 249 91 , id of predecessor=161 201 197 38 
2025-02-07 03:56:29 FATAL 171 169 249 91 :379  - The rare situation has occured at time 1738918589140, id to look up=151 42 103 196 , id of local node=171 169 249 91 , id of predecessor=161 201 197 38 
2025-02-07 03:56:30 FATAL 171 169 249 91 :379  - The rare situation has occured at time 1738918590371, id to look up=118 31 34 178 , id of local node=171 169 249 91 , id of predecessor=161 201 197 38 
2025-02-07 03:56:30 FATAL 171 169 249 91 :379  - The rare situation has occured at time 1738918590747, id to look up=146 207 206 179 , id of local node=171 169 249 91 , id of predecessor=161 201 197 38 
2025-02-07 03:56:31 FATAL 171 169 249 91 :379  - The rare situation has occured at time 1738918591550, id to look up=152 251 196 47 , id of local node=171 169 249 91 , id of predecessor=161 201 197 38 
2025-02-07 03:56:32 FATAL 171 169 249 91 :379  - The rare situation has occured at time 1738918592021, id to look up=100 224 149 254 , id of local node=171 169 249 91 , id of predecessor=161 201 197 38 
2025-02-07 03:56:34 FATAL 171 169 249 91 :379  - The rare situation has occured at time 1738918594009, id to look up=84 206 185 18 , id of local node=171 169 249 91 , id of predecessor=161 201 197 38 
2025-02-07 03:56:34 FATAL 171 169 249 91 :379  - The rare situation has occured at time 1738918594361, id to look up=102 123 229 67 , id of local node=171 169 249 91 , id of predecessor=161 201 197 38 
2025-02-07 03:56:35 FATAL 171 169 249 91 :379  - The rare situation has occured at time 1738918595689, id to look up=108 30 103 31 , id of local node=171 169 249 91 , id of predecessor=161 201 197 38 
2025-02-07 03:56:36 FATAL 171 169 249 91 :379  - The rare situation has occured at time 1738918596072, id to look up=81 26 65 142 , id of local node=171 169 249 91 , id of predecessor=161 201 197 38 
2025-02-07 03:56:36 FATAL 171 169 249 91 :379  - The rare situation has occured at time 1738918596295, id to look up=161 117 84 160 , id of local node=171 169 249 91 , id of predecessor=161 201 197 38 
2025-02-07 03:56:37 FATAL 171 169 249 91 :379  - The rare situation has occured at time 1738918597179, id to look up=89 18 154 172 , id of local node=171 169 249 91 , id of predecessor=161 201 197 38 
2025-02-07 03:56:37 FATAL 171 169 249 91 :379  - The rare situation has occured at time 1738918597361, id to look up=77 137 210 148 , id of local node=171 169 249 91 , id of predecessor=161 201 197 38 
2025-02-07 03:56:39 FATAL 171 169 249 91 :379  - The rare situation has occured at time 1738918599651, id to look up=118 84 111 154 , id of local node=171 169 249 91 , id of predecessor=161 201 197 38 
2025-02-07 03:56:41 FATAL 171 169 249 91 :379  - The rare situation has occured at time 1738918601141, id to look up=76 214 109 250 , id of local node=171 169 249 91 , id of predecessor=161 201 197 38 
2025-02-07 03:56:42 FATAL 171 169 249 91 :379  - The rare situation has occured at time 1738918602131, id to look up=111 184 74 237 , id of local node=171 169 249 91 , id of predecessor=161 201 197 38 
2025-02-07 03:56:42 FATAL 171 169 249 91 :379  - The rare situation has occured at time 1738918602952, id to look up=154 121 190 97 , id of local node=171 169 249 91 , id of predecessor=161 201 197 38 
2025-02-07 03:56:43 FATAL 171 169 249 91 :379  - The rare situation has occured at time 1738918603653, id to look up=147 67 133 245 , id of local node=171 169 249 91 , id of predecessor=161 201 197 38 
2025-02-07 03:56:44 FATAL 171 169 249 91 :379  - The rare situation has occured at time 1738918604177, id to look up=120 168 239 203 , id of local node=171 169 249 91 , id of predecessor=161 201 197 38 
2025-02-07 03:56:44 FATAL 171 169 249 91 :379  - The rare situation has occured at time 1738918604596, id to look up=114 36 249 151 , id of local node=171 169 249 91 , id of predecessor=161 201 197 38 
2025-02-07 03:56:44 FATAL 171 169 249 91 :379  - The rare situation has occured at time 1738918604713, id to look up=82 78 5 220 , id of local node=171 169 249 91 , id of predecessor=161 201 197 38 
2025-02-07 03:56:44 FATAL 171 169 249 91 :379  - The rare situation has occured at time 1738918604999, id to look up=161 66 46 106 , id of local node=171 169 249 91 , id of predecessor=161 201 197 38 
2025-02-07 03:56:46 FATAL 171 169 249 91 :379  - The rare situation has occured at time 1738918606211, id to look up=104 62 114 92 , id of local node=171 169 249 91 , id of predecessor=161 201 197 38 
2025-02-07 03:56:47 FATAL 171 169 249 91 :379  - The rare situation has occured at time 1738918607172, id to look up=119 91 197 195 , id of local node=171 169 249 91 , id of predecessor=161 201 197 38 
2025-02-07 03:56:49 FATAL 171 169 249 91 :379  - The rare situation has occured at time 1738918609302, id to look up=145 223 222 29 , id of local node=171 169 249 91 , id of predecessor=161 201 197 38 
2025-02-07 03:56:49 FATAL 171 169 249 91 :379  - The rare situation has occured at time 1738918609721, id to look up=149 232 21 209 , id of local node=171 169 249 91 , id of predecessor=161 201 197 38 
2025-02-07 03:56:50 FATAL 171 169 249 91 :379  - The rare situation has occured at time 1738918610098, id to look up=158 7 26 58 , id of local node=171 169 249 91 , id of predecessor=161 201 197 38 
2025-02-07 03:56:50 FATAL 171 169 249 91 :379  - The rare situation has occured at time 1738918610952, id to look up=86 173 77 77 , id of local node=171 169 249 91 , id of predecessor=161 201 197 38 
2025-02-07 03:56:52 FATAL 171 169 249 91 :379  - The rare situation has occured at time 1738918612252, id to look up=115 32 130 140 , id of local node=171 169 249 91 , id of predecessor=161 201 197 38 
2025-02-07 03:56:52 FATAL 171 169 249 91 :379  - The rare situation has occured at time 1738918612471, id to look up=80 51 107 198 , id of local node=171 169 249 91 , id of predecessor=161 201 197 38 
2025-02-07 03:56:53 FATAL 171 169 249 91 :379  - The rare situation has occured at time 1738918613682, id to look up=83 111 182 147 , id of local node=171 169 249 91 , id of predecessor=161 201 197 38 
2025-02-07 03:56:55 FATAL 171 169 249 91 :379  - The rare situation has occured at time 1738918615061, id to look up=157 137 116 186 , id of local node=171 169 249 91 , id of predecessor=161 201 197 38 
2025-02-07 03:56:55 FATAL 171 169 249 91 :379  - The rare situation has occured at time 1738918615531, id to look up=107 98 119 175 , id of local node=171 169 249 91 , id of predecessor=161 201 197 38 
2025-02-07 03:56:56 FATAL 171 169 249 91 :379  - The rare situation has occured at time 1738918616831, id to look up=116 203 210 194 , id of local node=171 169 249 91 , id of predecessor=161 201 197 38 
2025-02-07 03:56:57 FATAL 171 169 249 91 :379  - The rare situation has occured at time 1738918617221, id to look up=105 229 105 118 , id of local node=171 169 249 91 , id of predecessor=161 201 197 38 
2025-02-07 03:56:57 FATAL 171 169 249 91 :379  - The rare situation has occured at time 1738918617353, id to look up=112 138 119 219 , id of local node=171 169 249 91 , id of predecessor=161 201 197 38 
2025-02-07 03:56:57 FATAL 171 169 249 91 :379  - The rare situation has occured at time 1738918617790, id to look up=113 123 47 61 , id of local node=171 169 249 91 , id of predecessor=161 201 197 38 
2025-02-07 03:56:57 FATAL 171 169 249 91 :379  - The rare situation has occured at time 1738918617957, id to look up=148 148 14 83 , id of local node=171 169 249 91 , id of predecessor=161 201 197 38 
2025-02-07 03:56:58 FATAL 171 169 249 91 :379  - The rare situation has occured at time 1738918618741, id to look up=87 46 32 115 , id of local node=171 169 249 91 , id of predecessor=161 201 197 38 
2025-02-07 03:56:59 FATAL 171 169 249 91 :379  - The rare situation has occured at time 1738918619893, id to look up=158 68 210 119 , id of local node=171 169 249 91 , id of predecessor=161 201 197 38 
2025-02-07 03:57:00 FATAL 171 169 249 91 :379  - The rare situation has occured at time 1738918620511, id to look up=88 240 116 73 , id of local node=171 169 249 91 , id of predecessor=161 201 197 38 
2025-02-07 03:57:02 FATAL 171 169 249 91 :379  - The rare situation has occured at time 1738918622462, id to look up=117 42 231 189 , id of local node=171 169 249 91 , id of predecessor=161 201 197 38 
2025-02-07 03:57:02 FATAL 171 169 249 91 :379  - The rare situation has occured at time 1738918622651, id to look up=77 234 29 174 , id of local node=171 169 249 91 , id of predecessor=161 201 197 38 
2025-02-07 03:57:03 FATAL 171 169 249 91 :379  - The rare situation has occured at time 1738918623823, id to look up=159 154 240 41 , id of local node=171 169 249 91 , id of predecessor=161 201 197 38 
2025-02-07 03:57:04 FATAL 171 169 249 91 :379  - The rare situation has occured at time 1738918624271, id to look up=161 101 251 214 , id of local node=171 169 249 91 , id of predecessor=161 201 197 38 
2025-02-07 03:57:04 FATAL 171 169 249 91 :379  - The rare situation has occured at time 1738918624730, id to look up=74 250 143 158 , id of local node=171 169 249 91 , id of predecessor=161 201 197 38 
2025-02-07 03:57:06 FATAL 171 169 249 91 :379  - The rare situation has occured at time 1738918626242, id to look up=154 21 244 45 , id of local node=171 169 249 91 , id of predecessor=161 201 197 38 
2025-02-07 03:57:07 FATAL 171 169 249 91 :379  - The rare situation has occured at time 1738918627431, id to look up=154 112 119 108 , id of local node=171 169 249 91 , id of predecessor=161 201 197 38 
2025-02-07 03:57:09 FATAL 171 169 249 91 :379  - The rare situation has occured at time 1738918629232, id to look up=76 130 5 218 , id of local node=171 169 249 91 , id of predecessor=161 201 197 38 
2025-02-07 03:57:09 FATAL 171 169 249 91 :379  - The rare situation has occured at time 1738918629709, id to look up=79 15 92 150 , id of local node=171 169 249 91 , id of predecessor=161 201 197 38 
2025-02-07 03:57:09 FATAL 171 169 249 91 :379  - The rare situation has occured at time 1738918629832, id to look up=82 253 185 246 , id of local node=171 169 249 91 , id of predecessor=161 201 197 38 
2025-02-07 03:57:09 FATAL 171 169 249 91 :379  - The rare situation has occured at time 1738918629902, id to look up=88 65 48 224 , id of local node=171 169 249 91 , id of predecessor=161 201 197 38 
2025-02-07 03:57:10 FATAL 171 169 249 91 :379  - The rare situation has occured at time 1738918630580, id to look up=159 253 26 225 , id of local node=171 169 249 91 , id of predecessor=161 201 197 38 
2025-02-07 03:57:10 FATAL 171 169 249 91 :379  - The rare situation has occured at time 1738918630948, id to look up=74 247 249 237 , id of local node=171 169 249 91 , id of predecessor=161 201 197 38 
2025-02-07 03:57:12 FATAL 171 169 249 91 :379  - The rare situation has occured at time 1738918632678, id to look up=152 252 195 120 , id of local node=171 169 249 91 , id of predecessor=161 201 197 38 
2025-02-07 03:57:12 FATAL 171 169 249 91 :379  - The rare situation has occured at time 1738918632928, id to look up=76 21 220 33 , id of local node=171 169 249 91 , id of predecessor=161 201 197 38 
2025-02-07 03:59:45 FATAL 171 169 249 91 :379  - The rare situation has occured at time 1738918785622, id to look up=119 222 104 218 , id of local node=171 169 249 91 , id of predecessor=161 201 197 38 
2025-02-07 03:59:47 FATAL 171 169 249 91 :379  - The rare situation has occured at time 1738918787521, id to look up=123 82 0 155 , id of local node=171 169 249 91 , id of predecessor=161 201 197 38 
2025-02-07 03:59:48 FATAL 171 169 249 91 :379  - The rare situation has occured at time 1738918788057, id to look up=158 106 85 182 , id of local node=171 169 249 91 , id of predecessor=161 201 197 38 
2025-02-07 03:59:48 FATAL 171 169 249 91 :379  - The rare situation has occured at time 1738918788796, id to look up=77 19 75 192 , id of local node=171 169 249 91 , id of predecessor=161 201 197 38 
2025-02-07 03:59:49 FATAL 171 169 249 91 :379  - The rare situation has occured at time 1738918789997, id to look up=119 25 161 199 , id of local node=171 169 249 91 , id of predecessor=161 201 197 38 
2025-02-07 03:59:51 FATAL 171 169 249 91 :379  - The rare situation has occured at time 1738918791146, id to look up=151 42 103 196 , id of local node=171 169 249 91 , id of predecessor=161 201 197 38 
2025-02-07 03:59:52 FATAL 171 169 249 91 :379  - The rare situation has occured at time 1738918792356, id to look up=118 31 34 178 , id of local node=171 169 249 91 , id of predecessor=161 201 197 38 
2025-02-07 03:59:52 FATAL 171 169 249 91 :379  - The rare situation has occured at time 1738918792734, id to look up=146 207 206 179 , id of local node=171 169 249 91 , id of predecessor=161 201 197 38 
2025-02-07 03:59:53 FATAL 171 169 249 91 :379  - The rare situation has occured at time 1738918793486, id to look up=152 251 196 47 , id of local node=171 169 249 91 , id of predecessor=161 201 197 38 
2025-02-07 03:59:53 FATAL 171 169 249 91 :379  - The rare situation has occured at time 1738918793978, id to look up=100 224 149 254 , id of local node=171 169 249 91 , id of predecessor=161 201 197 38 
2025-02-07 03:59:55 FATAL 171 169 249 91 :379  - The rare situation has occured at time 1738918795946, id to look up=84 206 185 18 , id of local node=171 169 249 91 , id of predecessor=161 201 197 38 
2025-02-07 03:59:56 FATAL 171 169 249 91 :379  - The rare situation has occured at time 1738918796277, id to look up=102 123 229 67 , id of local node=171 169 249 91 , id of predecessor=161 201 197 38 
2025-02-07 03:59:57 FATAL 171 169 249 91 :379  - The rare situation has occured at time 1738918797576, id to look up=108 30 103 31 , id of local node=171 169 249 91 , id of predecessor=161 201 197 38 
2025-02-07 03:59:57 FATAL 171 169 249 91 :379  - The rare situation has occured at time 1738918797966, id to look up=81 26 65 142 , id of local node=171 169 249 91 , id of predecessor=161 201 197 38 
2025-02-07 03:59:58 FATAL 171 169 249 91 :379  - The rare situation has occured at time 1738918798192, id to look up=161 117 84 160 , id of local node=171 169 249 91 , id of predecessor=161 201 197 38 
2025-02-07 03:59:59 FATAL 171 169 249 91 :379  - The rare situation has occured at time 1738918799066, id to look up=89 18 154 172 , id of local node=171 169 249 91 , id of predecessor=161 201 197 38 
2025-02-07 03:59:59 FATAL 171 169 249 91 :379  - The rare situation has occured at time 1738918799239, id to look up=77 137 210 148 , id of local node=171 169 249 91 , id of predecessor=161 201 197 38 
2025-02-07 04:00:02 FATAL 171 169 249 91 :379  - The rare situation has occured at time 1738918802116, id to look up=118 84 111 154 , id of local node=171 169 249 91 , id of predecessor=161 201 197 38 
2025-02-07 04:00:03 FATAL 171 169 249 91 :379  - The rare situation has occured at time 1738918803566, id to look up=76 214 109 250 , id of local node=171 169 249 91 , id of predecessor=161 201 197 38 
2025-02-07 04:00:04 FATAL 171 169 249 91 :379  - The rare situation has occured at time 1738918804566, id to look up=111 184 74 237 , id of local node=171 169 249 91 , id of predecessor=161 201 197 38 
2025-02-07 04:00:05 FATAL 171 169 249 91 :379  - The rare situation has occured at time 1738918805406, id to look up=154 121 190 97 , id of local node=171 169 249 91 , id of predecessor=161 201 197 38 
2025-02-07 04:00:06 FATAL 171 169 249 91 :379  - The rare situation has occured at time 1738918806137, id to look up=147 67 133 245 , id of local node=171 169 249 91 , id of predecessor=161 201 197 38 
2025-02-07 04:00:06 FATAL 171 169 249 91 :379  - The rare situation has occured at time 1738918806671, id to look up=120 168 239 203 , id of local node=171 169 249 91 , id of predecessor=161 201 197 38 
2025-02-07 04:00:07 FATAL 171 169 249 91 :379  - The rare situation has occured at time 1738918807100, id to look up=114 36 249 151 , id of local node=171 169 249 91 , id of predecessor=161 201 197 38 
2025-02-07 04:00:07 FATAL 171 169 249 91 :379  - The rare situation has occured at time 1738918807230, id to look up=82 78 5 220 , id of local node=171 169 249 91 , id of predecessor=161 201 197 38 
2025-02-07 04:00:07 FATAL 171 169 249 91 :379  - The rare situation has occured at time 1738918807502, id to look up=161 66 46 106 , id of local node=171 169 249 91 , id of predecessor=161 201 197 38 
2025-02-07 04:00:08 FATAL 171 169 249 91 :379  - The rare situation has occured at time 1738918808796, id to look up=104 62 114 92 , id of local node=171 169 249 91 , id of predecessor=161 201 197 38 
2025-02-07 04:00:09 FATAL 171 169 249 91 :379  - The rare situation has occured at time 1738918809736, id to look up=119 91 197 195 , id of local node=171 169 249 91 , id of predecessor=161 201 197 38 
2025-02-07 04:00:11 FATAL 171 169 249 91 :379  - The rare situation has occured at time 1738918811856, id to look up=145 223 222 29 , id of local node=171 169 249 91 , id of predecessor=161 201 197 38 
2025-02-07 04:00:12 FATAL 171 169 249 91 :379  - The rare situation has occured at time 1738918812266, id to look up=149 232 21 209 , id of local node=171 169 249 91 , id of predecessor=161 201 197 38 
2025-02-07 04:00:12 FATAL 171 169 249 91 :379  - The rare situation has occured at time 1738918812651, id to look up=158 7 26 58 , id of local node=171 169 249 91 , id of predecessor=161 201 197 38 
2025-02-07 04:00:13 FATAL 171 169 249 91 :379  - The rare situation has occured at time 1738918813506, id to look up=86 173 77 77 , id of local node=171 169 249 91 , id of predecessor=161 201 197 38 
2025-02-07 04:00:14 FATAL 171 169 249 91 :379  - The rare situation has occured at time 1738918814876, id to look up=115 32 130 140 , id of local node=171 169 249 91 , id of predecessor=161 201 197 38 
2025-02-07 04:00:15 FATAL 171 169 249 91 :379  - The rare situation has occured at time 1738918815106, id to look up=80 51 107 198 , id of local node=171 169 249 91 , id of predecessor=161 201 197 38 
2025-02-07 04:00:16 FATAL 171 169 249 91 :379  - The rare situation has occured at time 1738918816306, id to look up=83 111 182 147 , id of local node=171 169 249 91 , id of predecessor=161 201 197 38 
2025-02-07 04:00:17 FATAL 171 169 249 91 :379  - The rare situation has occured at time 1738918817646, id to look up=157 137 116 186 , id of local node=171 169 249 91 , id of predecessor=161 201 197 38 
2025-02-07 04:00:18 FATAL 171 169 249 91 :379  - The rare situation has occured at time 1738918818106, id to look up=107 98 119 175 , id of local node=171 169 249 91 , id of predecessor=161 201 197 38 
2025-02-07 04:00:19 FATAL 171 169 249 91 :379  - The rare situation has occured at time 1738918819386, id to look up=116 203 210 194 , id of local node=171 169 249 91 , id of predecessor=161 201 197 38 
2025-02-07 04:00:19 FATAL 171 169 249 91 :379  - The rare situation has occured at time 1738918819756, id to look up=105 229 105 118 , id of local node=171 169 249 91 , id of predecessor=161 201 197 38 
2025-02-07 04:00:19 FATAL 171 169 249 91 :379  - The rare situation has occured at time 1738918819886, id to look up=112 138 119 219 , id of local node=171 169 249 91 , id of predecessor=161 201 197 38 
2025-02-07 04:00:19 FATAL 171 169 249 91 :379  - The rare situation has occured at time 1738918819747, id to look up=113 123 47 61 , id of local node=171 169 249 91 , id of predecessor=161 201 197 38 
2025-02-07 04:00:19 FATAL 171 169 249 91 :379  - The rare situation has occured at time 1738918819927, id to look up=148 148 14 83 , id of local node=171 169 249 91 , id of predecessor=161 201 197 38 
2025-02-07 04:00:20 FATAL 171 169 249 91 :379  - The rare situation has occured at time 1738918820730, id to look up=87 46 32 115 , id of local node=171 169 249 91 , id of predecessor=161 201 197 38 
2025-02-07 04:00:21 FATAL 171 169 249 91 :379  - The rare situation has occured at time 1738918821883, id to look up=158 68 210 119 , id of local node=171 169 249 91 , id of predecessor=161 201 197 38 
2025-02-07 04:00:22 FATAL 171 169 249 91 :379  - The rare situation has occured at time 1738918822490, id to look up=88 240 116 73 , id of local node=171 169 249 91 , id of predecessor=161 201 197 38 
2025-02-07 04:00:24 FATAL 171 169 249 91 :379  - The rare situation has occured at time 1738918824470, id to look up=117 42 231 189 , id of local node=171 169 249 91 , id of predecessor=161 201 197 38 
2025-02-07 04:00:24 FATAL 171 169 249 91 :379  - The rare situation has occured at time 1738918824660, id to look up=77 234 29 174 , id of local node=171 169 249 91 , id of predecessor=161 201 197 38 
2025-02-07 04:00:25 FATAL 171 169 249 91 :379  - The rare situation has occured at time 1738918825792, id to look up=159 154 240 41 , id of local node=171 169 249 91 , id of predecessor=161 201 197 38 
2025-02-07 04:00:26 FATAL 171 169 249 91 :379  - The rare situation has occured at time 1738918826280, id to look up=161 101 251 214 , id of local node=171 169 249 91 , id of predecessor=161 201 197 38 
2025-02-07 04:00:26 FATAL 171 169 249 91 :379  - The rare situation has occured at time 1738918826767, id to look up=74 250 143 158 , id of local node=171 169 249 91 , id of predecessor=161 201 197 38 
2025-02-07 04:00:28 FATAL 171 169 249 91 :379  - The rare situation has occured at time 1738918828240, id to look up=154 21 244 45 , id of local node=171 169 249 91 , id of predecessor=161 201 197 38 
2025-02-07 04:00:29 FATAL 171 169 249 91 :379  - The rare situation has occured at time 1738918829450, id to look up=154 112 119 108 , id of local node=171 169 249 91 , id of predecessor=161 201 197 38 
2025-02-07 04:00:31 FATAL 171 169 249 91 :379  - The rare situation has occured at time 1738918831290, id to look up=76 130 5 218 , id of local node=171 169 249 91 , id of predecessor=161 201 197 38 
2025-02-07 04:00:31 FATAL 171 169 249 91 :379  - The rare situation has occured at time 1738918831799, id to look up=79 15 92 150 , id of local node=171 169 249 91 , id of predecessor=161 201 197 38 
2025-02-07 04:00:31 FATAL 171 169 249 91 :379  - The rare situation has occured at time 1738918831941, id to look up=82 253 185 246 , id of local node=171 169 249 91 , id of predecessor=161 201 197 38 
2025-02-07 04:00:32 FATAL 171 169 249 91 :379  - The rare situation has occured at time 1738918832579, id to look up=88 65 48 224 , id of local node=171 169 249 91 , id of predecessor=161 201 197 38 
2025-02-07 04:00:33 FATAL 171 169 249 91 :379  - The rare situation has occured at time 1738918833251, id to look up=159 253 26 225 , id of local node=171 169 249 91 , id of predecessor=161 201 197 38 
2025-02-07 04:00:33 FATAL 171 169 249 91 :379  - The rare situation has occured at time 1738918833610, id to look up=74 247 249 237 , id of local node=171 169 249 91 , id of predecessor=161 201 197 38 
2025-02-07 04:00:35 FATAL 171 169 249 91 :379  - The rare situation has occured at time 1738918835341, id to look up=152 252 195 120 , id of local node=171 169 249 91 , id of predecessor=161 201 197 38 
2025-02-07 04:00:35 FATAL 171 169 249 91 :379  - The rare situation has occured at time 1738918835590, id to look up=76 21 220 33 , id of local node=171 169 249 91 , id of predecessor=161 201 197 38 
2025-02-07 04:00:36 FATAL 171 169 249 91 :379  - The rare situation has occured at time 1738918836701, id to look up=152 47 216 183 , id of local node=171 169 249 91 , id of predecessor=161 201 197 38 
2025-02-07 04:00:37 FATAL 171 169 249 91 :379  - The rare situation has occured at time 1738918837439, id to look up=104 42 3 244 , id of local node=171 169 249 91 , id of predecessor=161 201 197 38 
2025-02-07 04:00:37 FATAL 171 169 249 91 :379  - The rare situation has occured at time 1738918837933, id to look up=154 97 184 110 , id of local node=171 169 249 91 , id of predecessor=161 201 197 38 
2025-02-07 04:00:38 FATAL 171 169 249 91 :379  - The rare situation has occured at time 1738918838558, id to look up=115 59 87 174 , id of local node=171 169 249 91 , id of predecessor=161 201 197 38 
2025-02-07 04:00:39 FATAL 171 169 249 91 :379  - The rare situation has occured at time 1738918839304, id to look up=109 54 52 121 , id of local node=171 169 249 91 , id of predecessor=161 201 197 38 
2025-02-07 04:00:39 FATAL 171 169 249 91 :379  - The rare situation has occured at time 1738918839524, id to look up=104 181 25 63 , id of local node=171 169 249 91 , id of predecessor=161 201 197 38 
2025-02-07 04:00:41 FATAL 171 169 249 91 :379  - The rare situation has occured at time 1738918841380, id to look up=107 15 77 153 , id of local node=171 169 249 91 , id of predecessor=161 201 197 38 
2025-02-07 04:00:41 FATAL 171 169 249 91 :379  - The rare situation has occured at time 1738918841496, id to look up=157 50 55 23 , id of local node=171 169 249 91 , id of predecessor=161 201 197 38 
2025-02-07 04:00:42 FATAL 171 169 249 91 :379  - The rare situation has occured at time 1738918842510, id to look up=160 43 133 127 , id of local node=171 169 249 91 , id of predecessor=161 201 197 38 
2025-02-07 04:00:43 FATAL 171 169 249 91 :379  - The rare situation has occured at time 1738918843361, id to look up=75 46 57 40 , id of local node=171 169 249 91 , id of predecessor=161 201 197 38 
2025-02-07 04:00:43 FATAL 171 169 249 91 :379  - The rare situation has occured at time 1738918843743, id to look up=120 125 65 217 , id of local node=171 169 249 91 , id of predecessor=161 201 197 38 
2025-02-07 04:00:44 FATAL 171 169 249 91 :379  - The rare situation has occured at time 1738918844499, id to look up=121 129 110 203 , id of local node=171 169 249 91 , id of predecessor=161 201 197 38 
2025-02-07 04:00:44 FATAL 171 169 249 91 :379  - The rare situation has occured at time 1738918844877, id to look up=154 61 97 39 , id of local node=171 169 249 91 , id of predecessor=161 201 197 38 
2025-02-07 04:00:45 FATAL 171 169 249 91 :379  - The rare situation has occured at time 1738918845510, id to look up=114 193 151 91 , id of local node=171 169 249 91 , id of predecessor=161 201 197 38 
2025-02-07 04:00:46 FATAL 171 169 249 91 :379  - The rare situation has occured at time 1738918846900, id to look up=151 179 28 148 , id of local node=171 169 249 91 , id of predecessor=161 201 197 38 
2025-02-07 04:00:47 FATAL 171 169 249 91 :379  - The rare situation has occured at time 1738918847049, id to look up=110 33 252 230 , id of local node=171 169 249 91 , id of predecessor=161 201 197 38 
2025-02-07 04:00:49 FATAL 171 169 249 91 :379  - The rare situation has occured at time 1738918849119, id to look up=85 71 246 49 , id of local node=171 169 249 91 , id of predecessor=161 201 197 38 
2025-02-07 04:00:50 FATAL 171 169 249 91 :379  - The rare situation has occured at time 1738918850679, id to look up=156 136 45 92 , id of local node=171 169 249 91 , id of predecessor=161 201 197 38 
2025-02-07 04:00:51 FATAL 171 169 249 91 :379  - The rare situation has occured at time 1738918851400, id to look up=108 65 16 31 , id of local node=171 169 249 91 , id of predecessor=161 201 197 38 
2025-02-07 04:00:53 FATAL 171 169 249 91 :379  - The rare situation has occured at time 1738918853627, id to look up=161 119 61 98 , id of local node=171 169 249 91 , id of predecessor=161 201 197 38 
2025-02-07 04:00:54 FATAL 171 169 249 91 :379  - The rare situation has occured at time 1738918854798, id to look up=86 228 58 228 , id of local node=171 169 249 91 , id of predecessor=161 201 197 38 
2025-02-07 04:00:55 FATAL 171 169 249 91 :379  - The rare situation has occured at time 1738918855293, id to look up=160 208 67 120 , id of local node=171 169 249 91 , id of predecessor=161 201 197 38 
2025-02-07 04:00:56 FATAL 171 169 249 91 :379  - The rare situation has occured at time 1738918856106, id to look up=154 170 11 82 , id of local node=171 169 249 91 , id of predecessor=161 201 197 38 
2025-02-07 04:00:56 FATAL 171 169 249 91 :379  - The rare situation has occured at time 1738918856324, id to look up=151 112 90 149 , id of local node=171 169 249 91 , id of predecessor=161 201 197 38 
2025-02-07 04:00:56 FATAL 171 169 249 91 :379  - The rare situation has occured at time 1738918856597, id to look up=109 147 242 160 , id of local node=171 169 249 91 , id of predecessor=161 201 197 38 
2025-02-07 04:00:57 FATAL 171 169 249 91 :379  - The rare situation has occured at time 1738918857317, id to look up=74 14 136 207 , id of local node=171 169 249 91 , id of predecessor=161 201 197 38 
2025-02-07 04:01:01 FATAL 171 169 249 91 :379  - The rare situation has occured at time 1738918861047, id to look up=76 98 156 76 , id of local node=171 169 249 91 , id of predecessor=161 201 197 38 
2025-02-07 04:01:02 FATAL 171 169 249 91 :379  - The rare situation has occured at time 1738918862457, id to look up=158 212 242 159 , id of local node=171 169 249 91 , id of predecessor=161 201 197 38 
2025-02-07 04:01:04 FATAL 171 169 249 91 :379  - The rare situation has occured at time 1738918864777, id to look up=110 155 153 56 , id of local node=171 169 249 91 , id of predecessor=161 201 197 38 
2025-02-07 04:01:04 FATAL 171 169 249 91 :379  - The rare situation has occured at time 1738918864898, id to look up=87 21 170 2 , id of local node=171 169 249 91 , id of predecessor=161 201 197 38 
2025-02-07 04:01:05 FATAL 171 169 249 91 :379  - The rare situation has occured at time 1738918865764, id to look up=77 199 120 41 , id of local node=171 169 249 91 , id of predecessor=161 201 197 38 
2025-02-07 04:01:05 FATAL 171 169 249 91 :379  - The rare situation has occured at time 1738918865882, id to look up=147 172 25 70 , id of local node=171 169 249 91 , id of predecessor=161 201 197 38 
2025-02-07 04:01:06 FATAL 171 169 249 91 :379  - The rare situation has occured at time 1738918866767, id to look up=122 149 86 52 , id of local node=171 169 249 91 , id of predecessor=161 201 197 38 
2025-02-07 04:01:07 FATAL 171 169 249 91 :379  - The rare situation has occured at time 1738918867857, id to look up=119 135 54 116 , id of local node=171 169 249 91 , id of predecessor=161 201 197 38 
2025-02-07 04:01:08 FATAL 171 169 249 91 :379  - The rare situation has occured at time 1738918868127, id to look up=122 105 134 153 , id of local node=171 169 249 91 , id of predecessor=161 201 197 38 
2025-02-07 04:01:08 FATAL 171 169 249 91 :379  - The rare situation has occured at time 1738918868507, id to look up=117 152 143 90 , id of local node=171 169 249 91 , id of predecessor=161 201 197 38 
2025-02-07 04:01:08 FATAL 171 169 249 91 :379  - The rare situation has occured at time 1738918868787, id to look up=108 10 199 108 , id of local node=171 169 249 91 , id of predecessor=161 201 197 38 
2025-02-07 04:01:09 FATAL 171 169 249 91 :379  - The rare situation has occured at time 1738918869816, id to look up=120 78 240 5 , id of local node=171 169 249 91 , id of predecessor=161 201 197 38 
2025-02-07 04:01:09 FATAL 171 169 249 91 :379  - The rare situation has occured at time 1738918869936, id to look up=108 76 4 190 , id of local node=171 169 249 91 , id of predecessor=161 201 197 38 
2025-02-07 04:01:10 FATAL 171 169 249 91 :379  - The rare situation has occured at time 1738918870867, id to look up=109 14 16 80 , id of local node=171 169 249 91 , id of predecessor=161 201 197 38 
2025-02-07 04:01:11 FATAL 171 169 249 91 :379  - The rare situation has occured at time 1738918871757, id to look up=154 62 97 182 , id of local node=171 169 249 91 , id of predecessor=161 201 197 38 
2025-02-07 04:01:12 FATAL 171 169 249 91 :379  - The rare situation has occured at time 1738918872606, id to look up=157 70 80 212 , id of local node=171 169 249 91 , id of predecessor=161 201 197 38 
2025-02-07 04:01:12 FATAL 171 169 249 91 :379  - The rare situation has occured at time 1738918872869, id to look up=74 194 187 255 , id of local node=171 169 249 91 , id of predecessor=161 201 197 38 
2025-02-07 04:01:13 FATAL 171 169 249 91 :379  - The rare situation has occured at time 1738918873777, id to look up=81 234 198 180 , id of local node=171 169 249 91 , id of predecessor=161 201 197 38 
2025-02-07 04:01:14 FATAL 171 169 249 91 :379  - The rare situation has occured at time 1738918874767, id to look up=102 143 55 216 , id of local node=171 169 249 91 , id of predecessor=161 201 197 38 
2025-02-07 04:01:15 FATAL 171 169 249 91 :379  - The rare situation has occured at time 1738918875146, id to look up=111 148 110 38 , id of local node=171 169 249 91 , id of predecessor=161 201 197 38 
2025-02-07 04:01:16 FATAL 171 169 249 91 :379  - The rare situation has occured at time 1738918876969, id to look up=110 117 210 58 , id of local node=171 169 249 91 , id of predecessor=161 201 197 38 
2025-02-07 04:01:17 FATAL 171 169 249 91 :379  - The rare situation has occured at time 1738918877989, id to look up=158 224 223 124 , id of local node=171 169 249 91 , id of predecessor=161 201 197 38 
2025-02-07 04:01:18 FATAL 171 169 249 91 :379  - The rare situation has occured at time 1738918878676, id to look up=108 199 29 145 , id of local node=171 169 249 91 , id of predecessor=161 201 197 38 
2025-02-07 04:01:19 FATAL 171 169 249 91 :379  - The rare situation has occured at time 1738918879502, id to look up=119 214 122 177 , id of local node=171 169 249 91 , id of predecessor=161 201 197 38 
2025-02-07 04:01:20 FATAL 171 169 249 91 :379  - The rare situation has occured at time 1738918880278, id to look up=147 224 151 227 , id of local node=171 169 249 91 , id of predecessor=161 201 197 38 
2025-02-07 04:01:21 FATAL 171 169 249 91 :379  - The rare situation has occured at time 1738918881357, id to look up=113 16 224 211 , id of local node=171 169 249 91 , id of predecessor=161 201 197 38 
2025-02-07 04:01:22 FATAL 171 169 249 91 :379  - The rare situation has occured at time 1738918882291, id to look up=109 93 176 232 , id of local node=171 169 249 91 , id of predecessor=161 201 197 38 
