2025-02-07 03:50:11 WARN  OpenChordTest:205  - Peer joined at ocsocket://localhost:8092/ via ocsocket://localhost:8080/
2025-02-07 03:50:11 WARN  OpenChordTest:58  - Insert time for key 12 = 399 ms
2025-02-07 03:50:11 WARN  OpenChordTest:60  - Inserted (12, default)
2025-02-07 03:50:11 WARN  OpenChordTest:64  - Memory usage at ocsocket://localhost:8092/ = 21 MB
2025-02-07 03:52:21 FATAL 246 204 157 173 :379  - The rare situation has occured at time 1738918341787, id to look up=119 222 104 218 , id of local node=246 204 157 173 , id of predecessor=242 2 157 82 
2025-02-07 03:52:23 FATAL 246 204 157 173 :379  - The rare situation has occured at time 1738918343017, id to look up=172 52 120 214 , id of local node=246 204 157 173 , id of predecessor=242 2 157 82 
2025-02-07 03:52:23 FATAL 246 204 157 173 :379  - The rare situation has occured at time 1738918343226, id to look up=193 223 217 110 , id of local node=246 204 157 173 , id of predecessor=242 2 157 82 
2025-02-07 03:52:24 FATAL 246 204 157 173 :379  - The rare situation has occured at time 1738918344008, id to look up=177 213 120 17 , id of local node=246 204 157 173 , id of predecessor=242 2 157 82 
2025-02-07 03:52:24 FATAL 246 204 157 173 :379  - The rare situation has occured at time 1738918344677, id to look up=123 82 0 155 , id of local node=246 204 157 173 , id of predecessor=242 2 157 82 
2025-02-07 03:52:24 FATAL 246 204 157 173 :379  - The rare situation has occured at time 1738918344847, id to look up=189 48 122 62 , id of local node=246 204 157 173 , id of predecessor=242 2 157 82 
2025-02-07 03:52:25 FATAL 246 204 157 173 :379  - The rare situation has occured at time 1738918345405, id to look up=158 106 85 182 , id of local node=246 204 157 173 , id of predecessor=242 2 157 82 
2025-02-07 03:52:25 FATAL 246 204 157 173 :379  - The rare situation has occured at time 1738918345333, id to look up=179 240 199 246 , id of local node=246 204 157 173 , id of predecessor=242 2 157 82 
2025-02-07 03:52:25 FATAL 246 204 157 173 :379  - The rare situation has occured at time 1738918345798, id to look up=77 19 75 192 , id of local node=246 204 157 173 , id of predecessor=242 2 157 82 
2025-02-07 03:52:26 FATAL 246 204 157 173 :379  - The rare situation has occured at time 1738918346782, id to look up=188 51 234 78 , id of local node=246 204 157 173 , id of predecessor=242 2 157 82 
2025-02-07 03:52:26 FATAL 246 204 157 173 :379  - The rare situation has occured at time 1738918346991, id to look up=119 25 161 199 , id of local node=246 204 157 173 , id of predecessor=242 2 157 82 
2025-02-07 03:52:27 FATAL 246 204 157 173 :379  - The rare situation has occured at time 1738918347962, id to look up=203 78 82 8 , id of local node=246 204 157 173 , id of predecessor=242 2 157 82 
2025-02-07 03:53:38 FATAL 246 204 157 173 :379  - The rare situation has occured at time 1738918418769, id to look up=119 222 104 218 , id of local node=246 204 157 173 , id of predecessor=242 2 157 82 
2025-02-07 03:53:39 FATAL 246 204 157 173 :379  - The rare situation has occured at time 1738918419262, id to look up=172 52 120 214 , id of local node=246 204 157 173 , id of predecessor=242 2 157 82 
2025-02-07 03:53:39 FATAL 246 204 157 173 :379  - The rare situation has occured at time 1738918419480, id to look up=193 223 217 110 , id of local node=246 204 157 173 , id of predecessor=242 2 157 82 
2025-02-07 03:53:40 FATAL 246 204 157 173 :379  - The rare situation has occured at time 1738918420272, id to look up=177 213 120 17 , id of local node=246 204 157 173 , id of predecessor=242 2 157 82 
2025-02-07 03:53:40 FATAL 246 204 157 173 :379  - The rare situation has occured at time 1738918420932, id to look up=123 82 0 155 , id of local node=246 204 157 173 , id of predecessor=242 2 157 82 
2025-02-07 03:53:41 FATAL 246 204 157 173 :379  - The rare situation has occured at time 1738918421353, id to look up=189 48 122 62 , id of local node=246 204 157 173 , id of predecessor=242 2 157 82 
2025-02-07 03:53:41 FATAL 246 204 157 173 :379  - The rare situation has occured at time 1738918421931, id to look up=158 106 85 182 , id of local node=246 204 157 173 , id of predecessor=242 2 157 82 
2025-02-07 03:53:42 FATAL 246 204 157 173 :379  - The rare situation has occured at time 1738918422442, id to look up=179 240 199 246 , id of local node=246 204 157 173 , id of predecessor=242 2 157 82 
2025-02-07 03:53:42 FATAL 246 204 157 173 :379  - The rare situation has occured at time 1738918422897, id to look up=77 19 75 192 , id of local node=246 204 157 173 , id of predecessor=242 2 157 82 
2025-02-07 03:53:43 FATAL 246 204 157 173 :379  - The rare situation has occured at time 1738918423582, id to look up=188 51 234 78 , id of local node=246 204 157 173 , id of predecessor=242 2 157 82 
2025-02-07 03:53:43 FATAL 246 204 157 173 :379  - The rare situation has occured at time 1738918423801, id to look up=119 25 161 199 , id of local node=246 204 157 173 , id of predecessor=242 2 157 82 
2025-02-07 03:53:44 FATAL 246 204 157 173 :379  - The rare situation has occured at time 1738918424582, id to look up=203 78 82 8 , id of local node=246 204 157 173 , id of predecessor=242 2 157 82 
2025-02-07 03:53:44 FATAL 246 204 157 173 :379  - The rare situation has occured at time 1738918424741, id to look up=182 105 46 165 , id of local node=246 204 157 173 , id of predecessor=242 2 157 82 
2025-02-07 03:53:45 FATAL 246 204 157 173 :379  - The rare situation has occured at time 1738918425303, id to look up=151 42 103 196 , id of local node=246 204 157 173 , id of predecessor=242 2 157 82 
2025-02-07 03:53:45 FATAL 246 204 157 173 :379  - The rare situation has occured at time 1738918425621, id to look up=203 122 29 119 , id of local node=246 204 157 173 , id of predecessor=242 2 157 82 
2025-02-07 03:53:45 FATAL 246 204 157 173 :379  - The rare situation has occured at time 1738918425870, id to look up=202 53 18 244 , id of local node=246 204 157 173 , id of predecessor=242 2 157 82 
2025-02-07 03:53:46 FATAL 246 204 157 173 :379  - The rare situation has occured at time 1738918426282, id to look up=175 62 19 52 , id of local node=246 204 157 173 , id of predecessor=242 2 157 82 
2025-02-07 03:53:46 FATAL 246 204 157 173 :379  - The rare situation has occured at time 1738918426495, id to look up=118 31 34 178 , id of local node=246 204 157 173 , id of predecessor=242 2 157 82 
2025-02-07 03:53:47 FATAL 246 204 157 173 :379  - The rare situation has occured at time 1738918427003, id to look up=146 207 206 179 , id of local node=246 204 157 173 , id of predecessor=242 2 157 82 
2025-02-07 03:53:47 FATAL 246 204 157 173 :379  - The rare situation has occured at time 1738918427290, id to look up=152 251 196 47 , id of local node=246 204 157 173 , id of predecessor=242 2 157 82 
2025-02-07 03:53:48 FATAL 246 204 157 173 :379  - The rare situation has occured at time 1738918428249, id to look up=100 224 149 254 , id of local node=246 204 157 173 , id of predecessor=242 2 157 82 
2025-02-07 03:53:48 FATAL 246 204 157 173 :379  - The rare situation has occured at time 1738918428771, id to look up=183 235 108 104 , id of local node=246 204 157 173 , id of predecessor=242 2 157 82 
2025-02-07 03:53:48 FATAL 246 204 157 173 :379  - The rare situation has occured at time 1738918428892, id to look up=169 51 73 135 , id of local node=246 204 157 173 , id of predecessor=242 2 157 82 
2025-02-07 03:53:49 FATAL 246 204 157 173 :379  - The rare situation has occured at time 1738918429362, id to look up=197 183 109 163 , id of local node=246 204 157 173 , id of predecessor=242 2 157 82 
2025-02-07 03:53:49 FATAL 246 204 157 173 :379  - The rare situation has occured at time 1738918429720, id to look up=84 206 185 18 , id of local node=246 204 157 173 , id of predecessor=242 2 157 82 
2025-02-07 03:53:50 FATAL 246 204 157 173 :379  - The rare situation has occured at time 1738918430549, id to look up=102 123 229 67 , id of local node=246 204 157 173 , id of predecessor=242 2 157 82 
2025-02-07 03:53:51 FATAL 246 204 157 173 :379  - The rare situation has occured at time 1738918431331, id to look up=108 30 103 31 , id of local node=246 204 157 173 , id of predecessor=242 2 157 82 
2025-02-07 03:53:52 FATAL 246 204 157 173 :379  - The rare situation has occured at time 1738918432218, id to look up=81 26 65 142 , id of local node=246 204 157 173 , id of predecessor=242 2 157 82 
2025-02-07 03:53:52 FATAL 246 204 157 173 :379  - The rare situation has occured at time 1738918432451, id to look up=161 117 84 160 , id of local node=246 204 157 173 , id of predecessor=242 2 157 82 
2025-02-07 03:53:52 FATAL 246 204 157 173 :379  - The rare situation has occured at time 1738918432621, id to look up=198 108 101 23 , id of local node=246 204 157 173 , id of predecessor=242 2 157 82 
2025-02-07 03:54:52 FATAL 246 204 157 173 :379  - The rare situation has occured at time 1738918492131, id to look up=119 222 104 218 , id of local node=246 204 157 173 , id of predecessor=242 2 157 82 
2025-02-07 03:54:52 FATAL 246 204 157 173 :379  - The rare situation has occured at time 1738918492823, id to look up=172 52 120 214 , id of local node=246 204 157 173 , id of predecessor=242 2 157 82 
2025-02-07 03:54:53 FATAL 246 204 157 173 :379  - The rare situation has occured at time 1738918493032, id to look up=193 223 217 110 , id of local node=246 204 157 173 , id of predecessor=242 2 157 82 
2025-02-07 03:54:53 FATAL 246 204 157 173 :379  - The rare situation has occured at time 1738918493822, id to look up=177 213 120 17 , id of local node=246 204 157 173 , id of predecessor=242 2 157 82 
2025-02-07 03:54:54 FATAL 246 204 157 173 :379  - The rare situation has occured at time 1738918494493, id to look up=123 82 0 155 , id of local node=246 204 157 173 , id of predecessor=242 2 157 82 
2025-02-07 03:54:54 FATAL 246 204 157 173 :379  - The rare situation has occured at time 1738918494653, id to look up=189 48 122 62 , id of local node=246 204 157 173 , id of predecessor=242 2 157 82 
2025-02-07 03:54:55 FATAL 246 204 157 173 :379  - The rare situation has occured at time 1738918495221, id to look up=158 106 85 182 , id of local node=246 204 157 173 , id of predecessor=242 2 157 82 
2025-02-07 03:54:55 FATAL 246 204 157 173 :379  - The rare situation has occured at time 1738918495752, id to look up=179 240 199 246 , id of local node=246 204 157 173 , id of predecessor=242 2 157 82 
2025-02-07 03:54:56 FATAL 246 204 157 173 :379  - The rare situation has occured at time 1738918496207, id to look up=77 19 75 192 , id of local node=246 204 157 173 , id of predecessor=242 2 157 82 
2025-02-07 03:54:56 FATAL 246 204 157 173 :379  - The rare situation has occured at time 1738918496972, id to look up=188 51 234 78 , id of local node=246 204 157 173 , id of predecessor=242 2 157 82 
2025-02-07 03:54:57 FATAL 246 204 157 173 :379  - The rare situation has occured at time 1738918497182, id to look up=119 25 161 199 , id of local node=246 204 157 173 , id of predecessor=242 2 157 82 
2025-02-07 03:54:57 FATAL 246 204 157 173 :379  - The rare situation has occured at time 1738918497982, id to look up=203 78 82 8 , id of local node=246 204 157 173 , id of predecessor=242 2 157 82 
2025-02-07 03:54:58 FATAL 246 204 157 173 :379  - The rare situation has occured at time 1738918498141, id to look up=182 105 46 165 , id of local node=246 204 157 173 , id of predecessor=242 2 157 82 
2025-02-07 03:54:58 FATAL 246 204 157 173 :379  - The rare situation has occured at time 1738918498692, id to look up=151 42 103 196 , id of local node=246 204 157 173 , id of predecessor=242 2 157 82 
2025-02-07 03:54:59 FATAL 246 204 157 173 :379  - The rare situation has occured at time 1738918499012, id to look up=203 122 29 119 , id of local node=246 204 157 173 , id of predecessor=242 2 157 82 
2025-02-07 03:54:59 FATAL 246 204 157 173 :379  - The rare situation has occured at time 1738918499281, id to look up=202 53 18 244 , id of local node=246 204 157 173 , id of predecessor=242 2 157 82 
2025-02-07 03:54:59 FATAL 246 204 157 173 :379  - The rare situation has occured at time 1738918499693, id to look up=175 62 19 52 , id of local node=246 204 157 173 , id of predecessor=242 2 157 82 
2025-02-07 03:54:59 FATAL 246 204 157 173 :379  - The rare situation has occured at time 1738918499895, id to look up=118 31 34 178 , id of local node=246 204 157 173 , id of predecessor=242 2 157 82 
2025-02-07 03:55:00 FATAL 246 204 157 173 :379  - The rare situation has occured at time 1738918500422, id to look up=146 207 206 179 , id of local node=246 204 157 173 , id of predecessor=242 2 157 82 
2025-02-07 03:55:00 FATAL 246 204 157 173 :379  - The rare situation has occured at time 1738918500691, id to look up=152 251 196 47 , id of local node=246 204 157 173 , id of predecessor=242 2 157 82 
2025-02-07 03:55:01 FATAL 246 204 157 173 :379  - The rare situation has occured at time 1738918501698, id to look up=100 224 149 254 , id of local node=246 204 157 173 , id of predecessor=242 2 157 82 
2025-02-07 03:55:02 FATAL 246 204 157 173 :379  - The rare situation has occured at time 1738918502242, id to look up=183 235 108 104 , id of local node=246 204 157 173 , id of predecessor=242 2 157 82 
2025-02-07 03:55:02 FATAL 246 204 157 173 :379  - The rare situation has occured at time 1738918502372, id to look up=169 51 73 135 , id of local node=246 204 157 173 , id of predecessor=242 2 157 82 
2025-02-07 03:55:02 FATAL 246 204 157 173 :379  - The rare situation has occured at time 1738918502842, id to look up=197 183 109 163 , id of local node=246 204 157 173 , id of predecessor=242 2 157 82 
2025-02-07 03:55:03 FATAL 246 204 157 173 :379  - The rare situation has occured at time 1738918503201, id to look up=84 206 185 18 , id of local node=246 204 157 173 , id of predecessor=242 2 157 82 
2025-02-07 03:55:03 FATAL 246 204 157 173 :379  - The rare situation has occured at time 1738918503413, id to look up=102 123 229 67 , id of local node=246 204 157 173 , id of predecessor=242 2 157 82 
2025-02-07 03:55:04 FATAL 246 204 157 173 :379  - The rare situation has occured at time 1738918504216, id to look up=108 30 103 31 , id of local node=246 204 157 173 , id of predecessor=242 2 157 82 
2025-02-07 03:55:05 FATAL 246 204 157 173 :379  - The rare situation has occured at time 1738918505122, id to look up=81 26 65 142 , id of local node=246 204 157 173 , id of predecessor=242 2 157 82 
2025-02-07 03:55:05 FATAL 246 204 157 173 :379  - The rare situation has occured at time 1738918505346, id to look up=161 117 84 160 , id of local node=246 204 157 173 , id of predecessor=242 2 157 82 
2025-02-07 03:55:05 FATAL 246 204 157 173 :379  - The rare situation has occured at time 1738918505516, id to look up=198 108 101 23 , id of local node=246 204 157 173 , id of predecessor=242 2 157 82 
2025-02-07 03:55:06 FATAL 246 204 157 173 :379  - The rare situation has occured at time 1738918506043, id to look up=89 18 154 172 , id of local node=246 204 157 173 , id of predecessor=242 2 157 82 
2025-02-07 03:55:06 FATAL 246 204 157 173 :379  - The rare situation has occured at time 1738918506422, id to look up=77 137 210 148 , id of local node=246 204 157 173 , id of predecessor=242 2 157 82 
2025-02-07 03:55:06 FATAL 246 204 157 173 :379  - The rare situation has occured at time 1738918506538, id to look up=180 201 109 128 , id of local node=246 204 157 173 , id of predecessor=242 2 157 82 
2025-02-07 03:55:06 FATAL 246 204 157 173 :379  - The rare situation has occured at time 1738918506756, id to look up=167 43 32 6 , id of local node=246 204 157 173 , id of predecessor=242 2 157 82 
2025-02-07 03:55:07 FATAL 246 204 157 173 :379  - The rare situation has occured at time 1738918507258, id to look up=183 16 60 162 , id of local node=246 204 157 173 , id of predecessor=242 2 157 82 
2025-02-07 03:55:07 FATAL 246 204 157 173 :379  - The rare situation has occured at time 1738918507478, id to look up=192 151 99 143 , id of local node=246 204 157 173 , id of predecessor=242 2 157 82 
2025-02-07 03:55:08 FATAL 246 204 157 173 :379  - The rare situation has occured at time 1738918508398, id to look up=183 79 94 233 , id of local node=246 204 157 173 , id of predecessor=242 2 157 82 
2025-02-07 03:55:08 FATAL 246 204 157 173 :379  - The rare situation has occured at time 1738918508797, id to look up=184 136 178 152 , id of local node=246 204 157 173 , id of predecessor=242 2 157 82 
2025-02-07 03:55:09 FATAL 246 204 157 173 :379  - The rare situation has occured at time 1738918509199, id to look up=118 84 111 154 , id of local node=246 204 157 173 , id of predecessor=242 2 157 82 
2025-02-07 03:55:09 FATAL 246 204 157 173 :379  - The rare situation has occured at time 1738918509468, id to look up=190 70 26 12 , id of local node=246 204 157 173 , id of predecessor=242 2 157 82 
2025-02-07 03:55:09 FATAL 246 204 157 173 :379  - The rare situation has occured at time 1738918509946, id to look up=179 127 109 220 , id of local node=246 204 157 173 , id of predecessor=242 2 157 82 
2025-02-07 03:55:10 FATAL 246 204 157 173 :379  - The rare situation has occured at time 1738918510672, id to look up=76 214 109 250 , id of local node=246 204 157 173 , id of predecessor=242 2 157 82 
2025-02-07 03:55:11 FATAL 246 204 157 173 :379  - The rare situation has occured at time 1738918511749, id to look up=111 184 74 237 , id of local node=246 204 157 173 , id of predecessor=242 2 157 82 
2025-02-07 03:55:12 FATAL 246 204 157 173 :379  - The rare situation has occured at time 1738918512066, id to look up=154 121 190 97 , id of local node=246 204 157 173 , id of predecessor=242 2 157 82 
2025-02-07 03:55:12 FATAL 246 204 157 173 :379  - The rare situation has occured at time 1738918512878, id to look up=200 48 106 225 , id of local node=246 204 157 173 , id of predecessor=242 2 157 82 
2025-02-07 03:55:12 FATAL 246 204 157 173 :379  - The rare situation has occured at time 1738918512988, id to look up=147 67 133 245 , id of local node=246 204 157 173 , id of predecessor=242 2 157 82 
2025-02-07 03:55:13 FATAL 246 204 157 173 :379  - The rare situation has occured at time 1738918513798, id to look up=120 168 239 203 , id of local node=246 204 157 173 , id of predecessor=242 2 157 82 
2025-02-07 03:55:14 FATAL 246 204 157 173 :379  - The rare situation has occured at time 1738918514174, id to look up=114 36 249 151 , id of local node=246 204 157 173 , id of predecessor=242 2 157 82 
2025-02-07 03:55:14 FATAL 246 204 157 173 :379  - The rare situation has occured at time 1738918514354, id to look up=82 78 5 220 , id of local node=246 204 157 173 , id of predecessor=242 2 157 82 
2025-02-07 03:55:14 FATAL 246 204 157 173 :379  - The rare situation has occured at time 1738918514618, id to look up=161 66 46 106 , id of local node=246 204 157 173 , id of predecessor=242 2 157 82 
2025-02-07 03:55:15 FATAL 246 204 157 173 :379  - The rare situation has occured at time 1738918515346, id to look up=104 62 114 92 , id of local node=246 204 157 173 , id of predecessor=242 2 157 82 
2025-02-07 03:55:16 FATAL 246 204 157 173 :379  - The rare situation has occured at time 1738918516247, id to look up=162 227 61 52 , id of local node=246 204 157 173 , id of predecessor=242 2 157 82 
2025-02-07 03:55:16 FATAL 246 204 157 173 :379  - The rare situation has occured at time 1738918516514, id to look up=119 91 197 195 , id of local node=246 204 157 173 , id of predecessor=242 2 157 82 
2025-02-07 03:55:18 FATAL 246 204 157 173 :379  - The rare situation has occured at time 1738918518086, id to look up=180 24 43 255 , id of local node=246 204 157 173 , id of predecessor=242 2 157 82 
2025-02-07 03:56:22 FATAL 246 204 157 173 :379  - The rare situation has occured at time 1738918582279, id to look up=119 222 104 218 , id of local node=246 204 157 173 , id of predecessor=242 2 157 82 
2025-02-07 03:56:22 FATAL 246 204 157 173 :379  - The rare situation has occured at time 1738918582861, id to look up=172 52 120 214 , id of local node=246 204 157 173 , id of predecessor=242 2 157 82 
2025-02-07 03:56:23 FATAL 246 204 157 173 :379  - The rare situation has occured at time 1738918583061, id to look up=193 223 217 110 , id of local node=246 204 157 173 , id of predecessor=242 2 157 82 
2025-02-07 03:56:23 FATAL 246 204 157 173 :379  - The rare situation has occured at time 1738918583530, id to look up=177 213 120 17 , id of local node=246 204 157 173 , id of predecessor=242 2 157 82 
2025-02-07 03:56:24 FATAL 246 204 157 173 :379  - The rare situation has occured at time 1738918584562, id to look up=123 82 0 155 , id of local node=246 204 157 173 , id of predecessor=242 2 157 82 
2025-02-07 03:56:25 FATAL 246 204 157 173 :379  - The rare situation has occured at time 1738918585021, id to look up=189 48 122 62 , id of local node=246 204 157 173 , id of predecessor=242 2 157 82 
2025-02-07 03:56:25 FATAL 246 204 157 173 :379  - The rare situation has occured at time 1738918585580, id to look up=158 106 85 182 , id of local node=246 204 157 173 , id of predecessor=242 2 157 82 
2025-02-07 03:56:26 FATAL 246 204 157 173 :379  - The rare situation has occured at time 1738918586101, id to look up=179 240 199 246 , id of local node=246 204 157 173 , id of predecessor=242 2 157 82 
2025-02-07 03:56:26 FATAL 246 204 157 173 :379  - The rare situation has occured at time 1738918586575, id to look up=77 19 75 192 , id of local node=246 204 157 173 , id of predecessor=242 2 157 82 
2025-02-07 03:56:27 FATAL 246 204 157 173 :379  - The rare situation has occured at time 1738918587290, id to look up=188 51 234 78 , id of local node=246 204 157 173 , id of predecessor=242 2 157 82 
2025-02-07 03:56:27 FATAL 246 204 157 173 :379  - The rare situation has occured at time 1738918587519, id to look up=119 25 161 199 , id of local node=246 204 157 173 , id of predecessor=242 2 157 82 
2025-02-07 03:56:28 FATAL 246 204 157 173 :379  - The rare situation has occured at time 1738918588300, id to look up=203 78 82 8 , id of local node=246 204 157 173 , id of predecessor=242 2 157 82 
2025-02-07 03:56:28 FATAL 246 204 157 173 :379  - The rare situation has occured at time 1738918588450, id to look up=182 105 46 165 , id of local node=246 204 157 173 , id of predecessor=242 2 157 82 
2025-02-07 03:56:29 FATAL 246 204 157 173 :379  - The rare situation has occured at time 1738918589031, id to look up=151 42 103 196 , id of local node=246 204 157 173 , id of predecessor=242 2 157 82 
2025-02-07 03:56:29 FATAL 246 204 157 173 :379  - The rare situation has occured at time 1738918589340, id to look up=203 122 29 119 , id of local node=246 204 157 173 , id of predecessor=242 2 157 82 
2025-02-07 03:56:29 FATAL 246 204 157 173 :379  - The rare situation has occured at time 1738918589609, id to look up=202 53 18 244 , id of local node=246 204 157 173 , id of predecessor=242 2 157 82 
2025-02-07 03:56:30 FATAL 246 204 157 173 :379  - The rare situation has occured at time 1738918590011, id to look up=175 62 19 52 , id of local node=246 204 157 173 , id of predecessor=242 2 157 82 
2025-02-07 03:56:30 FATAL 246 204 157 173 :379  - The rare situation has occured at time 1738918590224, id to look up=118 31 34 178 , id of local node=246 204 157 173 , id of predecessor=242 2 157 82 
2025-02-07 03:56:30 FATAL 246 204 157 173 :379  - The rare situation has occured at time 1738918590741, id to look up=146 207 206 179 , id of local node=246 204 157 173 , id of predecessor=242 2 157 82 
2025-02-07 03:56:31 FATAL 246 204 157 173 :379  - The rare situation has occured at time 1738918591019, id to look up=152 251 196 47 , id of local node=246 204 157 173 , id of predecessor=242 2 157 82 
2025-02-07 03:56:32 FATAL 246 204 157 173 :379  - The rare situation has occured at time 1738918592016, id to look up=100 224 149 254 , id of local node=246 204 157 173 , id of predecessor=242 2 157 82 
2025-02-07 03:56:32 FATAL 246 204 157 173 :379  - The rare situation has occured at time 1738918592540, id to look up=183 235 108 104 , id of local node=246 204 157 173 , id of predecessor=242 2 157 82 
2025-02-07 03:56:32 FATAL 246 204 157 173 :379  - The rare situation has occured at time 1738918592651, id to look up=169 51 73 135 , id of local node=246 204 157 173 , id of predecessor=242 2 157 82 
2025-02-07 03:56:33 FATAL 246 204 157 173 :379  - The rare situation has occured at time 1738918593111, id to look up=197 183 109 163 , id of local node=246 204 157 173 , id of predecessor=242 2 157 82 
2025-02-07 03:56:33 FATAL 246 204 157 173 :379  - The rare situation has occured at time 1738918593500, id to look up=84 206 185 18 , id of local node=246 204 157 173 , id of predecessor=242 2 157 82 
2025-02-07 03:56:34 FATAL 246 204 157 173 :379  - The rare situation has occured at time 1738918594356, id to look up=102 123 229 67 , id of local node=246 204 157 173 , id of predecessor=242 2 157 82 
2025-02-07 03:56:35 FATAL 246 204 157 173 :379  - The rare situation has occured at time 1738918595149, id to look up=108 30 103 31 , id of local node=246 204 157 173 , id of predecessor=242 2 157 82 
2025-02-07 03:56:36 FATAL 246 204 157 173 :379  - The rare situation has occured at time 1738918596066, id to look up=81 26 65 142 , id of local node=246 204 157 173 , id of predecessor=242 2 157 82 
2025-02-07 03:56:36 FATAL 246 204 157 173 :379  - The rare situation has occured at time 1738918596290, id to look up=161 117 84 160 , id of local node=246 204 157 173 , id of predecessor=242 2 157 82 
2025-02-07 03:56:36 FATAL 246 204 157 173 :379  - The rare situation has occured at time 1738918596449, id to look up=198 108 101 23 , id of local node=246 204 157 173 , id of predecessor=242 2 157 82 
2025-02-07 03:56:36 FATAL 246 204 157 173 :379  - The rare situation has occured at time 1738918596976, id to look up=89 18 154 172 , id of local node=246 204 157 173 , id of predecessor=242 2 157 82 
2025-02-07 03:56:37 FATAL 246 204 157 173 :379  - The rare situation has occured at time 1738918597356, id to look up=77 137 210 148 , id of local node=246 204 157 173 , id of predecessor=242 2 157 82 
2025-02-07 03:56:37 FATAL 246 204 157 173 :379  - The rare situation has occured at time 1738918597481, id to look up=180 201 109 128 , id of local node=246 204 157 173 , id of predecessor=242 2 157 82 
2025-02-07 03:56:37 FATAL 246 204 157 173 :379  - The rare situation has occured at time 1738918597689, id to look up=167 43 32 6 , id of local node=246 204 157 173 , id of predecessor=242 2 157 82 
2025-02-07 03:56:38 FATAL 246 204 157 173 :379  - The rare situation has occured at time 1738918598201, id to look up=183 16 60 162 , id of local node=246 204 157 173 , id of predecessor=242 2 157 82 
2025-02-07 03:56:38 FATAL 246 204 157 173 :379  - The rare situation has occured at time 1738918598401, id to look up=192 151 99 143 , id of local node=246 204 157 173 , id of predecessor=242 2 157 82 
2025-02-07 03:56:38 FATAL 246 204 157 173 :379  - The rare situation has occured at time 1738918598723, id to look up=183 79 94 233 , id of local node=246 204 157 173 , id of predecessor=242 2 157 82 
2025-02-07 03:56:39 FATAL 246 204 157 173 :379  - The rare situation has occured at time 1738918599133, id to look up=184 136 178 152 , id of local node=246 204 157 173 , id of predecessor=242 2 157 82 
2025-02-07 03:56:39 FATAL 246 204 157 173 :379  - The rare situation has occured at time 1738918599554, id to look up=118 84 111 154 , id of local node=246 204 157 173 , id of predecessor=242 2 157 82 
2025-02-07 03:56:39 FATAL 246 204 157 173 :379  - The rare situation has occured at time 1738918599823, id to look up=190 70 26 12 , id of local node=246 204 157 173 , id of predecessor=242 2 157 82 
2025-02-07 03:56:40 FATAL 246 204 157 173 :379  - The rare situation has occured at time 1738918600301, id to look up=179 127 109 220 , id of local node=246 204 157 173 , id of predecessor=242 2 157 82 
2025-02-07 03:56:41 FATAL 246 204 157 173 :379  - The rare situation has occured at time 1738918601027, id to look up=76 214 109 250 , id of local node=246 204 157 173 , id of predecessor=242 2 157 82 
2025-02-07 03:56:42 FATAL 246 204 157 173 :379  - The rare situation has occured at time 1738918602125, id to look up=111 184 74 237 , id of local node=246 204 157 173 , id of predecessor=242 2 157 82 
2025-02-07 03:56:42 FATAL 246 204 157 173 :379  - The rare situation has occured at time 1738918602441, id to look up=154 121 190 97 , id of local node=246 204 157 173 , id of predecessor=242 2 157 82 
2025-02-07 03:56:43 FATAL 246 204 157 173 :379  - The rare situation has occured at time 1738918603253, id to look up=200 48 106 225 , id of local node=246 204 157 173 , id of predecessor=242 2 157 82 
2025-02-07 03:56:43 FATAL 246 204 157 173 :379  - The rare situation has occured at time 1738918603353, id to look up=147 67 133 245 , id of local node=246 204 157 173 , id of predecessor=242 2 157 82 
2025-02-07 03:56:44 FATAL 246 204 157 173 :379  - The rare situation has occured at time 1738918604172, id to look up=120 168 239 203 , id of local node=246 204 157 173 , id of predecessor=242 2 157 82 
2025-02-07 03:56:44 FATAL 246 204 157 173 :379  - The rare situation has occured at time 1738918604548, id to look up=114 36 249 151 , id of local node=246 204 157 173 , id of predecessor=242 2 157 82 
2025-02-07 03:56:44 FATAL 246 204 157 173 :379  - The rare situation has occured at time 1738918604707, id to look up=82 78 5 220 , id of local node=246 204 157 173 , id of predecessor=242 2 157 82 
2025-02-07 03:56:44 FATAL 246 204 157 173 :379  - The rare situation has occured at time 1738918604993, id to look up=161 66 46 106 , id of local node=246 204 157 173 , id of predecessor=242 2 157 82 
2025-02-07 03:56:45 FATAL 246 204 157 173 :379  - The rare situation has occured at time 1738918605711, id to look up=104 62 114 92 , id of local node=246 204 157 173 , id of predecessor=242 2 157 82 
2025-02-07 03:56:46 FATAL 246 204 157 173 :379  - The rare situation has occured at time 1738918606572, id to look up=162 227 61 52 , id of local node=246 204 157 173 , id of predecessor=242 2 157 82 
2025-02-07 03:56:46 FATAL 246 204 157 173 :379  - The rare situation has occured at time 1738918606867, id to look up=119 91 197 195 , id of local node=246 204 157 173 , id of predecessor=242 2 157 82 
2025-02-07 03:56:48 FATAL 246 204 157 173 :379  - The rare situation has occured at time 1738918608421, id to look up=180 24 43 255 , id of local node=246 204 157 173 , id of predecessor=242 2 157 82 
2025-02-07 03:56:48 FATAL 246 204 157 173 :379  - The rare situation has occured at time 1738918608831, id to look up=145 223 222 29 , id of local node=246 204 157 173 , id of predecessor=242 2 157 82 
2025-02-07 03:56:49 FATAL 246 204 157 173 :379  - The rare situation has occured at time 1738918609472, id to look up=149 232 21 209 , id of local node=246 204 157 173 , id of predecessor=242 2 157 82 
2025-02-07 03:56:50 FATAL 246 204 157 173 :379  - The rare situation has occured at time 1738918610093, id to look up=158 7 26 58 , id of local node=246 204 157 173 , id of predecessor=242 2 157 82 
2025-02-07 03:56:50 FATAL 246 204 157 173 :379  - The rare situation has occured at time 1738918610451, id to look up=86 173 77 77 , id of local node=246 204 157 173 , id of predecessor=242 2 157 82 
2025-02-07 03:56:51 FATAL 246 204 157 173 :379  - The rare situation has occured at time 1738918611362, id to look up=194 138 202 35 , id of local node=246 204 157 173 , id of predecessor=242 2 157 82 
2025-02-07 03:56:51 FATAL 246 204 157 173 :379  - The rare situation has occured at time 1738918611521, id to look up=201 202 68 39 , id of local node=246 204 157 173 , id of predecessor=242 2 157 82 
2025-02-07 03:56:52 FATAL 246 204 157 173 :379  - The rare situation has occured at time 1738918612152, id to look up=115 32 130 140 , id of local node=246 204 157 173 , id of predecessor=242 2 157 82 
2025-02-07 03:56:52 FATAL 246 204 157 173 :379  - The rare situation has occured at time 1738918612319, id to look up=80 51 107 198 , id of local node=246 204 157 173 , id of predecessor=242 2 157 82 
2025-02-07 03:56:53 FATAL 246 204 157 173 :379  - The rare situation has occured at time 1738918613042, id to look up=179 192 115 12 , id of local node=246 204 157 173 , id of predecessor=242 2 157 82 
2025-02-07 03:56:53 FATAL 246 204 157 173 :379  - The rare situation has occured at time 1738918613221, id to look up=83 111 182 147 , id of local node=246 204 157 173 , id of predecessor=242 2 157 82 
2025-02-07 03:56:54 FATAL 246 204 157 173 :379  - The rare situation has occured at time 1738918614081, id to look up=177 106 69 122 , id of local node=246 204 157 173 , id of predecessor=242 2 157 82 
2025-02-07 03:56:54 FATAL 246 204 157 173 :379  - The rare situation has occured at time 1738918614231, id to look up=172 38 70 2 , id of local node=246 204 157 173 , id of predecessor=242 2 157 82 
2025-02-07 03:56:54 FATAL 246 204 157 173 :379  - The rare situation has occured at time 1738918614753, id to look up=166 241 106 180 , id of local node=246 204 157 173 , id of predecessor=242 2 157 82 
2025-02-07 03:56:54 FATAL 246 204 157 173 :379  - The rare situation has occured at time 1738918614963, id to look up=157 137 116 186 , id of local node=246 204 157 173 , id of predecessor=242 2 157 82 
2025-02-07 03:56:55 FATAL 246 204 157 173 :379  - The rare situation has occured at time 1738918615312, id to look up=163 209 37 151 , id of local node=246 204 157 173 , id of predecessor=242 2 157 82 
2025-02-07 03:56:55 FATAL 246 204 157 173 :379  - The rare situation has occured at time 1738918615477, id to look up=107 98 119 175 , id of local node=246 204 157 173 , id of predecessor=242 2 157 82 
2025-02-07 03:56:55 FATAL 246 204 157 173 :379  - The rare situation has occured at time 1738918615662, id to look up=190 5 125 76 , id of local node=246 204 157 173 , id of predecessor=242 2 157 82 
2025-02-07 03:56:55 FATAL 246 204 157 173 :379  - The rare situation has occured at time 1738918615961, id to look up=174 30 113 152 , id of local node=246 204 157 173 , id of predecessor=242 2 157 82 
2025-02-07 03:56:56 FATAL 246 204 157 173 :379  - The rare situation has occured at time 1738918616582, id to look up=169 41 235 51 , id of local node=246 204 157 173 , id of predecessor=242 2 157 82 
2025-02-07 03:56:56 FATAL 246 204 157 173 :379  - The rare situation has occured at time 1738918616733, id to look up=116 203 210 194 , id of local node=246 204 157 173 , id of predecessor=242 2 157 82 
2025-02-07 03:56:57 FATAL 246 204 157 173 :379  - The rare situation has occured at time 1738918617217, id to look up=105 229 105 118 , id of local node=246 204 157 173 , id of predecessor=242 2 157 82 
2025-02-07 03:56:57 FATAL 246 204 157 173 :379  - The rare situation has occured at time 1738918617348, id to look up=112 138 119 219 , id of local node=246 204 157 173 , id of predecessor=242 2 157 82 
2025-02-07 03:56:57 FATAL 246 204 157 173 :379  - The rare situation has occured at time 1738918617785, id to look up=113 123 47 61 , id of local node=246 204 157 173 , id of predecessor=242 2 157 82 
2025-02-07 03:56:57 FATAL 246 204 157 173 :379  - The rare situation has occured at time 1738918617952, id to look up=148 148 14 83 , id of local node=246 204 157 173 , id of predecessor=242 2 157 82 
2025-02-07 03:56:58 FATAL 246 204 157 173 :379  - The rare situation has occured at time 1738918618111, id to look up=193 170 4 191 , id of local node=246 204 157 173 , id of predecessor=242 2 157 82 
2025-02-07 03:56:58 FATAL 246 204 157 173 :379  - The rare situation has occured at time 1738918618578, id to look up=87 46 32 115 , id of local node=246 204 157 173 , id of predecessor=242 2 157 82 
2025-02-07 03:56:59 FATAL 246 204 157 173 :379  - The rare situation has occured at time 1738918619692, id to look up=158 68 210 119 , id of local node=246 204 157 173 , id of predecessor=242 2 157 82 
2025-02-07 03:57:00 FATAL 246 204 157 173 :379  - The rare situation has occured at time 1738918620053, id to look up=174 229 68 206 , id of local node=246 204 157 173 , id of predecessor=242 2 157 82 
2025-02-07 03:57:00 FATAL 246 204 157 173 :379  - The rare situation has occured at time 1738918620414, id to look up=88 240 116 73 , id of local node=246 204 157 173 , id of predecessor=242 2 157 82 
2025-02-07 03:57:00 FATAL 246 204 157 173 :379  - The rare situation has occured at time 1738918620772, id to look up=188 248 20 171 , id of local node=246 204 157 173 , id of predecessor=242 2 157 82 
2025-02-07 03:57:01 FATAL 246 204 157 173 :379  - The rare situation has occured at time 1738918621441, id to look up=172 241 255 252 , id of local node=246 204 157 173 , id of predecessor=242 2 157 82 
2025-02-07 03:57:02 FATAL 246 204 157 173 :379  - The rare situation has occured at time 1738918622407, id to look up=117 42 231 189 , id of local node=246 204 157 173 , id of predecessor=242 2 157 82 
2025-02-07 03:57:02 FATAL 246 204 157 173 :379  - The rare situation has occured at time 1738918622538, id to look up=77 234 29 174 , id of local node=246 204 157 173 , id of predecessor=242 2 157 82 
2025-02-07 03:57:03 FATAL 246 204 157 173 :379  - The rare situation has occured at time 1738918623173, id to look up=200 55 48 122 , id of local node=246 204 157 173 , id of predecessor=242 2 157 82 
2025-02-07 03:57:03 FATAL 246 204 157 173 :379  - The rare situation has occured at time 1738918623441, id to look up=159 154 240 41 , id of local node=246 204 157 173 , id of predecessor=242 2 157 82 
2025-02-07 03:57:04 FATAL 246 204 157 173 :379  - The rare situation has occured at time 1738918624073, id to look up=161 101 251 214 , id of local node=246 204 157 173 , id of predecessor=242 2 157 82 
2025-02-07 03:57:04 FATAL 246 204 157 173 :379  - The rare situation has occured at time 1738918624724, id to look up=74 250 143 158 , id of local node=246 204 157 173 , id of predecessor=242 2 157 82 
2025-02-07 03:57:04 FATAL 246 204 157 173 :379  - The rare situation has occured at time 1738918624992, id to look up=186 171 52 1 , id of local node=246 204 157 173 , id of predecessor=242 2 157 82 
2025-02-07 03:57:05 FATAL 246 204 157 173 :379  - The rare situation has occured at time 1738918625211, id to look up=172 253 209 142 , id of local node=246 204 157 173 , id of predecessor=242 2 157 82 
2025-02-07 03:57:06 FATAL 246 204 157 173 :379  - The rare situation has occured at time 1738918626133, id to look up=154 21 244 45 , id of local node=246 204 157 173 , id of predecessor=242 2 157 82 
2025-02-07 03:57:06 FATAL 246 204 157 173 :379  - The rare situation has occured at time 1738918626653, id to look up=192 186 23 194 , id of local node=246 204 157 173 , id of predecessor=242 2 157 82 
2025-02-07 03:57:06 FATAL 246 204 157 173 :379  - The rare situation has occured at time 1738918626921, id to look up=154 112 119 108 , id of local node=246 204 157 173 , id of predecessor=242 2 157 82 
2025-02-07 03:57:07 FATAL 246 204 157 173 :379  - The rare situation has occured at time 1738918627643, id to look up=175 6 49 140 , id of local node=246 204 157 173 , id of predecessor=242 2 157 82 
2025-02-07 03:57:07 FATAL 246 204 157 173 :379  - The rare situation has occured at time 1738918627852, id to look up=188 21 199 116 , id of local node=246 204 157 173 , id of predecessor=242 2 157 82 
2025-02-07 03:57:08 FATAL 246 204 157 173 :379  - The rare situation has occured at time 1738918628463, id to look up=193 163 139 138 , id of local node=246 204 157 173 , id of predecessor=242 2 157 82 
2025-02-07 03:57:08 FATAL 246 204 157 173 :379  - The rare situation has occured at time 1738918628823, id to look up=202 208 111 60 , id of local node=246 204 157 173 , id of predecessor=242 2 157 82 
2025-02-07 03:57:09 FATAL 246 204 157 173 :379  - The rare situation has occured at time 1738918629086, id to look up=76 130 5 218 , id of local node=246 204 157 173 , id of predecessor=242 2 157 82 
2025-02-07 03:57:09 FATAL 246 204 157 173 :379  - The rare situation has occured at time 1738918629705, id to look up=79 15 92 150 , id of local node=246 204 157 173 , id of predecessor=242 2 157 82 
2025-02-07 03:57:09 FATAL 246 204 157 173 :379  - The rare situation has occured at time 1738918629827, id to look up=82 253 185 246 , id of local node=246 204 157 173 , id of predecessor=242 2 157 82 
2025-02-07 03:57:09 FATAL 246 204 157 173 :379  - The rare situation has occured at time 1738918629896, id to look up=88 65 48 224 , id of local node=246 204 157 173 , id of predecessor=242 2 157 82 
2025-02-07 03:57:10 FATAL 246 204 157 173 :379  - The rare situation has occured at time 1738918630019, id to look up=202 233 30 69 , id of local node=246 204 157 173 , id of predecessor=242 2 157 82 
2025-02-07 03:57:10 FATAL 246 204 157 173 :379  - The rare situation has occured at time 1738918630218, id to look up=159 253 26 225 , id of local node=246 204 157 173 , id of predecessor=242 2 157 82 
2025-02-07 03:57:10 FATAL 246 204 157 173 :379  - The rare situation has occured at time 1738918630754, id to look up=74 247 249 237 , id of local node=246 204 157 173 , id of predecessor=242 2 157 82 
2025-02-07 03:57:11 FATAL 246 204 157 173 :379  - The rare situation has occured at time 1738918631529, id to look up=180 239 125 241 , id of local node=246 204 157 173 , id of predecessor=242 2 157 82 
2025-02-07 03:57:11 FATAL 246 204 157 173 :379  - The rare situation has occured at time 1738918631748, id to look up=202 55 153 184 , id of local node=246 204 157 173 , id of predecessor=242 2 157 82 
2025-02-07 03:57:12 FATAL 246 204 157 173 :379  - The rare situation has occured at time 1738918632270, id to look up=186 48 253 151 , id of local node=246 204 157 173 , id of predecessor=242 2 157 82 
2025-02-07 03:57:12 FATAL 246 204 157 173 :379  - The rare situation has occured at time 1738918632580, id to look up=152 252 195 120 , id of local node=246 204 157 173 , id of predecessor=242 2 157 82 
2025-02-07 03:57:12 FATAL 246 204 157 173 :379  - The rare situation has occured at time 1738918632830, id to look up=76 21 220 33 , id of local node=246 204 157 173 , id of predecessor=242 2 157 82 
2025-02-07 03:57:13 FATAL 246 204 157 173 :379  - The rare situation has occured at time 1738918633090, id to look up=201 241 60 22 , id of local node=246 204 157 173 , id of predecessor=242 2 157 82 
2025-02-07 03:59:45 FATAL 246 204 157 173 :379  - The rare situation has occured at time 1738918785151, id to look up=119 222 104 218 , id of local node=246 204 157 173 , id of predecessor=242 2 157 82 
2025-02-07 03:59:45 FATAL 246 204 157 173 :379  - The rare situation has occured at time 1738918785891, id to look up=172 52 120 214 , id of local node=246 204 157 173 , id of predecessor=242 2 157 82 
2025-02-07 03:59:46 FATAL 246 204 157 173 :379  - The rare situation has occured at time 1738918786041, id to look up=193 223 217 110 , id of local node=246 204 157 173 , id of predecessor=242 2 157 82 
2025-02-07 03:59:46 FATAL 246 204 157 173 :379  - The rare situation has occured at time 1738918786792, id to look up=177 213 120 17 , id of local node=246 204 157 173 , id of predecessor=242 2 157 82 
2025-02-07 03:59:47 FATAL 246 204 157 173 :379  - The rare situation has occured at time 1738918787472, id to look up=123 82 0 155 , id of local node=246 204 157 173 , id of predecessor=242 2 157 82 
2025-02-07 03:59:47 FATAL 246 204 157 173 :379  - The rare situation has occured at time 1738918787633, id to look up=189 48 122 62 , id of local node=246 204 157 173 , id of predecessor=242 2 157 82 
2025-02-07 03:59:48 FATAL 246 204 157 173 :379  - The rare situation has occured at time 1738918788211, id to look up=158 106 85 182 , id of local node=246 204 157 173 , id of predecessor=242 2 157 82 
2025-02-07 03:59:48 FATAL 246 204 157 173 :379  - The rare situation has occured at time 1738918788107, id to look up=179 240 199 246 , id of local node=246 204 157 173 , id of predecessor=242 2 157 82 
2025-02-07 03:59:48 FATAL 246 204 157 173 :379  - The rare situation has occured at time 1738918788591, id to look up=77 19 75 192 , id of local node=246 204 157 173 , id of predecessor=242 2 157 82 
2025-02-07 03:59:49 FATAL 246 204 157 173 :379  - The rare situation has occured at time 1738918789316, id to look up=188 51 234 78 , id of local node=246 204 157 173 , id of predecessor=242 2 157 82 
2025-02-07 03:59:49 FATAL 246 204 157 173 :379  - The rare situation has occured at time 1738918789536, id to look up=119 25 161 199 , id of local node=246 204 157 173 , id of predecessor=242 2 157 82 
2025-02-07 03:59:50 FATAL 246 204 157 173 :379  - The rare situation has occured at time 1738918790307, id to look up=203 78 82 8 , id of local node=246 204 157 173 , id of predecessor=242 2 157 82 
2025-02-07 03:59:50 FATAL 246 204 157 173 :379  - The rare situation has occured at time 1738918790466, id to look up=182 105 46 165 , id of local node=246 204 157 173 , id of predecessor=242 2 157 82 
2025-02-07 03:59:51 FATAL 246 204 157 173 :379  - The rare situation has occured at time 1738918791047, id to look up=151 42 103 196 , id of local node=246 204 157 173 , id of predecessor=242 2 157 82 
2025-02-07 03:59:51 FATAL 246 204 157 173 :379  - The rare situation has occured at time 1738918791346, id to look up=203 122 29 119 , id of local node=246 204 157 173 , id of predecessor=242 2 157 82 
2025-02-07 03:59:51 FATAL 246 204 157 173 :379  - The rare situation has occured at time 1738918791596, id to look up=202 53 18 244 , id of local node=246 204 157 173 , id of predecessor=242 2 157 82 
2025-02-07 03:59:52 FATAL 246 204 157 173 :379  - The rare situation has occured at time 1738918792007, id to look up=175 62 19 52 , id of local node=246 204 157 173 , id of predecessor=242 2 157 82 
2025-02-07 03:59:52 FATAL 246 204 157 173 :379  - The rare situation has occured at time 1738918792211, id to look up=118 31 34 178 , id of local node=246 204 157 173 , id of predecessor=242 2 157 82 
2025-02-07 03:59:52 FATAL 246 204 157 173 :379  - The rare situation has occured at time 1738918792728, id to look up=146 207 206 179 , id of local node=246 204 157 173 , id of predecessor=242 2 157 82 
2025-02-07 03:59:52 FATAL 246 204 157 173 :379  - The rare situation has occured at time 1738918792986, id to look up=152 251 196 47 , id of local node=246 204 157 173 , id of predecessor=242 2 157 82 
2025-02-07 03:59:53 FATAL 246 204 157 173 :379  - The rare situation has occured at time 1738918793972, id to look up=100 224 149 254 , id of local node=246 204 157 173 , id of predecessor=242 2 157 82 
2025-02-07 03:59:54 FATAL 246 204 157 173 :379  - The rare situation has occured at time 1738918794497, id to look up=183 235 108 104 , id of local node=246 204 157 173 , id of predecessor=242 2 157 82 
2025-02-07 03:59:54 FATAL 246 204 157 173 :379  - The rare situation has occured at time 1738918794598, id to look up=169 51 73 135 , id of local node=246 204 157 173 , id of predecessor=242 2 157 82 
2025-02-07 03:59:55 FATAL 246 204 157 173 :379  - The rare situation has occured at time 1738918795058, id to look up=197 183 109 163 , id of local node=246 204 157 173 , id of predecessor=242 2 157 82 
2025-02-07 03:59:55 FATAL 246 204 157 173 :379  - The rare situation has occured at time 1738918795426, id to look up=84 206 185 18 , id of local node=246 204 157 173 , id of predecessor=242 2 157 82 
2025-02-07 03:59:56 FATAL 246 204 157 173 :379  - The rare situation has occured at time 1738918796272, id to look up=102 123 229 67 , id of local node=246 204 157 173 , id of predecessor=242 2 157 82 
2025-02-07 03:59:57 FATAL 246 204 157 173 :379  - The rare situation has occured at time 1738918797046, id to look up=108 30 103 31 , id of local node=246 204 157 173 , id of predecessor=242 2 157 82 
2025-02-07 03:59:57 FATAL 246 204 157 173 :379  - The rare situation has occured at time 1738918797961, id to look up=81 26 65 142 , id of local node=246 204 157 173 , id of predecessor=242 2 157 82 
2025-02-07 03:59:58 FATAL 246 204 157 173 :379  - The rare situation has occured at time 1738918798186, id to look up=161 117 84 160 , id of local node=246 204 157 173 , id of predecessor=242 2 157 82 
2025-02-07 03:59:58 FATAL 246 204 157 173 :379  - The rare situation has occured at time 1738918798346, id to look up=198 108 101 23 , id of local node=246 204 157 173 , id of predecessor=242 2 157 82 
2025-02-07 03:59:58 FATAL 246 204 157 173 :379  - The rare situation has occured at time 1738918798865, id to look up=89 18 154 172 , id of local node=246 204 157 173 , id of predecessor=242 2 157 82 
2025-02-07 03:59:59 FATAL 246 204 157 173 :379  - The rare situation has occured at time 1738918799233, id to look up=77 137 210 148 , id of local node=246 204 157 173 , id of predecessor=242 2 157 82 
2025-02-07 03:59:59 FATAL 246 204 157 173 :379  - The rare situation has occured at time 1738918799347, id to look up=180 201 109 128 , id of local node=246 204 157 173 , id of predecessor=242 2 157 82 
2025-02-07 03:59:59 FATAL 246 204 157 173 :379  - The rare situation has occured at time 1738918799566, id to look up=167 43 32 6 , id of local node=246 204 157 173 , id of predecessor=242 2 157 82 
2025-02-07 04:00:00 FATAL 246 204 157 173 :379  - The rare situation has occured at time 1738918800078, id to look up=183 16 60 162 , id of local node=246 204 157 173 , id of predecessor=242 2 157 82 
2025-02-07 04:00:00 FATAL 246 204 157 173 :379  - The rare situation has occured at time 1738918800277, id to look up=192 151 99 143 , id of local node=246 204 157 173 , id of predecessor=242 2 157 82 
2025-02-07 04:00:01 FATAL 246 204 157 173 :379  - The rare situation has occured at time 1738918801187, id to look up=183 79 94 233 , id of local node=246 204 157 173 , id of predecessor=242 2 157 82 
2025-02-07 04:00:01 FATAL 246 204 157 173 :379  - The rare situation has occured at time 1738918801597, id to look up=184 136 178 152 , id of local node=246 204 157 173 , id of predecessor=242 2 157 82 
2025-02-07 04:00:02 FATAL 246 204 157 173 :379  - The rare situation has occured at time 1738918802019, id to look up=118 84 111 154 , id of local node=246 204 157 173 , id of predecessor=242 2 157 82 
2025-02-07 04:00:02 FATAL 246 204 157 173 :379  - The rare situation has occured at time 1738918802277, id to look up=190 70 26 12 , id of local node=246 204 157 173 , id of predecessor=242 2 157 82 
2025-02-07 04:00:02 FATAL 246 204 157 173 :379  - The rare situation has occured at time 1738918802746, id to look up=179 127 109 220 , id of local node=246 204 157 173 , id of predecessor=242 2 157 82 
2025-02-07 04:00:03 FATAL 246 204 157 173 :379  - The rare situation has occured at time 1738918803452, id to look up=76 214 109 250 , id of local node=246 204 157 173 , id of predecessor=242 2 157 82 
2025-02-07 04:00:04 FATAL 246 204 157 173 :379  - The rare situation has occured at time 1738918804559, id to look up=111 184 74 237 , id of local node=246 204 157 173 , id of predecessor=242 2 157 82 
2025-02-07 04:00:04 FATAL 246 204 157 173 :379  - The rare situation has occured at time 1738918804876, id to look up=154 121 190 97 , id of local node=246 204 157 173 , id of predecessor=242 2 157 82 
2025-02-07 04:00:05 FATAL 246 204 157 173 :379  - The rare situation has occured at time 1738918805717, id to look up=200 48 106 225 , id of local node=246 204 157 173 , id of predecessor=242 2 157 82 
2025-02-07 04:00:05 FATAL 246 204 157 173 :379  - The rare situation has occured at time 1738918805827, id to look up=147 67 133 245 , id of local node=246 204 157 173 , id of predecessor=242 2 157 82 
2025-02-07 04:00:06 FATAL 246 204 157 173 :379  - The rare situation has occured at time 1738918806666, id to look up=120 168 239 203 , id of local node=246 204 157 173 , id of predecessor=242 2 157 82 
2025-02-07 04:00:07 FATAL 246 204 157 173 :379  - The rare situation has occured at time 1738918807052, id to look up=114 36 249 151 , id of local node=246 204 157 173 , id of predecessor=242 2 157 82 
2025-02-07 04:00:07 FATAL 246 204 157 173 :379  - The rare situation has occured at time 1738918807223, id to look up=82 78 5 220 , id of local node=246 204 157 173 , id of predecessor=242 2 157 82 
2025-02-07 04:00:07 FATAL 246 204 157 173 :379  - The rare situation has occured at time 1738918807497, id to look up=161 66 46 106 , id of local node=246 204 157 173 , id of predecessor=242 2 157 82 
2025-02-07 04:00:08 FATAL 246 204 157 173 :379  - The rare situation has occured at time 1738918808256, id to look up=104 62 114 92 , id of local node=246 204 157 173 , id of predecessor=242 2 157 82 
2025-02-07 04:00:09 FATAL 246 204 157 173 :379  - The rare situation has occured at time 1738918809166, id to look up=162 227 61 52 , id of local node=246 204 157 173 , id of predecessor=242 2 157 82 
2025-02-07 04:00:09 FATAL 246 204 157 173 :379  - The rare situation has occured at time 1738918809432, id to look up=119 91 197 195 , id of local node=246 204 157 173 , id of predecessor=242 2 157 82 
2025-02-07 04:00:10 FATAL 246 204 157 173 :379  - The rare situation has occured at time 1738918810976, id to look up=180 24 43 255 , id of local node=246 204 157 173 , id of predecessor=242 2 157 82 
2025-02-07 04:00:11 FATAL 246 204 157 173 :379  - The rare situation has occured at time 1738918811396, id to look up=145 223 222 29 , id of local node=246 204 157 173 , id of predecessor=242 2 157 82 
2025-02-07 04:00:12 FATAL 246 204 157 173 :379  - The rare situation has occured at time 1738918812016, id to look up=149 232 21 209 , id of local node=246 204 157 173 , id of predecessor=242 2 157 82 
2025-02-07 04:00:12 FATAL 246 204 157 173 :379  - The rare situation has occured at time 1738918812647, id to look up=158 7 26 58 , id of local node=246 204 157 173 , id of predecessor=242 2 157 82 
2025-02-07 04:00:13 FATAL 246 204 157 173 :379  - The rare situation has occured at time 1738918813006, id to look up=86 173 77 77 , id of local node=246 204 157 173 , id of predecessor=242 2 157 82 
2025-02-07 04:00:13 FATAL 246 204 157 173 :379  - The rare situation has occured at time 1738918813956, id to look up=194 138 202 35 , id of local node=246 204 157 173 , id of predecessor=242 2 157 82 
2025-02-07 04:00:14 FATAL 246 204 157 173 :379  - The rare situation has occured at time 1738918814106, id to look up=201 202 68 39 , id of local node=246 204 157 173 , id of predecessor=242 2 157 82 
2025-02-07 04:00:14 FATAL 246 204 157 173 :379  - The rare situation has occured at time 1738918814755, id to look up=115 32 130 140 , id of local node=246 204 157 173 , id of predecessor=242 2 157 82 
2025-02-07 04:00:14 FATAL 246 204 157 173 :379  - The rare situation has occured at time 1738918814951, id to look up=80 51 107 198 , id of local node=246 204 157 173 , id of predecessor=242 2 157 82 
2025-02-07 04:00:15 FATAL 246 204 157 173 :379  - The rare situation has occured at time 1738918815706, id to look up=179 192 115 12 , id of local node=246 204 157 173 , id of predecessor=242 2 157 82 
2025-02-07 04:00:15 FATAL 246 204 157 173 :379  - The rare situation has occured at time 1738918815856, id to look up=83 111 182 147 , id of local node=246 204 157 173 , id of predecessor=242 2 157 82 
2025-02-07 04:00:16 FATAL 246 204 157 173 :379  - The rare situation has occured at time 1738918816666, id to look up=177 106 69 122 , id of local node=246 204 157 173 , id of predecessor=242 2 157 82 
2025-02-07 04:00:16 FATAL 246 204 157 173 :379  - The rare situation has occured at time 1738918816816, id to look up=172 38 70 2 , id of local node=246 204 157 173 , id of predecessor=242 2 157 82 
2025-02-07 04:00:17 FATAL 246 204 157 173 :379  - The rare situation has occured at time 1738918817327, id to look up=166 241 106 180 , id of local node=246 204 157 173 , id of predecessor=242 2 157 82 
2025-02-07 04:00:17 FATAL 246 204 157 173 :379  - The rare situation has occured at time 1738918817537, id to look up=157 137 116 186 , id of local node=246 204 157 173 , id of predecessor=242 2 157 82 
2025-02-07 04:00:17 FATAL 246 204 157 173 :379  - The rare situation has occured at time 1738918817897, id to look up=163 209 37 151 , id of local node=246 204 157 173 , id of predecessor=242 2 157 82 
2025-02-07 04:00:18 FATAL 246 204 157 173 :379  - The rare situation has occured at time 1738918818053, id to look up=107 98 119 175 , id of local node=246 204 157 173 , id of predecessor=242 2 157 82 
2025-02-07 04:00:18 FATAL 246 204 157 173 :379  - The rare situation has occured at time 1738918818227, id to look up=190 5 125 76 , id of local node=246 204 157 173 , id of predecessor=242 2 157 82 
2025-02-07 04:00:18 FATAL 246 204 157 173 :379  - The rare situation has occured at time 1738918818506, id to look up=174 30 113 152 , id of local node=246 204 157 173 , id of predecessor=242 2 157 82 
2025-02-07 04:00:19 FATAL 246 204 157 173 :379  - The rare situation has occured at time 1738918819137, id to look up=169 41 235 51 , id of local node=246 204 157 173 , id of predecessor=242 2 157 82 
2025-02-07 04:00:19 FATAL 246 204 157 173 :379  - The rare situation has occured at time 1738918819288, id to look up=116 203 210 194 , id of local node=246 204 157 173 , id of predecessor=242 2 157 82 
2025-02-07 04:00:19 FATAL 246 204 157 173 :379  - The rare situation has occured at time 1738918819751, id to look up=105 229 105 118 , id of local node=246 204 157 173 , id of predecessor=242 2 157 82 
2025-02-07 04:00:19 FATAL 246 204 157 173 :379  - The rare situation has occured at time 1738918819881, id to look up=112 138 119 219 , id of local node=246 204 157 173 , id of predecessor=242 2 157 82 
2025-02-07 04:00:19 FATAL 246 204 157 173 :379  - The rare situation has occured at time 1738918819743, id to look up=113 123 47 61 , id of local node=246 204 157 173 , id of predecessor=242 2 157 82 
2025-02-07 04:00:19 FATAL 246 204 157 173 :379  - The rare situation has occured at time 1738918819920, id to look up=148 148 14 83 , id of local node=246 204 157 173 , id of predecessor=242 2 157 82 
2025-02-07 04:00:20 FATAL 246 204 157 173 :379  - The rare situation has occured at time 1738918820090, id to look up=193 170 4 191 , id of local node=246 204 157 173 , id of predecessor=242 2 157 82 
2025-02-07 04:00:20 FATAL 246 204 157 173 :379  - The rare situation has occured at time 1738918820567, id to look up=87 46 32 115 , id of local node=246 204 157 173 , id of predecessor=242 2 157 82 
2025-02-07 04:00:21 FATAL 246 204 157 173 :379  - The rare situation has occured at time 1738918821671, id to look up=158 68 210 119 , id of local node=246 204 157 173 , id of predecessor=242 2 157 82 
2025-02-07 04:00:22 FATAL 246 204 157 173 :379  - The rare situation has occured at time 1738918822031, id to look up=174 229 68 206 , id of local node=246 204 157 173 , id of predecessor=242 2 157 82 
2025-02-07 04:00:22 FATAL 246 204 157 173 :379  - The rare situation has occured at time 1738918822383, id to look up=88 240 116 73 , id of local node=246 204 157 173 , id of predecessor=242 2 157 82 
2025-02-07 04:00:22 FATAL 246 204 157 173 :379  - The rare situation has occured at time 1738918822781, id to look up=188 248 20 171 , id of local node=246 204 157 173 , id of predecessor=242 2 157 82 
2025-02-07 04:00:23 FATAL 246 204 157 173 :379  - The rare situation has occured at time 1738918823450, id to look up=172 241 255 252 , id of local node=246 204 157 173 , id of predecessor=242 2 157 82 
2025-02-07 04:00:24 FATAL 246 204 157 173 :379  - The rare situation has occured at time 1738918824415, id to look up=117 42 231 189 , id of local node=246 204 157 173 , id of predecessor=242 2 157 82 
2025-02-07 04:00:24 FATAL 246 204 157 173 :379  - The rare situation has occured at time 1738918824545, id to look up=77 234 29 174 , id of local node=246 204 157 173 , id of predecessor=242 2 157 82 
2025-02-07 04:00:25 FATAL 246 204 157 173 :379  - The rare situation has occured at time 1738918825180, id to look up=200 55 48 122 , id of local node=246 204 157 173 , id of predecessor=242 2 157 82 
2025-02-07 04:00:25 FATAL 246 204 157 173 :379  - The rare situation has occured at time 1738918825430, id to look up=159 154 240 41 , id of local node=246 204 157 173 , id of predecessor=242 2 157 82 
2025-02-07 04:00:26 FATAL 246 204 157 173 :379  - The rare situation has occured at time 1738918826071, id to look up=161 101 251 214 , id of local node=246 204 157 173 , id of predecessor=242 2 157 82 
2025-02-07 04:00:26 FATAL 246 204 157 173 :379  - The rare situation has occured at time 1738918826763, id to look up=74 250 143 158 , id of local node=246 204 157 173 , id of predecessor=242 2 157 82 
2025-02-07 04:00:27 FATAL 246 204 157 173 :379  - The rare situation has occured at time 1738918827022, id to look up=186 171 52 1 , id of local node=246 204 157 173 , id of predecessor=242 2 157 82 
2025-02-07 04:00:27 FATAL 246 204 157 173 :379  - The rare situation has occured at time 1738918827220, id to look up=172 253 209 142 , id of local node=246 204 157 173 , id of predecessor=242 2 157 82 
2025-02-07 04:00:28 FATAL 246 204 157 173 :379  - The rare situation has occured at time 1738918828141, id to look up=154 21 244 45 , id of local node=246 204 157 173 , id of predecessor=242 2 157 82 
2025-02-07 04:00:28 FATAL 246 204 157 173 :379  - The rare situation has occured at time 1738918828651, id to look up=192 186 23 194 , id of local node=246 204 157 173 , id of predecessor=242 2 157 82 
2025-02-07 04:00:28 FATAL 246 204 157 173 :379  - The rare situation has occured at time 1738918828930, id to look up=154 112 119 108 , id of local node=246 204 157 173 , id of predecessor=242 2 157 82 
2025-02-07 04:00:29 FATAL 246 204 157 173 :379  - The rare situation has occured at time 1738918829671, id to look up=175 6 49 140 , id of local node=246 204 157 173 , id of predecessor=242 2 157 82 
2025-02-07 04:00:29 FATAL 246 204 157 173 :379  - The rare situation has occured at time 1738918829880, id to look up=188 21 199 116 , id of local node=246 204 157 173 , id of predecessor=242 2 157 82 
2025-02-07 04:00:30 FATAL 246 204 157 173 :379  - The rare situation has occured at time 1738918830521, id to look up=193 163 139 138 , id of local node=246 204 157 173 , id of predecessor=242 2 157 82 
2025-02-07 04:00:30 FATAL 246 204 157 173 :379  - The rare situation has occured at time 1738918830871, id to look up=202 208 111 60 , id of local node=246 204 157 173 , id of predecessor=242 2 157 82 
2025-02-07 04:00:31 FATAL 246 204 157 173 :379  - The rare situation has occured at time 1738918831136, id to look up=76 130 5 218 , id of local node=246 204 157 173 , id of predecessor=242 2 157 82 
2025-02-07 04:00:31 FATAL 246 204 157 173 :379  - The rare situation has occured at time 1738918831794, id to look up=79 15 92 150 , id of local node=246 204 157 173 , id of predecessor=242 2 157 82 
2025-02-07 04:00:31 FATAL 246 204 157 173 :379  - The rare situation has occured at time 1738918831937, id to look up=82 253 185 246 , id of local node=246 204 157 173 , id of predecessor=242 2 157 82 
2025-02-07 04:00:32 FATAL 246 204 157 173 :379  - The rare situation has occured at time 1738918832574, id to look up=88 65 48 224 , id of local node=246 204 157 173 , id of predecessor=242 2 157 82 
2025-02-07 04:00:32 FATAL 246 204 157 173 :379  - The rare situation has occured at time 1738918832700, id to look up=202 233 30 69 , id of local node=246 204 157 173 , id of predecessor=242 2 157 82 
2025-02-07 04:00:32 FATAL 246 204 157 173 :379  - The rare situation has occured at time 1738918832900, id to look up=159 253 26 225 , id of local node=246 204 157 173 , id of predecessor=242 2 157 82 
2025-02-07 04:00:33 FATAL 246 204 157 173 :379  - The rare situation has occured at time 1738918833416, id to look up=74 247 249 237 , id of local node=246 204 157 173 , id of predecessor=242 2 157 82 
2025-02-07 04:00:34 FATAL 246 204 157 173 :379  - The rare situation has occured at time 1738918834211, id to look up=180 239 125 241 , id of local node=246 204 157 173 , id of predecessor=242 2 157 82 
2025-02-07 04:00:34 FATAL 246 204 157 173 :379  - The rare situation has occured at time 1738918834420, id to look up=202 55 153 184 , id of local node=246 204 157 173 , id of predecessor=242 2 157 82 
2025-02-07 04:00:34 FATAL 246 204 157 173 :379  - The rare situation has occured at time 1738918834930, id to look up=186 48 253 151 , id of local node=246 204 157 173 , id of predecessor=242 2 157 82 
2025-02-07 04:00:35 FATAL 246 204 157 173 :379  - The rare situation has occured at time 1738918835241, id to look up=152 252 195 120 , id of local node=246 204 157 173 , id of predecessor=242 2 157 82 
2025-02-07 04:00:35 FATAL 246 204 157 173 :379  - The rare situation has occured at time 1738918835491, id to look up=76 21 220 33 , id of local node=246 204 157 173 , id of predecessor=242 2 157 82 
2025-02-07 04:00:35 FATAL 246 204 157 173 :379  - The rare situation has occured at time 1738918835761, id to look up=201 241 60 22 , id of local node=246 204 157 173 , id of predecessor=242 2 157 82 
2025-02-07 04:00:36 FATAL 246 204 157 173 :379  - The rare situation has occured at time 1738918836180, id to look up=196 57 198 11 , id of local node=246 204 157 173 , id of predecessor=242 2 157 82 
2025-02-07 04:00:36 FATAL 246 204 157 173 :379  - The rare situation has occured at time 1738918836601, id to look up=152 47 216 183 , id of local node=246 204 157 173 , id of predecessor=242 2 157 82 
2025-02-07 04:00:37 FATAL 246 204 157 173 :379  - The rare situation has occured at time 1738918837285, id to look up=104 42 3 244 , id of local node=246 204 157 173 , id of predecessor=242 2 157 82 
2025-02-07 04:00:37 FATAL 246 204 157 173 :379  - The rare situation has occured at time 1738918837821, id to look up=154 97 184 110 , id of local node=246 204 157 173 , id of predecessor=242 2 157 82 
2025-02-07 04:00:38 FATAL 246 204 157 173 :379  - The rare situation has occured at time 1738918838553, id to look up=115 59 87 174 , id of local node=246 204 157 173 , id of predecessor=242 2 157 82 
2025-02-07 04:00:39 FATAL 246 204 157 173 :379  - The rare situation has occured at time 1738918839255, id to look up=109 54 52 121 , id of local node=246 204 157 173 , id of predecessor=242 2 157 82 
2025-02-07 04:00:39 FATAL 246 204 157 173 :379  - The rare situation has occured at time 1738918839520, id to look up=104 181 25 63 , id of local node=246 204 157 173 , id of predecessor=242 2 157 82 
2025-02-07 04:00:39 FATAL 246 204 157 173 :379  - The rare situation has occured at time 1738918839780, id to look up=186 97 61 31 , id of local node=246 204 157 173 , id of predecessor=242 2 157 82 
2025-02-07 04:00:40 FATAL 246 204 157 173 :379  - The rare situation has occured at time 1738918840659, id to look up=183 7 6 253 , id of local node=246 204 157 173 , id of predecessor=242 2 157 82 
2025-02-07 04:00:41 FATAL 246 204 157 173 :379  - The rare situation has occured at time 1738918841323, id to look up=107 15 77 153 , id of local node=246 204 157 173 , id of predecessor=242 2 157 82 
2025-02-07 04:00:41 FATAL 246 204 157 173 :379  - The rare situation has occured at time 1738918841491, id to look up=157 50 55 23 , id of local node=246 204 157 173 , id of predecessor=242 2 157 82 
2025-02-07 04:00:42 FATAL 246 204 157 173 :379  - The rare situation has occured at time 1738918842010, id to look up=160 43 133 127 , id of local node=246 204 157 173 , id of predecessor=242 2 157 82 
2025-02-07 04:00:42 FATAL 246 204 157 173 :379  - The rare situation has occured at time 1738918842611, id to look up=204 140 209 206 , id of local node=246 204 157 173 , id of predecessor=242 2 157 82 
2025-02-07 04:00:42 FATAL 246 204 157 173 :379  - The rare situation has occured at time 1738918842990, id to look up=75 46 57 40 , id of local node=246 204 157 173 , id of predecessor=242 2 157 82 
2025-02-07 04:00:43 FATAL 246 204 157 173 :379  - The rare situation has occured at time 1738918843686, id to look up=120 125 65 217 , id of local node=246 204 157 173 , id of predecessor=242 2 157 82 
2025-02-07 04:00:43 FATAL 246 204 157 173 :379  - The rare situation has occured at time 1738918843910, id to look up=187 203 177 232 , id of local node=246 204 157 173 , id of predecessor=242 2 157 82 
2025-02-07 04:00:44 FATAL 246 204 157 173 :379  - The rare situation has occured at time 1738918844395, id to look up=121 129 110 203 , id of local node=246 204 157 173 , id of predecessor=242 2 157 82 
2025-02-07 04:00:44 FATAL 246 204 157 173 :379  - The rare situation has occured at time 1738918844871, id to look up=154 61 97 39 , id of local node=246 204 157 173 , id of predecessor=242 2 157 82 
2025-02-07 04:00:44 FATAL 246 204 157 173 :379  - The rare situation has occured at time 1738918844980, id to look up=114 193 151 91 , id of local node=246 204 157 173 , id of predecessor=242 2 157 82 
2025-02-07 04:00:45 FATAL 246 204 157 173 :379  - The rare situation has occured at time 1738918845720, id to look up=174 95 250 101 , id of local node=246 204 157 173 , id of predecessor=242 2 157 82 
2025-02-07 04:00:46 FATAL 246 204 157 173 :379  - The rare situation has occured at time 1738918846130, id to look up=175 83 212 170 , id of local node=246 204 157 173 , id of predecessor=242 2 157 82 
2025-02-07 04:00:46 FATAL 246 204 157 173 :379  - The rare situation has occured at time 1738918846691, id to look up=169 60 22 131 , id of local node=246 204 157 173 , id of predecessor=242 2 157 82 
2025-02-07 04:00:46 FATAL 246 204 157 173 :379  - The rare situation has occured at time 1738918846801, id to look up=151 179 28 148 , id of local node=246 204 157 173 , id of predecessor=242 2 157 82 
2025-02-07 04:00:47 FATAL 246 204 157 173 :379  - The rare situation has occured at time 1738918847004, id to look up=110 33 252 230 , id of local node=246 204 157 173 , id of predecessor=242 2 157 82 
2025-02-07 04:00:47 FATAL 246 204 157 173 :379  - The rare situation has occured at time 1738918847740, id to look up=168 76 154 160 , id of local node=246 204 157 173 , id of predecessor=242 2 157 82 
2025-02-07 04:00:48 FATAL 246 204 157 173 :379  - The rare situation has occured at time 1738918848149, id to look up=203 77 213 39 , id of local node=246 204 157 173 , id of predecessor=242 2 157 82 
2025-02-07 04:00:48 FATAL 246 204 157 173 :379  - The rare situation has occured at time 1738918848915, id to look up=85 71 246 49 , id of local node=246 204 157 173 , id of predecessor=242 2 157 82 
2025-02-07 04:00:49 FATAL 246 204 157 173 :379  - The rare situation has occured at time 1738918849431, id to look up=166 9 187 138 , id of local node=246 204 157 173 , id of predecessor=242 2 157 82 
2025-02-07 04:00:49 FATAL 246 204 157 173 :379  - The rare situation has occured at time 1738918849660, id to look up=194 128 151 173 , id of local node=246 204 157 173 , id of predecessor=242 2 157 82 
2025-02-07 04:00:50 FATAL 246 204 157 173 :379  - The rare situation has occured at time 1738918850512, id to look up=156 136 45 92 , id of local node=246 204 157 173 , id of predecessor=242 2 157 82 
2025-02-07 04:00:51 FATAL 246 204 157 173 :379  - The rare situation has occured at time 1738918851351, id to look up=108 65 16 31 , id of local node=246 204 157 173 , id of predecessor=242 2 157 82 
2025-02-07 04:00:51 FATAL 246 204 157 173 :379  - The rare situation has occured at time 1738918851721, id to look up=196 21 80 93 , id of local node=246 204 157 173 , id of predecessor=242 2 157 82 
2025-02-07 04:00:53 FATAL 246 204 157 173 :379  - The rare situation has occured at time 1738918853167, id to look up=171 247 73 5 , id of local node=246 204 157 173 , id of predecessor=242 2 157 82 
2025-02-07 04:00:53 FATAL 246 204 157 173 :379  - The rare situation has occured at time 1738918853518, id to look up=161 119 61 98 , id of local node=246 204 157 173 , id of predecessor=242 2 157 82 
2025-02-07 04:00:53 FATAL 246 204 157 173 :379  - The rare situation has occured at time 1738918853728, id to look up=182 231 162 44 , id of local node=246 204 157 173 , id of predecessor=242 2 157 82 
2025-02-07 04:00:54 FATAL 246 204 157 173 :379  - The rare situation has occured at time 1738918854347, id to look up=86 228 58 228 , id of local node=246 204 157 173 , id of predecessor=242 2 157 82 
2025-02-07 04:00:55 FATAL 246 204 157 173 :379  - The rare situation has occured at time 1738918855287, id to look up=160 208 67 120 , id of local node=246 204 157 173 , id of predecessor=242 2 157 82 
2025-02-07 04:00:55 FATAL 246 204 157 173 :379  - The rare situation has occured at time 1738918855457, id to look up=176 1 104 88 , id of local node=246 204 157 173 , id of predecessor=242 2 157 82 
2025-02-07 04:00:56 FATAL 246 204 157 173 :379  - The rare situation has occured at time 1738918856008, id to look up=154 170 11 82 , id of local node=246 204 157 173 , id of predecessor=242 2 157 82 
2025-02-07 04:00:56 FATAL 246 204 157 173 :379  - The rare situation has occured at time 1738918856318, id to look up=151 112 90 149 , id of local node=246 204 157 173 , id of predecessor=242 2 157 82 
2025-02-07 04:00:56 FATAL 246 204 157 173 :379  - The rare situation has occured at time 1738918856593, id to look up=109 147 242 160 , id of local node=246 204 157 173 , id of predecessor=242 2 157 82 
2025-02-07 04:00:56 FATAL 246 204 157 173 :379  - The rare situation has occured at time 1738918856707, id to look up=165 19 50 72 , id of local node=246 204 157 173 , id of predecessor=242 2 157 82 
2025-02-07 04:00:56 FATAL 246 204 157 173 :379  - The rare situation has occured at time 1738918856817, id to look up=74 14 136 207 , id of local node=246 204 157 173 , id of predecessor=242 2 157 82 
2025-02-07 04:00:57 FATAL 246 204 157 173 :379  - The rare situation has occured at time 1738918857848, id to look up=182 226 239 216 , id of local node=246 204 157 173 , id of predecessor=242 2 157 82 
2025-02-07 04:00:58 FATAL 246 204 157 173 :379  - The rare situation has occured at time 1738918858016, id to look up=190 77 151 158 , id of local node=246 204 157 173 , id of predecessor=242 2 157 82 
2025-02-07 04:00:58 FATAL 246 204 157 173 :379  - The rare situation has occured at time 1738918858648, id to look up=200 41 235 150 , id of local node=246 204 157 173 , id of predecessor=242 2 157 82 
2025-02-07 04:00:58 FATAL 246 204 157 173 :379  - The rare situation has occured at time 1738918858856, id to look up=195 7 73 207 , id of local node=246 204 157 173 , id of predecessor=242 2 157 82 
2025-02-07 04:00:59 FATAL 246 204 157 173 :379  - The rare situation has occured at time 1738918859657, id to look up=183 65 242 82 , id of local node=246 204 157 173 , id of predecessor=242 2 157 82 
2025-02-07 04:01:00 FATAL 246 204 157 173 :379  - The rare situation has occured at time 1738918860996, id to look up=76 98 156 76 , id of local node=246 204 157 173 , id of predecessor=242 2 157 82 
2025-02-07 04:01:01 FATAL 246 204 157 173 :379  - The rare situation has occured at time 1738918861307, id to look up=176 198 137 36 , id of local node=246 204 157 173 , id of predecessor=242 2 157 82 
2025-02-07 04:01:01 FATAL 246 204 157 173 :379  - The rare situation has occured at time 1738918861466, id to look up=188 98 48 91 , id of local node=246 204 157 173 , id of predecessor=242 2 157 82 
2025-02-07 04:01:02 FATAL 246 204 157 173 :379  - The rare situation has occured at time 1738918862408, id to look up=158 212 242 159 , id of local node=246 204 157 173 , id of predecessor=242 2 157 82 
2025-02-07 04:01:02 FATAL 246 204 157 173 :379  - The rare situation has occured at time 1738918862508, id to look up=171 127 123 149 , id of local node=246 204 157 173 , id of predecessor=242 2 157 82 
2025-02-07 04:01:03 FATAL 246 204 157 173 :379  - The rare situation has occured at time 1738918863008, id to look up=195 90 159 197 , id of local node=246 204 157 173 , id of predecessor=242 2 157 82 
2025-02-07 04:01:03 FATAL 246 204 157 173 :379  - The rare situation has occured at time 1738918863267, id to look up=178 2 151 124 , id of local node=246 204 157 173 , id of predecessor=242 2 157 82 
2025-02-07 04:01:03 FATAL 246 204 157 173 :379  - The rare situation has occured at time 1738918863858, id to look up=190 186 77 93 , id of local node=246 204 157 173 , id of predecessor=242 2 157 82 
2025-02-07 04:01:04 FATAL 246 204 157 173 :379  - The rare situation has occured at time 1738918864671, id to look up=110 155 153 56 , id of local node=246 204 157 173 , id of predecessor=242 2 157 82 
2025-02-07 04:01:04 FATAL 246 204 157 173 :379  - The rare situation has occured at time 1738918864892, id to look up=87 21 170 2 , id of local node=246 204 157 173 , id of predecessor=242 2 157 82 
2025-02-07 04:01:05 FATAL 246 204 157 173 :379  - The rare situation has occured at time 1738918865760, id to look up=77 199 120 41 , id of local node=246 204 157 173 , id of predecessor=242 2 157 82 
2025-02-07 04:01:05 FATAL 246 204 157 173 :379  - The rare situation has occured at time 1738918865877, id to look up=147 172 25 70 , id of local node=246 204 157 173 , id of predecessor=242 2 157 82 
2025-02-07 04:01:06 FATAL 246 204 157 173 :379  - The rare situation has occured at time 1738918866246, id to look up=122 149 86 52 , id of local node=246 204 157 173 , id of predecessor=242 2 157 82 
2025-02-07 04:01:07 FATAL 246 204 157 173 :379  - The rare situation has occured at time 1738918867237, id to look up=167 133 189 191 , id of local node=246 204 157 173 , id of predecessor=242 2 157 82 
2025-02-07 04:01:07 FATAL 246 204 157 173 :379  - The rare situation has occured at time 1738918867346, id to look up=119 135 54 116 , id of local node=246 204 157 173 , id of predecessor=242 2 157 82 
2025-02-07 04:01:08 FATAL 246 204 157 173 :379  - The rare situation has occured at time 1738918868123, id to look up=122 105 134 153 , id of local node=246 204 157 173 , id of predecessor=242 2 157 82 
2025-02-07 04:01:08 FATAL 246 204 157 173 :379  - The rare situation has occured at time 1738918868502, id to look up=117 152 143 90 , id of local node=246 204 157 173 , id of predecessor=242 2 157 82 
2025-02-07 04:01:08 FATAL 246 204 157 173 :379  - The rare situation has occured at time 1738918868782, id to look up=108 10 199 108 , id of local node=246 204 157 173 , id of predecessor=242 2 157 82 
2025-02-07 04:01:08 FATAL 246 204 157 173 :379  - The rare situation has occured at time 1738918868947, id to look up=162 9 47 99 , id of local node=246 204 157 173 , id of predecessor=242 2 157 82 
2025-02-07 04:01:09 FATAL 246 204 157 173 :379  - The rare situation has occured at time 1738918869307, id to look up=120 78 240 5 , id of local node=246 204 157 173 , id of predecessor=242 2 157 82 
2025-02-07 04:01:09 FATAL 246 204 157 173 :379  - The rare situation has occured at time 1738918869932, id to look up=108 76 4 190 , id of local node=246 204 157 173 , id of predecessor=242 2 157 82 
2025-02-07 04:01:10 FATAL 246 204 157 173 :379  - The rare situation has occured at time 1738918870117, id to look up=191 158 153 152 , id of local node=246 204 157 173 , id of predecessor=242 2 157 82 
2025-02-07 04:01:10 FATAL 246 204 157 173 :379  - The rare situation has occured at time 1738918870426, id to look up=109 14 16 80 , id of local node=246 204 157 173 , id of predecessor=242 2 157 82 
2025-02-07 04:01:11 FATAL 246 204 157 173 :379  - The rare situation has occured at time 1738918871247, id to look up=172 62 123 0 , id of local node=246 204 157 173 , id of predecessor=242 2 157 82 
2025-02-07 04:01:11 FATAL 246 204 157 173 :379  - The rare situation has occured at time 1738918871348, id to look up=154 62 97 182 , id of local node=246 204 157 173 , id of predecessor=242 2 157 82 
2025-02-07 04:01:11 FATAL 246 204 157 173 :379  - The rare situation has occured at time 1738918871808, id to look up=172 156 149 119 , id of local node=246 204 157 173 , id of predecessor=242 2 157 82 
2025-02-07 04:01:12 FATAL 246 204 157 173 :379  - The rare situation has occured at time 1738918872448, id to look up=157 70 80 212 , id of local node=246 204 157 173 , id of predecessor=242 2 157 82 
2025-02-07 04:01:12 FATAL 246 204 157 173 :379  - The rare situation has occured at time 1738918872863, id to look up=74 194 187 255 , id of local node=246 204 157 173 , id of predecessor=242 2 157 82 
2025-02-07 04:01:13 FATAL 246 204 157 173 :379  - The rare situation has occured at time 1738918873178, id to look up=176 43 112 129 , id of local node=246 204 157 173 , id of predecessor=242 2 157 82 
2025-02-07 04:01:13 FATAL 246 204 157 173 :379  - The rare situation has occured at time 1738918873286, id to look up=81 234 198 180 , id of local node=246 204 157 173 , id of predecessor=242 2 157 82 
2025-02-07 04:01:14 FATAL 246 204 157 173 :379  - The rare situation has occured at time 1738918874147, id to look up=191 13 128 177 , id of local node=246 204 157 173 , id of predecessor=242 2 157 82 
2025-02-07 04:01:14 FATAL 246 204 157 173 :379  - The rare situation has occured at time 1738918874423, id to look up=102 143 55 216 , id of local node=246 204 157 173 , id of predecessor=242 2 157 82 
2025-02-07 04:01:15 FATAL 246 204 157 173 :379  - The rare situation has occured at time 1738918875052, id to look up=111 148 110 38 , id of local node=246 204 157 173 , id of predecessor=242 2 157 82 
2025-02-07 04:01:16 FATAL 246 204 157 173 :379  - The rare situation has occured at time 1738918876761, id to look up=110 117 210 58 , id of local node=246 204 157 173 , id of predecessor=242 2 157 82 
2025-02-07 04:01:17 FATAL 246 204 157 173 :379  - The rare situation has occured at time 1738918877757, id to look up=158 224 223 124 , id of local node=246 204 157 173 , id of predecessor=242 2 157 82 
2025-02-07 04:01:18 FATAL 246 204 157 173 :379  - The rare situation has occured at time 1738918878352, id to look up=108 199 29 145 , id of local node=246 204 157 173 , id of predecessor=242 2 157 82 
2025-02-07 04:01:19 FATAL 246 204 157 173 :379  - The rare situation has occured at time 1738918879498, id to look up=119 214 122 177 , id of local node=246 204 157 173 , id of predecessor=242 2 157 82 
2025-02-07 04:01:19 FATAL 246 204 157 173 :379  - The rare situation has occured at time 1738918879608, id to look up=197 111 92 182 , id of local node=246 204 157 173 , id of predecessor=242 2 157 82 
2025-02-07 04:01:19 FATAL 246 204 157 173 :379  - The rare situation has occured at time 1738918879866, id to look up=147 224 151 227 , id of local node=246 204 157 173 , id of predecessor=242 2 157 82 
2025-02-07 04:01:21 FATAL 246 204 157 173 :379  - The rare situation has occured at time 1738918881012, id to look up=113 16 224 211 , id of local node=246 204 157 173 , id of predecessor=242 2 157 82 
2025-02-07 04:01:22 FATAL 246 204 157 173 :379  - The rare situation has occured at time 1738918882231, id to look up=109 93 176 232 , id of local node=246 204 157 173 , id of predecessor=242 2 157 82 
2025-02-07 04:01:22 FATAL 246 204 157 173 :379  - The rare situation has occured at time 1738918882497, id to look up=183 245 17 63 , id of local node=246 204 157 173 , id of predecessor=242 2 157 82 
