2025-02-07 03:50:15 WARN  OpenChordTest:205  - Peer joined at ocsocket://localhost:8094/ via ocsocket://localhost:8080/
2025-02-07 03:50:15 WARN  OpenChordTest:58  - Insert time for key 14 = 103 ms
2025-02-07 03:50:15 WARN  OpenChordTest:60  - Inserted (14, default)
2025-02-07 03:50:15 WARN  OpenChordTest:64  - Memory usage at ocsocket://localhost:8094/ = 21 MB
2025-02-07 03:52:21 FATAL 191 94 184 109 :379  - The rare situation has occured at time 1738918341845, id to look up=119 222 104 218 , id of local node=191 94 184 109 , id of predecessor=171 169 249 91 
2025-02-07 03:52:24 FATAL 191 94 184 109 :379  - The rare situation has occured at time 1738918344736, id to look up=123 82 0 155 , id of local node=191 94 184 109 , id of predecessor=171 169 249 91 
2025-02-07 03:52:25 FATAL 191 94 184 109 :379  - The rare situation has occured at time 1738918345271, id to look up=158 106 85 182 , id of local node=191 94 184 109 , id of predecessor=171 169 249 91 
2025-02-07 03:52:25 FATAL 191 94 184 109 :379  - The rare situation has occured at time 1738918345942, id to look up=77 19 75 192 , id of local node=191 94 184 109 , id of predecessor=171 169 249 91 
2025-02-07 03:52:27 FATAL 191 94 184 109 :379  - The rare situation has occured at time 1738918347461, id to look up=119 25 161 199 , id of local node=191 94 184 109 , id of predecessor=171 169 249 91 
2025-02-07 03:53:38 FATAL 191 94 184 109 :379  - The rare situation has occured at time 1738918418980, id to look up=119 222 104 218 , id of local node=191 94 184 109 , id of predecessor=171 169 249 91 
2025-02-07 03:53:40 FATAL 191 94 184 109 :379  - The rare situation has occured at time 1738918420980, id to look up=123 82 0 155 , id of local node=191 94 184 109 , id of predecessor=171 169 249 91 
2025-02-07 03:53:42 FATAL 191 94 184 109 :379  - The rare situation has occured at time 1738918422381, id to look up=158 106 85 182 , id of local node=191 94 184 109 , id of predecessor=171 169 249 91 
2025-02-07 03:53:43 FATAL 191 94 184 109 :379  - The rare situation has occured at time 1738918423051, id to look up=77 19 75 192 , id of local node=191 94 184 109 , id of predecessor=171 169 249 91 
2025-02-07 03:53:44 FATAL 191 94 184 109 :379  - The rare situation has occured at time 1738918424261, id to look up=119 25 161 199 , id of local node=191 94 184 109 , id of predecessor=171 169 249 91 
2025-02-07 03:53:45 FATAL 191 94 184 109 :379  - The rare situation has occured at time 1738918425350, id to look up=151 42 103 196 , id of local node=191 94 184 109 , id of predecessor=171 169 249 91 
2025-02-07 03:53:46 FATAL 191 94 184 109 :379  - The rare situation has occured at time 1738918426640, id to look up=118 31 34 178 , id of local node=191 94 184 109 , id of predecessor=171 169 249 91 
2025-02-07 03:53:47 FATAL 191 94 184 109 :379  - The rare situation has occured at time 1738918427009, id to look up=146 207 206 179 , id of local node=191 94 184 109 , id of predecessor=171 169 249 91 
2025-02-07 03:53:47 FATAL 191 94 184 109 :379  - The rare situation has occured at time 1738918427740, id to look up=152 251 196 47 , id of local node=191 94 184 109 , id of predecessor=171 169 249 91 
2025-02-07 03:53:48 FATAL 191 94 184 109 :379  - The rare situation has occured at time 1738918428254, id to look up=100 224 149 254 , id of local node=191 94 184 109 , id of predecessor=171 169 249 91 
2025-02-07 03:53:49 FATAL 191 94 184 109 :379  - The rare situation has occured at time 1738918429301, id to look up=169 51 73 135 , id of local node=191 94 184 109 , id of predecessor=171 169 249 91 
2025-02-07 03:53:50 FATAL 191 94 184 109 :379  - The rare situation has occured at time 1738918430170, id to look up=84 206 185 18 , id of local node=191 94 184 109 , id of predecessor=171 169 249 91 
2025-02-07 03:53:50 FATAL 191 94 184 109 :379  - The rare situation has occured at time 1738918430554, id to look up=102 123 229 67 , id of local node=191 94 184 109 , id of predecessor=171 169 249 91 
2025-02-07 03:53:51 FATAL 191 94 184 109 :379  - The rare situation has occured at time 1738918431781, id to look up=108 30 103 31 , id of local node=191 94 184 109 , id of predecessor=171 169 249 91 
2025-02-07 03:53:52 FATAL 191 94 184 109 :379  - The rare situation has occured at time 1738918432224, id to look up=81 26 65 142 , id of local node=191 94 184 109 , id of predecessor=171 169 249 91 
2025-02-07 03:53:52 FATAL 191 94 184 109 :379  - The rare situation has occured at time 1738918432456, id to look up=161 117 84 160 , id of local node=191 94 184 109 , id of predecessor=171 169 249 91 
2025-02-07 03:54:52 FATAL 191 94 184 109 :379  - The rare situation has occured at time 1738918492592, id to look up=119 222 104 218 , id of local node=191 94 184 109 , id of predecessor=171 169 249 91 
2025-02-07 03:54:54 FATAL 191 94 184 109 :379  - The rare situation has occured at time 1738918494541, id to look up=123 82 0 155 , id of local node=191 94 184 109 , id of predecessor=171 169 249 91 
2025-02-07 03:54:55 FATAL 191 94 184 109 :379  - The rare situation has occured at time 1738918495701, id to look up=158 106 85 182 , id of local node=191 94 184 109 , id of predecessor=171 169 249 91 
2025-02-07 03:54:56 FATAL 191 94 184 109 :379  - The rare situation has occured at time 1738918496361, id to look up=77 19 75 192 , id of local node=191 94 184 109 , id of predecessor=171 169 249 91 
2025-02-07 03:54:57 FATAL 191 94 184 109 :379  - The rare situation has occured at time 1738918497641, id to look up=119 25 161 199 , id of local node=191 94 184 109 , id of predecessor=171 169 249 91 
2025-02-07 03:54:58 FATAL 191 94 184 109 :379  - The rare situation has occured at time 1738918498751, id to look up=151 42 103 196 , id of local node=191 94 184 109 , id of predecessor=171 169 249 91 
2025-02-07 03:55:00 FATAL 191 94 184 109 :379  - The rare situation has occured at time 1738918500051, id to look up=118 31 34 178 , id of local node=191 94 184 109 , id of predecessor=171 169 249 91 
2025-02-07 03:55:00 FATAL 191 94 184 109 :379  - The rare situation has occured at time 1738918500427, id to look up=146 207 206 179 , id of local node=191 94 184 109 , id of predecessor=171 169 249 91 
2025-02-07 03:55:01 FATAL 191 94 184 109 :379  - The rare situation has occured at time 1738918501161, id to look up=152 251 196 47 , id of local node=191 94 184 109 , id of predecessor=171 169 249 91 
2025-02-07 03:55:01 FATAL 191 94 184 109 :379  - The rare situation has occured at time 1738918501703, id to look up=100 224 149 254 , id of local node=191 94 184 109 , id of predecessor=171 169 249 91 
2025-02-07 03:55:02 FATAL 191 94 184 109 :379  - The rare situation has occured at time 1738918502781, id to look up=169 51 73 135 , id of local node=191 94 184 109 , id of predecessor=171 169 249 91 
2025-02-07 03:55:03 FATAL 191 94 184 109 :379  - The rare situation has occured at time 1738918503661, id to look up=84 206 185 18 , id of local node=191 94 184 109 , id of predecessor=171 169 249 91 
2025-02-07 03:55:03 FATAL 191 94 184 109 :379  - The rare situation has occured at time 1738918503418, id to look up=102 123 229 67 , id of local node=191 94 184 109 , id of predecessor=171 169 249 91 
2025-02-07 03:55:04 FATAL 191 94 184 109 :379  - The rare situation has occured at time 1738918504696, id to look up=108 30 103 31 , id of local node=191 94 184 109 , id of predecessor=171 169 249 91 
2025-02-07 03:55:05 FATAL 191 94 184 109 :379  - The rare situation has occured at time 1738918505128, id to look up=81 26 65 142 , id of local node=191 94 184 109 , id of predecessor=171 169 249 91 
2025-02-07 03:55:05 FATAL 191 94 184 109 :379  - The rare situation has occured at time 1738918505352, id to look up=161 117 84 160 , id of local node=191 94 184 109 , id of predecessor=171 169 249 91 
2025-02-07 03:55:06 FATAL 191 94 184 109 :379  - The rare situation has occured at time 1738918506196, id to look up=89 18 154 172 , id of local node=191 94 184 109 , id of predecessor=171 169 249 91 
2025-02-07 03:55:06 FATAL 191 94 184 109 :379  - The rare situation has occured at time 1738918506427, id to look up=77 137 210 148 , id of local node=191 94 184 109 , id of predecessor=171 169 249 91 
2025-02-07 03:55:07 FATAL 191 94 184 109 :379  - The rare situation has occured at time 1738918507207, id to look up=167 43 32 6 , id of local node=191 94 184 109 , id of predecessor=171 169 249 91 
2025-02-07 03:55:09 FATAL 191 94 184 109 :379  - The rare situation has occured at time 1738918509246, id to look up=118 84 111 154 , id of local node=191 94 184 109 , id of predecessor=171 169 249 91 
2025-02-07 03:55:10 FATAL 191 94 184 109 :379  - The rare situation has occured at time 1738918510726, id to look up=76 214 109 250 , id of local node=191 94 184 109 , id of predecessor=171 169 249 91 
2025-02-07 03:55:11 FATAL 191 94 184 109 :379  - The rare situation has occured at time 1738918511754, id to look up=111 184 74 237 , id of local node=191 94 184 109 , id of predecessor=171 169 249 91 
2025-02-07 03:55:12 FATAL 191 94 184 109 :379  - The rare situation has occured at time 1738918512527, id to look up=154 121 190 97 , id of local node=191 94 184 109 , id of predecessor=171 169 249 91 
2025-02-07 03:55:13 FATAL 191 94 184 109 :379  - The rare situation has occured at time 1738918513297, id to look up=147 67 133 245 , id of local node=191 94 184 109 , id of predecessor=171 169 249 91 
2025-02-07 03:55:13 FATAL 191 94 184 109 :379  - The rare situation has occured at time 1738918513802, id to look up=120 168 239 203 , id of local node=191 94 184 109 , id of predecessor=171 169 249 91 
2025-02-07 03:55:14 FATAL 191 94 184 109 :379  - The rare situation has occured at time 1738918514222, id to look up=114 36 249 151 , id of local node=191 94 184 109 , id of predecessor=171 169 249 91 
2025-02-07 03:55:14 FATAL 191 94 184 109 :379  - The rare situation has occured at time 1738918514359, id to look up=82 78 5 220 , id of local node=191 94 184 109 , id of predecessor=171 169 249 91 
2025-02-07 03:55:14 FATAL 191 94 184 109 :379  - The rare situation has occured at time 1738918514624, id to look up=161 66 46 106 , id of local node=191 94 184 109 , id of predecessor=171 169 249 91 
2025-02-07 03:55:15 FATAL 191 94 184 109 :379  - The rare situation has occured at time 1738918515807, id to look up=104 62 114 92 , id of local node=191 94 184 109 , id of predecessor=171 169 249 91 
2025-02-07 03:55:16 FATAL 191 94 184 109 :379  - The rare situation has occured at time 1738918516449, id to look up=162 227 61 52 , id of local node=191 94 184 109 , id of predecessor=171 169 249 91 
2025-02-07 03:55:16 FATAL 191 94 184 109 :379  - The rare situation has occured at time 1738918516767, id to look up=119 91 197 195 , id of local node=191 94 184 109 , id of predecessor=171 169 249 91 
2025-02-07 03:56:22 FATAL 191 94 184 109 :379  - The rare situation has occured at time 1738918582632, id to look up=119 222 104 218 , id of local node=191 94 184 109 , id of predecessor=171 169 249 91 
2025-02-07 03:56:24 FATAL 191 94 184 109 :379  - The rare situation has occured at time 1738918584610, id to look up=123 82 0 155 , id of local node=191 94 184 109 , id of predecessor=171 169 249 91 
2025-02-07 03:56:26 FATAL 191 94 184 109 :379  - The rare situation has occured at time 1738918586049, id to look up=158 106 85 182 , id of local node=191 94 184 109 , id of predecessor=171 169 249 91 
2025-02-07 03:56:26 FATAL 191 94 184 109 :379  - The rare situation has occured at time 1738918586720, id to look up=77 19 75 192 , id of local node=191 94 184 109 , id of predecessor=171 169 249 91 
2025-02-07 03:56:27 FATAL 191 94 184 109 :379  - The rare situation has occured at time 1738918587979, id to look up=119 25 161 199 , id of local node=191 94 184 109 , id of predecessor=171 169 249 91 
2025-02-07 03:56:29 FATAL 191 94 184 109 :379  - The rare situation has occured at time 1738918589079, id to look up=151 42 103 196 , id of local node=191 94 184 109 , id of predecessor=171 169 249 91 
2025-02-07 03:56:30 FATAL 191 94 184 109 :379  - The rare situation has occured at time 1738918590370, id to look up=118 31 34 178 , id of local node=191 94 184 109 , id of predecessor=171 169 249 91 
2025-02-07 03:56:30 FATAL 191 94 184 109 :379  - The rare situation has occured at time 1738918590746, id to look up=146 207 206 179 , id of local node=191 94 184 109 , id of predecessor=171 169 249 91 
2025-02-07 03:56:31 FATAL 191 94 184 109 :379  - The rare situation has occured at time 1738918591500, id to look up=152 251 196 47 , id of local node=191 94 184 109 , id of predecessor=171 169 249 91 
2025-02-07 03:56:32 FATAL 191 94 184 109 :379  - The rare situation has occured at time 1738918592020, id to look up=100 224 149 254 , id of local node=191 94 184 109 , id of predecessor=171 169 249 91 
2025-02-07 03:56:33 FATAL 191 94 184 109 :379  - The rare situation has occured at time 1738918593059, id to look up=169 51 73 135 , id of local node=191 94 184 109 , id of predecessor=171 169 249 91 
2025-02-07 03:56:33 FATAL 191 94 184 109 :379  - The rare situation has occured at time 1738918593960, id to look up=84 206 185 18 , id of local node=191 94 184 109 , id of predecessor=171 169 249 91 
2025-02-07 03:56:34 FATAL 191 94 184 109 :379  - The rare situation has occured at time 1738918594360, id to look up=102 123 229 67 , id of local node=191 94 184 109 , id of predecessor=171 169 249 91 
2025-02-07 03:56:35 FATAL 191 94 184 109 :379  - The rare situation has occured at time 1738918595640, id to look up=108 30 103 31 , id of local node=191 94 184 109 , id of predecessor=171 169 249 91 
2025-02-07 03:56:36 FATAL 191 94 184 109 :379  - The rare situation has occured at time 1738918596071, id to look up=81 26 65 142 , id of local node=191 94 184 109 , id of predecessor=171 169 249 91 
2025-02-07 03:56:36 FATAL 191 94 184 109 :379  - The rare situation has occured at time 1738918596294, id to look up=161 117 84 160 , id of local node=191 94 184 109 , id of predecessor=171 169 249 91 
2025-02-07 03:56:37 FATAL 191 94 184 109 :379  - The rare situation has occured at time 1738918597129, id to look up=89 18 154 172 , id of local node=191 94 184 109 , id of predecessor=171 169 249 91 
2025-02-07 03:56:37 FATAL 191 94 184 109 :379  - The rare situation has occured at time 1738918597361, id to look up=77 137 210 148 , id of local node=191 94 184 109 , id of predecessor=171 169 249 91 
2025-02-07 03:56:38 FATAL 191 94 184 109 :379  - The rare situation has occured at time 1738918598150, id to look up=167 43 32 6 , id of local node=191 94 184 109 , id of predecessor=171 169 249 91 
2025-02-07 03:56:39 FATAL 191 94 184 109 :379  - The rare situation has occured at time 1738918599601, id to look up=118 84 111 154 , id of local node=191 94 184 109 , id of predecessor=171 169 249 91 
2025-02-07 03:56:41 FATAL 191 94 184 109 :379  - The rare situation has occured at time 1738918601081, id to look up=76 214 109 250 , id of local node=191 94 184 109 , id of predecessor=171 169 249 91 
2025-02-07 03:56:42 FATAL 191 94 184 109 :379  - The rare situation has occured at time 1738918602130, id to look up=111 184 74 237 , id of local node=191 94 184 109 , id of predecessor=171 169 249 91 
2025-02-07 03:56:42 FATAL 191 94 184 109 :379  - The rare situation has occured at time 1738918602901, id to look up=154 121 190 97 , id of local node=191 94 184 109 , id of predecessor=171 169 249 91 
2025-02-07 03:56:43 FATAL 191 94 184 109 :379  - The rare situation has occured at time 1738918603652, id to look up=147 67 133 245 , id of local node=191 94 184 109 , id of predecessor=171 169 249 91 
2025-02-07 03:56:44 FATAL 191 94 184 109 :379  - The rare situation has occured at time 1738918604176, id to look up=120 168 239 203 , id of local node=191 94 184 109 , id of predecessor=171 169 249 91 
2025-02-07 03:56:44 FATAL 191 94 184 109 :379  - The rare situation has occured at time 1738918604595, id to look up=114 36 249 151 , id of local node=191 94 184 109 , id of predecessor=171 169 249 91 
2025-02-07 03:56:44 FATAL 191 94 184 109 :379  - The rare situation has occured at time 1738918604712, id to look up=82 78 5 220 , id of local node=191 94 184 109 , id of predecessor=171 169 249 91 
2025-02-07 03:56:44 FATAL 191 94 184 109 :379  - The rare situation has occured at time 1738918604998, id to look up=161 66 46 106 , id of local node=191 94 184 109 , id of predecessor=171 169 249 91 
2025-02-07 03:56:46 FATAL 191 94 184 109 :379  - The rare situation has occured at time 1738918606161, id to look up=104 62 114 92 , id of local node=191 94 184 109 , id of predecessor=171 169 249 91 
2025-02-07 03:56:46 FATAL 191 94 184 109 :379  - The rare situation has occured at time 1738918606803, id to look up=162 227 61 52 , id of local node=191 94 184 109 , id of predecessor=171 169 249 91 
2025-02-07 03:56:47 FATAL 191 94 184 109 :379  - The rare situation has occured at time 1738918607121, id to look up=119 91 197 195 , id of local node=191 94 184 109 , id of predecessor=171 169 249 91 
2025-02-07 03:56:49 FATAL 191 94 184 109 :379  - The rare situation has occured at time 1738918609301, id to look up=145 223 222 29 , id of local node=191 94 184 109 , id of predecessor=171 169 249 91 
2025-02-07 03:56:49 FATAL 191 94 184 109 :379  - The rare situation has occured at time 1738918609672, id to look up=149 232 21 209 , id of local node=191 94 184 109 , id of predecessor=171 169 249 91 
2025-02-07 03:56:50 FATAL 191 94 184 109 :379  - The rare situation has occured at time 1738918610098, id to look up=158 7 26 58 , id of local node=191 94 184 109 , id of predecessor=171 169 249 91 
2025-02-07 03:56:50 FATAL 191 94 184 109 :379  - The rare situation has occured at time 1738918610901, id to look up=86 173 77 77 , id of local node=191 94 184 109 , id of predecessor=171 169 249 91 
2025-02-07 03:56:52 FATAL 191 94 184 109 :379  - The rare situation has occured at time 1738918612252, id to look up=115 32 130 140 , id of local node=191 94 184 109 , id of predecessor=171 169 249 91 
2025-02-07 03:56:52 FATAL 191 94 184 109 :379  - The rare situation has occured at time 1738918612421, id to look up=80 51 107 198 , id of local node=191 94 184 109 , id of predecessor=171 169 249 91 
2025-02-07 03:56:53 FATAL 191 94 184 109 :379  - The rare situation has occured at time 1738918613681, id to look up=83 111 182 147 , id of local node=191 94 184 109 , id of predecessor=171 169 249 91 
2025-02-07 03:56:54 FATAL 191 94 184 109 :379  - The rare situation has occured at time 1738918614801, id to look up=166 241 106 180 , id of local node=191 94 184 109 , id of predecessor=171 169 249 91 
2025-02-07 03:56:55 FATAL 191 94 184 109 :379  - The rare situation has occured at time 1738918615011, id to look up=157 137 116 186 , id of local node=191 94 184 109 , id of predecessor=171 169 249 91 
2025-02-07 03:56:55 FATAL 191 94 184 109 :379  - The rare situation has occured at time 1738918615317, id to look up=163 209 37 151 , id of local node=191 94 184 109 , id of predecessor=171 169 249 91 
2025-02-07 03:56:55 FATAL 191 94 184 109 :379  - The rare situation has occured at time 1738918615481, id to look up=107 98 119 175 , id of local node=191 94 184 109 , id of predecessor=171 169 249 91 
2025-02-07 03:56:56 FATAL 191 94 184 109 :379  - The rare situation has occured at time 1738918616631, id to look up=169 41 235 51 , id of local node=191 94 184 109 , id of predecessor=171 169 249 91 
2025-02-07 03:56:56 FATAL 191 94 184 109 :379  - The rare situation has occured at time 1738918616782, id to look up=116 203 210 194 , id of local node=191 94 184 109 , id of predecessor=171 169 249 91 
2025-02-07 03:56:57 FATAL 191 94 184 109 :379  - The rare situation has occured at time 1738918617221, id to look up=105 229 105 118 , id of local node=191 94 184 109 , id of predecessor=171 169 249 91 
2025-02-07 03:56:57 FATAL 191 94 184 109 :379  - The rare situation has occured at time 1738918617353, id to look up=112 138 119 219 , id of local node=191 94 184 109 , id of predecessor=171 169 249 91 
2025-02-07 03:56:57 FATAL 191 94 184 109 :379  - The rare situation has occured at time 1738918617790, id to look up=113 123 47 61 , id of local node=191 94 184 109 , id of predecessor=171 169 249 91 
2025-02-07 03:56:57 FATAL 191 94 184 109 :379  - The rare situation has occured at time 1738918617956, id to look up=148 148 14 83 , id of local node=191 94 184 109 , id of predecessor=171 169 249 91 
2025-02-07 03:56:58 FATAL 191 94 184 109 :379  - The rare situation has occured at time 1738918618691, id to look up=87 46 32 115 , id of local node=191 94 184 109 , id of predecessor=171 169 249 91 
2025-02-07 03:56:59 FATAL 191 94 184 109 :379  - The rare situation has occured at time 1738918619893, id to look up=158 68 210 119 , id of local node=191 94 184 109 , id of predecessor=171 169 249 91 
2025-02-07 03:57:00 FATAL 191 94 184 109 :379  - The rare situation has occured at time 1738918620461, id to look up=88 240 116 73 , id of local node=191 94 184 109 , id of predecessor=171 169 249 91 
2025-02-07 03:57:02 FATAL 191 94 184 109 :379  - The rare situation has occured at time 1738918622461, id to look up=117 42 231 189 , id of local node=191 94 184 109 , id of predecessor=171 169 249 91 
2025-02-07 03:57:02 FATAL 191 94 184 109 :379  - The rare situation has occured at time 1738918622601, id to look up=77 234 29 174 , id of local node=191 94 184 109 , id of predecessor=171 169 249 91 
2025-02-07 03:57:03 FATAL 191 94 184 109 :379  - The rare situation has occured at time 1738918623822, id to look up=159 154 240 41 , id of local node=191 94 184 109 , id of predecessor=171 169 249 91 
2025-02-07 03:57:04 FATAL 191 94 184 109 :379  - The rare situation has occured at time 1738918624221, id to look up=161 101 251 214 , id of local node=191 94 184 109 , id of predecessor=171 169 249 91 
2025-02-07 03:57:04 FATAL 191 94 184 109 :379  - The rare situation has occured at time 1738918624729, id to look up=74 250 143 158 , id of local node=191 94 184 109 , id of predecessor=171 169 249 91 
2025-02-07 03:57:06 FATAL 191 94 184 109 :379  - The rare situation has occured at time 1738918626241, id to look up=154 21 244 45 , id of local node=191 94 184 109 , id of predecessor=171 169 249 91 
2025-02-07 03:57:07 FATAL 191 94 184 109 :379  - The rare situation has occured at time 1738918627381, id to look up=154 112 119 108 , id of local node=191 94 184 109 , id of predecessor=171 169 249 91 
2025-02-07 03:57:09 FATAL 191 94 184 109 :379  - The rare situation has occured at time 1738918629231, id to look up=76 130 5 218 , id of local node=191 94 184 109 , id of predecessor=171 169 249 91 
2025-02-07 03:57:09 FATAL 191 94 184 109 :379  - The rare situation has occured at time 1738918629709, id to look up=79 15 92 150 , id of local node=191 94 184 109 , id of predecessor=171 169 249 91 
2025-02-07 03:57:09 FATAL 191 94 184 109 :379  - The rare situation has occured at time 1738918629832, id to look up=82 253 185 246 , id of local node=191 94 184 109 , id of predecessor=171 169 249 91 
2025-02-07 03:57:09 FATAL 191 94 184 109 :379  - The rare situation has occured at time 1738918629901, id to look up=88 65 48 224 , id of local node=191 94 184 109 , id of predecessor=171 169 249 91 
2025-02-07 03:57:10 FATAL 191 94 184 109 :379  - The rare situation has occured at time 1738918630579, id to look up=159 253 26 225 , id of local node=191 94 184 109 , id of predecessor=171 169 249 91 
2025-02-07 03:57:10 FATAL 191 94 184 109 :379  - The rare situation has occured at time 1738918630898, id to look up=74 247 249 237 , id of local node=191 94 184 109 , id of predecessor=171 169 249 91 
2025-02-07 03:57:12 FATAL 191 94 184 109 :379  - The rare situation has occured at time 1738918632678, id to look up=152 252 195 120 , id of local node=191 94 184 109 , id of predecessor=171 169 249 91 
2025-02-07 03:57:12 FATAL 191 94 184 109 :379  - The rare situation has occured at time 1738918632878, id to look up=76 21 220 33 , id of local node=191 94 184 109 , id of predecessor=171 169 249 91 
2025-02-07 03:59:45 FATAL 191 94 184 109 :379  - The rare situation has occured at time 1738918785621, id to look up=119 222 104 218 , id of local node=191 94 184 109 , id of predecessor=171 169 249 91 
2025-02-07 03:59:47 FATAL 191 94 184 109 :379  - The rare situation has occured at time 1738918787521, id to look up=123 82 0 155 , id of local node=191 94 184 109 , id of predecessor=171 169 249 91 
2025-02-07 03:59:48 FATAL 191 94 184 109 :379  - The rare situation has occured at time 1738918788056, id to look up=158 106 85 182 , id of local node=191 94 184 109 , id of predecessor=171 169 249 91 
2025-02-07 03:59:48 FATAL 191 94 184 109 :379  - The rare situation has occured at time 1738918788746, id to look up=77 19 75 192 , id of local node=191 94 184 109 , id of predecessor=171 169 249 91 
2025-02-07 03:59:49 FATAL 191 94 184 109 :379  - The rare situation has occured at time 1738918789996, id to look up=119 25 161 199 , id of local node=191 94 184 109 , id of predecessor=171 169 249 91 
2025-02-07 03:59:51 FATAL 191 94 184 109 :379  - The rare situation has occured at time 1738918791096, id to look up=151 42 103 196 , id of local node=191 94 184 109 , id of predecessor=171 169 249 91 
2025-02-07 03:59:52 FATAL 191 94 184 109 :379  - The rare situation has occured at time 1738918792356, id to look up=118 31 34 178 , id of local node=191 94 184 109 , id of predecessor=171 169 249 91 
2025-02-07 03:59:52 FATAL 191 94 184 109 :379  - The rare situation has occured at time 1738918792733, id to look up=146 207 206 179 , id of local node=191 94 184 109 , id of predecessor=171 169 249 91 
2025-02-07 03:59:53 FATAL 191 94 184 109 :379  - The rare situation has occured at time 1738918793436, id to look up=152 251 196 47 , id of local node=191 94 184 109 , id of predecessor=171 169 249 91 
2025-02-07 03:59:53 FATAL 191 94 184 109 :379  - The rare situation has occured at time 1738918793978, id to look up=100 224 149 254 , id of local node=191 94 184 109 , id of predecessor=171 169 249 91 
2025-02-07 03:59:55 FATAL 191 94 184 109 :379  - The rare situation has occured at time 1738918795006, id to look up=169 51 73 135 , id of local node=191 94 184 109 , id of predecessor=171 169 249 91 
2025-02-07 03:59:55 FATAL 191 94 184 109 :379  - The rare situation has occured at time 1738918795896, id to look up=84 206 185 18 , id of local node=191 94 184 109 , id of predecessor=171 169 249 91 
2025-02-07 03:59:56 FATAL 191 94 184 109 :379  - The rare situation has occured at time 1738918796276, id to look up=102 123 229 67 , id of local node=191 94 184 109 , id of predecessor=171 169 249 91 
2025-02-07 03:59:57 FATAL 191 94 184 109 :379  - The rare situation has occured at time 1738918797525, id to look up=108 30 103 31 , id of local node=191 94 184 109 , id of predecessor=171 169 249 91 
2025-02-07 03:59:57 FATAL 191 94 184 109 :379  - The rare situation has occured at time 1738918797965, id to look up=81 26 65 142 , id of local node=191 94 184 109 , id of predecessor=171 169 249 91 
2025-02-07 03:59:58 FATAL 191 94 184 109 :379  - The rare situation has occured at time 1738918798191, id to look up=161 117 84 160 , id of local node=191 94 184 109 , id of predecessor=171 169 249 91 
2025-02-07 03:59:59 FATAL 191 94 184 109 :379  - The rare situation has occured at time 1738918799017, id to look up=89 18 154 172 , id of local node=191 94 184 109 , id of predecessor=171 169 249 91 
2025-02-07 03:59:59 FATAL 191 94 184 109 :379  - The rare situation has occured at time 1738918799238, id to look up=77 137 210 148 , id of local node=191 94 184 109 , id of predecessor=171 169 249 91 
2025-02-07 04:00:00 FATAL 191 94 184 109 :379  - The rare situation has occured at time 1738918800025, id to look up=167 43 32 6 , id of local node=191 94 184 109 , id of predecessor=171 169 249 91 
2025-02-07 04:00:02 FATAL 191 94 184 109 :379  - The rare situation has occured at time 1738918802066, id to look up=118 84 111 154 , id of local node=191 94 184 109 , id of predecessor=171 169 249 91 
2025-02-07 04:00:03 FATAL 191 94 184 109 :379  - The rare situation has occured at time 1738918803516, id to look up=76 214 109 250 , id of local node=191 94 184 109 , id of predecessor=171 169 249 91 
2025-02-07 04:00:04 FATAL 191 94 184 109 :379  - The rare situation has occured at time 1738918804565, id to look up=111 184 74 237 , id of local node=191 94 184 109 , id of predecessor=171 169 249 91 
2025-02-07 04:00:05 FATAL 191 94 184 109 :379  - The rare situation has occured at time 1738918805346, id to look up=154 121 190 97 , id of local node=191 94 184 109 , id of predecessor=171 169 249 91 
2025-02-07 04:00:06 FATAL 191 94 184 109 :379  - The rare situation has occured at time 1738918806137, id to look up=147 67 133 245 , id of local node=191 94 184 109 , id of predecessor=171 169 249 91 
2025-02-07 04:00:06 FATAL 191 94 184 109 :379  - The rare situation has occured at time 1738918806671, id to look up=120 168 239 203 , id of local node=191 94 184 109 , id of predecessor=171 169 249 91 
2025-02-07 04:00:07 FATAL 191 94 184 109 :379  - The rare situation has occured at time 1738918807100, id to look up=114 36 249 151 , id of local node=191 94 184 109 , id of predecessor=171 169 249 91 
2025-02-07 04:00:07 FATAL 191 94 184 109 :379  - The rare situation has occured at time 1738918807229, id to look up=82 78 5 220 , id of local node=191 94 184 109 , id of predecessor=171 169 249 91 
2025-02-07 04:00:07 FATAL 191 94 184 109 :379  - The rare situation has occured at time 1738918807501, id to look up=161 66 46 106 , id of local node=191 94 184 109 , id of predecessor=171 169 249 91 
2025-02-07 04:00:08 FATAL 191 94 184 109 :379  - The rare situation has occured at time 1738918808746, id to look up=104 62 114 92 , id of local node=191 94 184 109 , id of predecessor=171 169 249 91 
2025-02-07 04:00:09 FATAL 191 94 184 109 :379  - The rare situation has occured at time 1738918809378, id to look up=162 227 61 52 , id of local node=191 94 184 109 , id of predecessor=171 169 249 91 
2025-02-07 04:00:09 FATAL 191 94 184 109 :379  - The rare situation has occured at time 1738918809686, id to look up=119 91 197 195 , id of local node=191 94 184 109 , id of predecessor=171 169 249 91 
2025-02-07 04:00:11 FATAL 191 94 184 109 :379  - The rare situation has occured at time 1738918811855, id to look up=145 223 222 29 , id of local node=191 94 184 109 , id of predecessor=171 169 249 91 
2025-02-07 04:00:12 FATAL 191 94 184 109 :379  - The rare situation has occured at time 1738918812216, id to look up=149 232 21 209 , id of local node=191 94 184 109 , id of predecessor=171 169 249 91 
2025-02-07 04:00:12 FATAL 191 94 184 109 :379  - The rare situation has occured at time 1738918812651, id to look up=158 7 26 58 , id of local node=191 94 184 109 , id of predecessor=171 169 249 91 
2025-02-07 04:00:13 FATAL 191 94 184 109 :379  - The rare situation has occured at time 1738918813456, id to look up=86 173 77 77 , id of local node=191 94 184 109 , id of predecessor=171 169 249 91 
2025-02-07 04:00:14 FATAL 191 94 184 109 :379  - The rare situation has occured at time 1738918814876, id to look up=115 32 130 140 , id of local node=191 94 184 109 , id of predecessor=171 169 249 91 
2025-02-07 04:00:15 FATAL 191 94 184 109 :379  - The rare situation has occured at time 1738918815056, id to look up=80 51 107 198 , id of local node=191 94 184 109 , id of predecessor=171 169 249 91 
2025-02-07 04:00:16 FATAL 191 94 184 109 :379  - The rare situation has occured at time 1738918816306, id to look up=83 111 182 147 , id of local node=191 94 184 109 , id of predecessor=171 169 249 91 
2025-02-07 04:00:17 FATAL 191 94 184 109 :379  - The rare situation has occured at time 1738918817376, id to look up=166 241 106 180 , id of local node=191 94 184 109 , id of predecessor=171 169 249 91 
2025-02-07 04:00:17 FATAL 191 94 184 109 :379  - The rare situation has occured at time 1738918817596, id to look up=157 137 116 186 , id of local node=191 94 184 109 , id of predecessor=171 169 249 91 
2025-02-07 04:00:17 FATAL 191 94 184 109 :379  - The rare situation has occured at time 1738918817902, id to look up=163 209 37 151 , id of local node=191 94 184 109 , id of predecessor=171 169 249 91 
2025-02-07 04:00:18 FATAL 191 94 184 109 :379  - The rare situation has occured at time 1738918818059, id to look up=107 98 119 175 , id of local node=191 94 184 109 , id of predecessor=171 169 249 91 
2025-02-07 04:00:19 FATAL 191 94 184 109 :379  - The rare situation has occured at time 1738918819186, id to look up=169 41 235 51 , id of local node=191 94 184 109 , id of predecessor=171 169 249 91 
2025-02-07 04:00:19 FATAL 191 94 184 109 :379  - The rare situation has occured at time 1738918819336, id to look up=116 203 210 194 , id of local node=191 94 184 109 , id of predecessor=171 169 249 91 
2025-02-07 04:00:19 FATAL 191 94 184 109 :379  - The rare situation has occured at time 1738918819755, id to look up=105 229 105 118 , id of local node=191 94 184 109 , id of predecessor=171 169 249 91 
2025-02-07 04:00:19 FATAL 191 94 184 109 :379  - The rare situation has occured at time 1738918819885, id to look up=112 138 119 219 , id of local node=191 94 184 109 , id of predecessor=171 169 249 91 
2025-02-07 04:00:19 FATAL 191 94 184 109 :379  - The rare situation has occured at time 1738918819747, id to look up=113 123 47 61 , id of local node=191 94 184 109 , id of predecessor=171 169 249 91 
2025-02-07 04:00:19 FATAL 191 94 184 109 :379  - The rare situation has occured at time 1738918819927, id to look up=148 148 14 83 , id of local node=191 94 184 109 , id of predecessor=171 169 249 91 
2025-02-07 04:00:20 FATAL 191 94 184 109 :379  - The rare situation has occured at time 1738918820680, id to look up=87 46 32 115 , id of local node=191 94 184 109 , id of predecessor=171 169 249 91 
2025-02-07 04:00:21 FATAL 191 94 184 109 :379  - The rare situation has occured at time 1738918821882, id to look up=158 68 210 119 , id of local node=191 94 184 109 , id of predecessor=171 169 249 91 
2025-02-07 04:00:22 FATAL 191 94 184 109 :379  - The rare situation has occured at time 1738918822430, id to look up=88 240 116 73 , id of local node=191 94 184 109 , id of predecessor=171 169 249 91 
2025-02-07 04:00:24 FATAL 191 94 184 109 :379  - The rare situation has occured at time 1738918824470, id to look up=117 42 231 189 , id of local node=191 94 184 109 , id of predecessor=171 169 249 91 
2025-02-07 04:00:24 FATAL 191 94 184 109 :379  - The rare situation has occured at time 1738918824600, id to look up=77 234 29 174 , id of local node=191 94 184 109 , id of predecessor=171 169 249 91 
2025-02-07 04:00:25 FATAL 191 94 184 109 :379  - The rare situation has occured at time 1738918825791, id to look up=159 154 240 41 , id of local node=191 94 184 109 , id of predecessor=171 169 249 91 
2025-02-07 04:00:26 FATAL 191 94 184 109 :379  - The rare situation has occured at time 1738918826230, id to look up=161 101 251 214 , id of local node=191 94 184 109 , id of predecessor=171 169 249 91 
2025-02-07 04:00:26 FATAL 191 94 184 109 :379  - The rare situation has occured at time 1738918826767, id to look up=74 250 143 158 , id of local node=191 94 184 109 , id of predecessor=171 169 249 91 
2025-02-07 04:00:28 FATAL 191 94 184 109 :379  - The rare situation has occured at time 1738918828240, id to look up=154 21 244 45 , id of local node=191 94 184 109 , id of predecessor=171 169 249 91 
2025-02-07 04:00:29 FATAL 191 94 184 109 :379  - The rare situation has occured at time 1738918829390, id to look up=154 112 119 108 , id of local node=191 94 184 109 , id of predecessor=171 169 249 91 
2025-02-07 04:00:31 FATAL 191 94 184 109 :379  - The rare situation has occured at time 1738918831290, id to look up=76 130 5 218 , id of local node=191 94 184 109 , id of predecessor=171 169 249 91 
2025-02-07 04:00:31 FATAL 191 94 184 109 :379  - The rare situation has occured at time 1738918831799, id to look up=79 15 92 150 , id of local node=191 94 184 109 , id of predecessor=171 169 249 91 
2025-02-07 04:00:31 FATAL 191 94 184 109 :379  - The rare situation has occured at time 1738918831941, id to look up=82 253 185 246 , id of local node=191 94 184 109 , id of predecessor=171 169 249 91 
2025-02-07 04:00:32 FATAL 191 94 184 109 :379  - The rare situation has occured at time 1738918832578, id to look up=88 65 48 224 , id of local node=191 94 184 109 , id of predecessor=171 169 249 91 
2025-02-07 04:00:33 FATAL 191 94 184 109 :379  - The rare situation has occured at time 1738918833251, id to look up=159 253 26 225 , id of local node=191 94 184 109 , id of predecessor=171 169 249 91 
2025-02-07 04:00:33 FATAL 191 94 184 109 :379  - The rare situation has occured at time 1738918833560, id to look up=74 247 249 237 , id of local node=191 94 184 109 , id of predecessor=171 169 249 91 
2025-02-07 04:00:35 FATAL 191 94 184 109 :379  - The rare situation has occured at time 1738918835340, id to look up=152 252 195 120 , id of local node=191 94 184 109 , id of predecessor=171 169 249 91 
2025-02-07 04:00:35 FATAL 191 94 184 109 :379  - The rare situation has occured at time 1738918835539, id to look up=76 21 220 33 , id of local node=191 94 184 109 , id of predecessor=171 169 249 91 
2025-02-07 04:00:36 FATAL 191 94 184 109 :379  - The rare situation has occured at time 1738918836700, id to look up=152 47 216 183 , id of local node=191 94 184 109 , id of predecessor=171 169 249 91 
2025-02-07 04:00:37 FATAL 191 94 184 109 :379  - The rare situation has occured at time 1738918837389, id to look up=104 42 3 244 , id of local node=191 94 184 109 , id of predecessor=171 169 249 91 
2025-02-07 04:00:37 FATAL 191 94 184 109 :379  - The rare situation has occured at time 1738918837932, id to look up=154 97 184 110 , id of local node=191 94 184 109 , id of predecessor=171 169 249 91 
2025-02-07 04:00:38 FATAL 191 94 184 109 :379  - The rare situation has occured at time 1738918838557, id to look up=115 59 87 174 , id of local node=191 94 184 109 , id of predecessor=171 169 249 91 
2025-02-07 04:00:39 FATAL 191 94 184 109 :379  - The rare situation has occured at time 1738918839303, id to look up=109 54 52 121 , id of local node=191 94 184 109 , id of predecessor=171 169 249 91 
2025-02-07 04:00:39 FATAL 191 94 184 109 :379  - The rare situation has occured at time 1738918839523, id to look up=104 181 25 63 , id of local node=191 94 184 109 , id of predecessor=171 169 249 91 
2025-02-07 04:00:41 FATAL 191 94 184 109 :379  - The rare situation has occured at time 1738918841380, id to look up=107 15 77 153 , id of local node=191 94 184 109 , id of predecessor=171 169 249 91 
2025-02-07 04:00:41 FATAL 191 94 184 109 :379  - The rare situation has occured at time 1738918841495, id to look up=157 50 55 23 , id of local node=191 94 184 109 , id of predecessor=171 169 249 91 
2025-02-07 04:00:42 FATAL 191 94 184 109 :379  - The rare situation has occured at time 1738918842460, id to look up=160 43 133 127 , id of local node=191 94 184 109 , id of predecessor=171 169 249 91 
2025-02-07 04:00:43 FATAL 191 94 184 109 :379  - The rare situation has occured at time 1738918843361, id to look up=75 46 57 40 , id of local node=191 94 184 109 , id of predecessor=171 169 249 91 
2025-02-07 04:00:43 FATAL 191 94 184 109 :379  - The rare situation has occured at time 1738918843742, id to look up=120 125 65 217 , id of local node=191 94 184 109 , id of predecessor=171 169 249 91 
2025-02-07 04:00:44 FATAL 191 94 184 109 :379  - The rare situation has occured at time 1738918844450, id to look up=121 129 110 203 , id of local node=191 94 184 109 , id of predecessor=171 169 249 91 
2025-02-07 04:00:44 FATAL 191 94 184 109 :379  - The rare situation has occured at time 1738918844876, id to look up=154 61 97 39 , id of local node=191 94 184 109 , id of predecessor=171 169 249 91 
2025-02-07 04:00:45 FATAL 191 94 184 109 :379  - The rare situation has occured at time 1738918845450, id to look up=114 193 151 91 , id of local node=191 94 184 109 , id of predecessor=171 169 249 91 
2025-02-07 04:00:46 FATAL 191 94 184 109 :379  - The rare situation has occured at time 1738918846739, id to look up=169 60 22 131 , id of local node=191 94 184 109 , id of predecessor=171 169 249 91 
2025-02-07 04:00:46 FATAL 191 94 184 109 :379  - The rare situation has occured at time 1738918846850, id to look up=151 179 28 148 , id of local node=191 94 184 109 , id of predecessor=171 169 249 91 
2025-02-07 04:00:47 FATAL 191 94 184 109 :379  - The rare situation has occured at time 1738918847008, id to look up=110 33 252 230 , id of local node=191 94 184 109 , id of predecessor=171 169 249 91 
2025-02-07 04:00:47 FATAL 191 94 184 109 :379  - The rare situation has occured at time 1738918847745, id to look up=168 76 154 160 , id of local node=191 94 184 109 , id of predecessor=171 169 249 91 
2025-02-07 04:00:49 FATAL 191 94 184 109 :379  - The rare situation has occured at time 1738918849060, id to look up=85 71 246 49 , id of local node=191 94 184 109 , id of predecessor=171 169 249 91 
2025-02-07 04:00:49 FATAL 191 94 184 109 :379  - The rare situation has occured at time 1738918849435, id to look up=166 9 187 138 , id of local node=191 94 184 109 , id of predecessor=171 169 249 91 
2025-02-07 04:00:50 FATAL 191 94 184 109 :379  - The rare situation has occured at time 1738918850619, id to look up=156 136 45 92 , id of local node=191 94 184 109 , id of predecessor=171 169 249 91 
2025-02-07 04:00:51 FATAL 191 94 184 109 :379  - The rare situation has occured at time 1738918851355, id to look up=108 65 16 31 , id of local node=191 94 184 109 , id of predecessor=171 169 249 91 
2025-02-07 04:00:53 FATAL 191 94 184 109 :379  - The rare situation has occured at time 1738918853626, id to look up=161 119 61 98 , id of local node=191 94 184 109 , id of predecessor=171 169 249 91 
2025-02-07 04:00:54 FATAL 191 94 184 109 :379  - The rare situation has occured at time 1738918854796, id to look up=86 228 58 228 , id of local node=191 94 184 109 , id of predecessor=171 169 249 91 
2025-02-07 04:00:55 FATAL 191 94 184 109 :379  - The rare situation has occured at time 1738918855293, id to look up=160 208 67 120 , id of local node=191 94 184 109 , id of predecessor=171 169 249 91 
2025-02-07 04:00:56 FATAL 191 94 184 109 :379  - The rare situation has occured at time 1738918856056, id to look up=154 170 11 82 , id of local node=191 94 184 109 , id of predecessor=171 169 249 91 
2025-02-07 04:00:56 FATAL 191 94 184 109 :379  - The rare situation has occured at time 1738918856323, id to look up=151 112 90 149 , id of local node=191 94 184 109 , id of predecessor=171 169 249 91 
2025-02-07 04:00:56 FATAL 191 94 184 109 :379  - The rare situation has occured at time 1738918856597, id to look up=109 147 242 160 , id of local node=191 94 184 109 , id of predecessor=171 169 249 91 
2025-02-07 04:00:56 FATAL 191 94 184 109 :379  - The rare situation has occured at time 1738918856712, id to look up=165 19 50 72 , id of local node=191 94 184 109 , id of predecessor=171 169 249 91 
2025-02-07 04:00:57 FATAL 191 94 184 109 :379  - The rare situation has occured at time 1738918857267, id to look up=74 14 136 207 , id of local node=191 94 184 109 , id of predecessor=171 169 249 91 
2025-02-07 04:01:01 FATAL 191 94 184 109 :379  - The rare situation has occured at time 1738918861046, id to look up=76 98 156 76 , id of local node=191 94 184 109 , id of predecessor=171 169 249 91 
2025-02-07 04:01:02 FATAL 191 94 184 109 :379  - The rare situation has occured at time 1738918862456, id to look up=158 212 242 159 , id of local node=191 94 184 109 , id of predecessor=171 169 249 91 
2025-02-07 04:01:02 FATAL 191 94 184 109 :379  - The rare situation has occured at time 1738918862556, id to look up=171 127 123 149 , id of local node=191 94 184 109 , id of predecessor=171 169 249 91 
2025-02-07 04:01:04 FATAL 191 94 184 109 :379  - The rare situation has occured at time 1738918864727, id to look up=110 155 153 56 , id of local node=191 94 184 109 , id of predecessor=171 169 249 91 
2025-02-07 04:01:04 FATAL 191 94 184 109 :379  - The rare situation has occured at time 1738918864897, id to look up=87 21 170 2 , id of local node=191 94 184 109 , id of predecessor=171 169 249 91 
2025-02-07 04:01:05 FATAL 191 94 184 109 :379  - The rare situation has occured at time 1738918865763, id to look up=77 199 120 41 , id of local node=191 94 184 109 , id of predecessor=171 169 249 91 
2025-02-07 04:01:05 FATAL 191 94 184 109 :379  - The rare situation has occured at time 1738918865881, id to look up=147 172 25 70 , id of local node=191 94 184 109 , id of predecessor=171 169 249 91 
2025-02-07 04:01:06 FATAL 191 94 184 109 :379  - The rare situation has occured at time 1738918866716, id to look up=122 149 86 52 , id of local node=191 94 184 109 , id of predecessor=171 169 249 91 
2025-02-07 04:01:07 FATAL 191 94 184 109 :379  - The rare situation has occured at time 1738918867242, id to look up=167 133 189 191 , id of local node=191 94 184 109 , id of predecessor=171 169 249 91 
2025-02-07 04:01:07 FATAL 191 94 184 109 :379  - The rare situation has occured at time 1738918867807, id to look up=119 135 54 116 , id of local node=191 94 184 109 , id of predecessor=171 169 249 91 
2025-02-07 04:01:08 FATAL 191 94 184 109 :379  - The rare situation has occured at time 1738918868126, id to look up=122 105 134 153 , id of local node=191 94 184 109 , id of predecessor=171 169 249 91 
2025-02-07 04:01:08 FATAL 191 94 184 109 :379  - The rare situation has occured at time 1738918868506, id to look up=117 152 143 90 , id of local node=191 94 184 109 , id of predecessor=171 169 249 91 
2025-02-07 04:01:08 FATAL 191 94 184 109 :379  - The rare situation has occured at time 1738918868786, id to look up=108 10 199 108 , id of local node=191 94 184 109 , id of predecessor=171 169 249 91 
2025-02-07 04:01:08 FATAL 191 94 184 109 :379  - The rare situation has occured at time 1738918868952, id to look up=162 9 47 99 , id of local node=191 94 184 109 , id of predecessor=171 169 249 91 
2025-02-07 04:01:09 FATAL 191 94 184 109 :379  - The rare situation has occured at time 1738918869766, id to look up=120 78 240 5 , id of local node=191 94 184 109 , id of predecessor=171 169 249 91 
2025-02-07 04:01:09 FATAL 191 94 184 109 :379  - The rare situation has occured at time 1738918869936, id to look up=108 76 4 190 , id of local node=191 94 184 109 , id of predecessor=171 169 249 91 
2025-02-07 04:01:10 FATAL 191 94 184 109 :379  - The rare situation has occured at time 1738918870867, id to look up=109 14 16 80 , id of local node=191 94 184 109 , id of predecessor=171 169 249 91 
2025-02-07 04:01:11 FATAL 191 94 184 109 :379  - The rare situation has occured at time 1738918871756, id to look up=154 62 97 182 , id of local node=191 94 184 109 , id of predecessor=171 169 249 91 
2025-02-07 04:01:12 FATAL 191 94 184 109 :379  - The rare situation has occured at time 1738918872546, id to look up=157 70 80 212 , id of local node=191 94 184 109 , id of predecessor=171 169 249 91 
2025-02-07 04:01:12 FATAL 191 94 184 109 :379  - The rare situation has occured at time 1738918872868, id to look up=74 194 187 255 , id of local node=191 94 184 109 , id of predecessor=171 169 249 91 
2025-02-07 04:01:13 FATAL 191 94 184 109 :379  - The rare situation has occured at time 1738918873776, id to look up=81 234 198 180 , id of local node=191 94 184 109 , id of predecessor=171 169 249 91 
2025-02-07 04:01:14 FATAL 191 94 184 109 :379  - The rare situation has occured at time 1738918874766, id to look up=102 143 55 216 , id of local node=191 94 184 109 , id of predecessor=171 169 249 91 
2025-02-07 04:01:15 FATAL 191 94 184 109 :379  - The rare situation has occured at time 1738918875096, id to look up=111 148 110 38 , id of local node=191 94 184 109 , id of predecessor=171 169 249 91 
2025-02-07 04:01:16 FATAL 191 94 184 109 :379  - The rare situation has occured at time 1738918876969, id to look up=110 117 210 58 , id of local node=191 94 184 109 , id of predecessor=171 169 249 91 
2025-02-07 04:01:17 FATAL 191 94 184 109 :379  - The rare situation has occured at time 1738918877988, id to look up=158 224 223 124 , id of local node=191 94 184 109 , id of predecessor=171 169 249 91 
2025-02-07 04:01:18 FATAL 191 94 184 109 :379  - The rare situation has occured at time 1738918878626, id to look up=108 199 29 145 , id of local node=191 94 184 109 , id of predecessor=171 169 249 91 
2025-02-07 04:01:19 FATAL 191 94 184 109 :379  - The rare situation has occured at time 1738918879502, id to look up=119 214 122 177 , id of local node=191 94 184 109 , id of predecessor=171 169 249 91 
2025-02-07 04:01:20 FATAL 191 94 184 109 :379  - The rare situation has occured at time 1738918880277, id to look up=147 224 151 227 , id of local node=191 94 184 109 , id of predecessor=171 169 249 91 
2025-02-07 04:01:21 FATAL 191 94 184 109 :379  - The rare situation has occured at time 1738918881306, id to look up=113 16 224 211 , id of local node=191 94 184 109 , id of predecessor=171 169 249 91 
2025-02-07 04:01:22 FATAL 191 94 184 109 :379  - The rare situation has occured at time 1738918882290, id to look up=109 93 176 232 , id of local node=191 94 184 109 , id of predecessor=171 169 249 91 
