2025-02-07 03:50:42 WARN  OpenChordTest:205  - Peer joined at ocsocket://localhost:8106/ via ocsocket://localhost:8080/
2025-02-07 03:50:42 WARN  OpenChordTest:58  - Insert time for key 26 = 364 ms
2025-02-07 03:50:42 WARN  OpenChordTest:60  - Inserted (26, default)
2025-02-07 03:50:42 WARN  OpenChordTest:64  - Memory usage at ocsocket://localhost:8106/ = 13 MB
2025-02-07 03:52:22 FATAL 150 134 226 42 :379  - The rare situation has occured at time 1738918342318, id to look up=119 222 104 218 , id of local node=150 134 226 42 , id of predecessor=145 84 232 106 
2025-02-07 03:52:24 FATAL 150 134 226 42 :379  - The rare situation has occured at time 1738918344740, id to look up=123 82 0 155 , id of local node=150 134 226 42 , id of predecessor=145 84 232 106 
2025-02-07 03:52:26 FATAL 150 134 226 42 :379  - The rare situation has occured at time 1738918346043, id to look up=77 19 75 192 , id of local node=150 134 226 42 , id of predecessor=145 84 232 106 
2025-02-07 03:52:27 FATAL 150 134 226 42 :379  - The rare situation has occured at time 1738918347465, id to look up=119 25 161 199 , id of local node=150 134 226 42 , id of predecessor=145 84 232 106 
2025-02-07 03:53:39 FATAL 150 134 226 42 :379  - The rare situation has occured at time 1738918419093, id to look up=119 222 104 218 , id of local node=150 134 226 42 , id of predecessor=145 84 232 106 
2025-02-07 03:53:41 FATAL 150 134 226 42 :379  - The rare situation has occured at time 1738918421140, id to look up=123 82 0 155 , id of local node=150 134 226 42 , id of predecessor=145 84 232 106 
2025-02-07 03:53:43 FATAL 150 134 226 42 :379  - The rare situation has occured at time 1738918423162, id to look up=77 19 75 192 , id of local node=150 134 226 42 , id of predecessor=145 84 232 106 
2025-02-07 03:53:44 FATAL 150 134 226 42 :379  - The rare situation has occured at time 1738918424264, id to look up=119 25 161 199 , id of local node=150 134 226 42 , id of predecessor=145 84 232 106 
2025-02-07 03:53:46 FATAL 150 134 226 42 :379  - The rare situation has occured at time 1738918426791, id to look up=118 31 34 178 , id of local node=150 134 226 42 , id of predecessor=145 84 232 106 
2025-02-07 03:53:48 FATAL 150 134 226 42 :379  - The rare situation has occured at time 1738918428401, id to look up=100 224 149 254 , id of local node=150 134 226 42 , id of predecessor=145 84 232 106 
2025-02-07 03:53:50 FATAL 150 134 226 42 :379  - The rare situation has occured at time 1738918430224, id to look up=84 206 185 18 , id of local node=150 134 226 42 , id of predecessor=145 84 232 106 
2025-02-07 03:53:50 FATAL 150 134 226 42 :379  - The rare situation has occured at time 1738918430558, id to look up=102 123 229 67 , id of local node=150 134 226 42 , id of predecessor=145 84 232 106 
2025-02-07 03:53:51 FATAL 150 134 226 42 :379  - The rare situation has occured at time 1738918431991, id to look up=108 30 103 31 , id of local node=150 134 226 42 , id of predecessor=145 84 232 106 
2025-02-07 03:53:52 FATAL 150 134 226 42 :379  - The rare situation has occured at time 1738918432226, id to look up=81 26 65 142 , id of local node=150 134 226 42 , id of predecessor=145 84 232 106 
2025-02-07 03:54:52 FATAL 150 134 226 42 :379  - The rare situation has occured at time 1738918492597, id to look up=119 222 104 218 , id of local node=150 134 226 42 , id of predecessor=145 84 232 106 
2025-02-07 03:54:54 FATAL 150 134 226 42 :379  - The rare situation has occured at time 1738918494544, id to look up=123 82 0 155 , id of local node=150 134 226 42 , id of predecessor=145 84 232 106 
2025-02-07 03:54:56 FATAL 150 134 226 42 :379  - The rare situation has occured at time 1738918496463, id to look up=77 19 75 192 , id of local node=150 134 226 42 , id of predecessor=145 84 232 106 
2025-02-07 03:54:57 FATAL 150 134 226 42 :379  - The rare situation has occured at time 1738918497644, id to look up=119 25 161 199 , id of local node=150 134 226 42 , id of predecessor=145 84 232 106 
2025-02-07 03:55:00 FATAL 150 134 226 42 :379  - The rare situation has occured at time 1738918500202, id to look up=118 31 34 178 , id of local node=150 134 226 42 , id of predecessor=145 84 232 106 
2025-02-07 03:55:01 FATAL 150 134 226 42 :379  - The rare situation has occured at time 1738918501861, id to look up=100 224 149 254 , id of local node=150 134 226 42 , id of predecessor=145 84 232 106 
2025-02-07 03:55:03 FATAL 150 134 226 42 :379  - The rare situation has occured at time 1738918503088, id to look up=84 206 185 18 , id of local node=150 134 226 42 , id of predecessor=145 84 232 106 
2025-02-07 03:55:03 FATAL 150 134 226 42 :379  - The rare situation has occured at time 1738918503421, id to look up=102 123 229 67 , id of local node=150 134 226 42 , id of predecessor=145 84 232 106 
2025-02-07 03:55:04 FATAL 150 134 226 42 :379  - The rare situation has occured at time 1738918504896, id to look up=108 30 103 31 , id of local node=150 134 226 42 , id of predecessor=145 84 232 106 
2025-02-07 03:55:05 FATAL 150 134 226 42 :379  - The rare situation has occured at time 1738918505131, id to look up=81 26 65 142 , id of local node=150 134 226 42 , id of predecessor=145 84 232 106 
2025-02-07 03:55:06 FATAL 150 134 226 42 :379  - The rare situation has occured at time 1738918506297, id to look up=89 18 154 172 , id of local node=150 134 226 42 , id of predecessor=145 84 232 106 
2025-02-07 03:55:06 FATAL 150 134 226 42 :379  - The rare situation has occured at time 1738918506430, id to look up=77 137 210 148 , id of local node=150 134 226 42 , id of predecessor=145 84 232 106 
2025-02-07 03:55:09 FATAL 150 134 226 42 :379  - The rare situation has occured at time 1738918509308, id to look up=118 84 111 154 , id of local node=150 134 226 42 , id of predecessor=145 84 232 106 
2025-02-07 03:55:10 FATAL 150 134 226 42 :379  - The rare situation has occured at time 1738918510936, id to look up=76 214 109 250 , id of local node=150 134 226 42 , id of predecessor=145 84 232 106 
2025-02-07 03:55:11 FATAL 150 134 226 42 :379  - The rare situation has occured at time 1738918511756, id to look up=111 184 74 237 , id of local node=150 134 226 42 , id of predecessor=145 84 232 106 
2025-02-07 03:55:13 FATAL 150 134 226 42 :379  - The rare situation has occured at time 1738918513846, id to look up=120 168 239 203 , id of local node=150 134 226 42 , id of predecessor=145 84 232 106 
2025-02-07 03:55:14 FATAL 150 134 226 42 :379  - The rare situation has occured at time 1738918514225, id to look up=114 36 249 151 , id of local node=150 134 226 42 , id of predecessor=145 84 232 106 
2025-02-07 03:55:14 FATAL 150 134 226 42 :379  - The rare situation has occured at time 1738918514361, id to look up=82 78 5 220 , id of local node=150 134 226 42 , id of predecessor=145 84 232 106 
2025-02-07 03:55:15 FATAL 150 134 226 42 :379  - The rare situation has occured at time 1738918515918, id to look up=104 62 114 92 , id of local node=150 134 226 42 , id of predecessor=145 84 232 106 
2025-02-07 03:55:16 FATAL 150 134 226 42 :379  - The rare situation has occured at time 1738918516986, id to look up=119 91 197 195 , id of local node=150 134 226 42 , id of predecessor=145 84 232 106 
2025-02-07 03:56:22 FATAL 150 134 226 42 :379  - The rare situation has occured at time 1738918582637, id to look up=119 222 104 218 , id of local node=150 134 226 42 , id of predecessor=145 84 232 106 
2025-02-07 03:56:24 FATAL 150 134 226 42 :379  - The rare situation has occured at time 1738918584810, id to look up=123 82 0 155 , id of local node=150 134 226 42 , id of predecessor=145 84 232 106 
2025-02-07 03:56:26 FATAL 150 134 226 42 :379  - The rare situation has occured at time 1738918586821, id to look up=77 19 75 192 , id of local node=150 134 226 42 , id of predecessor=145 84 232 106 
2025-02-07 03:56:27 FATAL 150 134 226 42 :379  - The rare situation has occured at time 1738918587981, id to look up=119 25 161 199 , id of local node=150 134 226 42 , id of predecessor=145 84 232 106 
2025-02-07 03:56:30 FATAL 150 134 226 42 :379  - The rare situation has occured at time 1738918590520, id to look up=118 31 34 178 , id of local node=150 134 226 42 , id of predecessor=145 84 232 106 
2025-02-07 03:56:32 FATAL 150 134 226 42 :379  - The rare situation has occured at time 1738918592169, id to look up=100 224 149 254 , id of local node=150 134 226 42 , id of predecessor=145 84 232 106 
2025-02-07 03:56:34 FATAL 150 134 226 42 :379  - The rare situation has occured at time 1738918594011, id to look up=84 206 185 18 , id of local node=150 134 226 42 , id of predecessor=145 84 232 106 
2025-02-07 03:56:34 FATAL 150 134 226 42 :379  - The rare situation has occured at time 1738918594362, id to look up=102 123 229 67 , id of local node=150 134 226 42 , id of predecessor=145 84 232 106 
2025-02-07 03:56:35 FATAL 150 134 226 42 :379  - The rare situation has occured at time 1738918595839, id to look up=108 30 103 31 , id of local node=150 134 226 42 , id of predecessor=145 84 232 106 
2025-02-07 03:56:36 FATAL 150 134 226 42 :379  - The rare situation has occured at time 1738918596074, id to look up=81 26 65 142 , id of local node=150 134 226 42 , id of predecessor=145 84 232 106 
2025-02-07 03:56:37 FATAL 150 134 226 42 :379  - The rare situation has occured at time 1738918597231, id to look up=89 18 154 172 , id of local node=150 134 226 42 , id of predecessor=145 84 232 106 
2025-02-07 03:56:37 FATAL 150 134 226 42 :379  - The rare situation has occured at time 1738918597363, id to look up=77 137 210 148 , id of local node=150 134 226 42 , id of predecessor=145 84 232 106 
2025-02-07 03:56:39 FATAL 150 134 226 42 :379  - The rare situation has occured at time 1738918599653, id to look up=118 84 111 154 , id of local node=150 134 226 42 , id of predecessor=145 84 232 106 
2025-02-07 03:56:41 FATAL 150 134 226 42 :379  - The rare situation has occured at time 1738918601291, id to look up=76 214 109 250 , id of local node=150 134 226 42 , id of predecessor=145 84 232 106 
2025-02-07 03:56:42 FATAL 150 134 226 42 :379  - The rare situation has occured at time 1738918602132, id to look up=111 184 74 237 , id of local node=150 134 226 42 , id of predecessor=145 84 232 106 
2025-02-07 03:56:44 FATAL 150 134 226 42 :379  - The rare situation has occured at time 1738918604221, id to look up=120 168 239 203 , id of local node=150 134 226 42 , id of predecessor=145 84 232 106 
2025-02-07 03:56:44 FATAL 150 134 226 42 :379  - The rare situation has occured at time 1738918604598, id to look up=114 36 249 151 , id of local node=150 134 226 42 , id of predecessor=145 84 232 106 
2025-02-07 03:56:44 FATAL 150 134 226 42 :379  - The rare situation has occured at time 1738918604714, id to look up=82 78 5 220 , id of local node=150 134 226 42 , id of predecessor=145 84 232 106 
2025-02-07 03:56:46 FATAL 150 134 226 42 :379  - The rare situation has occured at time 1738918606263, id to look up=104 62 114 92 , id of local node=150 134 226 42 , id of predecessor=145 84 232 106 
2025-02-07 03:56:47 FATAL 150 134 226 42 :379  - The rare situation has occured at time 1738918607321, id to look up=119 91 197 195 , id of local node=150 134 226 42 , id of predecessor=145 84 232 106 
2025-02-07 03:56:51 FATAL 150 134 226 42 :379  - The rare situation has occured at time 1738918611051, id to look up=86 173 77 77 , id of local node=150 134 226 42 , id of predecessor=145 84 232 106 
2025-02-07 03:56:52 FATAL 150 134 226 42 :379  - The rare situation has occured at time 1738918612254, id to look up=115 32 130 140 , id of local node=150 134 226 42 , id of predecessor=145 84 232 106 
2025-02-07 03:56:52 FATAL 150 134 226 42 :379  - The rare situation has occured at time 1738918612621, id to look up=80 51 107 198 , id of local node=150 134 226 42 , id of predecessor=145 84 232 106 
2025-02-07 03:56:53 FATAL 150 134 226 42 :379  - The rare situation has occured at time 1738918613684, id to look up=83 111 182 147 , id of local node=150 134 226 42 , id of predecessor=145 84 232 106 
2025-02-07 03:56:55 FATAL 150 134 226 42 :379  - The rare situation has occured at time 1738918615592, id to look up=107 98 119 175 , id of local node=150 134 226 42 , id of predecessor=145 84 232 106 
2025-02-07 03:56:57 FATAL 150 134 226 42 :379  - The rare situation has occured at time 1738918617001, id to look up=116 203 210 194 , id of local node=150 134 226 42 , id of predecessor=145 84 232 106 
2025-02-07 03:56:57 FATAL 150 134 226 42 :379  - The rare situation has occured at time 1738918617223, id to look up=105 229 105 118 , id of local node=150 134 226 42 , id of predecessor=145 84 232 106 
2025-02-07 03:56:57 FATAL 150 134 226 42 :379  - The rare situation has occured at time 1738918617355, id to look up=112 138 119 219 , id of local node=150 134 226 42 , id of predecessor=145 84 232 106 
2025-02-07 03:56:57 FATAL 150 134 226 42 :379  - The rare situation has occured at time 1738918617792, id to look up=113 123 47 61 , id of local node=150 134 226 42 , id of predecessor=145 84 232 106 
2025-02-07 03:56:58 FATAL 150 134 226 42 :379  - The rare situation has occured at time 1738918618891, id to look up=87 46 32 115 , id of local node=150 134 226 42 , id of predecessor=145 84 232 106 
2025-02-07 03:57:00 FATAL 150 134 226 42 :379  - The rare situation has occured at time 1738918620562, id to look up=88 240 116 73 , id of local node=150 134 226 42 , id of predecessor=145 84 232 106 
2025-02-07 03:57:02 FATAL 150 134 226 42 :379  - The rare situation has occured at time 1738918622464, id to look up=117 42 231 189 , id of local node=150 134 226 42 , id of predecessor=145 84 232 106 
2025-02-07 03:57:02 FATAL 150 134 226 42 :379  - The rare situation has occured at time 1738918622802, id to look up=77 234 29 174 , id of local node=150 134 226 42 , id of predecessor=145 84 232 106 
2025-02-07 03:57:04 FATAL 150 134 226 42 :379  - The rare situation has occured at time 1738918624782, id to look up=74 250 143 158 , id of local node=150 134 226 42 , id of predecessor=145 84 232 106 
2025-02-07 03:57:09 FATAL 150 134 226 42 :379  - The rare situation has occured at time 1738918629282, id to look up=76 130 5 218 , id of local node=150 134 226 42 , id of predecessor=145 84 232 106 
2025-02-07 03:57:09 FATAL 150 134 226 42 :379  - The rare situation has occured at time 1738918629711, id to look up=79 15 92 150 , id of local node=150 134 226 42 , id of predecessor=145 84 232 106 
2025-02-07 03:57:09 FATAL 150 134 226 42 :379  - The rare situation has occured at time 1738918629834, id to look up=82 253 185 246 , id of local node=150 134 226 42 , id of predecessor=145 84 232 106 
2025-02-07 03:57:09 FATAL 150 134 226 42 :379  - The rare situation has occured at time 1738918629903, id to look up=88 65 48 224 , id of local node=150 134 226 42 , id of predecessor=145 84 232 106 
2025-02-07 03:57:10 FATAL 150 134 226 42 :379  - The rare situation has occured at time 1738918630999, id to look up=74 247 249 237 , id of local node=150 134 226 42 , id of predecessor=145 84 232 106 
2025-02-07 03:57:12 FATAL 150 134 226 42 :379  - The rare situation has occured at time 1738918632979, id to look up=76 21 220 33 , id of local node=150 134 226 42 , id of predecessor=145 84 232 106 
2025-02-07 03:59:45 FATAL 150 134 226 42 :379  - The rare situation has occured at time 1738918785624, id to look up=119 222 104 218 , id of local node=150 134 226 42 , id of predecessor=145 84 232 106 
2025-02-07 03:59:47 FATAL 150 134 226 42 :379  - The rare situation has occured at time 1738918787523, id to look up=123 82 0 155 , id of local node=150 134 226 42 , id of predecessor=145 84 232 106 
2025-02-07 03:59:48 FATAL 150 134 226 42 :379  - The rare situation has occured at time 1738918788847, id to look up=77 19 75 192 , id of local node=150 134 226 42 , id of predecessor=145 84 232 106 
2025-02-07 03:59:49 FATAL 150 134 226 42 :379  - The rare situation has occured at time 1738918789998, id to look up=119 25 161 199 , id of local node=150 134 226 42 , id of predecessor=145 84 232 106 
2025-02-07 03:59:52 FATAL 150 134 226 42 :379  - The rare situation has occured at time 1738918792516, id to look up=118 31 34 178 , id of local node=150 134 226 42 , id of predecessor=145 84 232 106 
2025-02-07 03:59:54 FATAL 150 134 226 42 :379  - The rare situation has occured at time 1738918794126, id to look up=100 224 149 254 , id of local node=150 134 226 42 , id of predecessor=145 84 232 106 
2025-02-07 03:59:55 FATAL 150 134 226 42 :379  - The rare situation has occured at time 1738918795948, id to look up=84 206 185 18 , id of local node=150 134 226 42 , id of predecessor=145 84 232 106 
2025-02-07 03:59:56 FATAL 150 134 226 42 :379  - The rare situation has occured at time 1738918796278, id to look up=102 123 229 67 , id of local node=150 134 226 42 , id of predecessor=145 84 232 106 
2025-02-07 03:59:57 FATAL 150 134 226 42 :379  - The rare situation has occured at time 1738918797726, id to look up=108 30 103 31 , id of local node=150 134 226 42 , id of predecessor=145 84 232 106 
2025-02-07 03:59:57 FATAL 150 134 226 42 :379  - The rare situation has occured at time 1738918797967, id to look up=81 26 65 142 , id of local node=150 134 226 42 , id of predecessor=145 84 232 106 
2025-02-07 03:59:59 FATAL 150 134 226 42 :379  - The rare situation has occured at time 1738918799118, id to look up=89 18 154 172 , id of local node=150 134 226 42 , id of predecessor=145 84 232 106 
2025-02-07 03:59:59 FATAL 150 134 226 42 :379  - The rare situation has occured at time 1738918799240, id to look up=77 137 210 148 , id of local node=150 134 226 42 , id of predecessor=145 84 232 106 
2025-02-07 04:00:02 FATAL 150 134 226 42 :379  - The rare situation has occured at time 1738918802118, id to look up=118 84 111 154 , id of local node=150 134 226 42 , id of predecessor=145 84 232 106 
2025-02-07 04:00:03 FATAL 150 134 226 42 :379  - The rare situation has occured at time 1738918803716, id to look up=76 214 109 250 , id of local node=150 134 226 42 , id of predecessor=145 84 232 106 
2025-02-07 04:00:04 FATAL 150 134 226 42 :379  - The rare situation has occured at time 1738918804567, id to look up=111 184 74 237 , id of local node=150 134 226 42 , id of predecessor=145 84 232 106 
2025-02-07 04:00:06 FATAL 150 134 226 42 :379  - The rare situation has occured at time 1738918806726, id to look up=120 168 239 203 , id of local node=150 134 226 42 , id of predecessor=145 84 232 106 
2025-02-07 04:00:07 FATAL 150 134 226 42 :379  - The rare situation has occured at time 1738918807102, id to look up=114 36 249 151 , id of local node=150 134 226 42 , id of predecessor=145 84 232 106 
2025-02-07 04:00:07 FATAL 150 134 226 42 :379  - The rare situation has occured at time 1738918807232, id to look up=82 78 5 220 , id of local node=150 134 226 42 , id of predecessor=145 84 232 106 
2025-02-07 04:00:08 FATAL 150 134 226 42 :379  - The rare situation has occured at time 1738918808847, id to look up=104 62 114 92 , id of local node=150 134 226 42 , id of predecessor=145 84 232 106 
2025-02-07 04:00:09 FATAL 150 134 226 42 :379  - The rare situation has occured at time 1738918809886, id to look up=119 91 197 195 , id of local node=150 134 226 42 , id of predecessor=145 84 232 106 
2025-02-07 04:00:13 FATAL 150 134 226 42 :379  - The rare situation has occured at time 1738918813616, id to look up=86 173 77 77 , id of local node=150 134 226 42 , id of predecessor=145 84 232 106 
2025-02-07 04:00:14 FATAL 150 134 226 42 :379  - The rare situation has occured at time 1738918814878, id to look up=115 32 130 140 , id of local node=150 134 226 42 , id of predecessor=145 84 232 106 
2025-02-07 04:00:15 FATAL 150 134 226 42 :379  - The rare situation has occured at time 1738918815266, id to look up=80 51 107 198 , id of local node=150 134 226 42 , id of predecessor=145 84 232 106 
2025-02-07 04:00:16 FATAL 150 134 226 42 :379  - The rare situation has occured at time 1738918816308, id to look up=83 111 182 147 , id of local node=150 134 226 42 , id of predecessor=145 84 232 106 
2025-02-07 04:00:18 FATAL 150 134 226 42 :379  - The rare situation has occured at time 1738918818167, id to look up=107 98 119 175 , id of local node=150 134 226 42 , id of predecessor=145 84 232 106 
2025-02-07 04:00:19 FATAL 150 134 226 42 :379  - The rare situation has occured at time 1738918819536, id to look up=116 203 210 194 , id of local node=150 134 226 42 , id of predecessor=145 84 232 106 
2025-02-07 04:00:19 FATAL 150 134 226 42 :379  - The rare situation has occured at time 1738918819757, id to look up=105 229 105 118 , id of local node=150 134 226 42 , id of predecessor=145 84 232 106 
2025-02-07 04:00:19 FATAL 150 134 226 42 :379  - The rare situation has occured at time 1738918819887, id to look up=112 138 119 219 , id of local node=150 134 226 42 , id of predecessor=145 84 232 106 
2025-02-07 04:00:19 FATAL 150 134 226 42 :379  - The rare situation has occured at time 1738918819749, id to look up=113 123 47 61 , id of local node=150 134 226 42 , id of predecessor=145 84 232 106 
2025-02-07 04:00:20 FATAL 150 134 226 42 :379  - The rare situation has occured at time 1738918820880, id to look up=87 46 32 115 , id of local node=150 134 226 42 , id of predecessor=145 84 232 106 
2025-02-07 04:00:22 FATAL 150 134 226 42 :379  - The rare situation has occured at time 1738918822541, id to look up=88 240 116 73 , id of local node=150 134 226 42 , id of predecessor=145 84 232 106 
2025-02-07 04:00:24 FATAL 150 134 226 42 :379  - The rare situation has occured at time 1738918824472, id to look up=117 42 231 189 , id of local node=150 134 226 42 , id of predecessor=145 84 232 106 
2025-02-07 04:00:24 FATAL 150 134 226 42 :379  - The rare situation has occured at time 1738918824810, id to look up=77 234 29 174 , id of local node=150 134 226 42 , id of predecessor=145 84 232 106 
2025-02-07 04:00:26 FATAL 150 134 226 42 :379  - The rare situation has occured at time 1738918826811, id to look up=74 250 143 158 , id of local node=150 134 226 42 , id of predecessor=145 84 232 106 
2025-02-07 04:00:31 FATAL 150 134 226 42 :379  - The rare situation has occured at time 1738918831341, id to look up=76 130 5 218 , id of local node=150 134 226 42 , id of predecessor=145 84 232 106 
2025-02-07 04:00:31 FATAL 150 134 226 42 :379  - The rare situation has occured at time 1738918831801, id to look up=79 15 92 150 , id of local node=150 134 226 42 , id of predecessor=145 84 232 106 
2025-02-07 04:00:31 FATAL 150 134 226 42 :379  - The rare situation has occured at time 1738918831943, id to look up=82 253 185 246 , id of local node=150 134 226 42 , id of predecessor=145 84 232 106 
2025-02-07 04:00:32 FATAL 150 134 226 42 :379  - The rare situation has occured at time 1738918832580, id to look up=88 65 48 224 , id of local node=150 134 226 42 , id of predecessor=145 84 232 106 
2025-02-07 04:00:33 FATAL 150 134 226 42 :379  - The rare situation has occured at time 1738918833661, id to look up=74 247 249 237 , id of local node=150 134 226 42 , id of predecessor=145 84 232 106 
2025-02-07 04:00:35 FATAL 150 134 226 42 :379  - The rare situation has occured at time 1738918835651, id to look up=76 21 220 33 , id of local node=150 134 226 42 , id of predecessor=145 84 232 106 
2025-02-07 04:00:37 FATAL 150 134 226 42 :379  - The rare situation has occured at time 1738918837491, id to look up=104 42 3 244 , id of local node=150 134 226 42 , id of predecessor=145 84 232 106 
2025-02-07 04:00:38 FATAL 150 134 226 42 :379  - The rare situation has occured at time 1738918838710, id to look up=115 59 87 174 , id of local node=150 134 226 42 , id of predecessor=145 84 232 106 
2025-02-07 04:00:39 FATAL 150 134 226 42 :379  - The rare situation has occured at time 1738918839305, id to look up=109 54 52 121 , id of local node=150 134 226 42 , id of predecessor=145 84 232 106 
2025-02-07 04:00:39 FATAL 150 134 226 42 :379  - The rare situation has occured at time 1738918839525, id to look up=104 181 25 63 , id of local node=150 134 226 42 , id of predecessor=145 84 232 106 
2025-02-07 04:00:41 FATAL 150 134 226 42 :379  - The rare situation has occured at time 1738918841382, id to look up=107 15 77 153 , id of local node=150 134 226 42 , id of predecessor=145 84 232 106 
2025-02-07 04:00:43 FATAL 150 134 226 42 :379  - The rare situation has occured at time 1738918843411, id to look up=75 46 57 40 , id of local node=150 134 226 42 , id of predecessor=145 84 232 106 
2025-02-07 04:00:43 FATAL 150 134 226 42 :379  - The rare situation has occured at time 1738918843744, id to look up=120 125 65 217 , id of local node=150 134 226 42 , id of predecessor=145 84 232 106 
2025-02-07 04:00:44 FATAL 150 134 226 42 :379  - The rare situation has occured at time 1738918844650, id to look up=121 129 110 203 , id of local node=150 134 226 42 , id of predecessor=145 84 232 106 
2025-02-07 04:00:45 FATAL 150 134 226 42 :379  - The rare situation has occured at time 1738918845561, id to look up=114 193 151 91 , id of local node=150 134 226 42 , id of predecessor=145 84 232 106 
2025-02-07 04:00:47 FATAL 150 134 226 42 :379  - The rare situation has occured at time 1738918847101, id to look up=110 33 252 230 , id of local node=150 134 226 42 , id of predecessor=145 84 232 106 
2025-02-07 04:00:49 FATAL 150 134 226 42 :379  - The rare situation has occured at time 1738918849121, id to look up=85 71 246 49 , id of local node=150 134 226 42 , id of predecessor=145 84 232 106 
2025-02-07 04:00:51 FATAL 150 134 226 42 :379  - The rare situation has occured at time 1738918851451, id to look up=108 65 16 31 , id of local node=150 134 226 42 , id of predecessor=145 84 232 106 
2025-02-07 04:00:54 FATAL 150 134 226 42 :379  - The rare situation has occured at time 1738918854957, id to look up=86 228 58 228 , id of local node=150 134 226 42 , id of predecessor=145 84 232 106 
2025-02-07 04:00:56 FATAL 150 134 226 42 :379  - The rare situation has occured at time 1738918856647, id to look up=109 147 242 160 , id of local node=150 134 226 42 , id of predecessor=145 84 232 106 
2025-02-07 04:00:57 FATAL 150 134 226 42 :379  - The rare situation has occured at time 1738918857466, id to look up=74 14 136 207 , id of local node=150 134 226 42 , id of predecessor=145 84 232 106 
2025-02-07 04:01:01 FATAL 150 134 226 42 :379  - The rare situation has occured at time 1738918861049, id to look up=76 98 156 76 , id of local node=150 134 226 42 , id of predecessor=145 84 232 106 
2025-02-07 04:01:04 FATAL 150 134 226 42 :379  - The rare situation has occured at time 1738918864828, id to look up=110 155 153 56 , id of local node=150 134 226 42 , id of predecessor=145 84 232 106 
2025-02-07 04:01:05 FATAL 150 134 226 42 :379  - The rare situation has occured at time 1738918865066, id to look up=87 21 170 2 , id of local node=150 134 226 42 , id of predecessor=145 84 232 106 
2025-02-07 04:01:05 FATAL 150 134 226 42 :379  - The rare situation has occured at time 1738918865765, id to look up=77 199 120 41 , id of local node=150 134 226 42 , id of predecessor=145 84 232 106 
2025-02-07 04:01:06 FATAL 150 134 226 42 :379  - The rare situation has occured at time 1738918866916, id to look up=122 149 86 52 , id of local node=150 134 226 42 , id of predecessor=145 84 232 106 
2025-02-07 04:01:07 FATAL 150 134 226 42 :379  - The rare situation has occured at time 1738918867907, id to look up=119 135 54 116 , id of local node=150 134 226 42 , id of predecessor=145 84 232 106 
2025-02-07 04:01:08 FATAL 150 134 226 42 :379  - The rare situation has occured at time 1738918868128, id to look up=122 105 134 153 , id of local node=150 134 226 42 , id of predecessor=145 84 232 106 
2025-02-07 04:01:08 FATAL 150 134 226 42 :379  - The rare situation has occured at time 1738918868508, id to look up=117 152 143 90 , id of local node=150 134 226 42 , id of predecessor=145 84 232 106 
2025-02-07 04:01:08 FATAL 150 134 226 42 :379  - The rare situation has occured at time 1738918868788, id to look up=108 10 199 108 , id of local node=150 134 226 42 , id of predecessor=145 84 232 106 
2025-02-07 04:01:09 FATAL 150 134 226 42 :379  - The rare situation has occured at time 1738918869818, id to look up=120 78 240 5 , id of local node=150 134 226 42 , id of predecessor=145 84 232 106 
2025-02-07 04:01:09 FATAL 150 134 226 42 :379  - The rare situation has occured at time 1738918869938, id to look up=108 76 4 190 , id of local node=150 134 226 42 , id of predecessor=145 84 232 106 
2025-02-07 04:01:10 FATAL 150 134 226 42 :379  - The rare situation has occured at time 1738918870869, id to look up=109 14 16 80 , id of local node=150 134 226 42 , id of predecessor=145 84 232 106 
2025-02-07 04:01:12 FATAL 150 134 226 42 :379  - The rare situation has occured at time 1738918872918, id to look up=74 194 187 255 , id of local node=150 134 226 42 , id of predecessor=145 84 232 106 
2025-02-07 04:01:13 FATAL 150 134 226 42 :379  - The rare situation has occured at time 1738918873779, id to look up=81 234 198 180 , id of local node=150 134 226 42 , id of predecessor=145 84 232 106 
2025-02-07 04:01:14 FATAL 150 134 226 42 :379  - The rare situation has occured at time 1738918874768, id to look up=102 143 55 216 , id of local node=150 134 226 42 , id of predecessor=145 84 232 106 
2025-02-07 04:01:15 FATAL 150 134 226 42 :379  - The rare situation has occured at time 1738918875296, id to look up=111 148 110 38 , id of local node=150 134 226 42 , id of predecessor=145 84 232 106 
2025-02-07 04:01:16 FATAL 150 134 226 42 :379  - The rare situation has occured at time 1738918876971, id to look up=110 117 210 58 , id of local node=150 134 226 42 , id of predecessor=145 84 232 106 
2025-02-07 04:01:18 FATAL 150 134 226 42 :379  - The rare situation has occured at time 1738918878728, id to look up=108 199 29 145 , id of local node=150 134 226 42 , id of predecessor=145 84 232 106 
2025-02-07 04:01:19 FATAL 150 134 226 42 :379  - The rare situation has occured at time 1738918879504, id to look up=119 214 122 177 , id of local node=150 134 226 42 , id of predecessor=145 84 232 106 
2025-02-07 04:01:21 FATAL 150 134 226 42 :379  - The rare situation has occured at time 1738918881507, id to look up=113 16 224 211 , id of local node=150 134 226 42 , id of predecessor=145 84 232 106 
2025-02-07 04:01:22 FATAL 150 134 226 42 :379  - The rare situation has occured at time 1738918882293, id to look up=109 93 176 232 , id of local node=150 134 226 42 , id of predecessor=145 84 232 106 
