2025-02-07 03:50:18 WARN  OpenChordTest:205  - Peer joined at ocsocket://localhost:8096/ via ocsocket://localhost:8080/
2025-02-07 03:50:18 WARN  OpenChordTest:58  - Insert time for key 16 = 95 ms
2025-02-07 03:50:18 WARN  OpenChordTest:60  - Inserted (16, default)
2025-02-07 03:50:18 WARN  OpenChordTest:64  - Memory usage at ocsocket://localhost:8096/ = 18 MB
2025-02-07 03:52:21 FATAL 207 46 52 205 :379  - The rare situation has occured at time 1738918341842, id to look up=119 222 104 218 , id of local node=207 46 52 205 , id of predecessor=204 191 22 172 
2025-02-07 03:52:23 FATAL 207 46 52 205 :379  - The rare situation has occured at time 1738918343021, id to look up=172 52 120 214 , id of local node=207 46 52 205 , id of predecessor=204 191 22 172 
2025-02-07 03:52:23 FATAL 207 46 52 205 :379  - The rare situation has occured at time 1738918343526, id to look up=193 223 217 110 , id of local node=207 46 52 205 , id of predecessor=204 191 22 172 
2025-02-07 03:52:24 FATAL 207 46 52 205 :379  - The rare situation has occured at time 1738918344012, id to look up=177 213 120 17 , id of local node=207 46 52 205 , id of predecessor=204 191 22 172 
2025-02-07 03:52:24 FATAL 207 46 52 205 :379  - The rare situation has occured at time 1738918344681, id to look up=123 82 0 155 , id of local node=207 46 52 205 , id of predecessor=204 191 22 172 
2025-02-07 03:52:24 FATAL 207 46 52 205 :379  - The rare situation has occured at time 1738918344852, id to look up=189 48 122 62 , id of local node=207 46 52 205 , id of predecessor=204 191 22 172 
2025-02-07 03:52:25 FATAL 207 46 52 205 :379  - The rare situation has occured at time 1738918345121, id to look up=158 106 85 182 , id of local node=207 46 52 205 , id of predecessor=204 191 22 172 
2025-02-07 03:52:25 FATAL 207 46 52 205 :379  - The rare situation has occured at time 1738918345338, id to look up=179 240 199 246 , id of local node=207 46 52 205 , id of predecessor=204 191 22 172 
2025-02-07 03:52:25 FATAL 207 46 52 205 :379  - The rare situation has occured at time 1738918345894, id to look up=77 19 75 192 , id of local node=207 46 52 205 , id of predecessor=204 191 22 172 
2025-02-07 03:52:26 FATAL 207 46 52 205 :379  - The rare situation has occured at time 1738918346788, id to look up=188 51 234 78 , id of local node=207 46 52 205 , id of predecessor=204 191 22 172 
2025-02-07 03:52:27 FATAL 207 46 52 205 :379  - The rare situation has occured at time 1738918347301, id to look up=119 25 161 199 , id of local node=207 46 52 205 , id of predecessor=204 191 22 172 
2025-02-07 03:52:27 FATAL 207 46 52 205 :379  - The rare situation has occured at time 1738918347967, id to look up=203 78 82 8 , id of local node=207 46 52 205 , id of predecessor=204 191 22 172 
2025-02-07 03:53:38 FATAL 207 46 52 205 :379  - The rare situation has occured at time 1738918418824, id to look up=119 222 104 218 , id of local node=207 46 52 205 , id of predecessor=204 191 22 172 
2025-02-07 03:53:39 FATAL 207 46 52 205 :379  - The rare situation has occured at time 1738918419267, id to look up=172 52 120 214 , id of local node=207 46 52 205 , id of predecessor=204 191 22 172 
2025-02-07 03:53:39 FATAL 207 46 52 205 :379  - The rare situation has occured at time 1738918419791, id to look up=193 223 217 110 , id of local node=207 46 52 205 , id of predecessor=204 191 22 172 
2025-02-07 03:53:40 FATAL 207 46 52 205 :379  - The rare situation has occured at time 1738918420276, id to look up=177 213 120 17 , id of local node=207 46 52 205 , id of predecessor=204 191 22 172 
2025-02-07 03:53:40 FATAL 207 46 52 205 :379  - The rare situation has occured at time 1738918420936, id to look up=123 82 0 155 , id of local node=207 46 52 205 , id of predecessor=204 191 22 172 
2025-02-07 03:53:41 FATAL 207 46 52 205 :379  - The rare situation has occured at time 1738918421357, id to look up=189 48 122 62 , id of local node=207 46 52 205 , id of predecessor=204 191 22 172 
2025-02-07 03:53:42 FATAL 207 46 52 205 :379  - The rare situation has occured at time 1738918422231, id to look up=158 106 85 182 , id of local node=207 46 52 205 , id of predecessor=204 191 22 172 
2025-02-07 03:53:42 FATAL 207 46 52 205 :379  - The rare situation has occured at time 1738918422446, id to look up=179 240 199 246 , id of local node=207 46 52 205 , id of predecessor=204 191 22 172 
2025-02-07 03:53:42 FATAL 207 46 52 205 :379  - The rare situation has occured at time 1738918422992, id to look up=77 19 75 192 , id of local node=207 46 52 205 , id of predecessor=204 191 22 172 
2025-02-07 03:53:43 FATAL 207 46 52 205 :379  - The rare situation has occured at time 1738918423585, id to look up=188 51 234 78 , id of local node=207 46 52 205 , id of predecessor=204 191 22 172 
2025-02-07 03:53:44 FATAL 207 46 52 205 :379  - The rare situation has occured at time 1738918424110, id to look up=119 25 161 199 , id of local node=207 46 52 205 , id of predecessor=204 191 22 172 
2025-02-07 03:53:44 FATAL 207 46 52 205 :379  - The rare situation has occured at time 1738918424587, id to look up=203 78 82 8 , id of local node=207 46 52 205 , id of predecessor=204 191 22 172 
2025-02-07 03:53:45 FATAL 207 46 52 205 :379  - The rare situation has occured at time 1738918425040, id to look up=182 105 46 165 , id of local node=207 46 52 205 , id of predecessor=204 191 22 172 
2025-02-07 03:53:45 FATAL 207 46 52 205 :379  - The rare situation has occured at time 1738918425307, id to look up=151 42 103 196 , id of local node=207 46 52 205 , id of predecessor=204 191 22 172 
2025-02-07 03:53:45 FATAL 207 46 52 205 :379  - The rare situation has occured at time 1738918425625, id to look up=203 122 29 119 , id of local node=207 46 52 205 , id of predecessor=204 191 22 172 
2025-02-07 03:53:46 FATAL 207 46 52 205 :379  - The rare situation has occured at time 1738918426181, id to look up=202 53 18 244 , id of local node=207 46 52 205 , id of predecessor=204 191 22 172 
2025-02-07 03:53:46 FATAL 207 46 52 205 :379  - The rare situation has occured at time 1738918426285, id to look up=175 62 19 52 , id of local node=207 46 52 205 , id of predecessor=204 191 22 172 
2025-02-07 03:53:46 FATAL 207 46 52 205 :379  - The rare situation has occured at time 1738918426498, id to look up=118 31 34 178 , id of local node=207 46 52 205 , id of predecessor=204 191 22 172 
2025-02-07 03:53:47 FATAL 207 46 52 205 :379  - The rare situation has occured at time 1738918427007, id to look up=146 207 206 179 , id of local node=207 46 52 205 , id of predecessor=204 191 22 172 
2025-02-07 03:53:47 FATAL 207 46 52 205 :379  - The rare situation has occured at time 1738918427590, id to look up=152 251 196 47 , id of local node=207 46 52 205 , id of predecessor=204 191 22 172 
2025-02-07 03:53:48 FATAL 207 46 52 205 :379  - The rare situation has occured at time 1738918428253, id to look up=100 224 149 254 , id of local node=207 46 52 205 , id of predecessor=204 191 22 172 
2025-02-07 03:53:48 FATAL 207 46 52 205 :379  - The rare situation has occured at time 1738918428824, id to look up=183 235 108 104 , id of local node=207 46 52 205 , id of predecessor=204 191 22 172 
2025-02-07 03:53:49 FATAL 207 46 52 205 :379  - The rare situation has occured at time 1738918429140, id to look up=169 51 73 135 , id of local node=207 46 52 205 , id of predecessor=204 191 22 172 
2025-02-07 03:53:49 FATAL 207 46 52 205 :379  - The rare situation has occured at time 1738918429366, id to look up=197 183 109 163 , id of local node=207 46 52 205 , id of predecessor=204 191 22 172 
2025-02-07 03:53:50 FATAL 207 46 52 205 :379  - The rare situation has occured at time 1738918430021, id to look up=84 206 185 18 , id of local node=207 46 52 205 , id of predecessor=204 191 22 172 
2025-02-07 03:53:50 FATAL 207 46 52 205 :379  - The rare situation has occured at time 1738918430553, id to look up=102 123 229 67 , id of local node=207 46 52 205 , id of predecessor=204 191 22 172 
2025-02-07 03:53:51 FATAL 207 46 52 205 :379  - The rare situation has occured at time 1738918431630, id to look up=108 30 103 31 , id of local node=207 46 52 205 , id of predecessor=204 191 22 172 
2025-02-07 03:53:52 FATAL 207 46 52 205 :379  - The rare situation has occured at time 1738918432222, id to look up=81 26 65 142 , id of local node=207 46 52 205 , id of predecessor=204 191 22 172 
2025-02-07 03:53:52 FATAL 207 46 52 205 :379  - The rare situation has occured at time 1738918432455, id to look up=161 117 84 160 , id of local node=207 46 52 205 , id of predecessor=204 191 22 172 
2025-02-07 03:53:52 FATAL 207 46 52 205 :379  - The rare situation has occured at time 1738918432941, id to look up=198 108 101 23 , id of local node=207 46 52 205 , id of predecessor=204 191 22 172 
2025-02-07 03:54:52 FATAL 207 46 52 205 :379  - The rare situation has occured at time 1738918492432, id to look up=119 222 104 218 , id of local node=207 46 52 205 , id of predecessor=204 191 22 172 
2025-02-07 03:54:52 FATAL 207 46 52 205 :379  - The rare situation has occured at time 1738918492826, id to look up=172 52 120 214 , id of local node=207 46 52 205 , id of predecessor=204 191 22 172 
2025-02-07 03:54:53 FATAL 207 46 52 205 :379  - The rare situation has occured at time 1738918493351, id to look up=193 223 217 110 , id of local node=207 46 52 205 , id of predecessor=204 191 22 172 
2025-02-07 03:54:53 FATAL 207 46 52 205 :379  - The rare situation has occured at time 1738918493826, id to look up=177 213 120 17 , id of local node=207 46 52 205 , id of predecessor=204 191 22 172 
2025-02-07 03:54:54 FATAL 207 46 52 205 :379  - The rare situation has occured at time 1738918494497, id to look up=123 82 0 155 , id of local node=207 46 52 205 , id of predecessor=204 191 22 172 
2025-02-07 03:54:54 FATAL 207 46 52 205 :379  - The rare situation has occured at time 1738918494657, id to look up=189 48 122 62 , id of local node=207 46 52 205 , id of predecessor=204 191 22 172 
2025-02-07 03:54:55 FATAL 207 46 52 205 :379  - The rare situation has occured at time 1738918495541, id to look up=158 106 85 182 , id of local node=207 46 52 205 , id of predecessor=204 191 22 172 
2025-02-07 03:54:55 FATAL 207 46 52 205 :379  - The rare situation has occured at time 1738918495756, id to look up=179 240 199 246 , id of local node=207 46 52 205 , id of predecessor=204 191 22 172 
2025-02-07 03:54:56 FATAL 207 46 52 205 :379  - The rare situation has occured at time 1738918496303, id to look up=77 19 75 192 , id of local node=207 46 52 205 , id of predecessor=204 191 22 172 
2025-02-07 03:54:56 FATAL 207 46 52 205 :379  - The rare situation has occured at time 1738918496976, id to look up=188 51 234 78 , id of local node=207 46 52 205 , id of predecessor=204 191 22 172 
2025-02-07 03:54:57 FATAL 207 46 52 205 :379  - The rare situation has occured at time 1738918497491, id to look up=119 25 161 199 , id of local node=207 46 52 205 , id of predecessor=204 191 22 172 
2025-02-07 03:54:57 FATAL 207 46 52 205 :379  - The rare situation has occured at time 1738918497985, id to look up=203 78 82 8 , id of local node=207 46 52 205 , id of predecessor=204 191 22 172 
2025-02-07 03:54:58 FATAL 207 46 52 205 :379  - The rare situation has occured at time 1738918498441, id to look up=182 105 46 165 , id of local node=207 46 52 205 , id of predecessor=204 191 22 172 
2025-02-07 03:54:58 FATAL 207 46 52 205 :379  - The rare situation has occured at time 1738918498696, id to look up=151 42 103 196 , id of local node=207 46 52 205 , id of predecessor=204 191 22 172 
2025-02-07 03:54:59 FATAL 207 46 52 205 :379  - The rare situation has occured at time 1738918499016, id to look up=203 122 29 119 , id of local node=207 46 52 205 , id of predecessor=204 191 22 172 
2025-02-07 03:54:59 FATAL 207 46 52 205 :379  - The rare situation has occured at time 1738918499591, id to look up=202 53 18 244 , id of local node=207 46 52 205 , id of predecessor=204 191 22 172 
2025-02-07 03:54:59 FATAL 207 46 52 205 :379  - The rare situation has occured at time 1738918499696, id to look up=175 62 19 52 , id of local node=207 46 52 205 , id of predecessor=204 191 22 172 
2025-02-07 03:54:59 FATAL 207 46 52 205 :379  - The rare situation has occured at time 1738918499899, id to look up=118 31 34 178 , id of local node=207 46 52 205 , id of predecessor=204 191 22 172 
2025-02-07 03:55:00 FATAL 207 46 52 205 :379  - The rare situation has occured at time 1738918500425, id to look up=146 207 206 179 , id of local node=207 46 52 205 , id of predecessor=204 191 22 172 
2025-02-07 03:55:01 FATAL 207 46 52 205 :379  - The rare situation has occured at time 1738918501001, id to look up=152 251 196 47 , id of local node=207 46 52 205 , id of predecessor=204 191 22 172 
2025-02-07 03:55:01 FATAL 207 46 52 205 :379  - The rare situation has occured at time 1738918501702, id to look up=100 224 149 254 , id of local node=207 46 52 205 , id of predecessor=204 191 22 172 
2025-02-07 03:55:02 FATAL 207 46 52 205 :379  - The rare situation has occured at time 1738918502304, id to look up=183 235 108 104 , id of local node=207 46 52 205 , id of predecessor=204 191 22 172 
2025-02-07 03:55:02 FATAL 207 46 52 205 :379  - The rare situation has occured at time 1738918502631, id to look up=169 51 73 135 , id of local node=207 46 52 205 , id of predecessor=204 191 22 172 
2025-02-07 03:55:02 FATAL 207 46 52 205 :379  - The rare situation has occured at time 1738918502845, id to look up=197 183 109 163 , id of local node=207 46 52 205 , id of predecessor=204 191 22 172 
2025-02-07 03:55:03 FATAL 207 46 52 205 :379  - The rare situation has occured at time 1738918503511, id to look up=84 206 185 18 , id of local node=207 46 52 205 , id of predecessor=204 191 22 172 
2025-02-07 03:55:03 FATAL 207 46 52 205 :379  - The rare situation has occured at time 1738918503417, id to look up=102 123 229 67 , id of local node=207 46 52 205 , id of predecessor=204 191 22 172 
2025-02-07 03:55:04 FATAL 207 46 52 205 :379  - The rare situation has occured at time 1738918504546, id to look up=108 30 103 31 , id of local node=207 46 52 205 , id of predecessor=204 191 22 172 
2025-02-07 03:55:05 FATAL 207 46 52 205 :379  - The rare situation has occured at time 1738918505126, id to look up=81 26 65 142 , id of local node=207 46 52 205 , id of predecessor=204 191 22 172 
2025-02-07 03:55:05 FATAL 207 46 52 205 :379  - The rare situation has occured at time 1738918505350, id to look up=161 117 84 160 , id of local node=207 46 52 205 , id of predecessor=204 191 22 172 
2025-02-07 03:55:05 FATAL 207 46 52 205 :379  - The rare situation has occured at time 1738918505836, id to look up=198 108 101 23 , id of local node=207 46 52 205 , id of predecessor=204 191 22 172 
2025-02-07 03:55:06 FATAL 207 46 52 205 :379  - The rare situation has occured at time 1738918506046, id to look up=89 18 154 172 , id of local node=207 46 52 205 , id of predecessor=204 191 22 172 
2025-02-07 03:55:06 FATAL 207 46 52 205 :379  - The rare situation has occured at time 1738918506426, id to look up=77 137 210 148 , id of local node=207 46 52 205 , id of predecessor=204 191 22 172 
2025-02-07 03:55:06 FATAL 207 46 52 205 :379  - The rare situation has occured at time 1738918506542, id to look up=180 201 109 128 , id of local node=207 46 52 205 , id of predecessor=204 191 22 172 
2025-02-07 03:55:07 FATAL 207 46 52 205 :379  - The rare situation has occured at time 1738918507057, id to look up=167 43 32 6 , id of local node=207 46 52 205 , id of predecessor=204 191 22 172 
2025-02-07 03:55:07 FATAL 207 46 52 205 :379  - The rare situation has occured at time 1738918507261, id to look up=183 16 60 162 , id of local node=207 46 52 205 , id of predecessor=204 191 22 172 
2025-02-07 03:55:07 FATAL 207 46 52 205 :379  - The rare situation has occured at time 1738918507677, id to look up=192 151 99 143 , id of local node=207 46 52 205 , id of predecessor=204 191 22 172 
2025-02-07 03:55:08 FATAL 207 46 52 205 :379  - The rare situation has occured at time 1738918508596, id to look up=183 79 94 233 , id of local node=207 46 52 205 , id of predecessor=204 191 22 172 
2025-02-07 03:55:08 FATAL 207 46 52 205 :379  - The rare situation has occured at time 1738918508800, id to look up=184 136 178 152 , id of local node=207 46 52 205 , id of predecessor=204 191 22 172 
2025-02-07 03:55:09 FATAL 207 46 52 205 :379  - The rare situation has occured at time 1738918509203, id to look up=118 84 111 154 , id of local node=207 46 52 205 , id of predecessor=204 191 22 172 
2025-02-07 03:55:09 FATAL 207 46 52 205 :379  - The rare situation has occured at time 1738918509471, id to look up=190 70 26 12 , id of local node=207 46 52 205 , id of predecessor=204 191 22 172 
2025-02-07 03:55:10 FATAL 207 46 52 205 :379  - The rare situation has occured at time 1738918510256, id to look up=179 127 109 220 , id of local node=207 46 52 205 , id of predecessor=204 191 22 172 
2025-02-07 03:55:10 FATAL 207 46 52 205 :379  - The rare situation has occured at time 1738918510676, id to look up=76 214 109 250 , id of local node=207 46 52 205 , id of predecessor=204 191 22 172 
2025-02-07 03:55:11 FATAL 207 46 52 205 :379  - The rare situation has occured at time 1738918511753, id to look up=111 184 74 237 , id of local node=207 46 52 205 , id of predecessor=204 191 22 172 
2025-02-07 03:55:12 FATAL 207 46 52 205 :379  - The rare situation has occured at time 1738918512376, id to look up=154 121 190 97 , id of local node=207 46 52 205 , id of predecessor=204 191 22 172 
2025-02-07 03:55:12 FATAL 207 46 52 205 :379  - The rare situation has occured at time 1738918512929, id to look up=200 48 106 225 , id of local node=207 46 52 205 , id of predecessor=204 191 22 172 
2025-02-07 03:55:13 FATAL 207 46 52 205 :379  - The rare situation has occured at time 1738918513246, id to look up=147 67 133 245 , id of local node=207 46 52 205 , id of predecessor=204 191 22 172 
2025-02-07 03:55:13 FATAL 207 46 52 205 :379  - The rare situation has occured at time 1738918513801, id to look up=120 168 239 203 , id of local node=207 46 52 205 , id of predecessor=204 191 22 172 
2025-02-07 03:55:14 FATAL 207 46 52 205 :379  - The rare situation has occured at time 1738918514220, id to look up=114 36 249 151 , id of local node=207 46 52 205 , id of predecessor=204 191 22 172 
2025-02-07 03:55:14 FATAL 207 46 52 205 :379  - The rare situation has occured at time 1738918514358, id to look up=82 78 5 220 , id of local node=207 46 52 205 , id of predecessor=204 191 22 172 
2025-02-07 03:55:14 FATAL 207 46 52 205 :379  - The rare situation has occured at time 1738918514622, id to look up=161 66 46 106 , id of local node=207 46 52 205 , id of predecessor=204 191 22 172 
2025-02-07 03:55:15 FATAL 207 46 52 205 :379  - The rare situation has occured at time 1738918515657, id to look up=104 62 114 92 , id of local node=207 46 52 205 , id of predecessor=204 191 22 172 
2025-02-07 03:55:16 FATAL 207 46 52 205 :379  - The rare situation has occured at time 1738918516447, id to look up=162 227 61 52 , id of local node=207 46 52 205 , id of predecessor=204 191 22 172 
2025-02-07 03:55:16 FATAL 207 46 52 205 :379  - The rare situation has occured at time 1738918516618, id to look up=119 91 197 195 , id of local node=207 46 52 205 , id of predecessor=204 191 22 172 
2025-02-07 03:55:18 FATAL 207 46 52 205 :379  - The rare situation has occured at time 1738918518090, id to look up=180 24 43 255 , id of local node=207 46 52 205 , id of predecessor=204 191 22 172 
2025-02-07 03:56:22 FATAL 207 46 52 205 :379  - The rare situation has occured at time 1738918582579, id to look up=119 222 104 218 , id of local node=207 46 52 205 , id of predecessor=204 191 22 172 
2025-02-07 03:56:22 FATAL 207 46 52 205 :379  - The rare situation has occured at time 1738918582864, id to look up=172 52 120 214 , id of local node=207 46 52 205 , id of predecessor=204 191 22 172 
2025-02-07 03:56:23 FATAL 207 46 52 205 :379  - The rare situation has occured at time 1738918583064, id to look up=193 223 217 110 , id of local node=207 46 52 205 , id of predecessor=204 191 22 172 
2025-02-07 03:56:23 FATAL 207 46 52 205 :379  - The rare situation has occured at time 1738918583840, id to look up=177 213 120 17 , id of local node=207 46 52 205 , id of predecessor=204 191 22 172 
2025-02-07 03:56:24 FATAL 207 46 52 205 :379  - The rare situation has occured at time 1738918584567, id to look up=123 82 0 155 , id of local node=207 46 52 205 , id of predecessor=204 191 22 172 
2025-02-07 03:56:25 FATAL 207 46 52 205 :379  - The rare situation has occured at time 1738918585026, id to look up=189 48 122 62 , id of local node=207 46 52 205 , id of predecessor=204 191 22 172 
2025-02-07 03:56:25 FATAL 207 46 52 205 :379  - The rare situation has occured at time 1738918585900, id to look up=158 106 85 182 , id of local node=207 46 52 205 , id of predecessor=204 191 22 172 
2025-02-07 03:56:26 FATAL 207 46 52 205 :379  - The rare situation has occured at time 1738918586104, id to look up=179 240 199 246 , id of local node=207 46 52 205 , id of predecessor=204 191 22 172 
2025-02-07 03:56:26 FATAL 207 46 52 205 :379  - The rare situation has occured at time 1738918586671, id to look up=77 19 75 192 , id of local node=207 46 52 205 , id of predecessor=204 191 22 172 
2025-02-07 03:56:27 FATAL 207 46 52 205 :379  - The rare situation has occured at time 1738918587293, id to look up=188 51 234 78 , id of local node=207 46 52 205 , id of predecessor=204 191 22 172 
2025-02-07 03:56:27 FATAL 207 46 52 205 :379  - The rare situation has occured at time 1738918587830, id to look up=119 25 161 199 , id of local node=207 46 52 205 , id of predecessor=204 191 22 172 
2025-02-07 03:56:28 FATAL 207 46 52 205 :379  - The rare situation has occured at time 1738918588304, id to look up=203 78 82 8 , id of local node=207 46 52 205 , id of predecessor=204 191 22 172 
2025-02-07 03:56:28 FATAL 207 46 52 205 :379  - The rare situation has occured at time 1738918588770, id to look up=182 105 46 165 , id of local node=207 46 52 205 , id of predecessor=204 191 22 172 
2025-02-07 03:56:29 FATAL 207 46 52 205 :379  - The rare situation has occured at time 1738918589035, id to look up=151 42 103 196 , id of local node=207 46 52 205 , id of predecessor=204 191 22 172 
2025-02-07 03:56:29 FATAL 207 46 52 205 :379  - The rare situation has occured at time 1738918589344, id to look up=203 122 29 119 , id of local node=207 46 52 205 , id of predecessor=204 191 22 172 
2025-02-07 03:56:29 FATAL 207 46 52 205 :379  - The rare situation has occured at time 1738918589910, id to look up=202 53 18 244 , id of local node=207 46 52 205 , id of predecessor=204 191 22 172 
2025-02-07 03:56:30 FATAL 207 46 52 205 :379  - The rare situation has occured at time 1738918590015, id to look up=175 62 19 52 , id of local node=207 46 52 205 , id of predecessor=204 191 22 172 
2025-02-07 03:56:30 FATAL 207 46 52 205 :379  - The rare situation has occured at time 1738918590228, id to look up=118 31 34 178 , id of local node=207 46 52 205 , id of predecessor=204 191 22 172 
2025-02-07 03:56:30 FATAL 207 46 52 205 :379  - The rare situation has occured at time 1738918590744, id to look up=146 207 206 179 , id of local node=207 46 52 205 , id of predecessor=204 191 22 172 
2025-02-07 03:56:31 FATAL 207 46 52 205 :379  - The rare situation has occured at time 1738918591349, id to look up=152 251 196 47 , id of local node=207 46 52 205 , id of predecessor=204 191 22 172 
2025-02-07 03:56:32 FATAL 207 46 52 205 :379  - The rare situation has occured at time 1738918592019, id to look up=100 224 149 254 , id of local node=207 46 52 205 , id of predecessor=204 191 22 172 
2025-02-07 03:56:32 FATAL 207 46 52 205 :379  - The rare situation has occured at time 1738918592591, id to look up=183 235 108 104 , id of local node=207 46 52 205 , id of predecessor=204 191 22 172 
2025-02-07 03:56:32 FATAL 207 46 52 205 :379  - The rare situation has occured at time 1738918592909, id to look up=169 51 73 135 , id of local node=207 46 52 205 , id of predecessor=204 191 22 172 
2025-02-07 03:56:33 FATAL 207 46 52 205 :379  - The rare situation has occured at time 1738918593115, id to look up=197 183 109 163 , id of local node=207 46 52 205 , id of predecessor=204 191 22 172 
2025-02-07 03:56:33 FATAL 207 46 52 205 :379  - The rare situation has occured at time 1738918593809, id to look up=84 206 185 18 , id of local node=207 46 52 205 , id of predecessor=204 191 22 172 
2025-02-07 03:56:34 FATAL 207 46 52 205 :379  - The rare situation has occured at time 1738918594359, id to look up=102 123 229 67 , id of local node=207 46 52 205 , id of predecessor=204 191 22 172 
2025-02-07 03:56:35 FATAL 207 46 52 205 :379  - The rare situation has occured at time 1738918595470, id to look up=108 30 103 31 , id of local node=207 46 52 205 , id of predecessor=204 191 22 172 
2025-02-07 03:56:36 FATAL 207 46 52 205 :379  - The rare situation has occured at time 1738918596070, id to look up=81 26 65 142 , id of local node=207 46 52 205 , id of predecessor=204 191 22 172 
2025-02-07 03:56:36 FATAL 207 46 52 205 :379  - The rare situation has occured at time 1738918596293, id to look up=161 117 84 160 , id of local node=207 46 52 205 , id of predecessor=204 191 22 172 
2025-02-07 03:56:36 FATAL 207 46 52 205 :379  - The rare situation has occured at time 1738918596769, id to look up=198 108 101 23 , id of local node=207 46 52 205 , id of predecessor=204 191 22 172 
2025-02-07 03:56:36 FATAL 207 46 52 205 :379  - The rare situation has occured at time 1738918596979, id to look up=89 18 154 172 , id of local node=207 46 52 205 , id of predecessor=204 191 22 172 
2025-02-07 03:56:37 FATAL 207 46 52 205 :379  - The rare situation has occured at time 1738918597359, id to look up=77 137 210 148 , id of local node=207 46 52 205 , id of predecessor=204 191 22 172 
2025-02-07 03:56:37 FATAL 207 46 52 205 :379  - The rare situation has occured at time 1738918597484, id to look up=180 201 109 128 , id of local node=207 46 52 205 , id of predecessor=204 191 22 172 
2025-02-07 03:56:38 FATAL 207 46 52 205 :379  - The rare situation has occured at time 1738918598000, id to look up=167 43 32 6 , id of local node=207 46 52 205 , id of predecessor=204 191 22 172 
2025-02-07 03:56:38 FATAL 207 46 52 205 :379  - The rare situation has occured at time 1738918598204, id to look up=183 16 60 162 , id of local node=207 46 52 205 , id of predecessor=204 191 22 172 
2025-02-07 03:56:38 FATAL 207 46 52 205 :379  - The rare situation has occured at time 1738918598600, id to look up=192 151 99 143 , id of local node=207 46 52 205 , id of predecessor=204 191 22 172 
2025-02-07 03:56:38 FATAL 207 46 52 205 :379  - The rare situation has occured at time 1738918598921, id to look up=183 79 94 233 , id of local node=207 46 52 205 , id of predecessor=204 191 22 172 
2025-02-07 03:56:39 FATAL 207 46 52 205 :379  - The rare situation has occured at time 1738918599136, id to look up=184 136 178 152 , id of local node=207 46 52 205 , id of predecessor=204 191 22 172 
2025-02-07 03:56:39 FATAL 207 46 52 205 :379  - The rare situation has occured at time 1738918599558, id to look up=118 84 111 154 , id of local node=207 46 52 205 , id of predecessor=204 191 22 172 
2025-02-07 03:56:39 FATAL 207 46 52 205 :379  - The rare situation has occured at time 1738918599826, id to look up=190 70 26 12 , id of local node=207 46 52 205 , id of predecessor=204 191 22 172 
2025-02-07 03:56:40 FATAL 207 46 52 205 :379  - The rare situation has occured at time 1738918600611, id to look up=179 127 109 220 , id of local node=207 46 52 205 , id of predecessor=204 191 22 172 
2025-02-07 03:56:41 FATAL 207 46 52 205 :379  - The rare situation has occured at time 1738918601030, id to look up=76 214 109 250 , id of local node=207 46 52 205 , id of predecessor=204 191 22 172 
2025-02-07 03:56:42 FATAL 207 46 52 205 :379  - The rare situation has occured at time 1738918602129, id to look up=111 184 74 237 , id of local node=207 46 52 205 , id of predecessor=204 191 22 172 
2025-02-07 03:56:42 FATAL 207 46 52 205 :379  - The rare situation has occured at time 1738918602751, id to look up=154 121 190 97 , id of local node=207 46 52 205 , id of predecessor=204 191 22 172 
2025-02-07 03:56:43 FATAL 207 46 52 205 :379  - The rare situation has occured at time 1738918603304, id to look up=200 48 106 225 , id of local node=207 46 52 205 , id of predecessor=204 191 22 172 
2025-02-07 03:56:43 FATAL 207 46 52 205 :379  - The rare situation has occured at time 1738918603601, id to look up=147 67 133 245 , id of local node=207 46 52 205 , id of predecessor=204 191 22 172 
2025-02-07 03:56:44 FATAL 207 46 52 205 :379  - The rare situation has occured at time 1738918604175, id to look up=120 168 239 203 , id of local node=207 46 52 205 , id of predecessor=204 191 22 172 
2025-02-07 03:56:44 FATAL 207 46 52 205 :379  - The rare situation has occured at time 1738918604593, id to look up=114 36 249 151 , id of local node=207 46 52 205 , id of predecessor=204 191 22 172 
2025-02-07 03:56:44 FATAL 207 46 52 205 :379  - The rare situation has occured at time 1738918604711, id to look up=82 78 5 220 , id of local node=207 46 52 205 , id of predecessor=204 191 22 172 
2025-02-07 03:56:44 FATAL 207 46 52 205 :379  - The rare situation has occured at time 1738918604996, id to look up=161 66 46 106 , id of local node=207 46 52 205 , id of predecessor=204 191 22 172 
2025-02-07 03:56:46 FATAL 207 46 52 205 :379  - The rare situation has occured at time 1738918606011, id to look up=104 62 114 92 , id of local node=207 46 52 205 , id of predecessor=204 191 22 172 
2025-02-07 03:56:46 FATAL 207 46 52 205 :379  - The rare situation has occured at time 1738918606801, id to look up=162 227 61 52 , id of local node=207 46 52 205 , id of predecessor=204 191 22 172 
2025-02-07 03:56:46 FATAL 207 46 52 205 :379  - The rare situation has occured at time 1738918606962, id to look up=119 91 197 195 , id of local node=207 46 52 205 , id of predecessor=204 191 22 172 
2025-02-07 03:56:48 FATAL 207 46 52 205 :379  - The rare situation has occured at time 1738918608424, id to look up=180 24 43 255 , id of local node=207 46 52 205 , id of predecessor=204 191 22 172 
2025-02-07 03:56:49 FATAL 207 46 52 205 :379  - The rare situation has occured at time 1738918609151, id to look up=145 223 222 29 , id of local node=207 46 52 205 , id of predecessor=204 191 22 172 
2025-02-07 03:56:49 FATAL 207 46 52 205 :379  - The rare situation has occured at time 1738918609623, id to look up=149 232 21 209 , id of local node=207 46 52 205 , id of predecessor=204 191 22 172 
2025-02-07 03:56:50 FATAL 207 46 52 205 :379  - The rare situation has occured at time 1738918610096, id to look up=158 7 26 58 , id of local node=207 46 52 205 , id of predecessor=204 191 22 172 
2025-02-07 03:56:50 FATAL 207 46 52 205 :379  - The rare situation has occured at time 1738918610752, id to look up=86 173 77 77 , id of local node=207 46 52 205 , id of predecessor=204 191 22 172 
2025-02-07 03:56:51 FATAL 207 46 52 205 :379  - The rare situation has occured at time 1738918611365, id to look up=194 138 202 35 , id of local node=207 46 52 205 , id of predecessor=204 191 22 172 
2025-02-07 03:56:51 FATAL 207 46 52 205 :379  - The rare situation has occured at time 1738918611841, id to look up=201 202 68 39 , id of local node=207 46 52 205 , id of predecessor=204 191 22 172 
2025-02-07 03:56:52 FATAL 207 46 52 205 :379  - The rare situation has occured at time 1738918612155, id to look up=115 32 130 140 , id of local node=207 46 52 205 , id of predecessor=204 191 22 172 
2025-02-07 03:56:52 FATAL 207 46 52 205 :379  - The rare situation has occured at time 1738918612323, id to look up=80 51 107 198 , id of local node=207 46 52 205 , id of predecessor=204 191 22 172 
2025-02-07 03:56:53 FATAL 207 46 52 205 :379  - The rare situation has occured at time 1738918613045, id to look up=179 192 115 12 , id of local node=207 46 52 205 , id of predecessor=204 191 22 172 
2025-02-07 03:56:53 FATAL 207 46 52 205 :379  - The rare situation has occured at time 1738918613531, id to look up=83 111 182 147 , id of local node=207 46 52 205 , id of predecessor=204 191 22 172 
2025-02-07 03:56:54 FATAL 207 46 52 205 :379  - The rare situation has occured at time 1738918614085, id to look up=177 106 69 122 , id of local node=207 46 52 205 , id of predecessor=204 191 22 172 
2025-02-07 03:56:54 FATAL 207 46 52 205 :379  - The rare situation has occured at time 1738918614532, id to look up=172 38 70 2 , id of local node=207 46 52 205 , id of predecessor=204 191 22 172 
2025-02-07 03:56:54 FATAL 207 46 52 205 :379  - The rare situation has occured at time 1738918614756, id to look up=166 241 106 180 , id of local node=207 46 52 205 , id of predecessor=204 191 22 172 
2025-02-07 03:56:54 FATAL 207 46 52 205 :379  - The rare situation has occured at time 1738918614966, id to look up=157 137 116 186 , id of local node=207 46 52 205 , id of predecessor=204 191 22 172 
2025-02-07 03:56:55 FATAL 207 46 52 205 :379  - The rare situation has occured at time 1738918615316, id to look up=163 209 37 151 , id of local node=207 46 52 205 , id of predecessor=204 191 22 172 
2025-02-07 03:56:55 FATAL 207 46 52 205 :379  - The rare situation has occured at time 1738918615480, id to look up=107 98 119 175 , id of local node=207 46 52 205 , id of predecessor=204 191 22 172 
2025-02-07 03:56:55 FATAL 207 46 52 205 :379  - The rare situation has occured at time 1738918615666, id to look up=190 5 125 76 , id of local node=207 46 52 205 , id of predecessor=204 191 22 172 
2025-02-07 03:56:56 FATAL 207 46 52 205 :379  - The rare situation has occured at time 1738918616271, id to look up=174 30 113 152 , id of local node=207 46 52 205 , id of predecessor=204 191 22 172 
2025-02-07 03:56:56 FATAL 207 46 52 205 :379  - The rare situation has occured at time 1738918616585, id to look up=169 41 235 51 , id of local node=207 46 52 205 , id of predecessor=204 191 22 172 
2025-02-07 03:56:56 FATAL 207 46 52 205 :379  - The rare situation has occured at time 1738918616736, id to look up=116 203 210 194 , id of local node=207 46 52 205 , id of predecessor=204 191 22 172 
2025-02-07 03:56:57 FATAL 207 46 52 205 :379  - The rare situation has occured at time 1738918617220, id to look up=105 229 105 118 , id of local node=207 46 52 205 , id of predecessor=204 191 22 172 
2025-02-07 03:56:57 FATAL 207 46 52 205 :379  - The rare situation has occured at time 1738918617352, id to look up=112 138 119 219 , id of local node=207 46 52 205 , id of predecessor=204 191 22 172 
2025-02-07 03:56:57 FATAL 207 46 52 205 :379  - The rare situation has occured at time 1738918617788, id to look up=113 123 47 61 , id of local node=207 46 52 205 , id of predecessor=204 191 22 172 
2025-02-07 03:56:57 FATAL 207 46 52 205 :379  - The rare situation has occured at time 1738918617955, id to look up=148 148 14 83 , id of local node=207 46 52 205 , id of predecessor=204 191 22 172 
2025-02-07 03:56:58 FATAL 207 46 52 205 :379  - The rare situation has occured at time 1738918618422, id to look up=193 170 4 191 , id of local node=207 46 52 205 , id of predecessor=204 191 22 172 
2025-02-07 03:56:58 FATAL 207 46 52 205 :379  - The rare situation has occured at time 1738918618581, id to look up=87 46 32 115 , id of local node=207 46 52 205 , id of predecessor=204 191 22 172 
2025-02-07 03:56:59 FATAL 207 46 52 205 :379  - The rare situation has occured at time 1738918619892, id to look up=158 68 210 119 , id of local node=207 46 52 205 , id of predecessor=204 191 22 172 
2025-02-07 03:57:00 FATAL 207 46 52 205 :379  - The rare situation has occured at time 1738918620151, id to look up=174 229 68 206 , id of local node=207 46 52 205 , id of predecessor=204 191 22 172 
2025-02-07 03:57:00 FATAL 207 46 52 205 :379  - The rare situation has occured at time 1738918620417, id to look up=88 240 116 73 , id of local node=207 46 52 205 , id of predecessor=204 191 22 172 
2025-02-07 03:57:00 FATAL 207 46 52 205 :379  - The rare situation has occured at time 1738918620823, id to look up=188 248 20 171 , id of local node=207 46 52 205 , id of predecessor=204 191 22 172 
2025-02-07 03:57:01 FATAL 207 46 52 205 :379  - The rare situation has occured at time 1738918621551, id to look up=172 241 255 252 , id of local node=207 46 52 205 , id of predecessor=204 191 22 172 
2025-02-07 03:57:02 FATAL 207 46 52 205 :379  - The rare situation has occured at time 1738918622411, id to look up=117 42 231 189 , id of local node=207 46 52 205 , id of predecessor=204 191 22 172 
2025-02-07 03:57:02 FATAL 207 46 52 205 :379  - The rare situation has occured at time 1738918622541, id to look up=77 234 29 174 , id of local node=207 46 52 205 , id of predecessor=204 191 22 172 
2025-02-07 03:57:03 FATAL 207 46 52 205 :379  - The rare situation has occured at time 1738918623177, id to look up=200 55 48 122 , id of local node=207 46 52 205 , id of predecessor=204 191 22 172 
2025-02-07 03:57:03 FATAL 207 46 52 205 :379  - The rare situation has occured at time 1738918623761, id to look up=159 154 240 41 , id of local node=207 46 52 205 , id of predecessor=204 191 22 172 
2025-02-07 03:57:04 FATAL 207 46 52 205 :379  - The rare situation has occured at time 1738918624077, id to look up=161 101 251 214 , id of local node=207 46 52 205 , id of predecessor=204 191 22 172 
2025-02-07 03:57:04 FATAL 207 46 52 205 :379  - The rare situation has occured at time 1738918624727, id to look up=74 250 143 158 , id of local node=207 46 52 205 , id of predecessor=204 191 22 172 
2025-02-07 03:57:04 FATAL 207 46 52 205 :379  - The rare situation has occured at time 1738918624995, id to look up=186 171 52 1 , id of local node=207 46 52 205 , id of predecessor=204 191 22 172 
2025-02-07 03:57:05 FATAL 207 46 52 205 :379  - The rare situation has occured at time 1738918625521, id to look up=172 253 209 142 , id of local node=207 46 52 205 , id of predecessor=204 191 22 172 
2025-02-07 03:57:06 FATAL 207 46 52 205 :379  - The rare situation has occured at time 1738918626184, id to look up=154 21 244 45 , id of local node=207 46 52 205 , id of predecessor=204 191 22 172 
2025-02-07 03:57:06 FATAL 207 46 52 205 :379  - The rare situation has occured at time 1738918626656, id to look up=192 186 23 194 , id of local node=207 46 52 205 , id of predecessor=204 191 22 172 
2025-02-07 03:57:07 FATAL 207 46 52 205 :379  - The rare situation has occured at time 1738918627231, id to look up=154 112 119 108 , id of local node=207 46 52 205 , id of predecessor=204 191 22 172 
2025-02-07 03:57:07 FATAL 207 46 52 205 :379  - The rare situation has occured at time 1738918627646, id to look up=175 6 49 140 , id of local node=207 46 52 205 , id of predecessor=204 191 22 172 
2025-02-07 03:57:08 FATAL 207 46 52 205 :379  - The rare situation has occured at time 1738918628151, id to look up=188 21 199 116 , id of local node=207 46 52 205 , id of predecessor=204 191 22 172 
2025-02-07 03:57:08 FATAL 207 46 52 205 :379  - The rare situation has occured at time 1738918628662, id to look up=193 163 139 138 , id of local node=207 46 52 205 , id of predecessor=204 191 22 172 
2025-02-07 03:57:08 FATAL 207 46 52 205 :379  - The rare situation has occured at time 1738918628931, id to look up=202 208 111 60 , id of local node=207 46 52 205 , id of predecessor=204 191 22 172 
2025-02-07 03:57:09 FATAL 207 46 52 205 :379  - The rare situation has occured at time 1738918629089, id to look up=76 130 5 218 , id of local node=207 46 52 205 , id of predecessor=204 191 22 172 
2025-02-07 03:57:09 FATAL 207 46 52 205 :379  - The rare situation has occured at time 1738918629708, id to look up=79 15 92 150 , id of local node=207 46 52 205 , id of predecessor=204 191 22 172 
2025-02-07 03:57:09 FATAL 207 46 52 205 :379  - The rare situation has occured at time 1738918629830, id to look up=82 253 185 246 , id of local node=207 46 52 205 , id of predecessor=204 191 22 172 
2025-02-07 03:57:09 FATAL 207 46 52 205 :379  - The rare situation has occured at time 1738918629900, id to look up=88 65 48 224 , id of local node=207 46 52 205 , id of predecessor=204 191 22 172 
2025-02-07 03:57:10 FATAL 207 46 52 205 :379  - The rare situation has occured at time 1738918630022, id to look up=202 233 30 69 , id of local node=207 46 52 205 , id of predecessor=204 191 22 172 
2025-02-07 03:57:10 FATAL 207 46 52 205 :379  - The rare situation has occured at time 1738918630518, id to look up=159 253 26 225 , id of local node=207 46 52 205 , id of predecessor=204 191 22 172 
2025-02-07 03:57:10 FATAL 207 46 52 205 :379  - The rare situation has occured at time 1738918630756, id to look up=74 247 249 237 , id of local node=207 46 52 205 , id of predecessor=204 191 22 172 
2025-02-07 03:57:11 FATAL 207 46 52 205 :379  - The rare situation has occured at time 1738918631532, id to look up=180 239 125 241 , id of local node=207 46 52 205 , id of predecessor=204 191 22 172 
2025-02-07 03:57:12 FATAL 207 46 52 205 :379  - The rare situation has occured at time 1738918632058, id to look up=202 55 153 184 , id of local node=207 46 52 205 , id of predecessor=204 191 22 172 
2025-02-07 03:57:12 FATAL 207 46 52 205 :379  - The rare situation has occured at time 1738918632273, id to look up=186 48 253 151 , id of local node=207 46 52 205 , id of predecessor=204 191 22 172 
2025-02-07 03:57:12 FATAL 207 46 52 205 :379  - The rare situation has occured at time 1738918632630, id to look up=152 252 195 120 , id of local node=207 46 52 205 , id of predecessor=204 191 22 172 
2025-02-07 03:57:12 FATAL 207 46 52 205 :379  - The rare situation has occured at time 1738918632833, id to look up=76 21 220 33 , id of local node=207 46 52 205 , id of predecessor=204 191 22 172 
2025-02-07 03:57:13 FATAL 207 46 52 205 :379  - The rare situation has occured at time 1738918633093, id to look up=201 241 60 22 , id of local node=207 46 52 205 , id of predecessor=204 191 22 172 
2025-02-07 03:59:45 FATAL 207 46 52 205 :379  - The rare situation has occured at time 1738918785461, id to look up=119 222 104 218 , id of local node=207 46 52 205 , id of predecessor=204 191 22 172 
2025-02-07 03:59:45 FATAL 207 46 52 205 :379  - The rare situation has occured at time 1738918785894, id to look up=172 52 120 214 , id of local node=207 46 52 205 , id of predecessor=204 191 22 172 
2025-02-07 03:59:46 FATAL 207 46 52 205 :379  - The rare situation has occured at time 1738918786341, id to look up=193 223 217 110 , id of local node=207 46 52 205 , id of predecessor=204 191 22 172 
2025-02-07 03:59:46 FATAL 207 46 52 205 :379  - The rare situation has occured at time 1738918786795, id to look up=177 213 120 17 , id of local node=207 46 52 205 , id of predecessor=204 191 22 172 
2025-02-07 03:59:47 FATAL 207 46 52 205 :379  - The rare situation has occured at time 1738918787475, id to look up=123 82 0 155 , id of local node=207 46 52 205 , id of predecessor=204 191 22 172 
2025-02-07 03:59:47 FATAL 207 46 52 205 :379  - The rare situation has occured at time 1738918787636, id to look up=189 48 122 62 , id of local node=207 46 52 205 , id of predecessor=204 191 22 172 
2025-02-07 03:59:47 FATAL 207 46 52 205 :379  - The rare situation has occured at time 1738918787906, id to look up=158 106 85 182 , id of local node=207 46 52 205 , id of predecessor=204 191 22 172 
2025-02-07 03:59:48 FATAL 207 46 52 205 :379  - The rare situation has occured at time 1738918788110, id to look up=179 240 199 246 , id of local node=207 46 52 205 , id of predecessor=204 191 22 172 
2025-02-07 03:59:48 FATAL 207 46 52 205 :379  - The rare situation has occured at time 1738918788697, id to look up=77 19 75 192 , id of local node=207 46 52 205 , id of predecessor=204 191 22 172 
2025-02-07 03:59:49 FATAL 207 46 52 205 :379  - The rare situation has occured at time 1738918789319, id to look up=188 51 234 78 , id of local node=207 46 52 205 , id of predecessor=204 191 22 172 
2025-02-07 03:59:49 FATAL 207 46 52 205 :379  - The rare situation has occured at time 1738918789836, id to look up=119 25 161 199 , id of local node=207 46 52 205 , id of predecessor=204 191 22 172 
2025-02-07 03:59:50 FATAL 207 46 52 205 :379  - The rare situation has occured at time 1738918790310, id to look up=203 78 82 8 , id of local node=207 46 52 205 , id of predecessor=204 191 22 172 
2025-02-07 03:59:50 FATAL 207 46 52 205 :379  - The rare situation has occured at time 1738918790776, id to look up=182 105 46 165 , id of local node=207 46 52 205 , id of predecessor=204 191 22 172 
2025-02-07 03:59:51 FATAL 207 46 52 205 :379  - The rare situation has occured at time 1738918791050, id to look up=151 42 103 196 , id of local node=207 46 52 205 , id of predecessor=204 191 22 172 
2025-02-07 03:59:51 FATAL 207 46 52 205 :379  - The rare situation has occured at time 1738918791349, id to look up=203 122 29 119 , id of local node=207 46 52 205 , id of predecessor=204 191 22 172 
2025-02-07 03:59:51 FATAL 207 46 52 205 :379  - The rare situation has occured at time 1738918791906, id to look up=202 53 18 244 , id of local node=207 46 52 205 , id of predecessor=204 191 22 172 
2025-02-07 03:59:52 FATAL 207 46 52 205 :379  - The rare situation has occured at time 1738918792010, id to look up=175 62 19 52 , id of local node=207 46 52 205 , id of predecessor=204 191 22 172 
2025-02-07 03:59:52 FATAL 207 46 52 205 :379  - The rare situation has occured at time 1738918792214, id to look up=118 31 34 178 , id of local node=207 46 52 205 , id of predecessor=204 191 22 172 
2025-02-07 03:59:52 FATAL 207 46 52 205 :379  - The rare situation has occured at time 1738918792731, id to look up=146 207 206 179 , id of local node=207 46 52 205 , id of predecessor=204 191 22 172 
2025-02-07 03:59:53 FATAL 207 46 52 205 :379  - The rare situation has occured at time 1738918793286, id to look up=152 251 196 47 , id of local node=207 46 52 205 , id of predecessor=204 191 22 172 
2025-02-07 03:59:53 FATAL 207 46 52 205 :379  - The rare situation has occured at time 1738918793976, id to look up=100 224 149 254 , id of local node=207 46 52 205 , id of predecessor=204 191 22 172 
2025-02-07 03:59:54 FATAL 207 46 52 205 :379  - The rare situation has occured at time 1738918794548, id to look up=183 235 108 104 , id of local node=207 46 52 205 , id of predecessor=204 191 22 172 
2025-02-07 03:59:54 FATAL 207 46 52 205 :379  - The rare situation has occured at time 1738918794846, id to look up=169 51 73 135 , id of local node=207 46 52 205 , id of predecessor=204 191 22 172 
2025-02-07 03:59:55 FATAL 207 46 52 205 :379  - The rare situation has occured at time 1738918795061, id to look up=197 183 109 163 , id of local node=207 46 52 205 , id of predecessor=204 191 22 172 
2025-02-07 03:59:55 FATAL 207 46 52 205 :379  - The rare situation has occured at time 1738918795746, id to look up=84 206 185 18 , id of local node=207 46 52 205 , id of predecessor=204 191 22 172 
2025-02-07 03:59:56 FATAL 207 46 52 205 :379  - The rare situation has occured at time 1738918796275, id to look up=102 123 229 67 , id of local node=207 46 52 205 , id of predecessor=204 191 22 172 
2025-02-07 03:59:57 FATAL 207 46 52 205 :379  - The rare situation has occured at time 1738918797356, id to look up=108 30 103 31 , id of local node=207 46 52 205 , id of predecessor=204 191 22 172 
2025-02-07 03:59:57 FATAL 207 46 52 205 :379  - The rare situation has occured at time 1738918797964, id to look up=81 26 65 142 , id of local node=207 46 52 205 , id of predecessor=204 191 22 172 
2025-02-07 03:59:58 FATAL 207 46 52 205 :379  - The rare situation has occured at time 1738918798190, id to look up=161 117 84 160 , id of local node=207 46 52 205 , id of predecessor=204 191 22 172 
2025-02-07 03:59:58 FATAL 207 46 52 205 :379  - The rare situation has occured at time 1738918798656, id to look up=198 108 101 23 , id of local node=207 46 52 205 , id of predecessor=204 191 22 172 
2025-02-07 03:59:58 FATAL 207 46 52 205 :379  - The rare situation has occured at time 1738918798868, id to look up=89 18 154 172 , id of local node=207 46 52 205 , id of predecessor=204 191 22 172 
2025-02-07 03:59:59 FATAL 207 46 52 205 :379  - The rare situation has occured at time 1738918799236, id to look up=77 137 210 148 , id of local node=207 46 52 205 , id of predecessor=204 191 22 172 
2025-02-07 03:59:59 FATAL 207 46 52 205 :379  - The rare situation has occured at time 1738918799351, id to look up=180 201 109 128 , id of local node=207 46 52 205 , id of predecessor=204 191 22 172 
2025-02-07 03:59:59 FATAL 207 46 52 205 :379  - The rare situation has occured at time 1738918799876, id to look up=167 43 32 6 , id of local node=207 46 52 205 , id of predecessor=204 191 22 172 
2025-02-07 04:00:00 FATAL 207 46 52 205 :379  - The rare situation has occured at time 1738918800081, id to look up=183 16 60 162 , id of local node=207 46 52 205 , id of predecessor=204 191 22 172 
2025-02-07 04:00:00 FATAL 207 46 52 205 :379  - The rare situation has occured at time 1738918800476, id to look up=192 151 99 143 , id of local node=207 46 52 205 , id of predecessor=204 191 22 172 
2025-02-07 04:00:01 FATAL 207 46 52 205 :379  - The rare situation has occured at time 1738918801386, id to look up=183 79 94 233 , id of local node=207 46 52 205 , id of predecessor=204 191 22 172 
2025-02-07 04:00:01 FATAL 207 46 52 205 :379  - The rare situation has occured at time 1738918801600, id to look up=184 136 178 152 , id of local node=207 46 52 205 , id of predecessor=204 191 22 172 
2025-02-07 04:00:02 FATAL 207 46 52 205 :379  - The rare situation has occured at time 1738918802023, id to look up=118 84 111 154 , id of local node=207 46 52 205 , id of predecessor=204 191 22 172 
2025-02-07 04:00:02 FATAL 207 46 52 205 :379  - The rare situation has occured at time 1738918802281, id to look up=190 70 26 12 , id of local node=207 46 52 205 , id of predecessor=204 191 22 172 
2025-02-07 04:00:03 FATAL 207 46 52 205 :379  - The rare situation has occured at time 1738918803046, id to look up=179 127 109 220 , id of local node=207 46 52 205 , id of predecessor=204 191 22 172 
2025-02-07 04:00:03 FATAL 207 46 52 205 :379  - The rare situation has occured at time 1738918803455, id to look up=76 214 109 250 , id of local node=207 46 52 205 , id of predecessor=204 191 22 172 
2025-02-07 04:00:04 FATAL 207 46 52 205 :379  - The rare situation has occured at time 1738918804564, id to look up=111 184 74 237 , id of local node=207 46 52 205 , id of predecessor=204 191 22 172 
2025-02-07 04:00:05 FATAL 207 46 52 205 :379  - The rare situation has occured at time 1738918805186, id to look up=154 121 190 97 , id of local node=207 46 52 205 , id of predecessor=204 191 22 172 
2025-02-07 04:00:05 FATAL 207 46 52 205 :379  - The rare situation has occured at time 1738918805777, id to look up=200 48 106 225 , id of local node=207 46 52 205 , id of predecessor=204 191 22 172 
2025-02-07 04:00:06 FATAL 207 46 52 205 :379  - The rare situation has occured at time 1738918806086, id to look up=147 67 133 245 , id of local node=207 46 52 205 , id of predecessor=204 191 22 172 
2025-02-07 04:00:06 FATAL 207 46 52 205 :379  - The rare situation has occured at time 1738918806669, id to look up=120 168 239 203 , id of local node=207 46 52 205 , id of predecessor=204 191 22 172 
2025-02-07 04:00:07 FATAL 207 46 52 205 :379  - The rare situation has occured at time 1738918807098, id to look up=114 36 249 151 , id of local node=207 46 52 205 , id of predecessor=204 191 22 172 
2025-02-07 04:00:07 FATAL 207 46 52 205 :379  - The rare situation has occured at time 1738918807227, id to look up=82 78 5 220 , id of local node=207 46 52 205 , id of predecessor=204 191 22 172 
2025-02-07 04:00:07 FATAL 207 46 52 205 :379  - The rare situation has occured at time 1738918807499, id to look up=161 66 46 106 , id of local node=207 46 52 205 , id of predecessor=204 191 22 172 
2025-02-07 04:00:08 FATAL 207 46 52 205 :379  - The rare situation has occured at time 1738918808576, id to look up=104 62 114 92 , id of local node=207 46 52 205 , id of predecessor=204 191 22 172 
2025-02-07 04:00:09 FATAL 207 46 52 205 :379  - The rare situation has occured at time 1738918809376, id to look up=162 227 61 52 , id of local node=207 46 52 205 , id of predecessor=204 191 22 172 
2025-02-07 04:00:09 FATAL 207 46 52 205 :379  - The rare situation has occured at time 1738918809525, id to look up=119 91 197 195 , id of local node=207 46 52 205 , id of predecessor=204 191 22 172 
2025-02-07 04:00:10 FATAL 207 46 52 205 :379  - The rare situation has occured at time 1738918810979, id to look up=180 24 43 255 , id of local node=207 46 52 205 , id of predecessor=204 191 22 172 
2025-02-07 04:00:11 FATAL 207 46 52 205 :379  - The rare situation has occured at time 1738918811706, id to look up=145 223 222 29 , id of local node=207 46 52 205 , id of predecessor=204 191 22 172 
2025-02-07 04:00:12 FATAL 207 46 52 205 :379  - The rare situation has occured at time 1738918812167, id to look up=149 232 21 209 , id of local node=207 46 52 205 , id of predecessor=204 191 22 172 
2025-02-07 04:00:12 FATAL 207 46 52 205 :379  - The rare situation has occured at time 1738918812649, id to look up=158 7 26 58 , id of local node=207 46 52 205 , id of predecessor=204 191 22 172 
2025-02-07 04:00:13 FATAL 207 46 52 205 :379  - The rare situation has occured at time 1738918813306, id to look up=86 173 77 77 , id of local node=207 46 52 205 , id of predecessor=204 191 22 172 
2025-02-07 04:00:13 FATAL 207 46 52 205 :379  - The rare situation has occured at time 1738918813959, id to look up=194 138 202 35 , id of local node=207 46 52 205 , id of predecessor=204 191 22 172 
2025-02-07 04:00:14 FATAL 207 46 52 205 :379  - The rare situation has occured at time 1738918814416, id to look up=201 202 68 39 , id of local node=207 46 52 205 , id of predecessor=204 191 22 172 
2025-02-07 04:00:14 FATAL 207 46 52 205 :379  - The rare situation has occured at time 1738918814759, id to look up=115 32 130 140 , id of local node=207 46 52 205 , id of predecessor=204 191 22 172 
2025-02-07 04:00:14 FATAL 207 46 52 205 :379  - The rare situation has occured at time 1738918814954, id to look up=80 51 107 198 , id of local node=207 46 52 205 , id of predecessor=204 191 22 172 
2025-02-07 04:00:15 FATAL 207 46 52 205 :379  - The rare situation has occured at time 1738918815709, id to look up=179 192 115 12 , id of local node=207 46 52 205 , id of predecessor=204 191 22 172 
2025-02-07 04:00:16 FATAL 207 46 52 205 :379  - The rare situation has occured at time 1738918816156, id to look up=83 111 182 147 , id of local node=207 46 52 205 , id of predecessor=204 191 22 172 
2025-02-07 04:00:16 FATAL 207 46 52 205 :379  - The rare situation has occured at time 1738918816669, id to look up=177 106 69 122 , id of local node=207 46 52 205 , id of predecessor=204 191 22 172 
2025-02-07 04:00:17 FATAL 207 46 52 205 :379  - The rare situation has occured at time 1738918817116, id to look up=172 38 70 2 , id of local node=207 46 52 205 , id of predecessor=204 191 22 172 
2025-02-07 04:00:17 FATAL 207 46 52 205 :379  - The rare situation has occured at time 1738918817330, id to look up=166 241 106 180 , id of local node=207 46 52 205 , id of predecessor=204 191 22 172 
2025-02-07 04:00:17 FATAL 207 46 52 205 :379  - The rare situation has occured at time 1738918817540, id to look up=157 137 116 186 , id of local node=207 46 52 205 , id of predecessor=204 191 22 172 
2025-02-07 04:00:17 FATAL 207 46 52 205 :379  - The rare situation has occured at time 1738918817901, id to look up=163 209 37 151 , id of local node=207 46 52 205 , id of predecessor=204 191 22 172 
2025-02-07 04:00:18 FATAL 207 46 52 205 :379  - The rare situation has occured at time 1738918818056, id to look up=107 98 119 175 , id of local node=207 46 52 205 , id of predecessor=204 191 22 172 
2025-02-07 04:00:18 FATAL 207 46 52 205 :379  - The rare situation has occured at time 1738918818230, id to look up=190 5 125 76 , id of local node=207 46 52 205 , id of predecessor=204 191 22 172 
2025-02-07 04:00:18 FATAL 207 46 52 205 :379  - The rare situation has occured at time 1738918818836, id to look up=174 30 113 152 , id of local node=207 46 52 205 , id of predecessor=204 191 22 172 
2025-02-07 04:00:19 FATAL 207 46 52 205 :379  - The rare situation has occured at time 1738918819140, id to look up=169 41 235 51 , id of local node=207 46 52 205 , id of predecessor=204 191 22 172 
2025-02-07 04:00:19 FATAL 207 46 52 205 :379  - The rare situation has occured at time 1738918819292, id to look up=116 203 210 194 , id of local node=207 46 52 205 , id of predecessor=204 191 22 172 
2025-02-07 04:00:19 FATAL 207 46 52 205 :379  - The rare situation has occured at time 1738918819754, id to look up=105 229 105 118 , id of local node=207 46 52 205 , id of predecessor=204 191 22 172 
2025-02-07 04:00:19 FATAL 207 46 52 205 :379  - The rare situation has occured at time 1738918819884, id to look up=112 138 119 219 , id of local node=207 46 52 205 , id of predecessor=204 191 22 172 
2025-02-07 04:00:19 FATAL 207 46 52 205 :379  - The rare situation has occured at time 1738918819746, id to look up=113 123 47 61 , id of local node=207 46 52 205 , id of predecessor=204 191 22 172 
2025-02-07 04:00:19 FATAL 207 46 52 205 :379  - The rare situation has occured at time 1738918819925, id to look up=148 148 14 83 , id of local node=207 46 52 205 , id of predecessor=204 191 22 172 
2025-02-07 04:00:20 FATAL 207 46 52 205 :379  - The rare situation has occured at time 1738918820399, id to look up=193 170 4 191 , id of local node=207 46 52 205 , id of predecessor=204 191 22 172 
2025-02-07 04:00:20 FATAL 207 46 52 205 :379  - The rare situation has occured at time 1738918820571, id to look up=87 46 32 115 , id of local node=207 46 52 205 , id of predecessor=204 191 22 172 
2025-02-07 04:00:21 FATAL 207 46 52 205 :379  - The rare situation has occured at time 1738918821880, id to look up=158 68 210 119 , id of local node=207 46 52 205 , id of predecessor=204 191 22 172 
2025-02-07 04:00:22 FATAL 207 46 52 205 :379  - The rare situation has occured at time 1738918822130, id to look up=174 229 68 206 , id of local node=207 46 52 205 , id of predecessor=204 191 22 172 
2025-02-07 04:00:22 FATAL 207 46 52 205 :379  - The rare situation has occured at time 1738918822385, id to look up=88 240 116 73 , id of local node=207 46 52 205 , id of predecessor=204 191 22 172 
2025-02-07 04:00:22 FATAL 207 46 52 205 :379  - The rare situation has occured at time 1738918822831, id to look up=188 248 20 171 , id of local node=207 46 52 205 , id of predecessor=204 191 22 172 
2025-02-07 04:00:23 FATAL 207 46 52 205 :379  - The rare situation has occured at time 1738918823550, id to look up=172 241 255 252 , id of local node=207 46 52 205 , id of predecessor=204 191 22 172 
2025-02-07 04:00:24 FATAL 207 46 52 205 :379  - The rare situation has occured at time 1738918824418, id to look up=117 42 231 189 , id of local node=207 46 52 205 , id of predecessor=204 191 22 172 
2025-02-07 04:00:24 FATAL 207 46 52 205 :379  - The rare situation has occured at time 1738918824548, id to look up=77 234 29 174 , id of local node=207 46 52 205 , id of predecessor=204 191 22 172 
2025-02-07 04:00:25 FATAL 207 46 52 205 :379  - The rare situation has occured at time 1738918825183, id to look up=200 55 48 122 , id of local node=207 46 52 205 , id of predecessor=204 191 22 172 
2025-02-07 04:00:25 FATAL 207 46 52 205 :379  - The rare situation has occured at time 1738918825740, id to look up=159 154 240 41 , id of local node=207 46 52 205 , id of predecessor=204 191 22 172 
2025-02-07 04:00:26 FATAL 207 46 52 205 :379  - The rare situation has occured at time 1738918826073, id to look up=161 101 251 214 , id of local node=207 46 52 205 , id of predecessor=204 191 22 172 
2025-02-07 04:00:26 FATAL 207 46 52 205 :379  - The rare situation has occured at time 1738918826765, id to look up=74 250 143 158 , id of local node=207 46 52 205 , id of predecessor=204 191 22 172 
2025-02-07 04:00:27 FATAL 207 46 52 205 :379  - The rare situation has occured at time 1738918827024, id to look up=186 171 52 1 , id of local node=207 46 52 205 , id of predecessor=204 191 22 172 
2025-02-07 04:00:27 FATAL 207 46 52 205 :379  - The rare situation has occured at time 1738918827520, id to look up=172 253 209 142 , id of local node=207 46 52 205 , id of predecessor=204 191 22 172 
2025-02-07 04:00:28 FATAL 207 46 52 205 :379  - The rare situation has occured at time 1738918828192, id to look up=154 21 244 45 , id of local node=207 46 52 205 , id of predecessor=204 191 22 172 
2025-02-07 04:00:28 FATAL 207 46 52 205 :379  - The rare situation has occured at time 1738918828655, id to look up=192 186 23 194 , id of local node=207 46 52 205 , id of predecessor=204 191 22 172 
2025-02-07 04:00:29 FATAL 207 46 52 205 :379  - The rare situation has occured at time 1738918829240, id to look up=154 112 119 108 , id of local node=207 46 52 205 , id of predecessor=204 191 22 172 
2025-02-07 04:00:29 FATAL 207 46 52 205 :379  - The rare situation has occured at time 1738918829674, id to look up=175 6 49 140 , id of local node=207 46 52 205 , id of predecessor=204 191 22 172 
2025-02-07 04:00:30 FATAL 207 46 52 205 :379  - The rare situation has occured at time 1738918830210, id to look up=188 21 199 116 , id of local node=207 46 52 205 , id of predecessor=204 191 22 172 
2025-02-07 04:00:30 FATAL 207 46 52 205 :379  - The rare situation has occured at time 1738918830720, id to look up=193 163 139 138 , id of local node=207 46 52 205 , id of predecessor=204 191 22 172 
2025-02-07 04:00:30 FATAL 207 46 52 205 :379  - The rare situation has occured at time 1738918830970, id to look up=202 208 111 60 , id of local node=207 46 52 205 , id of predecessor=204 191 22 172 
2025-02-07 04:00:31 FATAL 207 46 52 205 :379  - The rare situation has occured at time 1738918831138, id to look up=76 130 5 218 , id of local node=207 46 52 205 , id of predecessor=204 191 22 172 
2025-02-07 04:00:31 FATAL 207 46 52 205 :379  - The rare situation has occured at time 1738918831797, id to look up=79 15 92 150 , id of local node=207 46 52 205 , id of predecessor=204 191 22 172 
2025-02-07 04:00:31 FATAL 207 46 52 205 :379  - The rare situation has occured at time 1738918831940, id to look up=82 253 185 246 , id of local node=207 46 52 205 , id of predecessor=204 191 22 172 
2025-02-07 04:00:32 FATAL 207 46 52 205 :379  - The rare situation has occured at time 1738918832577, id to look up=88 65 48 224 , id of local node=207 46 52 205 , id of predecessor=204 191 22 172 
2025-02-07 04:00:32 FATAL 207 46 52 205 :379  - The rare situation has occured at time 1738918832703, id to look up=202 233 30 69 , id of local node=207 46 52 205 , id of predecessor=204 191 22 172 
2025-02-07 04:00:33 FATAL 207 46 52 205 :379  - The rare situation has occured at time 1738918833200, id to look up=159 253 26 225 , id of local node=207 46 52 205 , id of predecessor=204 191 22 172 
2025-02-07 04:00:33 FATAL 207 46 52 205 :379  - The rare situation has occured at time 1738918833419, id to look up=74 247 249 237 , id of local node=207 46 52 205 , id of predecessor=204 191 22 172 
2025-02-07 04:00:34 FATAL 207 46 52 205 :379  - The rare situation has occured at time 1738918834214, id to look up=180 239 125 241 , id of local node=207 46 52 205 , id of predecessor=204 191 22 172 
2025-02-07 04:00:34 FATAL 207 46 52 205 :379  - The rare situation has occured at time 1738918834730, id to look up=202 55 153 184 , id of local node=207 46 52 205 , id of predecessor=204 191 22 172 
2025-02-07 04:00:34 FATAL 207 46 52 205 :379  - The rare situation has occured at time 1738918834933, id to look up=186 48 253 151 , id of local node=207 46 52 205 , id of predecessor=204 191 22 172 
2025-02-07 04:00:35 FATAL 207 46 52 205 :379  - The rare situation has occured at time 1738918835292, id to look up=152 252 195 120 , id of local node=207 46 52 205 , id of predecessor=204 191 22 172 
2025-02-07 04:00:35 FATAL 207 46 52 205 :379  - The rare situation has occured at time 1738918835493, id to look up=76 21 220 33 , id of local node=207 46 52 205 , id of predecessor=204 191 22 172 
2025-02-07 04:00:35 FATAL 207 46 52 205 :379  - The rare situation has occured at time 1738918835765, id to look up=201 241 60 22 , id of local node=207 46 52 205 , id of predecessor=204 191 22 172 
2025-02-07 04:00:36 FATAL 207 46 52 205 :379  - The rare situation has occured at time 1738918836489, id to look up=196 57 198 11 , id of local node=207 46 52 205 , id of predecessor=204 191 22 172 
2025-02-07 04:00:36 FATAL 207 46 52 205 :379  - The rare situation has occured at time 1738918836604, id to look up=152 47 216 183 , id of local node=207 46 52 205 , id of predecessor=204 191 22 172 
2025-02-07 04:00:37 FATAL 207 46 52 205 :379  - The rare situation has occured at time 1738918837287, id to look up=104 42 3 244 , id of local node=207 46 52 205 , id of predecessor=204 191 22 172 
2025-02-07 04:00:37 FATAL 207 46 52 205 :379  - The rare situation has occured at time 1738918837931, id to look up=154 97 184 110 , id of local node=207 46 52 205 , id of predecessor=204 191 22 172 
2025-02-07 04:00:38 FATAL 207 46 52 205 :379  - The rare situation has occured at time 1738918838556, id to look up=115 59 87 174 , id of local node=207 46 52 205 , id of predecessor=204 191 22 172 
2025-02-07 04:00:39 FATAL 207 46 52 205 :379  - The rare situation has occured at time 1738918839302, id to look up=109 54 52 121 , id of local node=207 46 52 205 , id of predecessor=204 191 22 172 
2025-02-07 04:00:39 FATAL 207 46 52 205 :379  - The rare situation has occured at time 1738918839522, id to look up=104 181 25 63 , id of local node=207 46 52 205 , id of predecessor=204 191 22 172 
2025-02-07 04:00:39 FATAL 207 46 52 205 :379  - The rare situation has occured at time 1738918839783, id to look up=186 97 61 31 , id of local node=207 46 52 205 , id of predecessor=204 191 22 172 
2025-02-07 04:00:40 FATAL 207 46 52 205 :379  - The rare situation has occured at time 1738918840970, id to look up=183 7 6 253 , id of local node=207 46 52 205 , id of predecessor=204 191 22 172 
2025-02-07 04:00:41 FATAL 207 46 52 205 :379  - The rare situation has occured at time 1738918841326, id to look up=107 15 77 153 , id of local node=207 46 52 205 , id of predecessor=204 191 22 172 
2025-02-07 04:00:41 FATAL 207 46 52 205 :379  - The rare situation has occured at time 1738918841494, id to look up=157 50 55 23 , id of local node=207 46 52 205 , id of predecessor=204 191 22 172 
2025-02-07 04:00:42 FATAL 207 46 52 205 :379  - The rare situation has occured at time 1738918842310, id to look up=160 43 133 127 , id of local node=207 46 52 205 , id of predecessor=204 191 22 172 
2025-02-07 04:00:42 FATAL 207 46 52 205 :379  - The rare situation has occured at time 1738918842616, id to look up=204 140 209 206 , id of local node=207 46 52 205 , id of predecessor=204 191 22 172 
2025-02-07 04:00:43 FATAL 207 46 52 205 :379  - The rare situation has occured at time 1738918843300, id to look up=75 46 57 40 , id of local node=207 46 52 205 , id of predecessor=204 191 22 172 
2025-02-07 04:00:43 FATAL 207 46 52 205 :379  - The rare situation has occured at time 1738918843741, id to look up=120 125 65 217 , id of local node=207 46 52 205 , id of predecessor=204 191 22 172 
2025-02-07 04:00:44 FATAL 207 46 52 205 :379  - The rare situation has occured at time 1738918844180, id to look up=187 203 177 232 , id of local node=207 46 52 205 , id of predecessor=204 191 22 172 
2025-02-07 04:00:44 FATAL 207 46 52 205 :379  - The rare situation has occured at time 1738918844398, id to look up=121 129 110 203 , id of local node=207 46 52 205 , id of predecessor=204 191 22 172 
2025-02-07 04:00:44 FATAL 207 46 52 205 :379  - The rare situation has occured at time 1738918844874, id to look up=154 61 97 39 , id of local node=207 46 52 205 , id of predecessor=204 191 22 172 
2025-02-07 04:00:45 FATAL 207 46 52 205 :379  - The rare situation has occured at time 1738918845300, id to look up=114 193 151 91 , id of local node=207 46 52 205 , id of predecessor=204 191 22 172 
2025-02-07 04:00:45 FATAL 207 46 52 205 :379  - The rare situation has occured at time 1738918845723, id to look up=174 95 250 101 , id of local node=207 46 52 205 , id of predecessor=204 191 22 172 
2025-02-07 04:00:46 FATAL 207 46 52 205 :379  - The rare situation has occured at time 1738918846430, id to look up=175 83 212 170 , id of local node=207 46 52 205 , id of predecessor=204 191 22 172 
2025-02-07 04:00:46 FATAL 207 46 52 205 :379  - The rare situation has occured at time 1738918846693, id to look up=169 60 22 131 , id of local node=207 46 52 205 , id of predecessor=204 191 22 172 
2025-02-07 04:00:46 FATAL 207 46 52 205 :379  - The rare situation has occured at time 1738918846803, id to look up=151 179 28 148 , id of local node=207 46 52 205 , id of predecessor=204 191 22 172 
2025-02-07 04:00:47 FATAL 207 46 52 205 :379  - The rare situation has occured at time 1738918847006, id to look up=110 33 252 230 , id of local node=207 46 52 205 , id of predecessor=204 191 22 172 
2025-02-07 04:00:47 FATAL 207 46 52 205 :379  - The rare situation has occured at time 1738918847743, id to look up=168 76 154 160 , id of local node=207 46 52 205 , id of predecessor=204 191 22 172 
2025-02-07 04:00:48 FATAL 207 46 52 205 :379  - The rare situation has occured at time 1738918848450, id to look up=203 77 213 39 , id of local node=207 46 52 205 , id of predecessor=204 191 22 172 
2025-02-07 04:00:48 FATAL 207 46 52 205 :379  - The rare situation has occured at time 1738918848918, id to look up=85 71 246 49 , id of local node=207 46 52 205 , id of predecessor=204 191 22 172 
2025-02-07 04:00:49 FATAL 207 46 52 205 :379  - The rare situation has occured at time 1738918849434, id to look up=166 9 187 138 , id of local node=207 46 52 205 , id of predecessor=204 191 22 172 
2025-02-07 04:00:49 FATAL 207 46 52 205 :379  - The rare situation has occured at time 1738918849959, id to look up=194 128 151 173 , id of local node=207 46 52 205 , id of predecessor=204 191 22 172 
2025-02-07 04:00:50 FATAL 207 46 52 205 :379  - The rare situation has occured at time 1738918850514, id to look up=156 136 45 92 , id of local node=207 46 52 205 , id of predecessor=204 191 22 172 
2025-02-07 04:00:51 FATAL 207 46 52 205 :379  - The rare situation has occured at time 1738918851354, id to look up=108 65 16 31 , id of local node=207 46 52 205 , id of predecessor=204 191 22 172 
2025-02-07 04:00:51 FATAL 207 46 52 205 :379  - The rare situation has occured at time 1738918851725, id to look up=196 21 80 93 , id of local node=207 46 52 205 , id of predecessor=204 191 22 172 
2025-02-07 04:00:53 FATAL 207 46 52 205 :379  - The rare situation has occured at time 1738918853316, id to look up=171 247 73 5 , id of local node=207 46 52 205 , id of predecessor=204 191 22 172 
2025-02-07 04:00:53 FATAL 207 46 52 205 :379  - The rare situation has occured at time 1738918853521, id to look up=161 119 61 98 , id of local node=207 46 52 205 , id of predecessor=204 191 22 172 
2025-02-07 04:00:53 FATAL 207 46 52 205 :379  - The rare situation has occured at time 1738918853731, id to look up=182 231 162 44 , id of local node=207 46 52 205 , id of predecessor=204 191 22 172 
2025-02-07 04:00:54 FATAL 207 46 52 205 :379  - The rare situation has occured at time 1738918854647, id to look up=86 228 58 228 , id of local node=207 46 52 205 , id of predecessor=204 191 22 172 
2025-02-07 04:00:55 FATAL 207 46 52 205 :379  - The rare situation has occured at time 1738918855291, id to look up=160 208 67 120 , id of local node=207 46 52 205 , id of predecessor=204 191 22 172 
2025-02-07 04:00:55 FATAL 207 46 52 205 :379  - The rare situation has occured at time 1738918855756, id to look up=176 1 104 88 , id of local node=207 46 52 205 , id of predecessor=204 191 22 172 
2025-02-07 04:00:56 FATAL 207 46 52 205 :379  - The rare situation has occured at time 1738918856011, id to look up=154 170 11 82 , id of local node=207 46 52 205 , id of predecessor=204 191 22 172 
2025-02-07 04:00:56 FATAL 207 46 52 205 :379  - The rare situation has occured at time 1738918856321, id to look up=151 112 90 149 , id of local node=207 46 52 205 , id of predecessor=204 191 22 172 
2025-02-07 04:00:56 FATAL 207 46 52 205 :379  - The rare situation has occured at time 1738918856596, id to look up=109 147 242 160 , id of local node=207 46 52 205 , id of predecessor=204 191 22 172 
2025-02-07 04:00:56 FATAL 207 46 52 205 :379  - The rare situation has occured at time 1738918856711, id to look up=165 19 50 72 , id of local node=207 46 52 205 , id of predecessor=204 191 22 172 
2025-02-07 04:00:57 FATAL 207 46 52 205 :379  - The rare situation has occured at time 1738918857116, id to look up=74 14 136 207 , id of local node=207 46 52 205 , id of predecessor=204 191 22 172 
2025-02-07 04:00:57 FATAL 207 46 52 205 :379  - The rare situation has occured at time 1738918857851, id to look up=182 226 239 216 , id of local node=207 46 52 205 , id of predecessor=204 191 22 172 
2025-02-07 04:00:58 FATAL 207 46 52 205 :379  - The rare situation has occured at time 1738918858336, id to look up=190 77 151 158 , id of local node=207 46 52 205 , id of predecessor=204 191 22 172 
2025-02-07 04:00:58 FATAL 207 46 52 205 :379  - The rare situation has occured at time 1738918858652, id to look up=200 41 235 150 , id of local node=207 46 52 205 , id of predecessor=204 191 22 172 
2025-02-07 04:00:59 FATAL 207 46 52 205 :379  - The rare situation has occured at time 1738918859186, id to look up=195 7 73 207 , id of local node=207 46 52 205 , id of predecessor=204 191 22 172 
2025-02-07 04:00:59 FATAL 207 46 52 205 :379  - The rare situation has occured at time 1738918859857, id to look up=183 65 242 82 , id of local node=207 46 52 205 , id of predecessor=204 191 22 172 
2025-02-07 04:01:01 FATAL 207 46 52 205 :379  - The rare situation has occured at time 1738918861000, id to look up=76 98 156 76 , id of local node=207 46 52 205 , id of predecessor=204 191 22 172 
2025-02-07 04:01:01 FATAL 207 46 52 205 :379  - The rare situation has occured at time 1738918861309, id to look up=176 198 137 36 , id of local node=207 46 52 205 , id of predecessor=204 191 22 172 
2025-02-07 04:01:01 FATAL 207 46 52 205 :379  - The rare situation has occured at time 1738918861796, id to look up=188 98 48 91 , id of local node=207 46 52 205 , id of predecessor=204 191 22 172 
2025-02-07 04:01:02 FATAL 207 46 52 205 :379  - The rare situation has occured at time 1738918862410, id to look up=158 212 242 159 , id of local node=207 46 52 205 , id of predecessor=204 191 22 172 
2025-02-07 04:01:02 FATAL 207 46 52 205 :379  - The rare situation has occured at time 1738918862510, id to look up=171 127 123 149 , id of local node=207 46 52 205 , id of predecessor=204 191 22 172 
2025-02-07 04:01:03 FATAL 207 46 52 205 :379  - The rare situation has occured at time 1738918863012, id to look up=195 90 159 197 , id of local node=207 46 52 205 , id of predecessor=204 191 22 172 
2025-02-07 04:01:03 FATAL 207 46 52 205 :379  - The rare situation has occured at time 1738918863576, id to look up=178 2 151 124 , id of local node=207 46 52 205 , id of predecessor=204 191 22 172 
2025-02-07 04:01:03 FATAL 207 46 52 205 :379  - The rare situation has occured at time 1738918863861, id to look up=190 186 77 93 , id of local node=207 46 52 205 , id of predecessor=204 191 22 172 
2025-02-07 04:01:04 FATAL 207 46 52 205 :379  - The rare situation has occured at time 1738918864675, id to look up=110 155 153 56 , id of local node=207 46 52 205 , id of predecessor=204 191 22 172 
2025-02-07 04:01:04 FATAL 207 46 52 205 :379  - The rare situation has occured at time 1738918864896, id to look up=87 21 170 2 , id of local node=207 46 52 205 , id of predecessor=204 191 22 172 
2025-02-07 04:01:05 FATAL 207 46 52 205 :379  - The rare situation has occured at time 1738918865762, id to look up=77 199 120 41 , id of local node=207 46 52 205 , id of predecessor=204 191 22 172 
2025-02-07 04:01:05 FATAL 207 46 52 205 :379  - The rare situation has occured at time 1738918865880, id to look up=147 172 25 70 , id of local node=207 46 52 205 , id of predecessor=204 191 22 172 
2025-02-07 04:01:06 FATAL 207 46 52 205 :379  - The rare situation has occured at time 1738918866556, id to look up=122 149 86 52 , id of local node=207 46 52 205 , id of predecessor=204 191 22 172 
2025-02-07 04:01:07 FATAL 207 46 52 205 :379  - The rare situation has occured at time 1738918867240, id to look up=167 133 189 191 , id of local node=207 46 52 205 , id of predecessor=204 191 22 172 
2025-02-07 04:01:07 FATAL 207 46 52 205 :379  - The rare situation has occured at time 1738918867656, id to look up=119 135 54 116 , id of local node=207 46 52 205 , id of predecessor=204 191 22 172 
2025-02-07 04:01:08 FATAL 207 46 52 205 :379  - The rare situation has occured at time 1738918868125, id to look up=122 105 134 153 , id of local node=207 46 52 205 , id of predecessor=204 191 22 172 
2025-02-07 04:01:08 FATAL 207 46 52 205 :379  - The rare situation has occured at time 1738918868505, id to look up=117 152 143 90 , id of local node=207 46 52 205 , id of predecessor=204 191 22 172 
2025-02-07 04:01:08 FATAL 207 46 52 205 :379  - The rare situation has occured at time 1738918868785, id to look up=108 10 199 108 , id of local node=207 46 52 205 , id of predecessor=204 191 22 172 
2025-02-07 04:01:08 FATAL 207 46 52 205 :379  - The rare situation has occured at time 1738918868951, id to look up=162 9 47 99 , id of local node=207 46 52 205 , id of predecessor=204 191 22 172 
2025-02-07 04:01:09 FATAL 207 46 52 205 :379  - The rare situation has occured at time 1738918869616, id to look up=120 78 240 5 , id of local node=207 46 52 205 , id of predecessor=204 191 22 172 
2025-02-07 04:01:09 FATAL 207 46 52 205 :379  - The rare situation has occured at time 1738918869935, id to look up=108 76 4 190 , id of local node=207 46 52 205 , id of predecessor=204 191 22 172 
2025-02-07 04:01:10 FATAL 207 46 52 205 :379  - The rare situation has occured at time 1738918870120, id to look up=191 158 153 152 , id of local node=207 46 52 205 , id of predecessor=204 191 22 172 
2025-02-07 04:01:10 FATAL 207 46 52 205 :379  - The rare situation has occured at time 1738918870747, id to look up=109 14 16 80 , id of local node=207 46 52 205 , id of predecessor=204 191 22 172 
2025-02-07 04:01:11 FATAL 207 46 52 205 :379  - The rare situation has occured at time 1738918871298, id to look up=172 62 123 0 , id of local node=207 46 52 205 , id of predecessor=204 191 22 172 
2025-02-07 04:01:11 FATAL 207 46 52 205 :379  - The rare situation has occured at time 1738918871606, id to look up=154 62 97 182 , id of local node=207 46 52 205 , id of predecessor=204 191 22 172 
2025-02-07 04:01:11 FATAL 207 46 52 205 :379  - The rare situation has occured at time 1738918871810, id to look up=172 156 149 119 , id of local node=207 46 52 205 , id of predecessor=204 191 22 172 
2025-02-07 04:01:12 FATAL 207 46 52 205 :379  - The rare situation has occured at time 1738918872498, id to look up=157 70 80 212 , id of local node=207 46 52 205 , id of predecessor=204 191 22 172 
2025-02-07 04:01:12 FATAL 207 46 52 205 :379  - The rare situation has occured at time 1738918872866, id to look up=74 194 187 255 , id of local node=207 46 52 205 , id of predecessor=204 191 22 172 
2025-02-07 04:01:13 FATAL 207 46 52 205 :379  - The rare situation has occured at time 1738918873180, id to look up=176 43 112 129 , id of local node=207 46 52 205 , id of predecessor=204 191 22 172 
2025-02-07 04:01:13 FATAL 207 46 52 205 :379  - The rare situation has occured at time 1738918873616, id to look up=81 234 198 180 , id of local node=207 46 52 205 , id of predecessor=204 191 22 172 
2025-02-07 04:01:14 FATAL 207 46 52 205 :379  - The rare situation has occured at time 1738918874259, id to look up=191 13 128 177 , id of local node=207 46 52 205 , id of predecessor=204 191 22 172 
2025-02-07 04:01:14 FATAL 207 46 52 205 :379  - The rare situation has occured at time 1738918874617, id to look up=102 143 55 216 , id of local node=207 46 52 205 , id of predecessor=204 191 22 172 
2025-02-07 04:01:15 FATAL 207 46 52 205 :379  - The rare situation has occured at time 1738918875055, id to look up=111 148 110 38 , id of local node=207 46 52 205 , id of predecessor=204 191 22 172 
2025-02-07 04:01:16 FATAL 207 46 52 205 :379  - The rare situation has occured at time 1738918876967, id to look up=110 117 210 58 , id of local node=207 46 52 205 , id of predecessor=204 191 22 172 
2025-02-07 04:01:17 FATAL 207 46 52 205 :379  - The rare situation has occured at time 1738918877987, id to look up=158 224 223 124 , id of local node=207 46 52 205 , id of predecessor=204 191 22 172 
2025-02-07 04:01:18 FATAL 207 46 52 205 :379  - The rare situation has occured at time 1738918878456, id to look up=108 199 29 145 , id of local node=207 46 52 205 , id of predecessor=204 191 22 172 
2025-02-07 04:01:19 FATAL 207 46 52 205 :379  - The rare situation has occured at time 1738918879500, id to look up=119 214 122 177 , id of local node=207 46 52 205 , id of predecessor=204 191 22 172 
2025-02-07 04:01:19 FATAL 207 46 52 205 :379  - The rare situation has occured at time 1738918879610, id to look up=197 111 92 182 , id of local node=207 46 52 205 , id of predecessor=204 191 22 172 
2025-02-07 04:01:20 FATAL 207 46 52 205 :379  - The rare situation has occured at time 1738918880176, id to look up=147 224 151 227 , id of local node=207 46 52 205 , id of predecessor=204 191 22 172 
2025-02-07 04:01:21 FATAL 207 46 52 205 :379  - The rare situation has occured at time 1738918881207, id to look up=113 16 224 211 , id of local node=207 46 52 205 , id of predecessor=204 191 22 172 
2025-02-07 04:01:22 FATAL 207 46 52 205 :379  - The rare situation has occured at time 1738918882288, id to look up=109 93 176 232 , id of local node=207 46 52 205 , id of predecessor=204 191 22 172 
2025-02-07 04:01:22 FATAL 207 46 52 205 :379  - The rare situation has occured at time 1738918882499, id to look up=183 245 17 63 , id of local node=207 46 52 205 , id of predecessor=204 191 22 172 
