2025-02-07 03:50:37 WARN  OpenChordTest:205  - Peer joined at ocsocket://localhost:8103/ via ocsocket://localhost:8080/
2025-02-07 03:50:38 WARN  OpenChordTest:58  - Insert time for key 23 = 264 ms
2025-02-07 03:50:38 WARN  OpenChordTest:60  - Inserted (23, default)
2025-02-07 03:50:38 WARN  OpenChordTest:64  - Memory usage at ocsocket://localhost:8103/ = 16 MB
2025-02-07 03:52:26 FATAL 125 23 89 250 :379  - The rare situation has occured at time 1738918346101, id to look up=77 19 75 192 , id of local node=125 23 89 250 , id of predecessor=100 32 172 14 
2025-02-07 03:53:43 FATAL 125 23 89 250 :379  - The rare situation has occured at time 1738918423220, id to look up=77 19 75 192 , id of local node=125 23 89 250 , id of predecessor=100 32 172 14 
2025-02-07 03:53:50 FATAL 125 23 89 250 :379  - The rare situation has occured at time 1738918430271, id to look up=84 206 185 18 , id of local node=125 23 89 250 , id of predecessor=100 32 172 14 
2025-02-07 03:53:52 FATAL 125 23 89 250 :379  - The rare situation has occured at time 1738918432280, id to look up=81 26 65 142 , id of local node=125 23 89 250 , id of predecessor=100 32 172 14 
2025-02-07 03:54:56 FATAL 125 23 89 250 :379  - The rare situation has occured at time 1738918496521, id to look up=77 19 75 192 , id of local node=125 23 89 250 , id of predecessor=100 32 172 14 
2025-02-07 03:55:03 FATAL 125 23 89 250 :379  - The rare situation has occured at time 1738918503136, id to look up=84 206 185 18 , id of local node=125 23 89 250 , id of predecessor=100 32 172 14 
2025-02-07 03:55:05 FATAL 125 23 89 250 :379  - The rare situation has occured at time 1738918505176, id to look up=81 26 65 142 , id of local node=125 23 89 250 , id of predecessor=100 32 172 14 
2025-02-07 03:55:06 FATAL 125 23 89 250 :379  - The rare situation has occured at time 1738918506299, id to look up=89 18 154 172 , id of local node=125 23 89 250 , id of predecessor=100 32 172 14 
2025-02-07 03:55:06 FATAL 125 23 89 250 :379  - The rare situation has occured at time 1738918506431, id to look up=77 137 210 148 , id of local node=125 23 89 250 , id of predecessor=100 32 172 14 
2025-02-07 03:55:11 FATAL 125 23 89 250 :379  - The rare situation has occured at time 1738918511086, id to look up=76 214 109 250 , id of local node=125 23 89 250 , id of predecessor=100 32 172 14 
2025-02-07 03:55:14 FATAL 125 23 89 250 :379  - The rare situation has occured at time 1738918514406, id to look up=82 78 5 220 , id of local node=125 23 89 250 , id of predecessor=100 32 172 14 
2025-02-07 03:56:26 FATAL 125 23 89 250 :379  - The rare situation has occured at time 1738918586870, id to look up=77 19 75 192 , id of local node=125 23 89 250 , id of predecessor=100 32 172 14 
2025-02-07 03:56:34 FATAL 125 23 89 250 :379  - The rare situation has occured at time 1738918594069, id to look up=84 206 185 18 , id of local node=125 23 89 250 , id of predecessor=100 32 172 14 
2025-02-07 03:56:36 FATAL 125 23 89 250 :379  - The rare situation has occured at time 1738918596129, id to look up=81 26 65 142 , id of local node=125 23 89 250 , id of predecessor=100 32 172 14 
2025-02-07 03:56:37 FATAL 125 23 89 250 :379  - The rare situation has occured at time 1738918597233, id to look up=89 18 154 172 , id of local node=125 23 89 250 , id of predecessor=100 32 172 14 
2025-02-07 03:56:37 FATAL 125 23 89 250 :379  - The rare situation has occured at time 1738918597365, id to look up=77 137 210 148 , id of local node=125 23 89 250 , id of predecessor=100 32 172 14 
2025-02-07 03:56:41 FATAL 125 23 89 250 :379  - The rare situation has occured at time 1738918601451, id to look up=76 214 109 250 , id of local node=125 23 89 250 , id of predecessor=100 32 172 14 
2025-02-07 03:56:44 FATAL 125 23 89 250 :379  - The rare situation has occured at time 1738918604761, id to look up=82 78 5 220 , id of local node=125 23 89 250 , id of predecessor=100 32 172 14 
2025-02-07 03:56:51 FATAL 125 23 89 250 :379  - The rare situation has occured at time 1738918611101, id to look up=86 173 77 77 , id of local node=125 23 89 250 , id of predecessor=100 32 172 14 
2025-02-07 03:56:52 FATAL 125 23 89 250 :379  - The rare situation has occured at time 1738918612771, id to look up=80 51 107 198 , id of local node=125 23 89 250 , id of predecessor=100 32 172 14 
2025-02-07 03:56:53 FATAL 125 23 89 250 :379  - The rare situation has occured at time 1738918613686, id to look up=83 111 182 147 , id of local node=125 23 89 250 , id of predecessor=100 32 172 14 
2025-02-07 03:56:58 FATAL 125 23 89 250 :379  - The rare situation has occured at time 1738918618941, id to look up=87 46 32 115 , id of local node=125 23 89 250 , id of predecessor=100 32 172 14 
2025-02-07 03:57:00 FATAL 125 23 89 250 :379  - The rare situation has occured at time 1738918620564, id to look up=88 240 116 73 , id of local node=125 23 89 250 , id of predecessor=100 32 172 14 
2025-02-07 03:57:02 FATAL 125 23 89 250 :379  - The rare situation has occured at time 1738918622961, id to look up=77 234 29 174 , id of local node=125 23 89 250 , id of predecessor=100 32 172 14 
2025-02-07 03:57:04 FATAL 125 23 89 250 :379  - The rare situation has occured at time 1738918624784, id to look up=74 250 143 158 , id of local node=125 23 89 250 , id of predecessor=100 32 172 14 
2025-02-07 03:57:09 FATAL 125 23 89 250 :379  - The rare situation has occured at time 1738918629284, id to look up=76 130 5 218 , id of local node=125 23 89 250 , id of predecessor=100 32 172 14 
2025-02-07 03:57:09 FATAL 125 23 89 250 :379  - The rare situation has occured at time 1738918629713, id to look up=79 15 92 150 , id of local node=125 23 89 250 , id of predecessor=100 32 172 14 
2025-02-07 03:57:09 FATAL 125 23 89 250 :379  - The rare situation has occured at time 1738918629836, id to look up=82 253 185 246 , id of local node=125 23 89 250 , id of predecessor=100 32 172 14 
2025-02-07 03:57:09 FATAL 125 23 89 250 :379  - The rare situation has occured at time 1738918629905, id to look up=88 65 48 224 , id of local node=125 23 89 250 , id of predecessor=100 32 172 14 
2025-02-07 03:57:11 FATAL 125 23 89 250 :379  - The rare situation has occured at time 1738918631001, id to look up=74 247 249 237 , id of local node=125 23 89 250 , id of predecessor=100 32 172 14 
2025-02-07 03:57:12 FATAL 125 23 89 250 :379  - The rare situation has occured at time 1738918632981, id to look up=76 21 220 33 , id of local node=125 23 89 250 , id of predecessor=100 32 172 14 
2025-02-07 03:59:48 FATAL 125 23 89 250 :379  - The rare situation has occured at time 1738918788896, id to look up=77 19 75 192 , id of local node=125 23 89 250 , id of predecessor=100 32 172 14 
2025-02-07 03:59:55 FATAL 125 23 89 250 :379  - The rare situation has occured at time 1738918795996, id to look up=84 206 185 18 , id of local node=125 23 89 250 , id of predecessor=100 32 172 14 
2025-02-07 03:59:58 FATAL 125 23 89 250 :379  - The rare situation has occured at time 1738918798026, id to look up=81 26 65 142 , id of local node=125 23 89 250 , id of predecessor=100 32 172 14 
2025-02-07 03:59:59 FATAL 125 23 89 250 :379  - The rare situation has occured at time 1738918799121, id to look up=89 18 154 172 , id of local node=125 23 89 250 , id of predecessor=100 32 172 14 
2025-02-07 03:59:59 FATAL 125 23 89 250 :379  - The rare situation has occured at time 1738918799242, id to look up=77 137 210 148 , id of local node=125 23 89 250 , id of predecessor=100 32 172 14 
2025-02-07 04:00:03 FATAL 125 23 89 250 :379  - The rare situation has occured at time 1738918803876, id to look up=76 214 109 250 , id of local node=125 23 89 250 , id of predecessor=100 32 172 14 
2025-02-07 04:00:07 FATAL 125 23 89 250 :379  - The rare situation has occured at time 1738918807286, id to look up=82 78 5 220 , id of local node=125 23 89 250 , id of predecessor=100 32 172 14 
2025-02-07 04:00:13 FATAL 125 23 89 250 :379  - The rare situation has occured at time 1738918813676, id to look up=86 173 77 77 , id of local node=125 23 89 250 , id of predecessor=100 32 172 14 
2025-02-07 04:00:15 FATAL 125 23 89 250 :379  - The rare situation has occured at time 1738918815416, id to look up=80 51 107 198 , id of local node=125 23 89 250 , id of predecessor=100 32 172 14 
2025-02-07 04:00:16 FATAL 125 23 89 250 :379  - The rare situation has occured at time 1738918816310, id to look up=83 111 182 147 , id of local node=125 23 89 250 , id of predecessor=100 32 172 14 
2025-02-07 04:00:20 FATAL 125 23 89 250 :379  - The rare situation has occured at time 1738918820930, id to look up=87 46 32 115 , id of local node=125 23 89 250 , id of predecessor=100 32 172 14 
2025-02-07 04:00:22 FATAL 125 23 89 250 :379  - The rare situation has occured at time 1738918822543, id to look up=88 240 116 73 , id of local node=125 23 89 250 , id of predecessor=100 32 172 14 
2025-02-07 04:00:24 FATAL 125 23 89 250 :379  - The rare situation has occured at time 1738918824960, id to look up=77 234 29 174 , id of local node=125 23 89 250 , id of predecessor=100 32 172 14 
2025-02-07 04:00:26 FATAL 125 23 89 250 :379  - The rare situation has occured at time 1738918826813, id to look up=74 250 143 158 , id of local node=125 23 89 250 , id of predecessor=100 32 172 14 
2025-02-07 04:00:31 FATAL 125 23 89 250 :379  - The rare situation has occured at time 1738918831344, id to look up=76 130 5 218 , id of local node=125 23 89 250 , id of predecessor=100 32 172 14 
2025-02-07 04:00:31 FATAL 125 23 89 250 :379  - The rare situation has occured at time 1738918831802, id to look up=79 15 92 150 , id of local node=125 23 89 250 , id of predecessor=100 32 172 14 
2025-02-07 04:00:31 FATAL 125 23 89 250 :379  - The rare situation has occured at time 1738918831945, id to look up=82 253 185 246 , id of local node=125 23 89 250 , id of predecessor=100 32 172 14 
2025-02-07 04:00:32 FATAL 125 23 89 250 :379  - The rare situation has occured at time 1738918832582, id to look up=88 65 48 224 , id of local node=125 23 89 250 , id of predecessor=100 32 172 14 
2025-02-07 04:00:33 FATAL 125 23 89 250 :379  - The rare situation has occured at time 1738918833663, id to look up=74 247 249 237 , id of local node=125 23 89 250 , id of predecessor=100 32 172 14 
2025-02-07 04:00:35 FATAL 125 23 89 250 :379  - The rare situation has occured at time 1738918835653, id to look up=76 21 220 33 , id of local node=125 23 89 250 , id of predecessor=100 32 172 14 
2025-02-07 04:00:43 FATAL 125 23 89 250 :379  - The rare situation has occured at time 1738918843460, id to look up=75 46 57 40 , id of local node=125 23 89 250 , id of predecessor=100 32 172 14 
2025-02-07 04:00:49 FATAL 125 23 89 250 :379  - The rare situation has occured at time 1738918849170, id to look up=85 71 246 49 , id of local node=125 23 89 250 , id of predecessor=100 32 172 14 
2025-02-07 04:00:55 FATAL 125 23 89 250 :379  - The rare situation has occured at time 1738918855107, id to look up=86 228 58 228 , id of local node=125 23 89 250 , id of predecessor=100 32 172 14 
2025-02-07 04:00:57 FATAL 125 23 89 250 :379  - The rare situation has occured at time 1738918857627, id to look up=74 14 136 207 , id of local node=125 23 89 250 , id of predecessor=100 32 172 14 
2025-02-07 04:01:01 FATAL 125 23 89 250 :379  - The rare situation has occured at time 1738918861051, id to look up=76 98 156 76 , id of local node=125 23 89 250 , id of predecessor=100 32 172 14 
2025-02-07 04:01:05 FATAL 125 23 89 250 :379  - The rare situation has occured at time 1738918865217, id to look up=87 21 170 2 , id of local node=125 23 89 250 , id of predecessor=100 32 172 14 
2025-02-07 04:01:05 FATAL 125 23 89 250 :379  - The rare situation has occured at time 1738918865767, id to look up=77 199 120 41 , id of local node=125 23 89 250 , id of predecessor=100 32 172 14 
2025-02-07 04:01:12 FATAL 125 23 89 250 :379  - The rare situation has occured at time 1738918872966, id to look up=74 194 187 255 , id of local node=125 23 89 250 , id of predecessor=100 32 172 14 
2025-02-07 04:01:13 FATAL 125 23 89 250 :379  - The rare situation has occured at time 1738918873781, id to look up=81 234 198 180 , id of local node=125 23 89 250 , id of predecessor=100 32 172 14 
