2025-02-07 03:50:32 WARN  OpenChordTest:205  - Peer joined at ocsocket://localhost:8102/ via ocsocket://localhost:8080/
2025-02-07 03:50:32 WARN  OpenChordTest:58  - Insert time for key 22 = 98 ms
2025-02-07 03:50:32 WARN  OpenChordTest:60  - Inserted (22, default)
2025-02-07 03:50:32 WARN  OpenChordTest:64  - Memory usage at ocsocket://localhost:8102/ = 4 MB
2025-02-07 03:52:21 FATAL 198 23 79 243 :379  - The rare situation has occured at time 1738918341844, id to look up=119 222 104 218 , id of local node=198 23 79 243 , id of predecessor=191 94 184 109 
2025-02-07 03:52:23 FATAL 198 23 79 243 :379  - The rare situation has occured at time 1738918343023, id to look up=172 52 120 214 , id of local node=198 23 79 243 , id of predecessor=191 94 184 109 
2025-02-07 03:52:24 FATAL 198 23 79 243 :379  - The rare situation has occured at time 1738918344056, id to look up=177 213 120 17 , id of local node=198 23 79 243 , id of predecessor=191 94 184 109 
2025-02-07 03:52:24 FATAL 198 23 79 243 :379  - The rare situation has occured at time 1738918344683, id to look up=123 82 0 155 , id of local node=198 23 79 243 , id of predecessor=191 94 184 109 
2025-02-07 03:52:24 FATAL 198 23 79 243 :379  - The rare situation has occured at time 1738918344853, id to look up=189 48 122 62 , id of local node=198 23 79 243 , id of predecessor=191 94 184 109 
2025-02-07 03:52:25 FATAL 198 23 79 243 :379  - The rare situation has occured at time 1738918345221, id to look up=158 106 85 182 , id of local node=198 23 79 243 , id of predecessor=191 94 184 109 
2025-02-07 03:52:25 FATAL 198 23 79 243 :379  - The rare situation has occured at time 1738918345339, id to look up=179 240 199 246 , id of local node=198 23 79 243 , id of predecessor=191 94 184 109 
2025-02-07 03:52:25 FATAL 198 23 79 243 :379  - The rare situation has occured at time 1738918345896, id to look up=77 19 75 192 , id of local node=198 23 79 243 , id of predecessor=191 94 184 109 
2025-02-07 03:52:26 FATAL 198 23 79 243 :379  - The rare situation has occured at time 1738918346789, id to look up=188 51 234 78 , id of local node=198 23 79 243 , id of predecessor=191 94 184 109 
2025-02-07 03:52:27 FATAL 198 23 79 243 :379  - The rare situation has occured at time 1738918347401, id to look up=119 25 161 199 , id of local node=198 23 79 243 , id of predecessor=191 94 184 109 
2025-02-07 03:53:38 FATAL 198 23 79 243 :379  - The rare situation has occured at time 1738918418931, id to look up=119 222 104 218 , id of local node=198 23 79 243 , id of predecessor=191 94 184 109 
2025-02-07 03:53:39 FATAL 198 23 79 243 :379  - The rare situation has occured at time 1738918419268, id to look up=172 52 120 214 , id of local node=198 23 79 243 , id of predecessor=191 94 184 109 
2025-02-07 03:53:40 FATAL 198 23 79 243 :379  - The rare situation has occured at time 1738918420321, id to look up=177 213 120 17 , id of local node=198 23 79 243 , id of predecessor=191 94 184 109 
2025-02-07 03:53:40 FATAL 198 23 79 243 :379  - The rare situation has occured at time 1738918420938, id to look up=123 82 0 155 , id of local node=198 23 79 243 , id of predecessor=191 94 184 109 
2025-02-07 03:53:41 FATAL 198 23 79 243 :379  - The rare situation has occured at time 1738918421359, id to look up=189 48 122 62 , id of local node=198 23 79 243 , id of predecessor=191 94 184 109 
2025-02-07 03:53:42 FATAL 198 23 79 243 :379  - The rare situation has occured at time 1738918422331, id to look up=158 106 85 182 , id of local node=198 23 79 243 , id of predecessor=191 94 184 109 
2025-02-07 03:53:42 FATAL 198 23 79 243 :379  - The rare situation has occured at time 1738918422447, id to look up=179 240 199 246 , id of local node=198 23 79 243 , id of predecessor=191 94 184 109 
2025-02-07 03:53:42 FATAL 198 23 79 243 :379  - The rare situation has occured at time 1738918422993, id to look up=77 19 75 192 , id of local node=198 23 79 243 , id of predecessor=191 94 184 109 
2025-02-07 03:53:43 FATAL 198 23 79 243 :379  - The rare situation has occured at time 1738918423587, id to look up=188 51 234 78 , id of local node=198 23 79 243 , id of predecessor=191 94 184 109 
2025-02-07 03:53:44 FATAL 198 23 79 243 :379  - The rare situation has occured at time 1738918424210, id to look up=119 25 161 199 , id of local node=198 23 79 243 , id of predecessor=191 94 184 109 
2025-02-07 03:53:45 FATAL 198 23 79 243 :379  - The rare situation has occured at time 1738918425101, id to look up=182 105 46 165 , id of local node=198 23 79 243 , id of predecessor=191 94 184 109 
2025-02-07 03:53:45 FATAL 198 23 79 243 :379  - The rare situation has occured at time 1738918425308, id to look up=151 42 103 196 , id of local node=198 23 79 243 , id of predecessor=191 94 184 109 
2025-02-07 03:53:46 FATAL 198 23 79 243 :379  - The rare situation has occured at time 1738918426331, id to look up=175 62 19 52 , id of local node=198 23 79 243 , id of predecessor=191 94 184 109 
2025-02-07 03:53:46 FATAL 198 23 79 243 :379  - The rare situation has occured at time 1738918426590, id to look up=118 31 34 178 , id of local node=198 23 79 243 , id of predecessor=191 94 184 109 
2025-02-07 03:53:47 FATAL 198 23 79 243 :379  - The rare situation has occured at time 1738918427008, id to look up=146 207 206 179 , id of local node=198 23 79 243 , id of predecessor=191 94 184 109 
2025-02-07 03:53:47 FATAL 198 23 79 243 :379  - The rare situation has occured at time 1738918427690, id to look up=152 251 196 47 , id of local node=198 23 79 243 , id of predecessor=191 94 184 109 
2025-02-07 03:53:48 FATAL 198 23 79 243 :379  - The rare situation has occured at time 1738918428254, id to look up=100 224 149 254 , id of local node=198 23 79 243 , id of predecessor=191 94 184 109 
2025-02-07 03:53:48 FATAL 198 23 79 243 :379  - The rare situation has occured at time 1738918428825, id to look up=183 235 108 104 , id of local node=198 23 79 243 , id of predecessor=191 94 184 109 
2025-02-07 03:53:49 FATAL 198 23 79 243 :379  - The rare situation has occured at time 1738918429251, id to look up=169 51 73 135 , id of local node=198 23 79 243 , id of predecessor=191 94 184 109 
2025-02-07 03:53:50 FATAL 198 23 79 243 :379  - The rare situation has occured at time 1738918430120, id to look up=84 206 185 18 , id of local node=198 23 79 243 , id of predecessor=191 94 184 109 
2025-02-07 03:53:50 FATAL 198 23 79 243 :379  - The rare situation has occured at time 1738918430554, id to look up=102 123 229 67 , id of local node=198 23 79 243 , id of predecessor=191 94 184 109 
2025-02-07 03:53:51 FATAL 198 23 79 243 :379  - The rare situation has occured at time 1738918431731, id to look up=108 30 103 31 , id of local node=198 23 79 243 , id of predecessor=191 94 184 109 
2025-02-07 03:53:52 FATAL 198 23 79 243 :379  - The rare situation has occured at time 1738918432223, id to look up=81 26 65 142 , id of local node=198 23 79 243 , id of predecessor=191 94 184 109 
2025-02-07 03:53:52 FATAL 198 23 79 243 :379  - The rare situation has occured at time 1738918432456, id to look up=161 117 84 160 , id of local node=198 23 79 243 , id of predecessor=191 94 184 109 
2025-02-07 03:54:52 FATAL 198 23 79 243 :379  - The rare situation has occured at time 1738918492541, id to look up=119 222 104 218 , id of local node=198 23 79 243 , id of predecessor=191 94 184 109 
2025-02-07 03:54:52 FATAL 198 23 79 243 :379  - The rare situation has occured at time 1738918492827, id to look up=172 52 120 214 , id of local node=198 23 79 243 , id of predecessor=191 94 184 109 
2025-02-07 03:54:53 FATAL 198 23 79 243 :379  - The rare situation has occured at time 1738918493871, id to look up=177 213 120 17 , id of local node=198 23 79 243 , id of predecessor=191 94 184 109 
2025-02-07 03:54:54 FATAL 198 23 79 243 :379  - The rare situation has occured at time 1738918494498, id to look up=123 82 0 155 , id of local node=198 23 79 243 , id of predecessor=191 94 184 109 
2025-02-07 03:54:54 FATAL 198 23 79 243 :379  - The rare situation has occured at time 1738918494658, id to look up=189 48 122 62 , id of local node=198 23 79 243 , id of predecessor=191 94 184 109 
2025-02-07 03:54:55 FATAL 198 23 79 243 :379  - The rare situation has occured at time 1738918495652, id to look up=158 106 85 182 , id of local node=198 23 79 243 , id of predecessor=191 94 184 109 
2025-02-07 03:54:55 FATAL 198 23 79 243 :379  - The rare situation has occured at time 1738918495757, id to look up=179 240 199 246 , id of local node=198 23 79 243 , id of predecessor=191 94 184 109 
2025-02-07 03:54:56 FATAL 198 23 79 243 :379  - The rare situation has occured at time 1738918496304, id to look up=77 19 75 192 , id of local node=198 23 79 243 , id of predecessor=191 94 184 109 
2025-02-07 03:54:56 FATAL 198 23 79 243 :379  - The rare situation has occured at time 1738918496977, id to look up=188 51 234 78 , id of local node=198 23 79 243 , id of predecessor=191 94 184 109 
2025-02-07 03:54:57 FATAL 198 23 79 243 :379  - The rare situation has occured at time 1738918497591, id to look up=119 25 161 199 , id of local node=198 23 79 243 , id of predecessor=191 94 184 109 
2025-02-07 03:54:58 FATAL 198 23 79 243 :379  - The rare situation has occured at time 1738918498492, id to look up=182 105 46 165 , id of local node=198 23 79 243 , id of predecessor=191 94 184 109 
2025-02-07 03:54:58 FATAL 198 23 79 243 :379  - The rare situation has occured at time 1738918498697, id to look up=151 42 103 196 , id of local node=198 23 79 243 , id of predecessor=191 94 184 109 
2025-02-07 03:54:59 FATAL 198 23 79 243 :379  - The rare situation has occured at time 1738918499742, id to look up=175 62 19 52 , id of local node=198 23 79 243 , id of predecessor=191 94 184 109 
2025-02-07 03:54:59 FATAL 198 23 79 243 :379  - The rare situation has occured at time 1738918499991, id to look up=118 31 34 178 , id of local node=198 23 79 243 , id of predecessor=191 94 184 109 
2025-02-07 03:55:00 FATAL 198 23 79 243 :379  - The rare situation has occured at time 1738918500426, id to look up=146 207 206 179 , id of local node=198 23 79 243 , id of predecessor=191 94 184 109 
2025-02-07 03:55:01 FATAL 198 23 79 243 :379  - The rare situation has occured at time 1738918501101, id to look up=152 251 196 47 , id of local node=198 23 79 243 , id of predecessor=191 94 184 109 
2025-02-07 03:55:01 FATAL 198 23 79 243 :379  - The rare situation has occured at time 1738918501703, id to look up=100 224 149 254 , id of local node=198 23 79 243 , id of predecessor=191 94 184 109 
2025-02-07 03:55:02 FATAL 198 23 79 243 :379  - The rare situation has occured at time 1738918502305, id to look up=183 235 108 104 , id of local node=198 23 79 243 , id of predecessor=191 94 184 109 
2025-02-07 03:55:02 FATAL 198 23 79 243 :379  - The rare situation has occured at time 1738918502731, id to look up=169 51 73 135 , id of local node=198 23 79 243 , id of predecessor=191 94 184 109 
2025-02-07 03:55:03 FATAL 198 23 79 243 :379  - The rare situation has occured at time 1738918503611, id to look up=84 206 185 18 , id of local node=198 23 79 243 , id of predecessor=191 94 184 109 
2025-02-07 03:55:03 FATAL 198 23 79 243 :379  - The rare situation has occured at time 1738918503418, id to look up=102 123 229 67 , id of local node=198 23 79 243 , id of predecessor=191 94 184 109 
2025-02-07 03:55:04 FATAL 198 23 79 243 :379  - The rare situation has occured at time 1738918504646, id to look up=108 30 103 31 , id of local node=198 23 79 243 , id of predecessor=191 94 184 109 
2025-02-07 03:55:05 FATAL 198 23 79 243 :379  - The rare situation has occured at time 1738918505127, id to look up=81 26 65 142 , id of local node=198 23 79 243 , id of predecessor=191 94 184 109 
2025-02-07 03:55:05 FATAL 198 23 79 243 :379  - The rare situation has occured at time 1738918505351, id to look up=161 117 84 160 , id of local node=198 23 79 243 , id of predecessor=191 94 184 109 
2025-02-07 03:55:06 FATAL 198 23 79 243 :379  - The rare situation has occured at time 1738918506146, id to look up=89 18 154 172 , id of local node=198 23 79 243 , id of predecessor=191 94 184 109 
2025-02-07 03:55:06 FATAL 198 23 79 243 :379  - The rare situation has occured at time 1738918506427, id to look up=77 137 210 148 , id of local node=198 23 79 243 , id of predecessor=191 94 184 109 
2025-02-07 03:55:06 FATAL 198 23 79 243 :379  - The rare situation has occured at time 1738918506543, id to look up=180 201 109 128 , id of local node=198 23 79 243 , id of predecessor=191 94 184 109 
2025-02-07 03:55:07 FATAL 198 23 79 243 :379  - The rare situation has occured at time 1738918507156, id to look up=167 43 32 6 , id of local node=198 23 79 243 , id of predecessor=191 94 184 109 
2025-02-07 03:55:07 FATAL 198 23 79 243 :379  - The rare situation has occured at time 1738918507262, id to look up=183 16 60 162 , id of local node=198 23 79 243 , id of predecessor=191 94 184 109 
2025-02-07 03:55:08 FATAL 198 23 79 243 :379  - The rare situation has occured at time 1738918508696, id to look up=183 79 94 233 , id of local node=198 23 79 243 , id of predecessor=191 94 184 109 
2025-02-07 03:55:08 FATAL 198 23 79 243 :379  - The rare situation has occured at time 1738918508801, id to look up=184 136 178 152 , id of local node=198 23 79 243 , id of predecessor=191 94 184 109 
2025-02-07 03:55:09 FATAL 198 23 79 243 :379  - The rare situation has occured at time 1738918509204, id to look up=118 84 111 154 , id of local node=198 23 79 243 , id of predecessor=191 94 184 109 
2025-02-07 03:55:09 FATAL 198 23 79 243 :379  - The rare situation has occured at time 1738918509472, id to look up=190 70 26 12 , id of local node=198 23 79 243 , id of predecessor=191 94 184 109 
2025-02-07 03:55:10 FATAL 198 23 79 243 :379  - The rare situation has occured at time 1738918510356, id to look up=179 127 109 220 , id of local node=198 23 79 243 , id of predecessor=191 94 184 109 
2025-02-07 03:55:10 FATAL 198 23 79 243 :379  - The rare situation has occured at time 1738918510677, id to look up=76 214 109 250 , id of local node=198 23 79 243 , id of predecessor=191 94 184 109 
2025-02-07 03:55:11 FATAL 198 23 79 243 :379  - The rare situation has occured at time 1738918511753, id to look up=111 184 74 237 , id of local node=198 23 79 243 , id of predecessor=191 94 184 109 
2025-02-07 03:55:12 FATAL 198 23 79 243 :379  - The rare situation has occured at time 1738918512477, id to look up=154 121 190 97 , id of local node=198 23 79 243 , id of predecessor=191 94 184 109 
2025-02-07 03:55:13 FATAL 198 23 79 243 :379  - The rare situation has occured at time 1738918513297, id to look up=147 67 133 245 , id of local node=198 23 79 243 , id of predecessor=191 94 184 109 
2025-02-07 03:55:13 FATAL 198 23 79 243 :379  - The rare situation has occured at time 1738918513802, id to look up=120 168 239 203 , id of local node=198 23 79 243 , id of predecessor=191 94 184 109 
2025-02-07 03:55:14 FATAL 198 23 79 243 :379  - The rare situation has occured at time 1738918514222, id to look up=114 36 249 151 , id of local node=198 23 79 243 , id of predecessor=191 94 184 109 
2025-02-07 03:55:14 FATAL 198 23 79 243 :379  - The rare situation has occured at time 1738918514359, id to look up=82 78 5 220 , id of local node=198 23 79 243 , id of predecessor=191 94 184 109 
2025-02-07 03:55:14 FATAL 198 23 79 243 :379  - The rare situation has occured at time 1738918514623, id to look up=161 66 46 106 , id of local node=198 23 79 243 , id of predecessor=191 94 184 109 
2025-02-07 03:55:15 FATAL 198 23 79 243 :379  - The rare situation has occured at time 1738918515757, id to look up=104 62 114 92 , id of local node=198 23 79 243 , id of predecessor=191 94 184 109 
2025-02-07 03:55:16 FATAL 198 23 79 243 :379  - The rare situation has occured at time 1738918516449, id to look up=162 227 61 52 , id of local node=198 23 79 243 , id of predecessor=191 94 184 109 
2025-02-07 03:55:16 FATAL 198 23 79 243 :379  - The rare situation has occured at time 1738918516717, id to look up=119 91 197 195 , id of local node=198 23 79 243 , id of predecessor=191 94 184 109 
2025-02-07 03:55:18 FATAL 198 23 79 243 :379  - The rare situation has occured at time 1738918518091, id to look up=180 24 43 255 , id of local node=198 23 79 243 , id of predecessor=191 94 184 109 
2025-02-07 03:56:22 FATAL 198 23 79 243 :379  - The rare situation has occured at time 1738918582631, id to look up=119 222 104 218 , id of local node=198 23 79 243 , id of predecessor=191 94 184 109 
2025-02-07 03:56:22 FATAL 198 23 79 243 :379  - The rare situation has occured at time 1738918582960, id to look up=172 52 120 214 , id of local node=198 23 79 243 , id of predecessor=191 94 184 109 
2025-02-07 03:56:23 FATAL 198 23 79 243 :379  - The rare situation has occured at time 1738918583950, id to look up=177 213 120 17 , id of local node=198 23 79 243 , id of predecessor=191 94 184 109 
2025-02-07 03:56:24 FATAL 198 23 79 243 :379  - The rare situation has occured at time 1738918584568, id to look up=123 82 0 155 , id of local node=198 23 79 243 , id of predecessor=191 94 184 109 
2025-02-07 03:56:25 FATAL 198 23 79 243 :379  - The rare situation has occured at time 1738918585027, id to look up=189 48 122 62 , id of local node=198 23 79 243 , id of predecessor=191 94 184 109 
2025-02-07 03:56:25 FATAL 198 23 79 243 :379  - The rare situation has occured at time 1738918585999, id to look up=158 106 85 182 , id of local node=198 23 79 243 , id of predecessor=191 94 184 109 
2025-02-07 03:56:26 FATAL 198 23 79 243 :379  - The rare situation has occured at time 1738918586106, id to look up=179 240 199 246 , id of local node=198 23 79 243 , id of predecessor=191 94 184 109 
2025-02-07 03:56:26 FATAL 198 23 79 243 :379  - The rare situation has occured at time 1738918586672, id to look up=77 19 75 192 , id of local node=198 23 79 243 , id of predecessor=191 94 184 109 
2025-02-07 03:56:27 FATAL 198 23 79 243 :379  - The rare situation has occured at time 1738918587294, id to look up=188 51 234 78 , id of local node=198 23 79 243 , id of predecessor=191 94 184 109 
2025-02-07 03:56:27 FATAL 198 23 79 243 :379  - The rare situation has occured at time 1738918587930, id to look up=119 25 161 199 , id of local node=198 23 79 243 , id of predecessor=191 94 184 109 
2025-02-07 03:56:28 FATAL 198 23 79 243 :379  - The rare situation has occured at time 1738918588821, id to look up=182 105 46 165 , id of local node=198 23 79 243 , id of predecessor=191 94 184 109 
2025-02-07 03:56:29 FATAL 198 23 79 243 :379  - The rare situation has occured at time 1738918589036, id to look up=151 42 103 196 , id of local node=198 23 79 243 , id of predecessor=191 94 184 109 
2025-02-07 03:56:30 FATAL 198 23 79 243 :379  - The rare situation has occured at time 1738918590060, id to look up=175 62 19 52 , id of local node=198 23 79 243 , id of predecessor=191 94 184 109 
2025-02-07 03:56:30 FATAL 198 23 79 243 :379  - The rare situation has occured at time 1738918590319, id to look up=118 31 34 178 , id of local node=198 23 79 243 , id of predecessor=191 94 184 109 
2025-02-07 03:56:30 FATAL 198 23 79 243 :379  - The rare situation has occured at time 1738918590746, id to look up=146 207 206 179 , id of local node=198 23 79 243 , id of predecessor=191 94 184 109 
2025-02-07 03:56:31 FATAL 198 23 79 243 :379  - The rare situation has occured at time 1738918591449, id to look up=152 251 196 47 , id of local node=198 23 79 243 , id of predecessor=191 94 184 109 
2025-02-07 03:56:32 FATAL 198 23 79 243 :379  - The rare situation has occured at time 1738918592020, id to look up=100 224 149 254 , id of local node=198 23 79 243 , id of predecessor=191 94 184 109 
2025-02-07 03:56:32 FATAL 198 23 79 243 :379  - The rare situation has occured at time 1738918592593, id to look up=183 235 108 104 , id of local node=198 23 79 243 , id of predecessor=191 94 184 109 
2025-02-07 03:56:33 FATAL 198 23 79 243 :379  - The rare situation has occured at time 1738918593009, id to look up=169 51 73 135 , id of local node=198 23 79 243 , id of predecessor=191 94 184 109 
2025-02-07 03:56:33 FATAL 198 23 79 243 :379  - The rare situation has occured at time 1738918593909, id to look up=84 206 185 18 , id of local node=198 23 79 243 , id of predecessor=191 94 184 109 
2025-02-07 03:56:34 FATAL 198 23 79 243 :379  - The rare situation has occured at time 1738918594360, id to look up=102 123 229 67 , id of local node=198 23 79 243 , id of predecessor=191 94 184 109 
2025-02-07 03:56:35 FATAL 198 23 79 243 :379  - The rare situation has occured at time 1738918595589, id to look up=108 30 103 31 , id of local node=198 23 79 243 , id of predecessor=191 94 184 109 
2025-02-07 03:56:36 FATAL 198 23 79 243 :379  - The rare situation has occured at time 1738918596071, id to look up=81 26 65 142 , id of local node=198 23 79 243 , id of predecessor=191 94 184 109 
2025-02-07 03:56:36 FATAL 198 23 79 243 :379  - The rare situation has occured at time 1738918596294, id to look up=161 117 84 160 , id of local node=198 23 79 243 , id of predecessor=191 94 184 109 
2025-02-07 03:56:37 FATAL 198 23 79 243 :379  - The rare situation has occured at time 1738918597079, id to look up=89 18 154 172 , id of local node=198 23 79 243 , id of predecessor=191 94 184 109 
2025-02-07 03:56:37 FATAL 198 23 79 243 :379  - The rare situation has occured at time 1738918597360, id to look up=77 137 210 148 , id of local node=198 23 79 243 , id of predecessor=191 94 184 109 
2025-02-07 03:56:37 FATAL 198 23 79 243 :379  - The rare situation has occured at time 1738918597485, id to look up=180 201 109 128 , id of local node=198 23 79 243 , id of predecessor=191 94 184 109 
2025-02-07 03:56:38 FATAL 198 23 79 243 :379  - The rare situation has occured at time 1738918598099, id to look up=167 43 32 6 , id of local node=198 23 79 243 , id of predecessor=191 94 184 109 
2025-02-07 03:56:38 FATAL 198 23 79 243 :379  - The rare situation has occured at time 1738918598205, id to look up=183 16 60 162 , id of local node=198 23 79 243 , id of predecessor=191 94 184 109 
2025-02-07 03:56:39 FATAL 198 23 79 243 :379  - The rare situation has occured at time 1738918599021, id to look up=183 79 94 233 , id of local node=198 23 79 243 , id of predecessor=191 94 184 109 
2025-02-07 03:56:39 FATAL 198 23 79 243 :379  - The rare situation has occured at time 1738918599137, id to look up=184 136 178 152 , id of local node=198 23 79 243 , id of predecessor=191 94 184 109 
2025-02-07 03:56:39 FATAL 198 23 79 243 :379  - The rare situation has occured at time 1738918599559, id to look up=118 84 111 154 , id of local node=198 23 79 243 , id of predecessor=191 94 184 109 
2025-02-07 03:56:39 FATAL 198 23 79 243 :379  - The rare situation has occured at time 1738918599827, id to look up=190 70 26 12 , id of local node=198 23 79 243 , id of predecessor=191 94 184 109 
2025-02-07 03:56:40 FATAL 198 23 79 243 :379  - The rare situation has occured at time 1738918600711, id to look up=179 127 109 220 , id of local node=198 23 79 243 , id of predecessor=191 94 184 109 
2025-02-07 03:56:41 FATAL 198 23 79 243 :379  - The rare situation has occured at time 1738918601031, id to look up=76 214 109 250 , id of local node=198 23 79 243 , id of predecessor=191 94 184 109 
2025-02-07 03:56:42 FATAL 198 23 79 243 :379  - The rare situation has occured at time 1738918602130, id to look up=111 184 74 237 , id of local node=198 23 79 243 , id of predecessor=191 94 184 109 
2025-02-07 03:56:42 FATAL 198 23 79 243 :379  - The rare situation has occured at time 1738918602851, id to look up=154 121 190 97 , id of local node=198 23 79 243 , id of predecessor=191 94 184 109 
2025-02-07 03:56:43 FATAL 198 23 79 243 :379  - The rare situation has occured at time 1738918603652, id to look up=147 67 133 245 , id of local node=198 23 79 243 , id of predecessor=191 94 184 109 
2025-02-07 03:56:44 FATAL 198 23 79 243 :379  - The rare situation has occured at time 1738918604176, id to look up=120 168 239 203 , id of local node=198 23 79 243 , id of predecessor=191 94 184 109 
2025-02-07 03:56:44 FATAL 198 23 79 243 :379  - The rare situation has occured at time 1738918604594, id to look up=114 36 249 151 , id of local node=198 23 79 243 , id of predecessor=191 94 184 109 
2025-02-07 03:56:44 FATAL 198 23 79 243 :379  - The rare situation has occured at time 1738918604712, id to look up=82 78 5 220 , id of local node=198 23 79 243 , id of predecessor=191 94 184 109 
2025-02-07 03:56:44 FATAL 198 23 79 243 :379  - The rare situation has occured at time 1738918604997, id to look up=161 66 46 106 , id of local node=198 23 79 243 , id of predecessor=191 94 184 109 
2025-02-07 03:56:46 FATAL 198 23 79 243 :379  - The rare situation has occured at time 1738918606111, id to look up=104 62 114 92 , id of local node=198 23 79 243 , id of predecessor=191 94 184 109 
2025-02-07 03:56:46 FATAL 198 23 79 243 :379  - The rare situation has occured at time 1738918606802, id to look up=162 227 61 52 , id of local node=198 23 79 243 , id of predecessor=191 94 184 109 
2025-02-07 03:56:47 FATAL 198 23 79 243 :379  - The rare situation has occured at time 1738918607071, id to look up=119 91 197 195 , id of local node=198 23 79 243 , id of predecessor=191 94 184 109 
2025-02-07 03:56:48 FATAL 198 23 79 243 :379  - The rare situation has occured at time 1738918608425, id to look up=180 24 43 255 , id of local node=198 23 79 243 , id of predecessor=191 94 184 109 
2025-02-07 03:56:49 FATAL 198 23 79 243 :379  - The rare situation has occured at time 1738918609251, id to look up=145 223 222 29 , id of local node=198 23 79 243 , id of predecessor=191 94 184 109 
2025-02-07 03:56:49 FATAL 198 23 79 243 :379  - The rare situation has occured at time 1738918609624, id to look up=149 232 21 209 , id of local node=198 23 79 243 , id of predecessor=191 94 184 109 
2025-02-07 03:56:50 FATAL 198 23 79 243 :379  - The rare situation has occured at time 1738918610097, id to look up=158 7 26 58 , id of local node=198 23 79 243 , id of predecessor=191 94 184 109 
2025-02-07 03:56:50 FATAL 198 23 79 243 :379  - The rare situation has occured at time 1738918610851, id to look up=86 173 77 77 , id of local node=198 23 79 243 , id of predecessor=191 94 184 109 
2025-02-07 03:56:52 FATAL 198 23 79 243 :379  - The rare situation has occured at time 1738918612251, id to look up=115 32 130 140 , id of local node=198 23 79 243 , id of predecessor=191 94 184 109 
2025-02-07 03:56:52 FATAL 198 23 79 243 :379  - The rare situation has occured at time 1738918612371, id to look up=80 51 107 198 , id of local node=198 23 79 243 , id of predecessor=191 94 184 109 
2025-02-07 03:56:53 FATAL 198 23 79 243 :379  - The rare situation has occured at time 1738918613046, id to look up=179 192 115 12 , id of local node=198 23 79 243 , id of predecessor=191 94 184 109 
2025-02-07 03:56:53 FATAL 198 23 79 243 :379  - The rare situation has occured at time 1738918613631, id to look up=83 111 182 147 , id of local node=198 23 79 243 , id of predecessor=191 94 184 109 
2025-02-07 03:56:54 FATAL 198 23 79 243 :379  - The rare situation has occured at time 1738918614085, id to look up=177 106 69 122 , id of local node=198 23 79 243 , id of predecessor=191 94 184 109 
2025-02-07 03:56:54 FATAL 198 23 79 243 :379  - The rare situation has occured at time 1738918614641, id to look up=172 38 70 2 , id of local node=198 23 79 243 , id of predecessor=191 94 184 109 
2025-02-07 03:56:54 FATAL 198 23 79 243 :379  - The rare situation has occured at time 1738918614758, id to look up=166 241 106 180 , id of local node=198 23 79 243 , id of predecessor=191 94 184 109 
2025-02-07 03:56:54 FATAL 198 23 79 243 :379  - The rare situation has occured at time 1738918614967, id to look up=157 137 116 186 , id of local node=198 23 79 243 , id of predecessor=191 94 184 109 
2025-02-07 03:56:55 FATAL 198 23 79 243 :379  - The rare situation has occured at time 1738918615317, id to look up=163 209 37 151 , id of local node=198 23 79 243 , id of predecessor=191 94 184 109 
2025-02-07 03:56:55 FATAL 198 23 79 243 :379  - The rare situation has occured at time 1738918615481, id to look up=107 98 119 175 , id of local node=198 23 79 243 , id of predecessor=191 94 184 109 
2025-02-07 03:56:55 FATAL 198 23 79 243 :379  - The rare situation has occured at time 1738918615667, id to look up=190 5 125 76 , id of local node=198 23 79 243 , id of predecessor=191 94 184 109 
2025-02-07 03:56:56 FATAL 198 23 79 243 :379  - The rare situation has occured at time 1738918616372, id to look up=174 30 113 152 , id of local node=198 23 79 243 , id of predecessor=191 94 184 109 
2025-02-07 03:56:56 FATAL 198 23 79 243 :379  - The rare situation has occured at time 1738918616586, id to look up=169 41 235 51 , id of local node=198 23 79 243 , id of predecessor=191 94 184 109 
2025-02-07 03:56:56 FATAL 198 23 79 243 :379  - The rare situation has occured at time 1738918616738, id to look up=116 203 210 194 , id of local node=198 23 79 243 , id of predecessor=191 94 184 109 
2025-02-07 03:56:57 FATAL 198 23 79 243 :379  - The rare situation has occured at time 1738918617220, id to look up=105 229 105 118 , id of local node=198 23 79 243 , id of predecessor=191 94 184 109 
2025-02-07 03:56:57 FATAL 198 23 79 243 :379  - The rare situation has occured at time 1738918617352, id to look up=112 138 119 219 , id of local node=198 23 79 243 , id of predecessor=191 94 184 109 
2025-02-07 03:56:57 FATAL 198 23 79 243 :379  - The rare situation has occured at time 1738918617789, id to look up=113 123 47 61 , id of local node=198 23 79 243 , id of predecessor=191 94 184 109 
2025-02-07 03:56:57 FATAL 198 23 79 243 :379  - The rare situation has occured at time 1738918617956, id to look up=148 148 14 83 , id of local node=198 23 79 243 , id of predecessor=191 94 184 109 
2025-02-07 03:56:58 FATAL 198 23 79 243 :379  - The rare situation has occured at time 1738918618641, id to look up=87 46 32 115 , id of local node=198 23 79 243 , id of predecessor=191 94 184 109 
2025-02-07 03:56:59 FATAL 198 23 79 243 :379  - The rare situation has occured at time 1738918619892, id to look up=158 68 210 119 , id of local node=198 23 79 243 , id of predecessor=191 94 184 109 
2025-02-07 03:57:00 FATAL 198 23 79 243 :379  - The rare situation has occured at time 1738918620261, id to look up=174 229 68 206 , id of local node=198 23 79 243 , id of predecessor=191 94 184 109 
2025-02-07 03:57:00 FATAL 198 23 79 243 :379  - The rare situation has occured at time 1738918620418, id to look up=88 240 116 73 , id of local node=198 23 79 243 , id of predecessor=191 94 184 109 
2025-02-07 03:57:00 FATAL 198 23 79 243 :379  - The rare situation has occured at time 1738918620824, id to look up=188 248 20 171 , id of local node=198 23 79 243 , id of predecessor=191 94 184 109 
2025-02-07 03:57:01 FATAL 198 23 79 243 :379  - The rare situation has occured at time 1738918621651, id to look up=172 241 255 252 , id of local node=198 23 79 243 , id of predecessor=191 94 184 109 
2025-02-07 03:57:02 FATAL 198 23 79 243 :379  - The rare situation has occured at time 1738918622412, id to look up=117 42 231 189 , id of local node=198 23 79 243 , id of predecessor=191 94 184 109 
2025-02-07 03:57:02 FATAL 198 23 79 243 :379  - The rare situation has occured at time 1738918622541, id to look up=77 234 29 174 , id of local node=198 23 79 243 , id of predecessor=191 94 184 109 
2025-02-07 03:57:03 FATAL 198 23 79 243 :379  - The rare situation has occured at time 1738918623822, id to look up=159 154 240 41 , id of local node=198 23 79 243 , id of predecessor=191 94 184 109 
2025-02-07 03:57:04 FATAL 198 23 79 243 :379  - The rare situation has occured at time 1738918624171, id to look up=161 101 251 214 , id of local node=198 23 79 243 , id of predecessor=191 94 184 109 
2025-02-07 03:57:04 FATAL 198 23 79 243 :379  - The rare situation has occured at time 1738918624729, id to look up=74 250 143 158 , id of local node=198 23 79 243 , id of predecessor=191 94 184 109 
2025-02-07 03:57:04 FATAL 198 23 79 243 :379  - The rare situation has occured at time 1738918624996, id to look up=186 171 52 1 , id of local node=198 23 79 243 , id of predecessor=191 94 184 109 
2025-02-07 03:57:05 FATAL 198 23 79 243 :379  - The rare situation has occured at time 1738918625621, id to look up=172 253 209 142 , id of local node=198 23 79 243 , id of predecessor=191 94 184 109 
2025-02-07 03:57:06 FATAL 198 23 79 243 :379  - The rare situation has occured at time 1738918626185, id to look up=154 21 244 45 , id of local node=198 23 79 243 , id of predecessor=191 94 184 109 
2025-02-07 03:57:07 FATAL 198 23 79 243 :379  - The rare situation has occured at time 1738918627331, id to look up=154 112 119 108 , id of local node=198 23 79 243 , id of predecessor=191 94 184 109 
2025-02-07 03:57:07 FATAL 198 23 79 243 :379  - The rare situation has occured at time 1738918627647, id to look up=175 6 49 140 , id of local node=198 23 79 243 , id of predecessor=191 94 184 109 
2025-02-07 03:57:08 FATAL 198 23 79 243 :379  - The rare situation has occured at time 1738918628251, id to look up=188 21 199 116 , id of local node=198 23 79 243 , id of predecessor=191 94 184 109 
2025-02-07 03:57:09 FATAL 198 23 79 243 :379  - The rare situation has occured at time 1738918629181, id to look up=76 130 5 218 , id of local node=198 23 79 243 , id of predecessor=191 94 184 109 
2025-02-07 03:57:09 FATAL 198 23 79 243 :379  - The rare situation has occured at time 1738918629708, id to look up=79 15 92 150 , id of local node=198 23 79 243 , id of predecessor=191 94 184 109 
2025-02-07 03:57:09 FATAL 198 23 79 243 :379  - The rare situation has occured at time 1738918629832, id to look up=82 253 185 246 , id of local node=198 23 79 243 , id of predecessor=191 94 184 109 
2025-02-07 03:57:09 FATAL 198 23 79 243 :379  - The rare situation has occured at time 1738918629901, id to look up=88 65 48 224 , id of local node=198 23 79 243 , id of predecessor=191 94 184 109 
2025-02-07 03:57:10 FATAL 198 23 79 243 :379  - The rare situation has occured at time 1738918630578, id to look up=159 253 26 225 , id of local node=198 23 79 243 , id of predecessor=191 94 184 109 
2025-02-07 03:57:10 FATAL 198 23 79 243 :379  - The rare situation has occured at time 1738918630848, id to look up=74 247 249 237 , id of local node=198 23 79 243 , id of predecessor=191 94 184 109 
2025-02-07 03:57:11 FATAL 198 23 79 243 :379  - The rare situation has occured at time 1738918631533, id to look up=180 239 125 241 , id of local node=198 23 79 243 , id of predecessor=191 94 184 109 
2025-02-07 03:57:12 FATAL 198 23 79 243 :379  - The rare situation has occured at time 1738918632378, id to look up=186 48 253 151 , id of local node=198 23 79 243 , id of predecessor=191 94 184 109 
2025-02-07 03:57:12 FATAL 198 23 79 243 :379  - The rare situation has occured at time 1738918632631, id to look up=152 252 195 120 , id of local node=198 23 79 243 , id of predecessor=191 94 184 109 
2025-02-07 03:57:12 FATAL 198 23 79 243 :379  - The rare situation has occured at time 1738918632834, id to look up=76 21 220 33 , id of local node=198 23 79 243 , id of predecessor=191 94 184 109 
2025-02-07 03:59:45 FATAL 198 23 79 243 :379  - The rare situation has occured at time 1738918785561, id to look up=119 222 104 218 , id of local node=198 23 79 243 , id of predecessor=191 94 184 109 
2025-02-07 03:59:45 FATAL 198 23 79 243 :379  - The rare situation has occured at time 1738918785895, id to look up=172 52 120 214 , id of local node=198 23 79 243 , id of predecessor=191 94 184 109 
2025-02-07 03:59:46 FATAL 198 23 79 243 :379  - The rare situation has occured at time 1738918786841, id to look up=177 213 120 17 , id of local node=198 23 79 243 , id of predecessor=191 94 184 109 
2025-02-07 03:59:47 FATAL 198 23 79 243 :379  - The rare situation has occured at time 1738918787476, id to look up=123 82 0 155 , id of local node=198 23 79 243 , id of predecessor=191 94 184 109 
2025-02-07 03:59:47 FATAL 198 23 79 243 :379  - The rare situation has occured at time 1738918787637, id to look up=189 48 122 62 , id of local node=198 23 79 243 , id of predecessor=191 94 184 109 
2025-02-07 03:59:48 FATAL 198 23 79 243 :379  - The rare situation has occured at time 1738918788006, id to look up=158 106 85 182 , id of local node=198 23 79 243 , id of predecessor=191 94 184 109 
2025-02-07 03:59:48 FATAL 198 23 79 243 :379  - The rare situation has occured at time 1738918788110, id to look up=179 240 199 246 , id of local node=198 23 79 243 , id of predecessor=191 94 184 109 
2025-02-07 03:59:48 FATAL 198 23 79 243 :379  - The rare situation has occured at time 1738918788698, id to look up=77 19 75 192 , id of local node=198 23 79 243 , id of predecessor=191 94 184 109 
2025-02-07 03:59:49 FATAL 198 23 79 243 :379  - The rare situation has occured at time 1738918789321, id to look up=188 51 234 78 , id of local node=198 23 79 243 , id of predecessor=191 94 184 109 
2025-02-07 03:59:49 FATAL 198 23 79 243 :379  - The rare situation has occured at time 1738918789936, id to look up=119 25 161 199 , id of local node=198 23 79 243 , id of predecessor=191 94 184 109 
2025-02-07 03:59:50 FATAL 198 23 79 243 :379  - The rare situation has occured at time 1738918790836, id to look up=182 105 46 165 , id of local node=198 23 79 243 , id of predecessor=191 94 184 109 
2025-02-07 03:59:51 FATAL 198 23 79 243 :379  - The rare situation has occured at time 1738918791051, id to look up=151 42 103 196 , id of local node=198 23 79 243 , id of predecessor=191 94 184 109 
2025-02-07 03:59:52 FATAL 198 23 79 243 :379  - The rare situation has occured at time 1738918792056, id to look up=175 62 19 52 , id of local node=198 23 79 243 , id of predecessor=191 94 184 109 
2025-02-07 03:59:52 FATAL 198 23 79 243 :379  - The rare situation has occured at time 1738918792306, id to look up=118 31 34 178 , id of local node=198 23 79 243 , id of predecessor=191 94 184 109 
2025-02-07 03:59:52 FATAL 198 23 79 243 :379  - The rare situation has occured at time 1738918792733, id to look up=146 207 206 179 , id of local node=198 23 79 243 , id of predecessor=191 94 184 109 
2025-02-07 03:59:53 FATAL 198 23 79 243 :379  - The rare situation has occured at time 1738918793385, id to look up=152 251 196 47 , id of local node=198 23 79 243 , id of predecessor=191 94 184 109 
2025-02-07 03:59:53 FATAL 198 23 79 243 :379  - The rare situation has occured at time 1738918793977, id to look up=100 224 149 254 , id of local node=198 23 79 243 , id of predecessor=191 94 184 109 
2025-02-07 03:59:54 FATAL 198 23 79 243 :379  - The rare situation has occured at time 1738918794549, id to look up=183 235 108 104 , id of local node=198 23 79 243 , id of predecessor=191 94 184 109 
2025-02-07 03:59:54 FATAL 198 23 79 243 :379  - The rare situation has occured at time 1738918794946, id to look up=169 51 73 135 , id of local node=198 23 79 243 , id of predecessor=191 94 184 109 
2025-02-07 03:59:55 FATAL 198 23 79 243 :379  - The rare situation has occured at time 1738918795846, id to look up=84 206 185 18 , id of local node=198 23 79 243 , id of predecessor=191 94 184 109 
2025-02-07 03:59:56 FATAL 198 23 79 243 :379  - The rare situation has occured at time 1738918796276, id to look up=102 123 229 67 , id of local node=198 23 79 243 , id of predecessor=191 94 184 109 
2025-02-07 03:59:57 FATAL 198 23 79 243 :379  - The rare situation has occured at time 1738918797466, id to look up=108 30 103 31 , id of local node=198 23 79 243 , id of predecessor=191 94 184 109 
2025-02-07 03:59:57 FATAL 198 23 79 243 :379  - The rare situation has occured at time 1738918797965, id to look up=81 26 65 142 , id of local node=198 23 79 243 , id of predecessor=191 94 184 109 
2025-02-07 03:59:58 FATAL 198 23 79 243 :379  - The rare situation has occured at time 1738918798191, id to look up=161 117 84 160 , id of local node=198 23 79 243 , id of predecessor=191 94 184 109 
2025-02-07 03:59:58 FATAL 198 23 79 243 :379  - The rare situation has occured at time 1738918798966, id to look up=89 18 154 172 , id of local node=198 23 79 243 , id of predecessor=191 94 184 109 
2025-02-07 03:59:59 FATAL 198 23 79 243 :379  - The rare situation has occured at time 1738918799237, id to look up=77 137 210 148 , id of local node=198 23 79 243 , id of predecessor=191 94 184 109 
2025-02-07 03:59:59 FATAL 198 23 79 243 :379  - The rare situation has occured at time 1738918799352, id to look up=180 201 109 128 , id of local node=198 23 79 243 , id of predecessor=191 94 184 109 
2025-02-07 03:59:59 FATAL 198 23 79 243 :379  - The rare situation has occured at time 1738918799976, id to look up=167 43 32 6 , id of local node=198 23 79 243 , id of predecessor=191 94 184 109 
2025-02-07 04:00:00 FATAL 198 23 79 243 :379  - The rare situation has occured at time 1738918800082, id to look up=183 16 60 162 , id of local node=198 23 79 243 , id of predecessor=191 94 184 109 
2025-02-07 04:00:01 FATAL 198 23 79 243 :379  - The rare situation has occured at time 1738918801495, id to look up=183 79 94 233 , id of local node=198 23 79 243 , id of predecessor=191 94 184 109 
2025-02-07 04:00:01 FATAL 198 23 79 243 :379  - The rare situation has occured at time 1738918801601, id to look up=184 136 178 152 , id of local node=198 23 79 243 , id of predecessor=191 94 184 109 
2025-02-07 04:00:02 FATAL 198 23 79 243 :379  - The rare situation has occured at time 1738918802024, id to look up=118 84 111 154 , id of local node=198 23 79 243 , id of predecessor=191 94 184 109 
2025-02-07 04:00:02 FATAL 198 23 79 243 :379  - The rare situation has occured at time 1738918802282, id to look up=190 70 26 12 , id of local node=198 23 79 243 , id of predecessor=191 94 184 109 
2025-02-07 04:00:03 FATAL 198 23 79 243 :379  - The rare situation has occured at time 1738918803146, id to look up=179 127 109 220 , id of local node=198 23 79 243 , id of predecessor=191 94 184 109 
2025-02-07 04:00:03 FATAL 198 23 79 243 :379  - The rare situation has occured at time 1738918803456, id to look up=76 214 109 250 , id of local node=198 23 79 243 , id of predecessor=191 94 184 109 
2025-02-07 04:00:04 FATAL 198 23 79 243 :379  - The rare situation has occured at time 1738918804565, id to look up=111 184 74 237 , id of local node=198 23 79 243 , id of predecessor=191 94 184 109 
2025-02-07 04:00:05 FATAL 198 23 79 243 :379  - The rare situation has occured at time 1738918805296, id to look up=154 121 190 97 , id of local node=198 23 79 243 , id of predecessor=191 94 184 109 
2025-02-07 04:00:06 FATAL 198 23 79 243 :379  - The rare situation has occured at time 1738918806136, id to look up=147 67 133 245 , id of local node=198 23 79 243 , id of predecessor=191 94 184 109 
2025-02-07 04:00:06 FATAL 198 23 79 243 :379  - The rare situation has occured at time 1738918806670, id to look up=120 168 239 203 , id of local node=198 23 79 243 , id of predecessor=191 94 184 109 
2025-02-07 04:00:07 FATAL 198 23 79 243 :379  - The rare situation has occured at time 1738918807099, id to look up=114 36 249 151 , id of local node=198 23 79 243 , id of predecessor=191 94 184 109 
2025-02-07 04:00:07 FATAL 198 23 79 243 :379  - The rare situation has occured at time 1738918807228, id to look up=82 78 5 220 , id of local node=198 23 79 243 , id of predecessor=191 94 184 109 
2025-02-07 04:00:07 FATAL 198 23 79 243 :379  - The rare situation has occured at time 1738918807501, id to look up=161 66 46 106 , id of local node=198 23 79 243 , id of predecessor=191 94 184 109 
2025-02-07 04:00:08 FATAL 198 23 79 243 :379  - The rare situation has occured at time 1738918808686, id to look up=104 62 114 92 , id of local node=198 23 79 243 , id of predecessor=191 94 184 109 
2025-02-07 04:00:09 FATAL 198 23 79 243 :379  - The rare situation has occured at time 1738918809377, id to look up=162 227 61 52 , id of local node=198 23 79 243 , id of predecessor=191 94 184 109 
2025-02-07 04:00:09 FATAL 198 23 79 243 :379  - The rare situation has occured at time 1738918809626, id to look up=119 91 197 195 , id of local node=198 23 79 243 , id of predecessor=191 94 184 109 
2025-02-07 04:00:10 FATAL 198 23 79 243 :379  - The rare situation has occured at time 1738918810980, id to look up=180 24 43 255 , id of local node=198 23 79 243 , id of predecessor=191 94 184 109 
2025-02-07 04:00:11 FATAL 198 23 79 243 :379  - The rare situation has occured at time 1738918811805, id to look up=145 223 222 29 , id of local node=198 23 79 243 , id of predecessor=191 94 184 109 
2025-02-07 04:00:12 FATAL 198 23 79 243 :379  - The rare situation has occured at time 1738918812168, id to look up=149 232 21 209 , id of local node=198 23 79 243 , id of predecessor=191 94 184 109 
2025-02-07 04:00:12 FATAL 198 23 79 243 :379  - The rare situation has occured at time 1738918812650, id to look up=158 7 26 58 , id of local node=198 23 79 243 , id of predecessor=191 94 184 109 
2025-02-07 04:00:13 FATAL 198 23 79 243 :379  - The rare situation has occured at time 1738918813406, id to look up=86 173 77 77 , id of local node=198 23 79 243 , id of predecessor=191 94 184 109 
2025-02-07 04:00:14 FATAL 198 23 79 243 :379  - The rare situation has occured at time 1738918814875, id to look up=115 32 130 140 , id of local node=198 23 79 243 , id of predecessor=191 94 184 109 
2025-02-07 04:00:15 FATAL 198 23 79 243 :379  - The rare situation has occured at time 1738918815006, id to look up=80 51 107 198 , id of local node=198 23 79 243 , id of predecessor=191 94 184 109 
2025-02-07 04:00:15 FATAL 198 23 79 243 :379  - The rare situation has occured at time 1738918815710, id to look up=179 192 115 12 , id of local node=198 23 79 243 , id of predecessor=191 94 184 109 
2025-02-07 04:00:16 FATAL 198 23 79 243 :379  - The rare situation has occured at time 1738918816256, id to look up=83 111 182 147 , id of local node=198 23 79 243 , id of predecessor=191 94 184 109 
2025-02-07 04:00:16 FATAL 198 23 79 243 :379  - The rare situation has occured at time 1738918816670, id to look up=177 106 69 122 , id of local node=198 23 79 243 , id of predecessor=191 94 184 109 
2025-02-07 04:00:17 FATAL 198 23 79 243 :379  - The rare situation has occured at time 1738918817226, id to look up=172 38 70 2 , id of local node=198 23 79 243 , id of predecessor=191 94 184 109 
2025-02-07 04:00:17 FATAL 198 23 79 243 :379  - The rare situation has occured at time 1738918817331, id to look up=166 241 106 180 , id of local node=198 23 79 243 , id of predecessor=191 94 184 109 
2025-02-07 04:00:17 FATAL 198 23 79 243 :379  - The rare situation has occured at time 1738918817541, id to look up=157 137 116 186 , id of local node=198 23 79 243 , id of predecessor=191 94 184 109 
2025-02-07 04:00:17 FATAL 198 23 79 243 :379  - The rare situation has occured at time 1738918817902, id to look up=163 209 37 151 , id of local node=198 23 79 243 , id of predecessor=191 94 184 109 
2025-02-07 04:00:18 FATAL 198 23 79 243 :379  - The rare situation has occured at time 1738918818058, id to look up=107 98 119 175 , id of local node=198 23 79 243 , id of predecessor=191 94 184 109 
2025-02-07 04:00:18 FATAL 198 23 79 243 :379  - The rare situation has occured at time 1738918818231, id to look up=190 5 125 76 , id of local node=198 23 79 243 , id of predecessor=191 94 184 109 
2025-02-07 04:00:18 FATAL 198 23 79 243 :379  - The rare situation has occured at time 1738918818936, id to look up=174 30 113 152 , id of local node=198 23 79 243 , id of predecessor=191 94 184 109 
2025-02-07 04:00:19 FATAL 198 23 79 243 :379  - The rare situation has occured at time 1738918819141, id to look up=169 41 235 51 , id of local node=198 23 79 243 , id of predecessor=191 94 184 109 
2025-02-07 04:00:19 FATAL 198 23 79 243 :379  - The rare situation has occured at time 1738918819292, id to look up=116 203 210 194 , id of local node=198 23 79 243 , id of predecessor=191 94 184 109 
2025-02-07 04:00:19 FATAL 198 23 79 243 :379  - The rare situation has occured at time 1738918819755, id to look up=105 229 105 118 , id of local node=198 23 79 243 , id of predecessor=191 94 184 109 
2025-02-07 04:00:19 FATAL 198 23 79 243 :379  - The rare situation has occured at time 1738918819885, id to look up=112 138 119 219 , id of local node=198 23 79 243 , id of predecessor=191 94 184 109 
2025-02-07 04:00:19 FATAL 198 23 79 243 :379  - The rare situation has occured at time 1738918819746, id to look up=113 123 47 61 , id of local node=198 23 79 243 , id of predecessor=191 94 184 109 
2025-02-07 04:00:19 FATAL 198 23 79 243 :379  - The rare situation has occured at time 1738918819926, id to look up=148 148 14 83 , id of local node=198 23 79 243 , id of predecessor=191 94 184 109 
2025-02-07 04:00:20 FATAL 198 23 79 243 :379  - The rare situation has occured at time 1738918820620, id to look up=87 46 32 115 , id of local node=198 23 79 243 , id of predecessor=191 94 184 109 
2025-02-07 04:00:21 FATAL 198 23 79 243 :379  - The rare situation has occured at time 1738918821882, id to look up=158 68 210 119 , id of local node=198 23 79 243 , id of predecessor=191 94 184 109 
2025-02-07 04:00:22 FATAL 198 23 79 243 :379  - The rare situation has occured at time 1738918822230, id to look up=174 229 68 206 , id of local node=198 23 79 243 , id of predecessor=191 94 184 109 
2025-02-07 04:00:22 FATAL 198 23 79 243 :379  - The rare situation has occured at time 1738918822386, id to look up=88 240 116 73 , id of local node=198 23 79 243 , id of predecessor=191 94 184 109 
2025-02-07 04:00:22 FATAL 198 23 79 243 :379  - The rare situation has occured at time 1738918822832, id to look up=188 248 20 171 , id of local node=198 23 79 243 , id of predecessor=191 94 184 109 
2025-02-07 04:00:23 FATAL 198 23 79 243 :379  - The rare situation has occured at time 1738918823650, id to look up=172 241 255 252 , id of local node=198 23 79 243 , id of predecessor=191 94 184 109 
2025-02-07 04:00:24 FATAL 198 23 79 243 :379  - The rare situation has occured at time 1738918824419, id to look up=117 42 231 189 , id of local node=198 23 79 243 , id of predecessor=191 94 184 109 
2025-02-07 04:00:24 FATAL 198 23 79 243 :379  - The rare situation has occured at time 1738918824549, id to look up=77 234 29 174 , id of local node=198 23 79 243 , id of predecessor=191 94 184 109 
2025-02-07 04:00:25 FATAL 198 23 79 243 :379  - The rare situation has occured at time 1738918825790, id to look up=159 154 240 41 , id of local node=198 23 79 243 , id of predecessor=191 94 184 109 
2025-02-07 04:00:26 FATAL 198 23 79 243 :379  - The rare situation has occured at time 1738918826180, id to look up=161 101 251 214 , id of local node=198 23 79 243 , id of predecessor=191 94 184 109 
2025-02-07 04:00:26 FATAL 198 23 79 243 :379  - The rare situation has occured at time 1738918826766, id to look up=74 250 143 158 , id of local node=198 23 79 243 , id of predecessor=191 94 184 109 
2025-02-07 04:00:27 FATAL 198 23 79 243 :379  - The rare situation has occured at time 1738918827025, id to look up=186 171 52 1 , id of local node=198 23 79 243 , id of predecessor=191 94 184 109 
2025-02-07 04:00:27 FATAL 198 23 79 243 :379  - The rare situation has occured at time 1738918827620, id to look up=172 253 209 142 , id of local node=198 23 79 243 , id of predecessor=191 94 184 109 
2025-02-07 04:00:28 FATAL 198 23 79 243 :379  - The rare situation has occured at time 1738918828193, id to look up=154 21 244 45 , id of local node=198 23 79 243 , id of predecessor=191 94 184 109 
2025-02-07 04:00:29 FATAL 198 23 79 243 :379  - The rare situation has occured at time 1738918829340, id to look up=154 112 119 108 , id of local node=198 23 79 243 , id of predecessor=191 94 184 109 
2025-02-07 04:00:29 FATAL 198 23 79 243 :379  - The rare situation has occured at time 1738918829675, id to look up=175 6 49 140 , id of local node=198 23 79 243 , id of predecessor=191 94 184 109 
2025-02-07 04:00:30 FATAL 198 23 79 243 :379  - The rare situation has occured at time 1738918830320, id to look up=188 21 199 116 , id of local node=198 23 79 243 , id of predecessor=191 94 184 109 
2025-02-07 04:00:31 FATAL 198 23 79 243 :379  - The rare situation has occured at time 1738918831240, id to look up=76 130 5 218 , id of local node=198 23 79 243 , id of predecessor=191 94 184 109 
2025-02-07 04:00:31 FATAL 198 23 79 243 :379  - The rare situation has occured at time 1738918831798, id to look up=79 15 92 150 , id of local node=198 23 79 243 , id of predecessor=191 94 184 109 
2025-02-07 04:00:31 FATAL 198 23 79 243 :379  - The rare situation has occured at time 1738918831940, id to look up=82 253 185 246 , id of local node=198 23 79 243 , id of predecessor=191 94 184 109 
2025-02-07 04:00:32 FATAL 198 23 79 243 :379  - The rare situation has occured at time 1738918832578, id to look up=88 65 48 224 , id of local node=198 23 79 243 , id of predecessor=191 94 184 109 
2025-02-07 04:00:33 FATAL 198 23 79 243 :379  - The rare situation has occured at time 1738918833250, id to look up=159 253 26 225 , id of local node=198 23 79 243 , id of predecessor=191 94 184 109 
2025-02-07 04:00:33 FATAL 198 23 79 243 :379  - The rare situation has occured at time 1738918833510, id to look up=74 247 249 237 , id of local node=198 23 79 243 , id of predecessor=191 94 184 109 
2025-02-07 04:00:34 FATAL 198 23 79 243 :379  - The rare situation has occured at time 1738918834215, id to look up=180 239 125 241 , id of local node=198 23 79 243 , id of predecessor=191 94 184 109 
2025-02-07 04:00:35 FATAL 198 23 79 243 :379  - The rare situation has occured at time 1738918835040, id to look up=186 48 253 151 , id of local node=198 23 79 243 , id of predecessor=191 94 184 109 
2025-02-07 04:00:35 FATAL 198 23 79 243 :379  - The rare situation has occured at time 1738918835293, id to look up=152 252 195 120 , id of local node=198 23 79 243 , id of predecessor=191 94 184 109 
2025-02-07 04:00:35 FATAL 198 23 79 243 :379  - The rare situation has occured at time 1738918835494, id to look up=76 21 220 33 , id of local node=198 23 79 243 , id of predecessor=191 94 184 109 
2025-02-07 04:00:36 FATAL 198 23 79 243 :379  - The rare situation has occured at time 1738918836700, id to look up=152 47 216 183 , id of local node=198 23 79 243 , id of predecessor=191 94 184 109 
2025-02-07 04:00:37 FATAL 198 23 79 243 :379  - The rare situation has occured at time 1738918837340, id to look up=104 42 3 244 , id of local node=198 23 79 243 , id of predecessor=191 94 184 109 
2025-02-07 04:00:37 FATAL 198 23 79 243 :379  - The rare situation has occured at time 1738918837932, id to look up=154 97 184 110 , id of local node=198 23 79 243 , id of predecessor=191 94 184 109 
2025-02-07 04:00:38 FATAL 198 23 79 243 :379  - The rare situation has occured at time 1738918838557, id to look up=115 59 87 174 , id of local node=198 23 79 243 , id of predecessor=191 94 184 109 
2025-02-07 04:00:39 FATAL 198 23 79 243 :379  - The rare situation has occured at time 1738918839302, id to look up=109 54 52 121 , id of local node=198 23 79 243 , id of predecessor=191 94 184 109 
2025-02-07 04:00:39 FATAL 198 23 79 243 :379  - The rare situation has occured at time 1738918839523, id to look up=104 181 25 63 , id of local node=198 23 79 243 , id of predecessor=191 94 184 109 
2025-02-07 04:00:39 FATAL 198 23 79 243 :379  - The rare situation has occured at time 1738918839784, id to look up=186 97 61 31 , id of local node=198 23 79 243 , id of predecessor=191 94 184 109 
2025-02-07 04:00:41 FATAL 198 23 79 243 :379  - The rare situation has occured at time 1738918841070, id to look up=183 7 6 253 , id of local node=198 23 79 243 , id of predecessor=191 94 184 109 
2025-02-07 04:00:41 FATAL 198 23 79 243 :379  - The rare situation has occured at time 1738918841327, id to look up=107 15 77 153 , id of local node=198 23 79 243 , id of predecessor=191 94 184 109 
2025-02-07 04:00:41 FATAL 198 23 79 243 :379  - The rare situation has occured at time 1738918841495, id to look up=157 50 55 23 , id of local node=198 23 79 243 , id of predecessor=191 94 184 109 
2025-02-07 04:00:42 FATAL 198 23 79 243 :379  - The rare situation has occured at time 1738918842410, id to look up=160 43 133 127 , id of local node=198 23 79 243 , id of predecessor=191 94 184 109 
2025-02-07 04:00:43 FATAL 198 23 79 243 :379  - The rare situation has occured at time 1738918843360, id to look up=75 46 57 40 , id of local node=198 23 79 243 , id of predecessor=191 94 184 109 
2025-02-07 04:00:43 FATAL 198 23 79 243 :379  - The rare situation has occured at time 1738918843742, id to look up=120 125 65 217 , id of local node=198 23 79 243 , id of predecessor=191 94 184 109 
2025-02-07 04:00:44 FATAL 198 23 79 243 :379  - The rare situation has occured at time 1738918844290, id to look up=187 203 177 232 , id of local node=198 23 79 243 , id of predecessor=191 94 184 109 
2025-02-07 04:00:44 FATAL 198 23 79 243 :379  - The rare situation has occured at time 1738918844399, id to look up=121 129 110 203 , id of local node=198 23 79 243 , id of predecessor=191 94 184 109 
2025-02-07 04:00:44 FATAL 198 23 79 243 :379  - The rare situation has occured at time 1738918844875, id to look up=154 61 97 39 , id of local node=198 23 79 243 , id of predecessor=191 94 184 109 
2025-02-07 04:00:45 FATAL 198 23 79 243 :379  - The rare situation has occured at time 1738918845400, id to look up=114 193 151 91 , id of local node=198 23 79 243 , id of predecessor=191 94 184 109 
2025-02-07 04:00:45 FATAL 198 23 79 243 :379  - The rare situation has occured at time 1738918845724, id to look up=174 95 250 101 , id of local node=198 23 79 243 , id of predecessor=191 94 184 109 
2025-02-07 04:00:46 FATAL 198 23 79 243 :379  - The rare situation has occured at time 1738918846529, id to look up=175 83 212 170 , id of local node=198 23 79 243 , id of predecessor=191 94 184 109 
2025-02-07 04:00:46 FATAL 198 23 79 243 :379  - The rare situation has occured at time 1738918846694, id to look up=169 60 22 131 , id of local node=198 23 79 243 , id of predecessor=191 94 184 109 
2025-02-07 04:00:46 FATAL 198 23 79 243 :379  - The rare situation has occured at time 1738918846804, id to look up=151 179 28 148 , id of local node=198 23 79 243 , id of predecessor=191 94 184 109 
2025-02-07 04:00:47 FATAL 198 23 79 243 :379  - The rare situation has occured at time 1738918847007, id to look up=110 33 252 230 , id of local node=198 23 79 243 , id of predecessor=191 94 184 109 
2025-02-07 04:00:47 FATAL 198 23 79 243 :379  - The rare situation has occured at time 1738918847744, id to look up=168 76 154 160 , id of local node=198 23 79 243 , id of predecessor=191 94 184 109 
2025-02-07 04:00:49 FATAL 198 23 79 243 :379  - The rare situation has occured at time 1738918849010, id to look up=85 71 246 49 , id of local node=198 23 79 243 , id of predecessor=191 94 184 109 
2025-02-07 04:00:49 FATAL 198 23 79 243 :379  - The rare situation has occured at time 1738918849434, id to look up=166 9 187 138 , id of local node=198 23 79 243 , id of predecessor=191 94 184 109 
2025-02-07 04:00:50 FATAL 198 23 79 243 :379  - The rare situation has occured at time 1738918850569, id to look up=156 136 45 92 , id of local node=198 23 79 243 , id of predecessor=191 94 184 109 
2025-02-07 04:00:51 FATAL 198 23 79 243 :379  - The rare situation has occured at time 1738918851354, id to look up=108 65 16 31 , id of local node=198 23 79 243 , id of predecessor=191 94 184 109 
2025-02-07 04:00:53 FATAL 198 23 79 243 :379  - The rare situation has occured at time 1738918853417, id to look up=171 247 73 5 , id of local node=198 23 79 243 , id of predecessor=191 94 184 109 
2025-02-07 04:00:53 FATAL 198 23 79 243 :379  - The rare situation has occured at time 1738918853576, id to look up=161 119 61 98 , id of local node=198 23 79 243 , id of predecessor=191 94 184 109 
2025-02-07 04:00:53 FATAL 198 23 79 243 :379  - The rare situation has occured at time 1738918853731, id to look up=182 231 162 44 , id of local node=198 23 79 243 , id of predecessor=191 94 184 109 
2025-02-07 04:00:54 FATAL 198 23 79 243 :379  - The rare situation has occured at time 1738918854747, id to look up=86 228 58 228 , id of local node=198 23 79 243 , id of predecessor=191 94 184 109 
2025-02-07 04:00:55 FATAL 198 23 79 243 :379  - The rare situation has occured at time 1738918855292, id to look up=160 208 67 120 , id of local node=198 23 79 243 , id of predecessor=191 94 184 109 
2025-02-07 04:00:55 FATAL 198 23 79 243 :379  - The rare situation has occured at time 1738918855856, id to look up=176 1 104 88 , id of local node=198 23 79 243 , id of predecessor=191 94 184 109 
2025-02-07 04:00:56 FATAL 198 23 79 243 :379  - The rare situation has occured at time 1738918856011, id to look up=154 170 11 82 , id of local node=198 23 79 243 , id of predecessor=191 94 184 109 
2025-02-07 04:00:56 FATAL 198 23 79 243 :379  - The rare situation has occured at time 1738918856323, id to look up=151 112 90 149 , id of local node=198 23 79 243 , id of predecessor=191 94 184 109 
2025-02-07 04:00:56 FATAL 198 23 79 243 :379  - The rare situation has occured at time 1738918856596, id to look up=109 147 242 160 , id of local node=198 23 79 243 , id of predecessor=191 94 184 109 
2025-02-07 04:00:56 FATAL 198 23 79 243 :379  - The rare situation has occured at time 1738918856711, id to look up=165 19 50 72 , id of local node=198 23 79 243 , id of predecessor=191 94 184 109 
2025-02-07 04:00:57 FATAL 198 23 79 243 :379  - The rare situation has occured at time 1738918857216, id to look up=74 14 136 207 , id of local node=198 23 79 243 , id of predecessor=191 94 184 109 
2025-02-07 04:00:57 FATAL 198 23 79 243 :379  - The rare situation has occured at time 1738918857852, id to look up=182 226 239 216 , id of local node=198 23 79 243 , id of predecessor=191 94 184 109 
2025-02-07 04:00:58 FATAL 198 23 79 243 :379  - The rare situation has occured at time 1738918858436, id to look up=190 77 151 158 , id of local node=198 23 79 243 , id of predecessor=191 94 184 109 
2025-02-07 04:00:59 FATAL 198 23 79 243 :379  - The rare situation has occured at time 1738918859966, id to look up=183 65 242 82 , id of local node=198 23 79 243 , id of predecessor=191 94 184 109 
2025-02-07 04:01:01 FATAL 198 23 79 243 :379  - The rare situation has occured at time 1738918861001, id to look up=76 98 156 76 , id of local node=198 23 79 243 , id of predecessor=191 94 184 109 
2025-02-07 04:01:01 FATAL 198 23 79 243 :379  - The rare situation has occured at time 1738918861310, id to look up=176 198 137 36 , id of local node=198 23 79 243 , id of predecessor=191 94 184 109 
2025-02-07 04:01:01 FATAL 198 23 79 243 :379  - The rare situation has occured at time 1738918861896, id to look up=188 98 48 91 , id of local node=198 23 79 243 , id of predecessor=191 94 184 109 
2025-02-07 04:01:02 FATAL 198 23 79 243 :379  - The rare situation has occured at time 1738918862411, id to look up=158 212 242 159 , id of local node=198 23 79 243 , id of predecessor=191 94 184 109 
2025-02-07 04:01:02 FATAL 198 23 79 243 :379  - The rare situation has occured at time 1738918862511, id to look up=171 127 123 149 , id of local node=198 23 79 243 , id of predecessor=191 94 184 109 
2025-02-07 04:01:03 FATAL 198 23 79 243 :379  - The rare situation has occured at time 1738918863696, id to look up=178 2 151 124 , id of local node=198 23 79 243 , id of predecessor=191 94 184 109 
2025-02-07 04:01:03 FATAL 198 23 79 243 :379  - The rare situation has occured at time 1738918863907, id to look up=190 186 77 93 , id of local node=198 23 79 243 , id of predecessor=191 94 184 109 
2025-02-07 04:01:04 FATAL 198 23 79 243 :379  - The rare situation has occured at time 1738918864676, id to look up=110 155 153 56 , id of local node=198 23 79 243 , id of predecessor=191 94 184 109 
2025-02-07 04:01:04 FATAL 198 23 79 243 :379  - The rare situation has occured at time 1738918864897, id to look up=87 21 170 2 , id of local node=198 23 79 243 , id of predecessor=191 94 184 109 
2025-02-07 04:01:05 FATAL 198 23 79 243 :379  - The rare situation has occured at time 1738918865763, id to look up=77 199 120 41 , id of local node=198 23 79 243 , id of predecessor=191 94 184 109 
2025-02-07 04:01:05 FATAL 198 23 79 243 :379  - The rare situation has occured at time 1738918865881, id to look up=147 172 25 70 , id of local node=198 23 79 243 , id of predecessor=191 94 184 109 
2025-02-07 04:01:06 FATAL 198 23 79 243 :379  - The rare situation has occured at time 1738918866656, id to look up=122 149 86 52 , id of local node=198 23 79 243 , id of predecessor=191 94 184 109 
2025-02-07 04:01:07 FATAL 198 23 79 243 :379  - The rare situation has occured at time 1738918867241, id to look up=167 133 189 191 , id of local node=198 23 79 243 , id of predecessor=191 94 184 109 
2025-02-07 04:01:07 FATAL 198 23 79 243 :379  - The rare situation has occured at time 1738918867756, id to look up=119 135 54 116 , id of local node=198 23 79 243 , id of predecessor=191 94 184 109 
2025-02-07 04:01:08 FATAL 198 23 79 243 :379  - The rare situation has occured at time 1738918868126, id to look up=122 105 134 153 , id of local node=198 23 79 243 , id of predecessor=191 94 184 109 
2025-02-07 04:01:08 FATAL 198 23 79 243 :379  - The rare situation has occured at time 1738918868506, id to look up=117 152 143 90 , id of local node=198 23 79 243 , id of predecessor=191 94 184 109 
2025-02-07 04:01:08 FATAL 198 23 79 243 :379  - The rare situation has occured at time 1738918868786, id to look up=108 10 199 108 , id of local node=198 23 79 243 , id of predecessor=191 94 184 109 
2025-02-07 04:01:08 FATAL 198 23 79 243 :379  - The rare situation has occured at time 1738918868952, id to look up=162 9 47 99 , id of local node=198 23 79 243 , id of predecessor=191 94 184 109 
2025-02-07 04:01:09 FATAL 198 23 79 243 :379  - The rare situation has occured at time 1738918869716, id to look up=120 78 240 5 , id of local node=198 23 79 243 , id of predecessor=191 94 184 109 
2025-02-07 04:01:09 FATAL 198 23 79 243 :379  - The rare situation has occured at time 1738918869936, id to look up=108 76 4 190 , id of local node=198 23 79 243 , id of predecessor=191 94 184 109 
2025-02-07 04:01:10 FATAL 198 23 79 243 :379  - The rare situation has occured at time 1738918870866, id to look up=109 14 16 80 , id of local node=198 23 79 243 , id of predecessor=191 94 184 109 
2025-02-07 04:01:11 FATAL 198 23 79 243 :379  - The rare situation has occured at time 1738918871299, id to look up=172 62 123 0 , id of local node=198 23 79 243 , id of predecessor=191 94 184 109 
2025-02-07 04:01:11 FATAL 198 23 79 243 :379  - The rare situation has occured at time 1738918871706, id to look up=154 62 97 182 , id of local node=198 23 79 243 , id of predecessor=191 94 184 109 
2025-02-07 04:01:11 FATAL 198 23 79 243 :379  - The rare situation has occured at time 1738918871811, id to look up=172 156 149 119 , id of local node=198 23 79 243 , id of predecessor=191 94 184 109 
2025-02-07 04:01:12 FATAL 198 23 79 243 :379  - The rare situation has occured at time 1738918872499, id to look up=157 70 80 212 , id of local node=198 23 79 243 , id of predecessor=191 94 184 109 
2025-02-07 04:01:12 FATAL 198 23 79 243 :379  - The rare situation has occured at time 1738918872868, id to look up=74 194 187 255 , id of local node=198 23 79 243 , id of predecessor=191 94 184 109 
2025-02-07 04:01:13 FATAL 198 23 79 243 :379  - The rare situation has occured at time 1738918873181, id to look up=176 43 112 129 , id of local node=198 23 79 243 , id of predecessor=191 94 184 109 
2025-02-07 04:01:13 FATAL 198 23 79 243 :379  - The rare situation has occured at time 1738918873717, id to look up=81 234 198 180 , id of local node=198 23 79 243 , id of predecessor=191 94 184 109 
2025-02-07 04:01:14 FATAL 198 23 79 243 :379  - The rare situation has occured at time 1738918874259, id to look up=191 13 128 177 , id of local node=198 23 79 243 , id of predecessor=191 94 184 109 
2025-02-07 04:01:14 FATAL 198 23 79 243 :379  - The rare situation has occured at time 1738918874716, id to look up=102 143 55 216 , id of local node=198 23 79 243 , id of predecessor=191 94 184 109 
2025-02-07 04:01:15 FATAL 198 23 79 243 :379  - The rare situation has occured at time 1738918875055, id to look up=111 148 110 38 , id of local node=198 23 79 243 , id of predecessor=191 94 184 109 
2025-02-07 04:01:16 FATAL 198 23 79 243 :379  - The rare situation has occured at time 1738918876968, id to look up=110 117 210 58 , id of local node=198 23 79 243 , id of predecessor=191 94 184 109 
2025-02-07 04:01:17 FATAL 198 23 79 243 :379  - The rare situation has occured at time 1738918877988, id to look up=158 224 223 124 , id of local node=198 23 79 243 , id of predecessor=191 94 184 109 
2025-02-07 04:01:18 FATAL 198 23 79 243 :379  - The rare situation has occured at time 1738918878566, id to look up=108 199 29 145 , id of local node=198 23 79 243 , id of predecessor=191 94 184 109 
2025-02-07 04:01:19 FATAL 198 23 79 243 :379  - The rare situation has occured at time 1738918879501, id to look up=119 214 122 177 , id of local node=198 23 79 243 , id of predecessor=191 94 184 109 
2025-02-07 04:01:20 FATAL 198 23 79 243 :379  - The rare situation has occured at time 1738918880276, id to look up=147 224 151 227 , id of local node=198 23 79 243 , id of predecessor=191 94 184 109 
2025-02-07 04:01:21 FATAL 198 23 79 243 :379  - The rare situation has occured at time 1738918881256, id to look up=113 16 224 211 , id of local node=198 23 79 243 , id of predecessor=191 94 184 109 
2025-02-07 04:01:22 FATAL 198 23 79 243 :379  - The rare situation has occured at time 1738918882289, id to look up=109 93 176 232 , id of local node=198 23 79 243 , id of predecessor=191 94 184 109 
2025-02-07 04:01:22 FATAL 198 23 79 243 :379  - The rare situation has occured at time 1738918882500, id to look up=183 245 17 63 , id of local node=198 23 79 243 , id of predecessor=191 94 184 109 
