2025-02-07 03:50:54 WARN  OpenChordTest:205  - Peer joined at ocsocket://localhost:8110/ via ocsocket://localhost:8080/
2025-02-07 03:50:55 WARN  OpenChordTest:58  - Insert time for key 30 = 303 ms
2025-02-07 03:50:55 WARN  OpenChordTest:60  - Inserted (30, default)
2025-02-07 03:50:55 WARN  OpenChordTest:64  - Memory usage at ocsocket://localhost:8110/ = 27 MB
2025-02-07 03:52:26 FATAL 91 87 100 239 :379  - The rare situation has occured at time 1738918346202, id to look up=77 19 75 192 , id of local node=91 87 100 239 , id of predecessor=90 208 97 165 
2025-02-07 03:53:43 FATAL 91 87 100 239 :379  - The rare situation has occured at time 1738918423222, id to look up=77 19 75 192 , id of local node=91 87 100 239 , id of predecessor=90 208 97 165 
2025-02-07 03:53:50 FATAL 91 87 100 239 :379  - The rare situation has occured at time 1738918430321, id to look up=84 206 185 18 , id of local node=91 87 100 239 , id of predecessor=90 208 97 165 
2025-02-07 03:53:52 FATAL 91 87 100 239 :379  - The rare situation has occured at time 1738918432282, id to look up=81 26 65 142 , id of local node=91 87 100 239 , id of predecessor=90 208 97 165 
2025-02-07 03:54:56 FATAL 91 87 100 239 :379  - The rare situation has occured at time 1738918496581, id to look up=77 19 75 192 , id of local node=91 87 100 239 , id of predecessor=90 208 97 165 
2025-02-07 03:55:03 FATAL 91 87 100 239 :379  - The rare situation has occured at time 1738918503186, id to look up=84 206 185 18 , id of local node=91 87 100 239 , id of predecessor=90 208 97 165 
2025-02-07 03:55:05 FATAL 91 87 100 239 :379  - The rare situation has occured at time 1738918505178, id to look up=81 26 65 142 , id of local node=91 87 100 239 , id of predecessor=90 208 97 165 
2025-02-07 03:55:06 FATAL 91 87 100 239 :379  - The rare situation has occured at time 1738918506301, id to look up=89 18 154 172 , id of local node=91 87 100 239 , id of predecessor=90 208 97 165 
2025-02-07 03:55:06 FATAL 91 87 100 239 :379  - The rare situation has occured at time 1738918506433, id to look up=77 137 210 148 , id of local node=91 87 100 239 , id of predecessor=90 208 97 165 
2025-02-07 03:55:11 FATAL 91 87 100 239 :379  - The rare situation has occured at time 1738918511088, id to look up=76 214 109 250 , id of local node=91 87 100 239 , id of predecessor=90 208 97 165 
2025-02-07 03:55:14 FATAL 91 87 100 239 :379  - The rare situation has occured at time 1738918514407, id to look up=82 78 5 220 , id of local node=91 87 100 239 , id of predecessor=90 208 97 165 
2025-02-07 03:56:26 FATAL 91 87 100 239 :379  - The rare situation has occured at time 1738918586876, id to look up=77 19 75 192 , id of local node=91 87 100 239 , id of predecessor=90 208 97 165 
2025-02-07 03:56:34 FATAL 91 87 100 239 :379  - The rare situation has occured at time 1738918594119, id to look up=84 206 185 18 , id of local node=91 87 100 239 , id of predecessor=90 208 97 165 
2025-02-07 03:56:36 FATAL 91 87 100 239 :379  - The rare situation has occured at time 1738918596131, id to look up=81 26 65 142 , id of local node=91 87 100 239 , id of predecessor=90 208 97 165 
2025-02-07 03:56:37 FATAL 91 87 100 239 :379  - The rare situation has occured at time 1738918597235, id to look up=89 18 154 172 , id of local node=91 87 100 239 , id of predecessor=90 208 97 165 
2025-02-07 03:56:37 FATAL 91 87 100 239 :379  - The rare situation has occured at time 1738918597366, id to look up=77 137 210 148 , id of local node=91 87 100 239 , id of predecessor=90 208 97 165 
2025-02-07 03:56:41 FATAL 91 87 100 239 :379  - The rare situation has occured at time 1738918601453, id to look up=76 214 109 250 , id of local node=91 87 100 239 , id of predecessor=90 208 97 165 
2025-02-07 03:56:44 FATAL 91 87 100 239 :379  - The rare situation has occured at time 1738918604762, id to look up=82 78 5 220 , id of local node=91 87 100 239 , id of predecessor=90 208 97 165 
2025-02-07 03:56:51 FATAL 91 87 100 239 :379  - The rare situation has occured at time 1738918611103, id to look up=86 173 77 77 , id of local node=91 87 100 239 , id of predecessor=90 208 97 165 
2025-02-07 03:56:52 FATAL 91 87 100 239 :379  - The rare situation has occured at time 1738918612772, id to look up=80 51 107 198 , id of local node=91 87 100 239 , id of predecessor=90 208 97 165 
2025-02-07 03:56:53 FATAL 91 87 100 239 :379  - The rare situation has occured at time 1738918613688, id to look up=83 111 182 147 , id of local node=91 87 100 239 , id of predecessor=90 208 97 165 
2025-02-07 03:56:58 FATAL 91 87 100 239 :379  - The rare situation has occured at time 1738918618943, id to look up=87 46 32 115 , id of local node=91 87 100 239 , id of predecessor=90 208 97 165 
2025-02-07 03:57:00 FATAL 91 87 100 239 :379  - The rare situation has occured at time 1738918620566, id to look up=88 240 116 73 , id of local node=91 87 100 239 , id of predecessor=90 208 97 165 
2025-02-07 03:57:02 FATAL 91 87 100 239 :379  - The rare situation has occured at time 1738918622963, id to look up=77 234 29 174 , id of local node=91 87 100 239 , id of predecessor=90 208 97 165 
2025-02-07 03:57:04 FATAL 91 87 100 239 :379  - The rare situation has occured at time 1738918624785, id to look up=74 250 143 158 , id of local node=91 87 100 239 , id of predecessor=90 208 97 165 
2025-02-07 03:57:09 FATAL 91 87 100 239 :379  - The rare situation has occured at time 1738918629286, id to look up=76 130 5 218 , id of local node=91 87 100 239 , id of predecessor=90 208 97 165 
2025-02-07 03:57:09 FATAL 91 87 100 239 :379  - The rare situation has occured at time 1738918629714, id to look up=79 15 92 150 , id of local node=91 87 100 239 , id of predecessor=90 208 97 165 
2025-02-07 03:57:09 FATAL 91 87 100 239 :379  - The rare situation has occured at time 1738918629837, id to look up=82 253 185 246 , id of local node=91 87 100 239 , id of predecessor=90 208 97 165 
2025-02-07 03:57:09 FATAL 91 87 100 239 :379  - The rare situation has occured at time 1738918629906, id to look up=88 65 48 224 , id of local node=91 87 100 239 , id of predecessor=90 208 97 165 
2025-02-07 03:57:11 FATAL 91 87 100 239 :379  - The rare situation has occured at time 1738918631002, id to look up=74 247 249 237 , id of local node=91 87 100 239 , id of predecessor=90 208 97 165 
2025-02-07 03:57:12 FATAL 91 87 100 239 :379  - The rare situation has occured at time 1738918632983, id to look up=76 21 220 33 , id of local node=91 87 100 239 , id of predecessor=90 208 97 165 
2025-02-07 03:59:48 FATAL 91 87 100 239 :379  - The rare situation has occured at time 1738918788946, id to look up=77 19 75 192 , id of local node=91 87 100 239 , id of predecessor=90 208 97 165 
2025-02-07 03:59:56 FATAL 91 87 100 239 :379  - The rare situation has occured at time 1738918796056, id to look up=84 206 185 18 , id of local node=91 87 100 239 , id of predecessor=90 208 97 165 
2025-02-07 03:59:58 FATAL 91 87 100 239 :379  - The rare situation has occured at time 1738918798027, id to look up=81 26 65 142 , id of local node=91 87 100 239 , id of predecessor=90 208 97 165 
2025-02-07 03:59:59 FATAL 91 87 100 239 :379  - The rare situation has occured at time 1738918799123, id to look up=89 18 154 172 , id of local node=91 87 100 239 , id of predecessor=90 208 97 165 
2025-02-07 03:59:59 FATAL 91 87 100 239 :379  - The rare situation has occured at time 1738918799243, id to look up=77 137 210 148 , id of local node=91 87 100 239 , id of predecessor=90 208 97 165 
2025-02-07 04:00:03 FATAL 91 87 100 239 :379  - The rare situation has occured at time 1738918803877, id to look up=76 214 109 250 , id of local node=91 87 100 239 , id of predecessor=90 208 97 165 
2025-02-07 04:00:07 FATAL 91 87 100 239 :379  - The rare situation has occured at time 1738918807287, id to look up=82 78 5 220 , id of local node=91 87 100 239 , id of predecessor=90 208 97 165 
2025-02-07 04:00:13 FATAL 91 87 100 239 :379  - The rare situation has occured at time 1738918813677, id to look up=86 173 77 77 , id of local node=91 87 100 239 , id of predecessor=90 208 97 165 
2025-02-07 04:00:15 FATAL 91 87 100 239 :379  - The rare situation has occured at time 1738918815417, id to look up=80 51 107 198 , id of local node=91 87 100 239 , id of predecessor=90 208 97 165 
2025-02-07 04:00:16 FATAL 91 87 100 239 :379  - The rare situation has occured at time 1738918816311, id to look up=83 111 182 147 , id of local node=91 87 100 239 , id of predecessor=90 208 97 165 
2025-02-07 04:00:20 FATAL 91 87 100 239 :379  - The rare situation has occured at time 1738918820931, id to look up=87 46 32 115 , id of local node=91 87 100 239 , id of predecessor=90 208 97 165 
2025-02-07 04:00:22 FATAL 91 87 100 239 :379  - The rare situation has occured at time 1738918822544, id to look up=88 240 116 73 , id of local node=91 87 100 239 , id of predecessor=90 208 97 165 
2025-02-07 04:00:24 FATAL 91 87 100 239 :379  - The rare situation has occured at time 1738918824961, id to look up=77 234 29 174 , id of local node=91 87 100 239 , id of predecessor=90 208 97 165 
2025-02-07 04:00:26 FATAL 91 87 100 239 :379  - The rare situation has occured at time 1738918826814, id to look up=74 250 143 158 , id of local node=91 87 100 239 , id of predecessor=90 208 97 165 
2025-02-07 04:00:31 FATAL 91 87 100 239 :379  - The rare situation has occured at time 1738918831345, id to look up=76 130 5 218 , id of local node=91 87 100 239 , id of predecessor=90 208 97 165 
2025-02-07 04:00:31 FATAL 91 87 100 239 :379  - The rare situation has occured at time 1738918831803, id to look up=79 15 92 150 , id of local node=91 87 100 239 , id of predecessor=90 208 97 165 
2025-02-07 04:00:31 FATAL 91 87 100 239 :379  - The rare situation has occured at time 1738918831946, id to look up=82 253 185 246 , id of local node=91 87 100 239 , id of predecessor=90 208 97 165 
2025-02-07 04:00:32 FATAL 91 87 100 239 :379  - The rare situation has occured at time 1738918832583, id to look up=88 65 48 224 , id of local node=91 87 100 239 , id of predecessor=90 208 97 165 
2025-02-07 04:00:33 FATAL 91 87 100 239 :379  - The rare situation has occured at time 1738918833664, id to look up=74 247 249 237 , id of local node=91 87 100 239 , id of predecessor=90 208 97 165 
2025-02-07 04:00:35 FATAL 91 87 100 239 :379  - The rare situation has occured at time 1738918835654, id to look up=76 21 220 33 , id of local node=91 87 100 239 , id of predecessor=90 208 97 165 
2025-02-07 04:00:43 FATAL 91 87 100 239 :379  - The rare situation has occured at time 1738918843461, id to look up=75 46 57 40 , id of local node=91 87 100 239 , id of predecessor=90 208 97 165 
2025-02-07 04:00:49 FATAL 91 87 100 239 :379  - The rare situation has occured at time 1738918849171, id to look up=85 71 246 49 , id of local node=91 87 100 239 , id of predecessor=90 208 97 165 
2025-02-07 04:00:55 FATAL 91 87 100 239 :379  - The rare situation has occured at time 1738918855109, id to look up=86 228 58 228 , id of local node=91 87 100 239 , id of predecessor=90 208 97 165 
2025-02-07 04:00:57 FATAL 91 87 100 239 :379  - The rare situation has occured at time 1738918857628, id to look up=74 14 136 207 , id of local node=91 87 100 239 , id of predecessor=90 208 97 165 
2025-02-07 04:01:01 FATAL 91 87 100 239 :379  - The rare situation has occured at time 1738918861052, id to look up=76 98 156 76 , id of local node=91 87 100 239 , id of predecessor=90 208 97 165 
2025-02-07 04:01:05 FATAL 91 87 100 239 :379  - The rare situation has occured at time 1738918865218, id to look up=87 21 170 2 , id of local node=91 87 100 239 , id of predecessor=90 208 97 165 
2025-02-07 04:01:05 FATAL 91 87 100 239 :379  - The rare situation has occured at time 1738918865768, id to look up=77 199 120 41 , id of local node=91 87 100 239 , id of predecessor=90 208 97 165 
2025-02-07 04:01:12 FATAL 91 87 100 239 :379  - The rare situation has occured at time 1738918872967, id to look up=74 194 187 255 , id of local node=91 87 100 239 , id of predecessor=90 208 97 165 
2025-02-07 04:01:13 FATAL 91 87 100 239 :379  - The rare situation has occured at time 1738918873782, id to look up=81 234 198 180 , id of local node=91 87 100 239 , id of predecessor=90 208 97 165 
