2025-02-07 03:49:54 WARN  OpenChordTest:205  - Peer joined at ocsocket://localhost:8084/ via ocsocket://localhost:8080/
2025-02-07 03:49:54 WARN  OpenChordTest:58  - Insert time for key 4 = 94 ms
2025-02-07 03:49:54 WARN  OpenChordTest:60  - Inserted (4, default)
2025-02-07 03:49:54 WARN  OpenChordTest:64  - Memory usage at ocsocket://localhost:8084/ = 16 MB
2025-02-07 03:52:26 FATAL 90 208 97 165 :379  - The rare situation has occured at time 1738918346352, id to look up=77 19 75 192 , id of local node=90 208 97 165 , id of predecessor=89 104 170 186 
2025-02-07 03:53:43 FATAL 90 208 97 165 :379  - The rare situation has occured at time 1738918423223, id to look up=77 19 75 192 , id of local node=90 208 97 165 , id of predecessor=89 104 170 186 
2025-02-07 03:53:50 FATAL 90 208 97 165 :379  - The rare situation has occured at time 1738918430322, id to look up=84 206 185 18 , id of local node=90 208 97 165 , id of predecessor=89 104 170 186 
2025-02-07 03:53:52 FATAL 90 208 97 165 :379  - The rare situation has occured at time 1738918432283, id to look up=81 26 65 142 , id of local node=90 208 97 165 , id of predecessor=89 104 170 186 
2025-02-07 03:54:56 FATAL 90 208 97 165 :379  - The rare situation has occured at time 1738918496582, id to look up=77 19 75 192 , id of local node=90 208 97 165 , id of predecessor=89 104 170 186 
2025-02-07 03:55:03 FATAL 90 208 97 165 :379  - The rare situation has occured at time 1738918503187, id to look up=84 206 185 18 , id of local node=90 208 97 165 , id of predecessor=89 104 170 186 
2025-02-07 03:55:05 FATAL 90 208 97 165 :379  - The rare situation has occured at time 1738918505178, id to look up=81 26 65 142 , id of local node=90 208 97 165 , id of predecessor=89 104 170 186 
2025-02-07 03:55:06 FATAL 90 208 97 165 :379  - The rare situation has occured at time 1738918506302, id to look up=89 18 154 172 , id of local node=90 208 97 165 , id of predecessor=89 104 170 186 
2025-02-07 03:55:06 FATAL 90 208 97 165 :379  - The rare situation has occured at time 1738918506433, id to look up=77 137 210 148 , id of local node=90 208 97 165 , id of predecessor=89 104 170 186 
2025-02-07 03:55:11 FATAL 90 208 97 165 :379  - The rare situation has occured at time 1738918511088, id to look up=76 214 109 250 , id of local node=90 208 97 165 , id of predecessor=89 104 170 186 
2025-02-07 03:55:14 FATAL 90 208 97 165 :379  - The rare situation has occured at time 1738918514408, id to look up=82 78 5 220 , id of local node=90 208 97 165 , id of predecessor=89 104 170 186 
2025-02-07 03:56:26 FATAL 90 208 97 165 :379  - The rare situation has occured at time 1738918586877, id to look up=77 19 75 192 , id of local node=90 208 97 165 , id of predecessor=89 104 170 186 
2025-02-07 03:56:34 FATAL 90 208 97 165 :379  - The rare situation has occured at time 1738918594120, id to look up=84 206 185 18 , id of local node=90 208 97 165 , id of predecessor=89 104 170 186 
2025-02-07 03:56:36 FATAL 90 208 97 165 :379  - The rare situation has occured at time 1738918596131, id to look up=81 26 65 142 , id of local node=90 208 97 165 , id of predecessor=89 104 170 186 
2025-02-07 03:56:37 FATAL 90 208 97 165 :379  - The rare situation has occured at time 1738918597235, id to look up=89 18 154 172 , id of local node=90 208 97 165 , id of predecessor=89 104 170 186 
2025-02-07 03:56:37 FATAL 90 208 97 165 :379  - The rare situation has occured at time 1738918597367, id to look up=77 137 210 148 , id of local node=90 208 97 165 , id of predecessor=89 104 170 186 
2025-02-07 03:56:41 FATAL 90 208 97 165 :379  - The rare situation has occured at time 1738918601453, id to look up=76 214 109 250 , id of local node=90 208 97 165 , id of predecessor=89 104 170 186 
2025-02-07 03:56:44 FATAL 90 208 97 165 :379  - The rare situation has occured at time 1738918604763, id to look up=82 78 5 220 , id of local node=90 208 97 165 , id of predecessor=89 104 170 186 
2025-02-07 03:56:51 FATAL 90 208 97 165 :379  - The rare situation has occured at time 1738918611103, id to look up=86 173 77 77 , id of local node=90 208 97 165 , id of predecessor=89 104 170 186 
2025-02-07 03:56:52 FATAL 90 208 97 165 :379  - The rare situation has occured at time 1738918612773, id to look up=80 51 107 198 , id of local node=90 208 97 165 , id of predecessor=89 104 170 186 
2025-02-07 03:56:53 FATAL 90 208 97 165 :379  - The rare situation has occured at time 1738918613688, id to look up=83 111 182 147 , id of local node=90 208 97 165 , id of predecessor=89 104 170 186 
2025-02-07 03:56:58 FATAL 90 208 97 165 :379  - The rare situation has occured at time 1738918618943, id to look up=87 46 32 115 , id of local node=90 208 97 165 , id of predecessor=89 104 170 186 
2025-02-07 03:57:00 FATAL 90 208 97 165 :379  - The rare situation has occured at time 1738918620566, id to look up=88 240 116 73 , id of local node=90 208 97 165 , id of predecessor=89 104 170 186 
2025-02-07 03:57:02 FATAL 90 208 97 165 :379  - The rare situation has occured at time 1738918622963, id to look up=77 234 29 174 , id of local node=90 208 97 165 , id of predecessor=89 104 170 186 
2025-02-07 03:57:04 FATAL 90 208 97 165 :379  - The rare situation has occured at time 1738918624786, id to look up=74 250 143 158 , id of local node=90 208 97 165 , id of predecessor=89 104 170 186 
2025-02-07 03:57:09 FATAL 90 208 97 165 :379  - The rare situation has occured at time 1738918629286, id to look up=76 130 5 218 , id of local node=90 208 97 165 , id of predecessor=89 104 170 186 
2025-02-07 03:57:09 FATAL 90 208 97 165 :379  - The rare situation has occured at time 1738918629715, id to look up=79 15 92 150 , id of local node=90 208 97 165 , id of predecessor=89 104 170 186 
2025-02-07 03:57:09 FATAL 90 208 97 165 :379  - The rare situation has occured at time 1738918629837, id to look up=82 253 185 246 , id of local node=90 208 97 165 , id of predecessor=89 104 170 186 
2025-02-07 03:57:09 FATAL 90 208 97 165 :379  - The rare situation has occured at time 1738918629907, id to look up=88 65 48 224 , id of local node=90 208 97 165 , id of predecessor=89 104 170 186 
2025-02-07 03:57:11 FATAL 90 208 97 165 :379  - The rare situation has occured at time 1738918631003, id to look up=74 247 249 237 , id of local node=90 208 97 165 , id of predecessor=89 104 170 186 
2025-02-07 03:57:12 FATAL 90 208 97 165 :379  - The rare situation has occured at time 1738918632983, id to look up=76 21 220 33 , id of local node=90 208 97 165 , id of predecessor=89 104 170 186 
2025-02-07 03:59:48 FATAL 90 208 97 165 :379  - The rare situation has occured at time 1738918788947, id to look up=77 19 75 192 , id of local node=90 208 97 165 , id of predecessor=89 104 170 186 
2025-02-07 03:59:56 FATAL 90 208 97 165 :379  - The rare situation has occured at time 1738918796057, id to look up=84 206 185 18 , id of local node=90 208 97 165 , id of predecessor=89 104 170 186 
2025-02-07 03:59:58 FATAL 90 208 97 165 :379  - The rare situation has occured at time 1738918798027, id to look up=81 26 65 142 , id of local node=90 208 97 165 , id of predecessor=89 104 170 186 
2025-02-07 03:59:59 FATAL 90 208 97 165 :379  - The rare situation has occured at time 1738918799124, id to look up=89 18 154 172 , id of local node=90 208 97 165 , id of predecessor=89 104 170 186 
2025-02-07 03:59:59 FATAL 90 208 97 165 :379  - The rare situation has occured at time 1738918799244, id to look up=77 137 210 148 , id of local node=90 208 97 165 , id of predecessor=89 104 170 186 
2025-02-07 04:00:03 FATAL 90 208 97 165 :379  - The rare situation has occured at time 1738918803878, id to look up=76 214 109 250 , id of local node=90 208 97 165 , id of predecessor=89 104 170 186 
2025-02-07 04:00:07 FATAL 90 208 97 165 :379  - The rare situation has occured at time 1738918807287, id to look up=82 78 5 220 , id of local node=90 208 97 165 , id of predecessor=89 104 170 186 
2025-02-07 04:00:13 FATAL 90 208 97 165 :379  - The rare situation has occured at time 1738918813678, id to look up=86 173 77 77 , id of local node=90 208 97 165 , id of predecessor=89 104 170 186 
2025-02-07 04:00:15 FATAL 90 208 97 165 :379  - The rare situation has occured at time 1738918815418, id to look up=80 51 107 198 , id of local node=90 208 97 165 , id of predecessor=89 104 170 186 
2025-02-07 04:00:16 FATAL 90 208 97 165 :379  - The rare situation has occured at time 1738918816311, id to look up=83 111 182 147 , id of local node=90 208 97 165 , id of predecessor=89 104 170 186 
2025-02-07 04:00:20 FATAL 90 208 97 165 :379  - The rare situation has occured at time 1738918820931, id to look up=87 46 32 115 , id of local node=90 208 97 165 , id of predecessor=89 104 170 186 
2025-02-07 04:00:22 FATAL 90 208 97 165 :379  - The rare situation has occured at time 1738918822545, id to look up=88 240 116 73 , id of local node=90 208 97 165 , id of predecessor=89 104 170 186 
2025-02-07 04:00:24 FATAL 90 208 97 165 :379  - The rare situation has occured at time 1738918824962, id to look up=77 234 29 174 , id of local node=90 208 97 165 , id of predecessor=89 104 170 186 
2025-02-07 04:00:26 FATAL 90 208 97 165 :379  - The rare situation has occured at time 1738918826814, id to look up=74 250 143 158 , id of local node=90 208 97 165 , id of predecessor=89 104 170 186 
2025-02-07 04:00:31 FATAL 90 208 97 165 :379  - The rare situation has occured at time 1738918831346, id to look up=76 130 5 218 , id of local node=90 208 97 165 , id of predecessor=89 104 170 186 
2025-02-07 04:00:31 FATAL 90 208 97 165 :379  - The rare situation has occured at time 1738918831804, id to look up=79 15 92 150 , id of local node=90 208 97 165 , id of predecessor=89 104 170 186 
2025-02-07 04:00:31 FATAL 90 208 97 165 :379  - The rare situation has occured at time 1738918831947, id to look up=82 253 185 246 , id of local node=90 208 97 165 , id of predecessor=89 104 170 186 
2025-02-07 04:00:32 FATAL 90 208 97 165 :379  - The rare situation has occured at time 1738918832583, id to look up=88 65 48 224 , id of local node=90 208 97 165 , id of predecessor=89 104 170 186 
2025-02-07 04:00:33 FATAL 90 208 97 165 :379  - The rare situation has occured at time 1738918833665, id to look up=74 247 249 237 , id of local node=90 208 97 165 , id of predecessor=89 104 170 186 
2025-02-07 04:00:35 FATAL 90 208 97 165 :379  - The rare situation has occured at time 1738918835654, id to look up=76 21 220 33 , id of local node=90 208 97 165 , id of predecessor=89 104 170 186 
2025-02-07 04:00:43 FATAL 90 208 97 165 :379  - The rare situation has occured at time 1738918843462, id to look up=75 46 57 40 , id of local node=90 208 97 165 , id of predecessor=89 104 170 186 
2025-02-07 04:00:49 FATAL 90 208 97 165 :379  - The rare situation has occured at time 1738918849172, id to look up=85 71 246 49 , id of local node=90 208 97 165 , id of predecessor=89 104 170 186 
2025-02-07 04:00:55 FATAL 90 208 97 165 :379  - The rare situation has occured at time 1738918855110, id to look up=86 228 58 228 , id of local node=90 208 97 165 , id of predecessor=89 104 170 186 
2025-02-07 04:00:57 FATAL 90 208 97 165 :379  - The rare situation has occured at time 1738918857629, id to look up=74 14 136 207 , id of local node=90 208 97 165 , id of predecessor=89 104 170 186 
2025-02-07 04:01:01 FATAL 90 208 97 165 :379  - The rare situation has occured at time 1738918861053, id to look up=76 98 156 76 , id of local node=90 208 97 165 , id of predecessor=89 104 170 186 
2025-02-07 04:01:05 FATAL 90 208 97 165 :379  - The rare situation has occured at time 1738918865219, id to look up=87 21 170 2 , id of local node=90 208 97 165 , id of predecessor=89 104 170 186 
2025-02-07 04:01:05 FATAL 90 208 97 165 :379  - The rare situation has occured at time 1738918865768, id to look up=77 199 120 41 , id of local node=90 208 97 165 , id of predecessor=89 104 170 186 
2025-02-07 04:01:12 FATAL 90 208 97 165 :379  - The rare situation has occured at time 1738918872968, id to look up=74 194 187 255 , id of local node=90 208 97 165 , id of predecessor=89 104 170 186 
2025-02-07 04:01:13 FATAL 90 208 97 165 :379  - The rare situation has occured at time 1738918873782, id to look up=81 234 198 180 , id of local node=90 208 97 165 , id of predecessor=89 104 170 186 
