2025-02-07 03:50:47 WARN  OpenChordTest:205  - Peer joined at ocsocket://localhost:8109/ via ocsocket://localhost:8080/
2025-02-07 03:50:48 WARN  OpenChordTest:58  - Insert time for key 29 = 1601 ms
2025-02-07 03:50:48 WARN  OpenChordTest:60  - Inserted (29, default)
2025-02-07 03:50:48 WARN  OpenChordTest:64  - Memory usage at ocsocket://localhost:8109/ = 9 MB
2025-02-07 03:52:21 FATAL 210 68 241 41 :379  - The rare situation has occured at time 1738918341840, id to look up=119 222 104 218 , id of local node=210 68 241 41 , id of predecessor=207 46 52 205 
2025-02-07 03:52:23 FATAL 210 68 241 41 :379  - The rare situation has occured at time 1738918343020, id to look up=172 52 120 214 , id of local node=210 68 241 41 , id of predecessor=207 46 52 205 
2025-02-07 03:52:23 FATAL 210 68 241 41 :379  - The rare situation has occured at time 1738918343476, id to look up=193 223 217 110 , id of local node=210 68 241 41 , id of predecessor=207 46 52 205 
2025-02-07 03:52:24 FATAL 210 68 241 41 :379  - The rare situation has occured at time 1738918344011, id to look up=177 213 120 17 , id of local node=210 68 241 41 , id of predecessor=207 46 52 205 
2025-02-07 03:52:24 FATAL 210 68 241 41 :379  - The rare situation has occured at time 1738918344681, id to look up=123 82 0 155 , id of local node=210 68 241 41 , id of predecessor=207 46 52 205 
2025-02-07 03:52:24 FATAL 210 68 241 41 :379  - The rare situation has occured at time 1738918344851, id to look up=189 48 122 62 , id of local node=210 68 241 41 , id of predecessor=207 46 52 205 
2025-02-07 03:52:25 FATAL 210 68 241 41 :379  - The rare situation has occured at time 1738918345061, id to look up=158 106 85 182 , id of local node=210 68 241 41 , id of predecessor=207 46 52 205 
2025-02-07 03:52:25 FATAL 210 68 241 41 :379  - The rare situation has occured at time 1738918345337, id to look up=179 240 199 246 , id of local node=210 68 241 41 , id of predecessor=207 46 52 205 
2025-02-07 03:52:25 FATAL 210 68 241 41 :379  - The rare situation has occured at time 1738918345893, id to look up=77 19 75 192 , id of local node=210 68 241 41 , id of predecessor=207 46 52 205 
2025-02-07 03:52:26 FATAL 210 68 241 41 :379  - The rare situation has occured at time 1738918346787, id to look up=188 51 234 78 , id of local node=210 68 241 41 , id of predecessor=207 46 52 205 
2025-02-07 03:52:27 FATAL 210 68 241 41 :379  - The rare situation has occured at time 1738918347251, id to look up=119 25 161 199 , id of local node=210 68 241 41 , id of predecessor=207 46 52 205 
2025-02-07 03:52:27 FATAL 210 68 241 41 :379  - The rare situation has occured at time 1738918347966, id to look up=203 78 82 8 , id of local node=210 68 241 41 , id of predecessor=207 46 52 205 
2025-02-07 03:53:38 FATAL 210 68 241 41 :379  - The rare situation has occured at time 1738918418823, id to look up=119 222 104 218 , id of local node=210 68 241 41 , id of predecessor=207 46 52 205 
2025-02-07 03:53:39 FATAL 210 68 241 41 :379  - The rare situation has occured at time 1738918419266, id to look up=172 52 120 214 , id of local node=210 68 241 41 , id of predecessor=207 46 52 205 
2025-02-07 03:53:39 FATAL 210 68 241 41 :379  - The rare situation has occured at time 1738918419741, id to look up=193 223 217 110 , id of local node=210 68 241 41 , id of predecessor=207 46 52 205 
2025-02-07 03:53:40 FATAL 210 68 241 41 :379  - The rare situation has occured at time 1738918420275, id to look up=177 213 120 17 , id of local node=210 68 241 41 , id of predecessor=207 46 52 205 
2025-02-07 03:53:40 FATAL 210 68 241 41 :379  - The rare situation has occured at time 1738918420935, id to look up=123 82 0 155 , id of local node=210 68 241 41 , id of predecessor=207 46 52 205 
2025-02-07 03:53:41 FATAL 210 68 241 41 :379  - The rare situation has occured at time 1738918421356, id to look up=189 48 122 62 , id of local node=210 68 241 41 , id of predecessor=207 46 52 205 
2025-02-07 03:53:42 FATAL 210 68 241 41 :379  - The rare situation has occured at time 1738918422181, id to look up=158 106 85 182 , id of local node=210 68 241 41 , id of predecessor=207 46 52 205 
2025-02-07 03:53:42 FATAL 210 68 241 41 :379  - The rare situation has occured at time 1738918422445, id to look up=179 240 199 246 , id of local node=210 68 241 41 , id of predecessor=207 46 52 205 
2025-02-07 03:53:42 FATAL 210 68 241 41 :379  - The rare situation has occured at time 1738918422992, id to look up=77 19 75 192 , id of local node=210 68 241 41 , id of predecessor=207 46 52 205 
2025-02-07 03:53:43 FATAL 210 68 241 41 :379  - The rare situation has occured at time 1738918423585, id to look up=188 51 234 78 , id of local node=210 68 241 41 , id of predecessor=207 46 52 205 
2025-02-07 03:53:44 FATAL 210 68 241 41 :379  - The rare situation has occured at time 1738918424050, id to look up=119 25 161 199 , id of local node=210 68 241 41 , id of predecessor=207 46 52 205 
2025-02-07 03:53:44 FATAL 210 68 241 41 :379  - The rare situation has occured at time 1738918424586, id to look up=203 78 82 8 , id of local node=210 68 241 41 , id of predecessor=207 46 52 205 
2025-02-07 03:53:44 FATAL 210 68 241 41 :379  - The rare situation has occured at time 1738918424991, id to look up=182 105 46 165 , id of local node=210 68 241 41 , id of predecessor=207 46 52 205 
2025-02-07 03:53:45 FATAL 210 68 241 41 :379  - The rare situation has occured at time 1738918425306, id to look up=151 42 103 196 , id of local node=210 68 241 41 , id of predecessor=207 46 52 205 
2025-02-07 03:53:45 FATAL 210 68 241 41 :379  - The rare situation has occured at time 1738918425624, id to look up=203 122 29 119 , id of local node=210 68 241 41 , id of predecessor=207 46 52 205 
2025-02-07 03:53:46 FATAL 210 68 241 41 :379  - The rare situation has occured at time 1738918426131, id to look up=202 53 18 244 , id of local node=210 68 241 41 , id of predecessor=207 46 52 205 
2025-02-07 03:53:46 FATAL 210 68 241 41 :379  - The rare situation has occured at time 1738918426285, id to look up=175 62 19 52 , id of local node=210 68 241 41 , id of predecessor=207 46 52 205 
2025-02-07 03:53:46 FATAL 210 68 241 41 :379  - The rare situation has occured at time 1738918426498, id to look up=118 31 34 178 , id of local node=210 68 241 41 , id of predecessor=207 46 52 205 
2025-02-07 03:53:47 FATAL 210 68 241 41 :379  - The rare situation has occured at time 1738918427006, id to look up=146 207 206 179 , id of local node=210 68 241 41 , id of predecessor=207 46 52 205 
2025-02-07 03:53:47 FATAL 210 68 241 41 :379  - The rare situation has occured at time 1738918427541, id to look up=152 251 196 47 , id of local node=210 68 241 41 , id of predecessor=207 46 52 205 
2025-02-07 03:53:48 FATAL 210 68 241 41 :379  - The rare situation has occured at time 1738918428252, id to look up=100 224 149 254 , id of local node=210 68 241 41 , id of predecessor=207 46 52 205 
2025-02-07 03:53:48 FATAL 210 68 241 41 :379  - The rare situation has occured at time 1738918428823, id to look up=183 235 108 104 , id of local node=210 68 241 41 , id of predecessor=207 46 52 205 
2025-02-07 03:53:49 FATAL 210 68 241 41 :379  - The rare situation has occured at time 1738918429091, id to look up=169 51 73 135 , id of local node=210 68 241 41 , id of predecessor=207 46 52 205 
2025-02-07 03:53:49 FATAL 210 68 241 41 :379  - The rare situation has occured at time 1738918429365, id to look up=197 183 109 163 , id of local node=210 68 241 41 , id of predecessor=207 46 52 205 
2025-02-07 03:53:49 FATAL 210 68 241 41 :379  - The rare situation has occured at time 1738918429971, id to look up=84 206 185 18 , id of local node=210 68 241 41 , id of predecessor=207 46 52 205 
2025-02-07 03:53:50 FATAL 210 68 241 41 :379  - The rare situation has occured at time 1738918430552, id to look up=102 123 229 67 , id of local node=210 68 241 41 , id of predecessor=207 46 52 205 
2025-02-07 03:53:51 FATAL 210 68 241 41 :379  - The rare situation has occured at time 1738918431581, id to look up=108 30 103 31 , id of local node=210 68 241 41 , id of predecessor=207 46 52 205 
2025-02-07 03:53:52 FATAL 210 68 241 41 :379  - The rare situation has occured at time 1738918432221, id to look up=81 26 65 142 , id of local node=210 68 241 41 , id of predecessor=207 46 52 205 
2025-02-07 03:53:52 FATAL 210 68 241 41 :379  - The rare situation has occured at time 1738918432454, id to look up=161 117 84 160 , id of local node=210 68 241 41 , id of predecessor=207 46 52 205 
2025-02-07 03:53:52 FATAL 210 68 241 41 :379  - The rare situation has occured at time 1738918432891, id to look up=198 108 101 23 , id of local node=210 68 241 41 , id of predecessor=207 46 52 205 
2025-02-07 03:54:52 FATAL 210 68 241 41 :379  - The rare situation has occured at time 1738918492382, id to look up=119 222 104 218 , id of local node=210 68 241 41 , id of predecessor=207 46 52 205 
2025-02-07 03:54:52 FATAL 210 68 241 41 :379  - The rare situation has occured at time 1738918492826, id to look up=172 52 120 214 , id of local node=210 68 241 41 , id of predecessor=207 46 52 205 
2025-02-07 03:54:53 FATAL 210 68 241 41 :379  - The rare situation has occured at time 1738918493301, id to look up=193 223 217 110 , id of local node=210 68 241 41 , id of predecessor=207 46 52 205 
2025-02-07 03:54:53 FATAL 210 68 241 41 :379  - The rare situation has occured at time 1738918493826, id to look up=177 213 120 17 , id of local node=210 68 241 41 , id of predecessor=207 46 52 205 
2025-02-07 03:54:54 FATAL 210 68 241 41 :379  - The rare situation has occured at time 1738918494496, id to look up=123 82 0 155 , id of local node=210 68 241 41 , id of predecessor=207 46 52 205 
2025-02-07 03:54:54 FATAL 210 68 241 41 :379  - The rare situation has occured at time 1738918494656, id to look up=189 48 122 62 , id of local node=210 68 241 41 , id of predecessor=207 46 52 205 
2025-02-07 03:54:55 FATAL 210 68 241 41 :379  - The rare situation has occured at time 1738918495491, id to look up=158 106 85 182 , id of local node=210 68 241 41 , id of predecessor=207 46 52 205 
2025-02-07 03:54:55 FATAL 210 68 241 41 :379  - The rare situation has occured at time 1738918495755, id to look up=179 240 199 246 , id of local node=210 68 241 41 , id of predecessor=207 46 52 205 
2025-02-07 03:54:56 FATAL 210 68 241 41 :379  - The rare situation has occured at time 1738918496302, id to look up=77 19 75 192 , id of local node=210 68 241 41 , id of predecessor=207 46 52 205 
2025-02-07 03:54:56 FATAL 210 68 241 41 :379  - The rare situation has occured at time 1738918496975, id to look up=188 51 234 78 , id of local node=210 68 241 41 , id of predecessor=207 46 52 205 
2025-02-07 03:54:57 FATAL 210 68 241 41 :379  - The rare situation has occured at time 1738918497442, id to look up=119 25 161 199 , id of local node=210 68 241 41 , id of predecessor=207 46 52 205 
2025-02-07 03:54:57 FATAL 210 68 241 41 :379  - The rare situation has occured at time 1738918497985, id to look up=203 78 82 8 , id of local node=210 68 241 41 , id of predecessor=207 46 52 205 
2025-02-07 03:54:58 FATAL 210 68 241 41 :379  - The rare situation has occured at time 1738918498391, id to look up=182 105 46 165 , id of local node=210 68 241 41 , id of predecessor=207 46 52 205 
2025-02-07 03:54:58 FATAL 210 68 241 41 :379  - The rare situation has occured at time 1738918498695, id to look up=151 42 103 196 , id of local node=210 68 241 41 , id of predecessor=207 46 52 205 
2025-02-07 03:54:59 FATAL 210 68 241 41 :379  - The rare situation has occured at time 1738918499015, id to look up=203 122 29 119 , id of local node=210 68 241 41 , id of predecessor=207 46 52 205 
2025-02-07 03:54:59 FATAL 210 68 241 41 :379  - The rare situation has occured at time 1738918499542, id to look up=202 53 18 244 , id of local node=210 68 241 41 , id of predecessor=207 46 52 205 
2025-02-07 03:54:59 FATAL 210 68 241 41 :379  - The rare situation has occured at time 1738918499695, id to look up=175 62 19 52 , id of local node=210 68 241 41 , id of predecessor=207 46 52 205 
2025-02-07 03:54:59 FATAL 210 68 241 41 :379  - The rare situation has occured at time 1738918499898, id to look up=118 31 34 178 , id of local node=210 68 241 41 , id of predecessor=207 46 52 205 
2025-02-07 03:55:00 FATAL 210 68 241 41 :379  - The rare situation has occured at time 1738918500425, id to look up=146 207 206 179 , id of local node=210 68 241 41 , id of predecessor=207 46 52 205 
2025-02-07 03:55:00 FATAL 210 68 241 41 :379  - The rare situation has occured at time 1738918500951, id to look up=152 251 196 47 , id of local node=210 68 241 41 , id of predecessor=207 46 52 205 
2025-02-07 03:55:01 FATAL 210 68 241 41 :379  - The rare situation has occured at time 1738918501701, id to look up=100 224 149 254 , id of local node=210 68 241 41 , id of predecessor=207 46 52 205 
2025-02-07 03:55:02 FATAL 210 68 241 41 :379  - The rare situation has occured at time 1738918502303, id to look up=183 235 108 104 , id of local node=210 68 241 41 , id of predecessor=207 46 52 205 
2025-02-07 03:55:02 FATAL 210 68 241 41 :379  - The rare situation has occured at time 1738918502581, id to look up=169 51 73 135 , id of local node=210 68 241 41 , id of predecessor=207 46 52 205 
2025-02-07 03:55:02 FATAL 210 68 241 41 :379  - The rare situation has occured at time 1738918502845, id to look up=197 183 109 163 , id of local node=210 68 241 41 , id of predecessor=207 46 52 205 
2025-02-07 03:55:03 FATAL 210 68 241 41 :379  - The rare situation has occured at time 1738918503462, id to look up=84 206 185 18 , id of local node=210 68 241 41 , id of predecessor=207 46 52 205 
2025-02-07 03:55:03 FATAL 210 68 241 41 :379  - The rare situation has occured at time 1738918503416, id to look up=102 123 229 67 , id of local node=210 68 241 41 , id of predecessor=207 46 52 205 
2025-02-07 03:55:04 FATAL 210 68 241 41 :379  - The rare situation has occured at time 1738918504486, id to look up=108 30 103 31 , id of local node=210 68 241 41 , id of predecessor=207 46 52 205 
2025-02-07 03:55:05 FATAL 210 68 241 41 :379  - The rare situation has occured at time 1738918505125, id to look up=81 26 65 142 , id of local node=210 68 241 41 , id of predecessor=207 46 52 205 
2025-02-07 03:55:05 FATAL 210 68 241 41 :379  - The rare situation has occured at time 1738918505349, id to look up=161 117 84 160 , id of local node=210 68 241 41 , id of predecessor=207 46 52 205 
2025-02-07 03:55:05 FATAL 210 68 241 41 :379  - The rare situation has occured at time 1738918505776, id to look up=198 108 101 23 , id of local node=210 68 241 41 , id of predecessor=207 46 52 205 
2025-02-07 03:55:06 FATAL 210 68 241 41 :379  - The rare situation has occured at time 1738918506046, id to look up=89 18 154 172 , id of local node=210 68 241 41 , id of predecessor=207 46 52 205 
2025-02-07 03:55:06 FATAL 210 68 241 41 :379  - The rare situation has occured at time 1738918506425, id to look up=77 137 210 148 , id of local node=210 68 241 41 , id of predecessor=207 46 52 205 
2025-02-07 03:55:06 FATAL 210 68 241 41 :379  - The rare situation has occured at time 1738918506541, id to look up=180 201 109 128 , id of local node=210 68 241 41 , id of predecessor=207 46 52 205 
2025-02-07 03:55:07 FATAL 210 68 241 41 :379  - The rare situation has occured at time 1738918507007, id to look up=167 43 32 6 , id of local node=210 68 241 41 , id of predecessor=207 46 52 205 
2025-02-07 03:55:07 FATAL 210 68 241 41 :379  - The rare situation has occured at time 1738918507261, id to look up=183 16 60 162 , id of local node=210 68 241 41 , id of predecessor=207 46 52 205 
2025-02-07 03:55:07 FATAL 210 68 241 41 :379  - The rare situation has occured at time 1738918507676, id to look up=192 151 99 143 , id of local node=210 68 241 41 , id of predecessor=207 46 52 205 
2025-02-07 03:55:08 FATAL 210 68 241 41 :379  - The rare situation has occured at time 1738918508547, id to look up=183 79 94 233 , id of local node=210 68 241 41 , id of predecessor=207 46 52 205 
2025-02-07 03:55:08 FATAL 210 68 241 41 :379  - The rare situation has occured at time 1738918508800, id to look up=184 136 178 152 , id of local node=210 68 241 41 , id of predecessor=207 46 52 205 
2025-02-07 03:55:09 FATAL 210 68 241 41 :379  - The rare situation has occured at time 1738918509202, id to look up=118 84 111 154 , id of local node=210 68 241 41 , id of predecessor=207 46 52 205 
2025-02-07 03:55:09 FATAL 210 68 241 41 :379  - The rare situation has occured at time 1738918509470, id to look up=190 70 26 12 , id of local node=210 68 241 41 , id of predecessor=207 46 52 205 
2025-02-07 03:55:10 FATAL 210 68 241 41 :379  - The rare situation has occured at time 1738918510206, id to look up=179 127 109 220 , id of local node=210 68 241 41 , id of predecessor=207 46 52 205 
2025-02-07 03:55:10 FATAL 210 68 241 41 :379  - The rare situation has occured at time 1738918510675, id to look up=76 214 109 250 , id of local node=210 68 241 41 , id of predecessor=207 46 52 205 
2025-02-07 03:55:11 FATAL 210 68 241 41 :379  - The rare situation has occured at time 1738918511752, id to look up=111 184 74 237 , id of local node=210 68 241 41 , id of predecessor=207 46 52 205 
2025-02-07 03:55:12 FATAL 210 68 241 41 :379  - The rare situation has occured at time 1738918512318, id to look up=154 121 190 97 , id of local node=210 68 241 41 , id of predecessor=207 46 52 205 
2025-02-07 03:55:12 FATAL 210 68 241 41 :379  - The rare situation has occured at time 1738918512928, id to look up=200 48 106 225 , id of local node=210 68 241 41 , id of predecessor=207 46 52 205 
2025-02-07 03:55:13 FATAL 210 68 241 41 :379  - The rare situation has occured at time 1738918513196, id to look up=147 67 133 245 , id of local node=210 68 241 41 , id of predecessor=207 46 52 205 
2025-02-07 03:55:13 FATAL 210 68 241 41 :379  - The rare situation has occured at time 1738918513800, id to look up=120 168 239 203 , id of local node=210 68 241 41 , id of predecessor=207 46 52 205 
2025-02-07 03:55:14 FATAL 210 68 241 41 :379  - The rare situation has occured at time 1738918514220, id to look up=114 36 249 151 , id of local node=210 68 241 41 , id of predecessor=207 46 52 205 
2025-02-07 03:55:14 FATAL 210 68 241 41 :379  - The rare situation has occured at time 1738918514357, id to look up=82 78 5 220 , id of local node=210 68 241 41 , id of predecessor=207 46 52 205 
2025-02-07 03:55:14 FATAL 210 68 241 41 :379  - The rare situation has occured at time 1738918514621, id to look up=161 66 46 106 , id of local node=210 68 241 41 , id of predecessor=207 46 52 205 
2025-02-07 03:55:15 FATAL 210 68 241 41 :379  - The rare situation has occured at time 1738918515608, id to look up=104 62 114 92 , id of local node=210 68 241 41 , id of predecessor=207 46 52 205 
2025-02-07 03:55:16 FATAL 210 68 241 41 :379  - The rare situation has occured at time 1738918516447, id to look up=162 227 61 52 , id of local node=210 68 241 41 , id of predecessor=207 46 52 205 
2025-02-07 03:55:16 FATAL 210 68 241 41 :379  - The rare situation has occured at time 1738918516568, id to look up=119 91 197 195 , id of local node=210 68 241 41 , id of predecessor=207 46 52 205 
2025-02-07 03:55:18 FATAL 210 68 241 41 :379  - The rare situation has occured at time 1738918518089, id to look up=180 24 43 255 , id of local node=210 68 241 41 , id of predecessor=207 46 52 205 
2025-02-07 03:56:22 FATAL 210 68 241 41 :379  - The rare situation has occured at time 1738918582529, id to look up=119 222 104 218 , id of local node=210 68 241 41 , id of predecessor=207 46 52 205 
2025-02-07 03:56:22 FATAL 210 68 241 41 :379  - The rare situation has occured at time 1738918582864, id to look up=172 52 120 214 , id of local node=210 68 241 41 , id of predecessor=207 46 52 205 
2025-02-07 03:56:23 FATAL 210 68 241 41 :379  - The rare situation has occured at time 1738918583064, id to look up=193 223 217 110 , id of local node=210 68 241 41 , id of predecessor=207 46 52 205 
2025-02-07 03:56:23 FATAL 210 68 241 41 :379  - The rare situation has occured at time 1738918583790, id to look up=177 213 120 17 , id of local node=210 68 241 41 , id of predecessor=207 46 52 205 
2025-02-07 03:56:24 FATAL 210 68 241 41 :379  - The rare situation has occured at time 1738918584566, id to look up=123 82 0 155 , id of local node=210 68 241 41 , id of predecessor=207 46 52 205 
2025-02-07 03:56:25 FATAL 210 68 241 41 :379  - The rare situation has occured at time 1738918585025, id to look up=189 48 122 62 , id of local node=210 68 241 41 , id of predecessor=207 46 52 205 
2025-02-07 03:56:25 FATAL 210 68 241 41 :379  - The rare situation has occured at time 1738918585839, id to look up=158 106 85 182 , id of local node=210 68 241 41 , id of predecessor=207 46 52 205 
2025-02-07 03:56:26 FATAL 210 68 241 41 :379  - The rare situation has occured at time 1738918586104, id to look up=179 240 199 246 , id of local node=210 68 241 41 , id of predecessor=207 46 52 205 
2025-02-07 03:56:26 FATAL 210 68 241 41 :379  - The rare situation has occured at time 1738918586671, id to look up=77 19 75 192 , id of local node=210 68 241 41 , id of predecessor=207 46 52 205 
2025-02-07 03:56:27 FATAL 210 68 241 41 :379  - The rare situation has occured at time 1738918587293, id to look up=188 51 234 78 , id of local node=210 68 241 41 , id of predecessor=207 46 52 205 
2025-02-07 03:56:27 FATAL 210 68 241 41 :379  - The rare situation has occured at time 1738918587780, id to look up=119 25 161 199 , id of local node=210 68 241 41 , id of predecessor=207 46 52 205 
2025-02-07 03:56:28 FATAL 210 68 241 41 :379  - The rare situation has occured at time 1738918588303, id to look up=203 78 82 8 , id of local node=210 68 241 41 , id of predecessor=207 46 52 205 
2025-02-07 03:56:28 FATAL 210 68 241 41 :379  - The rare situation has occured at time 1738918588721, id to look up=182 105 46 165 , id of local node=210 68 241 41 , id of predecessor=207 46 52 205 
2025-02-07 03:56:29 FATAL 210 68 241 41 :379  - The rare situation has occured at time 1738918589034, id to look up=151 42 103 196 , id of local node=210 68 241 41 , id of predecessor=207 46 52 205 
2025-02-07 03:56:29 FATAL 210 68 241 41 :379  - The rare situation has occured at time 1738918589343, id to look up=203 122 29 119 , id of local node=210 68 241 41 , id of predecessor=207 46 52 205 
2025-02-07 03:56:29 FATAL 210 68 241 41 :379  - The rare situation has occured at time 1738918589859, id to look up=202 53 18 244 , id of local node=210 68 241 41 , id of predecessor=207 46 52 205 
2025-02-07 03:56:30 FATAL 210 68 241 41 :379  - The rare situation has occured at time 1738918590014, id to look up=175 62 19 52 , id of local node=210 68 241 41 , id of predecessor=207 46 52 205 
2025-02-07 03:56:30 FATAL 210 68 241 41 :379  - The rare situation has occured at time 1738918590227, id to look up=118 31 34 178 , id of local node=210 68 241 41 , id of predecessor=207 46 52 205 
2025-02-07 03:56:30 FATAL 210 68 241 41 :379  - The rare situation has occured at time 1738918590744, id to look up=146 207 206 179 , id of local node=210 68 241 41 , id of predecessor=207 46 52 205 
2025-02-07 03:56:31 FATAL 210 68 241 41 :379  - The rare situation has occured at time 1738918591289, id to look up=152 251 196 47 , id of local node=210 68 241 41 , id of predecessor=207 46 52 205 
2025-02-07 03:56:32 FATAL 210 68 241 41 :379  - The rare situation has occured at time 1738918592018, id to look up=100 224 149 254 , id of local node=210 68 241 41 , id of predecessor=207 46 52 205 
2025-02-07 03:56:32 FATAL 210 68 241 41 :379  - The rare situation has occured at time 1738918592591, id to look up=183 235 108 104 , id of local node=210 68 241 41 , id of predecessor=207 46 52 205 
2025-02-07 03:56:32 FATAL 210 68 241 41 :379  - The rare situation has occured at time 1738918592860, id to look up=169 51 73 135 , id of local node=210 68 241 41 , id of predecessor=207 46 52 205 
2025-02-07 03:56:33 FATAL 210 68 241 41 :379  - The rare situation has occured at time 1738918593114, id to look up=197 183 109 163 , id of local node=210 68 241 41 , id of predecessor=207 46 52 205 
2025-02-07 03:56:33 FATAL 210 68 241 41 :379  - The rare situation has occured at time 1738918593760, id to look up=84 206 185 18 , id of local node=210 68 241 41 , id of predecessor=207 46 52 205 
2025-02-07 03:56:34 FATAL 210 68 241 41 :379  - The rare situation has occured at time 1738918594358, id to look up=102 123 229 67 , id of local node=210 68 241 41 , id of predecessor=207 46 52 205 
2025-02-07 03:56:35 FATAL 210 68 241 41 :379  - The rare situation has occured at time 1738918595420, id to look up=108 30 103 31 , id of local node=210 68 241 41 , id of predecessor=207 46 52 205 
2025-02-07 03:56:36 FATAL 210 68 241 41 :379  - The rare situation has occured at time 1738918596069, id to look up=81 26 65 142 , id of local node=210 68 241 41 , id of predecessor=207 46 52 205 
2025-02-07 03:56:36 FATAL 210 68 241 41 :379  - The rare situation has occured at time 1738918596292, id to look up=161 117 84 160 , id of local node=210 68 241 41 , id of predecessor=207 46 52 205 
2025-02-07 03:56:36 FATAL 210 68 241 41 :379  - The rare situation has occured at time 1738918596719, id to look up=198 108 101 23 , id of local node=210 68 241 41 , id of predecessor=207 46 52 205 
2025-02-07 03:56:36 FATAL 210 68 241 41 :379  - The rare situation has occured at time 1738918596979, id to look up=89 18 154 172 , id of local node=210 68 241 41 , id of predecessor=207 46 52 205 
2025-02-07 03:56:37 FATAL 210 68 241 41 :379  - The rare situation has occured at time 1738918597359, id to look up=77 137 210 148 , id of local node=210 68 241 41 , id of predecessor=207 46 52 205 
2025-02-07 03:56:37 FATAL 210 68 241 41 :379  - The rare situation has occured at time 1738918597484, id to look up=180 201 109 128 , id of local node=210 68 241 41 , id of predecessor=207 46 52 205 
2025-02-07 03:56:37 FATAL 210 68 241 41 :379  - The rare situation has occured at time 1738918597950, id to look up=167 43 32 6 , id of local node=210 68 241 41 , id of predecessor=207 46 52 205 
2025-02-07 03:56:38 FATAL 210 68 241 41 :379  - The rare situation has occured at time 1738918598204, id to look up=183 16 60 162 , id of local node=210 68 241 41 , id of predecessor=207 46 52 205 
2025-02-07 03:56:38 FATAL 210 68 241 41 :379  - The rare situation has occured at time 1738918598599, id to look up=192 151 99 143 , id of local node=210 68 241 41 , id of predecessor=207 46 52 205 
2025-02-07 03:56:38 FATAL 210 68 241 41 :379  - The rare situation has occured at time 1738918598871, id to look up=183 79 94 233 , id of local node=210 68 241 41 , id of predecessor=207 46 52 205 
2025-02-07 03:56:39 FATAL 210 68 241 41 :379  - The rare situation has occured at time 1738918599135, id to look up=184 136 178 152 , id of local node=210 68 241 41 , id of predecessor=207 46 52 205 
2025-02-07 03:56:39 FATAL 210 68 241 41 :379  - The rare situation has occured at time 1738918599557, id to look up=118 84 111 154 , id of local node=210 68 241 41 , id of predecessor=207 46 52 205 
2025-02-07 03:56:39 FATAL 210 68 241 41 :379  - The rare situation has occured at time 1738918599825, id to look up=190 70 26 12 , id of local node=210 68 241 41 , id of predecessor=207 46 52 205 
2025-02-07 03:56:40 FATAL 210 68 241 41 :379  - The rare situation has occured at time 1738918600561, id to look up=179 127 109 220 , id of local node=210 68 241 41 , id of predecessor=207 46 52 205 
2025-02-07 03:56:41 FATAL 210 68 241 41 :379  - The rare situation has occured at time 1738918601029, id to look up=76 214 109 250 , id of local node=210 68 241 41 , id of predecessor=207 46 52 205 
2025-02-07 03:56:42 FATAL 210 68 241 41 :379  - The rare situation has occured at time 1738918602128, id to look up=111 184 74 237 , id of local node=210 68 241 41 , id of predecessor=207 46 52 205 
2025-02-07 03:56:42 FATAL 210 68 241 41 :379  - The rare situation has occured at time 1738918602701, id to look up=154 121 190 97 , id of local node=210 68 241 41 , id of predecessor=207 46 52 205 
2025-02-07 03:56:43 FATAL 210 68 241 41 :379  - The rare situation has occured at time 1738918603303, id to look up=200 48 106 225 , id of local node=210 68 241 41 , id of predecessor=207 46 52 205 
2025-02-07 03:56:43 FATAL 210 68 241 41 :379  - The rare situation has occured at time 1738918603551, id to look up=147 67 133 245 , id of local node=210 68 241 41 , id of predecessor=207 46 52 205 
2025-02-07 03:56:44 FATAL 210 68 241 41 :379  - The rare situation has occured at time 1738918604174, id to look up=120 168 239 203 , id of local node=210 68 241 41 , id of predecessor=207 46 52 205 
2025-02-07 03:56:44 FATAL 210 68 241 41 :379  - The rare situation has occured at time 1738918604593, id to look up=114 36 249 151 , id of local node=210 68 241 41 , id of predecessor=207 46 52 205 
2025-02-07 03:56:44 FATAL 210 68 241 41 :379  - The rare situation has occured at time 1738918604710, id to look up=82 78 5 220 , id of local node=210 68 241 41 , id of predecessor=207 46 52 205 
2025-02-07 03:56:44 FATAL 210 68 241 41 :379  - The rare situation has occured at time 1738918604996, id to look up=161 66 46 106 , id of local node=210 68 241 41 , id of predecessor=207 46 52 205 
2025-02-07 03:56:45 FATAL 210 68 241 41 :379  - The rare situation has occured at time 1738918605962, id to look up=104 62 114 92 , id of local node=210 68 241 41 , id of predecessor=207 46 52 205 
2025-02-07 03:56:46 FATAL 210 68 241 41 :379  - The rare situation has occured at time 1738918606801, id to look up=162 227 61 52 , id of local node=210 68 241 41 , id of predecessor=207 46 52 205 
2025-02-07 03:56:46 FATAL 210 68 241 41 :379  - The rare situation has occured at time 1738918606911, id to look up=119 91 197 195 , id of local node=210 68 241 41 , id of predecessor=207 46 52 205 
2025-02-07 03:56:48 FATAL 210 68 241 41 :379  - The rare situation has occured at time 1738918608424, id to look up=180 24 43 255 , id of local node=210 68 241 41 , id of predecessor=207 46 52 205 
2025-02-07 03:56:49 FATAL 210 68 241 41 :379  - The rare situation has occured at time 1738918609101, id to look up=145 223 222 29 , id of local node=210 68 241 41 , id of predecessor=207 46 52 205 
2025-02-07 03:56:49 FATAL 210 68 241 41 :379  - The rare situation has occured at time 1738918609622, id to look up=149 232 21 209 , id of local node=210 68 241 41 , id of predecessor=207 46 52 205 
2025-02-07 03:56:50 FATAL 210 68 241 41 :379  - The rare situation has occured at time 1738918610096, id to look up=158 7 26 58 , id of local node=210 68 241 41 , id of predecessor=207 46 52 205 
2025-02-07 03:56:50 FATAL 210 68 241 41 :379  - The rare situation has occured at time 1738918610701, id to look up=86 173 77 77 , id of local node=210 68 241 41 , id of predecessor=207 46 52 205 
2025-02-07 03:56:51 FATAL 210 68 241 41 :379  - The rare situation has occured at time 1738918611365, id to look up=194 138 202 35 , id of local node=210 68 241 41 , id of predecessor=207 46 52 205 
2025-02-07 03:56:51 FATAL 210 68 241 41 :379  - The rare situation has occured at time 1738918611791, id to look up=201 202 68 39 , id of local node=210 68 241 41 , id of predecessor=207 46 52 205 
2025-02-07 03:56:52 FATAL 210 68 241 41 :379  - The rare situation has occured at time 1738918612154, id to look up=115 32 130 140 , id of local node=210 68 241 41 , id of predecessor=207 46 52 205 
2025-02-07 03:56:52 FATAL 210 68 241 41 :379  - The rare situation has occured at time 1738918612322, id to look up=80 51 107 198 , id of local node=210 68 241 41 , id of predecessor=207 46 52 205 
2025-02-07 03:56:53 FATAL 210 68 241 41 :379  - The rare situation has occured at time 1738918613044, id to look up=179 192 115 12 , id of local node=210 68 241 41 , id of predecessor=207 46 52 205 
2025-02-07 03:56:53 FATAL 210 68 241 41 :379  - The rare situation has occured at time 1738918613481, id to look up=83 111 182 147 , id of local node=210 68 241 41 , id of predecessor=207 46 52 205 
2025-02-07 03:56:54 FATAL 210 68 241 41 :379  - The rare situation has occured at time 1738918614084, id to look up=177 106 69 122 , id of local node=210 68 241 41 , id of predecessor=207 46 52 205 
2025-02-07 03:56:54 FATAL 210 68 241 41 :379  - The rare situation has occured at time 1738918614482, id to look up=172 38 70 2 , id of local node=210 68 241 41 , id of predecessor=207 46 52 205 
2025-02-07 03:56:54 FATAL 210 68 241 41 :379  - The rare situation has occured at time 1738918614756, id to look up=166 241 106 180 , id of local node=210 68 241 41 , id of predecessor=207 46 52 205 
2025-02-07 03:56:54 FATAL 210 68 241 41 :379  - The rare situation has occured at time 1738918614965, id to look up=157 137 116 186 , id of local node=210 68 241 41 , id of predecessor=207 46 52 205 
2025-02-07 03:56:55 FATAL 210 68 241 41 :379  - The rare situation has occured at time 1738918615315, id to look up=163 209 37 151 , id of local node=210 68 241 41 , id of predecessor=207 46 52 205 
2025-02-07 03:56:55 FATAL 210 68 241 41 :379  - The rare situation has occured at time 1738918615479, id to look up=107 98 119 175 , id of local node=210 68 241 41 , id of predecessor=207 46 52 205 
2025-02-07 03:56:55 FATAL 210 68 241 41 :379  - The rare situation has occured at time 1738918615665, id to look up=190 5 125 76 , id of local node=210 68 241 41 , id of predecessor=207 46 52 205 
2025-02-07 03:56:56 FATAL 210 68 241 41 :379  - The rare situation has occured at time 1738918616221, id to look up=174 30 113 152 , id of local node=210 68 241 41 , id of predecessor=207 46 52 205 
2025-02-07 03:56:56 FATAL 210 68 241 41 :379  - The rare situation has occured at time 1738918616585, id to look up=169 41 235 51 , id of local node=210 68 241 41 , id of predecessor=207 46 52 205 
2025-02-07 03:56:56 FATAL 210 68 241 41 :379  - The rare situation has occured at time 1738918616736, id to look up=116 203 210 194 , id of local node=210 68 241 41 , id of predecessor=207 46 52 205 
2025-02-07 03:56:57 FATAL 210 68 241 41 :379  - The rare situation has occured at time 1738918617219, id to look up=105 229 105 118 , id of local node=210 68 241 41 , id of predecessor=207 46 52 205 
2025-02-07 03:56:57 FATAL 210 68 241 41 :379  - The rare situation has occured at time 1738918617351, id to look up=112 138 119 219 , id of local node=210 68 241 41 , id of predecessor=207 46 52 205 
2025-02-07 03:56:57 FATAL 210 68 241 41 :379  - The rare situation has occured at time 1738918617788, id to look up=113 123 47 61 , id of local node=210 68 241 41 , id of predecessor=207 46 52 205 
2025-02-07 03:56:57 FATAL 210 68 241 41 :379  - The rare situation has occured at time 1738918617954, id to look up=148 148 14 83 , id of local node=210 68 241 41 , id of predecessor=207 46 52 205 
2025-02-07 03:56:58 FATAL 210 68 241 41 :379  - The rare situation has occured at time 1738918618371, id to look up=193 170 4 191 , id of local node=210 68 241 41 , id of predecessor=207 46 52 205 
2025-02-07 03:56:58 FATAL 210 68 241 41 :379  - The rare situation has occured at time 1738918618580, id to look up=87 46 32 115 , id of local node=210 68 241 41 , id of predecessor=207 46 52 205 
2025-02-07 03:56:59 FATAL 210 68 241 41 :379  - The rare situation has occured at time 1738918619891, id to look up=158 68 210 119 , id of local node=210 68 241 41 , id of predecessor=207 46 52 205 
2025-02-07 03:57:00 FATAL 210 68 241 41 :379  - The rare situation has occured at time 1738918620101, id to look up=174 229 68 206 , id of local node=210 68 241 41 , id of predecessor=207 46 52 205 
2025-02-07 03:57:00 FATAL 210 68 241 41 :379  - The rare situation has occured at time 1738918620416, id to look up=88 240 116 73 , id of local node=210 68 241 41 , id of predecessor=207 46 52 205 
2025-02-07 03:57:00 FATAL 210 68 241 41 :379  - The rare situation has occured at time 1738918620823, id to look up=188 248 20 171 , id of local node=210 68 241 41 , id of predecessor=207 46 52 205 
2025-02-07 03:57:01 FATAL 210 68 241 41 :379  - The rare situation has occured at time 1738918621491, id to look up=172 241 255 252 , id of local node=210 68 241 41 , id of predecessor=207 46 52 205 
2025-02-07 03:57:02 FATAL 210 68 241 41 :379  - The rare situation has occured at time 1738918622410, id to look up=117 42 231 189 , id of local node=210 68 241 41 , id of predecessor=207 46 52 205 
2025-02-07 03:57:02 FATAL 210 68 241 41 :379  - The rare situation has occured at time 1738918622540, id to look up=77 234 29 174 , id of local node=210 68 241 41 , id of predecessor=207 46 52 205 
2025-02-07 03:57:03 FATAL 210 68 241 41 :379  - The rare situation has occured at time 1738918623176, id to look up=200 55 48 122 , id of local node=210 68 241 41 , id of predecessor=207 46 52 205 
2025-02-07 03:57:03 FATAL 210 68 241 41 :379  - The rare situation has occured at time 1738918623702, id to look up=159 154 240 41 , id of local node=210 68 241 41 , id of predecessor=207 46 52 205 
2025-02-07 03:57:04 FATAL 210 68 241 41 :379  - The rare situation has occured at time 1738918624076, id to look up=161 101 251 214 , id of local node=210 68 241 41 , id of predecessor=207 46 52 205 
2025-02-07 03:57:04 FATAL 210 68 241 41 :379  - The rare situation has occured at time 1738918624726, id to look up=74 250 143 158 , id of local node=210 68 241 41 , id of predecessor=207 46 52 205 
2025-02-07 03:57:04 FATAL 210 68 241 41 :379  - The rare situation has occured at time 1738918624995, id to look up=186 171 52 1 , id of local node=210 68 241 41 , id of predecessor=207 46 52 205 
2025-02-07 03:57:05 FATAL 210 68 241 41 :379  - The rare situation has occured at time 1738918625471, id to look up=172 253 209 142 , id of local node=210 68 241 41 , id of predecessor=207 46 52 205 
2025-02-07 03:57:06 FATAL 210 68 241 41 :379  - The rare situation has occured at time 1738918626183, id to look up=154 21 244 45 , id of local node=210 68 241 41 , id of predecessor=207 46 52 205 
2025-02-07 03:57:06 FATAL 210 68 241 41 :379  - The rare situation has occured at time 1738918626656, id to look up=192 186 23 194 , id of local node=210 68 241 41 , id of predecessor=207 46 52 205 
2025-02-07 03:57:07 FATAL 210 68 241 41 :379  - The rare situation has occured at time 1738918627181, id to look up=154 112 119 108 , id of local node=210 68 241 41 , id of predecessor=207 46 52 205 
2025-02-07 03:57:07 FATAL 210 68 241 41 :379  - The rare situation has occured at time 1738918627645, id to look up=175 6 49 140 , id of local node=210 68 241 41 , id of predecessor=207 46 52 205 
2025-02-07 03:57:08 FATAL 210 68 241 41 :379  - The rare situation has occured at time 1738918628102, id to look up=188 21 199 116 , id of local node=210 68 241 41 , id of predecessor=207 46 52 205 
2025-02-07 03:57:08 FATAL 210 68 241 41 :379  - The rare situation has occured at time 1738918628661, id to look up=193 163 139 138 , id of local node=210 68 241 41 , id of predecessor=207 46 52 205 
2025-02-07 03:57:08 FATAL 210 68 241 41 :379  - The rare situation has occured at time 1738918628872, id to look up=202 208 111 60 , id of local node=210 68 241 41 , id of predecessor=207 46 52 205 
2025-02-07 03:57:09 FATAL 210 68 241 41 :379  - The rare situation has occured at time 1738918629089, id to look up=76 130 5 218 , id of local node=210 68 241 41 , id of predecessor=207 46 52 205 
2025-02-07 03:57:09 FATAL 210 68 241 41 :379  - The rare situation has occured at time 1738918629707, id to look up=79 15 92 150 , id of local node=210 68 241 41 , id of predecessor=207 46 52 205 
2025-02-07 03:57:09 FATAL 210 68 241 41 :379  - The rare situation has occured at time 1738918629830, id to look up=82 253 185 246 , id of local node=210 68 241 41 , id of predecessor=207 46 52 205 
2025-02-07 03:57:09 FATAL 210 68 241 41 :379  - The rare situation has occured at time 1738918629899, id to look up=88 65 48 224 , id of local node=210 68 241 41 , id of predecessor=207 46 52 205 
2025-02-07 03:57:10 FATAL 210 68 241 41 :379  - The rare situation has occured at time 1738918630022, id to look up=202 233 30 69 , id of local node=210 68 241 41 , id of predecessor=207 46 52 205 
2025-02-07 03:57:10 FATAL 210 68 241 41 :379  - The rare situation has occured at time 1738918630468, id to look up=159 253 26 225 , id of local node=210 68 241 41 , id of predecessor=207 46 52 205 
2025-02-07 03:57:10 FATAL 210 68 241 41 :379  - The rare situation has occured at time 1738918630756, id to look up=74 247 249 237 , id of local node=210 68 241 41 , id of predecessor=207 46 52 205 
2025-02-07 03:57:11 FATAL 210 68 241 41 :379  - The rare situation has occured at time 1738918631531, id to look up=180 239 125 241 , id of local node=210 68 241 41 , id of predecessor=207 46 52 205 
2025-02-07 03:57:12 FATAL 210 68 241 41 :379  - The rare situation has occured at time 1738918632008, id to look up=202 55 153 184 , id of local node=210 68 241 41 , id of predecessor=207 46 52 205 
2025-02-07 03:57:12 FATAL 210 68 241 41 :379  - The rare situation has occured at time 1738918632273, id to look up=186 48 253 151 , id of local node=210 68 241 41 , id of predecessor=207 46 52 205 
2025-02-07 03:57:12 FATAL 210 68 241 41 :379  - The rare situation has occured at time 1738918632630, id to look up=152 252 195 120 , id of local node=210 68 241 41 , id of predecessor=207 46 52 205 
2025-02-07 03:57:12 FATAL 210 68 241 41 :379  - The rare situation has occured at time 1738918632832, id to look up=76 21 220 33 , id of local node=210 68 241 41 , id of predecessor=207 46 52 205 
2025-02-07 03:57:13 FATAL 210 68 241 41 :379  - The rare situation has occured at time 1738918633093, id to look up=201 241 60 22 , id of local node=210 68 241 41 , id of predecessor=207 46 52 205 
2025-02-07 03:59:45 FATAL 210 68 241 41 :379  - The rare situation has occured at time 1738918785411, id to look up=119 222 104 218 , id of local node=210 68 241 41 , id of predecessor=207 46 52 205 
2025-02-07 03:59:45 FATAL 210 68 241 41 :379  - The rare situation has occured at time 1738918785894, id to look up=172 52 120 214 , id of local node=210 68 241 41 , id of predecessor=207 46 52 205 
2025-02-07 03:59:46 FATAL 210 68 241 41 :379  - The rare situation has occured at time 1738918786292, id to look up=193 223 217 110 , id of local node=210 68 241 41 , id of predecessor=207 46 52 205 
2025-02-07 03:59:46 FATAL 210 68 241 41 :379  - The rare situation has occured at time 1738918786795, id to look up=177 213 120 17 , id of local node=210 68 241 41 , id of predecessor=207 46 52 205 
2025-02-07 03:59:47 FATAL 210 68 241 41 :379  - The rare situation has occured at time 1738918787474, id to look up=123 82 0 155 , id of local node=210 68 241 41 , id of predecessor=207 46 52 205 
2025-02-07 03:59:47 FATAL 210 68 241 41 :379  - The rare situation has occured at time 1738918787635, id to look up=189 48 122 62 , id of local node=210 68 241 41 , id of predecessor=207 46 52 205 
2025-02-07 03:59:48 FATAL 210 68 241 41 :379  - The rare situation has occured at time 1738918788461, id to look up=158 106 85 182 , id of local node=210 68 241 41 , id of predecessor=207 46 52 205 
2025-02-07 03:59:48 FATAL 210 68 241 41 :379  - The rare situation has occured at time 1738918788109, id to look up=179 240 199 246 , id of local node=210 68 241 41 , id of predecessor=207 46 52 205 
2025-02-07 03:59:48 FATAL 210 68 241 41 :379  - The rare situation has occured at time 1738918788697, id to look up=77 19 75 192 , id of local node=210 68 241 41 , id of predecessor=207 46 52 205 
2025-02-07 03:59:49 FATAL 210 68 241 41 :379  - The rare situation has occured at time 1738918789319, id to look up=188 51 234 78 , id of local node=210 68 241 41 , id of predecessor=207 46 52 205 
2025-02-07 03:59:49 FATAL 210 68 241 41 :379  - The rare situation has occured at time 1738918789786, id to look up=119 25 161 199 , id of local node=210 68 241 41 , id of predecessor=207 46 52 205 
2025-02-07 03:59:50 FATAL 210 68 241 41 :379  - The rare situation has occured at time 1738918790309, id to look up=203 78 82 8 , id of local node=210 68 241 41 , id of predecessor=207 46 52 205 
2025-02-07 03:59:50 FATAL 210 68 241 41 :379  - The rare situation has occured at time 1738918790726, id to look up=182 105 46 165 , id of local node=210 68 241 41 , id of predecessor=207 46 52 205 
2025-02-07 03:59:51 FATAL 210 68 241 41 :379  - The rare situation has occured at time 1738918791049, id to look up=151 42 103 196 , id of local node=210 68 241 41 , id of predecessor=207 46 52 205 
2025-02-07 03:59:51 FATAL 210 68 241 41 :379  - The rare situation has occured at time 1738918791348, id to look up=203 122 29 119 , id of local node=210 68 241 41 , id of predecessor=207 46 52 205 
2025-02-07 03:59:51 FATAL 210 68 241 41 :379  - The rare situation has occured at time 1738918791856, id to look up=202 53 18 244 , id of local node=210 68 241 41 , id of predecessor=207 46 52 205 
2025-02-07 03:59:52 FATAL 210 68 241 41 :379  - The rare situation has occured at time 1738918792009, id to look up=175 62 19 52 , id of local node=210 68 241 41 , id of predecessor=207 46 52 205 
2025-02-07 03:59:52 FATAL 210 68 241 41 :379  - The rare situation has occured at time 1738918792213, id to look up=118 31 34 178 , id of local node=210 68 241 41 , id of predecessor=207 46 52 205 
2025-02-07 03:59:52 FATAL 210 68 241 41 :379  - The rare situation has occured at time 1738918792730, id to look up=146 207 206 179 , id of local node=210 68 241 41 , id of predecessor=207 46 52 205 
2025-02-07 03:59:53 FATAL 210 68 241 41 :379  - The rare situation has occured at time 1738918793236, id to look up=152 251 196 47 , id of local node=210 68 241 41 , id of predecessor=207 46 52 205 
2025-02-07 03:59:53 FATAL 210 68 241 41 :379  - The rare situation has occured at time 1738918793976, id to look up=100 224 149 254 , id of local node=210 68 241 41 , id of predecessor=207 46 52 205 
2025-02-07 03:59:54 FATAL 210 68 241 41 :379  - The rare situation has occured at time 1738918794548, id to look up=183 235 108 104 , id of local node=210 68 241 41 , id of predecessor=207 46 52 205 
2025-02-07 03:59:54 FATAL 210 68 241 41 :379  - The rare situation has occured at time 1738918794796, id to look up=169 51 73 135 , id of local node=210 68 241 41 , id of predecessor=207 46 52 205 
2025-02-07 03:59:55 FATAL 210 68 241 41 :379  - The rare situation has occured at time 1738918795061, id to look up=197 183 109 163 , id of local node=210 68 241 41 , id of predecessor=207 46 52 205 
2025-02-07 03:59:55 FATAL 210 68 241 41 :379  - The rare situation has occured at time 1738918795696, id to look up=84 206 185 18 , id of local node=210 68 241 41 , id of predecessor=207 46 52 205 
2025-02-07 03:59:56 FATAL 210 68 241 41 :379  - The rare situation has occured at time 1738918796274, id to look up=102 123 229 67 , id of local node=210 68 241 41 , id of predecessor=207 46 52 205 
2025-02-07 03:59:57 FATAL 210 68 241 41 :379  - The rare situation has occured at time 1738918797306, id to look up=108 30 103 31 , id of local node=210 68 241 41 , id of predecessor=207 46 52 205 
2025-02-07 03:59:57 FATAL 210 68 241 41 :379  - The rare situation has occured at time 1738918797963, id to look up=81 26 65 142 , id of local node=210 68 241 41 , id of predecessor=207 46 52 205 
2025-02-07 03:59:58 FATAL 210 68 241 41 :379  - The rare situation has occured at time 1738918798189, id to look up=161 117 84 160 , id of local node=210 68 241 41 , id of predecessor=207 46 52 205 
2025-02-07 03:59:58 FATAL 210 68 241 41 :379  - The rare situation has occured at time 1738918798606, id to look up=198 108 101 23 , id of local node=210 68 241 41 , id of predecessor=207 46 52 205 
2025-02-07 03:59:58 FATAL 210 68 241 41 :379  - The rare situation has occured at time 1738918798867, id to look up=89 18 154 172 , id of local node=210 68 241 41 , id of predecessor=207 46 52 205 
2025-02-07 03:59:59 FATAL 210 68 241 41 :379  - The rare situation has occured at time 1738918799236, id to look up=77 137 210 148 , id of local node=210 68 241 41 , id of predecessor=207 46 52 205 
2025-02-07 03:59:59 FATAL 210 68 241 41 :379  - The rare situation has occured at time 1738918799350, id to look up=180 201 109 128 , id of local node=210 68 241 41 , id of predecessor=207 46 52 205 
2025-02-07 03:59:59 FATAL 210 68 241 41 :379  - The rare situation has occured at time 1738918799826, id to look up=167 43 32 6 , id of local node=210 68 241 41 , id of predecessor=207 46 52 205 
2025-02-07 04:00:00 FATAL 210 68 241 41 :379  - The rare situation has occured at time 1738918800080, id to look up=183 16 60 162 , id of local node=210 68 241 41 , id of predecessor=207 46 52 205 
2025-02-07 04:00:00 FATAL 210 68 241 41 :379  - The rare situation has occured at time 1738918800476, id to look up=192 151 99 143 , id of local node=210 68 241 41 , id of predecessor=207 46 52 205 
2025-02-07 04:00:01 FATAL 210 68 241 41 :379  - The rare situation has occured at time 1738918801336, id to look up=183 79 94 233 , id of local node=210 68 241 41 , id of predecessor=207 46 52 205 
2025-02-07 04:00:01 FATAL 210 68 241 41 :379  - The rare situation has occured at time 1738918801599, id to look up=184 136 178 152 , id of local node=210 68 241 41 , id of predecessor=207 46 52 205 
2025-02-07 04:00:02 FATAL 210 68 241 41 :379  - The rare situation has occured at time 1738918802022, id to look up=118 84 111 154 , id of local node=210 68 241 41 , id of predecessor=207 46 52 205 
2025-02-07 04:00:02 FATAL 210 68 241 41 :379  - The rare situation has occured at time 1738918802280, id to look up=190 70 26 12 , id of local node=210 68 241 41 , id of predecessor=207 46 52 205 
2025-02-07 04:00:02 FATAL 210 68 241 41 :379  - The rare situation has occured at time 1738918802996, id to look up=179 127 109 220 , id of local node=210 68 241 41 , id of predecessor=207 46 52 205 
2025-02-07 04:00:03 FATAL 210 68 241 41 :379  - The rare situation has occured at time 1738918803454, id to look up=76 214 109 250 , id of local node=210 68 241 41 , id of predecessor=207 46 52 205 
2025-02-07 04:00:04 FATAL 210 68 241 41 :379  - The rare situation has occured at time 1738918804563, id to look up=111 184 74 237 , id of local node=210 68 241 41 , id of predecessor=207 46 52 205 
2025-02-07 04:00:05 FATAL 210 68 241 41 :379  - The rare situation has occured at time 1738918805126, id to look up=154 121 190 97 , id of local node=210 68 241 41 , id of predecessor=207 46 52 205 
2025-02-07 04:00:05 FATAL 210 68 241 41 :379  - The rare situation has occured at time 1738918805777, id to look up=200 48 106 225 , id of local node=210 68 241 41 , id of predecessor=207 46 52 205 
2025-02-07 04:00:06 FATAL 210 68 241 41 :379  - The rare situation has occured at time 1738918806036, id to look up=147 67 133 245 , id of local node=210 68 241 41 , id of predecessor=207 46 52 205 
2025-02-07 04:00:06 FATAL 210 68 241 41 :379  - The rare situation has occured at time 1738918806669, id to look up=120 168 239 203 , id of local node=210 68 241 41 , id of predecessor=207 46 52 205 
2025-02-07 04:00:07 FATAL 210 68 241 41 :379  - The rare situation has occured at time 1738918807097, id to look up=114 36 249 151 , id of local node=210 68 241 41 , id of predecessor=207 46 52 205 
2025-02-07 04:00:07 FATAL 210 68 241 41 :379  - The rare situation has occured at time 1738918807226, id to look up=82 78 5 220 , id of local node=210 68 241 41 , id of predecessor=207 46 52 205 
2025-02-07 04:00:07 FATAL 210 68 241 41 :379  - The rare situation has occured at time 1738918807499, id to look up=161 66 46 106 , id of local node=210 68 241 41 , id of predecessor=207 46 52 205 
2025-02-07 04:00:08 FATAL 210 68 241 41 :379  - The rare situation has occured at time 1738918808526, id to look up=104 62 114 92 , id of local node=210 68 241 41 , id of predecessor=207 46 52 205 
2025-02-07 04:00:09 FATAL 210 68 241 41 :379  - The rare situation has occured at time 1738918809375, id to look up=162 227 61 52 , id of local node=210 68 241 41 , id of predecessor=207 46 52 205 
2025-02-07 04:00:09 FATAL 210 68 241 41 :379  - The rare situation has occured at time 1738918809476, id to look up=119 91 197 195 , id of local node=210 68 241 41 , id of predecessor=207 46 52 205 
2025-02-07 04:00:10 FATAL 210 68 241 41 :379  - The rare situation has occured at time 1738918810979, id to look up=180 24 43 255 , id of local node=210 68 241 41 , id of predecessor=207 46 52 205 
2025-02-07 04:00:11 FATAL 210 68 241 41 :379  - The rare situation has occured at time 1738918811656, id to look up=145 223 222 29 , id of local node=210 68 241 41 , id of predecessor=207 46 52 205 
2025-02-07 04:00:12 FATAL 210 68 241 41 :379  - The rare situation has occured at time 1738918812166, id to look up=149 232 21 209 , id of local node=210 68 241 41 , id of predecessor=207 46 52 205 
2025-02-07 04:00:12 FATAL 210 68 241 41 :379  - The rare situation has occured at time 1738918812649, id to look up=158 7 26 58 , id of local node=210 68 241 41 , id of predecessor=207 46 52 205 
2025-02-07 04:00:13 FATAL 210 68 241 41 :379  - The rare situation has occured at time 1738918813256, id to look up=86 173 77 77 , id of local node=210 68 241 41 , id of predecessor=207 46 52 205 
2025-02-07 04:00:13 FATAL 210 68 241 41 :379  - The rare situation has occured at time 1738918813958, id to look up=194 138 202 35 , id of local node=210 68 241 41 , id of predecessor=207 46 52 205 
2025-02-07 04:00:14 FATAL 210 68 241 41 :379  - The rare situation has occured at time 1738918814366, id to look up=201 202 68 39 , id of local node=210 68 241 41 , id of predecessor=207 46 52 205 
2025-02-07 04:00:14 FATAL 210 68 241 41 :379  - The rare situation has occured at time 1738918814758, id to look up=115 32 130 140 , id of local node=210 68 241 41 , id of predecessor=207 46 52 205 
2025-02-07 04:00:14 FATAL 210 68 241 41 :379  - The rare situation has occured at time 1738918814953, id to look up=80 51 107 198 , id of local node=210 68 241 41 , id of predecessor=207 46 52 205 
2025-02-07 04:00:15 FATAL 210 68 241 41 :379  - The rare situation has occured at time 1738918815709, id to look up=179 192 115 12 , id of local node=210 68 241 41 , id of predecessor=207 46 52 205 
2025-02-07 04:00:16 FATAL 210 68 241 41 :379  - The rare situation has occured at time 1738918816106, id to look up=83 111 182 147 , id of local node=210 68 241 41 , id of predecessor=207 46 52 205 
2025-02-07 04:00:16 FATAL 210 68 241 41 :379  - The rare situation has occured at time 1738918816669, id to look up=177 106 69 122 , id of local node=210 68 241 41 , id of predecessor=207 46 52 205 
2025-02-07 04:00:17 FATAL 210 68 241 41 :379  - The rare situation has occured at time 1738918817066, id to look up=172 38 70 2 , id of local node=210 68 241 41 , id of predecessor=207 46 52 205 
2025-02-07 04:00:17 FATAL 210 68 241 41 :379  - The rare situation has occured at time 1738918817329, id to look up=166 241 106 180 , id of local node=210 68 241 41 , id of predecessor=207 46 52 205 
2025-02-07 04:00:17 FATAL 210 68 241 41 :379  - The rare situation has occured at time 1738918817540, id to look up=157 137 116 186 , id of local node=210 68 241 41 , id of predecessor=207 46 52 205 
2025-02-07 04:00:17 FATAL 210 68 241 41 :379  - The rare situation has occured at time 1738918817900, id to look up=163 209 37 151 , id of local node=210 68 241 41 , id of predecessor=207 46 52 205 
2025-02-07 04:00:18 FATAL 210 68 241 41 :379  - The rare situation has occured at time 1738918818056, id to look up=107 98 119 175 , id of local node=210 68 241 41 , id of predecessor=207 46 52 205 
2025-02-07 04:00:18 FATAL 210 68 241 41 :379  - The rare situation has occured at time 1738918818229, id to look up=190 5 125 76 , id of local node=210 68 241 41 , id of predecessor=207 46 52 205 
2025-02-07 04:00:18 FATAL 210 68 241 41 :379  - The rare situation has occured at time 1738918818776, id to look up=174 30 113 152 , id of local node=210 68 241 41 , id of predecessor=207 46 52 205 
2025-02-07 04:00:19 FATAL 210 68 241 41 :379  - The rare situation has occured at time 1738918819139, id to look up=169 41 235 51 , id of local node=210 68 241 41 , id of predecessor=207 46 52 205 
2025-02-07 04:00:19 FATAL 210 68 241 41 :379  - The rare situation has occured at time 1738918819291, id to look up=116 203 210 194 , id of local node=210 68 241 41 , id of predecessor=207 46 52 205 
2025-02-07 04:00:19 FATAL 210 68 241 41 :379  - The rare situation has occured at time 1738918819753, id to look up=105 229 105 118 , id of local node=210 68 241 41 , id of predecessor=207 46 52 205 
2025-02-07 04:00:19 FATAL 210 68 241 41 :379  - The rare situation has occured at time 1738918819884, id to look up=112 138 119 219 , id of local node=210 68 241 41 , id of predecessor=207 46 52 205 
2025-02-07 04:00:19 FATAL 210 68 241 41 :379  - The rare situation has occured at time 1738918819745, id to look up=113 123 47 61 , id of local node=210 68 241 41 , id of predecessor=207 46 52 205 
2025-02-07 04:00:19 FATAL 210 68 241 41 :379  - The rare situation has occured at time 1738918819923, id to look up=148 148 14 83 , id of local node=210 68 241 41 , id of predecessor=207 46 52 205 
2025-02-07 04:00:20 FATAL 210 68 241 41 :379  - The rare situation has occured at time 1738918820350, id to look up=193 170 4 191 , id of local node=210 68 241 41 , id of predecessor=207 46 52 205 
2025-02-07 04:00:20 FATAL 210 68 241 41 :379  - The rare situation has occured at time 1738918820570, id to look up=87 46 32 115 , id of local node=210 68 241 41 , id of predecessor=207 46 52 205 
2025-02-07 04:00:21 FATAL 210 68 241 41 :379  - The rare situation has occured at time 1738918821880, id to look up=158 68 210 119 , id of local node=210 68 241 41 , id of predecessor=207 46 52 205 
2025-02-07 04:00:22 FATAL 210 68 241 41 :379  - The rare situation has occured at time 1738918822080, id to look up=174 229 68 206 , id of local node=210 68 241 41 , id of predecessor=207 46 52 205 
2025-02-07 04:00:22 FATAL 210 68 241 41 :379  - The rare situation has occured at time 1738918822385, id to look up=88 240 116 73 , id of local node=210 68 241 41 , id of predecessor=207 46 52 205 
2025-02-07 04:00:22 FATAL 210 68 241 41 :379  - The rare situation has occured at time 1738918822831, id to look up=188 248 20 171 , id of local node=210 68 241 41 , id of predecessor=207 46 52 205 
2025-02-07 04:00:23 FATAL 210 68 241 41 :379  - The rare situation has occured at time 1738918823500, id to look up=172 241 255 252 , id of local node=210 68 241 41 , id of predecessor=207 46 52 205 
2025-02-07 04:00:24 FATAL 210 68 241 41 :379  - The rare situation has occured at time 1738918824417, id to look up=117 42 231 189 , id of local node=210 68 241 41 , id of predecessor=207 46 52 205 
2025-02-07 04:00:24 FATAL 210 68 241 41 :379  - The rare situation has occured at time 1738918824548, id to look up=77 234 29 174 , id of local node=210 68 241 41 , id of predecessor=207 46 52 205 
2025-02-07 04:00:25 FATAL 210 68 241 41 :379  - The rare situation has occured at time 1738918825183, id to look up=200 55 48 122 , id of local node=210 68 241 41 , id of predecessor=207 46 52 205 
2025-02-07 04:00:25 FATAL 210 68 241 41 :379  - The rare situation has occured at time 1738918825690, id to look up=159 154 240 41 , id of local node=210 68 241 41 , id of predecessor=207 46 52 205 
2025-02-07 04:00:26 FATAL 210 68 241 41 :379  - The rare situation has occured at time 1738918826073, id to look up=161 101 251 214 , id of local node=210 68 241 41 , id of predecessor=207 46 52 205 
2025-02-07 04:00:26 FATAL 210 68 241 41 :379  - The rare situation has occured at time 1738918826765, id to look up=74 250 143 158 , id of local node=210 68 241 41 , id of predecessor=207 46 52 205 
2025-02-07 04:00:27 FATAL 210 68 241 41 :379  - The rare situation has occured at time 1738918827024, id to look up=186 171 52 1 , id of local node=210 68 241 41 , id of predecessor=207 46 52 205 
2025-02-07 04:00:27 FATAL 210 68 241 41 :379  - The rare situation has occured at time 1738918827470, id to look up=172 253 209 142 , id of local node=210 68 241 41 , id of predecessor=207 46 52 205 
2025-02-07 04:00:28 FATAL 210 68 241 41 :379  - The rare situation has occured at time 1738918828191, id to look up=154 21 244 45 , id of local node=210 68 241 41 , id of predecessor=207 46 52 205 
2025-02-07 04:00:28 FATAL 210 68 241 41 :379  - The rare situation has occured at time 1738918828654, id to look up=192 186 23 194 , id of local node=210 68 241 41 , id of predecessor=207 46 52 205 
2025-02-07 04:00:29 FATAL 210 68 241 41 :379  - The rare situation has occured at time 1738918829190, id to look up=154 112 119 108 , id of local node=210 68 241 41 , id of predecessor=207 46 52 205 
2025-02-07 04:00:29 FATAL 210 68 241 41 :379  - The rare situation has occured at time 1738918829674, id to look up=175 6 49 140 , id of local node=210 68 241 41 , id of predecessor=207 46 52 205 
2025-02-07 04:00:30 FATAL 210 68 241 41 :379  - The rare situation has occured at time 1738918830150, id to look up=188 21 199 116 , id of local node=210 68 241 41 , id of predecessor=207 46 52 205 
2025-02-07 04:00:30 FATAL 210 68 241 41 :379  - The rare situation has occured at time 1738918830720, id to look up=193 163 139 138 , id of local node=210 68 241 41 , id of predecessor=207 46 52 205 
2025-02-07 04:00:30 FATAL 210 68 241 41 :379  - The rare situation has occured at time 1738918830920, id to look up=202 208 111 60 , id of local node=210 68 241 41 , id of predecessor=207 46 52 205 
2025-02-07 04:00:31 FATAL 210 68 241 41 :379  - The rare situation has occured at time 1738918831138, id to look up=76 130 5 218 , id of local node=210 68 241 41 , id of predecessor=207 46 52 205 
2025-02-07 04:00:31 FATAL 210 68 241 41 :379  - The rare situation has occured at time 1738918831797, id to look up=79 15 92 150 , id of local node=210 68 241 41 , id of predecessor=207 46 52 205 
2025-02-07 04:00:31 FATAL 210 68 241 41 :379  - The rare situation has occured at time 1738918831939, id to look up=82 253 185 246 , id of local node=210 68 241 41 , id of predecessor=207 46 52 205 
2025-02-07 04:00:32 FATAL 210 68 241 41 :379  - The rare situation has occured at time 1738918832576, id to look up=88 65 48 224 , id of local node=210 68 241 41 , id of predecessor=207 46 52 205 
2025-02-07 04:00:32 FATAL 210 68 241 41 :379  - The rare situation has occured at time 1738918832703, id to look up=202 233 30 69 , id of local node=210 68 241 41 , id of predecessor=207 46 52 205 
2025-02-07 04:00:33 FATAL 210 68 241 41 :379  - The rare situation has occured at time 1738918833150, id to look up=159 253 26 225 , id of local node=210 68 241 41 , id of predecessor=207 46 52 205 
2025-02-07 04:00:33 FATAL 210 68 241 41 :379  - The rare situation has occured at time 1738918833418, id to look up=74 247 249 237 , id of local node=210 68 241 41 , id of predecessor=207 46 52 205 
2025-02-07 04:00:34 FATAL 210 68 241 41 :379  - The rare situation has occured at time 1738918834213, id to look up=180 239 125 241 , id of local node=210 68 241 41 , id of predecessor=207 46 52 205 
2025-02-07 04:00:34 FATAL 210 68 241 41 :379  - The rare situation has occured at time 1738918834680, id to look up=202 55 153 184 , id of local node=210 68 241 41 , id of predecessor=207 46 52 205 
2025-02-07 04:00:34 FATAL 210 68 241 41 :379  - The rare situation has occured at time 1738918834933, id to look up=186 48 253 151 , id of local node=210 68 241 41 , id of predecessor=207 46 52 205 
2025-02-07 04:00:35 FATAL 210 68 241 41 :379  - The rare situation has occured at time 1738918835291, id to look up=152 252 195 120 , id of local node=210 68 241 41 , id of predecessor=207 46 52 205 
2025-02-07 04:00:35 FATAL 210 68 241 41 :379  - The rare situation has occured at time 1738918835493, id to look up=76 21 220 33 , id of local node=210 68 241 41 , id of predecessor=207 46 52 205 
2025-02-07 04:00:35 FATAL 210 68 241 41 :379  - The rare situation has occured at time 1738918835764, id to look up=201 241 60 22 , id of local node=210 68 241 41 , id of predecessor=207 46 52 205 
2025-02-07 04:00:36 FATAL 210 68 241 41 :379  - The rare situation has occured at time 1738918836430, id to look up=196 57 198 11 , id of local node=210 68 241 41 , id of predecessor=207 46 52 205 
2025-02-07 04:00:36 FATAL 210 68 241 41 :379  - The rare situation has occured at time 1738918836604, id to look up=152 47 216 183 , id of local node=210 68 241 41 , id of predecessor=207 46 52 205 
2025-02-07 04:00:37 FATAL 210 68 241 41 :379  - The rare situation has occured at time 1738918837287, id to look up=104 42 3 244 , id of local node=210 68 241 41 , id of predecessor=207 46 52 205 
2025-02-07 04:00:37 FATAL 210 68 241 41 :379  - The rare situation has occured at time 1738918837930, id to look up=154 97 184 110 , id of local node=210 68 241 41 , id of predecessor=207 46 52 205 
2025-02-07 04:00:38 FATAL 210 68 241 41 :379  - The rare situation has occured at time 1738918838555, id to look up=115 59 87 174 , id of local node=210 68 241 41 , id of predecessor=207 46 52 205 
2025-02-07 04:00:39 FATAL 210 68 241 41 :379  - The rare situation has occured at time 1738918839301, id to look up=109 54 52 121 , id of local node=210 68 241 41 , id of predecessor=207 46 52 205 
2025-02-07 04:00:39 FATAL 210 68 241 41 :379  - The rare situation has occured at time 1738918839522, id to look up=104 181 25 63 , id of local node=210 68 241 41 , id of predecessor=207 46 52 205 
2025-02-07 04:00:39 FATAL 210 68 241 41 :379  - The rare situation has occured at time 1738918839783, id to look up=186 97 61 31 , id of local node=210 68 241 41 , id of predecessor=207 46 52 205 
2025-02-07 04:00:40 FATAL 210 68 241 41 :379  - The rare situation has occured at time 1738918840920, id to look up=183 7 6 253 , id of local node=210 68 241 41 , id of predecessor=207 46 52 205 
2025-02-07 04:00:41 FATAL 210 68 241 41 :379  - The rare situation has occured at time 1738918841325, id to look up=107 15 77 153 , id of local node=210 68 241 41 , id of predecessor=207 46 52 205 
2025-02-07 04:00:41 FATAL 210 68 241 41 :379  - The rare situation has occured at time 1738918841494, id to look up=157 50 55 23 , id of local node=210 68 241 41 , id of predecessor=207 46 52 205 
2025-02-07 04:00:42 FATAL 210 68 241 41 :379  - The rare situation has occured at time 1738918842260, id to look up=160 43 133 127 , id of local node=210 68 241 41 , id of predecessor=207 46 52 205 
2025-02-07 04:00:42 FATAL 210 68 241 41 :379  - The rare situation has occured at time 1738918842616, id to look up=204 140 209 206 , id of local node=210 68 241 41 , id of predecessor=207 46 52 205 
2025-02-07 04:00:43 FATAL 210 68 241 41 :379  - The rare situation has occured at time 1738918843250, id to look up=75 46 57 40 , id of local node=210 68 241 41 , id of predecessor=207 46 52 205 
2025-02-07 04:00:43 FATAL 210 68 241 41 :379  - The rare situation has occured at time 1738918843741, id to look up=120 125 65 217 , id of local node=210 68 241 41 , id of predecessor=207 46 52 205 
2025-02-07 04:00:44 FATAL 210 68 241 41 :379  - The rare situation has occured at time 1738918844120, id to look up=187 203 177 232 , id of local node=210 68 241 41 , id of predecessor=207 46 52 205 
2025-02-07 04:00:44 FATAL 210 68 241 41 :379  - The rare situation has occured at time 1738918844398, id to look up=121 129 110 203 , id of local node=210 68 241 41 , id of predecessor=207 46 52 205 
2025-02-07 04:00:44 FATAL 210 68 241 41 :379  - The rare situation has occured at time 1738918844874, id to look up=154 61 97 39 , id of local node=210 68 241 41 , id of predecessor=207 46 52 205 
2025-02-07 04:00:45 FATAL 210 68 241 41 :379  - The rare situation has occured at time 1738918845240, id to look up=114 193 151 91 , id of local node=210 68 241 41 , id of predecessor=207 46 52 205 
2025-02-07 04:00:45 FATAL 210 68 241 41 :379  - The rare situation has occured at time 1738918845722, id to look up=174 95 250 101 , id of local node=210 68 241 41 , id of predecessor=207 46 52 205 
2025-02-07 04:00:46 FATAL 210 68 241 41 :379  - The rare situation has occured at time 1738918846380, id to look up=175 83 212 170 , id of local node=210 68 241 41 , id of predecessor=207 46 52 205 
2025-02-07 04:00:46 FATAL 210 68 241 41 :379  - The rare situation has occured at time 1738918846693, id to look up=169 60 22 131 , id of local node=210 68 241 41 , id of predecessor=207 46 52 205 
2025-02-07 04:00:46 FATAL 210 68 241 41 :379  - The rare situation has occured at time 1738918846803, id to look up=151 179 28 148 , id of local node=210 68 241 41 , id of predecessor=207 46 52 205 
2025-02-07 04:00:47 FATAL 210 68 241 41 :379  - The rare situation has occured at time 1738918847006, id to look up=110 33 252 230 , id of local node=210 68 241 41 , id of predecessor=207 46 52 205 
2025-02-07 04:00:47 FATAL 210 68 241 41 :379  - The rare situation has occured at time 1738918847742, id to look up=168 76 154 160 , id of local node=210 68 241 41 , id of predecessor=207 46 52 205 
2025-02-07 04:00:48 FATAL 210 68 241 41 :379  - The rare situation has occured at time 1738918848400, id to look up=203 77 213 39 , id of local node=210 68 241 41 , id of predecessor=207 46 52 205 
2025-02-07 04:00:48 FATAL 210 68 241 41 :379  - The rare situation has occured at time 1738918848918, id to look up=85 71 246 49 , id of local node=210 68 241 41 , id of predecessor=207 46 52 205 
2025-02-07 04:00:49 FATAL 210 68 241 41 :379  - The rare situation has occured at time 1738918849433, id to look up=166 9 187 138 , id of local node=210 68 241 41 , id of predecessor=207 46 52 205 
2025-02-07 04:00:49 FATAL 210 68 241 41 :379  - The rare situation has occured at time 1738918849910, id to look up=194 128 151 173 , id of local node=210 68 241 41 , id of predecessor=207 46 52 205 
2025-02-07 04:00:50 FATAL 210 68 241 41 :379  - The rare situation has occured at time 1738918850514, id to look up=156 136 45 92 , id of local node=210 68 241 41 , id of predecessor=207 46 52 205 
2025-02-07 04:00:51 FATAL 210 68 241 41 :379  - The rare situation has occured at time 1738918851353, id to look up=108 65 16 31 , id of local node=210 68 241 41 , id of predecessor=207 46 52 205 
2025-02-07 04:00:51 FATAL 210 68 241 41 :379  - The rare situation has occured at time 1738918851724, id to look up=196 21 80 93 , id of local node=210 68 241 41 , id of predecessor=207 46 52 205 
2025-02-07 04:00:53 FATAL 210 68 241 41 :379  - The rare situation has occured at time 1738918853267, id to look up=171 247 73 5 , id of local node=210 68 241 41 , id of predecessor=207 46 52 205 
2025-02-07 04:00:53 FATAL 210 68 241 41 :379  - The rare situation has occured at time 1738918853520, id to look up=161 119 61 98 , id of local node=210 68 241 41 , id of predecessor=207 46 52 205 
2025-02-07 04:00:53 FATAL 210 68 241 41 :379  - The rare situation has occured at time 1738918853730, id to look up=182 231 162 44 , id of local node=210 68 241 41 , id of predecessor=207 46 52 205 
2025-02-07 04:00:54 FATAL 210 68 241 41 :379  - The rare situation has occured at time 1738918854597, id to look up=86 228 58 228 , id of local node=210 68 241 41 , id of predecessor=207 46 52 205 
2025-02-07 04:00:55 FATAL 210 68 241 41 :379  - The rare situation has occured at time 1738918855290, id to look up=160 208 67 120 , id of local node=210 68 241 41 , id of predecessor=207 46 52 205 
2025-02-07 04:00:55 FATAL 210 68 241 41 :379  - The rare situation has occured at time 1738918855706, id to look up=176 1 104 88 , id of local node=210 68 241 41 , id of predecessor=207 46 52 205 
2025-02-07 04:00:56 FATAL 210 68 241 41 :379  - The rare situation has occured at time 1738918856010, id to look up=154 170 11 82 , id of local node=210 68 241 41 , id of predecessor=207 46 52 205 
2025-02-07 04:00:56 FATAL 210 68 241 41 :379  - The rare situation has occured at time 1738918856321, id to look up=151 112 90 149 , id of local node=210 68 241 41 , id of predecessor=207 46 52 205 
2025-02-07 04:00:56 FATAL 210 68 241 41 :379  - The rare situation has occured at time 1738918856595, id to look up=109 147 242 160 , id of local node=210 68 241 41 , id of predecessor=207 46 52 205 
2025-02-07 04:00:56 FATAL 210 68 241 41 :379  - The rare situation has occured at time 1738918856710, id to look up=165 19 50 72 , id of local node=210 68 241 41 , id of predecessor=207 46 52 205 
2025-02-07 04:00:57 FATAL 210 68 241 41 :379  - The rare situation has occured at time 1738918857066, id to look up=74 14 136 207 , id of local node=210 68 241 41 , id of predecessor=207 46 52 205 
2025-02-07 04:00:57 FATAL 210 68 241 41 :379  - The rare situation has occured at time 1738918857851, id to look up=182 226 239 216 , id of local node=210 68 241 41 , id of predecessor=207 46 52 205 
2025-02-07 04:00:58 FATAL 210 68 241 41 :379  - The rare situation has occured at time 1738918858276, id to look up=190 77 151 158 , id of local node=210 68 241 41 , id of predecessor=207 46 52 205 
2025-02-07 04:00:58 FATAL 210 68 241 41 :379  - The rare situation has occured at time 1738918858651, id to look up=200 41 235 150 , id of local node=210 68 241 41 , id of predecessor=207 46 52 205 
2025-02-07 04:00:59 FATAL 210 68 241 41 :379  - The rare situation has occured at time 1738918859127, id to look up=195 7 73 207 , id of local node=210 68 241 41 , id of predecessor=207 46 52 205 
2025-02-07 04:00:59 FATAL 210 68 241 41 :379  - The rare situation has occured at time 1738918859857, id to look up=183 65 242 82 , id of local node=210 68 241 41 , id of predecessor=207 46 52 205 
2025-02-07 04:01:00 FATAL 210 68 241 41 :379  - The rare situation has occured at time 1738918860999, id to look up=76 98 156 76 , id of local node=210 68 241 41 , id of predecessor=207 46 52 205 
2025-02-07 04:01:01 FATAL 210 68 241 41 :379  - The rare situation has occured at time 1738918861309, id to look up=176 198 137 36 , id of local node=210 68 241 41 , id of predecessor=207 46 52 205 
2025-02-07 04:01:01 FATAL 210 68 241 41 :379  - The rare situation has occured at time 1738918861736, id to look up=188 98 48 91 , id of local node=210 68 241 41 , id of predecessor=207 46 52 205 
2025-02-07 04:01:02 FATAL 210 68 241 41 :379  - The rare situation has occured at time 1738918862410, id to look up=158 212 242 159 , id of local node=210 68 241 41 , id of predecessor=207 46 52 205 
2025-02-07 04:01:02 FATAL 210 68 241 41 :379  - The rare situation has occured at time 1738918862510, id to look up=171 127 123 149 , id of local node=210 68 241 41 , id of predecessor=207 46 52 205 
2025-02-07 04:01:03 FATAL 210 68 241 41 :379  - The rare situation has occured at time 1738918863011, id to look up=195 90 159 197 , id of local node=210 68 241 41 , id of predecessor=207 46 52 205 
2025-02-07 04:01:03 FATAL 210 68 241 41 :379  - The rare situation has occured at time 1738918863527, id to look up=178 2 151 124 , id of local node=210 68 241 41 , id of predecessor=207 46 52 205 
2025-02-07 04:01:03 FATAL 210 68 241 41 :379  - The rare situation has occured at time 1738918863861, id to look up=190 186 77 93 , id of local node=210 68 241 41 , id of predecessor=207 46 52 205 
2025-02-07 04:01:04 FATAL 210 68 241 41 :379  - The rare situation has occured at time 1738918864674, id to look up=110 155 153 56 , id of local node=210 68 241 41 , id of predecessor=207 46 52 205 
2025-02-07 04:01:04 FATAL 210 68 241 41 :379  - The rare situation has occured at time 1738918864895, id to look up=87 21 170 2 , id of local node=210 68 241 41 , id of predecessor=207 46 52 205 
2025-02-07 04:01:05 FATAL 210 68 241 41 :379  - The rare situation has occured at time 1738918865762, id to look up=77 199 120 41 , id of local node=210 68 241 41 , id of predecessor=207 46 52 205 
2025-02-07 04:01:05 FATAL 210 68 241 41 :379  - The rare situation has occured at time 1738918865879, id to look up=147 172 25 70 , id of local node=210 68 241 41 , id of predecessor=207 46 52 205 
2025-02-07 04:01:06 FATAL 210 68 241 41 :379  - The rare situation has occured at time 1738918866506, id to look up=122 149 86 52 , id of local node=210 68 241 41 , id of predecessor=207 46 52 205 
2025-02-07 04:01:07 FATAL 210 68 241 41 :379  - The rare situation has occured at time 1738918867240, id to look up=167 133 189 191 , id of local node=210 68 241 41 , id of predecessor=207 46 52 205 
2025-02-07 04:01:07 FATAL 210 68 241 41 :379  - The rare situation has occured at time 1738918867596, id to look up=119 135 54 116 , id of local node=210 68 241 41 , id of predecessor=207 46 52 205 
2025-02-07 04:01:08 FATAL 210 68 241 41 :379  - The rare situation has occured at time 1738918868125, id to look up=122 105 134 153 , id of local node=210 68 241 41 , id of predecessor=207 46 52 205 
2025-02-07 04:01:08 FATAL 210 68 241 41 :379  - The rare situation has occured at time 1738918868504, id to look up=117 152 143 90 , id of local node=210 68 241 41 , id of predecessor=207 46 52 205 
2025-02-07 04:01:08 FATAL 210 68 241 41 :379  - The rare situation has occured at time 1738918868785, id to look up=108 10 199 108 , id of local node=210 68 241 41 , id of predecessor=207 46 52 205 
2025-02-07 04:01:08 FATAL 210 68 241 41 :379  - The rare situation has occured at time 1738918868950, id to look up=162 9 47 99 , id of local node=210 68 241 41 , id of predecessor=207 46 52 205 
2025-02-07 04:01:09 FATAL 210 68 241 41 :379  - The rare situation has occured at time 1738918869566, id to look up=120 78 240 5 , id of local node=210 68 241 41 , id of predecessor=207 46 52 205 
2025-02-07 04:01:09 FATAL 210 68 241 41 :379  - The rare situation has occured at time 1738918869934, id to look up=108 76 4 190 , id of local node=210 68 241 41 , id of predecessor=207 46 52 205 
2025-02-07 04:01:10 FATAL 210 68 241 41 :379  - The rare situation has occured at time 1738918870120, id to look up=191 158 153 152 , id of local node=210 68 241 41 , id of predecessor=207 46 52 205 
2025-02-07 04:01:10 FATAL 210 68 241 41 :379  - The rare situation has occured at time 1738918870696, id to look up=109 14 16 80 , id of local node=210 68 241 41 , id of predecessor=207 46 52 205 
2025-02-07 04:01:11 FATAL 210 68 241 41 :379  - The rare situation has occured at time 1738918871298, id to look up=172 62 123 0 , id of local node=210 68 241 41 , id of predecessor=207 46 52 205 
2025-02-07 04:01:11 FATAL 210 68 241 41 :379  - The rare situation has occured at time 1738918871557, id to look up=154 62 97 182 , id of local node=210 68 241 41 , id of predecessor=207 46 52 205 
2025-02-07 04:01:11 FATAL 210 68 241 41 :379  - The rare situation has occured at time 1738918871810, id to look up=172 156 149 119 , id of local node=210 68 241 41 , id of predecessor=207 46 52 205 
2025-02-07 04:01:12 FATAL 210 68 241 41 :379  - The rare situation has occured at time 1738918872498, id to look up=157 70 80 212 , id of local node=210 68 241 41 , id of predecessor=207 46 52 205 
2025-02-07 04:01:12 FATAL 210 68 241 41 :379  - The rare situation has occured at time 1738918872866, id to look up=74 194 187 255 , id of local node=210 68 241 41 , id of predecessor=207 46 52 205 
2025-02-07 04:01:13 FATAL 210 68 241 41 :379  - The rare situation has occured at time 1738918873180, id to look up=176 43 112 129 , id of local node=210 68 241 41 , id of predecessor=207 46 52 205 
2025-02-07 04:01:13 FATAL 210 68 241 41 :379  - The rare situation has occured at time 1738918873566, id to look up=81 234 198 180 , id of local node=210 68 241 41 , id of predecessor=207 46 52 205 
2025-02-07 04:01:14 FATAL 210 68 241 41 :379  - The rare situation has occured at time 1738918874257, id to look up=191 13 128 177 , id of local node=210 68 241 41 , id of predecessor=207 46 52 205 
2025-02-07 04:01:14 FATAL 210 68 241 41 :379  - The rare situation has occured at time 1738918874567, id to look up=102 143 55 216 , id of local node=210 68 241 41 , id of predecessor=207 46 52 205 
2025-02-07 04:01:15 FATAL 210 68 241 41 :379  - The rare situation has occured at time 1738918875054, id to look up=111 148 110 38 , id of local node=210 68 241 41 , id of predecessor=207 46 52 205 
2025-02-07 04:01:16 FATAL 210 68 241 41 :379  - The rare situation has occured at time 1738918876966, id to look up=110 117 210 58 , id of local node=210 68 241 41 , id of predecessor=207 46 52 205 
2025-02-07 04:01:17 FATAL 210 68 241 41 :379  - The rare situation has occured at time 1738918877986, id to look up=158 224 223 124 , id of local node=210 68 241 41 , id of predecessor=207 46 52 205 
2025-02-07 04:01:18 FATAL 210 68 241 41 :379  - The rare situation has occured at time 1738918878396, id to look up=108 199 29 145 , id of local node=210 68 241 41 , id of predecessor=207 46 52 205 
2025-02-07 04:01:19 FATAL 210 68 241 41 :379  - The rare situation has occured at time 1738918879500, id to look up=119 214 122 177 , id of local node=210 68 241 41 , id of predecessor=207 46 52 205 
2025-02-07 04:01:19 FATAL 210 68 241 41 :379  - The rare situation has occured at time 1738918879610, id to look up=197 111 92 182 , id of local node=210 68 241 41 , id of predecessor=207 46 52 205 
2025-02-07 04:01:20 FATAL 210 68 241 41 :379  - The rare situation has occured at time 1738918880116, id to look up=147 224 151 227 , id of local node=210 68 241 41 , id of predecessor=207 46 52 205 
2025-02-07 04:01:21 FATAL 210 68 241 41 :379  - The rare situation has occured at time 1738918881207, id to look up=113 16 224 211 , id of local node=210 68 241 41 , id of predecessor=207 46 52 205 
2025-02-07 04:01:22 FATAL 210 68 241 41 :379  - The rare situation has occured at time 1738918882288, id to look up=109 93 176 232 , id of local node=210 68 241 41 , id of predecessor=207 46 52 205 
2025-02-07 04:01:22 FATAL 210 68 241 41 :379  - The rare situation has occured at time 1738918882499, id to look up=183 245 17 63 , id of local node=210 68 241 41 , id of predecessor=207 46 52 205 
