2025-02-07 03:50:25 WARN  OpenChordTest:205  - Peer joined at ocsocket://localhost:8099/ via ocsocket://localhost:8080/
2025-02-07 03:50:26 WARN  OpenChordTest:58  - Insert time for key 19 = 1160 ms
2025-02-07 03:50:26 WARN  OpenChordTest:60  - Inserted (19, default)
2025-02-07 03:50:26 WARN  OpenChordTest:64  - Memory usage at ocsocket://localhost:8099/ = 23 MB
2025-02-07 03:52:21 FATAL 214 35 194 29 :379  - The rare situation has occured at time 1738918341837, id to look up=119 222 104 218 , id of local node=214 35 194 29 , id of predecessor=211 42 117 238 
2025-02-07 03:52:23 FATAL 214 35 194 29 :379  - The rare situation has occured at time 1738918343019, id to look up=172 52 120 214 , id of local node=214 35 194 29 , id of predecessor=211 42 117 238 
2025-02-07 03:52:23 FATAL 214 35 194 29 :379  - The rare situation has occured at time 1738918343376, id to look up=193 223 217 110 , id of local node=214 35 194 29 , id of predecessor=211 42 117 238 
2025-02-07 03:52:24 FATAL 214 35 194 29 :379  - The rare situation has occured at time 1738918344010, id to look up=177 213 120 17 , id of local node=214 35 194 29 , id of predecessor=211 42 117 238 
2025-02-07 03:52:24 FATAL 214 35 194 29 :379  - The rare situation has occured at time 1738918344679, id to look up=123 82 0 155 , id of local node=214 35 194 29 , id of predecessor=211 42 117 238 
2025-02-07 03:52:24 FATAL 214 35 194 29 :379  - The rare situation has occured at time 1738918344850, id to look up=189 48 122 62 , id of local node=214 35 194 29 , id of predecessor=211 42 117 238 
2025-02-07 03:52:24 FATAL 214 35 194 29 :379  - The rare situation has occured at time 1738918344962, id to look up=158 106 85 182 , id of local node=214 35 194 29 , id of predecessor=211 42 117 238 
2025-02-07 03:52:25 FATAL 214 35 194 29 :379  - The rare situation has occured at time 1738918345335, id to look up=179 240 199 246 , id of local node=214 35 194 29 , id of predecessor=211 42 117 238 
2025-02-07 03:52:25 FATAL 214 35 194 29 :379  - The rare situation has occured at time 1738918345891, id to look up=77 19 75 192 , id of local node=214 35 194 29 , id of predecessor=211 42 117 238 
2025-02-07 03:52:26 FATAL 214 35 194 29 :379  - The rare situation has occured at time 1738918346785, id to look up=188 51 234 78 , id of local node=214 35 194 29 , id of predecessor=211 42 117 238 
2025-02-07 03:52:27 FATAL 214 35 194 29 :379  - The rare situation has occured at time 1738918347151, id to look up=119 25 161 199 , id of local node=214 35 194 29 , id of predecessor=211 42 117 238 
2025-02-07 03:52:27 FATAL 214 35 194 29 :379  - The rare situation has occured at time 1738918347964, id to look up=203 78 82 8 , id of local node=214 35 194 29 , id of predecessor=211 42 117 238 
2025-02-07 03:53:38 FATAL 214 35 194 29 :379  - The rare situation has occured at time 1738918418821, id to look up=119 222 104 218 , id of local node=214 35 194 29 , id of predecessor=211 42 117 238 
2025-02-07 03:53:39 FATAL 214 35 194 29 :379  - The rare situation has occured at time 1738918419265, id to look up=172 52 120 214 , id of local node=214 35 194 29 , id of predecessor=211 42 117 238 
2025-02-07 03:53:39 FATAL 214 35 194 29 :379  - The rare situation has occured at time 1738918419640, id to look up=193 223 217 110 , id of local node=214 35 194 29 , id of predecessor=211 42 117 238 
2025-02-07 03:53:40 FATAL 214 35 194 29 :379  - The rare situation has occured at time 1738918420274, id to look up=177 213 120 17 , id of local node=214 35 194 29 , id of predecessor=211 42 117 238 
2025-02-07 03:53:40 FATAL 214 35 194 29 :379  - The rare situation has occured at time 1738918420934, id to look up=123 82 0 155 , id of local node=214 35 194 29 , id of predecessor=211 42 117 238 
2025-02-07 03:53:41 FATAL 214 35 194 29 :379  - The rare situation has occured at time 1738918421355, id to look up=189 48 122 62 , id of local node=214 35 194 29 , id of predecessor=211 42 117 238 
2025-02-07 03:53:42 FATAL 214 35 194 29 :379  - The rare situation has occured at time 1738918422081, id to look up=158 106 85 182 , id of local node=214 35 194 29 , id of predecessor=211 42 117 238 
2025-02-07 03:53:42 FATAL 214 35 194 29 :379  - The rare situation has occured at time 1738918422444, id to look up=179 240 199 246 , id of local node=214 35 194 29 , id of predecessor=211 42 117 238 
2025-02-07 03:53:42 FATAL 214 35 194 29 :379  - The rare situation has occured at time 1738918422990, id to look up=77 19 75 192 , id of local node=214 35 194 29 , id of predecessor=211 42 117 238 
2025-02-07 03:53:43 FATAL 214 35 194 29 :379  - The rare situation has occured at time 1738918423584, id to look up=188 51 234 78 , id of local node=214 35 194 29 , id of predecessor=211 42 117 238 
2025-02-07 03:53:43 FATAL 214 35 194 29 :379  - The rare situation has occured at time 1738918423950, id to look up=119 25 161 199 , id of local node=214 35 194 29 , id of predecessor=211 42 117 238 
2025-02-07 03:53:44 FATAL 214 35 194 29 :379  - The rare situation has occured at time 1738918424585, id to look up=203 78 82 8 , id of local node=214 35 194 29 , id of predecessor=211 42 117 238 
2025-02-07 03:53:44 FATAL 214 35 194 29 :379  - The rare situation has occured at time 1738918424890, id to look up=182 105 46 165 , id of local node=214 35 194 29 , id of predecessor=211 42 117 238 
2025-02-07 03:53:45 FATAL 214 35 194 29 :379  - The rare situation has occured at time 1738918425305, id to look up=151 42 103 196 , id of local node=214 35 194 29 , id of predecessor=211 42 117 238 
2025-02-07 03:53:45 FATAL 214 35 194 29 :379  - The rare situation has occured at time 1738918425623, id to look up=203 122 29 119 , id of local node=214 35 194 29 , id of predecessor=211 42 117 238 
2025-02-07 03:53:46 FATAL 214 35 194 29 :379  - The rare situation has occured at time 1738918426030, id to look up=202 53 18 244 , id of local node=214 35 194 29 , id of predecessor=211 42 117 238 
2025-02-07 03:53:46 FATAL 214 35 194 29 :379  - The rare situation has occured at time 1738918426284, id to look up=175 62 19 52 , id of local node=214 35 194 29 , id of predecessor=211 42 117 238 
2025-02-07 03:53:46 FATAL 214 35 194 29 :379  - The rare situation has occured at time 1738918426496, id to look up=118 31 34 178 , id of local node=214 35 194 29 , id of predecessor=211 42 117 238 
2025-02-07 03:53:47 FATAL 214 35 194 29 :379  - The rare situation has occured at time 1738918427005, id to look up=146 207 206 179 , id of local node=214 35 194 29 , id of predecessor=211 42 117 238 
2025-02-07 03:53:47 FATAL 214 35 194 29 :379  - The rare situation has occured at time 1738918427441, id to look up=152 251 196 47 , id of local node=214 35 194 29 , id of predecessor=211 42 117 238 
2025-02-07 03:53:48 FATAL 214 35 194 29 :379  - The rare situation has occured at time 1738918428251, id to look up=100 224 149 254 , id of local node=214 35 194 29 , id of predecessor=211 42 117 238 
2025-02-07 03:53:48 FATAL 214 35 194 29 :379  - The rare situation has occured at time 1738918428822, id to look up=183 235 108 104 , id of local node=214 35 194 29 , id of predecessor=211 42 117 238 
2025-02-07 03:53:48 FATAL 214 35 194 29 :379  - The rare situation has occured at time 1738918428991, id to look up=169 51 73 135 , id of local node=214 35 194 29 , id of predecessor=211 42 117 238 
2025-02-07 03:53:49 FATAL 214 35 194 29 :379  - The rare situation has occured at time 1738918429364, id to look up=197 183 109 163 , id of local node=214 35 194 29 , id of predecessor=211 42 117 238 
2025-02-07 03:53:49 FATAL 214 35 194 29 :379  - The rare situation has occured at time 1738918429871, id to look up=84 206 185 18 , id of local node=214 35 194 29 , id of predecessor=211 42 117 238 
2025-02-07 03:53:50 FATAL 214 35 194 29 :379  - The rare situation has occured at time 1738918430551, id to look up=102 123 229 67 , id of local node=214 35 194 29 , id of predecessor=211 42 117 238 
2025-02-07 03:53:51 FATAL 214 35 194 29 :379  - The rare situation has occured at time 1738918431480, id to look up=108 30 103 31 , id of local node=214 35 194 29 , id of predecessor=211 42 117 238 
2025-02-07 03:53:52 FATAL 214 35 194 29 :379  - The rare situation has occured at time 1738918432219, id to look up=81 26 65 142 , id of local node=214 35 194 29 , id of predecessor=211 42 117 238 
2025-02-07 03:53:52 FATAL 214 35 194 29 :379  - The rare situation has occured at time 1738918432453, id to look up=161 117 84 160 , id of local node=214 35 194 29 , id of predecessor=211 42 117 238 
2025-02-07 03:53:52 FATAL 214 35 194 29 :379  - The rare situation has occured at time 1738918432790, id to look up=198 108 101 23 , id of local node=214 35 194 29 , id of predecessor=211 42 117 238 
2025-02-07 03:54:52 FATAL 214 35 194 29 :379  - The rare situation has occured at time 1738918492281, id to look up=119 222 104 218 , id of local node=214 35 194 29 , id of predecessor=211 42 117 238 
2025-02-07 03:54:52 FATAL 214 35 194 29 :379  - The rare situation has occured at time 1738918492824, id to look up=172 52 120 214 , id of local node=214 35 194 29 , id of predecessor=211 42 117 238 
2025-02-07 03:54:53 FATAL 214 35 194 29 :379  - The rare situation has occured at time 1738918493191, id to look up=193 223 217 110 , id of local node=214 35 194 29 , id of predecessor=211 42 117 238 
2025-02-07 03:54:53 FATAL 214 35 194 29 :379  - The rare situation has occured at time 1738918493824, id to look up=177 213 120 17 , id of local node=214 35 194 29 , id of predecessor=211 42 117 238 
2025-02-07 03:54:54 FATAL 214 35 194 29 :379  - The rare situation has occured at time 1738918494495, id to look up=123 82 0 155 , id of local node=214 35 194 29 , id of predecessor=211 42 117 238 
2025-02-07 03:54:54 FATAL 214 35 194 29 :379  - The rare situation has occured at time 1738918494655, id to look up=189 48 122 62 , id of local node=214 35 194 29 , id of predecessor=211 42 117 238 
2025-02-07 03:54:55 FATAL 214 35 194 29 :379  - The rare situation has occured at time 1738918495381, id to look up=158 106 85 182 , id of local node=214 35 194 29 , id of predecessor=211 42 117 238 
2025-02-07 03:54:55 FATAL 214 35 194 29 :379  - The rare situation has occured at time 1738918495754, id to look up=179 240 199 246 , id of local node=214 35 194 29 , id of predecessor=211 42 117 238 
2025-02-07 03:54:56 FATAL 214 35 194 29 :379  - The rare situation has occured at time 1738918496301, id to look up=77 19 75 192 , id of local node=214 35 194 29 , id of predecessor=211 42 117 238 
2025-02-07 03:54:56 FATAL 214 35 194 29 :379  - The rare situation has occured at time 1738918496974, id to look up=188 51 234 78 , id of local node=214 35 194 29 , id of predecessor=211 42 117 238 
2025-02-07 03:54:57 FATAL 214 35 194 29 :379  - The rare situation has occured at time 1738918497341, id to look up=119 25 161 199 , id of local node=214 35 194 29 , id of predecessor=211 42 117 238 
2025-02-07 03:54:57 FATAL 214 35 194 29 :379  - The rare situation has occured at time 1738918497983, id to look up=203 78 82 8 , id of local node=214 35 194 29 , id of predecessor=211 42 117 238 
2025-02-07 03:54:58 FATAL 214 35 194 29 :379  - The rare situation has occured at time 1738918498291, id to look up=182 105 46 165 , id of local node=214 35 194 29 , id of predecessor=211 42 117 238 
2025-02-07 03:54:58 FATAL 214 35 194 29 :379  - The rare situation has occured at time 1738918498694, id to look up=151 42 103 196 , id of local node=214 35 194 29 , id of predecessor=211 42 117 238 
2025-02-07 03:54:59 FATAL 214 35 194 29 :379  - The rare situation has occured at time 1738918499014, id to look up=203 122 29 119 , id of local node=214 35 194 29 , id of predecessor=211 42 117 238 
2025-02-07 03:54:59 FATAL 214 35 194 29 :379  - The rare situation has occured at time 1738918499441, id to look up=202 53 18 244 , id of local node=214 35 194 29 , id of predecessor=211 42 117 238 
2025-02-07 03:54:59 FATAL 214 35 194 29 :379  - The rare situation has occured at time 1738918499694, id to look up=175 62 19 52 , id of local node=214 35 194 29 , id of predecessor=211 42 117 238 
2025-02-07 03:54:59 FATAL 214 35 194 29 :379  - The rare situation has occured at time 1738918499897, id to look up=118 31 34 178 , id of local node=214 35 194 29 , id of predecessor=211 42 117 238 
2025-02-07 03:55:00 FATAL 214 35 194 29 :379  - The rare situation has occured at time 1738918500424, id to look up=146 207 206 179 , id of local node=214 35 194 29 , id of predecessor=211 42 117 238 
2025-02-07 03:55:00 FATAL 214 35 194 29 :379  - The rare situation has occured at time 1738918500851, id to look up=152 251 196 47 , id of local node=214 35 194 29 , id of predecessor=211 42 117 238 
2025-02-07 03:55:01 FATAL 214 35 194 29 :379  - The rare situation has occured at time 1738918501700, id to look up=100 224 149 254 , id of local node=214 35 194 29 , id of predecessor=211 42 117 238 
2025-02-07 03:55:02 FATAL 214 35 194 29 :379  - The rare situation has occured at time 1738918502302, id to look up=183 235 108 104 , id of local node=214 35 194 29 , id of predecessor=211 42 117 238 
2025-02-07 03:55:02 FATAL 214 35 194 29 :379  - The rare situation has occured at time 1738918502472, id to look up=169 51 73 135 , id of local node=214 35 194 29 , id of predecessor=211 42 117 238 
2025-02-07 03:55:02 FATAL 214 35 194 29 :379  - The rare situation has occured at time 1738918502844, id to look up=197 183 109 163 , id of local node=214 35 194 29 , id of predecessor=211 42 117 238 
2025-02-07 03:55:03 FATAL 214 35 194 29 :379  - The rare situation has occured at time 1738918503361, id to look up=84 206 185 18 , id of local node=214 35 194 29 , id of predecessor=211 42 117 238 
2025-02-07 03:55:03 FATAL 214 35 194 29 :379  - The rare situation has occured at time 1738918503415, id to look up=102 123 229 67 , id of local node=214 35 194 29 , id of predecessor=211 42 117 238 
2025-02-07 03:55:04 FATAL 214 35 194 29 :379  - The rare situation has occured at time 1738918504376, id to look up=108 30 103 31 , id of local node=214 35 194 29 , id of predecessor=211 42 117 238 
2025-02-07 03:55:05 FATAL 214 35 194 29 :379  - The rare situation has occured at time 1738918505124, id to look up=81 26 65 142 , id of local node=214 35 194 29 , id of predecessor=211 42 117 238 
2025-02-07 03:55:05 FATAL 214 35 194 29 :379  - The rare situation has occured at time 1738918505348, id to look up=161 117 84 160 , id of local node=214 35 194 29 , id of predecessor=211 42 117 238 
2025-02-07 03:55:05 FATAL 214 35 194 29 :379  - The rare situation has occured at time 1738918505676, id to look up=198 108 101 23 , id of local node=214 35 194 29 , id of predecessor=211 42 117 238 
2025-02-07 03:55:06 FATAL 214 35 194 29 :379  - The rare situation has occured at time 1738918506045, id to look up=89 18 154 172 , id of local node=214 35 194 29 , id of predecessor=211 42 117 238 
2025-02-07 03:55:06 FATAL 214 35 194 29 :379  - The rare situation has occured at time 1738918506424, id to look up=77 137 210 148 , id of local node=214 35 194 29 , id of predecessor=211 42 117 238 
2025-02-07 03:55:06 FATAL 214 35 194 29 :379  - The rare situation has occured at time 1738918506540, id to look up=180 201 109 128 , id of local node=214 35 194 29 , id of predecessor=211 42 117 238 
2025-02-07 03:55:06 FATAL 214 35 194 29 :379  - The rare situation has occured at time 1738918506906, id to look up=167 43 32 6 , id of local node=214 35 194 29 , id of predecessor=211 42 117 238 
2025-02-07 03:55:07 FATAL 214 35 194 29 :379  - The rare situation has occured at time 1738918507259, id to look up=183 16 60 162 , id of local node=214 35 194 29 , id of predecessor=211 42 117 238 
2025-02-07 03:55:07 FATAL 214 35 194 29 :379  - The rare situation has occured at time 1738918507427, id to look up=208 37 96 221 , id of local node=214 35 194 29 , id of predecessor=211 42 117 238 
2025-02-07 03:55:07 FATAL 214 35 194 29 :379  - The rare situation has occured at time 1738918507576, id to look up=192 151 99 143 , id of local node=214 35 194 29 , id of predecessor=211 42 117 238 
2025-02-07 03:55:08 FATAL 214 35 194 29 :379  - The rare situation has occured at time 1738918508296, id to look up=211 33 214 247 , id of local node=214 35 194 29 , id of predecessor=211 42 117 238 
2025-02-07 03:55:08 FATAL 214 35 194 29 :379  - The rare situation has occured at time 1738918508446, id to look up=183 79 94 233 , id of local node=214 35 194 29 , id of predecessor=211 42 117 238 
2025-02-07 03:55:08 FATAL 214 35 194 29 :379  - The rare situation has occured at time 1738918508799, id to look up=184 136 178 152 , id of local node=214 35 194 29 , id of predecessor=211 42 117 238 
2025-02-07 03:55:09 FATAL 214 35 194 29 :379  - The rare situation has occured at time 1738918509201, id to look up=118 84 111 154 , id of local node=214 35 194 29 , id of predecessor=211 42 117 238 
2025-02-07 03:55:09 FATAL 214 35 194 29 :379  - The rare situation has occured at time 1738918509469, id to look up=190 70 26 12 , id of local node=214 35 194 29 , id of predecessor=211 42 117 238 
2025-02-07 03:55:10 FATAL 214 35 194 29 :379  - The rare situation has occured at time 1738918510096, id to look up=179 127 109 220 , id of local node=214 35 194 29 , id of predecessor=211 42 117 238 
2025-02-07 03:55:10 FATAL 214 35 194 29 :379  - The rare situation has occured at time 1738918510674, id to look up=76 214 109 250 , id of local node=214 35 194 29 , id of predecessor=211 42 117 238 
2025-02-07 03:55:11 FATAL 214 35 194 29 :379  - The rare situation has occured at time 1738918511751, id to look up=111 184 74 237 , id of local node=214 35 194 29 , id of predecessor=211 42 117 238 
2025-02-07 03:55:12 FATAL 214 35 194 29 :379  - The rare situation has occured at time 1738918512216, id to look up=154 121 190 97 , id of local node=214 35 194 29 , id of predecessor=211 42 117 238 
2025-02-07 03:55:12 FATAL 214 35 194 29 :379  - The rare situation has occured at time 1738918512927, id to look up=200 48 106 225 , id of local node=214 35 194 29 , id of predecessor=211 42 117 238 
2025-02-07 03:55:13 FATAL 214 35 194 29 :379  - The rare situation has occured at time 1738918513096, id to look up=147 67 133 245 , id of local node=214 35 194 29 , id of predecessor=211 42 117 238 
2025-02-07 03:55:13 FATAL 214 35 194 29 :379  - The rare situation has occured at time 1738918513799, id to look up=120 168 239 203 , id of local node=214 35 194 29 , id of predecessor=211 42 117 238 
2025-02-07 03:55:14 FATAL 214 35 194 29 :379  - The rare situation has occured at time 1738918514218, id to look up=114 36 249 151 , id of local node=214 35 194 29 , id of predecessor=211 42 117 238 
2025-02-07 03:55:14 FATAL 214 35 194 29 :379  - The rare situation has occured at time 1738918514356, id to look up=82 78 5 220 , id of local node=214 35 194 29 , id of predecessor=211 42 117 238 
2025-02-07 03:55:14 FATAL 214 35 194 29 :379  - The rare situation has occured at time 1738918514620, id to look up=161 66 46 106 , id of local node=214 35 194 29 , id of predecessor=211 42 117 238 
2025-02-07 03:55:15 FATAL 214 35 194 29 :379  - The rare situation has occured at time 1738918515506, id to look up=104 62 114 92 , id of local node=214 35 194 29 , id of predecessor=211 42 117 238 
2025-02-07 03:55:16 FATAL 214 35 194 29 :379  - The rare situation has occured at time 1738918516037, id to look up=208 226 219 176 , id of local node=214 35 194 29 , id of predecessor=211 42 117 238 
2025-02-07 03:55:16 FATAL 214 35 194 29 :379  - The rare situation has occured at time 1738918516347, id to look up=162 227 61 52 , id of local node=214 35 194 29 , id of predecessor=211 42 117 238 
2025-02-07 03:55:16 FATAL 214 35 194 29 :379  - The rare situation has occured at time 1738918516516, id to look up=119 91 197 195 , id of local node=214 35 194 29 , id of predecessor=211 42 117 238 
2025-02-07 03:55:18 FATAL 214 35 194 29 :379  - The rare situation has occured at time 1738918518088, id to look up=180 24 43 255 , id of local node=214 35 194 29 , id of predecessor=211 42 117 238 
2025-02-07 03:56:22 FATAL 214 35 194 29 :379  - The rare situation has occured at time 1738918582429, id to look up=119 222 104 218 , id of local node=214 35 194 29 , id of predecessor=211 42 117 238 
2025-02-07 03:56:22 FATAL 214 35 194 29 :379  - The rare situation has occured at time 1738918582862, id to look up=172 52 120 214 , id of local node=214 35 194 29 , id of predecessor=211 42 117 238 
2025-02-07 03:56:23 FATAL 214 35 194 29 :379  - The rare situation has occured at time 1738918583063, id to look up=193 223 217 110 , id of local node=214 35 194 29 , id of predecessor=211 42 117 238 
2025-02-07 03:56:23 FATAL 214 35 194 29 :379  - The rare situation has occured at time 1738918583680, id to look up=177 213 120 17 , id of local node=214 35 194 29 , id of predecessor=211 42 117 238 
2025-02-07 03:56:24 FATAL 214 35 194 29 :379  - The rare situation has occured at time 1738918584564, id to look up=123 82 0 155 , id of local node=214 35 194 29 , id of predecessor=211 42 117 238 
2025-02-07 03:56:25 FATAL 214 35 194 29 :379  - The rare situation has occured at time 1738918585023, id to look up=189 48 122 62 , id of local node=214 35 194 29 , id of predecessor=211 42 117 238 
2025-02-07 03:56:25 FATAL 214 35 194 29 :379  - The rare situation has occured at time 1738918585731, id to look up=158 106 85 182 , id of local node=214 35 194 29 , id of predecessor=211 42 117 238 
2025-02-07 03:56:26 FATAL 214 35 194 29 :379  - The rare situation has occured at time 1738918586103, id to look up=179 240 199 246 , id of local node=214 35 194 29 , id of predecessor=211 42 117 238 
2025-02-07 03:56:26 FATAL 214 35 194 29 :379  - The rare situation has occured at time 1738918586670, id to look up=77 19 75 192 , id of local node=214 35 194 29 , id of predecessor=211 42 117 238 
2025-02-07 03:56:27 FATAL 214 35 194 29 :379  - The rare situation has occured at time 1738918587292, id to look up=188 51 234 78 , id of local node=214 35 194 29 , id of predecessor=211 42 117 238 
2025-02-07 03:56:27 FATAL 214 35 194 29 :379  - The rare situation has occured at time 1738918587680, id to look up=119 25 161 199 , id of local node=214 35 194 29 , id of predecessor=211 42 117 238 
2025-02-07 03:56:28 FATAL 214 35 194 29 :379  - The rare situation has occured at time 1738918588302, id to look up=203 78 82 8 , id of local node=214 35 194 29 , id of predecessor=211 42 117 238 
2025-02-07 03:56:28 FATAL 214 35 194 29 :379  - The rare situation has occured at time 1738918588619, id to look up=182 105 46 165 , id of local node=214 35 194 29 , id of predecessor=211 42 117 238 
2025-02-07 03:56:29 FATAL 214 35 194 29 :379  - The rare situation has occured at time 1738918589032, id to look up=151 42 103 196 , id of local node=214 35 194 29 , id of predecessor=211 42 117 238 
2025-02-07 03:56:29 FATAL 214 35 194 29 :379  - The rare situation has occured at time 1738918589342, id to look up=203 122 29 119 , id of local node=214 35 194 29 , id of predecessor=211 42 117 238 
2025-02-07 03:56:29 FATAL 214 35 194 29 :379  - The rare situation has occured at time 1738918589760, id to look up=202 53 18 244 , id of local node=214 35 194 29 , id of predecessor=211 42 117 238 
2025-02-07 03:56:30 FATAL 214 35 194 29 :379  - The rare situation has occured at time 1738918590013, id to look up=175 62 19 52 , id of local node=214 35 194 29 , id of predecessor=211 42 117 238 
2025-02-07 03:56:30 FATAL 214 35 194 29 :379  - The rare situation has occured at time 1738918590226, id to look up=118 31 34 178 , id of local node=214 35 194 29 , id of predecessor=211 42 117 238 
2025-02-07 03:56:30 FATAL 214 35 194 29 :379  - The rare situation has occured at time 1738918590743, id to look up=146 207 206 179 , id of local node=214 35 194 29 , id of predecessor=211 42 117 238 
2025-02-07 03:56:31 FATAL 214 35 194 29 :379  - The rare situation has occured at time 1738918591180, id to look up=152 251 196 47 , id of local node=214 35 194 29 , id of predecessor=211 42 117 238 
2025-02-07 03:56:32 FATAL 214 35 194 29 :379  - The rare situation has occured at time 1738918592018, id to look up=100 224 149 254 , id of local node=214 35 194 29 , id of predecessor=211 42 117 238 
2025-02-07 03:56:32 FATAL 214 35 194 29 :379  - The rare situation has occured at time 1738918592590, id to look up=183 235 108 104 , id of local node=214 35 194 29 , id of predecessor=211 42 117 238 
2025-02-07 03:56:32 FATAL 214 35 194 29 :379  - The rare situation has occured at time 1738918592759, id to look up=169 51 73 135 , id of local node=214 35 194 29 , id of predecessor=211 42 117 238 
2025-02-07 03:56:33 FATAL 214 35 194 29 :379  - The rare situation has occured at time 1738918593113, id to look up=197 183 109 163 , id of local node=214 35 194 29 , id of predecessor=211 42 117 238 
2025-02-07 03:56:33 FATAL 214 35 194 29 :379  - The rare situation has occured at time 1738918593649, id to look up=84 206 185 18 , id of local node=214 35 194 29 , id of predecessor=211 42 117 238 
2025-02-07 03:56:34 FATAL 214 35 194 29 :379  - The rare situation has occured at time 1738918594357, id to look up=102 123 229 67 , id of local node=214 35 194 29 , id of predecessor=211 42 117 238 
2025-02-07 03:56:35 FATAL 214 35 194 29 :379  - The rare situation has occured at time 1738918595309, id to look up=108 30 103 31 , id of local node=214 35 194 29 , id of predecessor=211 42 117 238 
2025-02-07 03:56:36 FATAL 214 35 194 29 :379  - The rare situation has occured at time 1738918596068, id to look up=81 26 65 142 , id of local node=214 35 194 29 , id of predecessor=211 42 117 238 
2025-02-07 03:56:36 FATAL 214 35 194 29 :379  - The rare situation has occured at time 1738918596291, id to look up=161 117 84 160 , id of local node=214 35 194 29 , id of predecessor=211 42 117 238 
2025-02-07 03:56:36 FATAL 214 35 194 29 :379  - The rare situation has occured at time 1738918596609, id to look up=198 108 101 23 , id of local node=214 35 194 29 , id of predecessor=211 42 117 238 
2025-02-07 03:56:36 FATAL 214 35 194 29 :379  - The rare situation has occured at time 1738918596978, id to look up=89 18 154 172 , id of local node=214 35 194 29 , id of predecessor=211 42 117 238 
2025-02-07 03:56:37 FATAL 214 35 194 29 :379  - The rare situation has occured at time 1738918597358, id to look up=77 137 210 148 , id of local node=214 35 194 29 , id of predecessor=211 42 117 238 
2025-02-07 03:56:37 FATAL 214 35 194 29 :379  - The rare situation has occured at time 1738918597482, id to look up=180 201 109 128 , id of local node=214 35 194 29 , id of predecessor=211 42 117 238 
2025-02-07 03:56:37 FATAL 214 35 194 29 :379  - The rare situation has occured at time 1738918597849, id to look up=167 43 32 6 , id of local node=214 35 194 29 , id of predecessor=211 42 117 238 
2025-02-07 03:56:38 FATAL 214 35 194 29 :379  - The rare situation has occured at time 1738918598203, id to look up=183 16 60 162 , id of local node=214 35 194 29 , id of predecessor=211 42 117 238 
2025-02-07 03:56:38 FATAL 214 35 194 29 :379  - The rare situation has occured at time 1738918598351, id to look up=208 37 96 221 , id of local node=214 35 194 29 , id of predecessor=211 42 117 238 
2025-02-07 03:56:38 FATAL 214 35 194 29 :379  - The rare situation has occured at time 1738918598499, id to look up=192 151 99 143 , id of local node=214 35 194 29 , id of predecessor=211 42 117 238 
2025-02-07 03:56:38 FATAL 214 35 194 29 :379  - The rare situation has occured at time 1738918598611, id to look up=211 33 214 247 , id of local node=214 35 194 29 , id of predecessor=211 42 117 238 
2025-02-07 03:56:38 FATAL 214 35 194 29 :379  - The rare situation has occured at time 1738918598771, id to look up=183 79 94 233 , id of local node=214 35 194 29 , id of predecessor=211 42 117 238 
2025-02-07 03:56:39 FATAL 214 35 194 29 :379  - The rare situation has occured at time 1738918599134, id to look up=184 136 178 152 , id of local node=214 35 194 29 , id of predecessor=211 42 117 238 
2025-02-07 03:56:39 FATAL 214 35 194 29 :379  - The rare situation has occured at time 1738918599556, id to look up=118 84 111 154 , id of local node=214 35 194 29 , id of predecessor=211 42 117 238 
2025-02-07 03:56:39 FATAL 214 35 194 29 :379  - The rare situation has occured at time 1738918599824, id to look up=190 70 26 12 , id of local node=214 35 194 29 , id of predecessor=211 42 117 238 
2025-02-07 03:56:40 FATAL 214 35 194 29 :379  - The rare situation has occured at time 1738918600461, id to look up=179 127 109 220 , id of local node=214 35 194 29 , id of predecessor=211 42 117 238 
2025-02-07 03:56:41 FATAL 214 35 194 29 :379  - The rare situation has occured at time 1738918601028, id to look up=76 214 109 250 , id of local node=214 35 194 29 , id of predecessor=211 42 117 238 
2025-02-07 03:56:42 FATAL 214 35 194 29 :379  - The rare situation has occured at time 1738918602127, id to look up=111 184 74 237 , id of local node=214 35 194 29 , id of predecessor=211 42 117 238 
2025-02-07 03:56:42 FATAL 214 35 194 29 :379  - The rare situation has occured at time 1738918602592, id to look up=154 121 190 97 , id of local node=214 35 194 29 , id of predecessor=211 42 117 238 
2025-02-07 03:56:43 FATAL 214 35 194 29 :379  - The rare situation has occured at time 1738918603302, id to look up=200 48 106 225 , id of local node=214 35 194 29 , id of predecessor=211 42 117 238 
2025-02-07 03:56:43 FATAL 214 35 194 29 :379  - The rare situation has occured at time 1738918603451, id to look up=147 67 133 245 , id of local node=214 35 194 29 , id of predecessor=211 42 117 238 
2025-02-07 03:56:44 FATAL 214 35 194 29 :379  - The rare situation has occured at time 1738918604173, id to look up=120 168 239 203 , id of local node=214 35 194 29 , id of predecessor=211 42 117 238 
2025-02-07 03:56:44 FATAL 214 35 194 29 :379  - The rare situation has occured at time 1738918604592, id to look up=114 36 249 151 , id of local node=214 35 194 29 , id of predecessor=211 42 117 238 
2025-02-07 03:56:44 FATAL 214 35 194 29 :379  - The rare situation has occured at time 1738918604709, id to look up=82 78 5 220 , id of local node=214 35 194 29 , id of predecessor=211 42 117 238 
2025-02-07 03:56:44 FATAL 214 35 194 29 :379  - The rare situation has occured at time 1738918604995, id to look up=161 66 46 106 , id of local node=214 35 194 29 , id of predecessor=211 42 117 238 
2025-02-07 03:56:45 FATAL 214 35 194 29 :379  - The rare situation has occured at time 1738918605861, id to look up=104 62 114 92 , id of local node=214 35 194 29 , id of predecessor=211 42 117 238 
2025-02-07 03:56:46 FATAL 214 35 194 29 :379  - The rare situation has occured at time 1738918606373, id to look up=208 226 219 176 , id of local node=214 35 194 29 , id of predecessor=211 42 117 238 
2025-02-07 03:56:46 FATAL 214 35 194 29 :379  - The rare situation has occured at time 1738918606681, id to look up=162 227 61 52 , id of local node=214 35 194 29 , id of predecessor=211 42 117 238 
2025-02-07 03:56:46 FATAL 214 35 194 29 :379  - The rare situation has occured at time 1738918606868, id to look up=119 91 197 195 , id of local node=214 35 194 29 , id of predecessor=211 42 117 238 
2025-02-07 03:56:48 FATAL 214 35 194 29 :379  - The rare situation has occured at time 1738918608423, id to look up=180 24 43 255 , id of local node=214 35 194 29 , id of predecessor=211 42 117 238 
2025-02-07 03:56:49 FATAL 214 35 194 29 :379  - The rare situation has occured at time 1738918609001, id to look up=145 223 222 29 , id of local node=214 35 194 29 , id of predecessor=211 42 117 238 
2025-02-07 03:56:49 FATAL 214 35 194 29 :379  - The rare situation has occured at time 1738918609412, id to look up=211 15 121 207 , id of local node=214 35 194 29 , id of predecessor=211 42 117 238 
2025-02-07 03:56:49 FATAL 214 35 194 29 :379  - The rare situation has occured at time 1738918609571, id to look up=149 232 21 209 , id of local node=214 35 194 29 , id of predecessor=211 42 117 238 
2025-02-07 03:56:50 FATAL 214 35 194 29 :379  - The rare situation has occured at time 1738918610095, id to look up=158 7 26 58 , id of local node=214 35 194 29 , id of predecessor=211 42 117 238 
2025-02-07 03:56:50 FATAL 214 35 194 29 :379  - The rare situation has occured at time 1738918610601, id to look up=86 173 77 77 , id of local node=214 35 194 29 , id of predecessor=211 42 117 238 
2025-02-07 03:56:51 FATAL 214 35 194 29 :379  - The rare situation has occured at time 1738918611364, id to look up=194 138 202 35 , id of local node=214 35 194 29 , id of predecessor=211 42 117 238 
2025-02-07 03:56:51 FATAL 214 35 194 29 :379  - The rare situation has occured at time 1738918611681, id to look up=201 202 68 39 , id of local node=214 35 194 29 , id of predecessor=211 42 117 238 
2025-02-07 03:56:52 FATAL 214 35 194 29 :379  - The rare situation has occured at time 1738918612153, id to look up=115 32 130 140 , id of local node=214 35 194 29 , id of predecessor=211 42 117 238 
2025-02-07 03:56:52 FATAL 214 35 194 29 :379  - The rare situation has occured at time 1738918612321, id to look up=80 51 107 198 , id of local node=214 35 194 29 , id of predecessor=211 42 117 238 
2025-02-07 03:56:53 FATAL 214 35 194 29 :379  - The rare situation has occured at time 1738918613043, id to look up=179 192 115 12 , id of local node=214 35 194 29 , id of predecessor=211 42 117 238 
2025-02-07 03:56:53 FATAL 214 35 194 29 :379  - The rare situation has occured at time 1738918613372, id to look up=83 111 182 147 , id of local node=214 35 194 29 , id of predecessor=211 42 117 238 
2025-02-07 03:56:54 FATAL 214 35 194 29 :379  - The rare situation has occured at time 1738918614083, id to look up=177 106 69 122 , id of local node=214 35 194 29 , id of predecessor=211 42 117 238 
2025-02-07 03:56:54 FATAL 214 35 194 29 :379  - The rare situation has occured at time 1738918614381, id to look up=172 38 70 2 , id of local node=214 35 194 29 , id of predecessor=211 42 117 238 
2025-02-07 03:56:54 FATAL 214 35 194 29 :379  - The rare situation has occured at time 1738918614755, id to look up=166 241 106 180 , id of local node=214 35 194 29 , id of predecessor=211 42 117 238 
2025-02-07 03:56:54 FATAL 214 35 194 29 :379  - The rare situation has occured at time 1738918614964, id to look up=157 137 116 186 , id of local node=214 35 194 29 , id of predecessor=211 42 117 238 
2025-02-07 03:56:55 FATAL 214 35 194 29 :379  - The rare situation has occured at time 1738918615314, id to look up=163 209 37 151 , id of local node=214 35 194 29 , id of predecessor=211 42 117 238 
2025-02-07 03:56:55 FATAL 214 35 194 29 :379  - The rare situation has occured at time 1738918615478, id to look up=107 98 119 175 , id of local node=214 35 194 29 , id of predecessor=211 42 117 238 
2025-02-07 03:56:55 FATAL 214 35 194 29 :379  - The rare situation has occured at time 1738918615664, id to look up=190 5 125 76 , id of local node=214 35 194 29 , id of predecessor=211 42 117 238 
2025-02-07 03:56:56 FATAL 214 35 194 29 :379  - The rare situation has occured at time 1738918616111, id to look up=174 30 113 152 , id of local node=214 35 194 29 , id of predecessor=211 42 117 238 
2025-02-07 03:56:56 FATAL 214 35 194 29 :379  - The rare situation has occured at time 1738918616584, id to look up=169 41 235 51 , id of local node=214 35 194 29 , id of predecessor=211 42 117 238 
2025-02-07 03:56:56 FATAL 214 35 194 29 :379  - The rare situation has occured at time 1738918616734, id to look up=116 203 210 194 , id of local node=214 35 194 29 , id of predecessor=211 42 117 238 
2025-02-07 03:56:57 FATAL 214 35 194 29 :379  - The rare situation has occured at time 1738918617218, id to look up=105 229 105 118 , id of local node=214 35 194 29 , id of predecessor=211 42 117 238 
2025-02-07 03:56:57 FATAL 214 35 194 29 :379  - The rare situation has occured at time 1738918617350, id to look up=112 138 119 219 , id of local node=214 35 194 29 , id of predecessor=211 42 117 238 
2025-02-07 03:56:57 FATAL 214 35 194 29 :379  - The rare situation has occured at time 1738918617787, id to look up=113 123 47 61 , id of local node=214 35 194 29 , id of predecessor=211 42 117 238 
2025-02-07 03:56:57 FATAL 214 35 194 29 :379  - The rare situation has occured at time 1738918617953, id to look up=148 148 14 83 , id of local node=214 35 194 29 , id of predecessor=211 42 117 238 
2025-02-07 03:56:58 FATAL 214 35 194 29 :379  - The rare situation has occured at time 1738918618271, id to look up=193 170 4 191 , id of local node=214 35 194 29 , id of predecessor=211 42 117 238 
2025-02-07 03:56:58 FATAL 214 35 194 29 :379  - The rare situation has occured at time 1738918618579, id to look up=87 46 32 115 , id of local node=214 35 194 29 , id of predecessor=211 42 117 238 
2025-02-07 03:56:59 FATAL 214 35 194 29 :379  - The rare situation has occured at time 1738918619054, id to look up=208 148 112 14 , id of local node=214 35 194 29 , id of predecessor=211 42 117 238 
2025-02-07 03:56:59 FATAL 214 35 194 29 :379  - The rare situation has occured at time 1738918619792, id to look up=158 68 210 119 , id of local node=214 35 194 29 , id of predecessor=211 42 117 238 
2025-02-07 03:57:00 FATAL 214 35 194 29 :379  - The rare situation has occured at time 1738918620054, id to look up=174 229 68 206 , id of local node=214 35 194 29 , id of predecessor=211 42 117 238 
2025-02-07 03:57:00 FATAL 214 35 194 29 :379  - The rare situation has occured at time 1738918620416, id to look up=88 240 116 73 , id of local node=214 35 194 29 , id of predecessor=211 42 117 238 
2025-02-07 03:57:00 FATAL 214 35 194 29 :379  - The rare situation has occured at time 1738918620822, id to look up=188 248 20 171 , id of local node=214 35 194 29 , id of predecessor=211 42 117 238 
2025-02-07 03:57:01 FATAL 214 35 194 29 :379  - The rare situation has occured at time 1738918621021, id to look up=207 162 237 42 , id of local node=214 35 194 29 , id of predecessor=211 42 117 238 
2025-02-07 03:57:01 FATAL 214 35 194 29 :379  - The rare situation has occured at time 1738918621443, id to look up=172 241 255 252 , id of local node=214 35 194 29 , id of predecessor=211 42 117 238 
2025-02-07 03:57:02 FATAL 214 35 194 29 :379  - The rare situation has occured at time 1738918622409, id to look up=117 42 231 189 , id of local node=214 35 194 29 , id of predecessor=211 42 117 238 
2025-02-07 03:57:02 FATAL 214 35 194 29 :379  - The rare situation has occured at time 1738918622539, id to look up=77 234 29 174 , id of local node=214 35 194 29 , id of predecessor=211 42 117 238 
2025-02-07 03:57:03 FATAL 214 35 194 29 :379  - The rare situation has occured at time 1738918623175, id to look up=200 55 48 122 , id of local node=214 35 194 29 , id of predecessor=211 42 117 238 
2025-02-07 03:57:03 FATAL 214 35 194 29 :379  - The rare situation has occured at time 1738918623601, id to look up=159 154 240 41 , id of local node=214 35 194 29 , id of predecessor=211 42 117 238 
2025-02-07 03:57:04 FATAL 214 35 194 29 :379  - The rare situation has occured at time 1738918624075, id to look up=161 101 251 214 , id of local node=214 35 194 29 , id of predecessor=211 42 117 238 
2025-02-07 03:57:04 FATAL 214 35 194 29 :379  - The rare situation has occured at time 1738918624725, id to look up=74 250 143 158 , id of local node=214 35 194 29 , id of predecessor=211 42 117 238 
2025-02-07 03:57:04 FATAL 214 35 194 29 :379  - The rare situation has occured at time 1738918624994, id to look up=186 171 52 1 , id of local node=214 35 194 29 , id of predecessor=211 42 117 238 
2025-02-07 03:57:05 FATAL 214 35 194 29 :379  - The rare situation has occured at time 1738918625371, id to look up=172 253 209 142 , id of local node=214 35 194 29 , id of predecessor=211 42 117 238 
2025-02-07 03:57:06 FATAL 214 35 194 29 :379  - The rare situation has occured at time 1738918626182, id to look up=154 21 244 45 , id of local node=214 35 194 29 , id of predecessor=211 42 117 238 
2025-02-07 03:57:06 FATAL 214 35 194 29 :379  - The rare situation has occured at time 1738918626655, id to look up=192 186 23 194 , id of local node=214 35 194 29 , id of predecessor=211 42 117 238 
2025-02-07 03:57:07 FATAL 214 35 194 29 :379  - The rare situation has occured at time 1738918627071, id to look up=154 112 119 108 , id of local node=214 35 194 29 , id of predecessor=211 42 117 238 
2025-02-07 03:57:07 FATAL 214 35 194 29 :379  - The rare situation has occured at time 1738918627644, id to look up=175 6 49 140 , id of local node=214 35 194 29 , id of predecessor=211 42 117 238 
2025-02-07 03:57:08 FATAL 214 35 194 29 :379  - The rare situation has occured at time 1738918628001, id to look up=188 21 199 116 , id of local node=214 35 194 29 , id of predecessor=211 42 117 238 
2025-02-07 03:57:08 FATAL 214 35 194 29 :379  - The rare situation has occured at time 1738918628413, id to look up=207 226 28 104 , id of local node=214 35 194 29 , id of predecessor=211 42 117 238 
2025-02-07 03:57:08 FATAL 214 35 194 29 :379  - The rare situation has occured at time 1738918628562, id to look up=193 163 139 138 , id of local node=214 35 194 29 , id of predecessor=211 42 117 238 
2025-02-07 03:57:08 FATAL 214 35 194 29 :379  - The rare situation has occured at time 1738918628824, id to look up=202 208 111 60 , id of local node=214 35 194 29 , id of predecessor=211 42 117 238 
2025-02-07 03:57:09 FATAL 214 35 194 29 :379  - The rare situation has occured at time 1738918629088, id to look up=76 130 5 218 , id of local node=214 35 194 29 , id of predecessor=211 42 117 238 
2025-02-07 03:57:09 FATAL 214 35 194 29 :379  - The rare situation has occured at time 1738918629706, id to look up=79 15 92 150 , id of local node=214 35 194 29 , id of predecessor=211 42 117 238 
2025-02-07 03:57:09 FATAL 214 35 194 29 :379  - The rare situation has occured at time 1738918629829, id to look up=82 253 185 246 , id of local node=214 35 194 29 , id of predecessor=211 42 117 238 
2025-02-07 03:57:09 FATAL 214 35 194 29 :379  - The rare situation has occured at time 1738918629898, id to look up=88 65 48 224 , id of local node=214 35 194 29 , id of predecessor=211 42 117 238 
2025-02-07 03:57:10 FATAL 214 35 194 29 :379  - The rare situation has occured at time 1738918630021, id to look up=202 233 30 69 , id of local node=214 35 194 29 , id of predecessor=211 42 117 238 
2025-02-07 03:57:10 FATAL 214 35 194 29 :379  - The rare situation has occured at time 1738918630368, id to look up=159 253 26 225 , id of local node=214 35 194 29 , id of predecessor=211 42 117 238 
2025-02-07 03:57:10 FATAL 214 35 194 29 :379  - The rare situation has occured at time 1738918630755, id to look up=74 247 249 237 , id of local node=214 35 194 29 , id of predecessor=211 42 117 238 
2025-02-07 03:57:11 FATAL 214 35 194 29 :379  - The rare situation has occured at time 1738918631530, id to look up=180 239 125 241 , id of local node=214 35 194 29 , id of predecessor=211 42 117 238 
2025-02-07 03:57:11 FATAL 214 35 194 29 :379  - The rare situation has occured at time 1738918631908, id to look up=202 55 153 184 , id of local node=214 35 194 29 , id of predecessor=211 42 117 238 
2025-02-07 03:57:12 FATAL 214 35 194 29 :379  - The rare situation has occured at time 1738918632272, id to look up=186 48 253 151 , id of local node=214 35 194 29 , id of predecessor=211 42 117 238 
2025-02-07 03:57:12 FATAL 214 35 194 29 :379  - The rare situation has occured at time 1738918632629, id to look up=152 252 195 120 , id of local node=214 35 194 29 , id of predecessor=211 42 117 238 
2025-02-07 03:57:12 FATAL 214 35 194 29 :379  - The rare situation has occured at time 1738918632831, id to look up=76 21 220 33 , id of local node=214 35 194 29 , id of predecessor=211 42 117 238 
2025-02-07 03:57:13 FATAL 214 35 194 29 :379  - The rare situation has occured at time 1738918633091, id to look up=201 241 60 22 , id of local node=214 35 194 29 , id of predecessor=211 42 117 238 
2025-02-07 03:59:45 FATAL 214 35 194 29 :379  - The rare situation has occured at time 1738918785301, id to look up=119 222 104 218 , id of local node=214 35 194 29 , id of predecessor=211 42 117 238 
2025-02-07 03:59:45 FATAL 214 35 194 29 :379  - The rare situation has occured at time 1738918785893, id to look up=172 52 120 214 , id of local node=214 35 194 29 , id of predecessor=211 42 117 238 
2025-02-07 03:59:46 FATAL 214 35 194 29 :379  - The rare situation has occured at time 1738918786191, id to look up=193 223 217 110 , id of local node=214 35 194 29 , id of predecessor=211 42 117 238 
2025-02-07 03:59:46 FATAL 214 35 194 29 :379  - The rare situation has occured at time 1738918786794, id to look up=177 213 120 17 , id of local node=214 35 194 29 , id of predecessor=211 42 117 238 
2025-02-07 03:59:47 FATAL 214 35 194 29 :379  - The rare situation has occured at time 1738918787474, id to look up=123 82 0 155 , id of local node=214 35 194 29 , id of predecessor=211 42 117 238 
2025-02-07 03:59:47 FATAL 214 35 194 29 :379  - The rare situation has occured at time 1738918787634, id to look up=189 48 122 62 , id of local node=214 35 194 29 , id of predecessor=211 42 117 238 
2025-02-07 03:59:48 FATAL 214 35 194 29 :379  - The rare situation has occured at time 1738918788361, id to look up=158 106 85 182 , id of local node=214 35 194 29 , id of predecessor=211 42 117 238 
2025-02-07 03:59:48 FATAL 214 35 194 29 :379  - The rare situation has occured at time 1738918788108, id to look up=179 240 199 246 , id of local node=214 35 194 29 , id of predecessor=211 42 117 238 
2025-02-07 03:59:48 FATAL 214 35 194 29 :379  - The rare situation has occured at time 1738918788696, id to look up=77 19 75 192 , id of local node=214 35 194 29 , id of predecessor=211 42 117 238 
2025-02-07 03:59:49 FATAL 214 35 194 29 :379  - The rare situation has occured at time 1738918789318, id to look up=188 51 234 78 , id of local node=214 35 194 29 , id of predecessor=211 42 117 238 
2025-02-07 03:59:49 FATAL 214 35 194 29 :379  - The rare situation has occured at time 1738918789686, id to look up=119 25 161 199 , id of local node=214 35 194 29 , id of predecessor=211 42 117 238 
2025-02-07 03:59:50 FATAL 214 35 194 29 :379  - The rare situation has occured at time 1738918790308, id to look up=203 78 82 8 , id of local node=214 35 194 29 , id of predecessor=211 42 117 238 
2025-02-07 03:59:50 FATAL 214 35 194 29 :379  - The rare situation has occured at time 1738918790626, id to look up=182 105 46 165 , id of local node=214 35 194 29 , id of predecessor=211 42 117 238 
2025-02-07 03:59:51 FATAL 214 35 194 29 :379  - The rare situation has occured at time 1738918791048, id to look up=151 42 103 196 , id of local node=214 35 194 29 , id of predecessor=211 42 117 238 
2025-02-07 03:59:51 FATAL 214 35 194 29 :379  - The rare situation has occured at time 1738918791347, id to look up=203 122 29 119 , id of local node=214 35 194 29 , id of predecessor=211 42 117 238 
2025-02-07 03:59:51 FATAL 214 35 194 29 :379  - The rare situation has occured at time 1738918791746, id to look up=202 53 18 244 , id of local node=214 35 194 29 , id of predecessor=211 42 117 238 
2025-02-07 03:59:52 FATAL 214 35 194 29 :379  - The rare situation has occured at time 1738918792008, id to look up=175 62 19 52 , id of local node=214 35 194 29 , id of predecessor=211 42 117 238 
2025-02-07 03:59:52 FATAL 214 35 194 29 :379  - The rare situation has occured at time 1738918792212, id to look up=118 31 34 178 , id of local node=214 35 194 29 , id of predecessor=211 42 117 238 
2025-02-07 03:59:52 FATAL 214 35 194 29 :379  - The rare situation has occured at time 1738918792729, id to look up=146 207 206 179 , id of local node=214 35 194 29 , id of predecessor=211 42 117 238 
2025-02-07 03:59:53 FATAL 214 35 194 29 :379  - The rare situation has occured at time 1738918793136, id to look up=152 251 196 47 , id of local node=214 35 194 29 , id of predecessor=211 42 117 238 
2025-02-07 03:59:53 FATAL 214 35 194 29 :379  - The rare situation has occured at time 1738918793975, id to look up=100 224 149 254 , id of local node=214 35 194 29 , id of predecessor=211 42 117 238 
2025-02-07 03:59:54 FATAL 214 35 194 29 :379  - The rare situation has occured at time 1738918794546, id to look up=183 235 108 104 , id of local node=214 35 194 29 , id of predecessor=211 42 117 238 
2025-02-07 03:59:54 FATAL 214 35 194 29 :379  - The rare situation has occured at time 1738918794696, id to look up=169 51 73 135 , id of local node=214 35 194 29 , id of predecessor=211 42 117 238 
2025-02-07 03:59:55 FATAL 214 35 194 29 :379  - The rare situation has occured at time 1738918795060, id to look up=197 183 109 163 , id of local node=214 35 194 29 , id of predecessor=211 42 117 238 
2025-02-07 03:59:55 FATAL 214 35 194 29 :379  - The rare situation has occured at time 1738918795596, id to look up=84 206 185 18 , id of local node=214 35 194 29 , id of predecessor=211 42 117 238 
2025-02-07 03:59:56 FATAL 214 35 194 29 :379  - The rare situation has occured at time 1738918796273, id to look up=102 123 229 67 , id of local node=214 35 194 29 , id of predecessor=211 42 117 238 
2025-02-07 03:59:57 FATAL 214 35 194 29 :379  - The rare situation has occured at time 1738918797206, id to look up=108 30 103 31 , id of local node=214 35 194 29 , id of predecessor=211 42 117 238 
2025-02-07 03:59:57 FATAL 214 35 194 29 :379  - The rare situation has occured at time 1738918797962, id to look up=81 26 65 142 , id of local node=214 35 194 29 , id of predecessor=211 42 117 238 
2025-02-07 03:59:58 FATAL 214 35 194 29 :379  - The rare situation has occured at time 1738918798188, id to look up=161 117 84 160 , id of local node=214 35 194 29 , id of predecessor=211 42 117 238 
2025-02-07 03:59:58 FATAL 214 35 194 29 :379  - The rare situation has occured at time 1738918798496, id to look up=198 108 101 23 , id of local node=214 35 194 29 , id of predecessor=211 42 117 238 
2025-02-07 03:59:58 FATAL 214 35 194 29 :379  - The rare situation has occured at time 1738918798866, id to look up=89 18 154 172 , id of local node=214 35 194 29 , id of predecessor=211 42 117 238 
2025-02-07 03:59:59 FATAL 214 35 194 29 :379  - The rare situation has occured at time 1738918799235, id to look up=77 137 210 148 , id of local node=214 35 194 29 , id of predecessor=211 42 117 238 
2025-02-07 03:59:59 FATAL 214 35 194 29 :379  - The rare situation has occured at time 1738918799349, id to look up=180 201 109 128 , id of local node=214 35 194 29 , id of predecessor=211 42 117 238 
2025-02-07 03:59:59 FATAL 214 35 194 29 :379  - The rare situation has occured at time 1738918799726, id to look up=167 43 32 6 , id of local node=214 35 194 29 , id of predecessor=211 42 117 238 
2025-02-07 04:00:00 FATAL 214 35 194 29 :379  - The rare situation has occured at time 1738918800079, id to look up=183 16 60 162 , id of local node=214 35 194 29 , id of predecessor=211 42 117 238 
2025-02-07 04:00:00 FATAL 214 35 194 29 :379  - The rare situation has occured at time 1738918800227, id to look up=208 37 96 221 , id of local node=214 35 194 29 , id of predecessor=211 42 117 238 
2025-02-07 04:00:00 FATAL 214 35 194 29 :379  - The rare situation has occured at time 1738918800376, id to look up=192 151 99 143 , id of local node=214 35 194 29 , id of predecessor=211 42 117 238 
2025-02-07 04:00:01 FATAL 214 35 194 29 :379  - The rare situation has occured at time 1738918801086, id to look up=211 33 214 247 , id of local node=214 35 194 29 , id of predecessor=211 42 117 238 
2025-02-07 04:00:01 FATAL 214 35 194 29 :379  - The rare situation has occured at time 1738918801236, id to look up=183 79 94 233 , id of local node=214 35 194 29 , id of predecessor=211 42 117 238 
2025-02-07 04:00:01 FATAL 214 35 194 29 :379  - The rare situation has occured at time 1738918801599, id to look up=184 136 178 152 , id of local node=214 35 194 29 , id of predecessor=211 42 117 238 
2025-02-07 04:00:02 FATAL 214 35 194 29 :379  - The rare situation has occured at time 1738918802021, id to look up=118 84 111 154 , id of local node=214 35 194 29 , id of predecessor=211 42 117 238 
2025-02-07 04:00:02 FATAL 214 35 194 29 :379  - The rare situation has occured at time 1738918802279, id to look up=190 70 26 12 , id of local node=214 35 194 29 , id of predecessor=211 42 117 238 
2025-02-07 04:00:02 FATAL 214 35 194 29 :379  - The rare situation has occured at time 1738918802896, id to look up=179 127 109 220 , id of local node=214 35 194 29 , id of predecessor=211 42 117 238 
2025-02-07 04:00:03 FATAL 214 35 194 29 :379  - The rare situation has occured at time 1738918803453, id to look up=76 214 109 250 , id of local node=214 35 194 29 , id of predecessor=211 42 117 238 
2025-02-07 04:00:04 FATAL 214 35 194 29 :379  - The rare situation has occured at time 1738918804562, id to look up=111 184 74 237 , id of local node=214 35 194 29 , id of predecessor=211 42 117 238 
2025-02-07 04:00:05 FATAL 214 35 194 29 :379  - The rare situation has occured at time 1738918805026, id to look up=154 121 190 97 , id of local node=214 35 194 29 , id of predecessor=211 42 117 238 
2025-02-07 04:00:05 FATAL 214 35 194 29 :379  - The rare situation has occured at time 1738918805776, id to look up=200 48 106 225 , id of local node=214 35 194 29 , id of predecessor=211 42 117 238 
2025-02-07 04:00:05 FATAL 214 35 194 29 :379  - The rare situation has occured at time 1738918805936, id to look up=147 67 133 245 , id of local node=214 35 194 29 , id of predecessor=211 42 117 238 
2025-02-07 04:00:06 FATAL 214 35 194 29 :379  - The rare situation has occured at time 1738918806668, id to look up=120 168 239 203 , id of local node=214 35 194 29 , id of predecessor=211 42 117 238 
2025-02-07 04:00:07 FATAL 214 35 194 29 :379  - The rare situation has occured at time 1738918807096, id to look up=114 36 249 151 , id of local node=214 35 194 29 , id of predecessor=211 42 117 238 
2025-02-07 04:00:07 FATAL 214 35 194 29 :379  - The rare situation has occured at time 1738918807225, id to look up=82 78 5 220 , id of local node=214 35 194 29 , id of predecessor=211 42 117 238 
2025-02-07 04:00:07 FATAL 214 35 194 29 :379  - The rare situation has occured at time 1738918807498, id to look up=161 66 46 106 , id of local node=214 35 194 29 , id of predecessor=211 42 117 238 
2025-02-07 04:00:08 FATAL 214 35 194 29 :379  - The rare situation has occured at time 1738918808416, id to look up=104 62 114 92 , id of local node=214 35 194 29 , id of predecessor=211 42 117 238 
2025-02-07 04:00:08 FATAL 214 35 194 29 :379  - The rare situation has occured at time 1738918808957, id to look up=208 226 219 176 , id of local node=214 35 194 29 , id of predecessor=211 42 117 238 
2025-02-07 04:00:09 FATAL 214 35 194 29 :379  - The rare situation has occured at time 1738918809266, id to look up=162 227 61 52 , id of local node=214 35 194 29 , id of predecessor=211 42 117 238 
2025-02-07 04:00:09 FATAL 214 35 194 29 :379  - The rare situation has occured at time 1738918809434, id to look up=119 91 197 195 , id of local node=214 35 194 29 , id of predecessor=211 42 117 238 
2025-02-07 04:00:10 FATAL 214 35 194 29 :379  - The rare situation has occured at time 1738918810978, id to look up=180 24 43 255 , id of local node=214 35 194 29 , id of predecessor=211 42 117 238 
2025-02-07 04:00:11 FATAL 214 35 194 29 :379  - The rare situation has occured at time 1738918811546, id to look up=145 223 222 29 , id of local node=214 35 194 29 , id of predecessor=211 42 117 238 
2025-02-07 04:00:11 FATAL 214 35 194 29 :379  - The rare situation has occured at time 1738918811956, id to look up=211 15 121 207 , id of local node=214 35 194 29 , id of predecessor=211 42 117 238 
2025-02-07 04:00:12 FATAL 214 35 194 29 :379  - The rare situation has occured at time 1738918812116, id to look up=149 232 21 209 , id of local node=214 35 194 29 , id of predecessor=211 42 117 238 
2025-02-07 04:00:12 FATAL 214 35 194 29 :379  - The rare situation has occured at time 1738918812648, id to look up=158 7 26 58 , id of local node=214 35 194 29 , id of predecessor=211 42 117 238 
2025-02-07 04:00:13 FATAL 214 35 194 29 :379  - The rare situation has occured at time 1738918813156, id to look up=86 173 77 77 , id of local node=214 35 194 29 , id of predecessor=211 42 117 238 
2025-02-07 04:00:13 FATAL 214 35 194 29 :379  - The rare situation has occured at time 1738918813957, id to look up=194 138 202 35 , id of local node=214 35 194 29 , id of predecessor=211 42 117 238 
2025-02-07 04:00:14 FATAL 214 35 194 29 :379  - The rare situation has occured at time 1738918814265, id to look up=201 202 68 39 , id of local node=214 35 194 29 , id of predecessor=211 42 117 238 
2025-02-07 04:00:14 FATAL 214 35 194 29 :379  - The rare situation has occured at time 1738918814757, id to look up=115 32 130 140 , id of local node=214 35 194 29 , id of predecessor=211 42 117 238 
2025-02-07 04:00:14 FATAL 214 35 194 29 :379  - The rare situation has occured at time 1738918814952, id to look up=80 51 107 198 , id of local node=214 35 194 29 , id of predecessor=211 42 117 238 
2025-02-07 04:00:15 FATAL 214 35 194 29 :379  - The rare situation has occured at time 1738918815708, id to look up=179 192 115 12 , id of local node=214 35 194 29 , id of predecessor=211 42 117 238 
2025-02-07 04:00:16 FATAL 214 35 194 29 :379  - The rare situation has occured at time 1738918816006, id to look up=83 111 182 147 , id of local node=214 35 194 29 , id of predecessor=211 42 117 238 
2025-02-07 04:00:16 FATAL 214 35 194 29 :379  - The rare situation has occured at time 1738918816668, id to look up=177 106 69 122 , id of local node=214 35 194 29 , id of predecessor=211 42 117 238 
2025-02-07 04:00:16 FATAL 214 35 194 29 :379  - The rare situation has occured at time 1738918816966, id to look up=172 38 70 2 , id of local node=214 35 194 29 , id of predecessor=211 42 117 238 
2025-02-07 04:00:17 FATAL 214 35 194 29 :379  - The rare situation has occured at time 1738918817328, id to look up=166 241 106 180 , id of local node=214 35 194 29 , id of predecessor=211 42 117 238 
2025-02-07 04:00:17 FATAL 214 35 194 29 :379  - The rare situation has occured at time 1738918817538, id to look up=157 137 116 186 , id of local node=214 35 194 29 , id of predecessor=211 42 117 238 
2025-02-07 04:00:17 FATAL 214 35 194 29 :379  - The rare situation has occured at time 1738918817899, id to look up=163 209 37 151 , id of local node=214 35 194 29 , id of predecessor=211 42 117 238 
2025-02-07 04:00:18 FATAL 214 35 194 29 :379  - The rare situation has occured at time 1738918818054, id to look up=107 98 119 175 , id of local node=214 35 194 29 , id of predecessor=211 42 117 238 
2025-02-07 04:00:18 FATAL 214 35 194 29 :379  - The rare situation has occured at time 1738918818228, id to look up=190 5 125 76 , id of local node=214 35 194 29 , id of predecessor=211 42 117 238 
2025-02-07 04:00:18 FATAL 214 35 194 29 :379  - The rare situation has occured at time 1738918818666, id to look up=174 30 113 152 , id of local node=214 35 194 29 , id of predecessor=211 42 117 238 
2025-02-07 04:00:19 FATAL 214 35 194 29 :379  - The rare situation has occured at time 1738918819138, id to look up=169 41 235 51 , id of local node=214 35 194 29 , id of predecessor=211 42 117 238 
2025-02-07 04:00:19 FATAL 214 35 194 29 :379  - The rare situation has occured at time 1738918819290, id to look up=116 203 210 194 , id of local node=214 35 194 29 , id of predecessor=211 42 117 238 
2025-02-07 04:00:19 FATAL 214 35 194 29 :379  - The rare situation has occured at time 1738918819753, id to look up=105 229 105 118 , id of local node=214 35 194 29 , id of predecessor=211 42 117 238 
2025-02-07 04:00:19 FATAL 214 35 194 29 :379  - The rare situation has occured at time 1738918819883, id to look up=112 138 119 219 , id of local node=214 35 194 29 , id of predecessor=211 42 117 238 
2025-02-07 04:00:19 FATAL 214 35 194 29 :379  - The rare situation has occured at time 1738918819744, id to look up=113 123 47 61 , id of local node=214 35 194 29 , id of predecessor=211 42 117 238 
2025-02-07 04:00:19 FATAL 214 35 194 29 :379  - The rare situation has occured at time 1738918819922, id to look up=148 148 14 83 , id of local node=214 35 194 29 , id of predecessor=211 42 117 238 
2025-02-07 04:00:20 FATAL 214 35 194 29 :379  - The rare situation has occured at time 1738918820240, id to look up=193 170 4 191 , id of local node=214 35 194 29 , id of predecessor=211 42 117 238 
2025-02-07 04:00:20 FATAL 214 35 194 29 :379  - The rare situation has occured at time 1738918820569, id to look up=87 46 32 115 , id of local node=214 35 194 29 , id of predecessor=211 42 117 238 
2025-02-07 04:00:21 FATAL 214 35 194 29 :379  - The rare situation has occured at time 1738918821042, id to look up=208 148 112 14 , id of local node=214 35 194 29 , id of predecessor=211 42 117 238 
2025-02-07 04:00:21 FATAL 214 35 194 29 :379  - The rare situation has occured at time 1738918821770, id to look up=158 68 210 119 , id of local node=214 35 194 29 , id of predecessor=211 42 117 238 
2025-02-07 04:00:22 FATAL 214 35 194 29 :379  - The rare situation has occured at time 1738918822033, id to look up=174 229 68 206 , id of local node=214 35 194 29 , id of predecessor=211 42 117 238 
2025-02-07 04:00:22 FATAL 214 35 194 29 :379  - The rare situation has occured at time 1738918822384, id to look up=88 240 116 73 , id of local node=214 35 194 29 , id of predecessor=211 42 117 238 
2025-02-07 04:00:22 FATAL 214 35 194 29 :379  - The rare situation has occured at time 1738918822830, id to look up=188 248 20 171 , id of local node=214 35 194 29 , id of predecessor=211 42 117 238 
2025-02-07 04:00:23 FATAL 214 35 194 29 :379  - The rare situation has occured at time 1738918823030, id to look up=207 162 237 42 , id of local node=214 35 194 29 , id of predecessor=211 42 117 238 
2025-02-07 04:00:23 FATAL 214 35 194 29 :379  - The rare situation has occured at time 1738918823451, id to look up=172 241 255 252 , id of local node=214 35 194 29 , id of predecessor=211 42 117 238 
2025-02-07 04:00:24 FATAL 214 35 194 29 :379  - The rare situation has occured at time 1738918824416, id to look up=117 42 231 189 , id of local node=214 35 194 29 , id of predecessor=211 42 117 238 
2025-02-07 04:00:24 FATAL 214 35 194 29 :379  - The rare situation has occured at time 1738918824547, id to look up=77 234 29 174 , id of local node=214 35 194 29 , id of predecessor=211 42 117 238 
2025-02-07 04:00:25 FATAL 214 35 194 29 :379  - The rare situation has occured at time 1738918825182, id to look up=200 55 48 122 , id of local node=214 35 194 29 , id of predecessor=211 42 117 238 
2025-02-07 04:00:25 FATAL 214 35 194 29 :379  - The rare situation has occured at time 1738918825580, id to look up=159 154 240 41 , id of local node=214 35 194 29 , id of predecessor=211 42 117 238 
2025-02-07 04:00:26 FATAL 214 35 194 29 :379  - The rare situation has occured at time 1738918826072, id to look up=161 101 251 214 , id of local node=214 35 194 29 , id of predecessor=211 42 117 238 
2025-02-07 04:00:26 FATAL 214 35 194 29 :379  - The rare situation has occured at time 1738918826764, id to look up=74 250 143 158 , id of local node=214 35 194 29 , id of predecessor=211 42 117 238 
2025-02-07 04:00:27 FATAL 214 35 194 29 :379  - The rare situation has occured at time 1738918827023, id to look up=186 171 52 1 , id of local node=214 35 194 29 , id of predecessor=211 42 117 238 
2025-02-07 04:00:27 FATAL 214 35 194 29 :379  - The rare situation has occured at time 1738918827370, id to look up=172 253 209 142 , id of local node=214 35 194 29 , id of predecessor=211 42 117 238 
2025-02-07 04:00:28 FATAL 214 35 194 29 :379  - The rare situation has occured at time 1738918828190, id to look up=154 21 244 45 , id of local node=214 35 194 29 , id of predecessor=211 42 117 238 
2025-02-07 04:00:28 FATAL 214 35 194 29 :379  - The rare situation has occured at time 1738918828653, id to look up=192 186 23 194 , id of local node=214 35 194 29 , id of predecessor=211 42 117 238 
2025-02-07 04:00:29 FATAL 214 35 194 29 :379  - The rare situation has occured at time 1738918829080, id to look up=154 112 119 108 , id of local node=214 35 194 29 , id of predecessor=211 42 117 238 
2025-02-07 04:00:29 FATAL 214 35 194 29 :379  - The rare situation has occured at time 1738918829673, id to look up=175 6 49 140 , id of local node=214 35 194 29 , id of predecessor=211 42 117 238 
2025-02-07 04:00:30 FATAL 214 35 194 29 :379  - The rare situation has occured at time 1738918830040, id to look up=188 21 199 116 , id of local node=214 35 194 29 , id of predecessor=211 42 117 238 
2025-02-07 04:00:30 FATAL 214 35 194 29 :379  - The rare situation has occured at time 1738918830471, id to look up=207 226 28 104 , id of local node=214 35 194 29 , id of predecessor=211 42 117 238 
2025-02-07 04:00:30 FATAL 214 35 194 29 :379  - The rare situation has occured at time 1738918830620, id to look up=193 163 139 138 , id of local node=214 35 194 29 , id of predecessor=211 42 117 238 
2025-02-07 04:00:30 FATAL 214 35 194 29 :379  - The rare situation has occured at time 1738918830872, id to look up=202 208 111 60 , id of local node=214 35 194 29 , id of predecessor=211 42 117 238 
2025-02-07 04:00:31 FATAL 214 35 194 29 :379  - The rare situation has occured at time 1738918831137, id to look up=76 130 5 218 , id of local node=214 35 194 29 , id of predecessor=211 42 117 238 
2025-02-07 04:00:31 FATAL 214 35 194 29 :379  - The rare situation has occured at time 1738918831796, id to look up=79 15 92 150 , id of local node=214 35 194 29 , id of predecessor=211 42 117 238 
2025-02-07 04:00:31 FATAL 214 35 194 29 :379  - The rare situation has occured at time 1738918831938, id to look up=82 253 185 246 , id of local node=214 35 194 29 , id of predecessor=211 42 117 238 
2025-02-07 04:00:32 FATAL 214 35 194 29 :379  - The rare situation has occured at time 1738918832576, id to look up=88 65 48 224 , id of local node=214 35 194 29 , id of predecessor=211 42 117 238 
2025-02-07 04:00:32 FATAL 214 35 194 29 :379  - The rare situation has occured at time 1738918832702, id to look up=202 233 30 69 , id of local node=214 35 194 29 , id of predecessor=211 42 117 238 
2025-02-07 04:00:33 FATAL 214 35 194 29 :379  - The rare situation has occured at time 1738918833050, id to look up=159 253 26 225 , id of local node=214 35 194 29 , id of predecessor=211 42 117 238 
2025-02-07 04:00:33 FATAL 214 35 194 29 :379  - The rare situation has occured at time 1738918833418, id to look up=74 247 249 237 , id of local node=214 35 194 29 , id of predecessor=211 42 117 238 
2025-02-07 04:00:34 FATAL 214 35 194 29 :379  - The rare situation has occured at time 1738918834212, id to look up=180 239 125 241 , id of local node=214 35 194 29 , id of predecessor=211 42 117 238 
2025-02-07 04:00:34 FATAL 214 35 194 29 :379  - The rare situation has occured at time 1738918834570, id to look up=202 55 153 184 , id of local node=214 35 194 29 , id of predecessor=211 42 117 238 
2025-02-07 04:00:34 FATAL 214 35 194 29 :379  - The rare situation has occured at time 1738918834932, id to look up=186 48 253 151 , id of local node=214 35 194 29 , id of predecessor=211 42 117 238 
2025-02-07 04:00:35 FATAL 214 35 194 29 :379  - The rare situation has occured at time 1738918835290, id to look up=152 252 195 120 , id of local node=214 35 194 29 , id of predecessor=211 42 117 238 
2025-02-07 04:00:35 FATAL 214 35 194 29 :379  - The rare situation has occured at time 1738918835492, id to look up=76 21 220 33 , id of local node=214 35 194 29 , id of predecessor=211 42 117 238 
2025-02-07 04:00:35 FATAL 214 35 194 29 :379  - The rare situation has occured at time 1738918835763, id to look up=201 241 60 22 , id of local node=214 35 194 29 , id of predecessor=211 42 117 238 
2025-02-07 04:00:36 FATAL 214 35 194 29 :379  - The rare situation has occured at time 1738918836330, id to look up=196 57 198 11 , id of local node=214 35 194 29 , id of predecessor=211 42 117 238 
2025-02-07 04:00:36 FATAL 214 35 194 29 :379  - The rare situation has occured at time 1738918836603, id to look up=152 47 216 183 , id of local node=214 35 194 29 , id of predecessor=211 42 117 238 
2025-02-07 04:00:37 FATAL 214 35 194 29 :379  - The rare situation has occured at time 1738918837286, id to look up=104 42 3 244 , id of local node=214 35 194 29 , id of predecessor=211 42 117 238 
2025-02-07 04:00:37 FATAL 214 35 194 29 :379  - The rare situation has occured at time 1738918837929, id to look up=154 97 184 110 , id of local node=214 35 194 29 , id of predecessor=211 42 117 238 
2025-02-07 04:00:38 FATAL 214 35 194 29 :379  - The rare situation has occured at time 1738918838554, id to look up=115 59 87 174 , id of local node=214 35 194 29 , id of predecessor=211 42 117 238 
2025-02-07 04:00:39 FATAL 214 35 194 29 :379  - The rare situation has occured at time 1738918839300, id to look up=109 54 52 121 , id of local node=214 35 194 29 , id of predecessor=211 42 117 238 
2025-02-07 04:00:39 FATAL 214 35 194 29 :379  - The rare situation has occured at time 1738918839521, id to look up=104 181 25 63 , id of local node=214 35 194 29 , id of predecessor=211 42 117 238 
2025-02-07 04:00:39 FATAL 214 35 194 29 :379  - The rare situation has occured at time 1738918839782, id to look up=186 97 61 31 , id of local node=214 35 194 29 , id of predecessor=211 42 117 238 
2025-02-07 04:00:40 FATAL 214 35 194 29 :379  - The rare situation has occured at time 1738918840820, id to look up=183 7 6 253 , id of local node=214 35 194 29 , id of predecessor=211 42 117 238 
2025-02-07 04:00:41 FATAL 214 35 194 29 :379  - The rare situation has occured at time 1738918841325, id to look up=107 15 77 153 , id of local node=214 35 194 29 , id of predecessor=211 42 117 238 
2025-02-07 04:00:41 FATAL 214 35 194 29 :379  - The rare situation has occured at time 1738918841493, id to look up=157 50 55 23 , id of local node=214 35 194 29 , id of predecessor=211 42 117 238 
2025-02-07 04:00:42 FATAL 214 35 194 29 :379  - The rare situation has occured at time 1738918842160, id to look up=160 43 133 127 , id of local node=214 35 194 29 , id of predecessor=211 42 117 238 
2025-02-07 04:00:42 FATAL 214 35 194 29 :379  - The rare situation has occured at time 1738918842613, id to look up=204 140 209 206 , id of local node=214 35 194 29 , id of predecessor=211 42 117 238 
2025-02-07 04:00:43 FATAL 214 35 194 29 :379  - The rare situation has occured at time 1738918843140, id to look up=75 46 57 40 , id of local node=214 35 194 29 , id of predecessor=211 42 117 238 
2025-02-07 04:00:43 FATAL 214 35 194 29 :379  - The rare situation has occured at time 1738918843740, id to look up=120 125 65 217 , id of local node=214 35 194 29 , id of predecessor=211 42 117 238 
2025-02-07 04:00:44 FATAL 214 35 194 29 :379  - The rare situation has occured at time 1738918844010, id to look up=187 203 177 232 , id of local node=214 35 194 29 , id of predecessor=211 42 117 238 
2025-02-07 04:00:44 FATAL 214 35 194 29 :379  - The rare situation has occured at time 1738918844397, id to look up=121 129 110 203 , id of local node=214 35 194 29 , id of predecessor=211 42 117 238 
2025-02-07 04:00:44 FATAL 214 35 194 29 :379  - The rare situation has occured at time 1738918844872, id to look up=154 61 97 39 , id of local node=214 35 194 29 , id of predecessor=211 42 117 238 
2025-02-07 04:00:45 FATAL 214 35 194 29 :379  - The rare situation has occured at time 1738918845140, id to look up=114 193 151 91 , id of local node=214 35 194 29 , id of predecessor=211 42 117 238 
2025-02-07 04:00:45 FATAL 214 35 194 29 :379  - The rare situation has occured at time 1738918845722, id to look up=174 95 250 101 , id of local node=214 35 194 29 , id of predecessor=211 42 117 238 
2025-02-07 04:00:46 FATAL 214 35 194 29 :379  - The rare situation has occured at time 1738918846280, id to look up=175 83 212 170 , id of local node=214 35 194 29 , id of predecessor=211 42 117 238 
2025-02-07 04:00:46 FATAL 214 35 194 29 :379  - The rare situation has occured at time 1738918846692, id to look up=169 60 22 131 , id of local node=214 35 194 29 , id of predecessor=211 42 117 238 
2025-02-07 04:00:46 FATAL 214 35 194 29 :379  - The rare situation has occured at time 1738918846802, id to look up=151 179 28 148 , id of local node=214 35 194 29 , id of predecessor=211 42 117 238 
2025-02-07 04:00:47 FATAL 214 35 194 29 :379  - The rare situation has occured at time 1738918847005, id to look up=110 33 252 230 , id of local node=214 35 194 29 , id of predecessor=211 42 117 238 
2025-02-07 04:00:47 FATAL 214 35 194 29 :379  - The rare situation has occured at time 1738918847741, id to look up=168 76 154 160 , id of local node=214 35 194 29 , id of predecessor=211 42 117 238 
2025-02-07 04:00:48 FATAL 214 35 194 29 :379  - The rare situation has occured at time 1738918848300, id to look up=203 77 213 39 , id of local node=214 35 194 29 , id of predecessor=211 42 117 238 
2025-02-07 04:00:48 FATAL 214 35 194 29 :379  - The rare situation has occured at time 1738918848917, id to look up=85 71 246 49 , id of local node=214 35 194 29 , id of predecessor=211 42 117 238 
2025-02-07 04:00:49 FATAL 214 35 194 29 :379  - The rare situation has occured at time 1738918849432, id to look up=166 9 187 138 , id of local node=214 35 194 29 , id of predecessor=211 42 117 238 
2025-02-07 04:00:49 FATAL 214 35 194 29 :379  - The rare situation has occured at time 1738918849810, id to look up=194 128 151 173 , id of local node=214 35 194 29 , id of predecessor=211 42 117 238 
2025-02-07 04:00:50 FATAL 214 35 194 29 :379  - The rare situation has occured at time 1738918850513, id to look up=156 136 45 92 , id of local node=214 35 194 29 , id of predecessor=211 42 117 238 
2025-02-07 04:00:51 FATAL 214 35 194 29 :379  - The rare situation has occured at time 1738918851352, id to look up=108 65 16 31 , id of local node=214 35 194 29 , id of predecessor=211 42 117 238 
2025-02-07 04:00:51 FATAL 214 35 194 29 :379  - The rare situation has occured at time 1738918851723, id to look up=196 21 80 93 , id of local node=214 35 194 29 , id of predecessor=211 42 117 238 
2025-02-07 04:00:51 FATAL 214 35 194 29 :379  - The rare situation has occured at time 1738918851847, id to look up=207 209 121 150 , id of local node=214 35 194 29 , id of predecessor=211 42 117 238 
2025-02-07 04:00:52 FATAL 214 35 194 29 :379  - The rare situation has occured at time 1738918852818, id to look up=210 0 22 84 , id of local node=214 35 194 29 , id of predecessor=211 42 117 238 
2025-02-07 04:00:53 FATAL 214 35 194 29 :379  - The rare situation has occured at time 1738918853218, id to look up=171 247 73 5 , id of local node=214 35 194 29 , id of predecessor=211 42 117 238 
2025-02-07 04:00:53 FATAL 214 35 194 29 :379  - The rare situation has occured at time 1738918853519, id to look up=161 119 61 98 , id of local node=214 35 194 29 , id of predecessor=211 42 117 238 
2025-02-07 04:00:53 FATAL 214 35 194 29 :379  - The rare situation has occured at time 1738918853729, id to look up=182 231 162 44 , id of local node=214 35 194 29 , id of predecessor=211 42 117 238 
2025-02-07 04:00:54 FATAL 214 35 194 29 :379  - The rare situation has occured at time 1738918854496, id to look up=86 228 58 228 , id of local node=214 35 194 29 , id of predecessor=211 42 117 238 
2025-02-07 04:00:55 FATAL 214 35 194 29 :379  - The rare situation has occured at time 1738918855289, id to look up=160 208 67 120 , id of local node=214 35 194 29 , id of predecessor=211 42 117 238 
2025-02-07 04:00:55 FATAL 214 35 194 29 :379  - The rare situation has occured at time 1738918855606, id to look up=176 1 104 88 , id of local node=214 35 194 29 , id of predecessor=211 42 117 238 
2025-02-07 04:00:56 FATAL 214 35 194 29 :379  - The rare situation has occured at time 1738918856009, id to look up=154 170 11 82 , id of local node=214 35 194 29 , id of predecessor=211 42 117 238 
2025-02-07 04:00:56 FATAL 214 35 194 29 :379  - The rare situation has occured at time 1738918856320, id to look up=151 112 90 149 , id of local node=214 35 194 29 , id of predecessor=211 42 117 238 
2025-02-07 04:00:56 FATAL 214 35 194 29 :379  - The rare situation has occured at time 1738918856594, id to look up=109 147 242 160 , id of local node=214 35 194 29 , id of predecessor=211 42 117 238 
2025-02-07 04:00:56 FATAL 214 35 194 29 :379  - The rare situation has occured at time 1738918856709, id to look up=165 19 50 72 , id of local node=214 35 194 29 , id of predecessor=211 42 117 238 
2025-02-07 04:00:56 FATAL 214 35 194 29 :379  - The rare situation has occured at time 1738918856966, id to look up=74 14 136 207 , id of local node=214 35 194 29 , id of predecessor=211 42 117 238 
2025-02-07 04:00:57 FATAL 214 35 194 29 :379  - The rare situation has occured at time 1738918857849, id to look up=182 226 239 216 , id of local node=214 35 194 29 , id of predecessor=211 42 117 238 
2025-02-07 04:00:58 FATAL 214 35 194 29 :379  - The rare situation has occured at time 1738918858176, id to look up=190 77 151 158 , id of local node=214 35 194 29 , id of predecessor=211 42 117 238 
2025-02-07 04:00:58 FATAL 214 35 194 29 :379  - The rare situation has occured at time 1738918858650, id to look up=200 41 235 150 , id of local node=214 35 194 29 , id of predecessor=211 42 117 238 
2025-02-07 04:00:59 FATAL 214 35 194 29 :379  - The rare situation has occured at time 1738918859026, id to look up=195 7 73 207 , id of local node=214 35 194 29 , id of predecessor=211 42 117 238 
2025-02-07 04:00:59 FATAL 214 35 194 29 :379  - The rare situation has occured at time 1738918859458, id to look up=208 34 111 158 , id of local node=214 35 194 29 , id of predecessor=211 42 117 238 
2025-02-07 04:00:59 FATAL 214 35 194 29 :379  - The rare situation has occured at time 1738918859756, id to look up=183 65 242 82 , id of local node=214 35 194 29 , id of predecessor=211 42 117 238 
2025-02-07 04:01:00 FATAL 214 35 194 29 :379  - The rare situation has occured at time 1738918860998, id to look up=76 98 156 76 , id of local node=214 35 194 29 , id of predecessor=211 42 117 238 
2025-02-07 04:01:01 FATAL 214 35 194 29 :379  - The rare situation has occured at time 1738918861308, id to look up=176 198 137 36 , id of local node=214 35 194 29 , id of predecessor=211 42 117 238 
2025-02-07 04:01:01 FATAL 214 35 194 29 :379  - The rare situation has occured at time 1738918861626, id to look up=188 98 48 91 , id of local node=214 35 194 29 , id of predecessor=211 42 117 238 
2025-02-07 04:01:02 FATAL 214 35 194 29 :379  - The rare situation has occured at time 1738918862409, id to look up=158 212 242 159 , id of local node=214 35 194 29 , id of predecessor=211 42 117 238 
2025-02-07 04:01:02 FATAL 214 35 194 29 :379  - The rare situation has occured at time 1738918862509, id to look up=171 127 123 149 , id of local node=214 35 194 29 , id of predecessor=211 42 117 238 
2025-02-07 04:01:03 FATAL 214 35 194 29 :379  - The rare situation has occured at time 1738918863010, id to look up=195 90 159 197 , id of local node=214 35 194 29 , id of predecessor=211 42 117 238 
2025-02-07 04:01:03 FATAL 214 35 194 29 :379  - The rare situation has occured at time 1738918863417, id to look up=178 2 151 124 , id of local node=214 35 194 29 , id of predecessor=211 42 117 238 
2025-02-07 04:01:03 FATAL 214 35 194 29 :379  - The rare situation has occured at time 1738918863859, id to look up=190 186 77 93 , id of local node=214 35 194 29 , id of predecessor=211 42 117 238 
2025-02-07 04:01:04 FATAL 214 35 194 29 :379  - The rare situation has occured at time 1738918864673, id to look up=110 155 153 56 , id of local node=214 35 194 29 , id of predecessor=211 42 117 238 
2025-02-07 04:01:04 FATAL 214 35 194 29 :379  - The rare situation has occured at time 1738918864894, id to look up=87 21 170 2 , id of local node=214 35 194 29 , id of predecessor=211 42 117 238 
2025-02-07 04:01:05 FATAL 214 35 194 29 :379  - The rare situation has occured at time 1738918865761, id to look up=77 199 120 41 , id of local node=214 35 194 29 , id of predecessor=211 42 117 238 
2025-02-07 04:01:05 FATAL 214 35 194 29 :379  - The rare situation has occured at time 1738918865879, id to look up=147 172 25 70 , id of local node=214 35 194 29 , id of predecessor=211 42 117 238 
2025-02-07 04:01:06 FATAL 214 35 194 29 :379  - The rare situation has occured at time 1738918866396, id to look up=122 149 86 52 , id of local node=214 35 194 29 , id of predecessor=211 42 117 238 
2025-02-07 04:01:07 FATAL 214 35 194 29 :379  - The rare situation has occured at time 1738918867238, id to look up=167 133 189 191 , id of local node=214 35 194 29 , id of predecessor=211 42 117 238 
2025-02-07 04:01:07 FATAL 214 35 194 29 :379  - The rare situation has occured at time 1738918867497, id to look up=119 135 54 116 , id of local node=214 35 194 29 , id of predecessor=211 42 117 238 
2025-02-07 04:01:08 FATAL 214 35 194 29 :379  - The rare situation has occured at time 1738918868124, id to look up=122 105 134 153 , id of local node=214 35 194 29 , id of predecessor=211 42 117 238 
2025-02-07 04:01:08 FATAL 214 35 194 29 :379  - The rare situation has occured at time 1738918868503, id to look up=117 152 143 90 , id of local node=214 35 194 29 , id of predecessor=211 42 117 238 
2025-02-07 04:01:08 FATAL 214 35 194 29 :379  - The rare situation has occured at time 1738918868784, id to look up=108 10 199 108 , id of local node=214 35 194 29 , id of predecessor=211 42 117 238 
2025-02-07 04:01:08 FATAL 214 35 194 29 :379  - The rare situation has occured at time 1738918868949, id to look up=162 9 47 99 , id of local node=214 35 194 29 , id of predecessor=211 42 117 238 
2025-02-07 04:01:09 FATAL 214 35 194 29 :379  - The rare situation has occured at time 1738918869467, id to look up=120 78 240 5 , id of local node=214 35 194 29 , id of predecessor=211 42 117 238 
2025-02-07 04:01:09 FATAL 214 35 194 29 :379  - The rare situation has occured at time 1738918869933, id to look up=108 76 4 190 , id of local node=214 35 194 29 , id of predecessor=211 42 117 238 
2025-02-07 04:01:10 FATAL 214 35 194 29 :379  - The rare situation has occured at time 1738918870119, id to look up=191 158 153 152 , id of local node=214 35 194 29 , id of predecessor=211 42 117 238 
2025-02-07 04:01:10 FATAL 214 35 194 29 :379  - The rare situation has occured at time 1738918870586, id to look up=109 14 16 80 , id of local node=214 35 194 29 , id of predecessor=211 42 117 238 
2025-02-07 04:01:11 FATAL 214 35 194 29 :379  - The rare situation has occured at time 1738918871297, id to look up=172 62 123 0 , id of local node=214 35 194 29 , id of predecessor=211 42 117 238 
2025-02-07 04:01:11 FATAL 214 35 194 29 :379  - The rare situation has occured at time 1738918871456, id to look up=154 62 97 182 , id of local node=214 35 194 29 , id of predecessor=211 42 117 238 
2025-02-07 04:01:11 FATAL 214 35 194 29 :379  - The rare situation has occured at time 1738918871809, id to look up=172 156 149 119 , id of local node=214 35 194 29 , id of predecessor=211 42 117 238 
2025-02-07 04:01:12 FATAL 214 35 194 29 :379  - The rare situation has occured at time 1738918872497, id to look up=157 70 80 212 , id of local node=214 35 194 29 , id of predecessor=211 42 117 238 
2025-02-07 04:01:12 FATAL 214 35 194 29 :379  - The rare situation has occured at time 1738918872865, id to look up=74 194 187 255 , id of local node=214 35 194 29 , id of predecessor=211 42 117 238 
2025-02-07 04:01:13 FATAL 214 35 194 29 :379  - The rare situation has occured at time 1738918873179, id to look up=176 43 112 129 , id of local node=214 35 194 29 , id of predecessor=211 42 117 238 
2025-02-07 04:01:13 FATAL 214 35 194 29 :379  - The rare situation has occured at time 1738918873466, id to look up=81 234 198 180 , id of local node=214 35 194 29 , id of predecessor=211 42 117 238 
2025-02-07 04:01:14 FATAL 214 35 194 29 :379  - The rare situation has occured at time 1738918874256, id to look up=191 13 128 177 , id of local node=214 35 194 29 , id of predecessor=211 42 117 238 
2025-02-07 04:01:14 FATAL 214 35 194 29 :379  - The rare situation has occured at time 1738918874467, id to look up=102 143 55 216 , id of local node=214 35 194 29 , id of predecessor=211 42 117 238 
2025-02-07 04:01:15 FATAL 214 35 194 29 :379  - The rare situation has occured at time 1738918875053, id to look up=111 148 110 38 , id of local node=214 35 194 29 , id of predecessor=211 42 117 238 
2025-02-07 04:01:15 FATAL 214 35 194 29 :379  - The rare situation has occured at time 1738918875667, id to look up=207 47 50 141 , id of local node=214 35 194 29 , id of predecessor=211 42 117 238 
2025-02-07 04:01:16 FATAL 214 35 194 29 :379  - The rare situation has occured at time 1738918876857, id to look up=110 117 210 58 , id of local node=214 35 194 29 , id of predecessor=211 42 117 238 
2025-02-07 04:01:17 FATAL 214 35 194 29 :379  - The rare situation has occured at time 1738918877657, id to look up=208 81 191 29 , id of local node=214 35 194 29 , id of predecessor=211 42 117 238 
2025-02-07 04:01:17 FATAL 214 35 194 29 :379  - The rare situation has occured at time 1738918877876, id to look up=158 224 223 124 , id of local node=214 35 194 29 , id of predecessor=211 42 117 238 
2025-02-07 04:01:18 FATAL 214 35 194 29 :379  - The rare situation has occured at time 1738918878353, id to look up=108 199 29 145 , id of local node=214 35 194 29 , id of predecessor=211 42 117 238 
2025-02-07 04:01:19 FATAL 214 35 194 29 :379  - The rare situation has occured at time 1738918879499, id to look up=119 214 122 177 , id of local node=214 35 194 29 , id of predecessor=211 42 117 238 
2025-02-07 04:01:19 FATAL 214 35 194 29 :379  - The rare situation has occured at time 1738918879609, id to look up=197 111 92 182 , id of local node=214 35 194 29 , id of predecessor=211 42 117 238 
2025-02-07 04:01:20 FATAL 214 35 194 29 :379  - The rare situation has occured at time 1738918880016, id to look up=147 224 151 227 , id of local node=214 35 194 29 , id of predecessor=211 42 117 238 
2025-02-07 04:01:20 FATAL 214 35 194 29 :379  - The rare situation has occured at time 1738918880487, id to look up=208 73 196 78 , id of local node=214 35 194 29 , id of predecessor=211 42 117 238 
2025-02-07 04:01:21 FATAL 214 35 194 29 :379  - The rare situation has occured at time 1738918881106, id to look up=113 16 224 211 , id of local node=214 35 194 29 , id of predecessor=211 42 117 238 
2025-02-07 04:01:22 FATAL 214 35 194 29 :379  - The rare situation has occured at time 1738918882287, id to look up=109 93 176 232 , id of local node=214 35 194 29 , id of predecessor=211 42 117 238 
2025-02-07 04:01:22 FATAL 214 35 194 29 :379  - The rare situation has occured at time 1738918882498, id to look up=183 245 17 63 , id of local node=214 35 194 29 , id of predecessor=211 42 117 238 
