2025-02-07 03:49:49 WARN  OpenChordTest:205  - Peer joined at ocsocket://localhost:8082/ via ocsocket://localhost:8080/
2025-02-07 03:49:49 WARN  OpenChordTest:58  - Insert time for key 2 = 56 ms
2025-02-07 03:49:49 WARN  OpenChordTest:60  - Inserted (2, default)
2025-02-07 03:49:49 WARN  OpenChordTest:64  - Memory usage at ocsocket://localhost:8082/ = 12 MB
2025-02-07 03:52:26 FATAL 100 32 172 14 :379  - The rare situation has occured at time 1738918346151, id to look up=77 19 75 192 , id of local node=100 32 172 14 , id of predecessor=91 87 100 239 
2025-02-07 03:53:43 FATAL 100 32 172 14 :379  - The rare situation has occured at time 1738918423221, id to look up=77 19 75 192 , id of local node=100 32 172 14 , id of predecessor=91 87 100 239 
2025-02-07 03:53:45 FATAL 100 32 172 14 :379  - The rare situation has occured at time 1738918425721, id to look up=91 56 76 227 , id of local node=100 32 172 14 , id of predecessor=91 87 100 239 
2025-02-07 03:53:50 FATAL 100 32 172 14 :379  - The rare situation has occured at time 1738918430272, id to look up=84 206 185 18 , id of local node=100 32 172 14 , id of predecessor=91 87 100 239 
2025-02-07 03:53:52 FATAL 100 32 172 14 :379  - The rare situation has occured at time 1738918432281, id to look up=81 26 65 142 , id of local node=100 32 172 14 , id of predecessor=91 87 100 239 
2025-02-07 03:54:56 FATAL 100 32 172 14 :379  - The rare situation has occured at time 1738918496523, id to look up=77 19 75 192 , id of local node=100 32 172 14 , id of predecessor=91 87 100 239 
2025-02-07 03:54:59 FATAL 100 32 172 14 :379  - The rare situation has occured at time 1738918499131, id to look up=91 56 76 227 , id of local node=100 32 172 14 , id of predecessor=91 87 100 239 
2025-02-07 03:55:03 FATAL 100 32 172 14 :379  - The rare situation has occured at time 1738918503137, id to look up=84 206 185 18 , id of local node=100 32 172 14 , id of predecessor=91 87 100 239 
2025-02-07 03:55:05 FATAL 100 32 172 14 :379  - The rare situation has occured at time 1738918505177, id to look up=81 26 65 142 , id of local node=100 32 172 14 , id of predecessor=91 87 100 239 
2025-02-07 03:55:06 FATAL 100 32 172 14 :379  - The rare situation has occured at time 1738918506300, id to look up=89 18 154 172 , id of local node=100 32 172 14 , id of predecessor=91 87 100 239 
2025-02-07 03:55:06 FATAL 100 32 172 14 :379  - The rare situation has occured at time 1738918506432, id to look up=77 137 210 148 , id of local node=100 32 172 14 , id of predecessor=91 87 100 239 
2025-02-07 03:55:11 FATAL 100 32 172 14 :379  - The rare situation has occured at time 1738918511087, id to look up=76 214 109 250 , id of local node=100 32 172 14 , id of predecessor=91 87 100 239 
2025-02-07 03:55:14 FATAL 100 32 172 14 :379  - The rare situation has occured at time 1738918514407, id to look up=82 78 5 220 , id of local node=100 32 172 14 , id of predecessor=91 87 100 239 
2025-02-07 03:56:26 FATAL 100 32 172 14 :379  - The rare situation has occured at time 1738918586874, id to look up=77 19 75 192 , id of local node=100 32 172 14 , id of predecessor=91 87 100 239 
2025-02-07 03:56:29 FATAL 100 32 172 14 :379  - The rare situation has occured at time 1738918589461, id to look up=91 56 76 227 , id of local node=100 32 172 14 , id of predecessor=91 87 100 239 
2025-02-07 03:56:34 FATAL 100 32 172 14 :379  - The rare situation has occured at time 1738918594070, id to look up=84 206 185 18 , id of local node=100 32 172 14 , id of predecessor=91 87 100 239 
2025-02-07 03:56:36 FATAL 100 32 172 14 :379  - The rare situation has occured at time 1738918596130, id to look up=81 26 65 142 , id of local node=100 32 172 14 , id of predecessor=91 87 100 239 
2025-02-07 03:56:37 FATAL 100 32 172 14 :379  - The rare situation has occured at time 1738918597233, id to look up=89 18 154 172 , id of local node=100 32 172 14 , id of predecessor=91 87 100 239 
2025-02-07 03:56:37 FATAL 100 32 172 14 :379  - The rare situation has occured at time 1738918597365, id to look up=77 137 210 148 , id of local node=100 32 172 14 , id of predecessor=91 87 100 239 
2025-02-07 03:56:41 FATAL 100 32 172 14 :379  - The rare situation has occured at time 1738918601452, id to look up=76 214 109 250 , id of local node=100 32 172 14 , id of predecessor=91 87 100 239 
2025-02-07 03:56:44 FATAL 100 32 172 14 :379  - The rare situation has occured at time 1738918604762, id to look up=82 78 5 220 , id of local node=100 32 172 14 , id of predecessor=91 87 100 239 
2025-02-07 03:56:51 FATAL 100 32 172 14 :379  - The rare situation has occured at time 1738918611102, id to look up=86 173 77 77 , id of local node=100 32 172 14 , id of predecessor=91 87 100 239 
2025-02-07 03:56:52 FATAL 100 32 172 14 :379  - The rare situation has occured at time 1738918612772, id to look up=80 51 107 198 , id of local node=100 32 172 14 , id of predecessor=91 87 100 239 
2025-02-07 03:56:53 FATAL 100 32 172 14 :379  - The rare situation has occured at time 1738918613687, id to look up=83 111 182 147 , id of local node=100 32 172 14 , id of predecessor=91 87 100 239 
2025-02-07 03:56:58 FATAL 100 32 172 14 :379  - The rare situation has occured at time 1738918618942, id to look up=87 46 32 115 , id of local node=100 32 172 14 , id of predecessor=91 87 100 239 
2025-02-07 03:57:00 FATAL 100 32 172 14 :379  - The rare situation has occured at time 1738918620565, id to look up=88 240 116 73 , id of local node=100 32 172 14 , id of predecessor=91 87 100 239 
2025-02-07 03:57:02 FATAL 100 32 172 14 :379  - The rare situation has occured at time 1738918622962, id to look up=77 234 29 174 , id of local node=100 32 172 14 , id of predecessor=91 87 100 239 
2025-02-07 03:57:04 FATAL 100 32 172 14 :379  - The rare situation has occured at time 1738918624784, id to look up=74 250 143 158 , id of local node=100 32 172 14 , id of predecessor=91 87 100 239 
2025-02-07 03:57:09 FATAL 100 32 172 14 :379  - The rare situation has occured at time 1738918629284, id to look up=76 130 5 218 , id of local node=100 32 172 14 , id of predecessor=91 87 100 239 
2025-02-07 03:57:09 FATAL 100 32 172 14 :379  - The rare situation has occured at time 1738918629713, id to look up=79 15 92 150 , id of local node=100 32 172 14 , id of predecessor=91 87 100 239 
2025-02-07 03:57:09 FATAL 100 32 172 14 :379  - The rare situation has occured at time 1738918629836, id to look up=82 253 185 246 , id of local node=100 32 172 14 , id of predecessor=91 87 100 239 
2025-02-07 03:57:09 FATAL 100 32 172 14 :379  - The rare situation has occured at time 1738918629906, id to look up=88 65 48 224 , id of local node=100 32 172 14 , id of predecessor=91 87 100 239 
2025-02-07 03:57:11 FATAL 100 32 172 14 :379  - The rare situation has occured at time 1738918631001, id to look up=74 247 249 237 , id of local node=100 32 172 14 , id of predecessor=91 87 100 239 
2025-02-07 03:57:12 FATAL 100 32 172 14 :379  - The rare situation has occured at time 1738918632982, id to look up=76 21 220 33 , id of local node=100 32 172 14 , id of predecessor=91 87 100 239 
2025-02-07 03:59:48 FATAL 100 32 172 14 :379  - The rare situation has occured at time 1738918788896, id to look up=77 19 75 192 , id of local node=100 32 172 14 , id of predecessor=91 87 100 239 
2025-02-07 03:59:51 FATAL 100 32 172 14 :379  - The rare situation has occured at time 1738918791446, id to look up=91 56 76 227 , id of local node=100 32 172 14 , id of predecessor=91 87 100 239 
2025-02-07 03:59:55 FATAL 100 32 172 14 :379  - The rare situation has occured at time 1738918795998, id to look up=84 206 185 18 , id of local node=100 32 172 14 , id of predecessor=91 87 100 239 
2025-02-07 03:59:58 FATAL 100 32 172 14 :379  - The rare situation has occured at time 1738918798026, id to look up=81 26 65 142 , id of local node=100 32 172 14 , id of predecessor=91 87 100 239 
2025-02-07 03:59:59 FATAL 100 32 172 14 :379  - The rare situation has occured at time 1738918799122, id to look up=89 18 154 172 , id of local node=100 32 172 14 , id of predecessor=91 87 100 239 
2025-02-07 03:59:59 FATAL 100 32 172 14 :379  - The rare situation has occured at time 1738918799242, id to look up=77 137 210 148 , id of local node=100 32 172 14 , id of predecessor=91 87 100 239 
2025-02-07 04:00:03 FATAL 100 32 172 14 :379  - The rare situation has occured at time 1738918803876, id to look up=76 214 109 250 , id of local node=100 32 172 14 , id of predecessor=91 87 100 239 
2025-02-07 04:00:07 FATAL 100 32 172 14 :379  - The rare situation has occured at time 1738918807286, id to look up=82 78 5 220 , id of local node=100 32 172 14 , id of predecessor=91 87 100 239 
2025-02-07 04:00:13 FATAL 100 32 172 14 :379  - The rare situation has occured at time 1738918813676, id to look up=86 173 77 77 , id of local node=100 32 172 14 , id of predecessor=91 87 100 239 
2025-02-07 04:00:15 FATAL 100 32 172 14 :379  - The rare situation has occured at time 1738918815416, id to look up=80 51 107 198 , id of local node=100 32 172 14 , id of predecessor=91 87 100 239 
2025-02-07 04:00:16 FATAL 100 32 172 14 :379  - The rare situation has occured at time 1738918816310, id to look up=83 111 182 147 , id of local node=100 32 172 14 , id of predecessor=91 87 100 239 
2025-02-07 04:00:20 FATAL 100 32 172 14 :379  - The rare situation has occured at time 1738918820930, id to look up=87 46 32 115 , id of local node=100 32 172 14 , id of predecessor=91 87 100 239 
2025-02-07 04:00:22 FATAL 100 32 172 14 :379  - The rare situation has occured at time 1738918822543, id to look up=88 240 116 73 , id of local node=100 32 172 14 , id of predecessor=91 87 100 239 
2025-02-07 04:00:24 FATAL 100 32 172 14 :379  - The rare situation has occured at time 1738918824960, id to look up=77 234 29 174 , id of local node=100 32 172 14 , id of predecessor=91 87 100 239 
2025-02-07 04:00:26 FATAL 100 32 172 14 :379  - The rare situation has occured at time 1738918826813, id to look up=74 250 143 158 , id of local node=100 32 172 14 , id of predecessor=91 87 100 239 
2025-02-07 04:00:31 FATAL 100 32 172 14 :379  - The rare situation has occured at time 1738918831344, id to look up=76 130 5 218 , id of local node=100 32 172 14 , id of predecessor=91 87 100 239 
2025-02-07 04:00:31 FATAL 100 32 172 14 :379  - The rare situation has occured at time 1738918831803, id to look up=79 15 92 150 , id of local node=100 32 172 14 , id of predecessor=91 87 100 239 
2025-02-07 04:00:31 FATAL 100 32 172 14 :379  - The rare situation has occured at time 1738918831945, id to look up=82 253 185 246 , id of local node=100 32 172 14 , id of predecessor=91 87 100 239 
2025-02-07 04:00:32 FATAL 100 32 172 14 :379  - The rare situation has occured at time 1738918832582, id to look up=88 65 48 224 , id of local node=100 32 172 14 , id of predecessor=91 87 100 239 
2025-02-07 04:00:33 FATAL 100 32 172 14 :379  - The rare situation has occured at time 1738918833664, id to look up=74 247 249 237 , id of local node=100 32 172 14 , id of predecessor=91 87 100 239 
2025-02-07 04:00:35 FATAL 100 32 172 14 :379  - The rare situation has occured at time 1738918835653, id to look up=76 21 220 33 , id of local node=100 32 172 14 , id of predecessor=91 87 100 239 
2025-02-07 04:00:43 FATAL 100 32 172 14 :379  - The rare situation has occured at time 1738918843461, id to look up=75 46 57 40 , id of local node=100 32 172 14 , id of predecessor=91 87 100 239 
2025-02-07 04:00:49 FATAL 100 32 172 14 :379  - The rare situation has occured at time 1738918849170, id to look up=85 71 246 49 , id of local node=100 32 172 14 , id of predecessor=91 87 100 239 
2025-02-07 04:00:55 FATAL 100 32 172 14 :379  - The rare situation has occured at time 1738918855108, id to look up=86 228 58 228 , id of local node=100 32 172 14 , id of predecessor=91 87 100 239 
2025-02-07 04:00:57 FATAL 100 32 172 14 :379  - The rare situation has occured at time 1738918857628, id to look up=74 14 136 207 , id of local node=100 32 172 14 , id of predecessor=91 87 100 239 
2025-02-07 04:01:01 FATAL 100 32 172 14 :379  - The rare situation has occured at time 1738918861052, id to look up=76 98 156 76 , id of local node=100 32 172 14 , id of predecessor=91 87 100 239 
2025-02-07 04:01:05 FATAL 100 32 172 14 :379  - The rare situation has occured at time 1738918865218, id to look up=87 21 170 2 , id of local node=100 32 172 14 , id of predecessor=91 87 100 239 
2025-02-07 04:01:05 FATAL 100 32 172 14 :379  - The rare situation has occured at time 1738918865767, id to look up=77 199 120 41 , id of local node=100 32 172 14 , id of predecessor=91 87 100 239 
2025-02-07 04:01:12 FATAL 100 32 172 14 :379  - The rare situation has occured at time 1738918872967, id to look up=74 194 187 255 , id of local node=100 32 172 14 , id of predecessor=91 87 100 239 
2025-02-07 04:01:13 FATAL 100 32 172 14 :379  - The rare situation has occured at time 1738918873781, id to look up=81 234 198 180 , id of local node=100 32 172 14 , id of predecessor=91 87 100 239 
