2025-02-07 03:50:00 WARN  OpenChordTest:205  - Peer joined at ocsocket://localhost:8087/ via ocsocket://localhost:8080/
2025-02-07 03:50:01 WARN  OpenChordTest:58  - Insert time for key 7 = 221 ms
2025-02-07 03:50:01 WARN  OpenChordTest:60  - Inserted (7, default)
2025-02-07 03:50:01 WARN  OpenChordTest:64  - Memory usage at ocsocket://localhost:8087/ = 20 MB
2025-02-07 03:52:22 FATAL 145 84 232 106 :379  - The rare situation has occured at time 1738918342319, id to look up=119 222 104 218 , id of local node=145 84 232 106 , id of predecessor=134 24 122 57 
2025-02-07 03:52:24 FATAL 145 84 232 106 :379  - The rare situation has occured at time 1738918344741, id to look up=123 82 0 155 , id of local node=145 84 232 106 , id of predecessor=134 24 122 57 
2025-02-07 03:52:26 FATAL 145 84 232 106 :379  - The rare situation has occured at time 1738918346044, id to look up=77 19 75 192 , id of local node=145 84 232 106 , id of predecessor=134 24 122 57 
2025-02-07 03:52:27 FATAL 145 84 232 106 :379  - The rare situation has occured at time 1738918347465, id to look up=119 25 161 199 , id of local node=145 84 232 106 , id of predecessor=134 24 122 57 
2025-02-07 03:53:39 FATAL 145 84 232 106 :379  - The rare situation has occured at time 1738918419094, id to look up=119 222 104 218 , id of local node=145 84 232 106 , id of predecessor=134 24 122 57 
2025-02-07 03:53:41 FATAL 145 84 232 106 :379  - The rare situation has occured at time 1738918421190, id to look up=123 82 0 155 , id of local node=145 84 232 106 , id of predecessor=134 24 122 57 
2025-02-07 03:53:43 FATAL 145 84 232 106 :379  - The rare situation has occured at time 1738918423163, id to look up=77 19 75 192 , id of local node=145 84 232 106 , id of predecessor=134 24 122 57 
2025-02-07 03:53:44 FATAL 145 84 232 106 :379  - The rare situation has occured at time 1738918424264, id to look up=119 25 161 199 , id of local node=145 84 232 106 , id of predecessor=134 24 122 57 
2025-02-07 03:53:46 FATAL 145 84 232 106 :379  - The rare situation has occured at time 1738918426841, id to look up=118 31 34 178 , id of local node=145 84 232 106 , id of predecessor=134 24 122 57 
2025-02-07 03:53:48 FATAL 145 84 232 106 :379  - The rare situation has occured at time 1738918428402, id to look up=100 224 149 254 , id of local node=145 84 232 106 , id of predecessor=134 24 122 57 
2025-02-07 03:53:50 FATAL 145 84 232 106 :379  - The rare situation has occured at time 1738918430224, id to look up=84 206 185 18 , id of local node=145 84 232 106 , id of predecessor=134 24 122 57 
2025-02-07 03:53:50 FATAL 145 84 232 106 :379  - The rare situation has occured at time 1738918430558, id to look up=102 123 229 67 , id of local node=145 84 232 106 , id of predecessor=134 24 122 57 
2025-02-07 03:53:52 FATAL 145 84 232 106 :379  - The rare situation has occured at time 1738918432041, id to look up=108 30 103 31 , id of local node=145 84 232 106 , id of predecessor=134 24 122 57 
2025-02-07 03:53:52 FATAL 145 84 232 106 :379  - The rare situation has occured at time 1738918432227, id to look up=81 26 65 142 , id of local node=145 84 232 106 , id of predecessor=134 24 122 57 
2025-02-07 03:54:52 FATAL 145 84 232 106 :379  - The rare situation has occured at time 1738918492599, id to look up=119 222 104 218 , id of local node=145 84 232 106 , id of predecessor=134 24 122 57 
2025-02-07 03:54:54 FATAL 145 84 232 106 :379  - The rare situation has occured at time 1738918494545, id to look up=123 82 0 155 , id of local node=145 84 232 106 , id of predecessor=134 24 122 57 
2025-02-07 03:54:56 FATAL 145 84 232 106 :379  - The rare situation has occured at time 1738918496463, id to look up=77 19 75 192 , id of local node=145 84 232 106 , id of predecessor=134 24 122 57 
2025-02-07 03:54:57 FATAL 145 84 232 106 :379  - The rare situation has occured at time 1738918497645, id to look up=119 25 161 199 , id of local node=145 84 232 106 , id of predecessor=134 24 122 57 
2025-02-07 03:55:00 FATAL 145 84 232 106 :379  - The rare situation has occured at time 1738918500251, id to look up=118 31 34 178 , id of local node=145 84 232 106 , id of predecessor=134 24 122 57 
2025-02-07 03:55:01 FATAL 145 84 232 106 :379  - The rare situation has occured at time 1738918501862, id to look up=100 224 149 254 , id of local node=145 84 232 106 , id of predecessor=134 24 122 57 
2025-02-07 03:55:03 FATAL 145 84 232 106 :379  - The rare situation has occured at time 1738918503089, id to look up=84 206 185 18 , id of local node=145 84 232 106 , id of predecessor=134 24 122 57 
2025-02-07 03:55:03 FATAL 145 84 232 106 :379  - The rare situation has occured at time 1738918503421, id to look up=102 123 229 67 , id of local node=145 84 232 106 , id of predecessor=134 24 122 57 
2025-02-07 03:55:04 FATAL 145 84 232 106 :379  - The rare situation has occured at time 1738918504956, id to look up=108 30 103 31 , id of local node=145 84 232 106 , id of predecessor=134 24 122 57 
2025-02-07 03:55:05 FATAL 145 84 232 106 :379  - The rare situation has occured at time 1738918505131, id to look up=81 26 65 142 , id of local node=145 84 232 106 , id of predecessor=134 24 122 57 
2025-02-07 03:55:06 FATAL 145 84 232 106 :379  - The rare situation has occured at time 1738918506298, id to look up=89 18 154 172 , id of local node=145 84 232 106 , id of predecessor=134 24 122 57 
2025-02-07 03:55:06 FATAL 145 84 232 106 :379  - The rare situation has occured at time 1738918506430, id to look up=77 137 210 148 , id of local node=145 84 232 106 , id of predecessor=134 24 122 57 
2025-02-07 03:55:09 FATAL 145 84 232 106 :379  - The rare situation has occured at time 1738918509309, id to look up=118 84 111 154 , id of local node=145 84 232 106 , id of predecessor=134 24 122 57 
2025-02-07 03:55:10 FATAL 145 84 232 106 :379  - The rare situation has occured at time 1738918510986, id to look up=76 214 109 250 , id of local node=145 84 232 106 , id of predecessor=134 24 122 57 
2025-02-07 03:55:11 FATAL 145 84 232 106 :379  - The rare situation has occured at time 1738918511757, id to look up=111 184 74 237 , id of local node=145 84 232 106 , id of predecessor=134 24 122 57 
2025-02-07 03:55:13 FATAL 145 84 232 106 :379  - The rare situation has occured at time 1738918513898, id to look up=120 168 239 203 , id of local node=145 84 232 106 , id of predecessor=134 24 122 57 
2025-02-07 03:55:14 FATAL 145 84 232 106 :379  - The rare situation has occured at time 1738918514226, id to look up=114 36 249 151 , id of local node=145 84 232 106 , id of predecessor=134 24 122 57 
2025-02-07 03:55:14 FATAL 145 84 232 106 :379  - The rare situation has occured at time 1738918514362, id to look up=82 78 5 220 , id of local node=145 84 232 106 , id of predecessor=134 24 122 57 
2025-02-07 03:55:15 FATAL 145 84 232 106 :379  - The rare situation has occured at time 1738918515918, id to look up=104 62 114 92 , id of local node=145 84 232 106 , id of predecessor=134 24 122 57 
2025-02-07 03:55:17 FATAL 145 84 232 106 :379  - The rare situation has occured at time 1738918517036, id to look up=119 91 197 195 , id of local node=145 84 232 106 , id of predecessor=134 24 122 57 
2025-02-07 03:56:22 FATAL 145 84 232 106 :379  - The rare situation has occured at time 1738918582638, id to look up=119 222 104 218 , id of local node=145 84 232 106 , id of predecessor=134 24 122 57 
2025-02-07 03:56:24 FATAL 145 84 232 106 :379  - The rare situation has occured at time 1738918584860, id to look up=123 82 0 155 , id of local node=145 84 232 106 , id of predecessor=134 24 122 57 
2025-02-07 03:56:26 FATAL 145 84 232 106 :379  - The rare situation has occured at time 1738918586821, id to look up=77 19 75 192 , id of local node=145 84 232 106 , id of predecessor=134 24 122 57 
2025-02-07 03:56:27 FATAL 145 84 232 106 :379  - The rare situation has occured at time 1738918587982, id to look up=119 25 161 199 , id of local node=145 84 232 106 , id of predecessor=134 24 122 57 
2025-02-07 03:56:30 FATAL 145 84 232 106 :379  - The rare situation has occured at time 1738918590569, id to look up=118 31 34 178 , id of local node=145 84 232 106 , id of predecessor=134 24 122 57 
2025-02-07 03:56:32 FATAL 145 84 232 106 :379  - The rare situation has occured at time 1738918592170, id to look up=100 224 149 254 , id of local node=145 84 232 106 , id of predecessor=134 24 122 57 
2025-02-07 03:56:34 FATAL 145 84 232 106 :379  - The rare situation has occured at time 1738918594012, id to look up=84 206 185 18 , id of local node=145 84 232 106 , id of predecessor=134 24 122 57 
2025-02-07 03:56:34 FATAL 145 84 232 106 :379  - The rare situation has occured at time 1738918594363, id to look up=102 123 229 67 , id of local node=145 84 232 106 , id of predecessor=134 24 122 57 
2025-02-07 03:56:35 FATAL 145 84 232 106 :379  - The rare situation has occured at time 1738918595889, id to look up=108 30 103 31 , id of local node=145 84 232 106 , id of predecessor=134 24 122 57 
2025-02-07 03:56:36 FATAL 145 84 232 106 :379  - The rare situation has occured at time 1738918596074, id to look up=81 26 65 142 , id of local node=145 84 232 106 , id of predecessor=134 24 122 57 
2025-02-07 03:56:37 FATAL 145 84 232 106 :379  - The rare situation has occured at time 1738918597231, id to look up=89 18 154 172 , id of local node=145 84 232 106 , id of predecessor=134 24 122 57 
2025-02-07 03:56:37 FATAL 145 84 232 106 :379  - The rare situation has occured at time 1738918597364, id to look up=77 137 210 148 , id of local node=145 84 232 106 , id of predecessor=134 24 122 57 
2025-02-07 03:56:39 FATAL 145 84 232 106 :379  - The rare situation has occured at time 1738918599654, id to look up=118 84 111 154 , id of local node=145 84 232 106 , id of predecessor=134 24 122 57 
2025-02-07 03:56:41 FATAL 145 84 232 106 :379  - The rare situation has occured at time 1738918601341, id to look up=76 214 109 250 , id of local node=145 84 232 106 , id of predecessor=134 24 122 57 
2025-02-07 03:56:42 FATAL 145 84 232 106 :379  - The rare situation has occured at time 1738918602133, id to look up=111 184 74 237 , id of local node=145 84 232 106 , id of predecessor=134 24 122 57 
2025-02-07 03:56:44 FATAL 145 84 232 106 :379  - The rare situation has occured at time 1738918604271, id to look up=120 168 239 203 , id of local node=145 84 232 106 , id of predecessor=134 24 122 57 
2025-02-07 03:56:44 FATAL 145 84 232 106 :379  - The rare situation has occured at time 1738918604598, id to look up=114 36 249 151 , id of local node=145 84 232 106 , id of predecessor=134 24 122 57 
2025-02-07 03:56:44 FATAL 145 84 232 106 :379  - The rare situation has occured at time 1738918604715, id to look up=82 78 5 220 , id of local node=145 84 232 106 , id of predecessor=134 24 122 57 
2025-02-07 03:56:46 FATAL 145 84 232 106 :379  - The rare situation has occured at time 1738918606263, id to look up=104 62 114 92 , id of local node=145 84 232 106 , id of predecessor=134 24 122 57 
2025-02-07 03:56:47 FATAL 145 84 232 106 :379  - The rare situation has occured at time 1738918607371, id to look up=119 91 197 195 , id of local node=145 84 232 106 , id of predecessor=134 24 122 57 
2025-02-07 03:56:51 FATAL 145 84 232 106 :379  - The rare situation has occured at time 1738918611052, id to look up=86 173 77 77 , id of local node=145 84 232 106 , id of predecessor=134 24 122 57 
2025-02-07 03:56:52 FATAL 145 84 232 106 :379  - The rare situation has occured at time 1738918612255, id to look up=115 32 130 140 , id of local node=145 84 232 106 , id of predecessor=134 24 122 57 
2025-02-07 03:56:52 FATAL 145 84 232 106 :379  - The rare situation has occured at time 1738918612671, id to look up=80 51 107 198 , id of local node=145 84 232 106 , id of predecessor=134 24 122 57 
2025-02-07 03:56:53 FATAL 145 84 232 106 :379  - The rare situation has occured at time 1738918613685, id to look up=83 111 182 147 , id of local node=145 84 232 106 , id of predecessor=134 24 122 57 
2025-02-07 03:56:55 FATAL 145 84 232 106 :379  - The rare situation has occured at time 1738918615593, id to look up=107 98 119 175 , id of local node=145 84 232 106 , id of predecessor=134 24 122 57 
2025-02-07 03:56:57 FATAL 145 84 232 106 :379  - The rare situation has occured at time 1738918617051, id to look up=116 203 210 194 , id of local node=145 84 232 106 , id of predecessor=134 24 122 57 
2025-02-07 03:56:57 FATAL 145 84 232 106 :379  - The rare situation has occured at time 1738918617224, id to look up=105 229 105 118 , id of local node=145 84 232 106 , id of predecessor=134 24 122 57 
2025-02-07 03:56:57 FATAL 145 84 232 106 :379  - The rare situation has occured at time 1738918617356, id to look up=112 138 119 219 , id of local node=145 84 232 106 , id of predecessor=134 24 122 57 
2025-02-07 03:56:57 FATAL 145 84 232 106 :379  - The rare situation has occured at time 1738918617792, id to look up=113 123 47 61 , id of local node=145 84 232 106 , id of predecessor=134 24 122 57 
2025-02-07 03:56:58 FATAL 145 84 232 106 :379  - The rare situation has occured at time 1738918618892, id to look up=87 46 32 115 , id of local node=145 84 232 106 , id of predecessor=134 24 122 57 
2025-02-07 03:57:00 FATAL 145 84 232 106 :379  - The rare situation has occured at time 1738918620563, id to look up=88 240 116 73 , id of local node=145 84 232 106 , id of predecessor=134 24 122 57 
2025-02-07 03:57:02 FATAL 145 84 232 106 :379  - The rare situation has occured at time 1738918622465, id to look up=117 42 231 189 , id of local node=145 84 232 106 , id of predecessor=134 24 122 57 
2025-02-07 03:57:02 FATAL 145 84 232 106 :379  - The rare situation has occured at time 1738918622861, id to look up=77 234 29 174 , id of local node=145 84 232 106 , id of predecessor=134 24 122 57 
2025-02-07 03:57:04 FATAL 145 84 232 106 :379  - The rare situation has occured at time 1738918624783, id to look up=74 250 143 158 , id of local node=145 84 232 106 , id of predecessor=134 24 122 57 
2025-02-07 03:57:09 FATAL 145 84 232 106 :379  - The rare situation has occured at time 1738918629283, id to look up=76 130 5 218 , id of local node=145 84 232 106 , id of predecessor=134 24 122 57 
2025-02-07 03:57:09 FATAL 145 84 232 106 :379  - The rare situation has occured at time 1738918629712, id to look up=79 15 92 150 , id of local node=145 84 232 106 , id of predecessor=134 24 122 57 
2025-02-07 03:57:09 FATAL 145 84 232 106 :379  - The rare situation has occured at time 1738918629834, id to look up=82 253 185 246 , id of local node=145 84 232 106 , id of predecessor=134 24 122 57 
2025-02-07 03:57:09 FATAL 145 84 232 106 :379  - The rare situation has occured at time 1738918629904, id to look up=88 65 48 224 , id of local node=145 84 232 106 , id of predecessor=134 24 122 57 
2025-02-07 03:57:11 FATAL 145 84 232 106 :379  - The rare situation has occured at time 1738918631000, id to look up=74 247 249 237 , id of local node=145 84 232 106 , id of predecessor=134 24 122 57 
2025-02-07 03:57:12 FATAL 145 84 232 106 :379  - The rare situation has occured at time 1738918632980, id to look up=76 21 220 33 , id of local node=145 84 232 106 , id of predecessor=134 24 122 57 
2025-02-07 03:59:45 FATAL 145 84 232 106 :379  - The rare situation has occured at time 1738918785625, id to look up=119 222 104 218 , id of local node=145 84 232 106 , id of predecessor=134 24 122 57 
2025-02-07 03:59:47 FATAL 145 84 232 106 :379  - The rare situation has occured at time 1738918787524, id to look up=123 82 0 155 , id of local node=145 84 232 106 , id of predecessor=134 24 122 57 
2025-02-07 03:59:48 FATAL 145 84 232 106 :379  - The rare situation has occured at time 1738918788848, id to look up=77 19 75 192 , id of local node=145 84 232 106 , id of predecessor=134 24 122 57 
2025-02-07 03:59:49 FATAL 145 84 232 106 :379  - The rare situation has occured at time 1738918789999, id to look up=119 25 161 199 , id of local node=145 84 232 106 , id of predecessor=134 24 122 57 
2025-02-07 03:59:52 FATAL 145 84 232 106 :379  - The rare situation has occured at time 1738918792566, id to look up=118 31 34 178 , id of local node=145 84 232 106 , id of predecessor=134 24 122 57 
2025-02-07 03:59:54 FATAL 145 84 232 106 :379  - The rare situation has occured at time 1738918794126, id to look up=100 224 149 254 , id of local node=145 84 232 106 , id of predecessor=134 24 122 57 
2025-02-07 03:59:55 FATAL 145 84 232 106 :379  - The rare situation has occured at time 1738918795948, id to look up=84 206 185 18 , id of local node=145 84 232 106 , id of predecessor=134 24 122 57 
2025-02-07 03:59:56 FATAL 145 84 232 106 :379  - The rare situation has occured at time 1738918796279, id to look up=102 123 229 67 , id of local node=145 84 232 106 , id of predecessor=134 24 122 57 
2025-02-07 03:59:57 FATAL 145 84 232 106 :379  - The rare situation has occured at time 1738918797776, id to look up=108 30 103 31 , id of local node=145 84 232 106 , id of predecessor=134 24 122 57 
2025-02-07 03:59:57 FATAL 145 84 232 106 :379  - The rare situation has occured at time 1738918797968, id to look up=81 26 65 142 , id of local node=145 84 232 106 , id of predecessor=134 24 122 57 
2025-02-07 03:59:59 FATAL 145 84 232 106 :379  - The rare situation has occured at time 1738918799119, id to look up=89 18 154 172 , id of local node=145 84 232 106 , id of predecessor=134 24 122 57 
2025-02-07 03:59:59 FATAL 145 84 232 106 :379  - The rare situation has occured at time 1738918799241, id to look up=77 137 210 148 , id of local node=145 84 232 106 , id of predecessor=134 24 122 57 
2025-02-07 04:00:02 FATAL 145 84 232 106 :379  - The rare situation has occured at time 1738918802119, id to look up=118 84 111 154 , id of local node=145 84 232 106 , id of predecessor=134 24 122 57 
2025-02-07 04:00:03 FATAL 145 84 232 106 :379  - The rare situation has occured at time 1738918803776, id to look up=76 214 109 250 , id of local node=145 84 232 106 , id of predecessor=134 24 122 57 
2025-02-07 04:00:04 FATAL 145 84 232 106 :379  - The rare situation has occured at time 1738918804568, id to look up=111 184 74 237 , id of local node=145 84 232 106 , id of predecessor=134 24 122 57 
2025-02-07 04:00:06 FATAL 145 84 232 106 :379  - The rare situation has occured at time 1738918806776, id to look up=120 168 239 203 , id of local node=145 84 232 106 , id of predecessor=134 24 122 57 
2025-02-07 04:00:07 FATAL 145 84 232 106 :379  - The rare situation has occured at time 1738918807103, id to look up=114 36 249 151 , id of local node=145 84 232 106 , id of predecessor=134 24 122 57 
2025-02-07 04:00:07 FATAL 145 84 232 106 :379  - The rare situation has occured at time 1738918807233, id to look up=82 78 5 220 , id of local node=145 84 232 106 , id of predecessor=134 24 122 57 
2025-02-07 04:00:08 FATAL 145 84 232 106 :379  - The rare situation has occured at time 1738918808847, id to look up=104 62 114 92 , id of local node=145 84 232 106 , id of predecessor=134 24 122 57 
2025-02-07 04:00:09 FATAL 145 84 232 106 :379  - The rare situation has occured at time 1738918809935, id to look up=119 91 197 195 , id of local node=145 84 232 106 , id of predecessor=134 24 122 57 
2025-02-07 04:00:13 FATAL 145 84 232 106 :379  - The rare situation has occured at time 1738918813616, id to look up=86 173 77 77 , id of local node=145 84 232 106 , id of predecessor=134 24 122 57 
2025-02-07 04:00:14 FATAL 145 84 232 106 :379  - The rare situation has occured at time 1738918814879, id to look up=115 32 130 140 , id of local node=145 84 232 106 , id of predecessor=134 24 122 57 
2025-02-07 04:00:15 FATAL 145 84 232 106 :379  - The rare situation has occured at time 1738918815316, id to look up=80 51 107 198 , id of local node=145 84 232 106 , id of predecessor=134 24 122 57 
2025-02-07 04:00:16 FATAL 145 84 232 106 :379  - The rare situation has occured at time 1738918816309, id to look up=83 111 182 147 , id of local node=145 84 232 106 , id of predecessor=134 24 122 57 
2025-02-07 04:00:18 FATAL 145 84 232 106 :379  - The rare situation has occured at time 1738918818167, id to look up=107 98 119 175 , id of local node=145 84 232 106 , id of predecessor=134 24 122 57 
2025-02-07 04:00:19 FATAL 145 84 232 106 :379  - The rare situation has occured at time 1738918819587, id to look up=116 203 210 194 , id of local node=145 84 232 106 , id of predecessor=134 24 122 57 
2025-02-07 04:00:19 FATAL 145 84 232 106 :379  - The rare situation has occured at time 1738918819758, id to look up=105 229 105 118 , id of local node=145 84 232 106 , id of predecessor=134 24 122 57 
2025-02-07 04:00:19 FATAL 145 84 232 106 :379  - The rare situation has occured at time 1738918819888, id to look up=112 138 119 219 , id of local node=145 84 232 106 , id of predecessor=134 24 122 57 
2025-02-07 04:00:19 FATAL 145 84 232 106 :379  - The rare situation has occured at time 1738918819749, id to look up=113 123 47 61 , id of local node=145 84 232 106 , id of predecessor=134 24 122 57 
2025-02-07 04:00:20 FATAL 145 84 232 106 :379  - The rare situation has occured at time 1738918820880, id to look up=87 46 32 115 , id of local node=145 84 232 106 , id of predecessor=134 24 122 57 
2025-02-07 04:00:22 FATAL 145 84 232 106 :379  - The rare situation has occured at time 1738918822542, id to look up=88 240 116 73 , id of local node=145 84 232 106 , id of predecessor=134 24 122 57 
2025-02-07 04:00:24 FATAL 145 84 232 106 :379  - The rare situation has occured at time 1738918824472, id to look up=117 42 231 189 , id of local node=145 84 232 106 , id of predecessor=134 24 122 57 
2025-02-07 04:00:24 FATAL 145 84 232 106 :379  - The rare situation has occured at time 1738918824860, id to look up=77 234 29 174 , id of local node=145 84 232 106 , id of predecessor=134 24 122 57 
2025-02-07 04:00:26 FATAL 145 84 232 106 :379  - The rare situation has occured at time 1738918826812, id to look up=74 250 143 158 , id of local node=145 84 232 106 , id of predecessor=134 24 122 57 
2025-02-07 04:00:31 FATAL 145 84 232 106 :379  - The rare situation has occured at time 1738918831342, id to look up=76 130 5 218 , id of local node=145 84 232 106 , id of predecessor=134 24 122 57 
2025-02-07 04:00:31 FATAL 145 84 232 106 :379  - The rare situation has occured at time 1738918831801, id to look up=79 15 92 150 , id of local node=145 84 232 106 , id of predecessor=134 24 122 57 
2025-02-07 04:00:31 FATAL 145 84 232 106 :379  - The rare situation has occured at time 1738918831943, id to look up=82 253 185 246 , id of local node=145 84 232 106 , id of predecessor=134 24 122 57 
2025-02-07 04:00:32 FATAL 145 84 232 106 :379  - The rare situation has occured at time 1738918832581, id to look up=88 65 48 224 , id of local node=145 84 232 106 , id of predecessor=134 24 122 57 
2025-02-07 04:00:33 FATAL 145 84 232 106 :379  - The rare situation has occured at time 1738918833662, id to look up=74 247 249 237 , id of local node=145 84 232 106 , id of predecessor=134 24 122 57 
2025-02-07 04:00:35 FATAL 145 84 232 106 :379  - The rare situation has occured at time 1738918835652, id to look up=76 21 220 33 , id of local node=145 84 232 106 , id of predecessor=134 24 122 57 
2025-02-07 04:00:37 FATAL 145 84 232 106 :379  - The rare situation has occured at time 1738918837491, id to look up=104 42 3 244 , id of local node=145 84 232 106 , id of predecessor=134 24 122 57 
2025-02-07 04:00:38 FATAL 145 84 232 106 :379  - The rare situation has occured at time 1738918838769, id to look up=115 59 87 174 , id of local node=145 84 232 106 , id of predecessor=134 24 122 57 
2025-02-07 04:00:39 FATAL 145 84 232 106 :379  - The rare situation has occured at time 1738918839305, id to look up=109 54 52 121 , id of local node=145 84 232 106 , id of predecessor=134 24 122 57 
2025-02-07 04:00:39 FATAL 145 84 232 106 :379  - The rare situation has occured at time 1738918839526, id to look up=104 181 25 63 , id of local node=145 84 232 106 , id of predecessor=134 24 122 57 
2025-02-07 04:00:41 FATAL 145 84 232 106 :379  - The rare situation has occured at time 1738918841382, id to look up=107 15 77 153 , id of local node=145 84 232 106 , id of predecessor=134 24 122 57 
2025-02-07 04:00:43 FATAL 145 84 232 106 :379  - The rare situation has occured at time 1738918843412, id to look up=75 46 57 40 , id of local node=145 84 232 106 , id of predecessor=134 24 122 57 
2025-02-07 04:00:43 FATAL 145 84 232 106 :379  - The rare situation has occured at time 1738918843745, id to look up=120 125 65 217 , id of local node=145 84 232 106 , id of predecessor=134 24 122 57 
2025-02-07 04:00:44 FATAL 145 84 232 106 :379  - The rare situation has occured at time 1738918844700, id to look up=121 129 110 203 , id of local node=145 84 232 106 , id of predecessor=134 24 122 57 
2025-02-07 04:00:45 FATAL 145 84 232 106 :379  - The rare situation has occured at time 1738918845561, id to look up=114 193 151 91 , id of local node=145 84 232 106 , id of predecessor=134 24 122 57 
2025-02-07 04:00:47 FATAL 145 84 232 106 :379  - The rare situation has occured at time 1738918847102, id to look up=110 33 252 230 , id of local node=145 84 232 106 , id of predecessor=134 24 122 57 
2025-02-07 04:00:49 FATAL 145 84 232 106 :379  - The rare situation has occured at time 1738918849122, id to look up=85 71 246 49 , id of local node=145 84 232 106 , id of predecessor=134 24 122 57 
2025-02-07 04:00:51 FATAL 145 84 232 106 :379  - The rare situation has occured at time 1738918851452, id to look up=108 65 16 31 , id of local node=145 84 232 106 , id of predecessor=134 24 122 57 
2025-02-07 04:00:55 FATAL 145 84 232 106 :379  - The rare situation has occured at time 1738918855007, id to look up=86 228 58 228 , id of local node=145 84 232 106 , id of predecessor=134 24 122 57 
2025-02-07 04:00:56 FATAL 145 84 232 106 :379  - The rare situation has occured at time 1738918856648, id to look up=109 147 242 160 , id of local node=145 84 232 106 , id of predecessor=134 24 122 57 
2025-02-07 04:00:57 FATAL 145 84 232 106 :379  - The rare situation has occured at time 1738918857526, id to look up=74 14 136 207 , id of local node=145 84 232 106 , id of predecessor=134 24 122 57 
2025-02-07 04:01:01 FATAL 145 84 232 106 :379  - The rare situation has occured at time 1738918861049, id to look up=76 98 156 76 , id of local node=145 84 232 106 , id of predecessor=134 24 122 57 
2025-02-07 04:01:04 FATAL 145 84 232 106 :379  - The rare situation has occured at time 1738918864829, id to look up=110 155 153 56 , id of local node=145 84 232 106 , id of predecessor=134 24 122 57 
2025-02-07 04:01:05 FATAL 145 84 232 106 :379  - The rare situation has occured at time 1738918865116, id to look up=87 21 170 2 , id of local node=145 84 232 106 , id of predecessor=134 24 122 57 
2025-02-07 04:01:05 FATAL 145 84 232 106 :379  - The rare situation has occured at time 1738918865766, id to look up=77 199 120 41 , id of local node=145 84 232 106 , id of predecessor=134 24 122 57 
2025-02-07 04:01:06 FATAL 145 84 232 106 :379  - The rare situation has occured at time 1738918866917, id to look up=122 149 86 52 , id of local node=145 84 232 106 , id of predecessor=134 24 122 57 
2025-02-07 04:01:07 FATAL 145 84 232 106 :379  - The rare situation has occured at time 1738918867956, id to look up=119 135 54 116 , id of local node=145 84 232 106 , id of predecessor=134 24 122 57 
2025-02-07 04:01:08 FATAL 145 84 232 106 :379  - The rare situation has occured at time 1738918868129, id to look up=122 105 134 153 , id of local node=145 84 232 106 , id of predecessor=134 24 122 57 
2025-02-07 04:01:08 FATAL 145 84 232 106 :379  - The rare situation has occured at time 1738918868509, id to look up=117 152 143 90 , id of local node=145 84 232 106 , id of predecessor=134 24 122 57 
2025-02-07 04:01:08 FATAL 145 84 232 106 :379  - The rare situation has occured at time 1738918868789, id to look up=108 10 199 108 , id of local node=145 84 232 106 , id of predecessor=134 24 122 57 
2025-02-07 04:01:09 FATAL 145 84 232 106 :379  - The rare situation has occured at time 1738918869819, id to look up=120 78 240 5 , id of local node=145 84 232 106 , id of predecessor=134 24 122 57 
2025-02-07 04:01:09 FATAL 145 84 232 106 :379  - The rare situation has occured at time 1738918869938, id to look up=108 76 4 190 , id of local node=145 84 232 106 , id of predecessor=134 24 122 57 
2025-02-07 04:01:10 FATAL 145 84 232 106 :379  - The rare situation has occured at time 1738918870869, id to look up=109 14 16 80 , id of local node=145 84 232 106 , id of predecessor=134 24 122 57 
2025-02-07 04:01:12 FATAL 145 84 232 106 :379  - The rare situation has occured at time 1738918872918, id to look up=74 194 187 255 , id of local node=145 84 232 106 , id of predecessor=134 24 122 57 
2025-02-07 04:01:13 FATAL 145 84 232 106 :379  - The rare situation has occured at time 1738918873779, id to look up=81 234 198 180 , id of local node=145 84 232 106 , id of predecessor=134 24 122 57 
2025-02-07 04:01:14 FATAL 145 84 232 106 :379  - The rare situation has occured at time 1738918874769, id to look up=102 143 55 216 , id of local node=145 84 232 106 , id of predecessor=134 24 122 57 
2025-02-07 04:01:15 FATAL 145 84 232 106 :379  - The rare situation has occured at time 1738918875346, id to look up=111 148 110 38 , id of local node=145 84 232 106 , id of predecessor=134 24 122 57 
2025-02-07 04:01:16 FATAL 145 84 232 106 :379  - The rare situation has occured at time 1738918876971, id to look up=110 117 210 58 , id of local node=145 84 232 106 , id of predecessor=134 24 122 57 
2025-02-07 04:01:18 FATAL 145 84 232 106 :379  - The rare situation has occured at time 1738918878728, id to look up=108 199 29 145 , id of local node=145 84 232 106 , id of predecessor=134 24 122 57 
2025-02-07 04:01:19 FATAL 145 84 232 106 :379  - The rare situation has occured at time 1738918879504, id to look up=119 214 122 177 , id of local node=145 84 232 106 , id of predecessor=134 24 122 57 
2025-02-07 04:01:21 FATAL 145 84 232 106 :379  - The rare situation has occured at time 1738918881507, id to look up=113 16 224 211 , id of local node=145 84 232 106 , id of predecessor=134 24 122 57 
2025-02-07 04:01:22 FATAL 145 84 232 106 :379  - The rare situation has occured at time 1738918882293, id to look up=109 93 176 232 , id of local node=145 84 232 106 , id of predecessor=134 24 122 57 
