2025-02-07 03:50:13 WARN  OpenChordTest:205  - Peer joined at ocsocket://localhost:8093/ via ocsocket://localhost:8080/
2025-02-07 03:50:14 WARN  OpenChordTest:58  - Insert time for key 13 = 54 ms
2025-02-07 03:50:14 WARN  OpenChordTest:60  - Inserted (13, default)
2025-02-07 03:50:14 WARN  OpenChordTest:64  - Memory usage at ocsocket://localhost:8093/ = 21 MB
2025-02-07 03:52:22 FATAL 161 201 197 38 :379  - The rare situation has occured at time 1738918342156, id to look up=119 222 104 218 , id of local node=161 201 197 38 , id of predecessor=150 178 181 209 
2025-02-07 03:52:24 FATAL 161 201 197 38 :379  - The rare situation has occured at time 1738918344738, id to look up=123 82 0 155 , id of local node=161 201 197 38 , id of predecessor=150 178 181 209 
2025-02-07 03:52:26 FATAL 161 201 197 38 :379  - The rare situation has occured at time 1738918346041, id to look up=77 19 75 192 , id of local node=161 201 197 38 , id of predecessor=150 178 181 209 
2025-02-07 03:52:27 FATAL 161 201 197 38 :379  - The rare situation has occured at time 1738918347463, id to look up=119 25 161 199 , id of local node=161 201 197 38 , id of predecessor=150 178 181 209 
2025-02-07 03:53:39 FATAL 161 201 197 38 :379  - The rare situation has occured at time 1738918419091, id to look up=119 222 104 218 , id of local node=161 201 197 38 , id of predecessor=150 178 181 209 
2025-02-07 03:53:41 FATAL 161 201 197 38 :379  - The rare situation has occured at time 1738918421030, id to look up=123 82 0 155 , id of local node=161 201 197 38 , id of predecessor=150 178 181 209 
2025-02-07 03:53:43 FATAL 161 201 197 38 :379  - The rare situation has occured at time 1738918423161, id to look up=77 19 75 192 , id of local node=161 201 197 38 , id of predecessor=150 178 181 209 
2025-02-07 03:53:44 FATAL 161 201 197 38 :379  - The rare situation has occured at time 1738918424262, id to look up=119 25 161 199 , id of local node=161 201 197 38 , id of predecessor=150 178 181 209 
2025-02-07 03:53:46 FATAL 161 201 197 38 :379  - The rare situation has occured at time 1738918426690, id to look up=118 31 34 178 , id of local node=161 201 197 38 , id of predecessor=150 178 181 209 
2025-02-07 03:53:47 FATAL 161 201 197 38 :379  - The rare situation has occured at time 1738918427010, id to look up=146 207 206 179 , id of local node=161 201 197 38 , id of predecessor=150 178 181 209 
2025-02-07 03:53:48 FATAL 161 201 197 38 :379  - The rare situation has occured at time 1738918428300, id to look up=100 224 149 254 , id of local node=161 201 197 38 , id of predecessor=150 178 181 209 
2025-02-07 03:53:50 FATAL 161 201 197 38 :379  - The rare situation has occured at time 1738918430222, id to look up=84 206 185 18 , id of local node=161 201 197 38 , id of predecessor=150 178 181 209 
2025-02-07 03:53:50 FATAL 161 201 197 38 :379  - The rare situation has occured at time 1738918430556, id to look up=102 123 229 67 , id of local node=161 201 197 38 , id of predecessor=150 178 181 209 
2025-02-07 03:53:51 FATAL 161 201 197 38 :379  - The rare situation has occured at time 1738918431891, id to look up=108 30 103 31 , id of local node=161 201 197 38 , id of predecessor=150 178 181 209 
2025-02-07 03:53:52 FATAL 161 201 197 38 :379  - The rare situation has occured at time 1738918432225, id to look up=81 26 65 142 , id of local node=161 201 197 38 , id of predecessor=150 178 181 209 
2025-02-07 03:54:52 FATAL 161 201 197 38 :379  - The rare situation has occured at time 1738918492595, id to look up=119 222 104 218 , id of local node=161 201 197 38 , id of predecessor=150 178 181 209 
2025-02-07 03:54:54 FATAL 161 201 197 38 :379  - The rare situation has occured at time 1738918494543, id to look up=123 82 0 155 , id of local node=161 201 197 38 , id of predecessor=150 178 181 209 
2025-02-07 03:54:56 FATAL 161 201 197 38 :379  - The rare situation has occured at time 1738918496461, id to look up=77 19 75 192 , id of local node=161 201 197 38 , id of predecessor=150 178 181 209 
2025-02-07 03:54:57 FATAL 161 201 197 38 :379  - The rare situation has occured at time 1738918497643, id to look up=119 25 161 199 , id of local node=161 201 197 38 , id of predecessor=150 178 181 209 
2025-02-07 03:55:00 FATAL 161 201 197 38 :379  - The rare situation has occured at time 1738918500101, id to look up=118 31 34 178 , id of local node=161 201 197 38 , id of predecessor=150 178 181 209 
2025-02-07 03:55:00 FATAL 161 201 197 38 :379  - The rare situation has occured at time 1738918500428, id to look up=146 207 206 179 , id of local node=161 201 197 38 , id of predecessor=150 178 181 209 
2025-02-07 03:55:01 FATAL 161 201 197 38 :379  - The rare situation has occured at time 1738918501761, id to look up=100 224 149 254 , id of local node=161 201 197 38 , id of predecessor=150 178 181 209 
2025-02-07 03:55:03 FATAL 161 201 197 38 :379  - The rare situation has occured at time 1738918503087, id to look up=84 206 185 18 , id of local node=161 201 197 38 , id of predecessor=150 178 181 209 
2025-02-07 03:55:03 FATAL 161 201 197 38 :379  - The rare situation has occured at time 1738918503420, id to look up=102 123 229 67 , id of local node=161 201 197 38 , id of predecessor=150 178 181 209 
2025-02-07 03:55:04 FATAL 161 201 197 38 :379  - The rare situation has occured at time 1738918504796, id to look up=108 30 103 31 , id of local node=161 201 197 38 , id of predecessor=150 178 181 209 
2025-02-07 03:55:05 FATAL 161 201 197 38 :379  - The rare situation has occured at time 1738918505129, id to look up=81 26 65 142 , id of local node=161 201 197 38 , id of predecessor=150 178 181 209 
2025-02-07 03:55:06 FATAL 161 201 197 38 :379  - The rare situation has occured at time 1738918506296, id to look up=89 18 154 172 , id of local node=161 201 197 38 , id of predecessor=150 178 181 209 
2025-02-07 03:55:06 FATAL 161 201 197 38 :379  - The rare situation has occured at time 1738918506429, id to look up=77 137 210 148 , id of local node=161 201 197 38 , id of predecessor=150 178 181 209 
2025-02-07 03:55:09 FATAL 161 201 197 38 :379  - The rare situation has occured at time 1738918509307, id to look up=118 84 111 154 , id of local node=161 201 197 38 , id of predecessor=150 178 181 209 
2025-02-07 03:55:10 FATAL 161 201 197 38 :379  - The rare situation has occured at time 1738918510826, id to look up=76 214 109 250 , id of local node=161 201 197 38 , id of predecessor=150 178 181 209 
2025-02-07 03:55:11 FATAL 161 201 197 38 :379  - The rare situation has occured at time 1738918511755, id to look up=111 184 74 237 , id of local node=161 201 197 38 , id of predecessor=150 178 181 209 
2025-02-07 03:55:13 FATAL 161 201 197 38 :379  - The rare situation has occured at time 1738918513346, id to look up=147 67 133 245 , id of local node=161 201 197 38 , id of predecessor=150 178 181 209 
2025-02-07 03:55:13 FATAL 161 201 197 38 :379  - The rare situation has occured at time 1738918513803, id to look up=120 168 239 203 , id of local node=161 201 197 38 , id of predecessor=150 178 181 209 
2025-02-07 03:55:14 FATAL 161 201 197 38 :379  - The rare situation has occured at time 1738918514224, id to look up=114 36 249 151 , id of local node=161 201 197 38 , id of predecessor=150 178 181 209 
2025-02-07 03:55:14 FATAL 161 201 197 38 :379  - The rare situation has occured at time 1738918514360, id to look up=82 78 5 220 , id of local node=161 201 197 38 , id of predecessor=150 178 181 209 
2025-02-07 03:55:15 FATAL 161 201 197 38 :379  - The rare situation has occured at time 1738918515916, id to look up=104 62 114 92 , id of local node=161 201 197 38 , id of predecessor=150 178 181 209 
2025-02-07 03:55:16 FATAL 161 201 197 38 :379  - The rare situation has occured at time 1738918516867, id to look up=119 91 197 195 , id of local node=161 201 197 38 , id of predecessor=150 178 181 209 
2025-02-07 03:56:22 FATAL 161 201 197 38 :379  - The rare situation has occured at time 1738918582634, id to look up=119 222 104 218 , id of local node=161 201 197 38 , id of predecessor=150 178 181 209 
2025-02-07 03:56:24 FATAL 161 201 197 38 :379  - The rare situation has occured at time 1738918584709, id to look up=123 82 0 155 , id of local node=161 201 197 38 , id of predecessor=150 178 181 209 
2025-02-07 03:56:26 FATAL 161 201 197 38 :379  - The rare situation has occured at time 1738918586819, id to look up=77 19 75 192 , id of local node=161 201 197 38 , id of predecessor=150 178 181 209 
2025-02-07 03:56:27 FATAL 161 201 197 38 :379  - The rare situation has occured at time 1738918587980, id to look up=119 25 161 199 , id of local node=161 201 197 38 , id of predecessor=150 178 181 209 
2025-02-07 03:56:30 FATAL 161 201 197 38 :379  - The rare situation has occured at time 1738918590419, id to look up=118 31 34 178 , id of local node=161 201 197 38 , id of predecessor=150 178 181 209 
2025-02-07 03:56:30 FATAL 161 201 197 38 :379  - The rare situation has occured at time 1738918590747, id to look up=146 207 206 179 , id of local node=161 201 197 38 , id of predecessor=150 178 181 209 
2025-02-07 03:56:32 FATAL 161 201 197 38 :379  - The rare situation has occured at time 1738918592070, id to look up=100 224 149 254 , id of local node=161 201 197 38 , id of predecessor=150 178 181 209 
2025-02-07 03:56:34 FATAL 161 201 197 38 :379  - The rare situation has occured at time 1738918594010, id to look up=84 206 185 18 , id of local node=161 201 197 38 , id of predecessor=150 178 181 209 
2025-02-07 03:56:34 FATAL 161 201 197 38 :379  - The rare situation has occured at time 1738918594361, id to look up=102 123 229 67 , id of local node=161 201 197 38 , id of predecessor=150 178 181 209 
2025-02-07 03:56:35 FATAL 161 201 197 38 :379  - The rare situation has occured at time 1738918595739, id to look up=108 30 103 31 , id of local node=161 201 197 38 , id of predecessor=150 178 181 209 
2025-02-07 03:56:36 FATAL 161 201 197 38 :379  - The rare situation has occured at time 1738918596072, id to look up=81 26 65 142 , id of local node=161 201 197 38 , id of predecessor=150 178 181 209 
2025-02-07 03:56:37 FATAL 161 201 197 38 :379  - The rare situation has occured at time 1738918597229, id to look up=89 18 154 172 , id of local node=161 201 197 38 , id of predecessor=150 178 181 209 
2025-02-07 03:56:37 FATAL 161 201 197 38 :379  - The rare situation has occured at time 1738918597362, id to look up=77 137 210 148 , id of local node=161 201 197 38 , id of predecessor=150 178 181 209 
2025-02-07 03:56:39 FATAL 161 201 197 38 :379  - The rare situation has occured at time 1738918599652, id to look up=118 84 111 154 , id of local node=161 201 197 38 , id of predecessor=150 178 181 209 
2025-02-07 03:56:41 FATAL 161 201 197 38 :379  - The rare situation has occured at time 1738918601191, id to look up=76 214 109 250 , id of local node=161 201 197 38 , id of predecessor=150 178 181 209 
2025-02-07 03:56:42 FATAL 161 201 197 38 :379  - The rare situation has occured at time 1738918602131, id to look up=111 184 74 237 , id of local node=161 201 197 38 , id of predecessor=150 178 181 209 
2025-02-07 03:56:43 FATAL 161 201 197 38 :379  - The rare situation has occured at time 1738918603701, id to look up=147 67 133 245 , id of local node=161 201 197 38 , id of predecessor=150 178 181 209 
2025-02-07 03:56:44 FATAL 161 201 197 38 :379  - The rare situation has occured at time 1738918604177, id to look up=120 168 239 203 , id of local node=161 201 197 38 , id of predecessor=150 178 181 209 
2025-02-07 03:56:44 FATAL 161 201 197 38 :379  - The rare situation has occured at time 1738918604596, id to look up=114 36 249 151 , id of local node=161 201 197 38 , id of predecessor=150 178 181 209 
2025-02-07 03:56:44 FATAL 161 201 197 38 :379  - The rare situation has occured at time 1738918604713, id to look up=82 78 5 220 , id of local node=161 201 197 38 , id of predecessor=150 178 181 209 
2025-02-07 03:56:46 FATAL 161 201 197 38 :379  - The rare situation has occured at time 1738918606261, id to look up=104 62 114 92 , id of local node=161 201 197 38 , id of predecessor=150 178 181 209 
2025-02-07 03:56:47 FATAL 161 201 197 38 :379  - The rare situation has occured at time 1738918607222, id to look up=119 91 197 195 , id of local node=161 201 197 38 , id of predecessor=150 178 181 209 
2025-02-07 03:56:49 FATAL 161 201 197 38 :379  - The rare situation has occured at time 1738918609302, id to look up=145 223 222 29 , id of local node=161 201 197 38 , id of predecessor=150 178 181 209 
2025-02-07 03:56:49 FATAL 161 201 197 38 :379  - The rare situation has occured at time 1738918609781, id to look up=149 232 21 209 , id of local node=161 201 197 38 , id of predecessor=150 178 181 209 
2025-02-07 03:56:51 FATAL 161 201 197 38 :379  - The rare situation has occured at time 1738918611002, id to look up=86 173 77 77 , id of local node=161 201 197 38 , id of predecessor=150 178 181 209 
2025-02-07 03:56:52 FATAL 161 201 197 38 :379  - The rare situation has occured at time 1738918612253, id to look up=115 32 130 140 , id of local node=161 201 197 38 , id of predecessor=150 178 181 209 
2025-02-07 03:56:52 FATAL 161 201 197 38 :379  - The rare situation has occured at time 1738918612521, id to look up=80 51 107 198 , id of local node=161 201 197 38 , id of predecessor=150 178 181 209 
2025-02-07 03:56:53 FATAL 161 201 197 38 :379  - The rare situation has occured at time 1738918613683, id to look up=83 111 182 147 , id of local node=161 201 197 38 , id of predecessor=150 178 181 209 
2025-02-07 03:56:55 FATAL 161 201 197 38 :379  - The rare situation has occured at time 1738918615591, id to look up=107 98 119 175 , id of local node=161 201 197 38 , id of predecessor=150 178 181 209 
2025-02-07 03:56:56 FATAL 161 201 197 38 :379  - The rare situation has occured at time 1738918616891, id to look up=116 203 210 194 , id of local node=161 201 197 38 , id of predecessor=150 178 181 209 
2025-02-07 03:56:57 FATAL 161 201 197 38 :379  - The rare situation has occured at time 1738918617222, id to look up=105 229 105 118 , id of local node=161 201 197 38 , id of predecessor=150 178 181 209 
2025-02-07 03:56:57 FATAL 161 201 197 38 :379  - The rare situation has occured at time 1738918617354, id to look up=112 138 119 219 , id of local node=161 201 197 38 , id of predecessor=150 178 181 209 
2025-02-07 03:56:57 FATAL 161 201 197 38 :379  - The rare situation has occured at time 1738918617791, id to look up=113 123 47 61 , id of local node=161 201 197 38 , id of predecessor=150 178 181 209 
2025-02-07 03:56:57 FATAL 161 201 197 38 :379  - The rare situation has occured at time 1738918617957, id to look up=148 148 14 83 , id of local node=161 201 197 38 , id of predecessor=150 178 181 209 
2025-02-07 03:56:58 FATAL 161 201 197 38 :379  - The rare situation has occured at time 1738918618792, id to look up=87 46 32 115 , id of local node=161 201 197 38 , id of predecessor=150 178 181 209 
2025-02-07 03:57:00 FATAL 161 201 197 38 :379  - The rare situation has occured at time 1738918620561, id to look up=88 240 116 73 , id of local node=161 201 197 38 , id of predecessor=150 178 181 209 
2025-02-07 03:57:02 FATAL 161 201 197 38 :379  - The rare situation has occured at time 1738918622463, id to look up=117 42 231 189 , id of local node=161 201 197 38 , id of predecessor=150 178 181 209 
2025-02-07 03:57:02 FATAL 161 201 197 38 :379  - The rare situation has occured at time 1738918622701, id to look up=77 234 29 174 , id of local node=161 201 197 38 , id of predecessor=150 178 181 209 
2025-02-07 03:57:04 FATAL 161 201 197 38 :379  - The rare situation has occured at time 1738918624781, id to look up=74 250 143 158 , id of local node=161 201 197 38 , id of predecessor=150 178 181 209 
2025-02-07 03:57:09 FATAL 161 201 197 38 :379  - The rare situation has occured at time 1738918629281, id to look up=76 130 5 218 , id of local node=161 201 197 38 , id of predecessor=150 178 181 209 
2025-02-07 03:57:09 FATAL 161 201 197 38 :379  - The rare situation has occured at time 1738918629710, id to look up=79 15 92 150 , id of local node=161 201 197 38 , id of predecessor=150 178 181 209 
2025-02-07 03:57:09 FATAL 161 201 197 38 :379  - The rare situation has occured at time 1738918629833, id to look up=82 253 185 246 , id of local node=161 201 197 38 , id of predecessor=150 178 181 209 
2025-02-07 03:57:09 FATAL 161 201 197 38 :379  - The rare situation has occured at time 1738918629902, id to look up=88 65 48 224 , id of local node=161 201 197 38 , id of predecessor=150 178 181 209 
2025-02-07 03:57:10 FATAL 161 201 197 38 :379  - The rare situation has occured at time 1738918630998, id to look up=74 247 249 237 , id of local node=161 201 197 38 , id of predecessor=150 178 181 209 
2025-02-07 03:57:12 FATAL 161 201 197 38 :379  - The rare situation has occured at time 1738918632978, id to look up=76 21 220 33 , id of local node=161 201 197 38 , id of predecessor=150 178 181 209 
2025-02-07 03:59:45 FATAL 161 201 197 38 :379  - The rare situation has occured at time 1738918785623, id to look up=119 222 104 218 , id of local node=161 201 197 38 , id of predecessor=150 178 181 209 
2025-02-07 03:59:47 FATAL 161 201 197 38 :379  - The rare situation has occured at time 1738918787522, id to look up=123 82 0 155 , id of local node=161 201 197 38 , id of predecessor=150 178 181 209 
2025-02-07 03:59:48 FATAL 161 201 197 38 :379  - The rare situation has occured at time 1738918788846, id to look up=77 19 75 192 , id of local node=161 201 197 38 , id of predecessor=150 178 181 209 
2025-02-07 03:59:49 FATAL 161 201 197 38 :379  - The rare situation has occured at time 1738918789997, id to look up=119 25 161 199 , id of local node=161 201 197 38 , id of predecessor=150 178 181 209 
2025-02-07 03:59:52 FATAL 161 201 197 38 :379  - The rare situation has occured at time 1738918792406, id to look up=118 31 34 178 , id of local node=161 201 197 38 , id of predecessor=150 178 181 209 
2025-02-07 03:59:52 FATAL 161 201 197 38 :379  - The rare situation has occured at time 1738918792734, id to look up=146 207 206 179 , id of local node=161 201 197 38 , id of predecessor=150 178 181 209 
2025-02-07 03:59:54 FATAL 161 201 197 38 :379  - The rare situation has occured at time 1738918794026, id to look up=100 224 149 254 , id of local node=161 201 197 38 , id of predecessor=150 178 181 209 
2025-02-07 03:59:55 FATAL 161 201 197 38 :379  - The rare situation has occured at time 1738918795947, id to look up=84 206 185 18 , id of local node=161 201 197 38 , id of predecessor=150 178 181 209 
2025-02-07 03:59:56 FATAL 161 201 197 38 :379  - The rare situation has occured at time 1738918796277, id to look up=102 123 229 67 , id of local node=161 201 197 38 , id of predecessor=150 178 181 209 
2025-02-07 03:59:57 FATAL 161 201 197 38 :379  - The rare situation has occured at time 1738918797626, id to look up=108 30 103 31 , id of local node=161 201 197 38 , id of predecessor=150 178 181 209 
2025-02-07 03:59:57 FATAL 161 201 197 38 :379  - The rare situation has occured at time 1738918797966, id to look up=81 26 65 142 , id of local node=161 201 197 38 , id of predecessor=150 178 181 209 
2025-02-07 03:59:59 FATAL 161 201 197 38 :379  - The rare situation has occured at time 1738918799116, id to look up=89 18 154 172 , id of local node=161 201 197 38 , id of predecessor=150 178 181 209 
2025-02-07 03:59:59 FATAL 161 201 197 38 :379  - The rare situation has occured at time 1738918799239, id to look up=77 137 210 148 , id of local node=161 201 197 38 , id of predecessor=150 178 181 209 
2025-02-07 04:00:02 FATAL 161 201 197 38 :379  - The rare situation has occured at time 1738918802117, id to look up=118 84 111 154 , id of local node=161 201 197 38 , id of predecessor=150 178 181 209 
2025-02-07 04:00:03 FATAL 161 201 197 38 :379  - The rare situation has occured at time 1738918803616, id to look up=76 214 109 250 , id of local node=161 201 197 38 , id of predecessor=150 178 181 209 
2025-02-07 04:00:04 FATAL 161 201 197 38 :379  - The rare situation has occured at time 1738918804566, id to look up=111 184 74 237 , id of local node=161 201 197 38 , id of predecessor=150 178 181 209 
2025-02-07 04:00:06 FATAL 161 201 197 38 :379  - The rare situation has occured at time 1738918806186, id to look up=147 67 133 245 , id of local node=161 201 197 38 , id of predecessor=150 178 181 209 
2025-02-07 04:00:06 FATAL 161 201 197 38 :379  - The rare situation has occured at time 1738918806671, id to look up=120 168 239 203 , id of local node=161 201 197 38 , id of predecessor=150 178 181 209 
2025-02-07 04:00:07 FATAL 161 201 197 38 :379  - The rare situation has occured at time 1738918807101, id to look up=114 36 249 151 , id of local node=161 201 197 38 , id of predecessor=150 178 181 209 
2025-02-07 04:00:07 FATAL 161 201 197 38 :379  - The rare situation has occured at time 1738918807230, id to look up=82 78 5 220 , id of local node=161 201 197 38 , id of predecessor=150 178 181 209 
2025-02-07 04:00:08 FATAL 161 201 197 38 :379  - The rare situation has occured at time 1738918808846, id to look up=104 62 114 92 , id of local node=161 201 197 38 , id of predecessor=150 178 181 209 
2025-02-07 04:00:09 FATAL 161 201 197 38 :379  - The rare situation has occured at time 1738918809786, id to look up=119 91 197 195 , id of local node=161 201 197 38 , id of predecessor=150 178 181 209 
2025-02-07 04:00:11 FATAL 161 201 197 38 :379  - The rare situation has occured at time 1738918811857, id to look up=145 223 222 29 , id of local node=161 201 197 38 , id of predecessor=150 178 181 209 
2025-02-07 04:00:12 FATAL 161 201 197 38 :379  - The rare situation has occured at time 1738918812316, id to look up=149 232 21 209 , id of local node=161 201 197 38 , id of predecessor=150 178 181 209 
2025-02-07 04:00:13 FATAL 161 201 197 38 :379  - The rare situation has occured at time 1738918813566, id to look up=86 173 77 77 , id of local node=161 201 197 38 , id of predecessor=150 178 181 209 
2025-02-07 04:00:14 FATAL 161 201 197 38 :379  - The rare situation has occured at time 1738918814877, id to look up=115 32 130 140 , id of local node=161 201 197 38 , id of predecessor=150 178 181 209 
2025-02-07 04:00:15 FATAL 161 201 197 38 :379  - The rare situation has occured at time 1738918815166, id to look up=80 51 107 198 , id of local node=161 201 197 38 , id of predecessor=150 178 181 209 
2025-02-07 04:00:16 FATAL 161 201 197 38 :379  - The rare situation has occured at time 1738918816307, id to look up=83 111 182 147 , id of local node=161 201 197 38 , id of predecessor=150 178 181 209 
2025-02-07 04:00:18 FATAL 161 201 197 38 :379  - The rare situation has occured at time 1738918818166, id to look up=107 98 119 175 , id of local node=161 201 197 38 , id of predecessor=150 178 181 209 
2025-02-07 04:00:19 FATAL 161 201 197 38 :379  - The rare situation has occured at time 1738918819436, id to look up=116 203 210 194 , id of local node=161 201 197 38 , id of predecessor=150 178 181 209 
2025-02-07 04:00:19 FATAL 161 201 197 38 :379  - The rare situation has occured at time 1738918819756, id to look up=105 229 105 118 , id of local node=161 201 197 38 , id of predecessor=150 178 181 209 
2025-02-07 04:00:19 FATAL 161 201 197 38 :379  - The rare situation has occured at time 1738918819886, id to look up=112 138 119 219 , id of local node=161 201 197 38 , id of predecessor=150 178 181 209 
2025-02-07 04:00:19 FATAL 161 201 197 38 :379  - The rare situation has occured at time 1738918819748, id to look up=113 123 47 61 , id of local node=161 201 197 38 , id of predecessor=150 178 181 209 
2025-02-07 04:00:19 FATAL 161 201 197 38 :379  - The rare situation has occured at time 1738918819928, id to look up=148 148 14 83 , id of local node=161 201 197 38 , id of predecessor=150 178 181 209 
2025-02-07 04:00:20 FATAL 161 201 197 38 :379  - The rare situation has occured at time 1738918820780, id to look up=87 46 32 115 , id of local node=161 201 197 38 , id of predecessor=150 178 181 209 
2025-02-07 04:00:22 FATAL 161 201 197 38 :379  - The rare situation has occured at time 1738918822540, id to look up=88 240 116 73 , id of local node=161 201 197 38 , id of predecessor=150 178 181 209 
2025-02-07 04:00:24 FATAL 161 201 197 38 :379  - The rare situation has occured at time 1738918824471, id to look up=117 42 231 189 , id of local node=161 201 197 38 , id of predecessor=150 178 181 209 
2025-02-07 04:00:24 FATAL 161 201 197 38 :379  - The rare situation has occured at time 1738918824710, id to look up=77 234 29 174 , id of local node=161 201 197 38 , id of predecessor=150 178 181 209 
2025-02-07 04:00:26 FATAL 161 201 197 38 :379  - The rare situation has occured at time 1738918826810, id to look up=74 250 143 158 , id of local node=161 201 197 38 , id of predecessor=150 178 181 209 
2025-02-07 04:00:31 FATAL 161 201 197 38 :379  - The rare situation has occured at time 1738918831340, id to look up=76 130 5 218 , id of local node=161 201 197 38 , id of predecessor=150 178 181 209 
2025-02-07 04:00:31 FATAL 161 201 197 38 :379  - The rare situation has occured at time 1738918831800, id to look up=79 15 92 150 , id of local node=161 201 197 38 , id of predecessor=150 178 181 209 
2025-02-07 04:00:31 FATAL 161 201 197 38 :379  - The rare situation has occured at time 1738918831942, id to look up=82 253 185 246 , id of local node=161 201 197 38 , id of predecessor=150 178 181 209 
2025-02-07 04:00:32 FATAL 161 201 197 38 :379  - The rare situation has occured at time 1738918832579, id to look up=88 65 48 224 , id of local node=161 201 197 38 , id of predecessor=150 178 181 209 
2025-02-07 04:00:33 FATAL 161 201 197 38 :379  - The rare situation has occured at time 1738918833660, id to look up=74 247 249 237 , id of local node=161 201 197 38 , id of predecessor=150 178 181 209 
2025-02-07 04:00:35 FATAL 161 201 197 38 :379  - The rare situation has occured at time 1738918835650, id to look up=76 21 220 33 , id of local node=161 201 197 38 , id of predecessor=150 178 181 209 
2025-02-07 04:00:37 FATAL 161 201 197 38 :379  - The rare situation has occured at time 1738918837489, id to look up=104 42 3 244 , id of local node=161 201 197 38 , id of predecessor=150 178 181 209 
2025-02-07 04:00:38 FATAL 161 201 197 38 :379  - The rare situation has occured at time 1738918838609, id to look up=115 59 87 174 , id of local node=161 201 197 38 , id of predecessor=150 178 181 209 
2025-02-07 04:00:39 FATAL 161 201 197 38 :379  - The rare situation has occured at time 1738918839304, id to look up=109 54 52 121 , id of local node=161 201 197 38 , id of predecessor=150 178 181 209 
2025-02-07 04:00:39 FATAL 161 201 197 38 :379  - The rare situation has occured at time 1738918839524, id to look up=104 181 25 63 , id of local node=161 201 197 38 , id of predecessor=150 178 181 209 
2025-02-07 04:00:41 FATAL 161 201 197 38 :379  - The rare situation has occured at time 1738918841381, id to look up=107 15 77 153 , id of local node=161 201 197 38 , id of predecessor=150 178 181 209 
2025-02-07 04:00:43 FATAL 161 201 197 38 :379  - The rare situation has occured at time 1738918843410, id to look up=75 46 57 40 , id of local node=161 201 197 38 , id of predecessor=150 178 181 209 
2025-02-07 04:00:43 FATAL 161 201 197 38 :379  - The rare situation has occured at time 1738918843743, id to look up=120 125 65 217 , id of local node=161 201 197 38 , id of predecessor=150 178 181 209 
2025-02-07 04:00:44 FATAL 161 201 197 38 :379  - The rare situation has occured at time 1738918844550, id to look up=121 129 110 203 , id of local node=161 201 197 38 , id of predecessor=150 178 181 209 
2025-02-07 04:00:45 FATAL 161 201 197 38 :379  - The rare situation has occured at time 1738918845560, id to look up=114 193 151 91 , id of local node=161 201 197 38 , id of predecessor=150 178 181 209 
2025-02-07 04:00:47 FATAL 161 201 197 38 :379  - The rare situation has occured at time 1738918847100, id to look up=110 33 252 230 , id of local node=161 201 197 38 , id of predecessor=150 178 181 209 
2025-02-07 04:00:49 FATAL 161 201 197 38 :379  - The rare situation has occured at time 1738918849120, id to look up=85 71 246 49 , id of local node=161 201 197 38 , id of predecessor=150 178 181 209 
2025-02-07 04:00:51 FATAL 161 201 197 38 :379  - The rare situation has occured at time 1738918851450, id to look up=108 65 16 31 , id of local node=161 201 197 38 , id of predecessor=150 178 181 209 
2025-02-07 04:00:54 FATAL 161 201 197 38 :379  - The rare situation has occured at time 1738918854846, id to look up=86 228 58 228 , id of local node=161 201 197 38 , id of predecessor=150 178 181 209 
2025-02-07 04:00:56 FATAL 161 201 197 38 :379  - The rare situation has occured at time 1738918856646, id to look up=109 147 242 160 , id of local node=161 201 197 38 , id of predecessor=150 178 181 209 
2025-02-07 04:00:57 FATAL 161 201 197 38 :379  - The rare situation has occured at time 1738918857367, id to look up=74 14 136 207 , id of local node=161 201 197 38 , id of predecessor=150 178 181 209 
2025-02-07 04:01:01 FATAL 161 201 197 38 :379  - The rare situation has occured at time 1738918861048, id to look up=76 98 156 76 , id of local node=161 201 197 38 , id of predecessor=150 178 181 209 
2025-02-07 04:01:04 FATAL 161 201 197 38 :379  - The rare situation has occured at time 1738918864827, id to look up=110 155 153 56 , id of local node=161 201 197 38 , id of predecessor=150 178 181 209 
2025-02-07 04:01:04 FATAL 161 201 197 38 :379  - The rare situation has occured at time 1738918864956, id to look up=87 21 170 2 , id of local node=161 201 197 38 , id of predecessor=150 178 181 209 
2025-02-07 04:01:05 FATAL 161 201 197 38 :379  - The rare situation has occured at time 1738918865764, id to look up=77 199 120 41 , id of local node=161 201 197 38 , id of predecessor=150 178 181 209 
2025-02-07 04:01:05 FATAL 161 201 197 38 :379  - The rare situation has occured at time 1738918865882, id to look up=147 172 25 70 , id of local node=161 201 197 38 , id of predecessor=150 178 181 209 
2025-02-07 04:01:06 FATAL 161 201 197 38 :379  - The rare situation has occured at time 1738918866816, id to look up=122 149 86 52 , id of local node=161 201 197 38 , id of predecessor=150 178 181 209 
2025-02-07 04:01:07 FATAL 161 201 197 38 :379  - The rare situation has occured at time 1738918867857, id to look up=119 135 54 116 , id of local node=161 201 197 38 , id of predecessor=150 178 181 209 
2025-02-07 04:01:08 FATAL 161 201 197 38 :379  - The rare situation has occured at time 1738918868127, id to look up=122 105 134 153 , id of local node=161 201 197 38 , id of predecessor=150 178 181 209 
2025-02-07 04:01:08 FATAL 161 201 197 38 :379  - The rare situation has occured at time 1738918868507, id to look up=117 152 143 90 , id of local node=161 201 197 38 , id of predecessor=150 178 181 209 
2025-02-07 04:01:08 FATAL 161 201 197 38 :379  - The rare situation has occured at time 1738918868787, id to look up=108 10 199 108 , id of local node=161 201 197 38 , id of predecessor=150 178 181 209 
2025-02-07 04:01:09 FATAL 161 201 197 38 :379  - The rare situation has occured at time 1738918869817, id to look up=120 78 240 5 , id of local node=161 201 197 38 , id of predecessor=150 178 181 209 
2025-02-07 04:01:09 FATAL 161 201 197 38 :379  - The rare situation has occured at time 1738918869937, id to look up=108 76 4 190 , id of local node=161 201 197 38 , id of predecessor=150 178 181 209 
2025-02-07 04:01:10 FATAL 161 201 197 38 :379  - The rare situation has occured at time 1738918870868, id to look up=109 14 16 80 , id of local node=161 201 197 38 , id of predecessor=150 178 181 209 
2025-02-07 04:01:12 FATAL 161 201 197 38 :379  - The rare situation has occured at time 1738918872917, id to look up=74 194 187 255 , id of local node=161 201 197 38 , id of predecessor=150 178 181 209 
2025-02-07 04:01:13 FATAL 161 201 197 38 :379  - The rare situation has occured at time 1738918873778, id to look up=81 234 198 180 , id of local node=161 201 197 38 , id of predecessor=150 178 181 209 
2025-02-07 04:01:14 FATAL 161 201 197 38 :379  - The rare situation has occured at time 1738918874767, id to look up=102 143 55 216 , id of local node=161 201 197 38 , id of predecessor=150 178 181 209 
2025-02-07 04:01:15 FATAL 161 201 197 38 :379  - The rare situation has occured at time 1738918875196, id to look up=111 148 110 38 , id of local node=161 201 197 38 , id of predecessor=150 178 181 209 
2025-02-07 04:01:16 FATAL 161 201 197 38 :379  - The rare situation has occured at time 1738918876970, id to look up=110 117 210 58 , id of local node=161 201 197 38 , id of predecessor=150 178 181 209 
2025-02-07 04:01:18 FATAL 161 201 197 38 :379  - The rare situation has occured at time 1738918878726, id to look up=108 199 29 145 , id of local node=161 201 197 38 , id of predecessor=150 178 181 209 
2025-02-07 04:01:19 FATAL 161 201 197 38 :379  - The rare situation has occured at time 1738918879503, id to look up=119 214 122 177 , id of local node=161 201 197 38 , id of predecessor=150 178 181 209 
2025-02-07 04:01:20 FATAL 161 201 197 38 :379  - The rare situation has occured at time 1738918880278, id to look up=147 224 151 227 , id of local node=161 201 197 38 , id of predecessor=150 178 181 209 
2025-02-07 04:01:21 FATAL 161 201 197 38 :379  - The rare situation has occured at time 1738918881406, id to look up=113 16 224 211 , id of local node=161 201 197 38 , id of predecessor=150 178 181 209 
2025-02-07 04:01:22 FATAL 161 201 197 38 :379  - The rare situation has occured at time 1738918882291, id to look up=109 93 176 232 , id of local node=161 201 197 38 , id of predecessor=150 178 181 209 
