2025-02-07 03:50:28 WARN  OpenChordTest:205  - Peer joined at ocsocket://localhost:8101/ via ocsocket://localhost:8080/
2025-02-07 03:50:28 WARN  OpenChordTest:58  - Insert time for key 21 = 95 ms
2025-02-07 03:50:28 WARN  OpenChordTest:60  - Inserted (21, default)
2025-02-07 03:50:28 WARN  OpenChordTest:64  - Memory usage at ocsocket://localhost:8101/ = 17 MB
2025-02-07 03:52:21 FATAL 31 80 111 140 :379  - The rare situation has occured at time 1738918341780, id to look up=119 222 104 218 , id of local node=31 80 111 140 , id of predecessor=29 180 217 92 
2025-02-07 03:52:23 FATAL 31 80 111 140 :379  - The rare situation has occured at time 1738918343790, id to look up=254 93 187 206 , id of local node=31 80 111 140 , id of predecessor=29 180 217 92 
2025-02-07 03:52:24 FATAL 31 80 111 140 :379  - The rare situation has occured at time 1738918344526, id to look up=123 82 0 155 , id of local node=31 80 111 140 , id of predecessor=29 180 217 92 
2025-02-07 03:52:25 FATAL 31 80 111 140 :379  - The rare situation has occured at time 1738918345794, id to look up=77 19 75 192 , id of local node=31 80 111 140 , id of predecessor=29 180 217 92 
2025-02-07 03:52:26 FATAL 31 80 111 140 :379  - The rare situation has occured at time 1738918346946, id to look up=119 25 161 199 , id of local node=31 80 111 140 , id of predecessor=29 180 217 92 
2025-02-07 03:53:38 FATAL 31 80 111 140 :379  - The rare situation has occured at time 1738918418765, id to look up=119 222 104 218 , id of local node=31 80 111 140 , id of predecessor=29 180 217 92 
2025-02-07 03:53:40 FATAL 31 80 111 140 :379  - The rare situation has occured at time 1738918420056, id to look up=254 93 187 206 , id of local node=31 80 111 140 , id of predecessor=29 180 217 92 
2025-02-07 03:53:40 FATAL 31 80 111 140 :379  - The rare situation has occured at time 1738918420771, id to look up=123 82 0 155 , id of local node=31 80 111 140 , id of predecessor=29 180 217 92 
2025-02-07 03:53:42 FATAL 31 80 111 140 :379  - The rare situation has occured at time 1738918422893, id to look up=77 19 75 192 , id of local node=31 80 111 140 , id of predecessor=29 180 217 92 
2025-02-07 03:53:43 FATAL 31 80 111 140 :379  - The rare situation has occured at time 1738918423755, id to look up=119 25 161 199 , id of local node=31 80 111 140 , id of predecessor=29 180 217 92 
2025-02-07 03:53:46 FATAL 31 80 111 140 :379  - The rare situation has occured at time 1738918426491, id to look up=118 31 34 178 , id of local node=31 80 111 140 , id of predecessor=29 180 217 92 
2025-02-07 03:53:48 FATAL 31 80 111 140 :379  - The rare situation has occured at time 1738918428245, id to look up=100 224 149 254 , id of local node=31 80 111 140 , id of predecessor=29 180 217 92 
2025-02-07 03:53:49 FATAL 31 80 111 140 :379  - The rare situation has occured at time 1738918429675, id to look up=84 206 185 18 , id of local node=31 80 111 140 , id of predecessor=29 180 217 92 
2025-02-07 03:53:50 FATAL 31 80 111 140 :379  - The rare situation has occured at time 1738918430545, id to look up=102 123 229 67 , id of local node=31 80 111 140 , id of predecessor=29 180 217 92 
2025-02-07 03:53:51 FATAL 31 80 111 140 :379  - The rare situation has occured at time 1738918431081, id to look up=108 30 103 31 , id of local node=31 80 111 140 , id of predecessor=29 180 217 92 
2025-02-07 03:53:52 FATAL 31 80 111 140 :379  - The rare situation has occured at time 1738918432214, id to look up=81 26 65 142 , id of local node=31 80 111 140 , id of predecessor=29 180 217 92 
2025-02-07 03:54:52 FATAL 31 80 111 140 :379  - The rare situation has occured at time 1738918492021, id to look up=119 222 104 218 , id of local node=31 80 111 140 , id of predecessor=29 180 217 92 
2025-02-07 03:54:53 FATAL 31 80 111 140 :379  - The rare situation has occured at time 1738918493606, id to look up=254 93 187 206 , id of local node=31 80 111 140 , id of predecessor=29 180 217 92 
2025-02-07 03:54:54 FATAL 31 80 111 140 :379  - The rare situation has occured at time 1738918494331, id to look up=123 82 0 155 , id of local node=31 80 111 140 , id of predecessor=29 180 217 92 
2025-02-07 03:54:56 FATAL 31 80 111 140 :379  - The rare situation has occured at time 1738918496204, id to look up=77 19 75 192 , id of local node=31 80 111 140 , id of predecessor=29 180 217 92 
2025-02-07 03:54:57 FATAL 31 80 111 140 :379  - The rare situation has occured at time 1738918497135, id to look up=119 25 161 199 , id of local node=31 80 111 140 , id of predecessor=29 180 217 92 
2025-02-07 03:54:59 FATAL 31 80 111 140 :379  - The rare situation has occured at time 1738918499892, id to look up=118 31 34 178 , id of local node=31 80 111 140 , id of predecessor=29 180 217 92 
2025-02-07 03:55:01 FATAL 31 80 111 140 :379  - The rare situation has occured at time 1738918501695, id to look up=100 224 149 254 , id of local node=31 80 111 140 , id of predecessor=29 180 217 92 
2025-02-07 03:55:03 FATAL 31 80 111 140 :379  - The rare situation has occured at time 1738918503154, id to look up=84 206 185 18 , id of local node=31 80 111 140 , id of predecessor=29 180 217 92 
2025-02-07 03:55:03 FATAL 31 80 111 140 :379  - The rare situation has occured at time 1738918503410, id to look up=102 123 229 67 , id of local node=31 80 111 140 , id of predecessor=29 180 217 92 
2025-02-07 03:55:03 FATAL 31 80 111 140 :379  - The rare situation has occured at time 1738918503966, id to look up=108 30 103 31 , id of local node=31 80 111 140 , id of predecessor=29 180 217 92 
2025-02-07 03:55:05 FATAL 31 80 111 140 :379  - The rare situation has occured at time 1738918505119, id to look up=81 26 65 142 , id of local node=31 80 111 140 , id of predecessor=29 180 217 92 
2025-02-07 03:55:06 FATAL 31 80 111 140 :379  - The rare situation has occured at time 1738918506040, id to look up=89 18 154 172 , id of local node=31 80 111 140 , id of predecessor=29 180 217 92 
2025-02-07 03:55:06 FATAL 31 80 111 140 :379  - The rare situation has occured at time 1738918506420, id to look up=77 137 210 148 , id of local node=31 80 111 140 , id of predecessor=29 180 217 92 
2025-02-07 03:55:09 FATAL 31 80 111 140 :379  - The rare situation has occured at time 1738918509196, id to look up=118 84 111 154 , id of local node=31 80 111 140 , id of predecessor=29 180 217 92 
2025-02-07 03:55:10 FATAL 31 80 111 140 :379  - The rare situation has occured at time 1738918510669, id to look up=76 214 109 250 , id of local node=31 80 111 140 , id of predecessor=29 180 217 92 
2025-02-07 03:55:11 FATAL 31 80 111 140 :379  - The rare situation has occured at time 1738918511747, id to look up=111 184 74 237 , id of local node=31 80 111 140 , id of predecessor=29 180 217 92 
2025-02-07 03:55:13 FATAL 31 80 111 140 :379  - The rare situation has occured at time 1738918513596, id to look up=120 168 239 203 , id of local node=31 80 111 140 , id of predecessor=29 180 217 92 
2025-02-07 03:55:14 FATAL 31 80 111 140 :379  - The rare situation has occured at time 1738918514171, id to look up=114 36 249 151 , id of local node=31 80 111 140 , id of predecessor=29 180 217 92 
2025-02-07 03:55:14 FATAL 31 80 111 140 :379  - The rare situation has occured at time 1738918514351, id to look up=82 78 5 220 , id of local node=31 80 111 140 , id of predecessor=29 180 217 92 
2025-02-07 03:55:15 FATAL 31 80 111 140 :379  - The rare situation has occured at time 1738918515300, id to look up=104 62 114 92 , id of local node=31 80 111 140 , id of predecessor=29 180 217 92 
2025-02-07 03:55:16 FATAL 31 80 111 140 :379  - The rare situation has occured at time 1738918516511, id to look up=119 91 197 195 , id of local node=31 80 111 140 , id of predecessor=29 180 217 92 
2025-02-07 03:56:22 FATAL 31 80 111 140 :379  - The rare situation has occured at time 1738918582215, id to look up=119 222 104 218 , id of local node=31 80 111 140 , id of predecessor=29 180 217 92 
2025-02-07 03:56:23 FATAL 31 80 111 140 :379  - The rare situation has occured at time 1738918583224, id to look up=254 93 187 206 , id of local node=31 80 111 140 , id of predecessor=29 180 217 92 
2025-02-07 03:56:24 FATAL 31 80 111 140 :379  - The rare situation has occured at time 1738918584409, id to look up=123 82 0 155 , id of local node=31 80 111 140 , id of predecessor=29 180 217 92 
2025-02-07 03:56:26 FATAL 31 80 111 140 :379  - The rare situation has occured at time 1738918586572, id to look up=77 19 75 192 , id of local node=31 80 111 140 , id of predecessor=29 180 217 92 
2025-02-07 03:56:27 FATAL 31 80 111 140 :379  - The rare situation has occured at time 1738918587473, id to look up=119 25 161 199 , id of local node=31 80 111 140 , id of predecessor=29 180 217 92 
2025-02-07 03:56:30 FATAL 31 80 111 140 :379  - The rare situation has occured at time 1738918590221, id to look up=118 31 34 178 , id of local node=31 80 111 140 , id of predecessor=29 180 217 92 
2025-02-07 03:56:32 FATAL 31 80 111 140 :379  - The rare situation has occured at time 1738918592013, id to look up=100 224 149 254 , id of local node=31 80 111 140 , id of predecessor=29 180 217 92 
2025-02-07 03:56:33 FATAL 31 80 111 140 :379  - The rare situation has occured at time 1738918593453, id to look up=84 206 185 18 , id of local node=31 80 111 140 , id of predecessor=29 180 217 92 
2025-02-07 03:56:34 FATAL 31 80 111 140 :379  - The rare situation has occured at time 1738918594353, id to look up=102 123 229 67 , id of local node=31 80 111 140 , id of predecessor=29 180 217 92 
2025-02-07 03:56:34 FATAL 31 80 111 140 :379  - The rare situation has occured at time 1738918594879, id to look up=108 30 103 31 , id of local node=31 80 111 140 , id of predecessor=29 180 217 92 
2025-02-07 03:56:36 FATAL 31 80 111 140 :379  - The rare situation has occured at time 1738918596063, id to look up=81 26 65 142 , id of local node=31 80 111 140 , id of predecessor=29 180 217 92 
2025-02-07 03:56:36 FATAL 31 80 111 140 :379  - The rare situation has occured at time 1738918596973, id to look up=89 18 154 172 , id of local node=31 80 111 140 , id of predecessor=29 180 217 92 
2025-02-07 03:56:37 FATAL 31 80 111 140 :379  - The rare situation has occured at time 1738918597353, id to look up=77 137 210 148 , id of local node=31 80 111 140 , id of predecessor=29 180 217 92 
2025-02-07 03:56:39 FATAL 31 80 111 140 :379  - The rare situation has occured at time 1738918599551, id to look up=118 84 111 154 , id of local node=31 80 111 140 , id of predecessor=29 180 217 92 
2025-02-07 03:56:41 FATAL 31 80 111 140 :379  - The rare situation has occured at time 1738918601024, id to look up=76 214 109 250 , id of local node=31 80 111 140 , id of predecessor=29 180 217 92 
2025-02-07 03:56:42 FATAL 31 80 111 140 :379  - The rare situation has occured at time 1738918602122, id to look up=111 184 74 237 , id of local node=31 80 111 140 , id of predecessor=29 180 217 92 
2025-02-07 03:56:43 FATAL 31 80 111 140 :379  - The rare situation has occured at time 1738918603971, id to look up=120 168 239 203 , id of local node=31 80 111 140 , id of predecessor=29 180 217 92 
2025-02-07 03:56:44 FATAL 31 80 111 140 :379  - The rare situation has occured at time 1738918604545, id to look up=114 36 249 151 , id of local node=31 80 111 140 , id of predecessor=29 180 217 92 
2025-02-07 03:56:44 FATAL 31 80 111 140 :379  - The rare situation has occured at time 1738918604705, id to look up=82 78 5 220 , id of local node=31 80 111 140 , id of predecessor=29 180 217 92 
2025-02-07 03:56:45 FATAL 31 80 111 140 :379  - The rare situation has occured at time 1738918605655, id to look up=104 62 114 92 , id of local node=31 80 111 140 , id of predecessor=29 180 217 92 
2025-02-07 03:56:46 FATAL 31 80 111 140 :379  - The rare situation has occured at time 1738918606864, id to look up=119 91 197 195 , id of local node=31 80 111 140 , id of predecessor=29 180 217 92 
2025-02-07 03:56:50 FATAL 31 80 111 140 :379  - The rare situation has occured at time 1738918610354, id to look up=86 173 77 77 , id of local node=31 80 111 140 , id of predecessor=29 180 217 92 
2025-02-07 03:56:52 FATAL 31 80 111 140 :379  - The rare situation has occured at time 1738918612105, id to look up=115 32 130 140 , id of local node=31 80 111 140 , id of predecessor=29 180 217 92 
2025-02-07 03:56:52 FATAL 31 80 111 140 :379  - The rare situation has occured at time 1738918612315, id to look up=80 51 107 198 , id of local node=31 80 111 140 , id of predecessor=29 180 217 92 
2025-02-07 03:56:53 FATAL 31 80 111 140 :379  - The rare situation has occured at time 1738918613163, id to look up=83 111 182 147 , id of local node=31 80 111 140 , id of predecessor=29 180 217 92 
2025-02-07 03:56:55 FATAL 31 80 111 140 :379  - The rare situation has occured at time 1738918615474, id to look up=107 98 119 175 , id of local node=31 80 111 140 , id of predecessor=29 180 217 92 
2025-02-07 03:56:56 FATAL 31 80 111 140 :379  - The rare situation has occured at time 1738918616685, id to look up=116 203 210 194 , id of local node=31 80 111 140 , id of predecessor=29 180 217 92 
2025-02-07 03:56:57 FATAL 31 80 111 140 :379  - The rare situation has occured at time 1738918617214, id to look up=105 229 105 118 , id of local node=31 80 111 140 , id of predecessor=29 180 217 92 
2025-02-07 03:56:57 FATAL 31 80 111 140 :379  - The rare situation has occured at time 1738918617345, id to look up=112 138 119 219 , id of local node=31 80 111 140 , id of predecessor=29 180 217 92 
2025-02-07 03:56:57 FATAL 31 80 111 140 :379  - The rare situation has occured at time 1738918617782, id to look up=113 123 47 61 , id of local node=31 80 111 140 , id of predecessor=29 180 217 92 
2025-02-07 03:56:58 FATAL 31 80 111 140 :379  - The rare situation has occured at time 1738918618575, id to look up=87 46 32 115 , id of local node=31 80 111 140 , id of predecessor=29 180 217 92 
2025-02-07 03:57:00 FATAL 31 80 111 140 :379  - The rare situation has occured at time 1738918620412, id to look up=88 240 116 73 , id of local node=31 80 111 140 , id of predecessor=29 180 217 92 
2025-02-07 03:57:02 FATAL 31 80 111 140 :379  - The rare situation has occured at time 1738918622404, id to look up=117 42 231 189 , id of local node=31 80 111 140 , id of predecessor=29 180 217 92 
2025-02-07 03:57:02 FATAL 31 80 111 140 :379  - The rare situation has occured at time 1738918622534, id to look up=77 234 29 174 , id of local node=31 80 111 140 , id of predecessor=29 180 217 92 
2025-02-07 03:57:04 FATAL 31 80 111 140 :379  - The rare situation has occured at time 1738918624721, id to look up=74 250 143 158 , id of local node=31 80 111 140 , id of predecessor=29 180 217 92 
2025-02-07 03:57:09 FATAL 31 80 111 140 :379  - The rare situation has occured at time 1738918629083, id to look up=76 130 5 218 , id of local node=31 80 111 140 , id of predecessor=29 180 217 92 
2025-02-07 03:57:09 FATAL 31 80 111 140 :379  - The rare situation has occured at time 1738918629702, id to look up=79 15 92 150 , id of local node=31 80 111 140 , id of predecessor=29 180 217 92 
2025-02-07 03:57:09 FATAL 31 80 111 140 :379  - The rare situation has occured at time 1738918629825, id to look up=82 253 185 246 , id of local node=31 80 111 140 , id of predecessor=29 180 217 92 
2025-02-07 03:57:09 FATAL 31 80 111 140 :379  - The rare situation has occured at time 1738918629890, id to look up=88 65 48 224 , id of local node=31 80 111 140 , id of predecessor=29 180 217 92 
2025-02-07 03:57:10 FATAL 31 80 111 140 :379  - The rare situation has occured at time 1738918630751, id to look up=74 247 249 237 , id of local node=31 80 111 140 , id of predecessor=29 180 217 92 
2025-02-07 03:57:12 FATAL 31 80 111 140 :379  - The rare situation has occured at time 1738918632780, id to look up=76 21 220 33 , id of local node=31 80 111 140 , id of predecessor=29 180 217 92 
2025-02-07 03:59:45 FATAL 31 80 111 140 :379  - The rare situation has occured at time 1738918785104, id to look up=119 222 104 218 , id of local node=31 80 111 140 , id of predecessor=29 180 217 92 
2025-02-07 03:59:46 FATAL 31 80 111 140 :379  - The rare situation has occured at time 1738918786594, id to look up=254 93 187 206 , id of local node=31 80 111 140 , id of predecessor=29 180 217 92 
2025-02-07 03:59:47 FATAL 31 80 111 140 :379  - The rare situation has occured at time 1738918787321, id to look up=123 82 0 155 , id of local node=31 80 111 140 , id of predecessor=29 180 217 92 
2025-02-07 03:59:48 FATAL 31 80 111 140 :379  - The rare situation has occured at time 1738918788589, id to look up=77 19 75 192 , id of local node=31 80 111 140 , id of predecessor=29 180 217 92 
2025-02-07 03:59:49 FATAL 31 80 111 140 :379  - The rare situation has occured at time 1738918789490, id to look up=119 25 161 199 , id of local node=31 80 111 140 , id of predecessor=29 180 217 92 
2025-02-07 03:59:52 FATAL 31 80 111 140 :379  - The rare situation has occured at time 1738918792207, id to look up=118 31 34 178 , id of local node=31 80 111 140 , id of predecessor=29 180 217 92 
2025-02-07 03:59:53 FATAL 31 80 111 140 :379  - The rare situation has occured at time 1738918793970, id to look up=100 224 149 254 , id of local node=31 80 111 140 , id of predecessor=29 180 217 92 
2025-02-07 03:59:55 FATAL 31 80 111 140 :379  - The rare situation has occured at time 1738918795369, id to look up=84 206 185 18 , id of local node=31 80 111 140 , id of predecessor=29 180 217 92 
2025-02-07 03:59:56 FATAL 31 80 111 140 :379  - The rare situation has occured at time 1738918796269, id to look up=102 123 229 67 , id of local node=31 80 111 140 , id of predecessor=29 180 217 92 
2025-02-07 03:59:56 FATAL 31 80 111 140 :379  - The rare situation has occured at time 1738918796796, id to look up=108 30 103 31 , id of local node=31 80 111 140 , id of predecessor=29 180 217 92 
2025-02-07 03:59:57 FATAL 31 80 111 140 :379  - The rare situation has occured at time 1738918797959, id to look up=81 26 65 142 , id of local node=31 80 111 140 , id of predecessor=29 180 217 92 
2025-02-07 03:59:58 FATAL 31 80 111 140 :379  - The rare situation has occured at time 1738918798861, id to look up=89 18 154 172 , id of local node=31 80 111 140 , id of predecessor=29 180 217 92 
2025-02-07 03:59:59 FATAL 31 80 111 140 :379  - The rare situation has occured at time 1738918799230, id to look up=77 137 210 148 , id of local node=31 80 111 140 , id of predecessor=29 180 217 92 
2025-02-07 04:00:02 FATAL 31 80 111 140 :379  - The rare situation has occured at time 1738918802016, id to look up=118 84 111 154 , id of local node=31 80 111 140 , id of predecessor=29 180 217 92 
2025-02-07 04:00:03 FATAL 31 80 111 140 :379  - The rare situation has occured at time 1738918803449, id to look up=76 214 109 250 , id of local node=31 80 111 140 , id of predecessor=29 180 217 92 
2025-02-07 04:00:04 FATAL 31 80 111 140 :379  - The rare situation has occured at time 1738918804557, id to look up=111 184 74 237 , id of local node=31 80 111 140 , id of predecessor=29 180 217 92 
2025-02-07 04:00:06 FATAL 31 80 111 140 :379  - The rare situation has occured at time 1738918806436, id to look up=120 168 239 203 , id of local node=31 80 111 140 , id of predecessor=29 180 217 92 
2025-02-07 04:00:07 FATAL 31 80 111 140 :379  - The rare situation has occured at time 1738918807049, id to look up=114 36 249 151 , id of local node=31 80 111 140 , id of predecessor=29 180 217 92 
2025-02-07 04:00:07 FATAL 31 80 111 140 :379  - The rare situation has occured at time 1738918807220, id to look up=82 78 5 220 , id of local node=31 80 111 140 , id of predecessor=29 180 217 92 
2025-02-07 04:00:08 FATAL 31 80 111 140 :379  - The rare situation has occured at time 1738918808209, id to look up=104 62 114 92 , id of local node=31 80 111 140 , id of predecessor=29 180 217 92 
2025-02-07 04:00:09 FATAL 31 80 111 140 :379  - The rare situation has occured at time 1738918809429, id to look up=119 91 197 195 , id of local node=31 80 111 140 , id of predecessor=29 180 217 92 
2025-02-07 04:00:12 FATAL 31 80 111 140 :379  - The rare situation has occured at time 1738918812908, id to look up=86 173 77 77 , id of local node=31 80 111 140 , id of predecessor=29 180 217 92 
2025-02-07 04:00:14 FATAL 31 80 111 140 :379  - The rare situation has occured at time 1738918814709, id to look up=115 32 130 140 , id of local node=31 80 111 140 , id of predecessor=29 180 217 92 
2025-02-07 04:00:14 FATAL 31 80 111 140 :379  - The rare situation has occured at time 1738918814949, id to look up=80 51 107 198 , id of local node=31 80 111 140 , id of predecessor=29 180 217 92 
2025-02-07 04:00:15 FATAL 31 80 111 140 :379  - The rare situation has occured at time 1738918815809, id to look up=83 111 182 147 , id of local node=31 80 111 140 , id of predecessor=29 180 217 92 
2025-02-07 04:00:18 FATAL 31 80 111 140 :379  - The rare situation has occured at time 1738918818049, id to look up=107 98 119 175 , id of local node=31 80 111 140 , id of predecessor=29 180 217 92 
2025-02-07 04:00:19 FATAL 31 80 111 140 :379  - The rare situation has occured at time 1738918819240, id to look up=116 203 210 194 , id of local node=31 80 111 140 , id of predecessor=29 180 217 92 
2025-02-07 04:00:19 FATAL 31 80 111 140 :379  - The rare situation has occured at time 1738918819749, id to look up=105 229 105 118 , id of local node=31 80 111 140 , id of predecessor=29 180 217 92 
2025-02-07 04:00:19 FATAL 31 80 111 140 :379  - The rare situation has occured at time 1738918819879, id to look up=112 138 119 219 , id of local node=31 80 111 140 , id of predecessor=29 180 217 92 
2025-02-07 04:00:19 FATAL 31 80 111 140 :379  - The rare situation has occured at time 1738918819740, id to look up=113 123 47 61 , id of local node=31 80 111 140 , id of predecessor=29 180 217 92 
2025-02-07 04:00:20 FATAL 31 80 111 140 :379  - The rare situation has occured at time 1738918820563, id to look up=87 46 32 115 , id of local node=31 80 111 140 , id of predecessor=29 180 217 92 
2025-02-07 04:00:22 FATAL 31 80 111 140 :379  - The rare situation has occured at time 1738918822380, id to look up=88 240 116 73 , id of local node=31 80 111 140 , id of predecessor=29 180 217 92 
2025-02-07 04:00:24 FATAL 31 80 111 140 :379  - The rare situation has occured at time 1738918824412, id to look up=117 42 231 189 , id of local node=31 80 111 140 , id of predecessor=29 180 217 92 
2025-02-07 04:00:24 FATAL 31 80 111 140 :379  - The rare situation has occured at time 1738918824543, id to look up=77 234 29 174 , id of local node=31 80 111 140 , id of predecessor=29 180 217 92 
2025-02-07 04:00:26 FATAL 31 80 111 140 :379  - The rare situation has occured at time 1738918826760, id to look up=74 250 143 158 , id of local node=31 80 111 140 , id of predecessor=29 180 217 92 
2025-02-07 04:00:31 FATAL 31 80 111 140 :379  - The rare situation has occured at time 1738918831133, id to look up=76 130 5 218 , id of local node=31 80 111 140 , id of predecessor=29 180 217 92 
2025-02-07 04:00:31 FATAL 31 80 111 140 :379  - The rare situation has occured at time 1738918831790, id to look up=79 15 92 150 , id of local node=31 80 111 140 , id of predecessor=29 180 217 92 
2025-02-07 04:00:31 FATAL 31 80 111 140 :379  - The rare situation has occured at time 1738918831933, id to look up=82 253 185 246 , id of local node=31 80 111 140 , id of predecessor=29 180 217 92 
2025-02-07 04:00:32 FATAL 31 80 111 140 :379  - The rare situation has occured at time 1738918832572, id to look up=88 65 48 224 , id of local node=31 80 111 140 , id of predecessor=29 180 217 92 
2025-02-07 04:00:33 FATAL 31 80 111 140 :379  - The rare situation has occured at time 1738918833413, id to look up=74 247 249 237 , id of local node=31 80 111 140 , id of predecessor=29 180 217 92 
2025-02-07 04:00:35 FATAL 31 80 111 140 :379  - The rare situation has occured at time 1738918835442, id to look up=76 21 220 33 , id of local node=31 80 111 140 , id of predecessor=29 180 217 92 
2025-02-07 04:00:37 FATAL 31 80 111 140 :379  - The rare situation has occured at time 1738918837282, id to look up=104 42 3 244 , id of local node=31 80 111 140 , id of predecessor=29 180 217 92 
2025-02-07 04:00:38 FATAL 31 80 111 140 :379  - The rare situation has occured at time 1738918838550, id to look up=115 59 87 174 , id of local node=31 80 111 140 , id of predecessor=29 180 217 92 
2025-02-07 04:00:39 FATAL 31 80 111 140 :379  - The rare situation has occured at time 1738918839253, id to look up=109 54 52 121 , id of local node=31 80 111 140 , id of predecessor=29 180 217 92 
2025-02-07 04:00:39 FATAL 31 80 111 140 :379  - The rare situation has occured at time 1738918839473, id to look up=104 181 25 63 , id of local node=31 80 111 140 , id of predecessor=29 180 217 92 
2025-02-07 04:00:41 FATAL 31 80 111 140 :379  - The rare situation has occured at time 1738918841320, id to look up=107 15 77 153 , id of local node=31 80 111 140 , id of predecessor=29 180 217 92 
2025-02-07 04:00:42 FATAL 31 80 111 140 :379  - The rare situation has occured at time 1738918842942, id to look up=75 46 57 40 , id of local node=31 80 111 140 , id of predecessor=29 180 217 92 
2025-02-07 04:00:43 FATAL 31 80 111 140 :379  - The rare situation has occured at time 1738918843683, id to look up=120 125 65 217 , id of local node=31 80 111 140 , id of predecessor=29 180 217 92 
2025-02-07 04:00:44 FATAL 31 80 111 140 :379  - The rare situation has occured at time 1738918844393, id to look up=121 129 110 203 , id of local node=31 80 111 140 , id of predecessor=29 180 217 92 
2025-02-07 04:00:44 FATAL 31 80 111 140 :379  - The rare situation has occured at time 1738918844933, id to look up=114 193 151 91 , id of local node=31 80 111 140 , id of predecessor=29 180 217 92 
2025-02-07 04:00:47 FATAL 31 80 111 140 :379  - The rare situation has occured at time 1738918847002, id to look up=110 33 252 230 , id of local node=31 80 111 140 , id of predecessor=29 180 217 92 
2025-02-07 04:00:48 FATAL 31 80 111 140 :379  - The rare situation has occured at time 1738918848912, id to look up=85 71 246 49 , id of local node=31 80 111 140 , id of predecessor=29 180 217 92 
2025-02-07 04:00:50 FATAL 31 80 111 140 :379  - The rare situation has occured at time 1738918850361, id to look up=255 251 142 133 , id of local node=31 80 111 140 , id of predecessor=29 180 217 92 
2025-02-07 04:00:51 FATAL 31 80 111 140 :379  - The rare situation has occured at time 1738918851200, id to look up=108 65 16 31 , id of local node=31 80 111 140 , id of predecessor=29 180 217 92 
2025-02-07 04:00:52 FATAL 31 80 111 140 :379  - The rare situation has occured at time 1738918852357, id to look up=0 38 71 106 , id of local node=31 80 111 140 , id of predecessor=29 180 217 92 
2025-02-07 04:00:54 FATAL 31 80 111 140 :379  - The rare situation has occured at time 1738918854126, id to look up=86 228 58 228 , id of local node=31 80 111 140 , id of predecessor=29 180 217 92 
2025-02-07 04:00:56 FATAL 31 80 111 140 :379  - The rare situation has occured at time 1738918856589, id to look up=109 147 242 160 , id of local node=31 80 111 140 , id of predecessor=29 180 217 92 
2025-02-07 04:00:56 FATAL 31 80 111 140 :379  - The rare situation has occured at time 1738918856770, id to look up=74 14 136 207 , id of local node=31 80 111 140 , id of predecessor=29 180 217 92 
2025-02-07 04:01:00 FATAL 31 80 111 140 :379  - The rare situation has occured at time 1738918860887, id to look up=76 98 156 76 , id of local node=31 80 111 140 , id of predecessor=29 180 217 92 
2025-02-07 04:01:04 FATAL 31 80 111 140 :379  - The rare situation has occured at time 1738918864667, id to look up=110 155 153 56 , id of local node=31 80 111 140 , id of predecessor=29 180 217 92 
2025-02-07 04:01:04 FATAL 31 80 111 140 :379  - The rare situation has occured at time 1738918864890, id to look up=87 21 170 2 , id of local node=31 80 111 140 , id of predecessor=29 180 217 92 
2025-02-07 04:01:05 FATAL 31 80 111 140 :379  - The rare situation has occured at time 1738918865757, id to look up=77 199 120 41 , id of local node=31 80 111 140 , id of predecessor=29 180 217 92 
2025-02-07 04:01:06 FATAL 31 80 111 140 :379  - The rare situation has occured at time 1738918866196, id to look up=122 149 86 52 , id of local node=31 80 111 140 , id of predecessor=29 180 217 92 
2025-02-07 04:01:07 FATAL 31 80 111 140 :379  - The rare situation has occured at time 1738918867300, id to look up=119 135 54 116 , id of local node=31 80 111 140 , id of predecessor=29 180 217 92 
2025-02-07 04:01:08 FATAL 31 80 111 140 :379  - The rare situation has occured at time 1738918868120, id to look up=122 105 134 153 , id of local node=31 80 111 140 , id of predecessor=29 180 217 92 
2025-02-07 04:01:08 FATAL 31 80 111 140 :379  - The rare situation has occured at time 1738918868500, id to look up=117 152 143 90 , id of local node=31 80 111 140 , id of predecessor=29 180 217 92 
2025-02-07 04:01:08 FATAL 31 80 111 140 :379  - The rare situation has occured at time 1738918868780, id to look up=108 10 199 108 , id of local node=31 80 111 140 , id of predecessor=29 180 217 92 
2025-02-07 04:01:09 FATAL 31 80 111 140 :379  - The rare situation has occured at time 1738918869260, id to look up=120 78 240 5 , id of local node=31 80 111 140 , id of predecessor=29 180 217 92 
2025-02-07 04:01:09 FATAL 31 80 111 140 :379  - The rare situation has occured at time 1738918869929, id to look up=108 76 4 190 , id of local node=31 80 111 140 , id of predecessor=29 180 217 92 
2025-02-07 04:01:10 FATAL 31 80 111 140 :379  - The rare situation has occured at time 1738918870369, id to look up=109 14 16 80 , id of local node=31 80 111 140 , id of predecessor=29 180 217 92 
2025-02-07 04:01:12 FATAL 31 80 111 140 :379  - The rare situation has occured at time 1738918872859, id to look up=74 194 187 255 , id of local node=31 80 111 140 , id of predecessor=29 180 217 92 
2025-02-07 04:01:13 FATAL 31 80 111 140 :379  - The rare situation has occured at time 1738918873239, id to look up=81 234 198 180 , id of local node=31 80 111 140 , id of predecessor=29 180 217 92 
2025-02-07 04:01:14 FATAL 31 80 111 140 :379  - The rare situation has occured at time 1738918874420, id to look up=102 143 55 216 , id of local node=31 80 111 140 , id of predecessor=29 180 217 92 
2025-02-07 04:01:15 FATAL 31 80 111 140 :379  - The rare situation has occured at time 1738918875050, id to look up=111 148 110 38 , id of local node=31 80 111 140 , id of predecessor=29 180 217 92 
2025-02-07 04:01:16 FATAL 31 80 111 140 :379  - The rare situation has occured at time 1738918876757, id to look up=110 117 210 58 , id of local node=31 80 111 140 , id of predecessor=29 180 217 92 
2025-02-07 04:01:18 FATAL 31 80 111 140 :379  - The rare situation has occured at time 1738918878349, id to look up=108 199 29 145 , id of local node=31 80 111 140 , id of predecessor=29 180 217 92 
2025-02-07 04:01:19 FATAL 31 80 111 140 :379  - The rare situation has occured at time 1738918879449, id to look up=119 214 122 177 , id of local node=31 80 111 140 , id of predecessor=29 180 217 92 
2025-02-07 04:01:21 FATAL 31 80 111 140 :379  - The rare situation has occured at time 1738918881009, id to look up=113 16 224 211 , id of local node=31 80 111 140 , id of predecessor=29 180 217 92 
2025-02-07 04:01:22 FATAL 31 80 111 140 :379  - The rare situation has occured at time 1738918882229, id to look up=109 93 176 232 , id of local node=31 80 111 140 , id of predecessor=29 180 217 92 
