2025-02-07 03:50:22 WARN  OpenChordTest:205  - Peer joined at ocsocket://localhost:8098/ via ocsocket://localhost:8080/
2025-02-07 03:50:23 WARN  OpenChordTest:58  - Insert time for key 18 = 1013 ms
2025-02-07 03:50:23 WARN  OpenChordTest:60  - Inserted (18, default)
2025-02-07 03:50:23 WARN  OpenChordTest:64  - Memory usage at ocsocket://localhost:8098/ = 18 MB
2025-02-07 03:52:21 FATAL 0 113 70 222 :379  - The rare situation has occured at time 1738918341784, id to look up=119 222 104 218 , id of local node=0 113 70 222 , id of predecessor=254 78 41 228 
2025-02-07 03:52:24 FATAL 0 113 70 222 :379  - The rare situation has occured at time 1738918344676, id to look up=123 82 0 155 , id of local node=0 113 70 222 , id of predecessor=254 78 41 228 
2025-02-07 03:52:25 FATAL 0 113 70 222 :379  - The rare situation has occured at time 1738918345797, id to look up=77 19 75 192 , id of local node=0 113 70 222 , id of predecessor=254 78 41 228 
2025-02-07 03:52:26 FATAL 0 113 70 222 :379  - The rare situation has occured at time 1738918346948, id to look up=119 25 161 199 , id of local node=0 113 70 222 , id of predecessor=254 78 41 228 
2025-02-07 03:53:38 FATAL 0 113 70 222 :379  - The rare situation has occured at time 1738918418767, id to look up=119 222 104 218 , id of local node=0 113 70 222 , id of predecessor=254 78 41 228 
2025-02-07 03:53:40 FATAL 0 113 70 222 :379  - The rare situation has occured at time 1738918420930, id to look up=123 82 0 155 , id of local node=0 113 70 222 , id of predecessor=254 78 41 228 
2025-02-07 03:53:42 FATAL 0 113 70 222 :379  - The rare situation has occured at time 1738918422895, id to look up=77 19 75 192 , id of local node=0 113 70 222 , id of predecessor=254 78 41 228 
2025-02-07 03:53:43 FATAL 0 113 70 222 :379  - The rare situation has occured at time 1738918423757, id to look up=119 25 161 199 , id of local node=0 113 70 222 , id of predecessor=254 78 41 228 
2025-02-07 03:53:46 FATAL 0 113 70 222 :379  - The rare situation has occured at time 1738918426493, id to look up=118 31 34 178 , id of local node=0 113 70 222 , id of predecessor=254 78 41 228 
2025-02-07 03:53:48 FATAL 0 113 70 222 :379  - The rare situation has occured at time 1738918428247, id to look up=100 224 149 254 , id of local node=0 113 70 222 , id of predecessor=254 78 41 228 
2025-02-07 03:53:49 FATAL 0 113 70 222 :379  - The rare situation has occured at time 1738918429677, id to look up=84 206 185 18 , id of local node=0 113 70 222 , id of predecessor=254 78 41 228 
2025-02-07 03:53:50 FATAL 0 113 70 222 :379  - The rare situation has occured at time 1738918430547, id to look up=102 123 229 67 , id of local node=0 113 70 222 , id of predecessor=254 78 41 228 
2025-02-07 03:53:51 FATAL 0 113 70 222 :379  - The rare situation has occured at time 1738918431231, id to look up=108 30 103 31 , id of local node=0 113 70 222 , id of predecessor=254 78 41 228 
2025-02-07 03:53:52 FATAL 0 113 70 222 :379  - The rare situation has occured at time 1738918432216, id to look up=81 26 65 142 , id of local node=0 113 70 222 , id of predecessor=254 78 41 228 
2025-02-07 03:54:52 FATAL 0 113 70 222 :379  - The rare situation has occured at time 1738918492073, id to look up=119 222 104 218 , id of local node=0 113 70 222 , id of predecessor=254 78 41 228 
2025-02-07 03:54:54 FATAL 0 113 70 222 :379  - The rare situation has occured at time 1738918494491, id to look up=123 82 0 155 , id of local node=0 113 70 222 , id of predecessor=254 78 41 228 
2025-02-07 03:54:56 FATAL 0 113 70 222 :379  - The rare situation has occured at time 1738918496206, id to look up=77 19 75 192 , id of local node=0 113 70 222 , id of predecessor=254 78 41 228 
2025-02-07 03:54:57 FATAL 0 113 70 222 :379  - The rare situation has occured at time 1738918497136, id to look up=119 25 161 199 , id of local node=0 113 70 222 , id of predecessor=254 78 41 228 
2025-02-07 03:54:59 FATAL 0 113 70 222 :379  - The rare situation has occured at time 1738918499894, id to look up=118 31 34 178 , id of local node=0 113 70 222 , id of predecessor=254 78 41 228 
2025-02-07 03:55:01 FATAL 0 113 70 222 :379  - The rare situation has occured at time 1738918501697, id to look up=100 224 149 254 , id of local node=0 113 70 222 , id of predecessor=254 78 41 228 
2025-02-07 03:55:03 FATAL 0 113 70 222 :379  - The rare situation has occured at time 1738918503156, id to look up=84 206 185 18 , id of local node=0 113 70 222 , id of predecessor=254 78 41 228 
2025-02-07 03:55:03 FATAL 0 113 70 222 :379  - The rare situation has occured at time 1738918503412, id to look up=102 123 229 67 , id of local node=0 113 70 222 , id of predecessor=254 78 41 228 
2025-02-07 03:55:04 FATAL 0 113 70 222 :379  - The rare situation has occured at time 1738918504116, id to look up=108 30 103 31 , id of local node=0 113 70 222 , id of predecessor=254 78 41 228 
2025-02-07 03:55:05 FATAL 0 113 70 222 :379  - The rare situation has occured at time 1738918505121, id to look up=81 26 65 142 , id of local node=0 113 70 222 , id of predecessor=254 78 41 228 
2025-02-07 03:55:06 FATAL 0 113 70 222 :379  - The rare situation has occured at time 1738918506042, id to look up=89 18 154 172 , id of local node=0 113 70 222 , id of predecessor=254 78 41 228 
2025-02-07 03:55:06 FATAL 0 113 70 222 :379  - The rare situation has occured at time 1738918506421, id to look up=77 137 210 148 , id of local node=0 113 70 222 , id of predecessor=254 78 41 228 
2025-02-07 03:55:09 FATAL 0 113 70 222 :379  - The rare situation has occured at time 1738918509198, id to look up=118 84 111 154 , id of local node=0 113 70 222 , id of predecessor=254 78 41 228 
2025-02-07 03:55:10 FATAL 0 113 70 222 :379  - The rare situation has occured at time 1738918510671, id to look up=76 214 109 250 , id of local node=0 113 70 222 , id of predecessor=254 78 41 228 
2025-02-07 03:55:11 FATAL 0 113 70 222 :379  - The rare situation has occured at time 1738918511748, id to look up=111 184 74 237 , id of local node=0 113 70 222 , id of predecessor=254 78 41 228 
2025-02-07 03:55:13 FATAL 0 113 70 222 :379  - The rare situation has occured at time 1738918513746, id to look up=120 168 239 203 , id of local node=0 113 70 222 , id of predecessor=254 78 41 228 
2025-02-07 03:55:14 FATAL 0 113 70 222 :379  - The rare situation has occured at time 1738918514173, id to look up=114 36 249 151 , id of local node=0 113 70 222 , id of predecessor=254 78 41 228 
2025-02-07 03:55:14 FATAL 0 113 70 222 :379  - The rare situation has occured at time 1738918514353, id to look up=82 78 5 220 , id of local node=0 113 70 222 , id of predecessor=254 78 41 228 
2025-02-07 03:55:15 FATAL 0 113 70 222 :379  - The rare situation has occured at time 1738918515302, id to look up=104 62 114 92 , id of local node=0 113 70 222 , id of predecessor=254 78 41 228 
2025-02-07 03:55:16 FATAL 0 113 70 222 :379  - The rare situation has occured at time 1738918516512, id to look up=119 91 197 195 , id of local node=0 113 70 222 , id of predecessor=254 78 41 228 
2025-02-07 03:56:22 FATAL 0 113 70 222 :379  - The rare situation has occured at time 1738918582219, id to look up=119 222 104 218 , id of local node=0 113 70 222 , id of predecessor=254 78 41 228 
2025-02-07 03:56:24 FATAL 0 113 70 222 :379  - The rare situation has occured at time 1738918584560, id to look up=123 82 0 155 , id of local node=0 113 70 222 , id of predecessor=254 78 41 228 
2025-02-07 03:56:26 FATAL 0 113 70 222 :379  - The rare situation has occured at time 1738918586574, id to look up=77 19 75 192 , id of local node=0 113 70 222 , id of predecessor=254 78 41 228 
2025-02-07 03:56:27 FATAL 0 113 70 222 :379  - The rare situation has occured at time 1738918587474, id to look up=119 25 161 199 , id of local node=0 113 70 222 , id of predecessor=254 78 41 228 
2025-02-07 03:56:30 FATAL 0 113 70 222 :379  - The rare situation has occured at time 1738918590223, id to look up=118 31 34 178 , id of local node=0 113 70 222 , id of predecessor=254 78 41 228 
2025-02-07 03:56:32 FATAL 0 113 70 222 :379  - The rare situation has occured at time 1738918592014, id to look up=100 224 149 254 , id of local node=0 113 70 222 , id of predecessor=254 78 41 228 
2025-02-07 03:56:33 FATAL 0 113 70 222 :379  - The rare situation has occured at time 1738918593455, id to look up=84 206 185 18 , id of local node=0 113 70 222 , id of predecessor=254 78 41 228 
2025-02-07 03:56:34 FATAL 0 113 70 222 :379  - The rare situation has occured at time 1738918594355, id to look up=102 123 229 67 , id of local node=0 113 70 222 , id of predecessor=254 78 41 228 
2025-02-07 03:56:35 FATAL 0 113 70 222 :379  - The rare situation has occured at time 1738918595039, id to look up=108 30 103 31 , id of local node=0 113 70 222 , id of predecessor=254 78 41 228 
2025-02-07 03:56:36 FATAL 0 113 70 222 :379  - The rare situation has occured at time 1738918596065, id to look up=81 26 65 142 , id of local node=0 113 70 222 , id of predecessor=254 78 41 228 
2025-02-07 03:56:36 FATAL 0 113 70 222 :379  - The rare situation has occured at time 1738918596975, id to look up=89 18 154 172 , id of local node=0 113 70 222 , id of predecessor=254 78 41 228 
2025-02-07 03:56:37 FATAL 0 113 70 222 :379  - The rare situation has occured at time 1738918597355, id to look up=77 137 210 148 , id of local node=0 113 70 222 , id of predecessor=254 78 41 228 
2025-02-07 03:56:39 FATAL 0 113 70 222 :379  - The rare situation has occured at time 1738918599553, id to look up=118 84 111 154 , id of local node=0 113 70 222 , id of predecessor=254 78 41 228 
2025-02-07 03:56:41 FATAL 0 113 70 222 :379  - The rare situation has occured at time 1738918601026, id to look up=76 214 109 250 , id of local node=0 113 70 222 , id of predecessor=254 78 41 228 
2025-02-07 03:56:42 FATAL 0 113 70 222 :379  - The rare situation has occured at time 1738918602124, id to look up=111 184 74 237 , id of local node=0 113 70 222 , id of predecessor=254 78 41 228 
2025-02-07 03:56:44 FATAL 0 113 70 222 :379  - The rare situation has occured at time 1738918604122, id to look up=120 168 239 203 , id of local node=0 113 70 222 , id of predecessor=254 78 41 228 
2025-02-07 03:56:44 FATAL 0 113 70 222 :379  - The rare situation has occured at time 1738918604547, id to look up=114 36 249 151 , id of local node=0 113 70 222 , id of predecessor=254 78 41 228 
2025-02-07 03:56:44 FATAL 0 113 70 222 :379  - The rare situation has occured at time 1738918604706, id to look up=82 78 5 220 , id of local node=0 113 70 222 , id of predecessor=254 78 41 228 
2025-02-07 03:56:45 FATAL 0 113 70 222 :379  - The rare situation has occured at time 1738918605657, id to look up=104 62 114 92 , id of local node=0 113 70 222 , id of predecessor=254 78 41 228 
2025-02-07 03:56:46 FATAL 0 113 70 222 :379  - The rare situation has occured at time 1738918606866, id to look up=119 91 197 195 , id of local node=0 113 70 222 , id of predecessor=254 78 41 228 
2025-02-07 03:56:50 FATAL 0 113 70 222 :379  - The rare situation has occured at time 1738918610402, id to look up=86 173 77 77 , id of local node=0 113 70 222 , id of predecessor=254 78 41 228 
2025-02-07 03:56:52 FATAL 0 113 70 222 :379  - The rare situation has occured at time 1738918612107, id to look up=115 32 130 140 , id of local node=0 113 70 222 , id of predecessor=254 78 41 228 
2025-02-07 03:56:52 FATAL 0 113 70 222 :379  - The rare situation has occured at time 1738918612318, id to look up=80 51 107 198 , id of local node=0 113 70 222 , id of predecessor=254 78 41 228 
2025-02-07 03:56:53 FATAL 0 113 70 222 :379  - The rare situation has occured at time 1738918613165, id to look up=83 111 182 147 , id of local node=0 113 70 222 , id of predecessor=254 78 41 228 
2025-02-07 03:56:55 FATAL 0 113 70 222 :379  - The rare situation has occured at time 1738918615475, id to look up=107 98 119 175 , id of local node=0 113 70 222 , id of predecessor=254 78 41 228 
2025-02-07 03:56:56 FATAL 0 113 70 222 :379  - The rare situation has occured at time 1738918616732, id to look up=116 203 210 194 , id of local node=0 113 70 222 , id of predecessor=254 78 41 228 
2025-02-07 03:56:57 FATAL 0 113 70 222 :379  - The rare situation has occured at time 1738918617216, id to look up=105 229 105 118 , id of local node=0 113 70 222 , id of predecessor=254 78 41 228 
2025-02-07 03:56:57 FATAL 0 113 70 222 :379  - The rare situation has occured at time 1738918617347, id to look up=112 138 119 219 , id of local node=0 113 70 222 , id of predecessor=254 78 41 228 
2025-02-07 03:56:57 FATAL 0 113 70 222 :379  - The rare situation has occured at time 1738918617784, id to look up=113 123 47 61 , id of local node=0 113 70 222 , id of predecessor=254 78 41 228 
2025-02-07 03:56:58 FATAL 0 113 70 222 :379  - The rare situation has occured at time 1738918618577, id to look up=87 46 32 115 , id of local node=0 113 70 222 , id of predecessor=254 78 41 228 
2025-02-07 03:57:00 FATAL 0 113 70 222 :379  - The rare situation has occured at time 1738918620413, id to look up=88 240 116 73 , id of local node=0 113 70 222 , id of predecessor=254 78 41 228 
2025-02-07 03:57:02 FATAL 0 113 70 222 :379  - The rare situation has occured at time 1738918622406, id to look up=117 42 231 189 , id of local node=0 113 70 222 , id of predecessor=254 78 41 228 
2025-02-07 03:57:02 FATAL 0 113 70 222 :379  - The rare situation has occured at time 1738918622537, id to look up=77 234 29 174 , id of local node=0 113 70 222 , id of predecessor=254 78 41 228 
2025-02-07 03:57:04 FATAL 0 113 70 222 :379  - The rare situation has occured at time 1738918624723, id to look up=74 250 143 158 , id of local node=0 113 70 222 , id of predecessor=254 78 41 228 
2025-02-07 03:57:09 FATAL 0 113 70 222 :379  - The rare situation has occured at time 1738918629085, id to look up=76 130 5 218 , id of local node=0 113 70 222 , id of predecessor=254 78 41 228 
2025-02-07 03:57:09 FATAL 0 113 70 222 :379  - The rare situation has occured at time 1738918629704, id to look up=79 15 92 150 , id of local node=0 113 70 222 , id of predecessor=254 78 41 228 
2025-02-07 03:57:09 FATAL 0 113 70 222 :379  - The rare situation has occured at time 1738918629826, id to look up=82 253 185 246 , id of local node=0 113 70 222 , id of predecessor=254 78 41 228 
2025-02-07 03:57:09 FATAL 0 113 70 222 :379  - The rare situation has occured at time 1738918629892, id to look up=88 65 48 224 , id of local node=0 113 70 222 , id of predecessor=254 78 41 228 
2025-02-07 03:57:10 FATAL 0 113 70 222 :379  - The rare situation has occured at time 1738918630753, id to look up=74 247 249 237 , id of local node=0 113 70 222 , id of predecessor=254 78 41 228 
2025-02-07 03:57:12 FATAL 0 113 70 222 :379  - The rare situation has occured at time 1738918632829, id to look up=76 21 220 33 , id of local node=0 113 70 222 , id of predecessor=254 78 41 228 
2025-02-07 03:59:45 FATAL 0 113 70 222 :379  - The rare situation has occured at time 1738918785107, id to look up=119 222 104 218 , id of local node=0 113 70 222 , id of predecessor=254 78 41 228 
2025-02-07 03:59:47 FATAL 0 113 70 222 :379  - The rare situation has occured at time 1738918787471, id to look up=123 82 0 155 , id of local node=0 113 70 222 , id of predecessor=254 78 41 228 
2025-02-07 03:59:48 FATAL 0 113 70 222 :379  - The rare situation has occured at time 1738918788590, id to look up=77 19 75 192 , id of local node=0 113 70 222 , id of predecessor=254 78 41 228 
2025-02-07 03:59:49 FATAL 0 113 70 222 :379  - The rare situation has occured at time 1738918789492, id to look up=119 25 161 199 , id of local node=0 113 70 222 , id of predecessor=254 78 41 228 
2025-02-07 03:59:52 FATAL 0 113 70 222 :379  - The rare situation has occured at time 1738918792210, id to look up=118 31 34 178 , id of local node=0 113 70 222 , id of predecessor=254 78 41 228 
2025-02-07 03:59:53 FATAL 0 113 70 222 :379  - The rare situation has occured at time 1738918793971, id to look up=100 224 149 254 , id of local node=0 113 70 222 , id of predecessor=254 78 41 228 
2025-02-07 03:59:55 FATAL 0 113 70 222 :379  - The rare situation has occured at time 1738918795371, id to look up=84 206 185 18 , id of local node=0 113 70 222 , id of predecessor=254 78 41 228 
2025-02-07 03:59:56 FATAL 0 113 70 222 :379  - The rare situation has occured at time 1738918796271, id to look up=102 123 229 67 , id of local node=0 113 70 222 , id of predecessor=254 78 41 228 
2025-02-07 03:59:56 FATAL 0 113 70 222 :379  - The rare situation has occured at time 1738918796946, id to look up=108 30 103 31 , id of local node=0 113 70 222 , id of predecessor=254 78 41 228 
2025-02-07 03:59:57 FATAL 0 113 70 222 :379  - The rare situation has occured at time 1738918797960, id to look up=81 26 65 142 , id of local node=0 113 70 222 , id of predecessor=254 78 41 228 
2025-02-07 03:59:58 FATAL 0 113 70 222 :379  - The rare situation has occured at time 1738918798863, id to look up=89 18 154 172 , id of local node=0 113 70 222 , id of predecessor=254 78 41 228 
2025-02-07 03:59:59 FATAL 0 113 70 222 :379  - The rare situation has occured at time 1738918799232, id to look up=77 137 210 148 , id of local node=0 113 70 222 , id of predecessor=254 78 41 228 
2025-02-07 04:00:02 FATAL 0 113 70 222 :379  - The rare situation has occured at time 1738918802018, id to look up=118 84 111 154 , id of local node=0 113 70 222 , id of predecessor=254 78 41 228 
2025-02-07 04:00:03 FATAL 0 113 70 222 :379  - The rare situation has occured at time 1738918803450, id to look up=76 214 109 250 , id of local node=0 113 70 222 , id of predecessor=254 78 41 228 
2025-02-07 04:00:04 FATAL 0 113 70 222 :379  - The rare situation has occured at time 1738918804558, id to look up=111 184 74 237 , id of local node=0 113 70 222 , id of predecessor=254 78 41 228 
2025-02-07 04:00:06 FATAL 0 113 70 222 :379  - The rare situation has occured at time 1738918806605, id to look up=120 168 239 203 , id of local node=0 113 70 222 , id of predecessor=254 78 41 228 
2025-02-07 04:00:07 FATAL 0 113 70 222 :379  - The rare situation has occured at time 1738918807051, id to look up=114 36 249 151 , id of local node=0 113 70 222 , id of predecessor=254 78 41 228 
2025-02-07 04:00:07 FATAL 0 113 70 222 :379  - The rare situation has occured at time 1738918807222, id to look up=82 78 5 220 , id of local node=0 113 70 222 , id of predecessor=254 78 41 228 
2025-02-07 04:00:08 FATAL 0 113 70 222 :379  - The rare situation has occured at time 1738918808210, id to look up=104 62 114 92 , id of local node=0 113 70 222 , id of predecessor=254 78 41 228 
2025-02-07 04:00:09 FATAL 0 113 70 222 :379  - The rare situation has occured at time 1738918809431, id to look up=119 91 197 195 , id of local node=0 113 70 222 , id of predecessor=254 78 41 228 
2025-02-07 04:00:12 FATAL 0 113 70 222 :379  - The rare situation has occured at time 1738918812956, id to look up=86 173 77 77 , id of local node=0 113 70 222 , id of predecessor=254 78 41 228 
2025-02-07 04:00:14 FATAL 0 113 70 222 :379  - The rare situation has occured at time 1738918814711, id to look up=115 32 130 140 , id of local node=0 113 70 222 , id of predecessor=254 78 41 228 
2025-02-07 04:00:14 FATAL 0 113 70 222 :379  - The rare situation has occured at time 1738918814950, id to look up=80 51 107 198 , id of local node=0 113 70 222 , id of predecessor=254 78 41 228 
2025-02-07 04:00:15 FATAL 0 113 70 222 :379  - The rare situation has occured at time 1738918815811, id to look up=83 111 182 147 , id of local node=0 113 70 222 , id of predecessor=254 78 41 228 
2025-02-07 04:00:18 FATAL 0 113 70 222 :379  - The rare situation has occured at time 1738918818051, id to look up=107 98 119 175 , id of local node=0 113 70 222 , id of predecessor=254 78 41 228 
2025-02-07 04:00:19 FATAL 0 113 70 222 :379  - The rare situation has occured at time 1738918819286, id to look up=116 203 210 194 , id of local node=0 113 70 222 , id of predecessor=254 78 41 228 
2025-02-07 04:00:19 FATAL 0 113 70 222 :379  - The rare situation has occured at time 1738918819750, id to look up=105 229 105 118 , id of local node=0 113 70 222 , id of predecessor=254 78 41 228 
2025-02-07 04:00:19 FATAL 0 113 70 222 :379  - The rare situation has occured at time 1738918819880, id to look up=112 138 119 219 , id of local node=0 113 70 222 , id of predecessor=254 78 41 228 
2025-02-07 04:00:19 FATAL 0 113 70 222 :379  - The rare situation has occured at time 1738918819742, id to look up=113 123 47 61 , id of local node=0 113 70 222 , id of predecessor=254 78 41 228 
2025-02-07 04:00:20 FATAL 0 113 70 222 :379  - The rare situation has occured at time 1738918820566, id to look up=87 46 32 115 , id of local node=0 113 70 222 , id of predecessor=254 78 41 228 
2025-02-07 04:00:22 FATAL 0 113 70 222 :379  - The rare situation has occured at time 1738918822382, id to look up=88 240 116 73 , id of local node=0 113 70 222 , id of predecessor=254 78 41 228 
2025-02-07 04:00:24 FATAL 0 113 70 222 :379  - The rare situation has occured at time 1738918824414, id to look up=117 42 231 189 , id of local node=0 113 70 222 , id of predecessor=254 78 41 228 
2025-02-07 04:00:24 FATAL 0 113 70 222 :379  - The rare situation has occured at time 1738918824544, id to look up=77 234 29 174 , id of local node=0 113 70 222 , id of predecessor=254 78 41 228 
2025-02-07 04:00:26 FATAL 0 113 70 222 :379  - The rare situation has occured at time 1738918826762, id to look up=74 250 143 158 , id of local node=0 113 70 222 , id of predecessor=254 78 41 228 
2025-02-07 04:00:31 FATAL 0 113 70 222 :379  - The rare situation has occured at time 1738918831134, id to look up=76 130 5 218 , id of local node=0 113 70 222 , id of predecessor=254 78 41 228 
2025-02-07 04:00:31 FATAL 0 113 70 222 :379  - The rare situation has occured at time 1738918831792, id to look up=79 15 92 150 , id of local node=0 113 70 222 , id of predecessor=254 78 41 228 
2025-02-07 04:00:31 FATAL 0 113 70 222 :379  - The rare situation has occured at time 1738918831935, id to look up=82 253 185 246 , id of local node=0 113 70 222 , id of predecessor=254 78 41 228 
2025-02-07 04:00:32 FATAL 0 113 70 222 :379  - The rare situation has occured at time 1738918832573, id to look up=88 65 48 224 , id of local node=0 113 70 222 , id of predecessor=254 78 41 228 
2025-02-07 04:00:33 FATAL 0 113 70 222 :379  - The rare situation has occured at time 1738918833415, id to look up=74 247 249 237 , id of local node=0 113 70 222 , id of predecessor=254 78 41 228 
2025-02-07 04:00:35 FATAL 0 113 70 222 :379  - The rare situation has occured at time 1738918835490, id to look up=76 21 220 33 , id of local node=0 113 70 222 , id of predecessor=254 78 41 228 
2025-02-07 04:00:37 FATAL 0 113 70 222 :379  - The rare situation has occured at time 1738918837284, id to look up=104 42 3 244 , id of local node=0 113 70 222 , id of predecessor=254 78 41 228 
2025-02-07 04:00:38 FATAL 0 113 70 222 :379  - The rare situation has occured at time 1738918838552, id to look up=115 59 87 174 , id of local node=0 113 70 222 , id of predecessor=254 78 41 228 
2025-02-07 04:00:39 FATAL 0 113 70 222 :379  - The rare situation has occured at time 1738918839255, id to look up=109 54 52 121 , id of local node=0 113 70 222 , id of predecessor=254 78 41 228 
2025-02-07 04:00:39 FATAL 0 113 70 222 :379  - The rare situation has occured at time 1738918839474, id to look up=104 181 25 63 , id of local node=0 113 70 222 , id of predecessor=254 78 41 228 
2025-02-07 04:00:41 FATAL 0 113 70 222 :379  - The rare situation has occured at time 1738918841322, id to look up=107 15 77 153 , id of local node=0 113 70 222 , id of predecessor=254 78 41 228 
2025-02-07 04:00:42 FATAL 0 113 70 222 :379  - The rare situation has occured at time 1738918842943, id to look up=75 46 57 40 , id of local node=0 113 70 222 , id of predecessor=254 78 41 228 
2025-02-07 04:00:43 FATAL 0 113 70 222 :379  - The rare situation has occured at time 1738918843685, id to look up=120 125 65 217 , id of local node=0 113 70 222 , id of predecessor=254 78 41 228 
2025-02-07 04:00:44 FATAL 0 113 70 222 :379  - The rare situation has occured at time 1738918844394, id to look up=121 129 110 203 , id of local node=0 113 70 222 , id of predecessor=254 78 41 228 
2025-02-07 04:00:44 FATAL 0 113 70 222 :379  - The rare situation has occured at time 1738918844935, id to look up=114 193 151 91 , id of local node=0 113 70 222 , id of predecessor=254 78 41 228 
2025-02-07 04:00:47 FATAL 0 113 70 222 :379  - The rare situation has occured at time 1738918847003, id to look up=110 33 252 230 , id of local node=0 113 70 222 , id of predecessor=254 78 41 228 
2025-02-07 04:00:48 FATAL 0 113 70 222 :379  - The rare situation has occured at time 1738918848914, id to look up=85 71 246 49 , id of local node=0 113 70 222 , id of predecessor=254 78 41 228 
2025-02-07 04:00:51 FATAL 0 113 70 222 :379  - The rare situation has occured at time 1738918851350, id to look up=108 65 16 31 , id of local node=0 113 70 222 , id of predecessor=254 78 41 228 
2025-02-07 04:00:54 FATAL 0 113 70 222 :379  - The rare situation has occured at time 1738918854296, id to look up=86 228 58 228 , id of local node=0 113 70 222 , id of predecessor=254 78 41 228 
2025-02-07 04:00:56 FATAL 0 113 70 222 :379  - The rare situation has occured at time 1738918856592, id to look up=109 147 242 160 , id of local node=0 113 70 222 , id of predecessor=254 78 41 228 
2025-02-07 04:00:56 FATAL 0 113 70 222 :379  - The rare situation has occured at time 1738918856772, id to look up=74 14 136 207 , id of local node=0 113 70 222 , id of predecessor=254 78 41 228 
2025-02-07 04:01:00 FATAL 0 113 70 222 :379  - The rare situation has occured at time 1738918860937, id to look up=76 98 156 76 , id of local node=0 113 70 222 , id of predecessor=254 78 41 228 
2025-02-07 04:01:04 FATAL 0 113 70 222 :379  - The rare situation has occured at time 1738918864670, id to look up=110 155 153 56 , id of local node=0 113 70 222 , id of predecessor=254 78 41 228 
2025-02-07 04:01:04 FATAL 0 113 70 222 :379  - The rare situation has occured at time 1738918864891, id to look up=87 21 170 2 , id of local node=0 113 70 222 , id of predecessor=254 78 41 228 
2025-02-07 04:01:05 FATAL 0 113 70 222 :379  - The rare situation has occured at time 1738918865758, id to look up=77 199 120 41 , id of local node=0 113 70 222 , id of predecessor=254 78 41 228 
2025-02-07 04:01:06 FATAL 0 113 70 222 :379  - The rare situation has occured at time 1738918866198, id to look up=122 149 86 52 , id of local node=0 113 70 222 , id of predecessor=254 78 41 228 
2025-02-07 04:01:07 FATAL 0 113 70 222 :379  - The rare situation has occured at time 1738918867302, id to look up=119 135 54 116 , id of local node=0 113 70 222 , id of predecessor=254 78 41 228 
2025-02-07 04:01:08 FATAL 0 113 70 222 :379  - The rare situation has occured at time 1738918868122, id to look up=122 105 134 153 , id of local node=0 113 70 222 , id of predecessor=254 78 41 228 
2025-02-07 04:01:08 FATAL 0 113 70 222 :379  - The rare situation has occured at time 1738918868501, id to look up=117 152 143 90 , id of local node=0 113 70 222 , id of predecessor=254 78 41 228 
2025-02-07 04:01:08 FATAL 0 113 70 222 :379  - The rare situation has occured at time 1738918868781, id to look up=108 10 199 108 , id of local node=0 113 70 222 , id of predecessor=254 78 41 228 
2025-02-07 04:01:09 FATAL 0 113 70 222 :379  - The rare situation has occured at time 1738918869262, id to look up=120 78 240 5 , id of local node=0 113 70 222 , id of predecessor=254 78 41 228 
2025-02-07 04:01:09 FATAL 0 113 70 222 :379  - The rare situation has occured at time 1738918869931, id to look up=108 76 4 190 , id of local node=0 113 70 222 , id of predecessor=254 78 41 228 
2025-02-07 04:01:10 FATAL 0 113 70 222 :379  - The rare situation has occured at time 1738918870371, id to look up=109 14 16 80 , id of local node=0 113 70 222 , id of predecessor=254 78 41 228 
2025-02-07 04:01:12 FATAL 0 113 70 222 :379  - The rare situation has occured at time 1738918872861, id to look up=74 194 187 255 , id of local node=0 113 70 222 , id of predecessor=254 78 41 228 
2025-02-07 04:01:13 FATAL 0 113 70 222 :379  - The rare situation has occured at time 1738918873241, id to look up=81 234 198 180 , id of local node=0 113 70 222 , id of predecessor=254 78 41 228 
2025-02-07 04:01:14 FATAL 0 113 70 222 :379  - The rare situation has occured at time 1738918874422, id to look up=102 143 55 216 , id of local node=0 113 70 222 , id of predecessor=254 78 41 228 
2025-02-07 04:01:15 FATAL 0 113 70 222 :379  - The rare situation has occured at time 1738918875051, id to look up=111 148 110 38 , id of local node=0 113 70 222 , id of predecessor=254 78 41 228 
2025-02-07 04:01:16 FATAL 0 113 70 222 :379  - The rare situation has occured at time 1738918876759, id to look up=110 117 210 58 , id of local node=0 113 70 222 , id of predecessor=254 78 41 228 
2025-02-07 04:01:18 FATAL 0 113 70 222 :379  - The rare situation has occured at time 1738918878351, id to look up=108 199 29 145 , id of local node=0 113 70 222 , id of predecessor=254 78 41 228 
2025-02-07 04:01:19 FATAL 0 113 70 222 :379  - The rare situation has occured at time 1738918879497, id to look up=119 214 122 177 , id of local node=0 113 70 222 , id of predecessor=254 78 41 228 
2025-02-07 04:01:21 FATAL 0 113 70 222 :379  - The rare situation has occured at time 1738918881011, id to look up=113 16 224 211 , id of local node=0 113 70 222 , id of predecessor=254 78 41 228 
2025-02-07 04:01:22 FATAL 0 113 70 222 :379  - The rare situation has occured at time 1738918882230, id to look up=109 93 176 232 , id of local node=0 113 70 222 , id of predecessor=254 78 41 228 
