2025-02-07 03:50:18 WARN  OpenChordTest:205  - Peer joined at ocsocket://localhost:8095/ via ocsocket://localhost:8080/
2025-02-07 03:50:18 WARN  OpenChordTest:58  - Insert time for key 15 = 101 ms
2025-02-07 03:50:18 WARN  OpenChordTest:60  - Inserted (15, default)
2025-02-07 03:50:18 WARN  OpenChordTest:64  - Memory usage at ocsocket://localhost:8095/ = 7 MB
2025-02-07 03:52:22 FATAL 134 24 122 57 :379  - The rare situation has occured at time 1738918342320, id to look up=119 222 104 218 , id of local node=134 24 122 57 , id of predecessor=125 23 89 250 
2025-02-07 03:52:24 FATAL 134 24 122 57 :379  - The rare situation has occured at time 1738918344741, id to look up=123 82 0 155 , id of local node=134 24 122 57 , id of predecessor=125 23 89 250 
2025-02-07 03:52:26 FATAL 134 24 122 57 :379  - The rare situation has occured at time 1738918346045, id to look up=77 19 75 192 , id of local node=134 24 122 57 , id of predecessor=125 23 89 250 
2025-02-07 03:52:27 FATAL 134 24 122 57 :379  - The rare situation has occured at time 1738918347466, id to look up=119 25 161 199 , id of local node=134 24 122 57 , id of predecessor=125 23 89 250 
2025-02-07 03:53:39 FATAL 134 24 122 57 :379  - The rare situation has occured at time 1738918419095, id to look up=119 222 104 218 , id of local node=134 24 122 57 , id of predecessor=125 23 89 250 
2025-02-07 03:53:41 FATAL 134 24 122 57 :379  - The rare situation has occured at time 1738918421240, id to look up=123 82 0 155 , id of local node=134 24 122 57 , id of predecessor=125 23 89 250 
2025-02-07 03:53:43 FATAL 134 24 122 57 :379  - The rare situation has occured at time 1738918423164, id to look up=77 19 75 192 , id of local node=134 24 122 57 , id of predecessor=125 23 89 250 
2025-02-07 03:53:44 FATAL 134 24 122 57 :379  - The rare situation has occured at time 1738918424265, id to look up=119 25 161 199 , id of local node=134 24 122 57 , id of predecessor=125 23 89 250 
2025-02-07 03:53:46 FATAL 134 24 122 57 :379  - The rare situation has occured at time 1738918426891, id to look up=118 31 34 178 , id of local node=134 24 122 57 , id of predecessor=125 23 89 250 
2025-02-07 03:53:48 FATAL 134 24 122 57 :379  - The rare situation has occured at time 1738918428402, id to look up=100 224 149 254 , id of local node=134 24 122 57 , id of predecessor=125 23 89 250 
2025-02-07 03:53:50 FATAL 134 24 122 57 :379  - The rare situation has occured at time 1738918430225, id to look up=84 206 185 18 , id of local node=134 24 122 57 , id of predecessor=125 23 89 250 
2025-02-07 03:53:50 FATAL 134 24 122 57 :379  - The rare situation has occured at time 1738918430559, id to look up=102 123 229 67 , id of local node=134 24 122 57 , id of predecessor=125 23 89 250 
2025-02-07 03:53:52 FATAL 134 24 122 57 :379  - The rare situation has occured at time 1738918432090, id to look up=108 30 103 31 , id of local node=134 24 122 57 , id of predecessor=125 23 89 250 
2025-02-07 03:53:52 FATAL 134 24 122 57 :379  - The rare situation has occured at time 1738918432228, id to look up=81 26 65 142 , id of local node=134 24 122 57 , id of predecessor=125 23 89 250 
2025-02-07 03:54:52 FATAL 134 24 122 57 :379  - The rare situation has occured at time 1738918492600, id to look up=119 222 104 218 , id of local node=134 24 122 57 , id of predecessor=125 23 89 250 
2025-02-07 03:54:54 FATAL 134 24 122 57 :379  - The rare situation has occured at time 1738918494546, id to look up=123 82 0 155 , id of local node=134 24 122 57 , id of predecessor=125 23 89 250 
2025-02-07 03:54:56 FATAL 134 24 122 57 :379  - The rare situation has occured at time 1738918496464, id to look up=77 19 75 192 , id of local node=134 24 122 57 , id of predecessor=125 23 89 250 
2025-02-07 03:54:57 FATAL 134 24 122 57 :379  - The rare situation has occured at time 1738918497646, id to look up=119 25 161 199 , id of local node=134 24 122 57 , id of predecessor=125 23 89 250 
2025-02-07 03:55:00 FATAL 134 24 122 57 :379  - The rare situation has occured at time 1738918500301, id to look up=118 31 34 178 , id of local node=134 24 122 57 , id of predecessor=125 23 89 250 
2025-02-07 03:55:01 FATAL 134 24 122 57 :379  - The rare situation has occured at time 1738918501863, id to look up=100 224 149 254 , id of local node=134 24 122 57 , id of predecessor=125 23 89 250 
2025-02-07 03:55:03 FATAL 134 24 122 57 :379  - The rare situation has occured at time 1738918503089, id to look up=84 206 185 18 , id of local node=134 24 122 57 , id of predecessor=125 23 89 250 
2025-02-07 03:55:03 FATAL 134 24 122 57 :379  - The rare situation has occured at time 1738918503422, id to look up=102 123 229 67 , id of local node=134 24 122 57 , id of predecessor=125 23 89 250 
2025-02-07 03:55:05 FATAL 134 24 122 57 :379  - The rare situation has occured at time 1738918505006, id to look up=108 30 103 31 , id of local node=134 24 122 57 , id of predecessor=125 23 89 250 
2025-02-07 03:55:05 FATAL 134 24 122 57 :379  - The rare situation has occured at time 1738918505132, id to look up=81 26 65 142 , id of local node=134 24 122 57 , id of predecessor=125 23 89 250 
2025-02-07 03:55:06 FATAL 134 24 122 57 :379  - The rare situation has occured at time 1738918506299, id to look up=89 18 154 172 , id of local node=134 24 122 57 , id of predecessor=125 23 89 250 
2025-02-07 03:55:06 FATAL 134 24 122 57 :379  - The rare situation has occured at time 1738918506431, id to look up=77 137 210 148 , id of local node=134 24 122 57 , id of predecessor=125 23 89 250 
2025-02-07 03:55:09 FATAL 134 24 122 57 :379  - The rare situation has occured at time 1738918509310, id to look up=118 84 111 154 , id of local node=134 24 122 57 , id of predecessor=125 23 89 250 
2025-02-07 03:55:11 FATAL 134 24 122 57 :379  - The rare situation has occured at time 1738918511036, id to look up=76 214 109 250 , id of local node=134 24 122 57 , id of predecessor=125 23 89 250 
2025-02-07 03:55:11 FATAL 134 24 122 57 :379  - The rare situation has occured at time 1738918511757, id to look up=111 184 74 237 , id of local node=134 24 122 57 , id of predecessor=125 23 89 250 
2025-02-07 03:55:13 FATAL 134 24 122 57 :379  - The rare situation has occured at time 1738918513947, id to look up=120 168 239 203 , id of local node=134 24 122 57 , id of predecessor=125 23 89 250 
2025-02-07 03:55:14 FATAL 134 24 122 57 :379  - The rare situation has occured at time 1738918514226, id to look up=114 36 249 151 , id of local node=134 24 122 57 , id of predecessor=125 23 89 250 
2025-02-07 03:55:14 FATAL 134 24 122 57 :379  - The rare situation has occured at time 1738918514363, id to look up=82 78 5 220 , id of local node=134 24 122 57 , id of predecessor=125 23 89 250 
2025-02-07 03:55:15 FATAL 134 24 122 57 :379  - The rare situation has occured at time 1738918515919, id to look up=104 62 114 92 , id of local node=134 24 122 57 , id of predecessor=125 23 89 250 
2025-02-07 03:55:17 FATAL 134 24 122 57 :379  - The rare situation has occured at time 1738918517087, id to look up=119 91 197 195 , id of local node=134 24 122 57 , id of predecessor=125 23 89 250 
2025-02-07 03:56:22 FATAL 134 24 122 57 :379  - The rare situation has occured at time 1738918582639, id to look up=119 222 104 218 , id of local node=134 24 122 57 , id of predecessor=125 23 89 250 
2025-02-07 03:56:24 FATAL 134 24 122 57 :379  - The rare situation has occured at time 1738918584910, id to look up=123 82 0 155 , id of local node=134 24 122 57 , id of predecessor=125 23 89 250 
2025-02-07 03:56:26 FATAL 134 24 122 57 :379  - The rare situation has occured at time 1738918586822, id to look up=77 19 75 192 , id of local node=134 24 122 57 , id of predecessor=125 23 89 250 
2025-02-07 03:56:27 FATAL 134 24 122 57 :379  - The rare situation has occured at time 1738918587983, id to look up=119 25 161 199 , id of local node=134 24 122 57 , id of predecessor=125 23 89 250 
2025-02-07 03:56:30 FATAL 134 24 122 57 :379  - The rare situation has occured at time 1738918590620, id to look up=118 31 34 178 , id of local node=134 24 122 57 , id of predecessor=125 23 89 250 
2025-02-07 03:56:32 FATAL 134 24 122 57 :379  - The rare situation has occured at time 1738918592171, id to look up=100 224 149 254 , id of local node=134 24 122 57 , id of predecessor=125 23 89 250 
2025-02-07 03:56:34 FATAL 134 24 122 57 :379  - The rare situation has occured at time 1738918594013, id to look up=84 206 185 18 , id of local node=134 24 122 57 , id of predecessor=125 23 89 250 
2025-02-07 03:56:34 FATAL 134 24 122 57 :379  - The rare situation has occured at time 1738918594363, id to look up=102 123 229 67 , id of local node=134 24 122 57 , id of predecessor=125 23 89 250 
2025-02-07 03:56:35 FATAL 134 24 122 57 :379  - The rare situation has occured at time 1738918595940, id to look up=108 30 103 31 , id of local node=134 24 122 57 , id of predecessor=125 23 89 250 
2025-02-07 03:56:36 FATAL 134 24 122 57 :379  - The rare situation has occured at time 1738918596075, id to look up=81 26 65 142 , id of local node=134 24 122 57 , id of predecessor=125 23 89 250 
2025-02-07 03:56:37 FATAL 134 24 122 57 :379  - The rare situation has occured at time 1738918597232, id to look up=89 18 154 172 , id of local node=134 24 122 57 , id of predecessor=125 23 89 250 
2025-02-07 03:56:37 FATAL 134 24 122 57 :379  - The rare situation has occured at time 1738918597364, id to look up=77 137 210 148 , id of local node=134 24 122 57 , id of predecessor=125 23 89 250 
2025-02-07 03:56:39 FATAL 134 24 122 57 :379  - The rare situation has occured at time 1738918599654, id to look up=118 84 111 154 , id of local node=134 24 122 57 , id of predecessor=125 23 89 250 
2025-02-07 03:56:41 FATAL 134 24 122 57 :379  - The rare situation has occured at time 1738918601401, id to look up=76 214 109 250 , id of local node=134 24 122 57 , id of predecessor=125 23 89 250 
2025-02-07 03:56:42 FATAL 134 24 122 57 :379  - The rare situation has occured at time 1738918602133, id to look up=111 184 74 237 , id of local node=134 24 122 57 , id of predecessor=125 23 89 250 
2025-02-07 03:56:44 FATAL 134 24 122 57 :379  - The rare situation has occured at time 1738918604322, id to look up=120 168 239 203 , id of local node=134 24 122 57 , id of predecessor=125 23 89 250 
2025-02-07 03:56:44 FATAL 134 24 122 57 :379  - The rare situation has occured at time 1738918604599, id to look up=114 36 249 151 , id of local node=134 24 122 57 , id of predecessor=125 23 89 250 
2025-02-07 03:56:44 FATAL 134 24 122 57 :379  - The rare situation has occured at time 1738918604715, id to look up=82 78 5 220 , id of local node=134 24 122 57 , id of predecessor=125 23 89 250 
2025-02-07 03:56:46 FATAL 134 24 122 57 :379  - The rare situation has occured at time 1738918606264, id to look up=104 62 114 92 , id of local node=134 24 122 57 , id of predecessor=125 23 89 250 
2025-02-07 03:56:47 FATAL 134 24 122 57 :379  - The rare situation has occured at time 1738918607421, id to look up=119 91 197 195 , id of local node=134 24 122 57 , id of predecessor=125 23 89 250 
2025-02-07 03:56:51 FATAL 134 24 122 57 :379  - The rare situation has occured at time 1738918611052, id to look up=86 173 77 77 , id of local node=134 24 122 57 , id of predecessor=125 23 89 250 
2025-02-07 03:56:52 FATAL 134 24 122 57 :379  - The rare situation has occured at time 1738918612255, id to look up=115 32 130 140 , id of local node=134 24 122 57 , id of predecessor=125 23 89 250 
2025-02-07 03:56:52 FATAL 134 24 122 57 :379  - The rare situation has occured at time 1738918612721, id to look up=80 51 107 198 , id of local node=134 24 122 57 , id of predecessor=125 23 89 250 
2025-02-07 03:56:53 FATAL 134 24 122 57 :379  - The rare situation has occured at time 1738918613686, id to look up=83 111 182 147 , id of local node=134 24 122 57 , id of predecessor=125 23 89 250 
2025-02-07 03:56:55 FATAL 134 24 122 57 :379  - The rare situation has occured at time 1738918615593, id to look up=107 98 119 175 , id of local node=134 24 122 57 , id of predecessor=125 23 89 250 
2025-02-07 03:56:57 FATAL 134 24 122 57 :379  - The rare situation has occured at time 1738918617101, id to look up=116 203 210 194 , id of local node=134 24 122 57 , id of predecessor=125 23 89 250 
2025-02-07 03:56:57 FATAL 134 24 122 57 :379  - The rare situation has occured at time 1738918617225, id to look up=105 229 105 118 , id of local node=134 24 122 57 , id of predecessor=125 23 89 250 
2025-02-07 03:56:57 FATAL 134 24 122 57 :379  - The rare situation has occured at time 1738918617356, id to look up=112 138 119 219 , id of local node=134 24 122 57 , id of predecessor=125 23 89 250 
2025-02-07 03:56:57 FATAL 134 24 122 57 :379  - The rare situation has occured at time 1738918617793, id to look up=113 123 47 61 , id of local node=134 24 122 57 , id of predecessor=125 23 89 250 
2025-02-07 03:56:58 FATAL 134 24 122 57 :379  - The rare situation has occured at time 1738918618893, id to look up=87 46 32 115 , id of local node=134 24 122 57 , id of predecessor=125 23 89 250 
2025-02-07 03:57:00 FATAL 134 24 122 57 :379  - The rare situation has occured at time 1738918620564, id to look up=88 240 116 73 , id of local node=134 24 122 57 , id of predecessor=125 23 89 250 
2025-02-07 03:57:02 FATAL 134 24 122 57 :379  - The rare situation has occured at time 1738918622465, id to look up=117 42 231 189 , id of local node=134 24 122 57 , id of predecessor=125 23 89 250 
2025-02-07 03:57:02 FATAL 134 24 122 57 :379  - The rare situation has occured at time 1738918622911, id to look up=77 234 29 174 , id of local node=134 24 122 57 , id of predecessor=125 23 89 250 
2025-02-07 03:57:04 FATAL 134 24 122 57 :379  - The rare situation has occured at time 1738918624784, id to look up=74 250 143 158 , id of local node=134 24 122 57 , id of predecessor=125 23 89 250 
2025-02-07 03:57:09 FATAL 134 24 122 57 :379  - The rare situation has occured at time 1738918629283, id to look up=76 130 5 218 , id of local node=134 24 122 57 , id of predecessor=125 23 89 250 
2025-02-07 03:57:09 FATAL 134 24 122 57 :379  - The rare situation has occured at time 1738918629712, id to look up=79 15 92 150 , id of local node=134 24 122 57 , id of predecessor=125 23 89 250 
2025-02-07 03:57:09 FATAL 134 24 122 57 :379  - The rare situation has occured at time 1738918629835, id to look up=82 253 185 246 , id of local node=134 24 122 57 , id of predecessor=125 23 89 250 
2025-02-07 03:57:09 FATAL 134 24 122 57 :379  - The rare situation has occured at time 1738918629905, id to look up=88 65 48 224 , id of local node=134 24 122 57 , id of predecessor=125 23 89 250 
2025-02-07 03:57:11 FATAL 134 24 122 57 :379  - The rare situation has occured at time 1738918631000, id to look up=74 247 249 237 , id of local node=134 24 122 57 , id of predecessor=125 23 89 250 
2025-02-07 03:57:12 FATAL 134 24 122 57 :379  - The rare situation has occured at time 1738918632981, id to look up=76 21 220 33 , id of local node=134 24 122 57 , id of predecessor=125 23 89 250 
2025-02-07 03:59:45 FATAL 134 24 122 57 :379  - The rare situation has occured at time 1738918785626, id to look up=119 222 104 218 , id of local node=134 24 122 57 , id of predecessor=125 23 89 250 
2025-02-07 03:59:47 FATAL 134 24 122 57 :379  - The rare situation has occured at time 1738918787525, id to look up=123 82 0 155 , id of local node=134 24 122 57 , id of predecessor=125 23 89 250 
2025-02-07 03:59:48 FATAL 134 24 122 57 :379  - The rare situation has occured at time 1738918788848, id to look up=77 19 75 192 , id of local node=134 24 122 57 , id of predecessor=125 23 89 250 
2025-02-07 03:59:49 FATAL 134 24 122 57 :379  - The rare situation has occured at time 1738918789999, id to look up=119 25 161 199 , id of local node=134 24 122 57 , id of predecessor=125 23 89 250 
2025-02-07 03:59:52 FATAL 134 24 122 57 :379  - The rare situation has occured at time 1738918792616, id to look up=118 31 34 178 , id of local node=134 24 122 57 , id of predecessor=125 23 89 250 
2025-02-07 03:59:54 FATAL 134 24 122 57 :379  - The rare situation has occured at time 1738918794127, id to look up=100 224 149 254 , id of local node=134 24 122 57 , id of predecessor=125 23 89 250 
2025-02-07 03:59:55 FATAL 134 24 122 57 :379  - The rare situation has occured at time 1738918795949, id to look up=84 206 185 18 , id of local node=134 24 122 57 , id of predecessor=125 23 89 250 
2025-02-07 03:59:56 FATAL 134 24 122 57 :379  - The rare situation has occured at time 1738918796279, id to look up=102 123 229 67 , id of local node=134 24 122 57 , id of predecessor=125 23 89 250 
2025-02-07 03:59:57 FATAL 134 24 122 57 :379  - The rare situation has occured at time 1738918797826, id to look up=108 30 103 31 , id of local node=134 24 122 57 , id of predecessor=125 23 89 250 
2025-02-07 03:59:57 FATAL 134 24 122 57 :379  - The rare situation has occured at time 1738918797968, id to look up=81 26 65 142 , id of local node=134 24 122 57 , id of predecessor=125 23 89 250 
2025-02-07 03:59:59 FATAL 134 24 122 57 :379  - The rare situation has occured at time 1738918799120, id to look up=89 18 154 172 , id of local node=134 24 122 57 , id of predecessor=125 23 89 250 
2025-02-07 03:59:59 FATAL 134 24 122 57 :379  - The rare situation has occured at time 1738918799241, id to look up=77 137 210 148 , id of local node=134 24 122 57 , id of predecessor=125 23 89 250 
2025-02-07 04:00:02 FATAL 134 24 122 57 :379  - The rare situation has occured at time 1738918802119, id to look up=118 84 111 154 , id of local node=134 24 122 57 , id of predecessor=125 23 89 250 
2025-02-07 04:00:03 FATAL 134 24 122 57 :379  - The rare situation has occured at time 1738918803826, id to look up=76 214 109 250 , id of local node=134 24 122 57 , id of predecessor=125 23 89 250 
2025-02-07 04:00:04 FATAL 134 24 122 57 :379  - The rare situation has occured at time 1738918804568, id to look up=111 184 74 237 , id of local node=134 24 122 57 , id of predecessor=125 23 89 250 
2025-02-07 04:00:06 FATAL 134 24 122 57 :379  - The rare situation has occured at time 1738918806827, id to look up=120 168 239 203 , id of local node=134 24 122 57 , id of predecessor=125 23 89 250 
2025-02-07 04:00:07 FATAL 134 24 122 57 :379  - The rare situation has occured at time 1738918807103, id to look up=114 36 249 151 , id of local node=134 24 122 57 , id of predecessor=125 23 89 250 
2025-02-07 04:00:07 FATAL 134 24 122 57 :379  - The rare situation has occured at time 1738918807233, id to look up=82 78 5 220 , id of local node=134 24 122 57 , id of predecessor=125 23 89 250 
2025-02-07 04:00:08 FATAL 134 24 122 57 :379  - The rare situation has occured at time 1738918808848, id to look up=104 62 114 92 , id of local node=134 24 122 57 , id of predecessor=125 23 89 250 
2025-02-07 04:00:09 FATAL 134 24 122 57 :379  - The rare situation has occured at time 1738918809996, id to look up=119 91 197 195 , id of local node=134 24 122 57 , id of predecessor=125 23 89 250 
2025-02-07 04:00:13 FATAL 134 24 122 57 :379  - The rare situation has occured at time 1738918813617, id to look up=86 173 77 77 , id of local node=134 24 122 57 , id of predecessor=125 23 89 250 
2025-02-07 04:00:14 FATAL 134 24 122 57 :379  - The rare situation has occured at time 1738918814879, id to look up=115 32 130 140 , id of local node=134 24 122 57 , id of predecessor=125 23 89 250 
2025-02-07 04:00:15 FATAL 134 24 122 57 :379  - The rare situation has occured at time 1738918815366, id to look up=80 51 107 198 , id of local node=134 24 122 57 , id of predecessor=125 23 89 250 
2025-02-07 04:00:16 FATAL 134 24 122 57 :379  - The rare situation has occured at time 1738918816309, id to look up=83 111 182 147 , id of local node=134 24 122 57 , id of predecessor=125 23 89 250 
2025-02-07 04:00:18 FATAL 134 24 122 57 :379  - The rare situation has occured at time 1738918818168, id to look up=107 98 119 175 , id of local node=134 24 122 57 , id of predecessor=125 23 89 250 
2025-02-07 04:00:19 FATAL 134 24 122 57 :379  - The rare situation has occured at time 1738918819635, id to look up=116 203 210 194 , id of local node=134 24 122 57 , id of predecessor=125 23 89 250 
2025-02-07 04:00:19 FATAL 134 24 122 57 :379  - The rare situation has occured at time 1738918819758, id to look up=105 229 105 118 , id of local node=134 24 122 57 , id of predecessor=125 23 89 250 
2025-02-07 04:00:19 FATAL 134 24 122 57 :379  - The rare situation has occured at time 1738918819888, id to look up=112 138 119 219 , id of local node=134 24 122 57 , id of predecessor=125 23 89 250 
2025-02-07 04:00:19 FATAL 134 24 122 57 :379  - The rare situation has occured at time 1738918819750, id to look up=113 123 47 61 , id of local node=134 24 122 57 , id of predecessor=125 23 89 250 
2025-02-07 04:00:20 FATAL 134 24 122 57 :379  - The rare situation has occured at time 1738918820881, id to look up=87 46 32 115 , id of local node=134 24 122 57 , id of predecessor=125 23 89 250 
2025-02-07 04:00:22 FATAL 134 24 122 57 :379  - The rare situation has occured at time 1738918822542, id to look up=88 240 116 73 , id of local node=134 24 122 57 , id of predecessor=125 23 89 250 
2025-02-07 04:00:24 FATAL 134 24 122 57 :379  - The rare situation has occured at time 1738918824473, id to look up=117 42 231 189 , id of local node=134 24 122 57 , id of predecessor=125 23 89 250 
2025-02-07 04:00:24 FATAL 134 24 122 57 :379  - The rare situation has occured at time 1738918824910, id to look up=77 234 29 174 , id of local node=134 24 122 57 , id of predecessor=125 23 89 250 
2025-02-07 04:00:26 FATAL 134 24 122 57 :379  - The rare situation has occured at time 1738918826812, id to look up=74 250 143 158 , id of local node=134 24 122 57 , id of predecessor=125 23 89 250 
2025-02-07 04:00:31 FATAL 134 24 122 57 :379  - The rare situation has occured at time 1738918831343, id to look up=76 130 5 218 , id of local node=134 24 122 57 , id of predecessor=125 23 89 250 
2025-02-07 04:00:31 FATAL 134 24 122 57 :379  - The rare situation has occured at time 1738918831802, id to look up=79 15 92 150 , id of local node=134 24 122 57 , id of predecessor=125 23 89 250 
2025-02-07 04:00:31 FATAL 134 24 122 57 :379  - The rare situation has occured at time 1738918831944, id to look up=82 253 185 246 , id of local node=134 24 122 57 , id of predecessor=125 23 89 250 
2025-02-07 04:00:32 FATAL 134 24 122 57 :379  - The rare situation has occured at time 1738918832581, id to look up=88 65 48 224 , id of local node=134 24 122 57 , id of predecessor=125 23 89 250 
2025-02-07 04:00:33 FATAL 134 24 122 57 :379  - The rare situation has occured at time 1738918833662, id to look up=74 247 249 237 , id of local node=134 24 122 57 , id of predecessor=125 23 89 250 
2025-02-07 04:00:35 FATAL 134 24 122 57 :379  - The rare situation has occured at time 1738918835652, id to look up=76 21 220 33 , id of local node=134 24 122 57 , id of predecessor=125 23 89 250 
2025-02-07 04:00:37 FATAL 134 24 122 57 :379  - The rare situation has occured at time 1738918837492, id to look up=104 42 3 244 , id of local node=134 24 122 57 , id of predecessor=125 23 89 250 
2025-02-07 04:00:38 FATAL 134 24 122 57 :379  - The rare situation has occured at time 1738918838820, id to look up=115 59 87 174 , id of local node=134 24 122 57 , id of predecessor=125 23 89 250 
2025-02-07 04:00:39 FATAL 134 24 122 57 :379  - The rare situation has occured at time 1738918839306, id to look up=109 54 52 121 , id of local node=134 24 122 57 , id of predecessor=125 23 89 250 
2025-02-07 04:00:39 FATAL 134 24 122 57 :379  - The rare situation has occured at time 1738918839526, id to look up=104 181 25 63 , id of local node=134 24 122 57 , id of predecessor=125 23 89 250 
2025-02-07 04:00:41 FATAL 134 24 122 57 :379  - The rare situation has occured at time 1738918841383, id to look up=107 15 77 153 , id of local node=134 24 122 57 , id of predecessor=125 23 89 250 
2025-02-07 04:00:43 FATAL 134 24 122 57 :379  - The rare situation has occured at time 1738918843413, id to look up=75 46 57 40 , id of local node=134 24 122 57 , id of predecessor=125 23 89 250 
2025-02-07 04:00:43 FATAL 134 24 122 57 :379  - The rare situation has occured at time 1738918843746, id to look up=120 125 65 217 , id of local node=134 24 122 57 , id of predecessor=125 23 89 250 
2025-02-07 04:00:44 FATAL 134 24 122 57 :379  - The rare situation has occured at time 1738918844750, id to look up=121 129 110 203 , id of local node=134 24 122 57 , id of predecessor=125 23 89 250 
2025-02-07 04:00:45 FATAL 134 24 122 57 :379  - The rare situation has occured at time 1738918845562, id to look up=114 193 151 91 , id of local node=134 24 122 57 , id of predecessor=125 23 89 250 
2025-02-07 04:00:47 FATAL 134 24 122 57 :379  - The rare situation has occured at time 1738918847102, id to look up=110 33 252 230 , id of local node=134 24 122 57 , id of predecessor=125 23 89 250 
2025-02-07 04:00:49 FATAL 134 24 122 57 :379  - The rare situation has occured at time 1738918849122, id to look up=85 71 246 49 , id of local node=134 24 122 57 , id of predecessor=125 23 89 250 
2025-02-07 04:00:51 FATAL 134 24 122 57 :379  - The rare situation has occured at time 1738918851452, id to look up=108 65 16 31 , id of local node=134 24 122 57 , id of predecessor=125 23 89 250 
2025-02-07 04:00:55 FATAL 134 24 122 57 :379  - The rare situation has occured at time 1738918855056, id to look up=86 228 58 228 , id of local node=134 24 122 57 , id of predecessor=125 23 89 250 
2025-02-07 04:00:56 FATAL 134 24 122 57 :379  - The rare situation has occured at time 1738918856648, id to look up=109 147 242 160 , id of local node=134 24 122 57 , id of predecessor=125 23 89 250 
2025-02-07 04:00:57 FATAL 134 24 122 57 :379  - The rare situation has occured at time 1738918857576, id to look up=74 14 136 207 , id of local node=134 24 122 57 , id of predecessor=125 23 89 250 
2025-02-07 04:01:01 FATAL 134 24 122 57 :379  - The rare situation has occured at time 1738918861050, id to look up=76 98 156 76 , id of local node=134 24 122 57 , id of predecessor=125 23 89 250 
2025-02-07 04:01:04 FATAL 134 24 122 57 :379  - The rare situation has occured at time 1738918864830, id to look up=110 155 153 56 , id of local node=134 24 122 57 , id of predecessor=125 23 89 250 
2025-02-07 04:01:05 FATAL 134 24 122 57 :379  - The rare situation has occured at time 1738918865166, id to look up=87 21 170 2 , id of local node=134 24 122 57 , id of predecessor=125 23 89 250 
2025-02-07 04:01:05 FATAL 134 24 122 57 :379  - The rare situation has occured at time 1738918865766, id to look up=77 199 120 41 , id of local node=134 24 122 57 , id of predecessor=125 23 89 250 
2025-02-07 04:01:06 FATAL 134 24 122 57 :379  - The rare situation has occured at time 1738918866918, id to look up=122 149 86 52 , id of local node=134 24 122 57 , id of predecessor=125 23 89 250 
2025-02-07 04:01:08 FATAL 134 24 122 57 :379  - The rare situation has occured at time 1738918868007, id to look up=119 135 54 116 , id of local node=134 24 122 57 , id of predecessor=125 23 89 250 
2025-02-07 04:01:08 FATAL 134 24 122 57 :379  - The rare situation has occured at time 1738918868129, id to look up=122 105 134 153 , id of local node=134 24 122 57 , id of predecessor=125 23 89 250 
2025-02-07 04:01:08 FATAL 134 24 122 57 :379  - The rare situation has occured at time 1738918868509, id to look up=117 152 143 90 , id of local node=134 24 122 57 , id of predecessor=125 23 89 250 
2025-02-07 04:01:08 FATAL 134 24 122 57 :379  - The rare situation has occured at time 1738918868789, id to look up=108 10 199 108 , id of local node=134 24 122 57 , id of predecessor=125 23 89 250 
2025-02-07 04:01:09 FATAL 134 24 122 57 :379  - The rare situation has occured at time 1738918869819, id to look up=120 78 240 5 , id of local node=134 24 122 57 , id of predecessor=125 23 89 250 
2025-02-07 04:01:09 FATAL 134 24 122 57 :379  - The rare situation has occured at time 1738918869939, id to look up=108 76 4 190 , id of local node=134 24 122 57 , id of predecessor=125 23 89 250 
2025-02-07 04:01:10 FATAL 134 24 122 57 :379  - The rare situation has occured at time 1738918870869, id to look up=109 14 16 80 , id of local node=134 24 122 57 , id of predecessor=125 23 89 250 
2025-02-07 04:01:12 FATAL 134 24 122 57 :379  - The rare situation has occured at time 1738918872919, id to look up=74 194 187 255 , id of local node=134 24 122 57 , id of predecessor=125 23 89 250 
2025-02-07 04:01:13 FATAL 134 24 122 57 :379  - The rare situation has occured at time 1738918873780, id to look up=81 234 198 180 , id of local node=134 24 122 57 , id of predecessor=125 23 89 250 
2025-02-07 04:01:14 FATAL 134 24 122 57 :379  - The rare situation has occured at time 1738918874769, id to look up=102 143 55 216 , id of local node=134 24 122 57 , id of predecessor=125 23 89 250 
2025-02-07 04:01:15 FATAL 134 24 122 57 :379  - The rare situation has occured at time 1738918875396, id to look up=111 148 110 38 , id of local node=134 24 122 57 , id of predecessor=125 23 89 250 
2025-02-07 04:01:16 FATAL 134 24 122 57 :379  - The rare situation has occured at time 1738918876972, id to look up=110 117 210 58 , id of local node=134 24 122 57 , id of predecessor=125 23 89 250 
2025-02-07 04:01:18 FATAL 134 24 122 57 :379  - The rare situation has occured at time 1738918878729, id to look up=108 199 29 145 , id of local node=134 24 122 57 , id of predecessor=125 23 89 250 
2025-02-07 04:01:19 FATAL 134 24 122 57 :379  - The rare situation has occured at time 1738918879504, id to look up=119 214 122 177 , id of local node=134 24 122 57 , id of predecessor=125 23 89 250 
2025-02-07 04:01:21 FATAL 134 24 122 57 :379  - The rare situation has occured at time 1738918881508, id to look up=113 16 224 211 , id of local node=134 24 122 57 , id of predecessor=125 23 89 250 
2025-02-07 04:01:22 FATAL 134 24 122 57 :379  - The rare situation has occured at time 1738918882294, id to look up=109 93 176 232 , id of local node=134 24 122 57 , id of predecessor=125 23 89 250 
