2025-02-07 03:49:55 WARN  OpenChordTest:205  - Peer joined at ocsocket://localhost:8085/ via ocsocket://localhost:8080/
2025-02-07 03:49:56 WARN  OpenChordTest:58  - Insert time for key 5 = 257 ms
2025-02-07 03:49:56 WARN  OpenChordTest:60  - Inserted (5, default)
2025-02-07 03:49:56 WARN  OpenChordTest:64  - Memory usage at ocsocket://localhost:8085/ = 13 MB
2025-02-07 03:52:21 FATAL 68 45 120 177 :379  - The rare situation has occured at time 1738918341776, id to look up=119 222 104 218 , id of local node=68 45 120 177 , id of predecessor=50 71 95 48 
2025-02-07 03:52:23 FATAL 68 45 120 177 :379  - The rare situation has occured at time 1738918343787, id to look up=254 93 187 206 , id of local node=68 45 120 177 , id of predecessor=50 71 95 48 
2025-02-07 03:52:24 FATAL 68 45 120 177 :379  - The rare situation has occured at time 1738918344316, id to look up=123 82 0 155 , id of local node=68 45 120 177 , id of predecessor=50 71 95 48 
2025-02-07 03:52:25 FATAL 68 45 120 177 :379  - The rare situation has occured at time 1738918345791, id to look up=77 19 75 192 , id of local node=68 45 120 177 , id of predecessor=50 71 95 48 
2025-02-07 03:52:26 FATAL 68 45 120 177 :379  - The rare situation has occured at time 1738918346943, id to look up=119 25 161 199 , id of local node=68 45 120 177 , id of predecessor=50 71 95 48 
2025-02-07 03:53:38 FATAL 68 45 120 177 :379  - The rare situation has occured at time 1738918418761, id to look up=119 222 104 218 , id of local node=68 45 120 177 , id of predecessor=50 71 95 48 
2025-02-07 03:53:40 FATAL 68 45 120 177 :379  - The rare situation has occured at time 1738918420053, id to look up=254 93 187 206 , id of local node=68 45 120 177 , id of predecessor=50 71 95 48 
2025-02-07 03:53:40 FATAL 68 45 120 177 :379  - The rare situation has occured at time 1738918420571, id to look up=123 82 0 155 , id of local node=68 45 120 177 , id of predecessor=50 71 95 48 
2025-02-07 03:53:42 FATAL 68 45 120 177 :379  - The rare situation has occured at time 1738918422890, id to look up=77 19 75 192 , id of local node=68 45 120 177 , id of predecessor=50 71 95 48 
2025-02-07 03:53:43 FATAL 68 45 120 177 :379  - The rare situation has occured at time 1738918423751, id to look up=119 25 161 199 , id of local node=68 45 120 177 , id of predecessor=50 71 95 48 
2025-02-07 03:53:46 FATAL 68 45 120 177 :379  - The rare situation has occured at time 1738918426391, id to look up=118 31 34 178 , id of local node=68 45 120 177 , id of predecessor=50 71 95 48 
2025-02-07 03:53:48 FATAL 68 45 120 177 :379  - The rare situation has occured at time 1738918428242, id to look up=100 224 149 254 , id of local node=68 45 120 177 , id of predecessor=50 71 95 48 
2025-02-07 03:53:49 FATAL 68 45 120 177 :379  - The rare situation has occured at time 1738918429672, id to look up=84 206 185 18 , id of local node=68 45 120 177 , id of predecessor=50 71 95 48 
2025-02-07 03:53:50 FATAL 68 45 120 177 :379  - The rare situation has occured at time 1738918430542, id to look up=102 123 229 67 , id of local node=68 45 120 177 , id of predecessor=50 71 95 48 
2025-02-07 03:53:50 FATAL 68 45 120 177 :379  - The rare situation has occured at time 1738918430881, id to look up=108 30 103 31 , id of local node=68 45 120 177 , id of predecessor=50 71 95 48 
2025-02-07 03:53:52 FATAL 68 45 120 177 :379  - The rare situation has occured at time 1738918432211, id to look up=81 26 65 142 , id of local node=68 45 120 177 , id of predecessor=50 71 95 48 
2025-02-07 03:54:52 FATAL 68 45 120 177 :379  - The rare situation has occured at time 1738918492011, id to look up=119 222 104 218 , id of local node=68 45 120 177 , id of predecessor=50 71 95 48 
2025-02-07 03:54:53 FATAL 68 45 120 177 :379  - The rare situation has occured at time 1738918493603, id to look up=254 93 187 206 , id of local node=68 45 120 177 , id of predecessor=50 71 95 48 
2025-02-07 03:54:54 FATAL 68 45 120 177 :379  - The rare situation has occured at time 1738918494131, id to look up=123 82 0 155 , id of local node=68 45 120 177 , id of predecessor=50 71 95 48 
2025-02-07 03:54:56 FATAL 68 45 120 177 :379  - The rare situation has occured at time 1738918496201, id to look up=77 19 75 192 , id of local node=68 45 120 177 , id of predecessor=50 71 95 48 
2025-02-07 03:54:57 FATAL 68 45 120 177 :379  - The rare situation has occured at time 1738918497132, id to look up=119 25 161 199 , id of local node=68 45 120 177 , id of predecessor=50 71 95 48 
2025-02-07 03:54:59 FATAL 68 45 120 177 :379  - The rare situation has occured at time 1738918499792, id to look up=118 31 34 178 , id of local node=68 45 120 177 , id of predecessor=50 71 95 48 
2025-02-07 03:55:01 FATAL 68 45 120 177 :379  - The rare situation has occured at time 1738918501692, id to look up=100 224 149 254 , id of local node=68 45 120 177 , id of predecessor=50 71 95 48 
2025-02-07 03:55:03 FATAL 68 45 120 177 :379  - The rare situation has occured at time 1738918503152, id to look up=84 206 185 18 , id of local node=68 45 120 177 , id of predecessor=50 71 95 48 
2025-02-07 03:55:03 FATAL 68 45 120 177 :379  - The rare situation has occured at time 1738918503407, id to look up=102 123 229 67 , id of local node=68 45 120 177 , id of predecessor=50 71 95 48 
2025-02-07 03:55:03 FATAL 68 45 120 177 :379  - The rare situation has occured at time 1738918503766, id to look up=108 30 103 31 , id of local node=68 45 120 177 , id of predecessor=50 71 95 48 
2025-02-07 03:55:05 FATAL 68 45 120 177 :379  - The rare situation has occured at time 1738918505117, id to look up=81 26 65 142 , id of local node=68 45 120 177 , id of predecessor=50 71 95 48 
2025-02-07 03:55:06 FATAL 68 45 120 177 :379  - The rare situation has occured at time 1738918506037, id to look up=89 18 154 172 , id of local node=68 45 120 177 , id of predecessor=50 71 95 48 
2025-02-07 03:55:06 FATAL 68 45 120 177 :379  - The rare situation has occured at time 1738918506417, id to look up=77 137 210 148 , id of local node=68 45 120 177 , id of predecessor=50 71 95 48 
2025-02-07 03:55:09 FATAL 68 45 120 177 :379  - The rare situation has occured at time 1738918509046, id to look up=118 84 111 154 , id of local node=68 45 120 177 , id of predecessor=50 71 95 48 
2025-02-07 03:55:10 FATAL 68 45 120 177 :379  - The rare situation has occured at time 1738918510666, id to look up=76 214 109 250 , id of local node=68 45 120 177 , id of predecessor=50 71 95 48 
2025-02-07 03:55:11 FATAL 68 45 120 177 :379  - The rare situation has occured at time 1738918511647, id to look up=111 184 74 237 , id of local node=68 45 120 177 , id of predecessor=50 71 95 48 
2025-02-07 03:55:13 FATAL 68 45 120 177 :379  - The rare situation has occured at time 1738918513497, id to look up=120 168 239 203 , id of local node=68 45 120 177 , id of predecessor=50 71 95 48 
2025-02-07 03:55:14 FATAL 68 45 120 177 :379  - The rare situation has occured at time 1738918514168, id to look up=114 36 249 151 , id of local node=68 45 120 177 , id of predecessor=50 71 95 48 
2025-02-07 03:55:14 FATAL 68 45 120 177 :379  - The rare situation has occured at time 1738918514348, id to look up=82 78 5 220 , id of local node=68 45 120 177 , id of predecessor=50 71 95 48 
2025-02-07 03:55:15 FATAL 68 45 120 177 :379  - The rare situation has occured at time 1738918515298, id to look up=104 62 114 92 , id of local node=68 45 120 177 , id of predecessor=50 71 95 48 
2025-02-07 03:55:16 FATAL 68 45 120 177 :379  - The rare situation has occured at time 1738918516508, id to look up=119 91 197 195 , id of local node=68 45 120 177 , id of predecessor=50 71 95 48 
2025-02-07 03:56:22 FATAL 68 45 120 177 :379  - The rare situation has occured at time 1738918582209, id to look up=119 222 104 218 , id of local node=68 45 120 177 , id of predecessor=50 71 95 48 
2025-02-07 03:56:23 FATAL 68 45 120 177 :379  - The rare situation has occured at time 1738918583221, id to look up=254 93 187 206 , id of local node=68 45 120 177 , id of predecessor=50 71 95 48 
2025-02-07 03:56:24 FATAL 68 45 120 177 :379  - The rare situation has occured at time 1738918584210, id to look up=123 82 0 155 , id of local node=68 45 120 177 , id of predecessor=50 71 95 48 
2025-02-07 03:56:26 FATAL 68 45 120 177 :379  - The rare situation has occured at time 1738918586569, id to look up=77 19 75 192 , id of local node=68 45 120 177 , id of predecessor=50 71 95 48 
2025-02-07 03:56:27 FATAL 68 45 120 177 :379  - The rare situation has occured at time 1738918587470, id to look up=119 25 161 199 , id of local node=68 45 120 177 , id of predecessor=50 71 95 48 
2025-02-07 03:56:30 FATAL 68 45 120 177 :379  - The rare situation has occured at time 1738918590121, id to look up=118 31 34 178 , id of local node=68 45 120 177 , id of predecessor=50 71 95 48 
2025-02-07 03:56:32 FATAL 68 45 120 177 :379  - The rare situation has occured at time 1738918592010, id to look up=100 224 149 254 , id of local node=68 45 120 177 , id of predecessor=50 71 95 48 
2025-02-07 03:56:33 FATAL 68 45 120 177 :379  - The rare situation has occured at time 1738918593451, id to look up=84 206 185 18 , id of local node=68 45 120 177 , id of predecessor=50 71 95 48 
2025-02-07 03:56:34 FATAL 68 45 120 177 :379  - The rare situation has occured at time 1738918594350, id to look up=102 123 229 67 , id of local node=68 45 120 177 , id of predecessor=50 71 95 48 
2025-02-07 03:56:34 FATAL 68 45 120 177 :379  - The rare situation has occured at time 1738918594680, id to look up=108 30 103 31 , id of local node=68 45 120 177 , id of predecessor=50 71 95 48 
2025-02-07 03:56:36 FATAL 68 45 120 177 :379  - The rare situation has occured at time 1738918596061, id to look up=81 26 65 142 , id of local node=68 45 120 177 , id of predecessor=50 71 95 48 
2025-02-07 03:56:36 FATAL 68 45 120 177 :379  - The rare situation has occured at time 1738918596970, id to look up=89 18 154 172 , id of local node=68 45 120 177 , id of predecessor=50 71 95 48 
2025-02-07 03:56:37 FATAL 68 45 120 177 :379  - The rare situation has occured at time 1738918597350, id to look up=77 137 210 148 , id of local node=68 45 120 177 , id of predecessor=50 71 95 48 
2025-02-07 03:56:39 FATAL 68 45 120 177 :379  - The rare situation has occured at time 1738918599391, id to look up=118 84 111 154 , id of local node=68 45 120 177 , id of predecessor=50 71 95 48 
2025-02-07 03:56:41 FATAL 68 45 120 177 :379  - The rare situation has occured at time 1738918601022, id to look up=76 214 109 250 , id of local node=68 45 120 177 , id of predecessor=50 71 95 48 
2025-02-07 03:56:42 FATAL 68 45 120 177 :379  - The rare situation has occured at time 1738918602022, id to look up=111 184 74 237 , id of local node=68 45 120 177 , id of predecessor=50 71 95 48 
2025-02-07 03:56:43 FATAL 68 45 120 177 :379  - The rare situation has occured at time 1738918603862, id to look up=120 168 239 203 , id of local node=68 45 120 177 , id of predecessor=50 71 95 48 
2025-02-07 03:56:44 FATAL 68 45 120 177 :379  - The rare situation has occured at time 1738918604542, id to look up=114 36 249 151 , id of local node=68 45 120 177 , id of predecessor=50 71 95 48 
2025-02-07 03:56:44 FATAL 68 45 120 177 :379  - The rare situation has occured at time 1738918604702, id to look up=82 78 5 220 , id of local node=68 45 120 177 , id of predecessor=50 71 95 48 
2025-02-07 03:56:45 FATAL 68 45 120 177 :379  - The rare situation has occured at time 1738918605652, id to look up=104 62 114 92 , id of local node=68 45 120 177 , id of predecessor=50 71 95 48 
2025-02-07 03:56:46 FATAL 68 45 120 177 :379  - The rare situation has occured at time 1738918606862, id to look up=119 91 197 195 , id of local node=68 45 120 177 , id of predecessor=50 71 95 48 
2025-02-07 03:56:50 FATAL 68 45 120 177 :379  - The rare situation has occured at time 1738918610351, id to look up=86 173 77 77 , id of local node=68 45 120 177 , id of predecessor=50 71 95 48 
2025-02-07 03:56:52 FATAL 68 45 120 177 :379  - The rare situation has occured at time 1738918612102, id to look up=115 32 130 140 , id of local node=68 45 120 177 , id of predecessor=50 71 95 48 
2025-02-07 03:56:52 FATAL 68 45 120 177 :379  - The rare situation has occured at time 1738918612312, id to look up=80 51 107 198 , id of local node=68 45 120 177 , id of predecessor=50 71 95 48 
2025-02-07 03:56:53 FATAL 68 45 120 177 :379  - The rare situation has occured at time 1738918613161, id to look up=83 111 182 147 , id of local node=68 45 120 177 , id of predecessor=50 71 95 48 
2025-02-07 03:56:55 FATAL 68 45 120 177 :379  - The rare situation has occured at time 1738918615471, id to look up=107 98 119 175 , id of local node=68 45 120 177 , id of predecessor=50 71 95 48 
2025-02-07 03:56:56 FATAL 68 45 120 177 :379  - The rare situation has occured at time 1738918616682, id to look up=116 203 210 194 , id of local node=68 45 120 177 , id of predecessor=50 71 95 48 
2025-02-07 03:56:57 FATAL 68 45 120 177 :379  - The rare situation has occured at time 1738918617212, id to look up=105 229 105 118 , id of local node=68 45 120 177 , id of predecessor=50 71 95 48 
2025-02-07 03:56:57 FATAL 68 45 120 177 :379  - The rare situation has occured at time 1738918617342, id to look up=112 138 119 219 , id of local node=68 45 120 177 , id of predecessor=50 71 95 48 
2025-02-07 03:56:57 FATAL 68 45 120 177 :379  - The rare situation has occured at time 1738918617682, id to look up=113 123 47 61 , id of local node=68 45 120 177 , id of predecessor=50 71 95 48 
2025-02-07 03:56:58 FATAL 68 45 120 177 :379  - The rare situation has occured at time 1738918618573, id to look up=87 46 32 115 , id of local node=68 45 120 177 , id of predecessor=50 71 95 48 
2025-02-07 03:57:00 FATAL 68 45 120 177 :379  - The rare situation has occured at time 1738918620362, id to look up=88 240 116 73 , id of local node=68 45 120 177 , id of predecessor=50 71 95 48 
2025-02-07 03:57:02 FATAL 68 45 120 177 :379  - The rare situation has occured at time 1738918622402, id to look up=117 42 231 189 , id of local node=68 45 120 177 , id of predecessor=50 71 95 48 
2025-02-07 03:57:02 FATAL 68 45 120 177 :379  - The rare situation has occured at time 1738918622532, id to look up=77 234 29 174 , id of local node=68 45 120 177 , id of predecessor=50 71 95 48 
2025-02-07 03:57:04 FATAL 68 45 120 177 :379  - The rare situation has occured at time 1738918624572, id to look up=74 250 143 158 , id of local node=68 45 120 177 , id of predecessor=50 71 95 48 
2025-02-07 03:57:09 FATAL 68 45 120 177 :379  - The rare situation has occured at time 1738918629081, id to look up=76 130 5 218 , id of local node=68 45 120 177 , id of predecessor=50 71 95 48 
2025-02-07 03:57:09 FATAL 68 45 120 177 :379  - The rare situation has occured at time 1738918629592, id to look up=79 15 92 150 , id of local node=68 45 120 177 , id of predecessor=50 71 95 48 
2025-02-07 03:57:09 FATAL 68 45 120 177 :379  - The rare situation has occured at time 1738918629822, id to look up=82 253 185 246 , id of local node=68 45 120 177 , id of predecessor=50 71 95 48 
2025-02-07 03:57:09 FATAL 68 45 120 177 :379  - The rare situation has occured at time 1738918629888, id to look up=88 65 48 224 , id of local node=68 45 120 177 , id of predecessor=50 71 95 48 
2025-02-07 03:57:10 FATAL 68 45 120 177 :379  - The rare situation has occured at time 1738918630748, id to look up=74 247 249 237 , id of local node=68 45 120 177 , id of predecessor=50 71 95 48 
2025-02-07 03:57:12 FATAL 68 45 120 177 :379  - The rare situation has occured at time 1738918632778, id to look up=76 21 220 33 , id of local node=68 45 120 177 , id of predecessor=50 71 95 48 
2025-02-07 03:59:45 FATAL 68 45 120 177 :379  - The rare situation has occured at time 1738918785101, id to look up=119 222 104 218 , id of local node=68 45 120 177 , id of predecessor=50 71 95 48 
2025-02-07 03:59:46 FATAL 68 45 120 177 :379  - The rare situation has occured at time 1738918786592, id to look up=254 93 187 206 , id of local node=68 45 120 177 , id of predecessor=50 71 95 48 
2025-02-07 03:59:47 FATAL 68 45 120 177 :379  - The rare situation has occured at time 1738918787101, id to look up=123 82 0 155 , id of local node=68 45 120 177 , id of predecessor=50 71 95 48 
2025-02-07 03:59:48 FATAL 68 45 120 177 :379  - The rare situation has occured at time 1738918788586, id to look up=77 19 75 192 , id of local node=68 45 120 177 , id of predecessor=50 71 95 48 
2025-02-07 03:59:49 FATAL 68 45 120 177 :379  - The rare situation has occured at time 1738918789487, id to look up=119 25 161 199 , id of local node=68 45 120 177 , id of predecessor=50 71 95 48 
2025-02-07 03:59:52 FATAL 68 45 120 177 :379  - The rare situation has occured at time 1738918792107, id to look up=118 31 34 178 , id of local node=68 45 120 177 , id of predecessor=50 71 95 48 
2025-02-07 03:59:53 FATAL 68 45 120 177 :379  - The rare situation has occured at time 1738918793967, id to look up=100 224 149 254 , id of local node=68 45 120 177 , id of predecessor=50 71 95 48 
2025-02-07 03:59:55 FATAL 68 45 120 177 :379  - The rare situation has occured at time 1738918795367, id to look up=84 206 185 18 , id of local node=68 45 120 177 , id of predecessor=50 71 95 48 
2025-02-07 03:59:56 FATAL 68 45 120 177 :379  - The rare situation has occured at time 1738918796267, id to look up=102 123 229 67 , id of local node=68 45 120 177 , id of predecessor=50 71 95 48 
2025-02-07 03:59:56 FATAL 68 45 120 177 :379  - The rare situation has occured at time 1738918796596, id to look up=108 30 103 31 , id of local node=68 45 120 177 , id of predecessor=50 71 95 48 
2025-02-07 03:59:57 FATAL 68 45 120 177 :379  - The rare situation has occured at time 1738918797957, id to look up=81 26 65 142 , id of local node=68 45 120 177 , id of predecessor=50 71 95 48 
2025-02-07 03:59:58 FATAL 68 45 120 177 :379  - The rare situation has occured at time 1738918798857, id to look up=89 18 154 172 , id of local node=68 45 120 177 , id of predecessor=50 71 95 48 
2025-02-07 03:59:59 FATAL 68 45 120 177 :379  - The rare situation has occured at time 1738918799227, id to look up=77 137 210 148 , id of local node=68 45 120 177 , id of predecessor=50 71 95 48 
2025-02-07 04:00:01 FATAL 68 45 120 177 :379  - The rare situation has occured at time 1738918801866, id to look up=118 84 111 154 , id of local node=68 45 120 177 , id of predecessor=50 71 95 48 
2025-02-07 04:00:03 FATAL 68 45 120 177 :379  - The rare situation has occured at time 1738918803446, id to look up=76 214 109 250 , id of local node=68 45 120 177 , id of predecessor=50 71 95 48 
2025-02-07 04:00:04 FATAL 68 45 120 177 :379  - The rare situation has occured at time 1738918804457, id to look up=111 184 74 237 , id of local node=68 45 120 177 , id of predecessor=50 71 95 48 
2025-02-07 04:00:06 FATAL 68 45 120 177 :379  - The rare situation has occured at time 1738918806336, id to look up=120 168 239 203 , id of local node=68 45 120 177 , id of predecessor=50 71 95 48 
2025-02-07 04:00:07 FATAL 68 45 120 177 :379  - The rare situation has occured at time 1738918807047, id to look up=114 36 249 151 , id of local node=68 45 120 177 , id of predecessor=50 71 95 48 
2025-02-07 04:00:07 FATAL 68 45 120 177 :379  - The rare situation has occured at time 1738918807217, id to look up=82 78 5 220 , id of local node=68 45 120 177 , id of predecessor=50 71 95 48 
2025-02-07 04:00:08 FATAL 68 45 120 177 :379  - The rare situation has occured at time 1738918808206, id to look up=104 62 114 92 , id of local node=68 45 120 177 , id of predecessor=50 71 95 48 
2025-02-07 04:00:09 FATAL 68 45 120 177 :379  - The rare situation has occured at time 1738918809427, id to look up=119 91 197 195 , id of local node=68 45 120 177 , id of predecessor=50 71 95 48 
2025-02-07 04:00:12 FATAL 68 45 120 177 :379  - The rare situation has occured at time 1738918812906, id to look up=86 173 77 77 , id of local node=68 45 120 177 , id of predecessor=50 71 95 48 
2025-02-07 04:00:14 FATAL 68 45 120 177 :379  - The rare situation has occured at time 1738918814706, id to look up=115 32 130 140 , id of local node=68 45 120 177 , id of predecessor=50 71 95 48 
2025-02-07 04:00:14 FATAL 68 45 120 177 :379  - The rare situation has occured at time 1738918814947, id to look up=80 51 107 198 , id of local node=68 45 120 177 , id of predecessor=50 71 95 48 
2025-02-07 04:00:15 FATAL 68 45 120 177 :379  - The rare situation has occured at time 1738918815806, id to look up=83 111 182 147 , id of local node=68 45 120 177 , id of predecessor=50 71 95 48 
2025-02-07 04:00:18 FATAL 68 45 120 177 :379  - The rare situation has occured at time 1738918818046, id to look up=107 98 119 175 , id of local node=68 45 120 177 , id of predecessor=50 71 95 48 
2025-02-07 04:00:19 FATAL 68 45 120 177 :379  - The rare situation has occured at time 1738918819237, id to look up=116 203 210 194 , id of local node=68 45 120 177 , id of predecessor=50 71 95 48 
2025-02-07 04:00:19 FATAL 68 45 120 177 :379  - The rare situation has occured at time 1738918819746, id to look up=105 229 105 118 , id of local node=68 45 120 177 , id of predecessor=50 71 95 48 
2025-02-07 04:00:19 FATAL 68 45 120 177 :379  - The rare situation has occured at time 1738918819876, id to look up=112 138 119 219 , id of local node=68 45 120 177 , id of predecessor=50 71 95 48 
2025-02-07 04:00:19 FATAL 68 45 120 177 :379  - The rare situation has occured at time 1738918819620, id to look up=113 123 47 61 , id of local node=68 45 120 177 , id of predecessor=50 71 95 48 
2025-02-07 04:00:20 FATAL 68 45 120 177 :379  - The rare situation has occured at time 1738918820560, id to look up=87 46 32 115 , id of local node=68 45 120 177 , id of predecessor=50 71 95 48 
2025-02-07 04:00:22 FATAL 68 45 120 177 :379  - The rare situation has occured at time 1738918822331, id to look up=88 240 116 73 , id of local node=68 45 120 177 , id of predecessor=50 71 95 48 
2025-02-07 04:00:24 FATAL 68 45 120 177 :379  - The rare situation has occured at time 1738918824410, id to look up=117 42 231 189 , id of local node=68 45 120 177 , id of predecessor=50 71 95 48 
2025-02-07 04:00:24 FATAL 68 45 120 177 :379  - The rare situation has occured at time 1738918824541, id to look up=77 234 29 174 , id of local node=68 45 120 177 , id of predecessor=50 71 95 48 
2025-02-07 04:00:26 FATAL 68 45 120 177 :379  - The rare situation has occured at time 1738918826591, id to look up=74 250 143 158 , id of local node=68 45 120 177 , id of predecessor=50 71 95 48 
2025-02-07 04:00:31 FATAL 68 45 120 177 :379  - The rare situation has occured at time 1738918831130, id to look up=76 130 5 218 , id of local node=68 45 120 177 , id of predecessor=50 71 95 48 
2025-02-07 04:00:31 FATAL 68 45 120 177 :379  - The rare situation has occured at time 1738918831680, id to look up=79 15 92 150 , id of local node=68 45 120 177 , id of predecessor=50 71 95 48 
2025-02-07 04:00:31 FATAL 68 45 120 177 :379  - The rare situation has occured at time 1738918831930, id to look up=82 253 185 246 , id of local node=68 45 120 177 , id of predecessor=50 71 95 48 
2025-02-07 04:00:32 FATAL 68 45 120 177 :379  - The rare situation has occured at time 1738918832570, id to look up=88 65 48 224 , id of local node=68 45 120 177 , id of predecessor=50 71 95 48 
2025-02-07 04:00:33 FATAL 68 45 120 177 :379  - The rare situation has occured at time 1738918833411, id to look up=74 247 249 237 , id of local node=68 45 120 177 , id of predecessor=50 71 95 48 
2025-02-07 04:00:35 FATAL 68 45 120 177 :379  - The rare situation has occured at time 1738918835440, id to look up=76 21 220 33 , id of local node=68 45 120 177 , id of predecessor=50 71 95 48 
2025-02-07 04:00:37 FATAL 68 45 120 177 :379  - The rare situation has occured at time 1738918837280, id to look up=104 42 3 244 , id of local node=68 45 120 177 , id of predecessor=50 71 95 48 
2025-02-07 04:00:38 FATAL 68 45 120 177 :379  - The rare situation has occured at time 1738918838440, id to look up=115 59 87 174 , id of local node=68 45 120 177 , id of predecessor=50 71 95 48 
2025-02-07 04:00:39 FATAL 68 45 120 177 :379  - The rare situation has occured at time 1738918839250, id to look up=109 54 52 121 , id of local node=68 45 120 177 , id of predecessor=50 71 95 48 
2025-02-07 04:00:39 FATAL 68 45 120 177 :379  - The rare situation has occured at time 1738918839470, id to look up=104 181 25 63 , id of local node=68 45 120 177 , id of predecessor=50 71 95 48 
2025-02-07 04:00:41 FATAL 68 45 120 177 :379  - The rare situation has occured at time 1738918841220, id to look up=107 15 77 153 , id of local node=68 45 120 177 , id of predecessor=50 71 95 48 
2025-02-07 04:00:42 FATAL 68 45 120 177 :379  - The rare situation has occured at time 1738918842940, id to look up=75 46 57 40 , id of local node=68 45 120 177 , id of predecessor=50 71 95 48 
2025-02-07 04:00:43 FATAL 68 45 120 177 :379  - The rare situation has occured at time 1738918843681, id to look up=120 125 65 217 , id of local node=68 45 120 177 , id of predecessor=50 71 95 48 
2025-02-07 04:00:44 FATAL 68 45 120 177 :379  - The rare situation has occured at time 1738918844391, id to look up=121 129 110 203 , id of local node=68 45 120 177 , id of predecessor=50 71 95 48 
2025-02-07 04:00:44 FATAL 68 45 120 177 :379  - The rare situation has occured at time 1738918844931, id to look up=114 193 151 91 , id of local node=68 45 120 177 , id of predecessor=50 71 95 48 
2025-02-07 04:00:47 FATAL 68 45 120 177 :379  - The rare situation has occured at time 1738918847000, id to look up=110 33 252 230 , id of local node=68 45 120 177 , id of predecessor=50 71 95 48 
2025-02-07 04:00:48 FATAL 68 45 120 177 :379  - The rare situation has occured at time 1738918848910, id to look up=85 71 246 49 , id of local node=68 45 120 177 , id of predecessor=50 71 95 48 
2025-02-07 04:00:50 FATAL 68 45 120 177 :379  - The rare situation has occured at time 1738918850359, id to look up=255 251 142 133 , id of local node=68 45 120 177 , id of predecessor=50 71 95 48 
2025-02-07 04:00:50 FATAL 68 45 120 177 :379  - The rare situation has occured at time 1738918850990, id to look up=108 65 16 31 , id of local node=68 45 120 177 , id of predecessor=50 71 95 48 
2025-02-07 04:00:52 FATAL 68 45 120 177 :379  - The rare situation has occured at time 1738918852257, id to look up=0 38 71 106 , id of local node=68 45 120 177 , id of predecessor=50 71 95 48 
2025-02-07 04:00:54 FATAL 68 45 120 177 :379  - The rare situation has occured at time 1738918854027, id to look up=86 228 58 228 , id of local node=68 45 120 177 , id of predecessor=50 71 95 48 
2025-02-07 04:00:56 FATAL 68 45 120 177 :379  - The rare situation has occured at time 1738918856586, id to look up=109 147 242 160 , id of local node=68 45 120 177 , id of predecessor=50 71 95 48 
2025-02-07 04:00:56 FATAL 68 45 120 177 :379  - The rare situation has occured at time 1738918856768, id to look up=74 14 136 207 , id of local node=68 45 120 177 , id of predecessor=50 71 95 48 
2025-02-07 04:01:00 FATAL 68 45 120 177 :379  - The rare situation has occured at time 1738918860737, id to look up=76 98 156 76 , id of local node=68 45 120 177 , id of predecessor=50 71 95 48 
2025-02-07 04:01:04 FATAL 68 45 120 177 :379  - The rare situation has occured at time 1738918864566, id to look up=110 155 153 56 , id of local node=68 45 120 177 , id of predecessor=50 71 95 48 
2025-02-07 04:01:04 FATAL 68 45 120 177 :379  - The rare situation has occured at time 1738918864888, id to look up=87 21 170 2 , id of local node=68 45 120 177 , id of predecessor=50 71 95 48 
2025-02-07 04:01:05 FATAL 68 45 120 177 :379  - The rare situation has occured at time 1738918865656, id to look up=77 199 120 41 , id of local node=68 45 120 177 , id of predecessor=50 71 95 48 
2025-02-07 04:01:06 FATAL 68 45 120 177 :379  - The rare situation has occured at time 1738918866047, id to look up=122 149 86 52 , id of local node=68 45 120 177 , id of predecessor=50 71 95 48 
2025-02-07 04:01:07 FATAL 68 45 120 177 :379  - The rare situation has occured at time 1738918867297, id to look up=119 135 54 116 , id of local node=68 45 120 177 , id of predecessor=50 71 95 48 
2025-02-07 04:01:08 FATAL 68 45 120 177 :379  - The rare situation has occured at time 1738918868118, id to look up=122 105 134 153 , id of local node=68 45 120 177 , id of predecessor=50 71 95 48 
2025-02-07 04:01:08 FATAL 68 45 120 177 :379  - The rare situation has occured at time 1738918868498, id to look up=117 152 143 90 , id of local node=68 45 120 177 , id of predecessor=50 71 95 48 
2025-02-07 04:01:08 FATAL 68 45 120 177 :379  - The rare situation has occured at time 1738918868777, id to look up=108 10 199 108 , id of local node=68 45 120 177 , id of predecessor=50 71 95 48 
2025-02-07 04:01:09 FATAL 68 45 120 177 :379  - The rare situation has occured at time 1738918869257, id to look up=120 78 240 5 , id of local node=68 45 120 177 , id of predecessor=50 71 95 48 
2025-02-07 04:01:09 FATAL 68 45 120 177 :379  - The rare situation has occured at time 1738918869927, id to look up=108 76 4 190 , id of local node=68 45 120 177 , id of predecessor=50 71 95 48 
2025-02-07 04:01:10 FATAL 68 45 120 177 :379  - The rare situation has occured at time 1738918870367, id to look up=109 14 16 80 , id of local node=68 45 120 177 , id of predecessor=50 71 95 48 
2025-02-07 04:01:12 FATAL 68 45 120 177 :379  - The rare situation has occured at time 1738918872856, id to look up=74 194 187 255 , id of local node=68 45 120 177 , id of predecessor=50 71 95 48 
2025-02-07 04:01:13 FATAL 68 45 120 177 :379  - The rare situation has occured at time 1738918873237, id to look up=81 234 198 180 , id of local node=68 45 120 177 , id of predecessor=50 71 95 48 
2025-02-07 04:01:14 FATAL 68 45 120 177 :379  - The rare situation has occured at time 1738918874417, id to look up=102 143 55 216 , id of local node=68 45 120 177 , id of predecessor=50 71 95 48 
2025-02-07 04:01:15 FATAL 68 45 120 177 :379  - The rare situation has occured at time 1738918875047, id to look up=111 148 110 38 , id of local node=68 45 120 177 , id of predecessor=50 71 95 48 
2025-02-07 04:01:16 FATAL 68 45 120 177 :379  - The rare situation has occured at time 1738918876646, id to look up=110 117 210 58 , id of local node=68 45 120 177 , id of predecessor=50 71 95 48 
2025-02-07 04:01:18 FATAL 68 45 120 177 :379  - The rare situation has occured at time 1738918878346, id to look up=108 199 29 145 , id of local node=68 45 120 177 , id of predecessor=50 71 95 48 
2025-02-07 04:01:19 FATAL 68 45 120 177 :379  - The rare situation has occured at time 1738918879446, id to look up=119 214 122 177 , id of local node=68 45 120 177 , id of predecessor=50 71 95 48 
2025-02-07 04:01:21 FATAL 68 45 120 177 :379  - The rare situation has occured at time 1738918881007, id to look up=113 16 224 211 , id of local node=68 45 120 177 , id of predecessor=50 71 95 48 
2025-02-07 04:01:22 FATAL 68 45 120 177 :379  - The rare situation has occured at time 1738918882227, id to look up=109 93 176 232 , id of local node=68 45 120 177 , id of predecessor=50 71 95 48 
