2025-02-07 03:50:35 WARN  OpenChordTest:205  - Peer joined at ocsocket://localhost:8104/ via ocsocket://localhost:8080/
2025-02-07 03:50:38 WARN  OpenChordTest:58  - Insert time for key 24 = 2942 ms
2025-02-07 03:50:38 WARN  OpenChordTest:60  - Inserted (24, default)
2025-02-07 03:50:38 WARN  OpenChordTest:64  - Memory usage at ocsocket://localhost:8104/ = 4 MB
2025-02-07 03:52:21 FATAL 211 42 117 238 :379  - The rare situation has occured at time 1738918341838, id to look up=119 222 104 218 , id of local node=211 42 117 238 , id of predecessor=210 68 241 41 
2025-02-07 03:52:23 FATAL 211 42 117 238 :379  - The rare situation has occured at time 1738918343020, id to look up=172 52 120 214 , id of local node=211 42 117 238 , id of predecessor=210 68 241 41 
2025-02-07 03:52:23 FATAL 211 42 117 238 :379  - The rare situation has occured at time 1738918343426, id to look up=193 223 217 110 , id of local node=211 42 117 238 , id of predecessor=210 68 241 41 
2025-02-07 03:52:24 FATAL 211 42 117 238 :379  - The rare situation has occured at time 1738918344010, id to look up=177 213 120 17 , id of local node=211 42 117 238 , id of predecessor=210 68 241 41 
2025-02-07 03:52:24 FATAL 211 42 117 238 :379  - The rare situation has occured at time 1738918344680, id to look up=123 82 0 155 , id of local node=211 42 117 238 , id of predecessor=210 68 241 41 
2025-02-07 03:52:24 FATAL 211 42 117 238 :379  - The rare situation has occured at time 1738918344851, id to look up=189 48 122 62 , id of local node=211 42 117 238 , id of predecessor=210 68 241 41 
2025-02-07 03:52:25 FATAL 211 42 117 238 :379  - The rare situation has occured at time 1738918345011, id to look up=158 106 85 182 , id of local node=211 42 117 238 , id of predecessor=210 68 241 41 
2025-02-07 03:52:25 FATAL 211 42 117 238 :379  - The rare situation has occured at time 1738918345336, id to look up=179 240 199 246 , id of local node=211 42 117 238 , id of predecessor=210 68 241 41 
2025-02-07 03:52:25 FATAL 211 42 117 238 :379  - The rare situation has occured at time 1738918345892, id to look up=77 19 75 192 , id of local node=211 42 117 238 , id of predecessor=210 68 241 41 
2025-02-07 03:52:26 FATAL 211 42 117 238 :379  - The rare situation has occured at time 1738918346786, id to look up=188 51 234 78 , id of local node=211 42 117 238 , id of predecessor=210 68 241 41 
2025-02-07 03:52:27 FATAL 211 42 117 238 :379  - The rare situation has occured at time 1738918347201, id to look up=119 25 161 199 , id of local node=211 42 117 238 , id of predecessor=210 68 241 41 
2025-02-07 03:52:27 FATAL 211 42 117 238 :379  - The rare situation has occured at time 1738918347965, id to look up=203 78 82 8 , id of local node=211 42 117 238 , id of predecessor=210 68 241 41 
2025-02-07 03:53:38 FATAL 211 42 117 238 :379  - The rare situation has occured at time 1738918418822, id to look up=119 222 104 218 , id of local node=211 42 117 238 , id of predecessor=210 68 241 41 
2025-02-07 03:53:39 FATAL 211 42 117 238 :379  - The rare situation has occured at time 1738918419265, id to look up=172 52 120 214 , id of local node=211 42 117 238 , id of predecessor=210 68 241 41 
2025-02-07 03:53:39 FATAL 211 42 117 238 :379  - The rare situation has occured at time 1738918419691, id to look up=193 223 217 110 , id of local node=211 42 117 238 , id of predecessor=210 68 241 41 
2025-02-07 03:53:40 FATAL 211 42 117 238 :379  - The rare situation has occured at time 1738918420275, id to look up=177 213 120 17 , id of local node=211 42 117 238 , id of predecessor=210 68 241 41 
2025-02-07 03:53:40 FATAL 211 42 117 238 :379  - The rare situation has occured at time 1738918420935, id to look up=123 82 0 155 , id of local node=211 42 117 238 , id of predecessor=210 68 241 41 
2025-02-07 03:53:41 FATAL 211 42 117 238 :379  - The rare situation has occured at time 1738918421356, id to look up=189 48 122 62 , id of local node=211 42 117 238 , id of predecessor=210 68 241 41 
2025-02-07 03:53:42 FATAL 211 42 117 238 :379  - The rare situation has occured at time 1738918422131, id to look up=158 106 85 182 , id of local node=211 42 117 238 , id of predecessor=210 68 241 41 
2025-02-07 03:53:42 FATAL 211 42 117 238 :379  - The rare situation has occured at time 1738918422445, id to look up=179 240 199 246 , id of local node=211 42 117 238 , id of predecessor=210 68 241 41 
2025-02-07 03:53:42 FATAL 211 42 117 238 :379  - The rare situation has occured at time 1738918422991, id to look up=77 19 75 192 , id of local node=211 42 117 238 , id of predecessor=210 68 241 41 
2025-02-07 03:53:43 FATAL 211 42 117 238 :379  - The rare situation has occured at time 1738918423584, id to look up=188 51 234 78 , id of local node=211 42 117 238 , id of predecessor=210 68 241 41 
2025-02-07 03:53:44 FATAL 211 42 117 238 :379  - The rare situation has occured at time 1738918424000, id to look up=119 25 161 199 , id of local node=211 42 117 238 , id of predecessor=210 68 241 41 
2025-02-07 03:53:44 FATAL 211 42 117 238 :379  - The rare situation has occured at time 1738918424585, id to look up=203 78 82 8 , id of local node=211 42 117 238 , id of predecessor=210 68 241 41 
2025-02-07 03:53:44 FATAL 211 42 117 238 :379  - The rare situation has occured at time 1738918424941, id to look up=182 105 46 165 , id of local node=211 42 117 238 , id of predecessor=210 68 241 41 
2025-02-07 03:53:45 FATAL 211 42 117 238 :379  - The rare situation has occured at time 1738918425306, id to look up=151 42 103 196 , id of local node=211 42 117 238 , id of predecessor=210 68 241 41 
2025-02-07 03:53:45 FATAL 211 42 117 238 :379  - The rare situation has occured at time 1738918425624, id to look up=203 122 29 119 , id of local node=211 42 117 238 , id of predecessor=210 68 241 41 
2025-02-07 03:53:46 FATAL 211 42 117 238 :379  - The rare situation has occured at time 1738918426081, id to look up=202 53 18 244 , id of local node=211 42 117 238 , id of predecessor=210 68 241 41 
2025-02-07 03:53:46 FATAL 211 42 117 238 :379  - The rare situation has occured at time 1738918426284, id to look up=175 62 19 52 , id of local node=211 42 117 238 , id of predecessor=210 68 241 41 
2025-02-07 03:53:46 FATAL 211 42 117 238 :379  - The rare situation has occured at time 1738918426497, id to look up=118 31 34 178 , id of local node=211 42 117 238 , id of predecessor=210 68 241 41 
2025-02-07 03:53:47 FATAL 211 42 117 238 :379  - The rare situation has occured at time 1738918427005, id to look up=146 207 206 179 , id of local node=211 42 117 238 , id of predecessor=210 68 241 41 
2025-02-07 03:53:47 FATAL 211 42 117 238 :379  - The rare situation has occured at time 1738918427491, id to look up=152 251 196 47 , id of local node=211 42 117 238 , id of predecessor=210 68 241 41 
2025-02-07 03:53:48 FATAL 211 42 117 238 :379  - The rare situation has occured at time 1738918428251, id to look up=100 224 149 254 , id of local node=211 42 117 238 , id of predecessor=210 68 241 41 
2025-02-07 03:53:48 FATAL 211 42 117 238 :379  - The rare situation has occured at time 1738918428823, id to look up=183 235 108 104 , id of local node=211 42 117 238 , id of predecessor=210 68 241 41 
2025-02-07 03:53:49 FATAL 211 42 117 238 :379  - The rare situation has occured at time 1738918429041, id to look up=169 51 73 135 , id of local node=211 42 117 238 , id of predecessor=210 68 241 41 
2025-02-07 03:53:49 FATAL 211 42 117 238 :379  - The rare situation has occured at time 1738918429365, id to look up=197 183 109 163 , id of local node=211 42 117 238 , id of predecessor=210 68 241 41 
2025-02-07 03:53:49 FATAL 211 42 117 238 :379  - The rare situation has occured at time 1738918429920, id to look up=84 206 185 18 , id of local node=211 42 117 238 , id of predecessor=210 68 241 41 
2025-02-07 03:53:50 FATAL 211 42 117 238 :379  - The rare situation has occured at time 1738918430551, id to look up=102 123 229 67 , id of local node=211 42 117 238 , id of predecessor=210 68 241 41 
2025-02-07 03:53:51 FATAL 211 42 117 238 :379  - The rare situation has occured at time 1738918431531, id to look up=108 30 103 31 , id of local node=211 42 117 238 , id of predecessor=210 68 241 41 
2025-02-07 03:53:52 FATAL 211 42 117 238 :379  - The rare situation has occured at time 1738918432220, id to look up=81 26 65 142 , id of local node=211 42 117 238 , id of predecessor=210 68 241 41 
2025-02-07 03:53:52 FATAL 211 42 117 238 :379  - The rare situation has occured at time 1738918432454, id to look up=161 117 84 160 , id of local node=211 42 117 238 , id of predecessor=210 68 241 41 
2025-02-07 03:53:52 FATAL 211 42 117 238 :379  - The rare situation has occured at time 1738918432841, id to look up=198 108 101 23 , id of local node=211 42 117 238 , id of predecessor=210 68 241 41 
2025-02-07 03:54:52 FATAL 211 42 117 238 :379  - The rare situation has occured at time 1738918492331, id to look up=119 222 104 218 , id of local node=211 42 117 238 , id of predecessor=210 68 241 41 
2025-02-07 03:54:52 FATAL 211 42 117 238 :379  - The rare situation has occured at time 1738918492825, id to look up=172 52 120 214 , id of local node=211 42 117 238 , id of predecessor=210 68 241 41 
2025-02-07 03:54:53 FATAL 211 42 117 238 :379  - The rare situation has occured at time 1738918493251, id to look up=193 223 217 110 , id of local node=211 42 117 238 , id of predecessor=210 68 241 41 
2025-02-07 03:54:53 FATAL 211 42 117 238 :379  - The rare situation has occured at time 1738918493825, id to look up=177 213 120 17 , id of local node=211 42 117 238 , id of predecessor=210 68 241 41 
2025-02-07 03:54:54 FATAL 211 42 117 238 :379  - The rare situation has occured at time 1738918494496, id to look up=123 82 0 155 , id of local node=211 42 117 238 , id of predecessor=210 68 241 41 
2025-02-07 03:54:54 FATAL 211 42 117 238 :379  - The rare situation has occured at time 1738918494655, id to look up=189 48 122 62 , id of local node=211 42 117 238 , id of predecessor=210 68 241 41 
2025-02-07 03:54:55 FATAL 211 42 117 238 :379  - The rare situation has occured at time 1738918495431, id to look up=158 106 85 182 , id of local node=211 42 117 238 , id of predecessor=210 68 241 41 
2025-02-07 03:54:55 FATAL 211 42 117 238 :379  - The rare situation has occured at time 1738918495755, id to look up=179 240 199 246 , id of local node=211 42 117 238 , id of predecessor=210 68 241 41 
2025-02-07 03:54:56 FATAL 211 42 117 238 :379  - The rare situation has occured at time 1738918496302, id to look up=77 19 75 192 , id of local node=211 42 117 238 , id of predecessor=210 68 241 41 
2025-02-07 03:54:56 FATAL 211 42 117 238 :379  - The rare situation has occured at time 1738918496975, id to look up=188 51 234 78 , id of local node=211 42 117 238 , id of predecessor=210 68 241 41 
2025-02-07 03:54:57 FATAL 211 42 117 238 :379  - The rare situation has occured at time 1738918497392, id to look up=119 25 161 199 , id of local node=211 42 117 238 , id of predecessor=210 68 241 41 
2025-02-07 03:54:57 FATAL 211 42 117 238 :379  - The rare situation has occured at time 1738918497984, id to look up=203 78 82 8 , id of local node=211 42 117 238 , id of predecessor=210 68 241 41 
2025-02-07 03:54:58 FATAL 211 42 117 238 :379  - The rare situation has occured at time 1738918498341, id to look up=182 105 46 165 , id of local node=211 42 117 238 , id of predecessor=210 68 241 41 
2025-02-07 03:54:58 FATAL 211 42 117 238 :379  - The rare situation has occured at time 1738918498695, id to look up=151 42 103 196 , id of local node=211 42 117 238 , id of predecessor=210 68 241 41 
2025-02-07 03:54:59 FATAL 211 42 117 238 :379  - The rare situation has occured at time 1738918499014, id to look up=203 122 29 119 , id of local node=211 42 117 238 , id of predecessor=210 68 241 41 
2025-02-07 03:54:59 FATAL 211 42 117 238 :379  - The rare situation has occured at time 1738918499492, id to look up=202 53 18 244 , id of local node=211 42 117 238 , id of predecessor=210 68 241 41 
2025-02-07 03:54:59 FATAL 211 42 117 238 :379  - The rare situation has occured at time 1738918499695, id to look up=175 62 19 52 , id of local node=211 42 117 238 , id of predecessor=210 68 241 41 
2025-02-07 03:54:59 FATAL 211 42 117 238 :379  - The rare situation has occured at time 1738918499898, id to look up=118 31 34 178 , id of local node=211 42 117 238 , id of predecessor=210 68 241 41 
2025-02-07 03:55:00 FATAL 211 42 117 238 :379  - The rare situation has occured at time 1738918500424, id to look up=146 207 206 179 , id of local node=211 42 117 238 , id of predecessor=210 68 241 41 
2025-02-07 03:55:00 FATAL 211 42 117 238 :379  - The rare situation has occured at time 1738918500901, id to look up=152 251 196 47 , id of local node=211 42 117 238 , id of predecessor=210 68 241 41 
2025-02-07 03:55:01 FATAL 211 42 117 238 :379  - The rare situation has occured at time 1738918501700, id to look up=100 224 149 254 , id of local node=211 42 117 238 , id of predecessor=210 68 241 41 
2025-02-07 03:55:02 FATAL 211 42 117 238 :379  - The rare situation has occured at time 1738918502302, id to look up=183 235 108 104 , id of local node=211 42 117 238 , id of predecessor=210 68 241 41 
2025-02-07 03:55:02 FATAL 211 42 117 238 :379  - The rare situation has occured at time 1738918502521, id to look up=169 51 73 135 , id of local node=211 42 117 238 , id of predecessor=210 68 241 41 
2025-02-07 03:55:02 FATAL 211 42 117 238 :379  - The rare situation has occured at time 1738918502844, id to look up=197 183 109 163 , id of local node=211 42 117 238 , id of predecessor=210 68 241 41 
2025-02-07 03:55:03 FATAL 211 42 117 238 :379  - The rare situation has occured at time 1738918503411, id to look up=84 206 185 18 , id of local node=211 42 117 238 , id of predecessor=210 68 241 41 
2025-02-07 03:55:03 FATAL 211 42 117 238 :379  - The rare situation has occured at time 1738918503416, id to look up=102 123 229 67 , id of local node=211 42 117 238 , id of predecessor=210 68 241 41 
2025-02-07 03:55:04 FATAL 211 42 117 238 :379  - The rare situation has occured at time 1738918504426, id to look up=108 30 103 31 , id of local node=211 42 117 238 , id of predecessor=210 68 241 41 
2025-02-07 03:55:05 FATAL 211 42 117 238 :379  - The rare situation has occured at time 1738918505125, id to look up=81 26 65 142 , id of local node=211 42 117 238 , id of predecessor=210 68 241 41 
2025-02-07 03:55:05 FATAL 211 42 117 238 :379  - The rare situation has occured at time 1738918505349, id to look up=161 117 84 160 , id of local node=211 42 117 238 , id of predecessor=210 68 241 41 
2025-02-07 03:55:05 FATAL 211 42 117 238 :379  - The rare situation has occured at time 1738918505726, id to look up=198 108 101 23 , id of local node=211 42 117 238 , id of predecessor=210 68 241 41 
2025-02-07 03:55:06 FATAL 211 42 117 238 :379  - The rare situation has occured at time 1738918506045, id to look up=89 18 154 172 , id of local node=211 42 117 238 , id of predecessor=210 68 241 41 
2025-02-07 03:55:06 FATAL 211 42 117 238 :379  - The rare situation has occured at time 1738918506425, id to look up=77 137 210 148 , id of local node=211 42 117 238 , id of predecessor=210 68 241 41 
2025-02-07 03:55:06 FATAL 211 42 117 238 :379  - The rare situation has occured at time 1738918506541, id to look up=180 201 109 128 , id of local node=211 42 117 238 , id of predecessor=210 68 241 41 
2025-02-07 03:55:06 FATAL 211 42 117 238 :379  - The rare situation has occured at time 1738918506956, id to look up=167 43 32 6 , id of local node=211 42 117 238 , id of predecessor=210 68 241 41 
2025-02-07 03:55:07 FATAL 211 42 117 238 :379  - The rare situation has occured at time 1738918507260, id to look up=183 16 60 162 , id of local node=211 42 117 238 , id of predecessor=210 68 241 41 
2025-02-07 03:55:07 FATAL 211 42 117 238 :379  - The rare situation has occured at time 1738918507428, id to look up=208 37 96 221 , id of local node=211 42 117 238 , id of predecessor=210 68 241 41 
2025-02-07 03:55:07 FATAL 211 42 117 238 :379  - The rare situation has occured at time 1738918507626, id to look up=192 151 99 143 , id of local node=211 42 117 238 , id of predecessor=210 68 241 41 
2025-02-07 03:55:08 FATAL 211 42 117 238 :379  - The rare situation has occured at time 1738918508496, id to look up=183 79 94 233 , id of local node=211 42 117 238 , id of predecessor=210 68 241 41 
2025-02-07 03:55:08 FATAL 211 42 117 238 :379  - The rare situation has occured at time 1738918508799, id to look up=184 136 178 152 , id of local node=211 42 117 238 , id of predecessor=210 68 241 41 
2025-02-07 03:55:09 FATAL 211 42 117 238 :379  - The rare situation has occured at time 1738918509202, id to look up=118 84 111 154 , id of local node=211 42 117 238 , id of predecessor=210 68 241 41 
2025-02-07 03:55:09 FATAL 211 42 117 238 :379  - The rare situation has occured at time 1738918509470, id to look up=190 70 26 12 , id of local node=211 42 117 238 , id of predecessor=210 68 241 41 
2025-02-07 03:55:10 FATAL 211 42 117 238 :379  - The rare situation has occured at time 1738918510156, id to look up=179 127 109 220 , id of local node=211 42 117 238 , id of predecessor=210 68 241 41 
2025-02-07 03:55:10 FATAL 211 42 117 238 :379  - The rare situation has occured at time 1738918510675, id to look up=76 214 109 250 , id of local node=211 42 117 238 , id of predecessor=210 68 241 41 
2025-02-07 03:55:11 FATAL 211 42 117 238 :379  - The rare situation has occured at time 1738918511751, id to look up=111 184 74 237 , id of local node=211 42 117 238 , id of predecessor=210 68 241 41 
2025-02-07 03:55:12 FATAL 211 42 117 238 :379  - The rare situation has occured at time 1738918512267, id to look up=154 121 190 97 , id of local node=211 42 117 238 , id of predecessor=210 68 241 41 
2025-02-07 03:55:12 FATAL 211 42 117 238 :379  - The rare situation has occured at time 1738918512928, id to look up=200 48 106 225 , id of local node=211 42 117 238 , id of predecessor=210 68 241 41 
2025-02-07 03:55:13 FATAL 211 42 117 238 :379  - The rare situation has occured at time 1738918513146, id to look up=147 67 133 245 , id of local node=211 42 117 238 , id of predecessor=210 68 241 41 
2025-02-07 03:55:13 FATAL 211 42 117 238 :379  - The rare situation has occured at time 1738918513800, id to look up=120 168 239 203 , id of local node=211 42 117 238 , id of predecessor=210 68 241 41 
2025-02-07 03:55:14 FATAL 211 42 117 238 :379  - The rare situation has occured at time 1738918514219, id to look up=114 36 249 151 , id of local node=211 42 117 238 , id of predecessor=210 68 241 41 
2025-02-07 03:55:14 FATAL 211 42 117 238 :379  - The rare situation has occured at time 1738918514357, id to look up=82 78 5 220 , id of local node=211 42 117 238 , id of predecessor=210 68 241 41 
2025-02-07 03:55:14 FATAL 211 42 117 238 :379  - The rare situation has occured at time 1738918514621, id to look up=161 66 46 106 , id of local node=211 42 117 238 , id of predecessor=210 68 241 41 
2025-02-07 03:55:15 FATAL 211 42 117 238 :379  - The rare situation has occured at time 1738918515557, id to look up=104 62 114 92 , id of local node=211 42 117 238 , id of predecessor=210 68 241 41 
2025-02-07 03:55:16 FATAL 211 42 117 238 :379  - The rare situation has occured at time 1738918516038, id to look up=208 226 219 176 , id of local node=211 42 117 238 , id of predecessor=210 68 241 41 
2025-02-07 03:55:16 FATAL 211 42 117 238 :379  - The rare situation has occured at time 1738918516397, id to look up=162 227 61 52 , id of local node=211 42 117 238 , id of predecessor=210 68 241 41 
2025-02-07 03:55:16 FATAL 211 42 117 238 :379  - The rare situation has occured at time 1738918516517, id to look up=119 91 197 195 , id of local node=211 42 117 238 , id of predecessor=210 68 241 41 
2025-02-07 03:55:18 FATAL 211 42 117 238 :379  - The rare situation has occured at time 1738918518089, id to look up=180 24 43 255 , id of local node=211 42 117 238 , id of predecessor=210 68 241 41 
2025-02-07 03:56:22 FATAL 211 42 117 238 :379  - The rare situation has occured at time 1738918582480, id to look up=119 222 104 218 , id of local node=211 42 117 238 , id of predecessor=210 68 241 41 
2025-02-07 03:56:22 FATAL 211 42 117 238 :379  - The rare situation has occured at time 1738918582863, id to look up=172 52 120 214 , id of local node=211 42 117 238 , id of predecessor=210 68 241 41 
2025-02-07 03:56:23 FATAL 211 42 117 238 :379  - The rare situation has occured at time 1738918583063, id to look up=193 223 217 110 , id of local node=211 42 117 238 , id of predecessor=210 68 241 41 
2025-02-07 03:56:23 FATAL 211 42 117 238 :379  - The rare situation has occured at time 1738918583729, id to look up=177 213 120 17 , id of local node=211 42 117 238 , id of predecessor=210 68 241 41 
2025-02-07 03:56:24 FATAL 211 42 117 238 :379  - The rare situation has occured at time 1738918584565, id to look up=123 82 0 155 , id of local node=211 42 117 238 , id of predecessor=210 68 241 41 
2025-02-07 03:56:25 FATAL 211 42 117 238 :379  - The rare situation has occured at time 1738918585024, id to look up=189 48 122 62 , id of local node=211 42 117 238 , id of predecessor=210 68 241 41 
2025-02-07 03:56:25 FATAL 211 42 117 238 :379  - The rare situation has occured at time 1738918585789, id to look up=158 106 85 182 , id of local node=211 42 117 238 , id of predecessor=210 68 241 41 
2025-02-07 03:56:26 FATAL 211 42 117 238 :379  - The rare situation has occured at time 1738918586103, id to look up=179 240 199 246 , id of local node=211 42 117 238 , id of predecessor=210 68 241 41 
2025-02-07 03:56:26 FATAL 211 42 117 238 :379  - The rare situation has occured at time 1738918586670, id to look up=77 19 75 192 , id of local node=211 42 117 238 , id of predecessor=210 68 241 41 
2025-02-07 03:56:27 FATAL 211 42 117 238 :379  - The rare situation has occured at time 1738918587292, id to look up=188 51 234 78 , id of local node=211 42 117 238 , id of predecessor=210 68 241 41 
2025-02-07 03:56:27 FATAL 211 42 117 238 :379  - The rare situation has occured at time 1738918587729, id to look up=119 25 161 199 , id of local node=211 42 117 238 , id of predecessor=210 68 241 41 
2025-02-07 03:56:28 FATAL 211 42 117 238 :379  - The rare situation has occured at time 1738918588303, id to look up=203 78 82 8 , id of local node=211 42 117 238 , id of predecessor=210 68 241 41 
2025-02-07 03:56:28 FATAL 211 42 117 238 :379  - The rare situation has occured at time 1738918588670, id to look up=182 105 46 165 , id of local node=211 42 117 238 , id of predecessor=210 68 241 41 
2025-02-07 03:56:29 FATAL 211 42 117 238 :379  - The rare situation has occured at time 1738918589033, id to look up=151 42 103 196 , id of local node=211 42 117 238 , id of predecessor=210 68 241 41 
2025-02-07 03:56:29 FATAL 211 42 117 238 :379  - The rare situation has occured at time 1738918589342, id to look up=203 122 29 119 , id of local node=211 42 117 238 , id of predecessor=210 68 241 41 
2025-02-07 03:56:29 FATAL 211 42 117 238 :379  - The rare situation has occured at time 1738918589810, id to look up=202 53 18 244 , id of local node=211 42 117 238 , id of predecessor=210 68 241 41 
2025-02-07 03:56:30 FATAL 211 42 117 238 :379  - The rare situation has occured at time 1738918590014, id to look up=175 62 19 52 , id of local node=211 42 117 238 , id of predecessor=210 68 241 41 
2025-02-07 03:56:30 FATAL 211 42 117 238 :379  - The rare situation has occured at time 1738918590226, id to look up=118 31 34 178 , id of local node=211 42 117 238 , id of predecessor=210 68 241 41 
2025-02-07 03:56:30 FATAL 211 42 117 238 :379  - The rare situation has occured at time 1738918590743, id to look up=146 207 206 179 , id of local node=211 42 117 238 , id of predecessor=210 68 241 41 
2025-02-07 03:56:31 FATAL 211 42 117 238 :379  - The rare situation has occured at time 1738918591239, id to look up=152 251 196 47 , id of local node=211 42 117 238 , id of predecessor=210 68 241 41 
2025-02-07 03:56:32 FATAL 211 42 117 238 :379  - The rare situation has occured at time 1738918592018, id to look up=100 224 149 254 , id of local node=211 42 117 238 , id of predecessor=210 68 241 41 
2025-02-07 03:56:32 FATAL 211 42 117 238 :379  - The rare situation has occured at time 1738918592590, id to look up=183 235 108 104 , id of local node=211 42 117 238 , id of predecessor=210 68 241 41 
2025-02-07 03:56:32 FATAL 211 42 117 238 :379  - The rare situation has occured at time 1738918592809, id to look up=169 51 73 135 , id of local node=211 42 117 238 , id of predecessor=210 68 241 41 
2025-02-07 03:56:33 FATAL 211 42 117 238 :379  - The rare situation has occured at time 1738918593114, id to look up=197 183 109 163 , id of local node=211 42 117 238 , id of predecessor=210 68 241 41 
2025-02-07 03:56:33 FATAL 211 42 117 238 :379  - The rare situation has occured at time 1738918593699, id to look up=84 206 185 18 , id of local node=211 42 117 238 , id of predecessor=210 68 241 41 
2025-02-07 03:56:34 FATAL 211 42 117 238 :379  - The rare situation has occured at time 1738918594358, id to look up=102 123 229 67 , id of local node=211 42 117 238 , id of predecessor=210 68 241 41 
2025-02-07 03:56:35 FATAL 211 42 117 238 :379  - The rare situation has occured at time 1738918595370, id to look up=108 30 103 31 , id of local node=211 42 117 238 , id of predecessor=210 68 241 41 
2025-02-07 03:56:36 FATAL 211 42 117 238 :379  - The rare situation has occured at time 1738918596069, id to look up=81 26 65 142 , id of local node=211 42 117 238 , id of predecessor=210 68 241 41 
2025-02-07 03:56:36 FATAL 211 42 117 238 :379  - The rare situation has occured at time 1738918596292, id to look up=161 117 84 160 , id of local node=211 42 117 238 , id of predecessor=210 68 241 41 
2025-02-07 03:56:36 FATAL 211 42 117 238 :379  - The rare situation has occured at time 1738918596669, id to look up=198 108 101 23 , id of local node=211 42 117 238 , id of predecessor=210 68 241 41 
2025-02-07 03:56:36 FATAL 211 42 117 238 :379  - The rare situation has occured at time 1738918596978, id to look up=89 18 154 172 , id of local node=211 42 117 238 , id of predecessor=210 68 241 41 
2025-02-07 03:56:37 FATAL 211 42 117 238 :379  - The rare situation has occured at time 1738918597358, id to look up=77 137 210 148 , id of local node=211 42 117 238 , id of predecessor=210 68 241 41 
2025-02-07 03:56:37 FATAL 211 42 117 238 :379  - The rare situation has occured at time 1738918597483, id to look up=180 201 109 128 , id of local node=211 42 117 238 , id of predecessor=210 68 241 41 
2025-02-07 03:56:37 FATAL 211 42 117 238 :379  - The rare situation has occured at time 1738918597899, id to look up=167 43 32 6 , id of local node=211 42 117 238 , id of predecessor=210 68 241 41 
2025-02-07 03:56:38 FATAL 211 42 117 238 :379  - The rare situation has occured at time 1738918598203, id to look up=183 16 60 162 , id of local node=211 42 117 238 , id of predecessor=210 68 241 41 
2025-02-07 03:56:38 FATAL 211 42 117 238 :379  - The rare situation has occured at time 1738918598351, id to look up=208 37 96 221 , id of local node=211 42 117 238 , id of predecessor=210 68 241 41 
2025-02-07 03:56:38 FATAL 211 42 117 238 :379  - The rare situation has occured at time 1738918598549, id to look up=192 151 99 143 , id of local node=211 42 117 238 , id of predecessor=210 68 241 41 
2025-02-07 03:56:38 FATAL 211 42 117 238 :379  - The rare situation has occured at time 1738918598822, id to look up=183 79 94 233 , id of local node=211 42 117 238 , id of predecessor=210 68 241 41 
2025-02-07 03:56:39 FATAL 211 42 117 238 :379  - The rare situation has occured at time 1738918599135, id to look up=184 136 178 152 , id of local node=211 42 117 238 , id of predecessor=210 68 241 41 
2025-02-07 03:56:39 FATAL 211 42 117 238 :379  - The rare situation has occured at time 1738918599557, id to look up=118 84 111 154 , id of local node=211 42 117 238 , id of predecessor=210 68 241 41 
2025-02-07 03:56:39 FATAL 211 42 117 238 :379  - The rare situation has occured at time 1738918599825, id to look up=190 70 26 12 , id of local node=211 42 117 238 , id of predecessor=210 68 241 41 
2025-02-07 03:56:40 FATAL 211 42 117 238 :379  - The rare situation has occured at time 1738918600511, id to look up=179 127 109 220 , id of local node=211 42 117 238 , id of predecessor=210 68 241 41 
2025-02-07 03:56:41 FATAL 211 42 117 238 :379  - The rare situation has occured at time 1738918601029, id to look up=76 214 109 250 , id of local node=211 42 117 238 , id of predecessor=210 68 241 41 
2025-02-07 03:56:42 FATAL 211 42 117 238 :379  - The rare situation has occured at time 1738918602128, id to look up=111 184 74 237 , id of local node=211 42 117 238 , id of predecessor=210 68 241 41 
2025-02-07 03:56:42 FATAL 211 42 117 238 :379  - The rare situation has occured at time 1738918602641, id to look up=154 121 190 97 , id of local node=211 42 117 238 , id of predecessor=210 68 241 41 
2025-02-07 03:56:43 FATAL 211 42 117 238 :379  - The rare situation has occured at time 1738918603303, id to look up=200 48 106 225 , id of local node=211 42 117 238 , id of predecessor=210 68 241 41 
2025-02-07 03:56:43 FATAL 211 42 117 238 :379  - The rare situation has occured at time 1738918603501, id to look up=147 67 133 245 , id of local node=211 42 117 238 , id of predecessor=210 68 241 41 
2025-02-07 03:56:44 FATAL 211 42 117 238 :379  - The rare situation has occured at time 1738918604174, id to look up=120 168 239 203 , id of local node=211 42 117 238 , id of predecessor=210 68 241 41 
2025-02-07 03:56:44 FATAL 211 42 117 238 :379  - The rare situation has occured at time 1738918604592, id to look up=114 36 249 151 , id of local node=211 42 117 238 , id of predecessor=210 68 241 41 
2025-02-07 03:56:44 FATAL 211 42 117 238 :379  - The rare situation has occured at time 1738918604710, id to look up=82 78 5 220 , id of local node=211 42 117 238 , id of predecessor=210 68 241 41 
2025-02-07 03:56:44 FATAL 211 42 117 238 :379  - The rare situation has occured at time 1738918604995, id to look up=161 66 46 106 , id of local node=211 42 117 238 , id of predecessor=210 68 241 41 
2025-02-07 03:56:45 FATAL 211 42 117 238 :379  - The rare situation has occured at time 1738918605912, id to look up=104 62 114 92 , id of local node=211 42 117 238 , id of predecessor=210 68 241 41 
2025-02-07 03:56:46 FATAL 211 42 117 238 :379  - The rare situation has occured at time 1738918606373, id to look up=208 226 219 176 , id of local node=211 42 117 238 , id of predecessor=210 68 241 41 
2025-02-07 03:56:46 FATAL 211 42 117 238 :379  - The rare situation has occured at time 1738918606741, id to look up=162 227 61 52 , id of local node=211 42 117 238 , id of predecessor=210 68 241 41 
2025-02-07 03:56:46 FATAL 211 42 117 238 :379  - The rare situation has occured at time 1738918606869, id to look up=119 91 197 195 , id of local node=211 42 117 238 , id of predecessor=210 68 241 41 
2025-02-07 03:56:48 FATAL 211 42 117 238 :379  - The rare situation has occured at time 1738918608423, id to look up=180 24 43 255 , id of local node=211 42 117 238 , id of predecessor=210 68 241 41 
2025-02-07 03:56:49 FATAL 211 42 117 238 :379  - The rare situation has occured at time 1738918609052, id to look up=145 223 222 29 , id of local node=211 42 117 238 , id of predecessor=210 68 241 41 
2025-02-07 03:56:49 FATAL 211 42 117 238 :379  - The rare situation has occured at time 1738918609621, id to look up=149 232 21 209 , id of local node=211 42 117 238 , id of predecessor=210 68 241 41 
2025-02-07 03:56:50 FATAL 211 42 117 238 :379  - The rare situation has occured at time 1738918610095, id to look up=158 7 26 58 , id of local node=211 42 117 238 , id of predecessor=210 68 241 41 
2025-02-07 03:56:50 FATAL 211 42 117 238 :379  - The rare situation has occured at time 1738918610651, id to look up=86 173 77 77 , id of local node=211 42 117 238 , id of predecessor=210 68 241 41 
2025-02-07 03:56:51 FATAL 211 42 117 238 :379  - The rare situation has occured at time 1738918611364, id to look up=194 138 202 35 , id of local node=211 42 117 238 , id of predecessor=210 68 241 41 
2025-02-07 03:56:51 FATAL 211 42 117 238 :379  - The rare situation has occured at time 1738918611731, id to look up=201 202 68 39 , id of local node=211 42 117 238 , id of predecessor=210 68 241 41 
2025-02-07 03:56:52 FATAL 211 42 117 238 :379  - The rare situation has occured at time 1738918612154, id to look up=115 32 130 140 , id of local node=211 42 117 238 , id of predecessor=210 68 241 41 
2025-02-07 03:56:52 FATAL 211 42 117 238 :379  - The rare situation has occured at time 1738918612322, id to look up=80 51 107 198 , id of local node=211 42 117 238 , id of predecessor=210 68 241 41 
2025-02-07 03:56:53 FATAL 211 42 117 238 :379  - The rare situation has occured at time 1738918613044, id to look up=179 192 115 12 , id of local node=211 42 117 238 , id of predecessor=210 68 241 41 
2025-02-07 03:56:53 FATAL 211 42 117 238 :379  - The rare situation has occured at time 1738918613422, id to look up=83 111 182 147 , id of local node=211 42 117 238 , id of predecessor=210 68 241 41 
2025-02-07 03:56:54 FATAL 211 42 117 238 :379  - The rare situation has occured at time 1738918614083, id to look up=177 106 69 122 , id of local node=211 42 117 238 , id of predecessor=210 68 241 41 
2025-02-07 03:56:54 FATAL 211 42 117 238 :379  - The rare situation has occured at time 1738918614431, id to look up=172 38 70 2 , id of local node=211 42 117 238 , id of predecessor=210 68 241 41 
2025-02-07 03:56:54 FATAL 211 42 117 238 :379  - The rare situation has occured at time 1738918614755, id to look up=166 241 106 180 , id of local node=211 42 117 238 , id of predecessor=210 68 241 41 
2025-02-07 03:56:54 FATAL 211 42 117 238 :379  - The rare situation has occured at time 1738918614965, id to look up=157 137 116 186 , id of local node=211 42 117 238 , id of predecessor=210 68 241 41 
2025-02-07 03:56:55 FATAL 211 42 117 238 :379  - The rare situation has occured at time 1738918615315, id to look up=163 209 37 151 , id of local node=211 42 117 238 , id of predecessor=210 68 241 41 
2025-02-07 03:56:55 FATAL 211 42 117 238 :379  - The rare situation has occured at time 1738918615479, id to look up=107 98 119 175 , id of local node=211 42 117 238 , id of predecessor=210 68 241 41 
2025-02-07 03:56:55 FATAL 211 42 117 238 :379  - The rare situation has occured at time 1738918615665, id to look up=190 5 125 76 , id of local node=211 42 117 238 , id of predecessor=210 68 241 41 
2025-02-07 03:56:56 FATAL 211 42 117 238 :379  - The rare situation has occured at time 1738918616161, id to look up=174 30 113 152 , id of local node=211 42 117 238 , id of predecessor=210 68 241 41 
2025-02-07 03:56:56 FATAL 211 42 117 238 :379  - The rare situation has occured at time 1738918616584, id to look up=169 41 235 51 , id of local node=211 42 117 238 , id of predecessor=210 68 241 41 
2025-02-07 03:56:56 FATAL 211 42 117 238 :379  - The rare situation has occured at time 1738918616735, id to look up=116 203 210 194 , id of local node=211 42 117 238 , id of predecessor=210 68 241 41 
2025-02-07 03:56:57 FATAL 211 42 117 238 :379  - The rare situation has occured at time 1738918617219, id to look up=105 229 105 118 , id of local node=211 42 117 238 , id of predecessor=210 68 241 41 
2025-02-07 03:56:57 FATAL 211 42 117 238 :379  - The rare situation has occured at time 1738918617351, id to look up=112 138 119 219 , id of local node=211 42 117 238 , id of predecessor=210 68 241 41 
2025-02-07 03:56:57 FATAL 211 42 117 238 :379  - The rare situation has occured at time 1738918617787, id to look up=113 123 47 61 , id of local node=211 42 117 238 , id of predecessor=210 68 241 41 
2025-02-07 03:56:57 FATAL 211 42 117 238 :379  - The rare situation has occured at time 1738918617954, id to look up=148 148 14 83 , id of local node=211 42 117 238 , id of predecessor=210 68 241 41 
2025-02-07 03:56:58 FATAL 211 42 117 238 :379  - The rare situation has occured at time 1738918618321, id to look up=193 170 4 191 , id of local node=211 42 117 238 , id of predecessor=210 68 241 41 
2025-02-07 03:56:58 FATAL 211 42 117 238 :379  - The rare situation has occured at time 1738918618580, id to look up=87 46 32 115 , id of local node=211 42 117 238 , id of predecessor=210 68 241 41 
2025-02-07 03:56:59 FATAL 211 42 117 238 :379  - The rare situation has occured at time 1738918619055, id to look up=208 148 112 14 , id of local node=211 42 117 238 , id of predecessor=210 68 241 41 
2025-02-07 03:56:59 FATAL 211 42 117 238 :379  - The rare situation has occured at time 1738918619841, id to look up=158 68 210 119 , id of local node=211 42 117 238 , id of predecessor=210 68 241 41 
2025-02-07 03:57:00 FATAL 211 42 117 238 :379  - The rare situation has occured at time 1738918620055, id to look up=174 229 68 206 , id of local node=211 42 117 238 , id of predecessor=210 68 241 41 
2025-02-07 03:57:00 FATAL 211 42 117 238 :379  - The rare situation has occured at time 1738918620416, id to look up=88 240 116 73 , id of local node=211 42 117 238 , id of predecessor=210 68 241 41 
2025-02-07 03:57:00 FATAL 211 42 117 238 :379  - The rare situation has occured at time 1738918620822, id to look up=188 248 20 171 , id of local node=211 42 117 238 , id of predecessor=210 68 241 41 
2025-02-07 03:57:01 FATAL 211 42 117 238 :379  - The rare situation has occured at time 1738918621071, id to look up=207 162 237 42 , id of local node=211 42 117 238 , id of predecessor=210 68 241 41 
2025-02-07 03:57:01 FATAL 211 42 117 238 :379  - The rare situation has occured at time 1738918621444, id to look up=172 241 255 252 , id of local node=211 42 117 238 , id of predecessor=210 68 241 41 
2025-02-07 03:57:02 FATAL 211 42 117 238 :379  - The rare situation has occured at time 1738918622410, id to look up=117 42 231 189 , id of local node=211 42 117 238 , id of predecessor=210 68 241 41 
2025-02-07 03:57:02 FATAL 211 42 117 238 :379  - The rare situation has occured at time 1738918622540, id to look up=77 234 29 174 , id of local node=211 42 117 238 , id of predecessor=210 68 241 41 
2025-02-07 03:57:03 FATAL 211 42 117 238 :379  - The rare situation has occured at time 1738918623175, id to look up=200 55 48 122 , id of local node=211 42 117 238 , id of predecessor=210 68 241 41 
2025-02-07 03:57:03 FATAL 211 42 117 238 :379  - The rare situation has occured at time 1738918623651, id to look up=159 154 240 41 , id of local node=211 42 117 238 , id of predecessor=210 68 241 41 
2025-02-07 03:57:04 FATAL 211 42 117 238 :379  - The rare situation has occured at time 1738918624075, id to look up=161 101 251 214 , id of local node=211 42 117 238 , id of predecessor=210 68 241 41 
2025-02-07 03:57:04 FATAL 211 42 117 238 :379  - The rare situation has occured at time 1738918624726, id to look up=74 250 143 158 , id of local node=211 42 117 238 , id of predecessor=210 68 241 41 
2025-02-07 03:57:04 FATAL 211 42 117 238 :379  - The rare situation has occured at time 1738918624994, id to look up=186 171 52 1 , id of local node=211 42 117 238 , id of predecessor=210 68 241 41 
2025-02-07 03:57:05 FATAL 211 42 117 238 :379  - The rare situation has occured at time 1738918625422, id to look up=172 253 209 142 , id of local node=211 42 117 238 , id of predecessor=210 68 241 41 
2025-02-07 03:57:06 FATAL 211 42 117 238 :379  - The rare situation has occured at time 1738918626183, id to look up=154 21 244 45 , id of local node=211 42 117 238 , id of predecessor=210 68 241 41 
2025-02-07 03:57:06 FATAL 211 42 117 238 :379  - The rare situation has occured at time 1738918626655, id to look up=192 186 23 194 , id of local node=211 42 117 238 , id of predecessor=210 68 241 41 
2025-02-07 03:57:07 FATAL 211 42 117 238 :379  - The rare situation has occured at time 1738918627131, id to look up=154 112 119 108 , id of local node=211 42 117 238 , id of predecessor=210 68 241 41 
2025-02-07 03:57:07 FATAL 211 42 117 238 :379  - The rare situation has occured at time 1738918627645, id to look up=175 6 49 140 , id of local node=211 42 117 238 , id of predecessor=210 68 241 41 
2025-02-07 03:57:08 FATAL 211 42 117 238 :379  - The rare situation has occured at time 1738918628051, id to look up=188 21 199 116 , id of local node=211 42 117 238 , id of predecessor=210 68 241 41 
2025-02-07 03:57:08 FATAL 211 42 117 238 :379  - The rare situation has occured at time 1738918628413, id to look up=207 226 28 104 , id of local node=211 42 117 238 , id of predecessor=210 68 241 41 
2025-02-07 03:57:08 FATAL 211 42 117 238 :379  - The rare situation has occured at time 1738918628611, id to look up=193 163 139 138 , id of local node=211 42 117 238 , id of predecessor=210 68 241 41 
2025-02-07 03:57:08 FATAL 211 42 117 238 :379  - The rare situation has occured at time 1738918628825, id to look up=202 208 111 60 , id of local node=211 42 117 238 , id of predecessor=210 68 241 41 
2025-02-07 03:57:09 FATAL 211 42 117 238 :379  - The rare situation has occured at time 1738918629088, id to look up=76 130 5 218 , id of local node=211 42 117 238 , id of predecessor=210 68 241 41 
2025-02-07 03:57:09 FATAL 211 42 117 238 :379  - The rare situation has occured at time 1738918629707, id to look up=79 15 92 150 , id of local node=211 42 117 238 , id of predecessor=210 68 241 41 
2025-02-07 03:57:09 FATAL 211 42 117 238 :379  - The rare situation has occured at time 1738918629829, id to look up=82 253 185 246 , id of local node=211 42 117 238 , id of predecessor=210 68 241 41 
2025-02-07 03:57:09 FATAL 211 42 117 238 :379  - The rare situation has occured at time 1738918629899, id to look up=88 65 48 224 , id of local node=211 42 117 238 , id of predecessor=210 68 241 41 
2025-02-07 03:57:10 FATAL 211 42 117 238 :379  - The rare situation has occured at time 1738918630021, id to look up=202 233 30 69 , id of local node=211 42 117 238 , id of predecessor=210 68 241 41 
2025-02-07 03:57:10 FATAL 211 42 117 238 :379  - The rare situation has occured at time 1738918630418, id to look up=159 253 26 225 , id of local node=211 42 117 238 , id of predecessor=210 68 241 41 
2025-02-07 03:57:10 FATAL 211 42 117 238 :379  - The rare situation has occured at time 1738918630755, id to look up=74 247 249 237 , id of local node=211 42 117 238 , id of predecessor=210 68 241 41 
2025-02-07 03:57:11 FATAL 211 42 117 238 :379  - The rare situation has occured at time 1738918631531, id to look up=180 239 125 241 , id of local node=211 42 117 238 , id of predecessor=210 68 241 41 
2025-02-07 03:57:11 FATAL 211 42 117 238 :379  - The rare situation has occured at time 1738918631958, id to look up=202 55 153 184 , id of local node=211 42 117 238 , id of predecessor=210 68 241 41 
2025-02-07 03:57:12 FATAL 211 42 117 238 :379  - The rare situation has occured at time 1738918632272, id to look up=186 48 253 151 , id of local node=211 42 117 238 , id of predecessor=210 68 241 41 
2025-02-07 03:57:12 FATAL 211 42 117 238 :379  - The rare situation has occured at time 1738918632629, id to look up=152 252 195 120 , id of local node=211 42 117 238 , id of predecessor=210 68 241 41 
2025-02-07 03:57:12 FATAL 211 42 117 238 :379  - The rare situation has occured at time 1738918632832, id to look up=76 21 220 33 , id of local node=211 42 117 238 , id of predecessor=210 68 241 41 
2025-02-07 03:57:13 FATAL 211 42 117 238 :379  - The rare situation has occured at time 1738918633092, id to look up=201 241 60 22 , id of local node=211 42 117 238 , id of predecessor=210 68 241 41 
2025-02-07 03:59:45 FATAL 211 42 117 238 :379  - The rare situation has occured at time 1738918785361, id to look up=119 222 104 218 , id of local node=211 42 117 238 , id of predecessor=210 68 241 41 
2025-02-07 03:59:45 FATAL 211 42 117 238 :379  - The rare situation has occured at time 1738918785893, id to look up=172 52 120 214 , id of local node=211 42 117 238 , id of predecessor=210 68 241 41 
2025-02-07 03:59:46 FATAL 211 42 117 238 :379  - The rare situation has occured at time 1738918786241, id to look up=193 223 217 110 , id of local node=211 42 117 238 , id of predecessor=210 68 241 41 
2025-02-07 03:59:46 FATAL 211 42 117 238 :379  - The rare situation has occured at time 1738918786794, id to look up=177 213 120 17 , id of local node=211 42 117 238 , id of predecessor=210 68 241 41 
2025-02-07 03:59:47 FATAL 211 42 117 238 :379  - The rare situation has occured at time 1738918787474, id to look up=123 82 0 155 , id of local node=211 42 117 238 , id of predecessor=210 68 241 41 
2025-02-07 03:59:47 FATAL 211 42 117 238 :379  - The rare situation has occured at time 1738918787635, id to look up=189 48 122 62 , id of local node=211 42 117 238 , id of predecessor=210 68 241 41 
2025-02-07 03:59:48 FATAL 211 42 117 238 :379  - The rare situation has occured at time 1738918788411, id to look up=158 106 85 182 , id of local node=211 42 117 238 , id of predecessor=210 68 241 41 
2025-02-07 03:59:48 FATAL 211 42 117 238 :379  - The rare situation has occured at time 1738918788109, id to look up=179 240 199 246 , id of local node=211 42 117 238 , id of predecessor=210 68 241 41 
2025-02-07 03:59:48 FATAL 211 42 117 238 :379  - The rare situation has occured at time 1738918788696, id to look up=77 19 75 192 , id of local node=211 42 117 238 , id of predecessor=210 68 241 41 
2025-02-07 03:59:49 FATAL 211 42 117 238 :379  - The rare situation has occured at time 1738918789318, id to look up=188 51 234 78 , id of local node=211 42 117 238 , id of predecessor=210 68 241 41 
2025-02-07 03:59:49 FATAL 211 42 117 238 :379  - The rare situation has occured at time 1738918789736, id to look up=119 25 161 199 , id of local node=211 42 117 238 , id of predecessor=210 68 241 41 
2025-02-07 03:59:50 FATAL 211 42 117 238 :379  - The rare situation has occured at time 1738918790309, id to look up=203 78 82 8 , id of local node=211 42 117 238 , id of predecessor=210 68 241 41 
2025-02-07 03:59:50 FATAL 211 42 117 238 :379  - The rare situation has occured at time 1738918790676, id to look up=182 105 46 165 , id of local node=211 42 117 238 , id of predecessor=210 68 241 41 
2025-02-07 03:59:51 FATAL 211 42 117 238 :379  - The rare situation has occured at time 1738918791049, id to look up=151 42 103 196 , id of local node=211 42 117 238 , id of predecessor=210 68 241 41 
2025-02-07 03:59:51 FATAL 211 42 117 238 :379  - The rare situation has occured at time 1738918791348, id to look up=203 122 29 119 , id of local node=211 42 117 238 , id of predecessor=210 68 241 41 
2025-02-07 03:59:51 FATAL 211 42 117 238 :379  - The rare situation has occured at time 1738918791806, id to look up=202 53 18 244 , id of local node=211 42 117 238 , id of predecessor=210 68 241 41 
2025-02-07 03:59:52 FATAL 211 42 117 238 :379  - The rare situation has occured at time 1738918792009, id to look up=175 62 19 52 , id of local node=211 42 117 238 , id of predecessor=210 68 241 41 
2025-02-07 03:59:52 FATAL 211 42 117 238 :379  - The rare situation has occured at time 1738918792213, id to look up=118 31 34 178 , id of local node=211 42 117 238 , id of predecessor=210 68 241 41 
2025-02-07 03:59:52 FATAL 211 42 117 238 :379  - The rare situation has occured at time 1738918792730, id to look up=146 207 206 179 , id of local node=211 42 117 238 , id of predecessor=210 68 241 41 
2025-02-07 03:59:53 FATAL 211 42 117 238 :379  - The rare situation has occured at time 1738918793186, id to look up=152 251 196 47 , id of local node=211 42 117 238 , id of predecessor=210 68 241 41 
2025-02-07 03:59:53 FATAL 211 42 117 238 :379  - The rare situation has occured at time 1738918793975, id to look up=100 224 149 254 , id of local node=211 42 117 238 , id of predecessor=210 68 241 41 
2025-02-07 03:59:54 FATAL 211 42 117 238 :379  - The rare situation has occured at time 1738918794547, id to look up=183 235 108 104 , id of local node=211 42 117 238 , id of predecessor=210 68 241 41 
2025-02-07 03:59:54 FATAL 211 42 117 238 :379  - The rare situation has occured at time 1738918794746, id to look up=169 51 73 135 , id of local node=211 42 117 238 , id of predecessor=210 68 241 41 
2025-02-07 03:59:55 FATAL 211 42 117 238 :379  - The rare situation has occured at time 1738918795060, id to look up=197 183 109 163 , id of local node=211 42 117 238 , id of predecessor=210 68 241 41 
2025-02-07 03:59:55 FATAL 211 42 117 238 :379  - The rare situation has occured at time 1738918795646, id to look up=84 206 185 18 , id of local node=211 42 117 238 , id of predecessor=210 68 241 41 
2025-02-07 03:59:56 FATAL 211 42 117 238 :379  - The rare situation has occured at time 1738918796274, id to look up=102 123 229 67 , id of local node=211 42 117 238 , id of predecessor=210 68 241 41 
2025-02-07 03:59:57 FATAL 211 42 117 238 :379  - The rare situation has occured at time 1738918797256, id to look up=108 30 103 31 , id of local node=211 42 117 238 , id of predecessor=210 68 241 41 
2025-02-07 03:59:57 FATAL 211 42 117 238 :379  - The rare situation has occured at time 1738918797963, id to look up=81 26 65 142 , id of local node=211 42 117 238 , id of predecessor=210 68 241 41 
2025-02-07 03:59:58 FATAL 211 42 117 238 :379  - The rare situation has occured at time 1738918798189, id to look up=161 117 84 160 , id of local node=211 42 117 238 , id of predecessor=210 68 241 41 
2025-02-07 03:59:58 FATAL 211 42 117 238 :379  - The rare situation has occured at time 1738918798546, id to look up=198 108 101 23 , id of local node=211 42 117 238 , id of predecessor=210 68 241 41 
2025-02-07 03:59:58 FATAL 211 42 117 238 :379  - The rare situation has occured at time 1738918798867, id to look up=89 18 154 172 , id of local node=211 42 117 238 , id of predecessor=210 68 241 41 
2025-02-07 03:59:59 FATAL 211 42 117 238 :379  - The rare situation has occured at time 1738918799235, id to look up=77 137 210 148 , id of local node=211 42 117 238 , id of predecessor=210 68 241 41 
2025-02-07 03:59:59 FATAL 211 42 117 238 :379  - The rare situation has occured at time 1738918799349, id to look up=180 201 109 128 , id of local node=211 42 117 238 , id of predecessor=210 68 241 41 
2025-02-07 03:59:59 FATAL 211 42 117 238 :379  - The rare situation has occured at time 1738918799776, id to look up=167 43 32 6 , id of local node=211 42 117 238 , id of predecessor=210 68 241 41 
2025-02-07 04:00:00 FATAL 211 42 117 238 :379  - The rare situation has occured at time 1738918800080, id to look up=183 16 60 162 , id of local node=211 42 117 238 , id of predecessor=210 68 241 41 
2025-02-07 04:00:00 FATAL 211 42 117 238 :379  - The rare situation has occured at time 1738918800228, id to look up=208 37 96 221 , id of local node=211 42 117 238 , id of predecessor=210 68 241 41 
2025-02-07 04:00:00 FATAL 211 42 117 238 :379  - The rare situation has occured at time 1738918800426, id to look up=192 151 99 143 , id of local node=211 42 117 238 , id of predecessor=210 68 241 41 
2025-02-07 04:00:01 FATAL 211 42 117 238 :379  - The rare situation has occured at time 1738918801286, id to look up=183 79 94 233 , id of local node=211 42 117 238 , id of predecessor=210 68 241 41 
2025-02-07 04:00:01 FATAL 211 42 117 238 :379  - The rare situation has occured at time 1738918801599, id to look up=184 136 178 152 , id of local node=211 42 117 238 , id of predecessor=210 68 241 41 
2025-02-07 04:00:02 FATAL 211 42 117 238 :379  - The rare situation has occured at time 1738918802022, id to look up=118 84 111 154 , id of local node=211 42 117 238 , id of predecessor=210 68 241 41 
2025-02-07 04:00:02 FATAL 211 42 117 238 :379  - The rare situation has occured at time 1738918802280, id to look up=190 70 26 12 , id of local node=211 42 117 238 , id of predecessor=210 68 241 41 
2025-02-07 04:00:02 FATAL 211 42 117 238 :379  - The rare situation has occured at time 1738918802946, id to look up=179 127 109 220 , id of local node=211 42 117 238 , id of predecessor=210 68 241 41 
2025-02-07 04:00:03 FATAL 211 42 117 238 :379  - The rare situation has occured at time 1738918803454, id to look up=76 214 109 250 , id of local node=211 42 117 238 , id of predecessor=210 68 241 41 
2025-02-07 04:00:04 FATAL 211 42 117 238 :379  - The rare situation has occured at time 1738918804562, id to look up=111 184 74 237 , id of local node=211 42 117 238 , id of predecessor=210 68 241 41 
2025-02-07 04:00:05 FATAL 211 42 117 238 :379  - The rare situation has occured at time 1738918805076, id to look up=154 121 190 97 , id of local node=211 42 117 238 , id of predecessor=210 68 241 41 
2025-02-07 04:00:05 FATAL 211 42 117 238 :379  - The rare situation has occured at time 1738918805777, id to look up=200 48 106 225 , id of local node=211 42 117 238 , id of predecessor=210 68 241 41 
2025-02-07 04:00:05 FATAL 211 42 117 238 :379  - The rare situation has occured at time 1738918805986, id to look up=147 67 133 245 , id of local node=211 42 117 238 , id of predecessor=210 68 241 41 
2025-02-07 04:00:06 FATAL 211 42 117 238 :379  - The rare situation has occured at time 1738918806668, id to look up=120 168 239 203 , id of local node=211 42 117 238 , id of predecessor=210 68 241 41 
2025-02-07 04:00:07 FATAL 211 42 117 238 :379  - The rare situation has occured at time 1738918807097, id to look up=114 36 249 151 , id of local node=211 42 117 238 , id of predecessor=210 68 241 41 
2025-02-07 04:00:07 FATAL 211 42 117 238 :379  - The rare situation has occured at time 1738918807226, id to look up=82 78 5 220 , id of local node=211 42 117 238 , id of predecessor=210 68 241 41 
2025-02-07 04:00:07 FATAL 211 42 117 238 :379  - The rare situation has occured at time 1738918807499, id to look up=161 66 46 106 , id of local node=211 42 117 238 , id of predecessor=210 68 241 41 
2025-02-07 04:00:08 FATAL 211 42 117 238 :379  - The rare situation has occured at time 1738918808466, id to look up=104 62 114 92 , id of local node=211 42 117 238 , id of predecessor=210 68 241 41 
2025-02-07 04:00:08 FATAL 211 42 117 238 :379  - The rare situation has occured at time 1738918808958, id to look up=208 226 219 176 , id of local node=211 42 117 238 , id of predecessor=210 68 241 41 
2025-02-07 04:00:09 FATAL 211 42 117 238 :379  - The rare situation has occured at time 1738918809316, id to look up=162 227 61 52 , id of local node=211 42 117 238 , id of predecessor=210 68 241 41 
2025-02-07 04:00:09 FATAL 211 42 117 238 :379  - The rare situation has occured at time 1738918809434, id to look up=119 91 197 195 , id of local node=211 42 117 238 , id of predecessor=210 68 241 41 
2025-02-07 04:00:10 FATAL 211 42 117 238 :379  - The rare situation has occured at time 1738918810978, id to look up=180 24 43 255 , id of local node=211 42 117 238 , id of predecessor=210 68 241 41 
2025-02-07 04:00:11 FATAL 211 42 117 238 :379  - The rare situation has occured at time 1738918811606, id to look up=145 223 222 29 , id of local node=211 42 117 238 , id of predecessor=210 68 241 41 
2025-02-07 04:00:12 FATAL 211 42 117 238 :379  - The rare situation has occured at time 1738918812166, id to look up=149 232 21 209 , id of local node=211 42 117 238 , id of predecessor=210 68 241 41 
2025-02-07 04:00:12 FATAL 211 42 117 238 :379  - The rare situation has occured at time 1738918812648, id to look up=158 7 26 58 , id of local node=211 42 117 238 , id of predecessor=210 68 241 41 
2025-02-07 04:00:13 FATAL 211 42 117 238 :379  - The rare situation has occured at time 1738918813206, id to look up=86 173 77 77 , id of local node=211 42 117 238 , id of predecessor=210 68 241 41 
2025-02-07 04:00:13 FATAL 211 42 117 238 :379  - The rare situation has occured at time 1738918813958, id to look up=194 138 202 35 , id of local node=211 42 117 238 , id of predecessor=210 68 241 41 
2025-02-07 04:00:14 FATAL 211 42 117 238 :379  - The rare situation has occured at time 1738918814316, id to look up=201 202 68 39 , id of local node=211 42 117 238 , id of predecessor=210 68 241 41 
2025-02-07 04:00:14 FATAL 211 42 117 238 :379  - The rare situation has occured at time 1738918814758, id to look up=115 32 130 140 , id of local node=211 42 117 238 , id of predecessor=210 68 241 41 
2025-02-07 04:00:14 FATAL 211 42 117 238 :379  - The rare situation has occured at time 1738918814953, id to look up=80 51 107 198 , id of local node=211 42 117 238 , id of predecessor=210 68 241 41 
2025-02-07 04:00:15 FATAL 211 42 117 238 :379  - The rare situation has occured at time 1738918815708, id to look up=179 192 115 12 , id of local node=211 42 117 238 , id of predecessor=210 68 241 41 
2025-02-07 04:00:16 FATAL 211 42 117 238 :379  - The rare situation has occured at time 1738918816056, id to look up=83 111 182 147 , id of local node=211 42 117 238 , id of predecessor=210 68 241 41 
2025-02-07 04:00:16 FATAL 211 42 117 238 :379  - The rare situation has occured at time 1738918816668, id to look up=177 106 69 122 , id of local node=211 42 117 238 , id of predecessor=210 68 241 41 
2025-02-07 04:00:17 FATAL 211 42 117 238 :379  - The rare situation has occured at time 1738918817016, id to look up=172 38 70 2 , id of local node=211 42 117 238 , id of predecessor=210 68 241 41 
2025-02-07 04:00:17 FATAL 211 42 117 238 :379  - The rare situation has occured at time 1738918817329, id to look up=166 241 106 180 , id of local node=211 42 117 238 , id of predecessor=210 68 241 41 
2025-02-07 04:00:17 FATAL 211 42 117 238 :379  - The rare situation has occured at time 1738918817539, id to look up=157 137 116 186 , id of local node=211 42 117 238 , id of predecessor=210 68 241 41 
2025-02-07 04:00:17 FATAL 211 42 117 238 :379  - The rare situation has occured at time 1738918817900, id to look up=163 209 37 151 , id of local node=211 42 117 238 , id of predecessor=210 68 241 41 
2025-02-07 04:00:18 FATAL 211 42 117 238 :379  - The rare situation has occured at time 1738918818055, id to look up=107 98 119 175 , id of local node=211 42 117 238 , id of predecessor=210 68 241 41 
2025-02-07 04:00:18 FATAL 211 42 117 238 :379  - The rare situation has occured at time 1738918818229, id to look up=190 5 125 76 , id of local node=211 42 117 238 , id of predecessor=210 68 241 41 
2025-02-07 04:00:18 FATAL 211 42 117 238 :379  - The rare situation has occured at time 1738918818716, id to look up=174 30 113 152 , id of local node=211 42 117 238 , id of predecessor=210 68 241 41 
2025-02-07 04:00:19 FATAL 211 42 117 238 :379  - The rare situation has occured at time 1738918819139, id to look up=169 41 235 51 , id of local node=211 42 117 238 , id of predecessor=210 68 241 41 
2025-02-07 04:00:19 FATAL 211 42 117 238 :379  - The rare situation has occured at time 1738918819291, id to look up=116 203 210 194 , id of local node=211 42 117 238 , id of predecessor=210 68 241 41 
2025-02-07 04:00:19 FATAL 211 42 117 238 :379  - The rare situation has occured at time 1738918819753, id to look up=105 229 105 118 , id of local node=211 42 117 238 , id of predecessor=210 68 241 41 
2025-02-07 04:00:19 FATAL 211 42 117 238 :379  - The rare situation has occured at time 1738918819883, id to look up=112 138 119 219 , id of local node=211 42 117 238 , id of predecessor=210 68 241 41 
2025-02-07 04:00:19 FATAL 211 42 117 238 :379  - The rare situation has occured at time 1738918819745, id to look up=113 123 47 61 , id of local node=211 42 117 238 , id of predecessor=210 68 241 41 
2025-02-07 04:00:19 FATAL 211 42 117 238 :379  - The rare situation has occured at time 1738918819923, id to look up=148 148 14 83 , id of local node=211 42 117 238 , id of predecessor=210 68 241 41 
2025-02-07 04:00:20 FATAL 211 42 117 238 :379  - The rare situation has occured at time 1738918820290, id to look up=193 170 4 191 , id of local node=211 42 117 238 , id of predecessor=210 68 241 41 
2025-02-07 04:00:20 FATAL 211 42 117 238 :379  - The rare situation has occured at time 1738918820570, id to look up=87 46 32 115 , id of local node=211 42 117 238 , id of predecessor=210 68 241 41 
2025-02-07 04:00:21 FATAL 211 42 117 238 :379  - The rare situation has occured at time 1738918821042, id to look up=208 148 112 14 , id of local node=211 42 117 238 , id of predecessor=210 68 241 41 
2025-02-07 04:00:21 FATAL 211 42 117 238 :379  - The rare situation has occured at time 1738918821830, id to look up=158 68 210 119 , id of local node=211 42 117 238 , id of predecessor=210 68 241 41 
2025-02-07 04:00:22 FATAL 211 42 117 238 :379  - The rare situation has occured at time 1738918822033, id to look up=174 229 68 206 , id of local node=211 42 117 238 , id of predecessor=210 68 241 41 
2025-02-07 04:00:22 FATAL 211 42 117 238 :379  - The rare situation has occured at time 1738918822384, id to look up=88 240 116 73 , id of local node=211 42 117 238 , id of predecessor=210 68 241 41 
2025-02-07 04:00:22 FATAL 211 42 117 238 :379  - The rare situation has occured at time 1738918822831, id to look up=188 248 20 171 , id of local node=211 42 117 238 , id of predecessor=210 68 241 41 
2025-02-07 04:00:23 FATAL 211 42 117 238 :379  - The rare situation has occured at time 1738918823090, id to look up=207 162 237 42 , id of local node=211 42 117 238 , id of predecessor=210 68 241 41 
2025-02-07 04:00:23 FATAL 211 42 117 238 :379  - The rare situation has occured at time 1738918823453, id to look up=172 241 255 252 , id of local node=211 42 117 238 , id of predecessor=210 68 241 41 
2025-02-07 04:00:24 FATAL 211 42 117 238 :379  - The rare situation has occured at time 1738918824417, id to look up=117 42 231 189 , id of local node=211 42 117 238 , id of predecessor=210 68 241 41 
2025-02-07 04:00:24 FATAL 211 42 117 238 :379  - The rare situation has occured at time 1738918824547, id to look up=77 234 29 174 , id of local node=211 42 117 238 , id of predecessor=210 68 241 41 
2025-02-07 04:00:25 FATAL 211 42 117 238 :379  - The rare situation has occured at time 1738918825182, id to look up=200 55 48 122 , id of local node=211 42 117 238 , id of predecessor=210 68 241 41 
2025-02-07 04:00:25 FATAL 211 42 117 238 :379  - The rare situation has occured at time 1738918825630, id to look up=159 154 240 41 , id of local node=211 42 117 238 , id of predecessor=210 68 241 41 
2025-02-07 04:00:26 FATAL 211 42 117 238 :379  - The rare situation has occured at time 1738918826072, id to look up=161 101 251 214 , id of local node=211 42 117 238 , id of predecessor=210 68 241 41 
2025-02-07 04:00:26 FATAL 211 42 117 238 :379  - The rare situation has occured at time 1738918826764, id to look up=74 250 143 158 , id of local node=211 42 117 238 , id of predecessor=210 68 241 41 
2025-02-07 04:00:27 FATAL 211 42 117 238 :379  - The rare situation has occured at time 1738918827023, id to look up=186 171 52 1 , id of local node=211 42 117 238 , id of predecessor=210 68 241 41 
2025-02-07 04:00:27 FATAL 211 42 117 238 :379  - The rare situation has occured at time 1738918827420, id to look up=172 253 209 142 , id of local node=211 42 117 238 , id of predecessor=210 68 241 41 
2025-02-07 04:00:28 FATAL 211 42 117 238 :379  - The rare situation has occured at time 1738918828191, id to look up=154 21 244 45 , id of local node=211 42 117 238 , id of predecessor=210 68 241 41 
2025-02-07 04:00:28 FATAL 211 42 117 238 :379  - The rare situation has occured at time 1738918828654, id to look up=192 186 23 194 , id of local node=211 42 117 238 , id of predecessor=210 68 241 41 
2025-02-07 04:00:29 FATAL 211 42 117 238 :379  - The rare situation has occured at time 1738918829140, id to look up=154 112 119 108 , id of local node=211 42 117 238 , id of predecessor=210 68 241 41 
2025-02-07 04:00:29 FATAL 211 42 117 238 :379  - The rare situation has occured at time 1738918829673, id to look up=175 6 49 140 , id of local node=211 42 117 238 , id of predecessor=210 68 241 41 
2025-02-07 04:00:30 FATAL 211 42 117 238 :379  - The rare situation has occured at time 1738918830100, id to look up=188 21 199 116 , id of local node=211 42 117 238 , id of predecessor=210 68 241 41 
2025-02-07 04:00:30 FATAL 211 42 117 238 :379  - The rare situation has occured at time 1738918830471, id to look up=207 226 28 104 , id of local node=211 42 117 238 , id of predecessor=210 68 241 41 
2025-02-07 04:00:30 FATAL 211 42 117 238 :379  - The rare situation has occured at time 1738918830670, id to look up=193 163 139 138 , id of local node=211 42 117 238 , id of predecessor=210 68 241 41 
2025-02-07 04:00:30 FATAL 211 42 117 238 :379  - The rare situation has occured at time 1738918830872, id to look up=202 208 111 60 , id of local node=211 42 117 238 , id of predecessor=210 68 241 41 
2025-02-07 04:00:31 FATAL 211 42 117 238 :379  - The rare situation has occured at time 1738918831137, id to look up=76 130 5 218 , id of local node=211 42 117 238 , id of predecessor=210 68 241 41 
2025-02-07 04:00:31 FATAL 211 42 117 238 :379  - The rare situation has occured at time 1738918831796, id to look up=79 15 92 150 , id of local node=211 42 117 238 , id of predecessor=210 68 241 41 
2025-02-07 04:00:31 FATAL 211 42 117 238 :379  - The rare situation has occured at time 1738918831939, id to look up=82 253 185 246 , id of local node=211 42 117 238 , id of predecessor=210 68 241 41 
2025-02-07 04:00:32 FATAL 211 42 117 238 :379  - The rare situation has occured at time 1738918832576, id to look up=88 65 48 224 , id of local node=211 42 117 238 , id of predecessor=210 68 241 41 
2025-02-07 04:00:32 FATAL 211 42 117 238 :379  - The rare situation has occured at time 1738918832702, id to look up=202 233 30 69 , id of local node=211 42 117 238 , id of predecessor=210 68 241 41 
2025-02-07 04:00:33 FATAL 211 42 117 238 :379  - The rare situation has occured at time 1738918833100, id to look up=159 253 26 225 , id of local node=211 42 117 238 , id of predecessor=210 68 241 41 
2025-02-07 04:00:33 FATAL 211 42 117 238 :379  - The rare situation has occured at time 1738918833418, id to look up=74 247 249 237 , id of local node=211 42 117 238 , id of predecessor=210 68 241 41 
2025-02-07 04:00:34 FATAL 211 42 117 238 :379  - The rare situation has occured at time 1738918834213, id to look up=180 239 125 241 , id of local node=211 42 117 238 , id of predecessor=210 68 241 41 
2025-02-07 04:00:34 FATAL 211 42 117 238 :379  - The rare situation has occured at time 1738918834620, id to look up=202 55 153 184 , id of local node=211 42 117 238 , id of predecessor=210 68 241 41 
2025-02-07 04:00:34 FATAL 211 42 117 238 :379  - The rare situation has occured at time 1738918834932, id to look up=186 48 253 151 , id of local node=211 42 117 238 , id of predecessor=210 68 241 41 
2025-02-07 04:00:35 FATAL 211 42 117 238 :379  - The rare situation has occured at time 1738918835291, id to look up=152 252 195 120 , id of local node=211 42 117 238 , id of predecessor=210 68 241 41 
2025-02-07 04:00:35 FATAL 211 42 117 238 :379  - The rare situation has occured at time 1738918835493, id to look up=76 21 220 33 , id of local node=211 42 117 238 , id of predecessor=210 68 241 41 
2025-02-07 04:00:35 FATAL 211 42 117 238 :379  - The rare situation has occured at time 1738918835764, id to look up=201 241 60 22 , id of local node=211 42 117 238 , id of predecessor=210 68 241 41 
2025-02-07 04:00:36 FATAL 211 42 117 238 :379  - The rare situation has occured at time 1738918836380, id to look up=196 57 198 11 , id of local node=211 42 117 238 , id of predecessor=210 68 241 41 
2025-02-07 04:00:36 FATAL 211 42 117 238 :379  - The rare situation has occured at time 1738918836603, id to look up=152 47 216 183 , id of local node=211 42 117 238 , id of predecessor=210 68 241 41 
2025-02-07 04:00:37 FATAL 211 42 117 238 :379  - The rare situation has occured at time 1738918837286, id to look up=104 42 3 244 , id of local node=211 42 117 238 , id of predecessor=210 68 241 41 
2025-02-07 04:00:37 FATAL 211 42 117 238 :379  - The rare situation has occured at time 1738918837930, id to look up=154 97 184 110 , id of local node=211 42 117 238 , id of predecessor=210 68 241 41 
2025-02-07 04:00:38 FATAL 211 42 117 238 :379  - The rare situation has occured at time 1738918838555, id to look up=115 59 87 174 , id of local node=211 42 117 238 , id of predecessor=210 68 241 41 
2025-02-07 04:00:39 FATAL 211 42 117 238 :379  - The rare situation has occured at time 1738918839300, id to look up=109 54 52 121 , id of local node=211 42 117 238 , id of predecessor=210 68 241 41 
2025-02-07 04:00:39 FATAL 211 42 117 238 :379  - The rare situation has occured at time 1738918839521, id to look up=104 181 25 63 , id of local node=211 42 117 238 , id of predecessor=210 68 241 41 
2025-02-07 04:00:39 FATAL 211 42 117 238 :379  - The rare situation has occured at time 1738918839782, id to look up=186 97 61 31 , id of local node=211 42 117 238 , id of predecessor=210 68 241 41 
2025-02-07 04:00:40 FATAL 211 42 117 238 :379  - The rare situation has occured at time 1738918840870, id to look up=183 7 6 253 , id of local node=211 42 117 238 , id of predecessor=210 68 241 41 
2025-02-07 04:00:41 FATAL 211 42 117 238 :379  - The rare situation has occured at time 1738918841325, id to look up=107 15 77 153 , id of local node=211 42 117 238 , id of predecessor=210 68 241 41 
2025-02-07 04:00:41 FATAL 211 42 117 238 :379  - The rare situation has occured at time 1738918841493, id to look up=157 50 55 23 , id of local node=211 42 117 238 , id of predecessor=210 68 241 41 
2025-02-07 04:00:42 FATAL 211 42 117 238 :379  - The rare situation has occured at time 1738918842210, id to look up=160 43 133 127 , id of local node=211 42 117 238 , id of predecessor=210 68 241 41 
2025-02-07 04:00:42 FATAL 211 42 117 238 :379  - The rare situation has occured at time 1738918842614, id to look up=204 140 209 206 , id of local node=211 42 117 238 , id of predecessor=210 68 241 41 
2025-02-07 04:00:43 FATAL 211 42 117 238 :379  - The rare situation has occured at time 1738918843190, id to look up=75 46 57 40 , id of local node=211 42 117 238 , id of predecessor=210 68 241 41 
2025-02-07 04:00:43 FATAL 211 42 117 238 :379  - The rare situation has occured at time 1738918843740, id to look up=120 125 65 217 , id of local node=211 42 117 238 , id of predecessor=210 68 241 41 
2025-02-07 04:00:44 FATAL 211 42 117 238 :379  - The rare situation has occured at time 1738918844060, id to look up=187 203 177 232 , id of local node=211 42 117 238 , id of predecessor=210 68 241 41 
2025-02-07 04:00:44 FATAL 211 42 117 238 :379  - The rare situation has occured at time 1738918844397, id to look up=121 129 110 203 , id of local node=211 42 117 238 , id of predecessor=210 68 241 41 
2025-02-07 04:00:44 FATAL 211 42 117 238 :379  - The rare situation has occured at time 1738918844873, id to look up=154 61 97 39 , id of local node=211 42 117 238 , id of predecessor=210 68 241 41 
2025-02-07 04:00:45 FATAL 211 42 117 238 :379  - The rare situation has occured at time 1738918845190, id to look up=114 193 151 91 , id of local node=211 42 117 238 , id of predecessor=210 68 241 41 
2025-02-07 04:00:45 FATAL 211 42 117 238 :379  - The rare situation has occured at time 1738918845722, id to look up=174 95 250 101 , id of local node=211 42 117 238 , id of predecessor=210 68 241 41 
2025-02-07 04:00:46 FATAL 211 42 117 238 :379  - The rare situation has occured at time 1738918846330, id to look up=175 83 212 170 , id of local node=211 42 117 238 , id of predecessor=210 68 241 41 
2025-02-07 04:00:46 FATAL 211 42 117 238 :379  - The rare situation has occured at time 1738918846693, id to look up=169 60 22 131 , id of local node=211 42 117 238 , id of predecessor=210 68 241 41 
2025-02-07 04:00:46 FATAL 211 42 117 238 :379  - The rare situation has occured at time 1738918846803, id to look up=151 179 28 148 , id of local node=211 42 117 238 , id of predecessor=210 68 241 41 
2025-02-07 04:00:47 FATAL 211 42 117 238 :379  - The rare situation has occured at time 1738918847006, id to look up=110 33 252 230 , id of local node=211 42 117 238 , id of predecessor=210 68 241 41 
2025-02-07 04:00:47 FATAL 211 42 117 238 :379  - The rare situation has occured at time 1738918847742, id to look up=168 76 154 160 , id of local node=211 42 117 238 , id of predecessor=210 68 241 41 
2025-02-07 04:00:48 FATAL 211 42 117 238 :379  - The rare situation has occured at time 1738918848349, id to look up=203 77 213 39 , id of local node=211 42 117 238 , id of predecessor=210 68 241 41 
2025-02-07 04:00:48 FATAL 211 42 117 238 :379  - The rare situation has occured at time 1738918848917, id to look up=85 71 246 49 , id of local node=211 42 117 238 , id of predecessor=210 68 241 41 
2025-02-07 04:00:49 FATAL 211 42 117 238 :379  - The rare situation has occured at time 1738918849433, id to look up=166 9 187 138 , id of local node=211 42 117 238 , id of predecessor=210 68 241 41 
2025-02-07 04:00:49 FATAL 211 42 117 238 :379  - The rare situation has occured at time 1738918849860, id to look up=194 128 151 173 , id of local node=211 42 117 238 , id of predecessor=210 68 241 41 
2025-02-07 04:00:50 FATAL 211 42 117 238 :379  - The rare situation has occured at time 1738918850513, id to look up=156 136 45 92 , id of local node=211 42 117 238 , id of predecessor=210 68 241 41 
2025-02-07 04:00:51 FATAL 211 42 117 238 :379  - The rare situation has occured at time 1738918851353, id to look up=108 65 16 31 , id of local node=211 42 117 238 , id of predecessor=210 68 241 41 
2025-02-07 04:00:51 FATAL 211 42 117 238 :379  - The rare situation has occured at time 1738918851723, id to look up=196 21 80 93 , id of local node=211 42 117 238 , id of predecessor=210 68 241 41 
2025-02-07 04:00:51 FATAL 211 42 117 238 :379  - The rare situation has occured at time 1738918851897, id to look up=207 209 121 150 , id of local node=211 42 117 238 , id of predecessor=210 68 241 41 
2025-02-07 04:00:52 FATAL 211 42 117 238 :379  - The rare situation has occured at time 1738918852818, id to look up=210 0 22 84 , id of local node=211 42 117 238 , id of predecessor=210 68 241 41 
2025-02-07 04:00:53 FATAL 211 42 117 238 :379  - The rare situation has occured at time 1738918853218, id to look up=171 247 73 5 , id of local node=211 42 117 238 , id of predecessor=210 68 241 41 
2025-02-07 04:00:53 FATAL 211 42 117 238 :379  - The rare situation has occured at time 1738918853520, id to look up=161 119 61 98 , id of local node=211 42 117 238 , id of predecessor=210 68 241 41 
2025-02-07 04:00:53 FATAL 211 42 117 238 :379  - The rare situation has occured at time 1738918853730, id to look up=182 231 162 44 , id of local node=211 42 117 238 , id of predecessor=210 68 241 41 
2025-02-07 04:00:54 FATAL 211 42 117 238 :379  - The rare situation has occured at time 1738918854547, id to look up=86 228 58 228 , id of local node=211 42 117 238 , id of predecessor=210 68 241 41 
2025-02-07 04:00:55 FATAL 211 42 117 238 :379  - The rare situation has occured at time 1738918855290, id to look up=160 208 67 120 , id of local node=211 42 117 238 , id of predecessor=210 68 241 41 
2025-02-07 04:00:55 FATAL 211 42 117 238 :379  - The rare situation has occured at time 1738918855656, id to look up=176 1 104 88 , id of local node=211 42 117 238 , id of predecessor=210 68 241 41 
2025-02-07 04:00:56 FATAL 211 42 117 238 :379  - The rare situation has occured at time 1738918856009, id to look up=154 170 11 82 , id of local node=211 42 117 238 , id of predecessor=210 68 241 41 
2025-02-07 04:00:56 FATAL 211 42 117 238 :379  - The rare situation has occured at time 1738918856320, id to look up=151 112 90 149 , id of local node=211 42 117 238 , id of predecessor=210 68 241 41 
2025-02-07 04:00:56 FATAL 211 42 117 238 :379  - The rare situation has occured at time 1738918856595, id to look up=109 147 242 160 , id of local node=211 42 117 238 , id of predecessor=210 68 241 41 
2025-02-07 04:00:56 FATAL 211 42 117 238 :379  - The rare situation has occured at time 1738918856709, id to look up=165 19 50 72 , id of local node=211 42 117 238 , id of predecessor=210 68 241 41 
2025-02-07 04:00:57 FATAL 211 42 117 238 :379  - The rare situation has occured at time 1738918857016, id to look up=74 14 136 207 , id of local node=211 42 117 238 , id of predecessor=210 68 241 41 
2025-02-07 04:00:57 FATAL 211 42 117 238 :379  - The rare situation has occured at time 1738918857850, id to look up=182 226 239 216 , id of local node=211 42 117 238 , id of predecessor=210 68 241 41 
2025-02-07 04:00:58 FATAL 211 42 117 238 :379  - The rare situation has occured at time 1738918858227, id to look up=190 77 151 158 , id of local node=211 42 117 238 , id of predecessor=210 68 241 41 
2025-02-07 04:00:58 FATAL 211 42 117 238 :379  - The rare situation has occured at time 1738918858651, id to look up=200 41 235 150 , id of local node=211 42 117 238 , id of predecessor=210 68 241 41 
2025-02-07 04:00:59 FATAL 211 42 117 238 :379  - The rare situation has occured at time 1738918859076, id to look up=195 7 73 207 , id of local node=211 42 117 238 , id of predecessor=210 68 241 41 
2025-02-07 04:00:59 FATAL 211 42 117 238 :379  - The rare situation has occured at time 1738918859458, id to look up=208 34 111 158 , id of local node=211 42 117 238 , id of predecessor=210 68 241 41 
2025-02-07 04:00:59 FATAL 211 42 117 238 :379  - The rare situation has occured at time 1738918859807, id to look up=183 65 242 82 , id of local node=211 42 117 238 , id of predecessor=210 68 241 41 
2025-02-07 04:01:00 FATAL 211 42 117 238 :379  - The rare situation has occured at time 1738918860999, id to look up=76 98 156 76 , id of local node=211 42 117 238 , id of predecessor=210 68 241 41 
2025-02-07 04:01:01 FATAL 211 42 117 238 :379  - The rare situation has occured at time 1738918861308, id to look up=176 198 137 36 , id of local node=211 42 117 238 , id of predecessor=210 68 241 41 
2025-02-07 04:01:01 FATAL 211 42 117 238 :379  - The rare situation has occured at time 1738918861686, id to look up=188 98 48 91 , id of local node=211 42 117 238 , id of predecessor=210 68 241 41 
2025-02-07 04:01:02 FATAL 211 42 117 238 :379  - The rare situation has occured at time 1738918862410, id to look up=158 212 242 159 , id of local node=211 42 117 238 , id of predecessor=210 68 241 41 
2025-02-07 04:01:02 FATAL 211 42 117 238 :379  - The rare situation has occured at time 1738918862509, id to look up=171 127 123 149 , id of local node=211 42 117 238 , id of predecessor=210 68 241 41 
2025-02-07 04:01:03 FATAL 211 42 117 238 :379  - The rare situation has occured at time 1738918863010, id to look up=195 90 159 197 , id of local node=211 42 117 238 , id of predecessor=210 68 241 41 
2025-02-07 04:01:03 FATAL 211 42 117 238 :379  - The rare situation has occured at time 1738918863467, id to look up=178 2 151 124 , id of local node=211 42 117 238 , id of predecessor=210 68 241 41 
2025-02-07 04:01:03 FATAL 211 42 117 238 :379  - The rare situation has occured at time 1738918863860, id to look up=190 186 77 93 , id of local node=211 42 117 238 , id of predecessor=210 68 241 41 
2025-02-07 04:01:04 FATAL 211 42 117 238 :379  - The rare situation has occured at time 1738918864673, id to look up=110 155 153 56 , id of local node=211 42 117 238 , id of predecessor=210 68 241 41 
2025-02-07 04:01:04 FATAL 211 42 117 238 :379  - The rare situation has occured at time 1738918864894, id to look up=87 21 170 2 , id of local node=211 42 117 238 , id of predecessor=210 68 241 41 
2025-02-07 04:01:05 FATAL 211 42 117 238 :379  - The rare situation has occured at time 1738918865761, id to look up=77 199 120 41 , id of local node=211 42 117 238 , id of predecessor=210 68 241 41 
2025-02-07 04:01:05 FATAL 211 42 117 238 :379  - The rare situation has occured at time 1738918865879, id to look up=147 172 25 70 , id of local node=211 42 117 238 , id of predecessor=210 68 241 41 
2025-02-07 04:01:06 FATAL 211 42 117 238 :379  - The rare situation has occured at time 1738918866446, id to look up=122 149 86 52 , id of local node=211 42 117 238 , id of predecessor=210 68 241 41 
2025-02-07 04:01:07 FATAL 211 42 117 238 :379  - The rare situation has occured at time 1738918867239, id to look up=167 133 189 191 , id of local node=211 42 117 238 , id of predecessor=210 68 241 41 
2025-02-07 04:01:07 FATAL 211 42 117 238 :379  - The rare situation has occured at time 1738918867547, id to look up=119 135 54 116 , id of local node=211 42 117 238 , id of predecessor=210 68 241 41 
2025-02-07 04:01:08 FATAL 211 42 117 238 :379  - The rare situation has occured at time 1738918868124, id to look up=122 105 134 153 , id of local node=211 42 117 238 , id of predecessor=210 68 241 41 
2025-02-07 04:01:08 FATAL 211 42 117 238 :379  - The rare situation has occured at time 1738918868504, id to look up=117 152 143 90 , id of local node=211 42 117 238 , id of predecessor=210 68 241 41 
2025-02-07 04:01:08 FATAL 211 42 117 238 :379  - The rare situation has occured at time 1738918868784, id to look up=108 10 199 108 , id of local node=211 42 117 238 , id of predecessor=210 68 241 41 
2025-02-07 04:01:08 FATAL 211 42 117 238 :379  - The rare situation has occured at time 1738918868949, id to look up=162 9 47 99 , id of local node=211 42 117 238 , id of predecessor=210 68 241 41 
2025-02-07 04:01:09 FATAL 211 42 117 238 :379  - The rare situation has occured at time 1738918869516, id to look up=120 78 240 5 , id of local node=211 42 117 238 , id of predecessor=210 68 241 41 
2025-02-07 04:01:09 FATAL 211 42 117 238 :379  - The rare situation has occured at time 1738918869934, id to look up=108 76 4 190 , id of local node=211 42 117 238 , id of predecessor=210 68 241 41 
2025-02-07 04:01:10 FATAL 211 42 117 238 :379  - The rare situation has occured at time 1738918870120, id to look up=191 158 153 152 , id of local node=211 42 117 238 , id of predecessor=210 68 241 41 
2025-02-07 04:01:10 FATAL 211 42 117 238 :379  - The rare situation has occured at time 1738918870646, id to look up=109 14 16 80 , id of local node=211 42 117 238 , id of predecessor=210 68 241 41 
2025-02-07 04:01:11 FATAL 211 42 117 238 :379  - The rare situation has occured at time 1738918871297, id to look up=172 62 123 0 , id of local node=211 42 117 238 , id of predecessor=210 68 241 41 
2025-02-07 04:01:11 FATAL 211 42 117 238 :379  - The rare situation has occured at time 1738918871507, id to look up=154 62 97 182 , id of local node=211 42 117 238 , id of predecessor=210 68 241 41 
2025-02-07 04:01:11 FATAL 211 42 117 238 :379  - The rare situation has occured at time 1738918871810, id to look up=172 156 149 119 , id of local node=211 42 117 238 , id of predecessor=210 68 241 41 
2025-02-07 04:01:12 FATAL 211 42 117 238 :379  - The rare situation has occured at time 1738918872497, id to look up=157 70 80 212 , id of local node=211 42 117 238 , id of predecessor=210 68 241 41 
2025-02-07 04:01:12 FATAL 211 42 117 238 :379  - The rare situation has occured at time 1738918872865, id to look up=74 194 187 255 , id of local node=211 42 117 238 , id of predecessor=210 68 241 41 
2025-02-07 04:01:13 FATAL 211 42 117 238 :379  - The rare situation has occured at time 1738918873179, id to look up=176 43 112 129 , id of local node=211 42 117 238 , id of predecessor=210 68 241 41 
2025-02-07 04:01:13 FATAL 211 42 117 238 :379  - The rare situation has occured at time 1738918873516, id to look up=81 234 198 180 , id of local node=211 42 117 238 , id of predecessor=210 68 241 41 
2025-02-07 04:01:14 FATAL 211 42 117 238 :379  - The rare situation has occured at time 1738918874257, id to look up=191 13 128 177 , id of local node=211 42 117 238 , id of predecessor=210 68 241 41 
2025-02-07 04:01:14 FATAL 211 42 117 238 :379  - The rare situation has occured at time 1738918874516, id to look up=102 143 55 216 , id of local node=211 42 117 238 , id of predecessor=210 68 241 41 
2025-02-07 04:01:15 FATAL 211 42 117 238 :379  - The rare situation has occured at time 1738918875054, id to look up=111 148 110 38 , id of local node=211 42 117 238 , id of predecessor=210 68 241 41 
2025-02-07 04:01:15 FATAL 211 42 117 238 :379  - The rare situation has occured at time 1738918875668, id to look up=207 47 50 141 , id of local node=211 42 117 238 , id of predecessor=210 68 241 41 
2025-02-07 04:01:16 FATAL 211 42 117 238 :379  - The rare situation has occured at time 1738918876906, id to look up=110 117 210 58 , id of local node=211 42 117 238 , id of predecessor=210 68 241 41 
2025-02-07 04:01:17 FATAL 211 42 117 238 :379  - The rare situation has occured at time 1738918877657, id to look up=208 81 191 29 , id of local node=211 42 117 238 , id of predecessor=210 68 241 41 
2025-02-07 04:01:17 FATAL 211 42 117 238 :379  - The rare situation has occured at time 1738918877927, id to look up=158 224 223 124 , id of local node=211 42 117 238 , id of predecessor=210 68 241 41 
2025-02-07 04:01:18 FATAL 211 42 117 238 :379  - The rare situation has occured at time 1738918878354, id to look up=108 199 29 145 , id of local node=211 42 117 238 , id of predecessor=210 68 241 41 
2025-02-07 04:01:19 FATAL 211 42 117 238 :379  - The rare situation has occured at time 1738918879500, id to look up=119 214 122 177 , id of local node=211 42 117 238 , id of predecessor=210 68 241 41 
2025-02-07 04:01:19 FATAL 211 42 117 238 :379  - The rare situation has occured at time 1738918879609, id to look up=197 111 92 182 , id of local node=211 42 117 238 , id of predecessor=210 68 241 41 
2025-02-07 04:01:20 FATAL 211 42 117 238 :379  - The rare situation has occured at time 1738918880067, id to look up=147 224 151 227 , id of local node=211 42 117 238 , id of predecessor=210 68 241 41 
2025-02-07 04:01:20 FATAL 211 42 117 238 :379  - The rare situation has occured at time 1738918880488, id to look up=208 73 196 78 , id of local node=211 42 117 238 , id of predecessor=210 68 241 41 
2025-02-07 04:01:21 FATAL 211 42 117 238 :379  - The rare situation has occured at time 1738918881156, id to look up=113 16 224 211 , id of local node=211 42 117 238 , id of predecessor=210 68 241 41 
2025-02-07 04:01:22 FATAL 211 42 117 238 :379  - The rare situation has occured at time 1738918882287, id to look up=109 93 176 232 , id of local node=211 42 117 238 , id of predecessor=210 68 241 41 
2025-02-07 04:01:22 FATAL 211 42 117 238 :379  - The rare situation has occured at time 1738918882498, id to look up=183 245 17 63 , id of local node=211 42 117 238 , id of predecessor=210 68 241 41 
