2025-02-07 03:50:36 WARN  OpenChordTest:205  - Peer joined at ocsocket://localhost:8105/ via ocsocket://localhost:8080/
2025-02-07 03:50:36 WARN  OpenChordTest:58  - Insert time for key 25 = 302 ms
2025-02-07 03:50:36 WARN  OpenChordTest:60  - Inserted (25, default)
2025-02-07 03:50:36 WARN  OpenChordTest:64  - Memory usage at ocsocket://localhost:8105/ = 18 MB
2025-02-07 03:52:21 FATAL 41 61 111 157 :379  - The rare situation has occured at time 1738918341778, id to look up=119 222 104 218 , id of local node=41 61 111 157 , id of predecessor=40 250 169 214 
2025-02-07 03:52:23 FATAL 41 61 111 157 :379  - The rare situation has occured at time 1738918343789, id to look up=254 93 187 206 , id of local node=41 61 111 157 , id of predecessor=40 250 169 214 
2025-02-07 03:52:24 FATAL 41 61 111 157 :379  - The rare situation has occured at time 1738918344416, id to look up=123 82 0 155 , id of local node=41 61 111 157 , id of predecessor=40 250 169 214 
2025-02-07 03:52:25 FATAL 41 61 111 157 :379  - The rare situation has occured at time 1738918345793, id to look up=77 19 75 192 , id of local node=41 61 111 157 , id of predecessor=40 250 169 214 
2025-02-07 03:52:26 FATAL 41 61 111 157 :379  - The rare situation has occured at time 1738918346944, id to look up=119 25 161 199 , id of local node=41 61 111 157 , id of predecessor=40 250 169 214 
2025-02-07 03:52:27 FATAL 41 61 111 157 :379  - The rare situation has occured at time 1738918347702, id to look up=34 210 0 248 , id of local node=41 61 111 157 , id of predecessor=40 250 169 214 
2025-02-07 03:53:38 FATAL 41 61 111 157 :379  - The rare situation has occured at time 1738918418763, id to look up=119 222 104 218 , id of local node=41 61 111 157 , id of predecessor=40 250 169 214 
2025-02-07 03:53:40 FATAL 41 61 111 157 :379  - The rare situation has occured at time 1738918420054, id to look up=254 93 187 206 , id of local node=41 61 111 157 , id of predecessor=40 250 169 214 
2025-02-07 03:53:40 FATAL 41 61 111 157 :379  - The rare situation has occured at time 1738918420670, id to look up=123 82 0 155 , id of local node=41 61 111 157 , id of predecessor=40 250 169 214 
2025-02-07 03:53:42 FATAL 41 61 111 157 :379  - The rare situation has occured at time 1738918422892, id to look up=77 19 75 192 , id of local node=41 61 111 157 , id of predecessor=40 250 169 214 
2025-02-07 03:53:43 FATAL 41 61 111 157 :379  - The rare situation has occured at time 1738918423753, id to look up=119 25 161 199 , id of local node=41 61 111 157 , id of predecessor=40 250 169 214 
2025-02-07 03:53:44 FATAL 41 61 111 157 :379  - The rare situation has occured at time 1738918424382, id to look up=34 210 0 248 , id of local node=41 61 111 157 , id of predecessor=40 250 169 214 
2025-02-07 03:53:46 FATAL 41 61 111 157 :379  - The rare situation has occured at time 1738918426441, id to look up=118 31 34 178 , id of local node=41 61 111 157 , id of predecessor=40 250 169 214 
2025-02-07 03:53:48 FATAL 41 61 111 157 :379  - The rare situation has occured at time 1738918428244, id to look up=100 224 149 254 , id of local node=41 61 111 157 , id of predecessor=40 250 169 214 
2025-02-07 03:53:49 FATAL 41 61 111 157 :379  - The rare situation has occured at time 1738918429674, id to look up=84 206 185 18 , id of local node=41 61 111 157 , id of predecessor=40 250 169 214 
2025-02-07 03:53:50 FATAL 41 61 111 157 :379  - The rare situation has occured at time 1738918430543, id to look up=102 123 229 67 , id of local node=41 61 111 157 , id of predecessor=40 250 169 214 
2025-02-07 03:53:50 FATAL 41 61 111 157 :379  - The rare situation has occured at time 1738918430981, id to look up=108 30 103 31 , id of local node=41 61 111 157 , id of predecessor=40 250 169 214 
2025-02-07 03:53:52 FATAL 41 61 111 157 :379  - The rare situation has occured at time 1738918432213, id to look up=81 26 65 142 , id of local node=41 61 111 157 , id of predecessor=40 250 169 214 
2025-02-07 03:54:52 FATAL 41 61 111 157 :379  - The rare situation has occured at time 1738918492016, id to look up=119 222 104 218 , id of local node=41 61 111 157 , id of predecessor=40 250 169 214 
2025-02-07 03:54:53 FATAL 41 61 111 157 :379  - The rare situation has occured at time 1738918493605, id to look up=254 93 187 206 , id of local node=41 61 111 157 , id of predecessor=40 250 169 214 
2025-02-07 03:54:54 FATAL 41 61 111 157 :379  - The rare situation has occured at time 1738918494232, id to look up=123 82 0 155 , id of local node=41 61 111 157 , id of predecessor=40 250 169 214 
2025-02-07 03:54:56 FATAL 41 61 111 157 :379  - The rare situation has occured at time 1738918496202, id to look up=77 19 75 192 , id of local node=41 61 111 157 , id of predecessor=40 250 169 214 
2025-02-07 03:54:57 FATAL 41 61 111 157 :379  - The rare situation has occured at time 1738918497133, id to look up=119 25 161 199 , id of local node=41 61 111 157 , id of predecessor=40 250 169 214 
2025-02-07 03:54:57 FATAL 41 61 111 157 :379  - The rare situation has occured at time 1738918497772, id to look up=34 210 0 248 , id of local node=41 61 111 157 , id of predecessor=40 250 169 214 
2025-02-07 03:54:59 FATAL 41 61 111 157 :379  - The rare situation has occured at time 1738918499841, id to look up=118 31 34 178 , id of local node=41 61 111 157 , id of predecessor=40 250 169 214 
2025-02-07 03:55:01 FATAL 41 61 111 157 :379  - The rare situation has occured at time 1738918501694, id to look up=100 224 149 254 , id of local node=41 61 111 157 , id of predecessor=40 250 169 214 
2025-02-07 03:55:03 FATAL 41 61 111 157 :379  - The rare situation has occured at time 1738918503153, id to look up=84 206 185 18 , id of local node=41 61 111 157 , id of predecessor=40 250 169 214 
2025-02-07 03:55:03 FATAL 41 61 111 157 :379  - The rare situation has occured at time 1738918503409, id to look up=102 123 229 67 , id of local node=41 61 111 157 , id of predecessor=40 250 169 214 
2025-02-07 03:55:03 FATAL 41 61 111 157 :379  - The rare situation has occured at time 1738918503867, id to look up=108 30 103 31 , id of local node=41 61 111 157 , id of predecessor=40 250 169 214 
2025-02-07 03:55:05 FATAL 41 61 111 157 :379  - The rare situation has occured at time 1738918505118, id to look up=81 26 65 142 , id of local node=41 61 111 157 , id of predecessor=40 250 169 214 
2025-02-07 03:55:06 FATAL 41 61 111 157 :379  - The rare situation has occured at time 1738918506038, id to look up=89 18 154 172 , id of local node=41 61 111 157 , id of predecessor=40 250 169 214 
2025-02-07 03:55:06 FATAL 41 61 111 157 :379  - The rare situation has occured at time 1738918506418, id to look up=77 137 210 148 , id of local node=41 61 111 157 , id of predecessor=40 250 169 214 
2025-02-07 03:55:07 FATAL 41 61 111 157 :379  - The rare situation has occured at time 1738918507927, id to look up=31 19 98 234 , id of local node=41 61 111 157 , id of predecessor=40 250 169 214 
2025-02-07 03:55:09 FATAL 41 61 111 157 :379  - The rare situation has occured at time 1738918509096, id to look up=118 84 111 154 , id of local node=41 61 111 157 , id of predecessor=40 250 169 214 
2025-02-07 03:55:10 FATAL 41 61 111 157 :379  - The rare situation has occured at time 1738918510667, id to look up=76 214 109 250 , id of local node=41 61 111 157 , id of predecessor=40 250 169 214 
2025-02-07 03:55:11 FATAL 41 61 111 157 :379  - The rare situation has occured at time 1738918511497, id to look up=33 91 180 125 , id of local node=41 61 111 157 , id of predecessor=40 250 169 214 
2025-02-07 03:55:11 FATAL 41 61 111 157 :379  - The rare situation has occured at time 1738918511696, id to look up=111 184 74 237 , id of local node=41 61 111 157 , id of predecessor=40 250 169 214 
2025-02-07 03:55:13 FATAL 41 61 111 157 :379  - The rare situation has occured at time 1738918513499, id to look up=120 168 239 203 , id of local node=41 61 111 157 , id of predecessor=40 250 169 214 
2025-02-07 03:55:14 FATAL 41 61 111 157 :379  - The rare situation has occured at time 1738918514169, id to look up=114 36 249 151 , id of local node=41 61 111 157 , id of predecessor=40 250 169 214 
2025-02-07 03:55:14 FATAL 41 61 111 157 :379  - The rare situation has occured at time 1738918514350, id to look up=82 78 5 220 , id of local node=41 61 111 157 , id of predecessor=40 250 169 214 
2025-02-07 03:55:15 FATAL 41 61 111 157 :379  - The rare situation has occured at time 1738918515299, id to look up=104 62 114 92 , id of local node=41 61 111 157 , id of predecessor=40 250 169 214 
2025-02-07 03:55:16 FATAL 41 61 111 157 :379  - The rare situation has occured at time 1738918516509, id to look up=119 91 197 195 , id of local node=41 61 111 157 , id of predecessor=40 250 169 214 
2025-02-07 03:56:22 FATAL 41 61 111 157 :379  - The rare situation has occured at time 1738918582212, id to look up=119 222 104 218 , id of local node=41 61 111 157 , id of predecessor=40 250 169 214 
2025-02-07 03:56:23 FATAL 41 61 111 157 :379  - The rare situation has occured at time 1738918583222, id to look up=254 93 187 206 , id of local node=41 61 111 157 , id of predecessor=40 250 169 214 
2025-02-07 03:56:24 FATAL 41 61 111 157 :379  - The rare situation has occured at time 1738918584309, id to look up=123 82 0 155 , id of local node=41 61 111 157 , id of predecessor=40 250 169 214 
2025-02-07 03:56:26 FATAL 41 61 111 157 :379  - The rare situation has occured at time 1738918586571, id to look up=77 19 75 192 , id of local node=41 61 111 157 , id of predecessor=40 250 169 214 
2025-02-07 03:56:27 FATAL 41 61 111 157 :379  - The rare situation has occured at time 1738918587471, id to look up=119 25 161 199 , id of local node=41 61 111 157 , id of predecessor=40 250 169 214 
2025-02-07 03:56:28 FATAL 41 61 111 157 :379  - The rare situation has occured at time 1738918588101, id to look up=34 210 0 248 , id of local node=41 61 111 157 , id of predecessor=40 250 169 214 
2025-02-07 03:56:30 FATAL 41 61 111 157 :379  - The rare situation has occured at time 1738918590171, id to look up=118 31 34 178 , id of local node=41 61 111 157 , id of predecessor=40 250 169 214 
2025-02-07 03:56:32 FATAL 41 61 111 157 :379  - The rare situation has occured at time 1738918592011, id to look up=100 224 149 254 , id of local node=41 61 111 157 , id of predecessor=40 250 169 214 
2025-02-07 03:56:33 FATAL 41 61 111 157 :379  - The rare situation has occured at time 1738918593452, id to look up=84 206 185 18 , id of local node=41 61 111 157 , id of predecessor=40 250 169 214 
2025-02-07 03:56:34 FATAL 41 61 111 157 :379  - The rare situation has occured at time 1738918594352, id to look up=102 123 229 67 , id of local node=41 61 111 157 , id of predecessor=40 250 169 214 
2025-02-07 03:56:34 FATAL 41 61 111 157 :379  - The rare situation has occured at time 1738918594779, id to look up=108 30 103 31 , id of local node=41 61 111 157 , id of predecessor=40 250 169 214 
2025-02-07 03:56:36 FATAL 41 61 111 157 :379  - The rare situation has occured at time 1738918596062, id to look up=81 26 65 142 , id of local node=41 61 111 157 , id of predecessor=40 250 169 214 
2025-02-07 03:56:36 FATAL 41 61 111 157 :379  - The rare situation has occured at time 1738918596972, id to look up=89 18 154 172 , id of local node=41 61 111 157 , id of predecessor=40 250 169 214 
2025-02-07 03:56:37 FATAL 41 61 111 157 :379  - The rare situation has occured at time 1738918597352, id to look up=77 137 210 148 , id of local node=41 61 111 157 , id of predecessor=40 250 169 214 
2025-02-07 03:56:38 FATAL 41 61 111 157 :379  - The rare situation has occured at time 1738918598252, id to look up=31 19 98 234 , id of local node=41 61 111 157 , id of predecessor=40 250 169 214 
2025-02-07 03:56:39 FATAL 41 61 111 157 :379  - The rare situation has occured at time 1738918599441, id to look up=118 84 111 154 , id of local node=41 61 111 157 , id of predecessor=40 250 169 214 
2025-02-07 03:56:41 FATAL 41 61 111 157 :379  - The rare situation has occured at time 1738918601023, id to look up=76 214 109 250 , id of local node=41 61 111 157 , id of predecessor=40 250 169 214 
2025-02-07 03:56:41 FATAL 41 61 111 157 :379  - The rare situation has occured at time 1738918601872, id to look up=33 91 180 125 , id of local node=41 61 111 157 , id of predecessor=40 250 169 214 
2025-02-07 03:56:42 FATAL 41 61 111 157 :379  - The rare situation has occured at time 1738918602071, id to look up=111 184 74 237 , id of local node=41 61 111 157 , id of predecessor=40 250 169 214 
2025-02-07 03:56:43 FATAL 41 61 111 157 :379  - The rare situation has occured at time 1738918603864, id to look up=120 168 239 203 , id of local node=41 61 111 157 , id of predecessor=40 250 169 214 
2025-02-07 03:56:44 FATAL 41 61 111 157 :379  - The rare situation has occured at time 1738918604544, id to look up=114 36 249 151 , id of local node=41 61 111 157 , id of predecessor=40 250 169 214 
2025-02-07 03:56:44 FATAL 41 61 111 157 :379  - The rare situation has occured at time 1738918604703, id to look up=82 78 5 220 , id of local node=41 61 111 157 , id of predecessor=40 250 169 214 
2025-02-07 03:56:45 FATAL 41 61 111 157 :379  - The rare situation has occured at time 1738918605653, id to look up=104 62 114 92 , id of local node=41 61 111 157 , id of predecessor=40 250 169 214 
2025-02-07 03:56:46 FATAL 41 61 111 157 :379  - The rare situation has occured at time 1738918606863, id to look up=119 91 197 195 , id of local node=41 61 111 157 , id of predecessor=40 250 169 214 
2025-02-07 03:56:50 FATAL 41 61 111 157 :379  - The rare situation has occured at time 1738918610353, id to look up=86 173 77 77 , id of local node=41 61 111 157 , id of predecessor=40 250 169 214 
2025-02-07 03:56:52 FATAL 41 61 111 157 :379  - The rare situation has occured at time 1738918612104, id to look up=115 32 130 140 , id of local node=41 61 111 157 , id of predecessor=40 250 169 214 
2025-02-07 03:56:52 FATAL 41 61 111 157 :379  - The rare situation has occured at time 1738918612314, id to look up=80 51 107 198 , id of local node=41 61 111 157 , id of predecessor=40 250 169 214 
2025-02-07 03:56:53 FATAL 41 61 111 157 :379  - The rare situation has occured at time 1738918613162, id to look up=83 111 182 147 , id of local node=41 61 111 157 , id of predecessor=40 250 169 214 
2025-02-07 03:56:55 FATAL 41 61 111 157 :379  - The rare situation has occured at time 1738918615472, id to look up=107 98 119 175 , id of local node=41 61 111 157 , id of predecessor=40 250 169 214 
2025-02-07 03:56:56 FATAL 41 61 111 157 :379  - The rare situation has occured at time 1738918616683, id to look up=116 203 210 194 , id of local node=41 61 111 157 , id of predecessor=40 250 169 214 
2025-02-07 03:56:57 FATAL 41 61 111 157 :379  - The rare situation has occured at time 1738918617213, id to look up=105 229 105 118 , id of local node=41 61 111 157 , id of predecessor=40 250 169 214 
2025-02-07 03:56:57 FATAL 41 61 111 157 :379  - The rare situation has occured at time 1738918617344, id to look up=112 138 119 219 , id of local node=41 61 111 157 , id of predecessor=40 250 169 214 
2025-02-07 03:56:57 FATAL 41 61 111 157 :379  - The rare situation has occured at time 1738918617622, id to look up=38 89 252 81 , id of local node=41 61 111 157 , id of predecessor=40 250 169 214 
2025-02-07 03:56:57 FATAL 41 61 111 157 :379  - The rare situation has occured at time 1738918617731, id to look up=113 123 47 61 , id of local node=41 61 111 157 , id of predecessor=40 250 169 214 
2025-02-07 03:56:58 FATAL 41 61 111 157 :379  - The rare situation has occured at time 1738918618574, id to look up=87 46 32 115 , id of local node=41 61 111 157 , id of predecessor=40 250 169 214 
2025-02-07 03:56:59 FATAL 41 61 111 157 :379  - The rare situation has occured at time 1738918619422, id to look up=38 231 69 141 , id of local node=41 61 111 157 , id of predecessor=40 250 169 214 
2025-02-07 03:56:59 FATAL 41 61 111 157 :379  - The rare situation has occured at time 1738918619581, id to look up=37 41 63 39 , id of local node=41 61 111 157 , id of predecessor=40 250 169 214 
2025-02-07 03:57:00 FATAL 41 61 111 157 :379  - The rare situation has occured at time 1738918620363, id to look up=88 240 116 73 , id of local node=41 61 111 157 , id of predecessor=40 250 169 214 
2025-02-07 03:57:02 FATAL 41 61 111 157 :379  - The rare situation has occured at time 1738918622403, id to look up=117 42 231 189 , id of local node=41 61 111 157 , id of predecessor=40 250 169 214 
2025-02-07 03:57:02 FATAL 41 61 111 157 :379  - The rare situation has occured at time 1738918622533, id to look up=77 234 29 174 , id of local node=41 61 111 157 , id of predecessor=40 250 169 214 
2025-02-07 03:57:04 FATAL 41 61 111 157 :379  - The rare situation has occured at time 1738918624022, id to look up=30 123 149 197 , id of local node=41 61 111 157 , id of predecessor=40 250 169 214 
2025-02-07 03:57:04 FATAL 41 61 111 157 :379  - The rare situation has occured at time 1738918624621, id to look up=74 250 143 158 , id of local node=41 61 111 157 , id of predecessor=40 250 169 214 
2025-02-07 03:57:09 FATAL 41 61 111 157 :379  - The rare situation has occured at time 1738918629082, id to look up=76 130 5 218 , id of local node=41 61 111 157 , id of predecessor=40 250 169 214 
2025-02-07 03:57:09 FATAL 41 61 111 157 :379  - The rare situation has occured at time 1738918629442, id to look up=40 21 246 185 , id of local node=41 61 111 157 , id of predecessor=40 250 169 214 
2025-02-07 03:57:09 FATAL 41 61 111 157 :379  - The rare situation has occured at time 1738918629651, id to look up=79 15 92 150 , id of local node=41 61 111 157 , id of predecessor=40 250 169 214 
2025-02-07 03:57:09 FATAL 41 61 111 157 :379  - The rare situation has occured at time 1738918629824, id to look up=82 253 185 246 , id of local node=41 61 111 157 , id of predecessor=40 250 169 214 
2025-02-07 03:57:09 FATAL 41 61 111 157 :379  - The rare situation has occured at time 1738918629889, id to look up=88 65 48 224 , id of local node=41 61 111 157 , id of predecessor=40 250 169 214 
2025-02-07 03:57:10 FATAL 41 61 111 157 :379  - The rare situation has occured at time 1738918630750, id to look up=74 247 249 237 , id of local node=41 61 111 157 , id of predecessor=40 250 169 214 
2025-02-07 03:57:12 FATAL 41 61 111 157 :379  - The rare situation has occured at time 1738918632779, id to look up=76 21 220 33 , id of local node=41 61 111 157 , id of predecessor=40 250 169 214 
2025-02-07 03:59:45 FATAL 41 61 111 157 :379  - The rare situation has occured at time 1738918785103, id to look up=119 222 104 218 , id of local node=41 61 111 157 , id of predecessor=40 250 169 214 
2025-02-07 03:59:46 FATAL 41 61 111 157 :379  - The rare situation has occured at time 1738918786593, id to look up=254 93 187 206 , id of local node=41 61 111 157 , id of predecessor=40 250 169 214 
2025-02-07 03:59:47 FATAL 41 61 111 157 :379  - The rare situation has occured at time 1738918787211, id to look up=123 82 0 155 , id of local node=41 61 111 157 , id of predecessor=40 250 169 214 
2025-02-07 03:59:48 FATAL 41 61 111 157 :379  - The rare situation has occured at time 1738918788588, id to look up=77 19 75 192 , id of local node=41 61 111 157 , id of predecessor=40 250 169 214 
2025-02-07 03:59:49 FATAL 41 61 111 157 :379  - The rare situation has occured at time 1738918789489, id to look up=119 25 161 199 , id of local node=41 61 111 157 , id of predecessor=40 250 169 214 
2025-02-07 03:59:50 FATAL 41 61 111 157 :379  - The rare situation has occured at time 1738918790107, id to look up=34 210 0 248 , id of local node=41 61 111 157 , id of predecessor=40 250 169 214 
2025-02-07 03:59:52 FATAL 41 61 111 157 :379  - The rare situation has occured at time 1738918792156, id to look up=118 31 34 178 , id of local node=41 61 111 157 , id of predecessor=40 250 169 214 
2025-02-07 03:59:53 FATAL 41 61 111 157 :379  - The rare situation has occured at time 1738918793968, id to look up=100 224 149 254 , id of local node=41 61 111 157 , id of predecessor=40 250 169 214 
2025-02-07 03:59:55 FATAL 41 61 111 157 :379  - The rare situation has occured at time 1738918795368, id to look up=84 206 185 18 , id of local node=41 61 111 157 , id of predecessor=40 250 169 214 
2025-02-07 03:59:56 FATAL 41 61 111 157 :379  - The rare situation has occured at time 1738918796268, id to look up=102 123 229 67 , id of local node=41 61 111 157 , id of predecessor=40 250 169 214 
2025-02-07 03:59:56 FATAL 41 61 111 157 :379  - The rare situation has occured at time 1738918796696, id to look up=108 30 103 31 , id of local node=41 61 111 157 , id of predecessor=40 250 169 214 
2025-02-07 03:59:57 FATAL 41 61 111 157 :379  - The rare situation has occured at time 1738918797958, id to look up=81 26 65 142 , id of local node=41 61 111 157 , id of predecessor=40 250 169 214 
2025-02-07 03:59:58 FATAL 41 61 111 157 :379  - The rare situation has occured at time 1738918798859, id to look up=89 18 154 172 , id of local node=41 61 111 157 , id of predecessor=40 250 169 214 
2025-02-07 03:59:59 FATAL 41 61 111 157 :379  - The rare situation has occured at time 1738918799229, id to look up=77 137 210 148 , id of local node=41 61 111 157 , id of predecessor=40 250 169 214 
2025-02-07 04:00:00 FATAL 41 61 111 157 :379  - The rare situation has occured at time 1738918800726, id to look up=31 19 98 234 , id of local node=41 61 111 157 , id of predecessor=40 250 169 214 
2025-02-07 04:00:01 FATAL 41 61 111 157 :379  - The rare situation has occured at time 1738918801916, id to look up=118 84 111 154 , id of local node=41 61 111 157 , id of predecessor=40 250 169 214 
2025-02-07 04:00:03 FATAL 41 61 111 157 :379  - The rare situation has occured at time 1738918803447, id to look up=76 214 109 250 , id of local node=41 61 111 157 , id of predecessor=40 250 169 214 
2025-02-07 04:00:04 FATAL 41 61 111 157 :379  - The rare situation has occured at time 1738918804307, id to look up=33 91 180 125 , id of local node=41 61 111 157 , id of predecessor=40 250 169 214 
2025-02-07 04:00:04 FATAL 41 61 111 157 :379  - The rare situation has occured at time 1738918804506, id to look up=111 184 74 237 , id of local node=41 61 111 157 , id of predecessor=40 250 169 214 
2025-02-07 04:00:06 FATAL 41 61 111 157 :379  - The rare situation has occured at time 1738918806338, id to look up=120 168 239 203 , id of local node=41 61 111 157 , id of predecessor=40 250 169 214 
2025-02-07 04:00:07 FATAL 41 61 111 157 :379  - The rare situation has occured at time 1738918807048, id to look up=114 36 249 151 , id of local node=41 61 111 157 , id of predecessor=40 250 169 214 
2025-02-07 04:00:07 FATAL 41 61 111 157 :379  - The rare situation has occured at time 1738918807218, id to look up=82 78 5 220 , id of local node=41 61 111 157 , id of predecessor=40 250 169 214 
2025-02-07 04:00:08 FATAL 41 61 111 157 :379  - The rare situation has occured at time 1738918808208, id to look up=104 62 114 92 , id of local node=41 61 111 157 , id of predecessor=40 250 169 214 
2025-02-07 04:00:09 FATAL 41 61 111 157 :379  - The rare situation has occured at time 1738918809428, id to look up=119 91 197 195 , id of local node=41 61 111 157 , id of predecessor=40 250 169 214 
2025-02-07 04:00:12 FATAL 41 61 111 157 :379  - The rare situation has occured at time 1738918812907, id to look up=86 173 77 77 , id of local node=41 61 111 157 , id of predecessor=40 250 169 214 
2025-02-07 04:00:14 FATAL 41 61 111 157 :379  - The rare situation has occured at time 1738918814707, id to look up=115 32 130 140 , id of local node=41 61 111 157 , id of predecessor=40 250 169 214 
2025-02-07 04:00:14 FATAL 41 61 111 157 :379  - The rare situation has occured at time 1738918814948, id to look up=80 51 107 198 , id of local node=41 61 111 157 , id of predecessor=40 250 169 214 
2025-02-07 04:00:15 FATAL 41 61 111 157 :379  - The rare situation has occured at time 1738918815807, id to look up=83 111 182 147 , id of local node=41 61 111 157 , id of predecessor=40 250 169 214 
2025-02-07 04:00:18 FATAL 41 61 111 157 :379  - The rare situation has occured at time 1738918818047, id to look up=107 98 119 175 , id of local node=41 61 111 157 , id of predecessor=40 250 169 214 
2025-02-07 04:00:19 FATAL 41 61 111 157 :379  - The rare situation has occured at time 1738918819238, id to look up=116 203 210 194 , id of local node=41 61 111 157 , id of predecessor=40 250 169 214 
2025-02-07 04:00:19 FATAL 41 61 111 157 :379  - The rare situation has occured at time 1738918819747, id to look up=105 229 105 118 , id of local node=41 61 111 157 , id of predecessor=40 250 169 214 
2025-02-07 04:00:19 FATAL 41 61 111 157 :379  - The rare situation has occured at time 1738918819877, id to look up=112 138 119 219 , id of local node=41 61 111 157 , id of predecessor=40 250 169 214 
2025-02-07 04:00:19 FATAL 41 61 111 157 :379  - The rare situation has occured at time 1738918819570, id to look up=38 89 252 81 , id of local node=41 61 111 157 , id of predecessor=40 250 169 214 
2025-02-07 04:00:19 FATAL 41 61 111 157 :379  - The rare situation has occured at time 1738918819680, id to look up=113 123 47 61 , id of local node=41 61 111 157 , id of predecessor=40 250 169 214 
2025-02-07 04:00:20 FATAL 41 61 111 157 :379  - The rare situation has occured at time 1738918820562, id to look up=87 46 32 115 , id of local node=41 61 111 157 , id of predecessor=40 250 169 214 
2025-02-07 04:00:21 FATAL 41 61 111 157 :379  - The rare situation has occured at time 1738918821420, id to look up=38 231 69 141 , id of local node=41 61 111 157 , id of predecessor=40 250 169 214 
2025-02-07 04:00:21 FATAL 41 61 111 157 :379  - The rare situation has occured at time 1738918821570, id to look up=37 41 63 39 , id of local node=41 61 111 157 , id of predecessor=40 250 169 214 
2025-02-07 04:00:22 FATAL 41 61 111 157 :379  - The rare situation has occured at time 1738918822332, id to look up=88 240 116 73 , id of local node=41 61 111 157 , id of predecessor=40 250 169 214 
2025-02-07 04:00:24 FATAL 41 61 111 157 :379  - The rare situation has occured at time 1738918824411, id to look up=117 42 231 189 , id of local node=41 61 111 157 , id of predecessor=40 250 169 214 
2025-02-07 04:00:24 FATAL 41 61 111 157 :379  - The rare situation has occured at time 1738918824542, id to look up=77 234 29 174 , id of local node=41 61 111 157 , id of predecessor=40 250 169 214 
2025-02-07 04:00:26 FATAL 41 61 111 157 :379  - The rare situation has occured at time 1738918826010, id to look up=30 123 149 197 , id of local node=41 61 111 157 , id of predecessor=40 250 169 214 
2025-02-07 04:00:26 FATAL 41 61 111 157 :379  - The rare situation has occured at time 1738918826650, id to look up=74 250 143 158 , id of local node=41 61 111 157 , id of predecessor=40 250 169 214 
2025-02-07 04:00:31 FATAL 41 61 111 157 :379  - The rare situation has occured at time 1738918831131, id to look up=76 130 5 218 , id of local node=41 61 111 157 , id of predecessor=40 250 169 214 
2025-02-07 04:00:31 FATAL 41 61 111 157 :379  - The rare situation has occured at time 1738918831520, id to look up=40 21 246 185 , id of local node=41 61 111 157 , id of predecessor=40 250 169 214 
2025-02-07 04:00:31 FATAL 41 61 111 157 :379  - The rare situation has occured at time 1738918831730, id to look up=79 15 92 150 , id of local node=41 61 111 157 , id of predecessor=40 250 169 214 
2025-02-07 04:00:31 FATAL 41 61 111 157 :379  - The rare situation has occured at time 1738918831932, id to look up=82 253 185 246 , id of local node=41 61 111 157 , id of predecessor=40 250 169 214 
2025-02-07 04:00:32 FATAL 41 61 111 157 :379  - The rare situation has occured at time 1738918832571, id to look up=88 65 48 224 , id of local node=41 61 111 157 , id of predecessor=40 250 169 214 
2025-02-07 04:00:33 FATAL 41 61 111 157 :379  - The rare situation has occured at time 1738918833412, id to look up=74 247 249 237 , id of local node=41 61 111 157 , id of predecessor=40 250 169 214 
2025-02-07 04:00:35 FATAL 41 61 111 157 :379  - The rare situation has occured at time 1738918835441, id to look up=76 21 220 33 , id of local node=41 61 111 157 , id of predecessor=40 250 169 214 
2025-02-07 04:00:37 FATAL 41 61 111 157 :379  - The rare situation has occured at time 1738918837281, id to look up=104 42 3 244 , id of local node=41 61 111 157 , id of predecessor=40 250 169 214 
2025-02-07 04:00:37 FATAL 41 61 111 157 :379  - The rare situation has occured at time 1738918837610, id to look up=37 37 14 70 , id of local node=41 61 111 157 , id of predecessor=40 250 169 214 
2025-02-07 04:00:38 FATAL 41 61 111 157 :379  - The rare situation has occured at time 1738918838500, id to look up=115 59 87 174 , id of local node=41 61 111 157 , id of predecessor=40 250 169 214 
2025-02-07 04:00:39 FATAL 41 61 111 157 :379  - The rare situation has occured at time 1738918839251, id to look up=109 54 52 121 , id of local node=41 61 111 157 , id of predecessor=40 250 169 214 
2025-02-07 04:00:39 FATAL 41 61 111 157 :379  - The rare situation has occured at time 1738918839472, id to look up=104 181 25 63 , id of local node=41 61 111 157 , id of predecessor=40 250 169 214 
2025-02-07 04:00:39 FATAL 41 61 111 157 :379  - The rare situation has occured at time 1738918839982, id to look up=38 123 151 111 , id of local node=41 61 111 157 , id of predecessor=40 250 169 214 
2025-02-07 04:00:41 FATAL 41 61 111 157 :379  - The rare situation has occured at time 1738918841270, id to look up=107 15 77 153 , id of local node=41 61 111 157 , id of predecessor=40 250 169 214 
2025-02-07 04:00:42 FATAL 41 61 111 157 :379  - The rare situation has occured at time 1738918842941, id to look up=75 46 57 40 , id of local node=41 61 111 157 , id of predecessor=40 250 169 214 
2025-02-07 04:00:43 FATAL 41 61 111 157 :379  - The rare situation has occured at time 1738918843682, id to look up=120 125 65 217 , id of local node=41 61 111 157 , id of predecessor=40 250 169 214 
2025-02-07 04:00:44 FATAL 41 61 111 157 :379  - The rare situation has occured at time 1738918844392, id to look up=121 129 110 203 , id of local node=41 61 111 157 , id of predecessor=40 250 169 214 
2025-02-07 04:00:44 FATAL 41 61 111 157 :379  - The rare situation has occured at time 1738918844932, id to look up=114 193 151 91 , id of local node=41 61 111 157 , id of predecessor=40 250 169 214 
2025-02-07 04:00:47 FATAL 41 61 111 157 :379  - The rare situation has occured at time 1738918847001, id to look up=110 33 252 230 , id of local node=41 61 111 157 , id of predecessor=40 250 169 214 
2025-02-07 04:00:48 FATAL 41 61 111 157 :379  - The rare situation has occured at time 1738918848911, id to look up=85 71 246 49 , id of local node=41 61 111 157 , id of predecessor=40 250 169 214 
2025-02-07 04:00:50 FATAL 41 61 111 157 :379  - The rare situation has occured at time 1738918850360, id to look up=255 251 142 133 , id of local node=41 61 111 157 , id of predecessor=40 250 169 214 
2025-02-07 04:00:51 FATAL 41 61 111 157 :379  - The rare situation has occured at time 1738918851100, id to look up=108 65 16 31 , id of local node=41 61 111 157 , id of predecessor=40 250 169 214 
2025-02-07 04:00:51 FATAL 41 61 111 157 :379  - The rare situation has occured at time 1738918851237, id to look up=37 165 227 1 , id of local node=41 61 111 157 , id of predecessor=40 250 169 214 
2025-02-07 04:00:52 FATAL 41 61 111 157 :379  - The rare situation has occured at time 1738918852307, id to look up=0 38 71 106 , id of local node=41 61 111 157 , id of predecessor=40 250 169 214 
2025-02-07 04:00:54 FATAL 41 61 111 157 :379  - The rare situation has occured at time 1738918854029, id to look up=86 228 58 228 , id of local node=41 61 111 157 , id of predecessor=40 250 169 214 
2025-02-07 04:00:56 FATAL 41 61 111 157 :379  - The rare situation has occured at time 1738918856588, id to look up=109 147 242 160 , id of local node=41 61 111 157 , id of predecessor=40 250 169 214 
2025-02-07 04:00:56 FATAL 41 61 111 157 :379  - The rare situation has occured at time 1738918856769, id to look up=74 14 136 207 , id of local node=41 61 111 157 , id of predecessor=40 250 169 214 
2025-02-07 04:01:00 FATAL 41 61 111 157 :379  - The rare situation has occured at time 1738918860538, id to look up=30 216 98 91 , id of local node=41 61 111 157 , id of predecessor=40 250 169 214 
2025-02-07 04:01:00 FATAL 41 61 111 157 :379  - The rare situation has occured at time 1738918860786, id to look up=76 98 156 76 , id of local node=41 61 111 157 , id of predecessor=40 250 169 214 
2025-02-07 04:01:02 FATAL 41 61 111 157 :379  - The rare situation has occured at time 1738918862257, id to look up=32 56 125 187 , id of local node=41 61 111 157 , id of predecessor=40 250 169 214 
2025-02-07 04:01:04 FATAL 41 61 111 157 :379  - The rare situation has occured at time 1738918864617, id to look up=110 155 153 56 , id of local node=41 61 111 157 , id of predecessor=40 250 169 214 
2025-02-07 04:01:04 FATAL 41 61 111 157 :379  - The rare situation has occured at time 1738918864889, id to look up=87 21 170 2 , id of local node=41 61 111 157 , id of predecessor=40 250 169 214 
2025-02-07 04:01:05 FATAL 41 61 111 157 :379  - The rare situation has occured at time 1738918865548, id to look up=39 158 144 30 , id of local node=41 61 111 157 , id of predecessor=40 250 169 214 
2025-02-07 04:01:05 FATAL 41 61 111 157 :379  - The rare situation has occured at time 1738918865706, id to look up=77 199 120 41 , id of local node=41 61 111 157 , id of predecessor=40 250 169 214 
2025-02-07 04:01:05 FATAL 41 61 111 157 :379  - The rare situation has occured at time 1738918865987, id to look up=31 0 55 197 , id of local node=41 61 111 157 , id of predecessor=40 250 169 214 
2025-02-07 04:01:06 FATAL 41 61 111 157 :379  - The rare situation has occured at time 1738918866096, id to look up=122 149 86 52 , id of local node=41 61 111 157 , id of predecessor=40 250 169 214 
2025-02-07 04:01:07 FATAL 41 61 111 157 :379  - The rare situation has occured at time 1738918867298, id to look up=119 135 54 116 , id of local node=41 61 111 157 , id of predecessor=40 250 169 214 
2025-02-07 04:01:08 FATAL 41 61 111 157 :379  - The rare situation has occured at time 1738918868119, id to look up=122 105 134 153 , id of local node=41 61 111 157 , id of predecessor=40 250 169 214 
2025-02-07 04:01:08 FATAL 41 61 111 157 :379  - The rare situation has occured at time 1738918868499, id to look up=117 152 143 90 , id of local node=41 61 111 157 , id of predecessor=40 250 169 214 
2025-02-07 04:01:08 FATAL 41 61 111 157 :379  - The rare situation has occured at time 1738918868779, id to look up=108 10 199 108 , id of local node=41 61 111 157 , id of predecessor=40 250 169 214 
2025-02-07 04:01:09 FATAL 41 61 111 157 :379  - The rare situation has occured at time 1738918869259, id to look up=120 78 240 5 , id of local node=41 61 111 157 , id of predecessor=40 250 169 214 
2025-02-07 04:01:09 FATAL 41 61 111 157 :379  - The rare situation has occured at time 1738918869928, id to look up=108 76 4 190 , id of local node=41 61 111 157 , id of predecessor=40 250 169 214 
2025-02-07 04:01:10 FATAL 41 61 111 157 :379  - The rare situation has occured at time 1738918870368, id to look up=109 14 16 80 , id of local node=41 61 111 157 , id of predecessor=40 250 169 214 
2025-02-07 04:01:12 FATAL 41 61 111 157 :379  - The rare situation has occured at time 1738918872858, id to look up=74 194 187 255 , id of local node=41 61 111 157 , id of predecessor=40 250 169 214 
2025-02-07 04:01:13 FATAL 41 61 111 157 :379  - The rare situation has occured at time 1738918873238, id to look up=81 234 198 180 , id of local node=41 61 111 157 , id of predecessor=40 250 169 214 
2025-02-07 04:01:14 FATAL 41 61 111 157 :379  - The rare situation has occured at time 1738918874419, id to look up=102 143 55 216 , id of local node=41 61 111 157 , id of predecessor=40 250 169 214 
2025-02-07 04:01:15 FATAL 41 61 111 157 :379  - The rare situation has occured at time 1738918875049, id to look up=111 148 110 38 , id of local node=41 61 111 157 , id of predecessor=40 250 169 214 
2025-02-07 04:01:16 FATAL 41 61 111 157 :379  - The rare situation has occured at time 1738918876127, id to look up=38 76 63 52 , id of local node=41 61 111 157 , id of predecessor=40 250 169 214 
2025-02-07 04:01:16 FATAL 41 61 111 157 :379  - The rare situation has occured at time 1738918876706, id to look up=110 117 210 58 , id of local node=41 61 111 157 , id of predecessor=40 250 169 214 
2025-02-07 04:01:18 FATAL 41 61 111 157 :379  - The rare situation has occured at time 1738918878348, id to look up=108 199 29 145 , id of local node=41 61 111 157 , id of predecessor=40 250 169 214 
2025-02-07 04:01:19 FATAL 41 61 111 157 :379  - The rare situation has occured at time 1738918879448, id to look up=119 214 122 177 , id of local node=41 61 111 157 , id of predecessor=40 250 169 214 
2025-02-07 04:01:21 FATAL 41 61 111 157 :379  - The rare situation has occured at time 1738918881008, id to look up=113 16 224 211 , id of local node=41 61 111 157 , id of predecessor=40 250 169 214 
2025-02-07 04:01:22 FATAL 41 61 111 157 :379  - The rare situation has occured at time 1738918882228, id to look up=109 93 176 232 , id of local node=41 61 111 157 , id of predecessor=40 250 169 214 
