2025-02-07 03:17:54 WARN  OpenChordTest:203  - Peer joined at ocsocket://localhost:8094/ via ocsocket://localhost:8080/
2025-02-07 03:17:54 WARN  OpenChordTest:58  - Insert time for key 14 = 311 ms
2025-02-07 03:17:54 WARN  OpenChordTest:60  - Inserted (14, default)
2025-02-07 03:17:54 WARN  OpenChordTest:64  - Memory usage at ocsocket://localhost:8094/ = 18 MB
2025-02-07 03:19:18 FATAL 191 94 184 109 :379  - The rare situation has occured at time 1738916358670, id to look up=119 222 104 218 , id of local node=191 94 184 109 , id of predecessor=171 169 249 91 
2025-02-07 03:19:22 FATAL 191 94 184 109 :379  - The rare situation has occured at time 1738916362057, id to look up=123 82 0 155 , id of local node=191 94 184 109 , id of predecessor=171 169 249 91 
2025-02-07 03:19:23 FATAL 191 94 184 109 :379  - The rare situation has occured at time 1738916363547, id to look up=158 106 85 182 , id of local node=191 94 184 109 , id of predecessor=171 169 249 91 
2025-02-07 03:19:24 FATAL 191 94 184 109 :379  - The rare situation has occured at time 1738916364277, id to look up=77 19 75 192 , id of local node=191 94 184 109 , id of predecessor=171 169 249 91 
2025-02-07 03:19:25 FATAL 191 94 184 109 :379  - The rare situation has occured at time 1738916365813, id to look up=119 25 161 199 , id of local node=191 94 184 109 , id of predecessor=171 169 249 91 
2025-02-07 03:20:07 FATAL 191 94 184 109 :379  - The rare situation has occured at time 1738916407216, id to look up=119 222 104 218 , id of local node=191 94 184 109 , id of predecessor=171 169 249 91 
2025-02-07 03:20:09 FATAL 191 94 184 109 :379  - The rare situation has occured at time 1738916409416, id to look up=123 82 0 155 , id of local node=191 94 184 109 , id of predecessor=171 169 249 91 
2025-02-07 03:20:10 FATAL 191 94 184 109 :379  - The rare situation has occured at time 1738916410915, id to look up=158 106 85 182 , id of local node=191 94 184 109 , id of predecessor=171 169 249 91 
2025-02-07 03:20:11 FATAL 191 94 184 109 :379  - The rare situation has occured at time 1738916411645, id to look up=77 19 75 192 , id of local node=191 94 184 109 , id of predecessor=171 169 249 91 
2025-02-07 03:20:13 FATAL 191 94 184 109 :379  - The rare situation has occured at time 1738916413156, id to look up=119 25 161 199 , id of local node=191 94 184 109 , id of predecessor=171 169 249 91 
2025-02-07 03:20:43 FATAL 191 94 184 109 :379  - The rare situation has occured at time 1738916443225, id to look up=119 222 104 218 , id of local node=191 94 184 109 , id of predecessor=171 169 249 91 
2025-02-07 03:20:45 FATAL 191 94 184 109 :379  - The rare situation has occured at time 1738916445444, id to look up=123 82 0 155 , id of local node=191 94 184 109 , id of predecessor=171 169 249 91 
2025-02-07 03:20:47 FATAL 191 94 184 109 :379  - The rare situation has occured at time 1738916447294, id to look up=77 19 75 192 , id of local node=191 94 184 109 , id of predecessor=171 169 249 91 
2025-02-07 03:20:48 FATAL 191 94 184 109 :379  - The rare situation has occured at time 1738916448264, id to look up=119 25 161 199 , id of local node=191 94 184 109 , id of predecessor=171 169 249 91 
2025-02-07 03:21:15 FATAL 191 94 184 109 :379  - The rare situation has occured at time 1738916475890, id to look up=119 222 104 218 , id of local node=191 94 184 109 , id of predecessor=171 169 249 91 
2025-02-07 03:21:17 FATAL 191 94 184 109 :379  - The rare situation has occured at time 1738916477890, id to look up=123 82 0 155 , id of local node=191 94 184 109 , id of predecessor=171 169 249 91 
2025-02-07 03:21:19 FATAL 191 94 184 109 :379  - The rare situation has occured at time 1738916479651, id to look up=77 19 75 192 , id of local node=191 94 184 109 , id of predecessor=171 169 249 91 
2025-02-07 03:21:20 FATAL 191 94 184 109 :379  - The rare situation has occured at time 1738916480590, id to look up=119 25 161 199 , id of local node=191 94 184 109 , id of predecessor=171 169 249 91 
