2025-02-07 03:17:59 WARN  OpenChordTest:203  - Peer joined at ocsocket://localhost:8097/ via ocsocket://localhost:8080/
2025-02-07 03:17:59 WARN  OpenChordTest:58  - Insert time for key 17 = 742 ms
2025-02-07 03:17:59 WARN  OpenChordTest:60  - Inserted (17, default)
2025-02-07 03:17:59 WARN  OpenChordTest:64  - Memory usage at ocsocket://localhost:8097/ = 15 MB
2025-02-07 03:19:18 FATAL 40 250 169 214 :379  - The rare situation has occured at time 1738916358337, id to look up=119 222 104 218 , id of local node=40 250 169 214 , id of predecessor=31 80 111 140 
2025-02-07 03:19:19 FATAL 40 250 169 214 :379  - The rare situation has occured at time 1738916359772, id to look up=27 100 83 137 , id of local node=40 250 169 214 , id of predecessor=31 80 111 140 
2025-02-07 03:19:21 FATAL 40 250 169 214 :379  - The rare situation has occured at time 1738916361307, id to look up=254 93 187 206 , id of local node=40 250 169 214 , id of predecessor=31 80 111 140 
2025-02-07 03:19:21 FATAL 40 250 169 214 :379  - The rare situation has occured at time 1738916361472, id to look up=10 222 124 44 , id of local node=40 250 169 214 , id of predecessor=31 80 111 140 
2025-02-07 03:19:21 FATAL 40 250 169 214 :379  - The rare situation has occured at time 1738916361732, id to look up=23 186 7 145 , id of local node=40 250 169 214 , id of predecessor=31 80 111 140 
2025-02-07 03:19:21 FATAL 40 250 169 214 :379  - The rare situation has occured at time 1738916361842, id to look up=123 82 0 155 , id of local node=40 250 169 214 , id of predecessor=31 80 111 140 
2025-02-07 03:19:22 FATAL 40 250 169 214 :379  - The rare situation has occured at time 1738916362539, id to look up=21 116 189 219 , id of local node=40 250 169 214 , id of predecessor=31 80 111 140 
2025-02-07 03:19:22 FATAL 40 250 169 214 :379  - The rare situation has occured at time 1738916362837, id to look up=7 22 217 112 , id of local node=40 250 169 214 , id of predecessor=31 80 111 140 
2025-02-07 03:19:23 FATAL 40 250 169 214 :379  - The rare situation has occured at time 1738916363869, id to look up=18 198 252 6 , id of local node=40 250 169 214 , id of predecessor=31 80 111 140 
2025-02-07 03:19:24 FATAL 40 250 169 214 :379  - The rare situation has occured at time 1738916364081, id to look up=77 19 75 192 , id of local node=40 250 169 214 , id of predecessor=31 80 111 140 
2025-02-07 03:19:25 FATAL 40 250 169 214 :379  - The rare situation has occured at time 1738916365381, id to look up=10 87 203 83 , id of local node=40 250 169 214 , id of predecessor=31 80 111 140 
2025-02-07 03:19:25 FATAL 40 250 169 214 :379  - The rare situation has occured at time 1738916365657, id to look up=119 25 161 199 , id of local node=40 250 169 214 , id of predecessor=31 80 111 140 
2025-02-07 03:20:06 FATAL 40 250 169 214 :379  - The rare situation has occured at time 1738916406756, id to look up=119 222 104 218 , id of local node=40 250 169 214 , id of predecessor=31 80 111 140 
2025-02-07 03:20:07 FATAL 40 250 169 214 :379  - The rare situation has occured at time 1738916407630, id to look up=27 100 83 137 , id of local node=40 250 169 214 , id of predecessor=31 80 111 140 
2025-02-07 03:20:08 FATAL 40 250 169 214 :379  - The rare situation has occured at time 1738916408676, id to look up=254 93 187 206 , id of local node=40 250 169 214 , id of predecessor=31 80 111 140 
2025-02-07 03:20:08 FATAL 40 250 169 214 :379  - The rare situation has occured at time 1738916408841, id to look up=10 222 124 44 , id of local node=40 250 169 214 , id of predecessor=31 80 111 140 
2025-02-07 03:20:09 FATAL 40 250 169 214 :379  - The rare situation has occured at time 1738916409100, id to look up=23 186 7 145 , id of local node=40 250 169 214 , id of predecessor=31 80 111 140 
2025-02-07 03:20:09 FATAL 40 250 169 214 :379  - The rare situation has occured at time 1738916409200, id to look up=123 82 0 155 , id of local node=40 250 169 214 , id of predecessor=31 80 111 140 
2025-02-07 03:20:09 FATAL 40 250 169 214 :379  - The rare situation has occured at time 1738916409899, id to look up=21 116 189 219 , id of local node=40 250 169 214 , id of predecessor=31 80 111 140 
2025-02-07 03:20:10 FATAL 40 250 169 214 :379  - The rare situation has occured at time 1738916410196, id to look up=7 22 217 112 , id of local node=40 250 169 214 , id of predecessor=31 80 111 140 
2025-02-07 03:20:11 FATAL 40 250 169 214 :379  - The rare situation has occured at time 1738916411228, id to look up=18 198 252 6 , id of local node=40 250 169 214 , id of predecessor=31 80 111 140 
2025-02-07 03:20:11 FATAL 40 250 169 214 :379  - The rare situation has occured at time 1738916411439, id to look up=77 19 75 192 , id of local node=40 250 169 214 , id of predecessor=31 80 111 140 
2025-02-07 03:20:12 FATAL 40 250 169 214 :379  - The rare situation has occured at time 1738916412300, id to look up=10 87 203 83 , id of local node=40 250 169 214 , id of predecessor=31 80 111 140 
2025-02-07 03:20:12 FATAL 40 250 169 214 :379  - The rare situation has occured at time 1738916412556, id to look up=119 25 161 199 , id of local node=40 250 169 214 , id of predecessor=31 80 111 140 
2025-02-07 03:20:42 FATAL 40 250 169 214 :379  - The rare situation has occured at time 1738916442764, id to look up=119 222 104 218 , id of local node=40 250 169 214 , id of predecessor=31 80 111 140 
2025-02-07 03:20:44 FATAL 40 250 169 214 :379  - The rare situation has occured at time 1738916444510, id to look up=254 93 187 206 , id of local node=40 250 169 214 , id of predecessor=31 80 111 140 
2025-02-07 03:20:45 FATAL 40 250 169 214 :379  - The rare situation has occured at time 1738916445125, id to look up=123 82 0 155 , id of local node=40 250 169 214 , id of predecessor=31 80 111 140 
2025-02-07 03:20:47 FATAL 40 250 169 214 :379  - The rare situation has occured at time 1738916447097, id to look up=77 19 75 192 , id of local node=40 250 169 214 , id of predecessor=31 80 111 140 
2025-02-07 03:20:47 FATAL 40 250 169 214 :379  - The rare situation has occured at time 1738916447808, id to look up=119 25 161 199 , id of local node=40 250 169 214 , id of predecessor=31 80 111 140 
2025-02-07 03:21:15 FATAL 40 250 169 214 :379  - The rare situation has occured at time 1738916475521, id to look up=119 222 104 218 , id of local node=40 250 169 214 , id of predecessor=31 80 111 140 
2025-02-07 03:21:17 FATAL 40 250 169 214 :379  - The rare situation has occured at time 1738916477015, id to look up=254 93 187 206 , id of local node=40 250 169 214 , id of predecessor=31 80 111 140 
2025-02-07 03:21:17 FATAL 40 250 169 214 :379  - The rare situation has occured at time 1738916477580, id to look up=123 82 0 155 , id of local node=40 250 169 214 , id of predecessor=31 80 111 140 
2025-02-07 03:21:19 FATAL 40 250 169 214 :379  - The rare situation has occured at time 1738916479453, id to look up=77 19 75 192 , id of local node=40 250 169 214 , id of predecessor=31 80 111 140 
2025-02-07 03:21:20 FATAL 40 250 169 214 :379  - The rare situation has occured at time 1738916480135, id to look up=119 25 161 199 , id of local node=40 250 169 214 , id of predecessor=31 80 111 140 
