2025-02-07 03:18:32 WARN  OpenChordTest:203  - Peer joined at ocsocket://localhost:8111/ via ocsocket://localhost:8080/
2025-02-07 03:18:32 WARN  OpenChordTest:58  - Insert time for key 31 = 303 ms
2025-02-07 03:18:32 WARN  OpenChordTest:60  - Inserted (31, default)
2025-02-07 03:18:32 WARN  OpenChordTest:64  - Memory usage at ocsocket://localhost:8111/ = 12 MB
2025-02-07 03:19:19 FATAL 150 178 181 209 :379  - The rare situation has occured at time 1738916359148, id to look up=119 222 104 218 , id of local node=150 178 181 209 , id of predecessor=150 134 226 42 
2025-02-07 03:19:22 FATAL 150 178 181 209 :379  - The rare situation has occured at time 1738916362061, id to look up=123 82 0 155 , id of local node=150 178 181 209 , id of predecessor=150 134 226 42 
2025-02-07 03:19:24 FATAL 150 178 181 209 :379  - The rare situation has occured at time 1738916364378, id to look up=77 19 75 192 , id of local node=150 178 181 209 , id of predecessor=150 134 226 42 
2025-02-07 03:19:25 FATAL 150 178 181 209 :379  - The rare situation has occured at time 1738916365817, id to look up=119 25 161 199 , id of local node=150 178 181 209 , id of predecessor=150 134 226 42 
2025-02-07 03:20:07 FATAL 150 178 181 209 :379  - The rare situation has occured at time 1738916407367, id to look up=119 222 104 218 , id of local node=150 178 181 209 , id of predecessor=150 134 226 42 
2025-02-07 03:20:09 FATAL 150 178 181 209 :379  - The rare situation has occured at time 1738916409419, id to look up=123 82 0 155 , id of local node=150 178 181 209 , id of predecessor=150 134 226 42 
2025-02-07 03:20:11 FATAL 150 178 181 209 :379  - The rare situation has occured at time 1738916411757, id to look up=77 19 75 192 , id of local node=150 178 181 209 , id of predecessor=150 134 226 42 
2025-02-07 03:20:13 FATAL 150 178 181 209 :379  - The rare situation has occured at time 1738916413159, id to look up=119 25 161 199 , id of local node=150 178 181 209 , id of predecessor=150 134 226 42 
2025-02-07 03:20:43 FATAL 150 178 181 209 :379  - The rare situation has occured at time 1738916443375, id to look up=119 222 104 218 , id of local node=150 178 181 209 , id of predecessor=150 134 226 42 
2025-02-07 03:20:45 FATAL 150 178 181 209 :379  - The rare situation has occured at time 1738916445447, id to look up=123 82 0 155 , id of local node=150 178 181 209 , id of predecessor=150 134 226 42 
2025-02-07 03:20:47 FATAL 150 178 181 209 :379  - The rare situation has occured at time 1738916447297, id to look up=77 19 75 192 , id of local node=150 178 181 209 , id of predecessor=150 134 226 42 
2025-02-07 03:20:48 FATAL 150 178 181 209 :379  - The rare situation has occured at time 1738916448267, id to look up=119 25 161 199 , id of local node=150 178 181 209 , id of predecessor=150 134 226 42 
2025-02-07 03:21:16 FATAL 150 178 181 209 :379  - The rare situation has occured at time 1738916476041, id to look up=119 222 104 218 , id of local node=150 178 181 209 , id of predecessor=150 134 226 42 
2025-02-07 03:21:17 FATAL 150 178 181 209 :379  - The rare situation has occured at time 1738916477892, id to look up=123 82 0 155 , id of local node=150 178 181 209 , id of predecessor=150 134 226 42 
2025-02-07 03:21:19 FATAL 150 178 181 209 :379  - The rare situation has occured at time 1738916479654, id to look up=77 19 75 192 , id of local node=150 178 181 209 , id of predecessor=150 134 226 42 
2025-02-07 03:21:20 FATAL 150 178 181 209 :379  - The rare situation has occured at time 1738916480592, id to look up=119 25 161 199 , id of local node=150 178 181 209 , id of predecessor=150 134 226 42 
