2025-02-07 03:17:50 WARN  OpenChordTest:203  - Peer joined at ocsocket://localhost:8092/ via ocsocket://localhost:8080/
2025-02-07 03:17:50 WARN  OpenChordTest:58  - Insert time for key 12 = 1083 ms
2025-02-07 03:17:50 WARN  OpenChordTest:60  - Inserted (12, default)
2025-02-07 03:17:50 WARN  OpenChordTest:64  - Memory usage at ocsocket://localhost:8092/ = 17 MB
2025-02-07 03:19:18 FATAL 246 204 157 173 :379  - The rare situation has occured at time 1738916358349, id to look up=119 222 104 218 , id of local node=246 204 157 173 , id of predecessor=242 2 157 82 
2025-02-07 03:19:20 FATAL 246 204 157 173 :379  - The rare situation has occured at time 1738916360127, id to look up=172 52 120 214 , id of local node=246 204 157 173 , id of predecessor=242 2 157 82 
2025-02-07 03:19:20 FATAL 246 204 157 173 :379  - The rare situation has occured at time 1738916360357, id to look up=193 223 217 110 , id of local node=246 204 157 173 , id of predecessor=242 2 157 82 
2025-02-07 03:19:21 FATAL 246 204 157 173 :379  - The rare situation has occured at time 1738916361579, id to look up=177 213 120 17 , id of local node=246 204 157 173 , id of predecessor=242 2 157 82 
2025-02-07 03:19:22 FATAL 246 204 157 173 :379  - The rare situation has occured at time 1738916362009, id to look up=123 82 0 155 , id of local node=246 204 157 173 , id of predecessor=242 2 157 82 
2025-02-07 03:19:22 FATAL 246 204 157 173 :379  - The rare situation has occured at time 1738916362169, id to look up=189 48 122 62 , id of local node=246 204 157 173 , id of predecessor=242 2 157 82 
2025-02-07 03:19:23 FATAL 246 204 157 173 :379  - The rare situation has occured at time 1738916363097, id to look up=158 106 85 182 , id of local node=246 204 157 173 , id of predecessor=242 2 157 82 
2025-02-07 03:19:23 FATAL 246 204 157 173 :379  - The rare situation has occured at time 1738916363609, id to look up=179 240 199 246 , id of local node=246 204 157 173 , id of predecessor=242 2 157 82 
2025-02-07 03:19:24 FATAL 246 204 157 173 :379  - The rare situation has occured at time 1738916364130, id to look up=77 19 75 192 , id of local node=246 204 157 173 , id of predecessor=242 2 157 82 
2025-02-07 03:19:25 FATAL 246 204 157 173 :379  - The rare situation has occured at time 1738916365208, id to look up=188 51 234 78 , id of local node=246 204 157 173 , id of predecessor=242 2 157 82 
2025-02-07 03:19:25 FATAL 246 204 157 173 :379  - The rare situation has occured at time 1738916365343, id to look up=119 25 161 199 , id of local node=246 204 157 173 , id of predecessor=242 2 157 82 
2025-02-07 03:19:26 FATAL 246 204 157 173 :379  - The rare situation has occured at time 1738916366414, id to look up=203 78 82 8 , id of local node=246 204 157 173 , id of predecessor=242 2 157 82 
2025-02-07 03:20:06 FATAL 246 204 157 173 :379  - The rare situation has occured at time 1738916406806, id to look up=119 222 104 218 , id of local node=246 204 157 173 , id of predecessor=242 2 157 82 
2025-02-07 03:20:07 FATAL 246 204 157 173 :379  - The rare situation has occured at time 1738916407737, id to look up=172 52 120 214 , id of local node=246 204 157 173 , id of predecessor=242 2 157 82 
2025-02-07 03:20:07 FATAL 246 204 157 173 :379  - The rare situation has occured at time 1738916407905, id to look up=193 223 217 110 , id of local node=246 204 157 173 , id of predecessor=242 2 157 82 
2025-02-07 03:20:08 FATAL 246 204 157 173 :379  - The rare situation has occured at time 1738916408937, id to look up=177 213 120 17 , id of local node=246 204 157 173 , id of predecessor=242 2 157 82 
2025-02-07 03:20:09 FATAL 246 204 157 173 :379  - The rare situation has occured at time 1738916409357, id to look up=123 82 0 155 , id of local node=246 204 157 173 , id of predecessor=242 2 157 82 
2025-02-07 03:20:09 FATAL 246 204 157 173 :379  - The rare situation has occured at time 1738916409537, id to look up=189 48 122 62 , id of local node=246 204 157 173 , id of predecessor=242 2 157 82 
2025-02-07 03:20:10 FATAL 246 204 157 173 :379  - The rare situation has occured at time 1738916410446, id to look up=158 106 85 182 , id of local node=246 204 157 173 , id of predecessor=242 2 157 82 
2025-02-07 03:20:10 FATAL 246 204 157 173 :379  - The rare situation has occured at time 1738916410968, id to look up=179 240 199 246 , id of local node=246 204 157 173 , id of predecessor=242 2 157 82 
2025-02-07 03:20:11 FATAL 246 204 157 173 :379  - The rare situation has occured at time 1738916411488, id to look up=77 19 75 192 , id of local node=246 204 157 173 , id of predecessor=242 2 157 82 
2025-02-07 03:20:12 FATAL 246 204 157 173 :379  - The rare situation has occured at time 1738916412136, id to look up=188 51 234 78 , id of local node=246 204 157 173 , id of predecessor=242 2 157 82 
2025-02-07 03:20:12 FATAL 246 204 157 173 :379  - The rare situation has occured at time 1738916412706, id to look up=119 25 161 199 , id of local node=246 204 157 173 , id of predecessor=242 2 157 82 
2025-02-07 03:20:13 FATAL 246 204 157 173 :379  - The rare situation has occured at time 1738916413436, id to look up=203 78 82 8 , id of local node=246 204 157 173 , id of predecessor=242 2 157 82 
2025-02-07 03:20:42 FATAL 246 204 157 173 :379  - The rare situation has occured at time 1738916442815, id to look up=119 222 104 218 , id of local node=246 204 157 173 , id of predecessor=242 2 157 82 
2025-02-07 03:20:45 FATAL 246 204 157 173 :379  - The rare situation has occured at time 1738916445385, id to look up=123 82 0 155 , id of local node=246 204 157 173 , id of predecessor=242 2 157 82 
2025-02-07 03:20:47 FATAL 246 204 157 173 :379  - The rare situation has occured at time 1738916447145, id to look up=77 19 75 192 , id of local node=246 204 157 173 , id of predecessor=242 2 157 82 
2025-02-07 03:20:47 FATAL 246 204 157 173 :379  - The rare situation has occured at time 1738916447856, id to look up=119 25 161 199 , id of local node=246 204 157 173 , id of predecessor=242 2 157 82 
2025-02-07 03:21:15 FATAL 246 204 157 173 :379  - The rare situation has occured at time 1738916475525, id to look up=119 222 104 218 , id of local node=246 204 157 173 , id of predecessor=242 2 157 82 
2025-02-07 03:21:17 FATAL 246 204 157 173 :379  - The rare situation has occured at time 1738916477831, id to look up=123 82 0 155 , id of local node=246 204 157 173 , id of predecessor=242 2 157 82 
2025-02-07 03:21:19 FATAL 246 204 157 173 :379  - The rare situation has occured at time 1738916479501, id to look up=77 19 75 192 , id of local node=246 204 157 173 , id of predecessor=242 2 157 82 
2025-02-07 03:21:20 FATAL 246 204 157 173 :379  - The rare situation has occured at time 1738916480190, id to look up=119 25 161 199 , id of local node=246 204 157 173 , id of predecessor=242 2 157 82 
