2025-02-07 03:18:21 WARN  OpenChordTest:203  - Peer joined at ocsocket://localhost:8106/ via ocsocket://localhost:8080/
2025-02-07 03:18:21 WARN  OpenChordTest:58  - Insert time for key 26 = 473 ms
2025-02-07 03:18:21 WARN  OpenChordTest:60  - Inserted (26, default)
2025-02-07 03:18:21 WARN  OpenChordTest:64  - Memory usage at ocsocket://localhost:8106/ = 9 MB
2025-02-07 03:19:19 FATAL 150 134 226 42 :379  - The rare situation has occured at time 1738916359297, id to look up=119 222 104 218 , id of local node=150 134 226 42 , id of predecessor=145 84 232 106 
2025-02-07 03:19:22 FATAL 150 134 226 42 :379  - The rare situation has occured at time 1738916362062, id to look up=123 82 0 155 , id of local node=150 134 226 42 , id of predecessor=145 84 232 106 
2025-02-07 03:19:24 FATAL 150 134 226 42 :379  - The rare situation has occured at time 1738916364379, id to look up=77 19 75 192 , id of local node=150 134 226 42 , id of predecessor=145 84 232 106 
2025-02-07 03:19:25 FATAL 150 134 226 42 :379  - The rare situation has occured at time 1738916365818, id to look up=119 25 161 199 , id of local node=150 134 226 42 , id of predecessor=145 84 232 106 
2025-02-07 03:20:07 FATAL 150 134 226 42 :379  - The rare situation has occured at time 1738916407416, id to look up=119 222 104 218 , id of local node=150 134 226 42 , id of predecessor=145 84 232 106 
2025-02-07 03:20:09 FATAL 150 134 226 42 :379  - The rare situation has occured at time 1738916409420, id to look up=123 82 0 155 , id of local node=150 134 226 42 , id of predecessor=145 84 232 106 
2025-02-07 03:20:11 FATAL 150 134 226 42 :379  - The rare situation has occured at time 1738916411758, id to look up=77 19 75 192 , id of local node=150 134 226 42 , id of predecessor=145 84 232 106 
2025-02-07 03:20:13 FATAL 150 134 226 42 :379  - The rare situation has occured at time 1738916413160, id to look up=119 25 161 199 , id of local node=150 134 226 42 , id of predecessor=145 84 232 106 
2025-02-07 03:20:43 FATAL 150 134 226 42 :379  - The rare situation has occured at time 1738916443434, id to look up=119 222 104 218 , id of local node=150 134 226 42 , id of predecessor=145 84 232 106 
2025-02-07 03:20:45 FATAL 150 134 226 42 :379  - The rare situation has occured at time 1738916445448, id to look up=123 82 0 155 , id of local node=150 134 226 42 , id of predecessor=145 84 232 106 
2025-02-07 03:20:47 FATAL 150 134 226 42 :379  - The rare situation has occured at time 1738916447298, id to look up=77 19 75 192 , id of local node=150 134 226 42 , id of predecessor=145 84 232 106 
2025-02-07 03:20:48 FATAL 150 134 226 42 :379  - The rare situation has occured at time 1738916448267, id to look up=119 25 161 199 , id of local node=150 134 226 42 , id of predecessor=145 84 232 106 
2025-02-07 03:21:16 FATAL 150 134 226 42 :379  - The rare situation has occured at time 1738916476100, id to look up=119 222 104 218 , id of local node=150 134 226 42 , id of predecessor=145 84 232 106 
2025-02-07 03:21:17 FATAL 150 134 226 42 :379  - The rare situation has occured at time 1738916477893, id to look up=123 82 0 155 , id of local node=150 134 226 42 , id of predecessor=145 84 232 106 
2025-02-07 03:21:19 FATAL 150 134 226 42 :379  - The rare situation has occured at time 1738916479655, id to look up=77 19 75 192 , id of local node=150 134 226 42 , id of predecessor=145 84 232 106 
2025-02-07 03:21:20 FATAL 150 134 226 42 :379  - The rare situation has occured at time 1738916480593, id to look up=119 25 161 199 , id of local node=150 134 226 42 , id of predecessor=145 84 232 106 
