2025-02-07 03:18:20 WARN  OpenChordTest:203  - Peer joined at ocsocket://localhost:8107/ via ocsocket://localhost:8080/
2025-02-07 03:18:20 WARN  OpenChordTest:58  - Insert time for key 27 = 373 ms
2025-02-07 03:18:20 WARN  OpenChordTest:60  - Inserted (27, default)
2025-02-07 03:18:20 WARN  OpenChordTest:64  - Memory usage at ocsocket://localhost:8107/ = 18 MB
2025-02-07 03:19:18 FATAL 1 141 249 199 :379  - The rare situation has occured at time 1738916358343, id to look up=119 222 104 218 , id of local node=1 141 249 199 , id of predecessor=0 113 70 222 
2025-02-07 03:19:21 FATAL 1 141 249 199 :379  - The rare situation has occured at time 1738916361408, id to look up=254 93 187 206 , id of local node=1 141 249 199 , id of predecessor=0 113 70 222 
2025-02-07 03:19:21 FATAL 1 141 249 199 :379  - The rare situation has occured at time 1738916361957, id to look up=123 82 0 155 , id of local node=1 141 249 199 , id of predecessor=0 113 70 222 
2025-02-07 03:19:24 FATAL 1 141 249 199 :379  - The rare situation has occured at time 1738916364128, id to look up=77 19 75 192 , id of local node=1 141 249 199 , id of predecessor=0 113 70 222 
2025-02-07 03:19:25 FATAL 1 141 249 199 :379  - The rare situation has occured at time 1738916365758, id to look up=119 25 161 199 , id of local node=1 141 249 199 , id of predecessor=0 113 70 222 
2025-02-07 03:20:06 FATAL 1 141 249 199 :379  - The rare situation has occured at time 1738916406758, id to look up=119 222 104 218 , id of local node=1 141 249 199 , id of predecessor=0 113 70 222 
2025-02-07 03:20:08 FATAL 1 141 249 199 :379  - The rare situation has occured at time 1738916408776, id to look up=254 93 187 206 , id of local node=1 141 249 199 , id of predecessor=0 113 70 222 
2025-02-07 03:20:09 FATAL 1 141 249 199 :379  - The rare situation has occured at time 1738916409295, id to look up=123 82 0 155 , id of local node=1 141 249 199 , id of predecessor=0 113 70 222 
2025-02-07 03:20:11 FATAL 1 141 249 199 :379  - The rare situation has occured at time 1738916411486, id to look up=77 19 75 192 , id of local node=1 141 249 199 , id of predecessor=0 113 70 222 
2025-02-07 03:20:12 FATAL 1 141 249 199 :379  - The rare situation has occured at time 1738916412656, id to look up=119 25 161 199 , id of local node=1 141 249 199 , id of predecessor=0 113 70 222 
2025-02-07 03:20:42 FATAL 1 141 249 199 :379  - The rare situation has occured at time 1738916442767, id to look up=119 222 104 218 , id of local node=1 141 249 199 , id of predecessor=0 113 70 222 
2025-02-07 03:20:44 FATAL 1 141 249 199 :379  - The rare situation has occured at time 1738916444513, id to look up=254 93 187 206 , id of local node=1 141 249 199 , id of predecessor=0 113 70 222 
2025-02-07 03:20:45 FATAL 1 141 249 199 :379  - The rare situation has occured at time 1738916445284, id to look up=123 82 0 155 , id of local node=1 141 249 199 , id of predecessor=0 113 70 222 
2025-02-07 03:20:47 FATAL 1 141 249 199 :379  - The rare situation has occured at time 1738916447099, id to look up=77 19 75 192 , id of local node=1 141 249 199 , id of predecessor=0 113 70 222 
2025-02-07 03:20:47 FATAL 1 141 249 199 :379  - The rare situation has occured at time 1738916447811, id to look up=119 25 161 199 , id of local node=1 141 249 199 , id of predecessor=0 113 70 222 
2025-02-07 03:21:15 FATAL 1 141 249 199 :379  - The rare situation has occured at time 1738916475523, id to look up=119 222 104 218 , id of local node=1 141 249 199 , id of predecessor=0 113 70 222 
2025-02-07 03:21:17 FATAL 1 141 249 199 :379  - The rare situation has occured at time 1738916477017, id to look up=254 93 187 206 , id of local node=1 141 249 199 , id of predecessor=0 113 70 222 
2025-02-07 03:21:17 FATAL 1 141 249 199 :379  - The rare situation has occured at time 1738916477730, id to look up=123 82 0 155 , id of local node=1 141 249 199 , id of predecessor=0 113 70 222 
2025-02-07 03:21:19 FATAL 1 141 249 199 :379  - The rare situation has occured at time 1738916479455, id to look up=77 19 75 192 , id of local node=1 141 249 199 , id of predecessor=0 113 70 222 
2025-02-07 03:21:20 FATAL 1 141 249 199 :379  - The rare situation has occured at time 1738916480138, id to look up=119 25 161 199 , id of local node=1 141 249 199 , id of predecessor=0 113 70 222 
