2025-02-07 03:17:46 WARN  OpenChordTest:203  - Peer joined at ocsocket://localhost:8090/ via ocsocket://localhost:8080/
2025-02-07 03:17:46 WARN  OpenChordTest:58  - Insert time for key 10 = 463 ms
2025-02-07 03:17:46 WARN  OpenChordTest:60  - Inserted (10, default)
2025-02-07 03:17:46 WARN  OpenChordTest:64  - Memory usage at ocsocket://localhost:8090/ = 17 MB
2025-02-07 03:19:17 FATAL 242 2 157 82 :379  - The rare situation has occured at time 1738916357827, id to look up=218 75 146 55 , id of local node=242 2 157 82 , id of predecessor=228 17 236 76 
2025-02-07 03:19:18 FATAL 242 2 157 82 :379  - The rare situation has occured at time 1738916358350, id to look up=119 222 104 218 , id of local node=242 2 157 82 , id of predecessor=228 17 236 76 
2025-02-07 03:19:20 FATAL 242 2 157 82 :379  - The rare situation has occured at time 1738916360128, id to look up=172 52 120 214 , id of local node=242 2 157 82 , id of predecessor=228 17 236 76 
2025-02-07 03:19:20 FATAL 242 2 157 82 :379  - The rare situation has occured at time 1738916360407, id to look up=193 223 217 110 , id of local node=242 2 157 82 , id of predecessor=228 17 236 76 
2025-02-07 03:19:21 FATAL 242 2 157 82 :379  - The rare situation has occured at time 1738916361579, id to look up=177 213 120 17 , id of local node=242 2 157 82 , id of predecessor=228 17 236 76 
2025-02-07 03:19:22 FATAL 242 2 157 82 :379  - The rare situation has occured at time 1738916362009, id to look up=123 82 0 155 , id of local node=242 2 157 82 , id of predecessor=228 17 236 76 
2025-02-07 03:19:22 FATAL 242 2 157 82 :379  - The rare situation has occured at time 1738916362170, id to look up=189 48 122 62 , id of local node=242 2 157 82 , id of predecessor=228 17 236 76 
2025-02-07 03:19:23 FATAL 242 2 157 82 :379  - The rare situation has occured at time 1738916363147, id to look up=158 106 85 182 , id of local node=242 2 157 82 , id of predecessor=228 17 236 76 
2025-02-07 03:19:23 FATAL 242 2 157 82 :379  - The rare situation has occured at time 1738916363610, id to look up=179 240 199 246 , id of local node=242 2 157 82 , id of predecessor=228 17 236 76 
2025-02-07 03:19:24 FATAL 242 2 157 82 :379  - The rare situation has occured at time 1738916364026, id to look up=212 53 166 205 , id of local node=242 2 157 82 , id of predecessor=228 17 236 76 
2025-02-07 03:19:24 FATAL 242 2 157 82 :379  - The rare situation has occured at time 1738916364131, id to look up=77 19 75 192 , id of local node=242 2 157 82 , id of predecessor=228 17 236 76 
2025-02-07 03:19:25 FATAL 242 2 157 82 :379  - The rare situation has occured at time 1738916365208, id to look up=188 51 234 78 , id of local node=242 2 157 82 , id of predecessor=228 17 236 76 
2025-02-07 03:19:25 FATAL 242 2 157 82 :379  - The rare situation has occured at time 1738916365403, id to look up=119 25 161 199 , id of local node=242 2 157 82 , id of predecessor=228 17 236 76 
2025-02-07 03:19:26 FATAL 242 2 157 82 :379  - The rare situation has occured at time 1738916366414, id to look up=203 78 82 8 , id of local node=242 2 157 82 , id of predecessor=228 17 236 76 
2025-02-07 03:20:06 FATAL 242 2 157 82 :379  - The rare situation has occured at time 1738916406496, id to look up=218 75 146 55 , id of local node=242 2 157 82 , id of predecessor=228 17 236 76 
2025-02-07 03:20:06 FATAL 242 2 157 82 :379  - The rare situation has occured at time 1738916406856, id to look up=119 222 104 218 , id of local node=242 2 157 82 , id of predecessor=228 17 236 76 
2025-02-07 03:20:07 FATAL 242 2 157 82 :379  - The rare situation has occured at time 1738916407738, id to look up=172 52 120 214 , id of local node=242 2 157 82 , id of predecessor=228 17 236 76 
2025-02-07 03:20:07 FATAL 242 2 157 82 :379  - The rare situation has occured at time 1738916407965, id to look up=193 223 217 110 , id of local node=242 2 157 82 , id of predecessor=228 17 236 76 
2025-02-07 03:20:08 FATAL 242 2 157 82 :379  - The rare situation has occured at time 1738916408938, id to look up=177 213 120 17 , id of local node=242 2 157 82 , id of predecessor=228 17 236 76 
2025-02-07 03:20:09 FATAL 242 2 157 82 :379  - The rare situation has occured at time 1738916409358, id to look up=123 82 0 155 , id of local node=242 2 157 82 , id of predecessor=228 17 236 76 
2025-02-07 03:20:09 FATAL 242 2 157 82 :379  - The rare situation has occured at time 1738916409538, id to look up=189 48 122 62 , id of local node=242 2 157 82 , id of predecessor=228 17 236 76 
2025-02-07 03:20:10 FATAL 242 2 157 82 :379  - The rare situation has occured at time 1738916410495, id to look up=158 106 85 182 , id of local node=242 2 157 82 , id of predecessor=228 17 236 76 
2025-02-07 03:20:10 FATAL 242 2 157 82 :379  - The rare situation has occured at time 1738916410968, id to look up=179 240 199 246 , id of local node=242 2 157 82 , id of predecessor=228 17 236 76 
2025-02-07 03:20:11 FATAL 242 2 157 82 :379  - The rare situation has occured at time 1738916411386, id to look up=212 53 166 205 , id of local node=242 2 157 82 , id of predecessor=228 17 236 76 
2025-02-07 03:20:11 FATAL 242 2 157 82 :379  - The rare situation has occured at time 1738916411489, id to look up=77 19 75 192 , id of local node=242 2 157 82 , id of predecessor=228 17 236 76 
2025-02-07 03:20:12 FATAL 242 2 157 82 :379  - The rare situation has occured at time 1738916412137, id to look up=188 51 234 78 , id of local node=242 2 157 82 , id of predecessor=228 17 236 76 
2025-02-07 03:20:12 FATAL 242 2 157 82 :379  - The rare situation has occured at time 1738916412756, id to look up=119 25 161 199 , id of local node=242 2 157 82 , id of predecessor=228 17 236 76 
2025-02-07 03:20:13 FATAL 242 2 157 82 :379  - The rare situation has occured at time 1738916413437, id to look up=203 78 82 8 , id of local node=242 2 157 82 , id of predecessor=228 17 236 76 
2025-02-07 03:20:42 FATAL 242 2 157 82 :379  - The rare situation has occured at time 1738916442315, id to look up=218 75 146 55 , id of local node=242 2 157 82 , id of predecessor=228 17 236 76 
2025-02-07 03:20:42 FATAL 242 2 157 82 :379  - The rare situation has occured at time 1738916442865, id to look up=119 222 104 218 , id of local node=242 2 157 82 , id of predecessor=228 17 236 76 
2025-02-07 03:20:43 FATAL 242 2 157 82 :379  - The rare situation has occured at time 1738916443776, id to look up=172 52 120 214 , id of local node=242 2 157 82 , id of predecessor=228 17 236 76 
2025-02-07 03:20:43 FATAL 242 2 157 82 :379  - The rare situation has occured at time 1738916443934, id to look up=193 223 217 110 , id of local node=242 2 157 82 , id of predecessor=228 17 236 76 
2025-02-07 03:20:44 FATAL 242 2 157 82 :379  - The rare situation has occured at time 1738916444616, id to look up=177 213 120 17 , id of local node=242 2 157 82 , id of predecessor=228 17 236 76 
2025-02-07 03:20:45 FATAL 242 2 157 82 :379  - The rare situation has occured at time 1738916445386, id to look up=123 82 0 155 , id of local node=242 2 157 82 , id of predecessor=228 17 236 76 
2025-02-07 03:20:45 FATAL 242 2 157 82 :379  - The rare situation has occured at time 1738916445556, id to look up=189 48 122 62 , id of local node=242 2 157 82 , id of predecessor=228 17 236 76 
2025-02-07 03:20:46 FATAL 242 2 157 82 :379  - The rare situation has occured at time 1738916446324, id to look up=179 240 199 246 , id of local node=242 2 157 82 , id of predecessor=228 17 236 76 
2025-02-07 03:20:46 FATAL 242 2 157 82 :379  - The rare situation has occured at time 1738916446946, id to look up=212 53 166 205 , id of local node=242 2 157 82 , id of predecessor=228 17 236 76 
2025-02-07 03:20:47 FATAL 242 2 157 82 :379  - The rare situation has occured at time 1738916447145, id to look up=77 19 75 192 , id of local node=242 2 157 82 , id of predecessor=228 17 236 76 
2025-02-07 03:20:47 FATAL 242 2 157 82 :379  - The rare situation has occured at time 1738916447694, id to look up=188 51 234 78 , id of local node=242 2 157 82 , id of predecessor=228 17 236 76 
2025-02-07 03:20:47 FATAL 242 2 157 82 :379  - The rare situation has occured at time 1738916447856, id to look up=119 25 161 199 , id of local node=242 2 157 82 , id of predecessor=228 17 236 76 
2025-02-07 03:20:48 FATAL 242 2 157 82 :379  - The rare situation has occured at time 1738916448914, id to look up=203 78 82 8 , id of local node=242 2 157 82 , id of predecessor=228 17 236 76 
2025-02-07 03:21:15 FATAL 242 2 157 82 :379  - The rare situation has occured at time 1738916475260, id to look up=218 75 146 55 , id of local node=242 2 157 82 , id of predecessor=228 17 236 76 
2025-02-07 03:21:15 FATAL 242 2 157 82 :379  - The rare situation has occured at time 1738916475525, id to look up=119 222 104 218 , id of local node=242 2 157 82 , id of predecessor=228 17 236 76 
2025-02-07 03:21:16 FATAL 242 2 157 82 :379  - The rare situation has occured at time 1738916476372, id to look up=172 52 120 214 , id of local node=242 2 157 82 , id of predecessor=228 17 236 76 
2025-02-07 03:21:16 FATAL 242 2 157 82 :379  - The rare situation has occured at time 1738916476540, id to look up=193 223 217 110 , id of local node=242 2 157 82 , id of predecessor=228 17 236 76 
2025-02-07 03:21:17 FATAL 242 2 157 82 :379  - The rare situation has occured at time 1738916477132, id to look up=177 213 120 17 , id of local node=242 2 157 82 , id of predecessor=228 17 236 76 
2025-02-07 03:21:17 FATAL 242 2 157 82 :379  - The rare situation has occured at time 1738916477831, id to look up=123 82 0 155 , id of local node=242 2 157 82 , id of predecessor=228 17 236 76 
2025-02-07 03:21:18 FATAL 242 2 157 82 :379  - The rare situation has occured at time 1738916478021, id to look up=189 48 122 62 , id of local node=242 2 157 82 , id of predecessor=228 17 236 76 
2025-02-07 03:21:18 FATAL 242 2 157 82 :379  - The rare situation has occured at time 1738916478660, id to look up=179 240 199 246 , id of local node=242 2 157 82 , id of predecessor=228 17 236 76 
2025-02-07 03:21:19 FATAL 242 2 157 82 :379  - The rare situation has occured at time 1738916479292, id to look up=212 53 166 205 , id of local node=242 2 157 82 , id of predecessor=228 17 236 76 
2025-02-07 03:21:19 FATAL 242 2 157 82 :379  - The rare situation has occured at time 1738916479501, id to look up=77 19 75 192 , id of local node=242 2 157 82 , id of predecessor=228 17 236 76 
2025-02-07 03:21:20 FATAL 242 2 157 82 :379  - The rare situation has occured at time 1738916480020, id to look up=188 51 234 78 , id of local node=242 2 157 82 , id of predecessor=228 17 236 76 
2025-02-07 03:21:20 FATAL 242 2 157 82 :379  - The rare situation has occured at time 1738916480191, id to look up=119 25 161 199 , id of local node=242 2 157 82 , id of predecessor=228 17 236 76 
2025-02-07 03:21:20 FATAL 242 2 157 82 :379  - The rare situation has occured at time 1738916480930, id to look up=203 78 82 8 , id of local node=242 2 157 82 , id of predecessor=228 17 236 76 
