2025-02-07 03:17:52 WARN  OpenChordTest:203  - Peer joined at ocsocket://localhost:8093/ via ocsocket://localhost:8080/
2025-02-07 03:17:52 WARN  OpenChordTest:58  - Insert time for key 13 = 93 ms
2025-02-07 03:17:52 WARN  OpenChordTest:60  - Inserted (13, default)
2025-02-07 03:17:52 WARN  OpenChordTest:64  - Memory usage at ocsocket://localhost:8093/ = 18 MB
2025-02-07 03:19:18 FATAL 161 201 197 38 :379  - The rare situation has occured at time 1738916358977, id to look up=119 222 104 218 , id of local node=161 201 197 38 , id of predecessor=150 178 181 209 
2025-02-07 03:19:22 FATAL 161 201 197 38 :379  - The rare situation has occured at time 1738916362060, id to look up=123 82 0 155 , id of local node=161 201 197 38 , id of predecessor=150 178 181 209 
2025-02-07 03:19:24 FATAL 161 201 197 38 :379  - The rare situation has occured at time 1738916364377, id to look up=77 19 75 192 , id of local node=161 201 197 38 , id of predecessor=150 178 181 209 
2025-02-07 03:19:25 FATAL 161 201 197 38 :379  - The rare situation has occured at time 1738916365816, id to look up=119 25 161 199 , id of local node=161 201 197 38 , id of predecessor=150 178 181 209 
2025-02-07 03:20:07 FATAL 161 201 197 38 :379  - The rare situation has occured at time 1738916407316, id to look up=119 222 104 218 , id of local node=161 201 197 38 , id of predecessor=150 178 181 209 
2025-02-07 03:20:09 FATAL 161 201 197 38 :379  - The rare situation has occured at time 1738916409418, id to look up=123 82 0 155 , id of local node=161 201 197 38 , id of predecessor=150 178 181 209 
2025-02-07 03:20:11 FATAL 161 201 197 38 :379  - The rare situation has occured at time 1738916411756, id to look up=77 19 75 192 , id of local node=161 201 197 38 , id of predecessor=150 178 181 209 
2025-02-07 03:20:13 FATAL 161 201 197 38 :379  - The rare situation has occured at time 1738916413158, id to look up=119 25 161 199 , id of local node=161 201 197 38 , id of predecessor=150 178 181 209 
2025-02-07 03:20:43 FATAL 161 201 197 38 :379  - The rare situation has occured at time 1738916443324, id to look up=119 222 104 218 , id of local node=161 201 197 38 , id of predecessor=150 178 181 209 
2025-02-07 03:20:45 FATAL 161 201 197 38 :379  - The rare situation has occured at time 1738916445446, id to look up=123 82 0 155 , id of local node=161 201 197 38 , id of predecessor=150 178 181 209 
2025-02-07 03:20:47 FATAL 161 201 197 38 :379  - The rare situation has occured at time 1738916447296, id to look up=77 19 75 192 , id of local node=161 201 197 38 , id of predecessor=150 178 181 209 
2025-02-07 03:20:48 FATAL 161 201 197 38 :379  - The rare situation has occured at time 1738916448266, id to look up=119 25 161 199 , id of local node=161 201 197 38 , id of predecessor=150 178 181 209 
2025-02-07 03:21:15 FATAL 161 201 197 38 :379  - The rare situation has occured at time 1738916475990, id to look up=119 222 104 218 , id of local node=161 201 197 38 , id of predecessor=150 178 181 209 
2025-02-07 03:21:17 FATAL 161 201 197 38 :379  - The rare situation has occured at time 1738916477891, id to look up=123 82 0 155 , id of local node=161 201 197 38 , id of predecessor=150 178 181 209 
2025-02-07 03:21:19 FATAL 161 201 197 38 :379  - The rare situation has occured at time 1738916479653, id to look up=77 19 75 192 , id of local node=161 201 197 38 , id of predecessor=150 178 181 209 
2025-02-07 03:21:20 FATAL 161 201 197 38 :379  - The rare situation has occured at time 1738916480592, id to look up=119 25 161 199 , id of local node=161 201 197 38 , id of predecessor=150 178 181 209 
