2025-02-07 03:17:30 WARN  OpenChordTest:203  - Peer joined at ocsocket://localhost:8083/ via ocsocket://localhost:8080/
2025-02-07 03:17:31 WARN  OpenChordTest:58  - Insert time for key 3 = 463 ms
2025-02-07 03:17:31 WARN  OpenChordTest:60  - Inserted (3, default)
2025-02-07 03:17:31 WARN  OpenChordTest:64  - Memory usage at ocsocket://localhost:8083/ = 13 MB
2025-02-07 03:19:18 FATAL 254 78 41 228 :379  - The rare situation has occured at time 1738916358347, id to look up=119 222 104 218 , id of local node=254 78 41 228 , id of predecessor=246 204 157 173 
2025-02-07 03:19:20 FATAL 254 78 41 228 :379  - The rare situation has occured at time 1738916360127, id to look up=172 52 120 214 , id of local node=254 78 41 228 , id of predecessor=246 204 157 173 
2025-02-07 03:19:20 FATAL 254 78 41 228 :379  - The rare situation has occured at time 1738916360307, id to look up=193 223 217 110 , id of local node=254 78 41 228 , id of predecessor=246 204 157 173 
2025-02-07 03:19:21 FATAL 254 78 41 228 :379  - The rare situation has occured at time 1738916361578, id to look up=177 213 120 17 , id of local node=254 78 41 228 , id of predecessor=246 204 157 173 
2025-02-07 03:19:22 FATAL 254 78 41 228 :379  - The rare situation has occured at time 1738916362008, id to look up=123 82 0 155 , id of local node=254 78 41 228 , id of predecessor=246 204 157 173 
2025-02-07 03:19:22 FATAL 254 78 41 228 :379  - The rare situation has occured at time 1738916362168, id to look up=189 48 122 62 , id of local node=254 78 41 228 , id of predecessor=246 204 157 173 
2025-02-07 03:19:23 FATAL 254 78 41 228 :379  - The rare situation has occured at time 1738916363036, id to look up=158 106 85 182 , id of local node=254 78 41 228 , id of predecessor=246 204 157 173 
2025-02-07 03:19:23 FATAL 254 78 41 228 :379  - The rare situation has occured at time 1738916363608, id to look up=179 240 199 246 , id of local node=254 78 41 228 , id of predecessor=246 204 157 173 
2025-02-07 03:19:24 FATAL 254 78 41 228 :379  - The rare situation has occured at time 1738916364129, id to look up=77 19 75 192 , id of local node=254 78 41 228 , id of predecessor=246 204 157 173 
2025-02-07 03:19:25 FATAL 254 78 41 228 :379  - The rare situation has occured at time 1738916365207, id to look up=188 51 234 78 , id of local node=254 78 41 228 , id of predecessor=246 204 157 173 
2025-02-07 03:19:25 FATAL 254 78 41 228 :379  - The rare situation has occured at time 1738916365759, id to look up=119 25 161 199 , id of local node=254 78 41 228 , id of predecessor=246 204 157 173 
2025-02-07 03:19:26 FATAL 254 78 41 228 :379  - The rare situation has occured at time 1738916366413, id to look up=203 78 82 8 , id of local node=254 78 41 228 , id of predecessor=246 204 157 173 
2025-02-07 03:20:06 FATAL 254 78 41 228 :379  - The rare situation has occured at time 1738916406761, id to look up=119 222 104 218 , id of local node=254 78 41 228 , id of predecessor=246 204 157 173 
2025-02-07 03:20:07 FATAL 254 78 41 228 :379  - The rare situation has occured at time 1738916407736, id to look up=172 52 120 214 , id of local node=254 78 41 228 , id of predecessor=246 204 157 173 
2025-02-07 03:20:07 FATAL 254 78 41 228 :379  - The rare situation has occured at time 1738916407856, id to look up=193 223 217 110 , id of local node=254 78 41 228 , id of predecessor=246 204 157 173 
2025-02-07 03:20:08 FATAL 254 78 41 228 :379  - The rare situation has occured at time 1738916408936, id to look up=177 213 120 17 , id of local node=254 78 41 228 , id of predecessor=246 204 157 173 
2025-02-07 03:20:09 FATAL 254 78 41 228 :379  - The rare situation has occured at time 1738916409356, id to look up=123 82 0 155 , id of local node=254 78 41 228 , id of predecessor=246 204 157 173 
2025-02-07 03:20:09 FATAL 254 78 41 228 :379  - The rare situation has occured at time 1738916409537, id to look up=189 48 122 62 , id of local node=254 78 41 228 , id of predecessor=246 204 157 173 
2025-02-07 03:20:10 FATAL 254 78 41 228 :379  - The rare situation has occured at time 1738916410395, id to look up=158 106 85 182 , id of local node=254 78 41 228 , id of predecessor=246 204 157 173 
2025-02-07 03:20:10 FATAL 254 78 41 228 :379  - The rare situation has occured at time 1738916410967, id to look up=179 240 199 246 , id of local node=254 78 41 228 , id of predecessor=246 204 157 173 
2025-02-07 03:20:11 FATAL 254 78 41 228 :379  - The rare situation has occured at time 1738916411488, id to look up=77 19 75 192 , id of local node=254 78 41 228 , id of predecessor=246 204 157 173 
2025-02-07 03:20:12 FATAL 254 78 41 228 :379  - The rare situation has occured at time 1738916412136, id to look up=188 51 234 78 , id of local node=254 78 41 228 , id of predecessor=246 204 157 173 
2025-02-07 03:20:12 FATAL 254 78 41 228 :379  - The rare situation has occured at time 1738916412658, id to look up=119 25 161 199 , id of local node=254 78 41 228 , id of predecessor=246 204 157 173 
2025-02-07 03:20:13 FATAL 254 78 41 228 :379  - The rare situation has occured at time 1738916413436, id to look up=203 78 82 8 , id of local node=254 78 41 228 , id of predecessor=246 204 157 173 
2025-02-07 03:20:42 FATAL 254 78 41 228 :379  - The rare situation has occured at time 1738916442769, id to look up=119 222 104 218 , id of local node=254 78 41 228 , id of predecessor=246 204 157 173 
2025-02-07 03:20:45 FATAL 254 78 41 228 :379  - The rare situation has occured at time 1738916445385, id to look up=123 82 0 155 , id of local node=254 78 41 228 , id of predecessor=246 204 157 173 
2025-02-07 03:20:47 FATAL 254 78 41 228 :379  - The rare situation has occured at time 1738916447144, id to look up=77 19 75 192 , id of local node=254 78 41 228 , id of predecessor=246 204 157 173 
2025-02-07 03:20:47 FATAL 254 78 41 228 :379  - The rare situation has occured at time 1738916447855, id to look up=119 25 161 199 , id of local node=254 78 41 228 , id of predecessor=246 204 157 173 
2025-02-07 03:21:15 FATAL 254 78 41 228 :379  - The rare situation has occured at time 1738916475524, id to look up=119 222 104 218 , id of local node=254 78 41 228 , id of predecessor=246 204 157 173 
2025-02-07 03:21:17 FATAL 254 78 41 228 :379  - The rare situation has occured at time 1738916477830, id to look up=123 82 0 155 , id of local node=254 78 41 228 , id of predecessor=246 204 157 173 
2025-02-07 03:21:19 FATAL 254 78 41 228 :379  - The rare situation has occured at time 1738916479500, id to look up=77 19 75 192 , id of local node=254 78 41 228 , id of predecessor=246 204 157 173 
2025-02-07 03:21:20 FATAL 254 78 41 228 :379  - The rare situation has occured at time 1738916480190, id to look up=119 25 161 199 , id of local node=254 78 41 228 , id of predecessor=246 204 157 173 
