2025-02-07 03:18:33 WARN  OpenChordTest:203  - Peer joined at ocsocket://localhost:8112/ via ocsocket://localhost:8080/
2025-02-07 03:18:33 WARN  OpenChordTest:58  - Insert time for key 32 = 150 ms
2025-02-07 03:18:33 WARN  OpenChordTest:60  - Inserted (32, default)
2025-02-07 03:18:33 WARN  OpenChordTest:64  - Memory usage at ocsocket://localhost:8112/ = 12 MB
2025-02-07 03:19:18 FATAL 171 169 249 91 :379  - The rare situation has occured at time 1738916358817, id to look up=119 222 104 218 , id of local node=171 169 249 91 , id of predecessor=161 201 197 38 
2025-02-07 03:19:22 FATAL 171 169 249 91 :379  - The rare situation has occured at time 1738916362058, id to look up=123 82 0 155 , id of local node=171 169 249 91 , id of predecessor=161 201 197 38 
2025-02-07 03:19:23 FATAL 171 169 249 91 :379  - The rare situation has occured at time 1738916363548, id to look up=158 106 85 182 , id of local node=171 169 249 91 , id of predecessor=161 201 197 38 
2025-02-07 03:19:24 FATAL 171 169 249 91 :379  - The rare situation has occured at time 1738916364327, id to look up=77 19 75 192 , id of local node=171 169 249 91 , id of predecessor=161 201 197 38 
2025-02-07 03:19:25 FATAL 171 169 249 91 :379  - The rare situation has occured at time 1738916365815, id to look up=119 25 161 199 , id of local node=171 169 249 91 , id of predecessor=161 201 197 38 
2025-02-07 03:20:07 FATAL 171 169 249 91 :379  - The rare situation has occured at time 1738916407267, id to look up=119 222 104 218 , id of local node=171 169 249 91 , id of predecessor=161 201 197 38 
2025-02-07 03:20:09 FATAL 171 169 249 91 :379  - The rare situation has occured at time 1738916409417, id to look up=123 82 0 155 , id of local node=171 169 249 91 , id of predecessor=161 201 197 38 
2025-02-07 03:20:10 FATAL 171 169 249 91 :379  - The rare situation has occured at time 1738916410917, id to look up=158 106 85 182 , id of local node=171 169 249 91 , id of predecessor=161 201 197 38 
2025-02-07 03:20:11 FATAL 171 169 249 91 :379  - The rare situation has occured at time 1738916411706, id to look up=77 19 75 192 , id of local node=171 169 249 91 , id of predecessor=161 201 197 38 
2025-02-07 03:20:13 FATAL 171 169 249 91 :379  - The rare situation has occured at time 1738916413157, id to look up=119 25 161 199 , id of local node=171 169 249 91 , id of predecessor=161 201 197 38 
2025-02-07 03:20:43 FATAL 171 169 249 91 :379  - The rare situation has occured at time 1738916443275, id to look up=119 222 104 218 , id of local node=171 169 249 91 , id of predecessor=161 201 197 38 
2025-02-07 03:20:45 FATAL 171 169 249 91 :379  - The rare situation has occured at time 1738916445445, id to look up=123 82 0 155 , id of local node=171 169 249 91 , id of predecessor=161 201 197 38 
2025-02-07 03:20:47 FATAL 171 169 249 91 :379  - The rare situation has occured at time 1738916447295, id to look up=77 19 75 192 , id of local node=171 169 249 91 , id of predecessor=161 201 197 38 
2025-02-07 03:20:48 FATAL 171 169 249 91 :379  - The rare situation has occured at time 1738916448265, id to look up=119 25 161 199 , id of local node=171 169 249 91 , id of predecessor=161 201 197 38 
2025-02-07 03:21:15 FATAL 171 169 249 91 :379  - The rare situation has occured at time 1738916475940, id to look up=119 222 104 218 , id of local node=171 169 249 91 , id of predecessor=161 201 197 38 
2025-02-07 03:21:17 FATAL 171 169 249 91 :379  - The rare situation has occured at time 1738916477891, id to look up=123 82 0 155 , id of local node=171 169 249 91 , id of predecessor=161 201 197 38 
2025-02-07 03:21:19 FATAL 171 169 249 91 :379  - The rare situation has occured at time 1738916479652, id to look up=77 19 75 192 , id of local node=171 169 249 91 , id of predecessor=161 201 197 38 
2025-02-07 03:21:20 FATAL 171 169 249 91 :379  - The rare situation has occured at time 1738916480591, id to look up=119 25 161 199 , id of local node=171 169 249 91 , id of predecessor=161 201 197 38 
