2025-02-07 03:17:57 WARN  OpenChordTest:203  - Peer joined at ocsocket://localhost:8095/ via ocsocket://localhost:8080/
2025-02-07 03:17:57 WARN  OpenChordTest:58  - Insert time for key 15 = 111 ms
2025-02-07 03:17:57 WARN  OpenChordTest:60  - Inserted (15, default)
2025-02-07 03:17:57 WARN  OpenChordTest:64  - Memory usage at ocsocket://localhost:8095/ = 22 MB
2025-02-07 03:19:19 FATAL 134 24 122 57 :379  - The rare situation has occured at time 1738916359397, id to look up=119 222 104 218 , id of local node=134 24 122 57 , id of predecessor=125 23 89 250 
2025-02-07 03:19:22 FATAL 134 24 122 57 :379  - The rare situation has occured at time 1738916362064, id to look up=123 82 0 155 , id of local node=134 24 122 57 , id of predecessor=125 23 89 250 
2025-02-07 03:19:24 FATAL 134 24 122 57 :379  - The rare situation has occured at time 1738916364381, id to look up=77 19 75 192 , id of local node=134 24 122 57 , id of predecessor=125 23 89 250 
2025-02-07 03:19:25 FATAL 134 24 122 57 :379  - The rare situation has occured at time 1738916365820, id to look up=119 25 161 199 , id of local node=134 24 122 57 , id of predecessor=125 23 89 250 
2025-02-07 03:20:07 FATAL 134 24 122 57 :379  - The rare situation has occured at time 1738916407516, id to look up=119 222 104 218 , id of local node=134 24 122 57 , id of predecessor=125 23 89 250 
2025-02-07 03:20:09 FATAL 134 24 122 57 :379  - The rare situation has occured at time 1738916409421, id to look up=123 82 0 155 , id of local node=134 24 122 57 , id of predecessor=125 23 89 250 
2025-02-07 03:20:11 FATAL 134 24 122 57 :379  - The rare situation has occured at time 1738916411759, id to look up=77 19 75 192 , id of local node=134 24 122 57 , id of predecessor=125 23 89 250 
2025-02-07 03:20:13 FATAL 134 24 122 57 :379  - The rare situation has occured at time 1738916413162, id to look up=119 25 161 199 , id of local node=134 24 122 57 , id of predecessor=125 23 89 250 
2025-02-07 03:20:43 FATAL 134 24 122 57 :379  - The rare situation has occured at time 1738916443544, id to look up=119 222 104 218 , id of local node=134 24 122 57 , id of predecessor=125 23 89 250 
2025-02-07 03:20:45 FATAL 134 24 122 57 :379  - The rare situation has occured at time 1738916445449, id to look up=123 82 0 155 , id of local node=134 24 122 57 , id of predecessor=125 23 89 250 
2025-02-07 03:20:47 FATAL 134 24 122 57 :379  - The rare situation has occured at time 1738916447301, id to look up=77 19 75 192 , id of local node=134 24 122 57 , id of predecessor=125 23 89 250 
2025-02-07 03:20:48 FATAL 134 24 122 57 :379  - The rare situation has occured at time 1738916448269, id to look up=119 25 161 199 , id of local node=134 24 122 57 , id of predecessor=125 23 89 250 
2025-02-07 03:21:16 FATAL 134 24 122 57 :379  - The rare situation has occured at time 1738916476200, id to look up=119 222 104 218 , id of local node=134 24 122 57 , id of predecessor=125 23 89 250 
2025-02-07 03:21:17 FATAL 134 24 122 57 :379  - The rare situation has occured at time 1738916477894, id to look up=123 82 0 155 , id of local node=134 24 122 57 , id of predecessor=125 23 89 250 
2025-02-07 03:21:19 FATAL 134 24 122 57 :379  - The rare situation has occured at time 1738916479656, id to look up=77 19 75 192 , id of local node=134 24 122 57 , id of predecessor=125 23 89 250 
2025-02-07 03:21:20 FATAL 134 24 122 57 :379  - The rare situation has occured at time 1738916480594, id to look up=119 25 161 199 , id of local node=134 24 122 57 , id of predecessor=125 23 89 250 
