2025-02-07 03:18:07 WARN  OpenChordTest:203  - Peer joined at ocsocket://localhost:8100/ via ocsocket://localhost:8080/
2025-02-07 03:18:07 WARN  OpenChordTest:58  - Insert time for key 20 = 470 ms
2025-02-07 03:18:07 WARN  OpenChordTest:60  - Inserted (20, default)
2025-02-07 03:18:07 WARN  OpenChordTest:64  - Memory usage at ocsocket://localhost:8100/ = 22 MB
2025-02-07 03:19:18 FATAL 204 191 22 172 :379  - The rare situation has occured at time 1738916358667, id to look up=119 222 104 218 , id of local node=204 191 22 172 , id of predecessor=198 23 79 243 
2025-02-07 03:19:20 FATAL 204 191 22 172 :379  - The rare situation has occured at time 1738916360133, id to look up=172 52 120 214 , id of local node=204 191 22 172 , id of predecessor=198 23 79 243 
2025-02-07 03:19:20 FATAL 204 191 22 172 :379  - The rare situation has occured at time 1738916360707, id to look up=193 223 217 110 , id of local node=204 191 22 172 , id of predecessor=198 23 79 243 
2025-02-07 03:19:21 FATAL 204 191 22 172 :379  - The rare situation has occured at time 1738916361584, id to look up=177 213 120 17 , id of local node=204 191 22 172 , id of predecessor=198 23 79 243 
2025-02-07 03:19:22 FATAL 204 191 22 172 :379  - The rare situation has occured at time 1738916362014, id to look up=123 82 0 155 , id of local node=204 191 22 172 , id of predecessor=198 23 79 243 
2025-02-07 03:19:22 FATAL 204 191 22 172 :379  - The rare situation has occured at time 1738916362175, id to look up=189 48 122 62 , id of local node=204 191 22 172 , id of predecessor=198 23 79 243 
2025-02-07 03:19:23 FATAL 204 191 22 172 :379  - The rare situation has occured at time 1738916363446, id to look up=158 106 85 182 , id of local node=204 191 22 172 , id of predecessor=198 23 79 243 
2025-02-07 03:19:23 FATAL 204 191 22 172 :379  - The rare situation has occured at time 1738916363614, id to look up=179 240 199 246 , id of local node=204 191 22 172 , id of predecessor=198 23 79 243 
2025-02-07 03:19:24 FATAL 204 191 22 172 :379  - The rare situation has occured at time 1738916364230, id to look up=77 19 75 192 , id of local node=204 191 22 172 , id of predecessor=198 23 79 243 
2025-02-07 03:19:25 FATAL 204 191 22 172 :379  - The rare situation has occured at time 1738916365213, id to look up=188 51 234 78 , id of local node=204 191 22 172 , id of predecessor=198 23 79 243 
2025-02-07 03:19:25 FATAL 204 191 22 172 :379  - The rare situation has occured at time 1738916365713, id to look up=119 25 161 199 , id of local node=204 191 22 172 , id of predecessor=198 23 79 243 
2025-02-07 03:20:07 FATAL 204 191 22 172 :379  - The rare situation has occured at time 1738916407155, id to look up=119 222 104 218 , id of local node=204 191 22 172 , id of predecessor=198 23 79 243 
2025-02-07 03:20:07 FATAL 204 191 22 172 :379  - The rare situation has occured at time 1738916407742, id to look up=172 52 120 214 , id of local node=204 191 22 172 , id of predecessor=198 23 79 243 
2025-02-07 03:20:08 FATAL 204 191 22 172 :379  - The rare situation has occured at time 1738916408265, id to look up=193 223 217 110 , id of local node=204 191 22 172 , id of predecessor=198 23 79 243 
2025-02-07 03:20:08 FATAL 204 191 22 172 :379  - The rare situation has occured at time 1738916408942, id to look up=177 213 120 17 , id of local node=204 191 22 172 , id of predecessor=198 23 79 243 
2025-02-07 03:20:09 FATAL 204 191 22 172 :379  - The rare situation has occured at time 1738916409362, id to look up=123 82 0 155 , id of local node=204 191 22 172 , id of predecessor=198 23 79 243 
2025-02-07 03:20:09 FATAL 204 191 22 172 :379  - The rare situation has occured at time 1738916409544, id to look up=189 48 122 62 , id of local node=204 191 22 172 , id of predecessor=198 23 79 243 
2025-02-07 03:20:10 FATAL 204 191 22 172 :379  - The rare situation has occured at time 1738916410815, id to look up=158 106 85 182 , id of local node=204 191 22 172 , id of predecessor=198 23 79 243 
2025-02-07 03:20:10 FATAL 204 191 22 172 :379  - The rare situation has occured at time 1738916410972, id to look up=179 240 199 246 , id of local node=204 191 22 172 , id of predecessor=198 23 79 243 
2025-02-07 03:20:11 FATAL 204 191 22 172 :379  - The rare situation has occured at time 1738916411589, id to look up=77 19 75 192 , id of local node=204 191 22 172 , id of predecessor=198 23 79 243 
2025-02-07 03:20:12 FATAL 204 191 22 172 :379  - The rare situation has occured at time 1738916412141, id to look up=188 51 234 78 , id of local node=204 191 22 172 , id of predecessor=198 23 79 243 
2025-02-07 03:20:13 FATAL 204 191 22 172 :379  - The rare situation has occured at time 1738916413056, id to look up=119 25 161 199 , id of local node=204 191 22 172 , id of predecessor=198 23 79 243 
2025-02-07 03:20:43 FATAL 204 191 22 172 :379  - The rare situation has occured at time 1738916443174, id to look up=119 222 104 218 , id of local node=204 191 22 172 , id of predecessor=198 23 79 243 
2025-02-07 03:20:43 FATAL 204 191 22 172 :379  - The rare situation has occured at time 1738916443781, id to look up=172 52 120 214 , id of local node=204 191 22 172 , id of predecessor=198 23 79 243 
2025-02-07 03:20:44 FATAL 204 191 22 172 :379  - The rare situation has occured at time 1738916444244, id to look up=193 223 217 110 , id of local node=204 191 22 172 , id of predecessor=198 23 79 243 
2025-02-07 03:20:44 FATAL 204 191 22 172 :379  - The rare situation has occured at time 1738916444621, id to look up=177 213 120 17 , id of local node=204 191 22 172 , id of predecessor=198 23 79 243 
2025-02-07 03:20:45 FATAL 204 191 22 172 :379  - The rare situation has occured at time 1738916445390, id to look up=123 82 0 155 , id of local node=204 191 22 172 , id of predecessor=198 23 79 243 
2025-02-07 03:20:45 FATAL 204 191 22 172 :379  - The rare situation has occured at time 1738916445560, id to look up=189 48 122 62 , id of local node=204 191 22 172 , id of predecessor=198 23 79 243 
2025-02-07 03:20:46 FATAL 204 191 22 172 :379  - The rare situation has occured at time 1738916446634, id to look up=179 240 199 246 , id of local node=204 191 22 172 , id of predecessor=198 23 79 243 
2025-02-07 03:20:47 FATAL 204 191 22 172 :379  - The rare situation has occured at time 1738916447248, id to look up=77 19 75 192 , id of local node=204 191 22 172 , id of predecessor=198 23 79 243 
2025-02-07 03:20:47 FATAL 204 191 22 172 :379  - The rare situation has occured at time 1738916447699, id to look up=188 51 234 78 , id of local node=204 191 22 172 , id of predecessor=198 23 79 243 
2025-02-07 03:20:48 FATAL 204 191 22 172 :379  - The rare situation has occured at time 1738916448155, id to look up=119 25 161 199 , id of local node=204 191 22 172 , id of predecessor=198 23 79 243 
2025-02-07 03:21:15 FATAL 204 191 22 172 :379  - The rare situation has occured at time 1738916475830, id to look up=119 222 104 218 , id of local node=204 191 22 172 , id of predecessor=198 23 79 243 
2025-02-07 03:21:16 FATAL 204 191 22 172 :379  - The rare situation has occured at time 1738916476376, id to look up=172 52 120 214 , id of local node=204 191 22 172 , id of predecessor=198 23 79 243 
2025-02-07 03:21:16 FATAL 204 191 22 172 :379  - The rare situation has occured at time 1738916476850, id to look up=193 223 217 110 , id of local node=204 191 22 172 , id of predecessor=198 23 79 243 
2025-02-07 03:21:17 FATAL 204 191 22 172 :379  - The rare situation has occured at time 1738916477136, id to look up=177 213 120 17 , id of local node=204 191 22 172 , id of predecessor=198 23 79 243 
2025-02-07 03:21:17 FATAL 204 191 22 172 :379  - The rare situation has occured at time 1738916477835, id to look up=123 82 0 155 , id of local node=204 191 22 172 , id of predecessor=198 23 79 243 
2025-02-07 03:21:18 FATAL 204 191 22 172 :379  - The rare situation has occured at time 1738916478026, id to look up=189 48 122 62 , id of local node=204 191 22 172 , id of predecessor=198 23 79 243 
2025-02-07 03:21:18 FATAL 204 191 22 172 :379  - The rare situation has occured at time 1738916478970, id to look up=179 240 199 246 , id of local node=204 191 22 172 , id of predecessor=198 23 79 243 
2025-02-07 03:21:19 FATAL 204 191 22 172 :379  - The rare situation has occured at time 1738916479603, id to look up=77 19 75 192 , id of local node=204 191 22 172 , id of predecessor=198 23 79 243 
2025-02-07 03:21:20 FATAL 204 191 22 172 :379  - The rare situation has occured at time 1738916480023, id to look up=188 51 234 78 , id of local node=204 191 22 172 , id of predecessor=198 23 79 243 
2025-02-07 03:21:20 FATAL 204 191 22 172 :379  - The rare situation has occured at time 1738916480490, id to look up=119 25 161 199 , id of local node=204 191 22 172 , id of predecessor=198 23 79 243 
