2025-02-07 03:18:14 WARN  OpenChordTest:203  - Peer joined at ocsocket://localhost:8105/ via ocsocket://localhost:8080/
2025-02-07 03:18:15 WARN  OpenChordTest:58  - Insert time for key 25 = 981 ms
2025-02-07 03:18:15 WARN  OpenChordTest:60  - Inserted (25, default)
2025-02-07 03:18:15 WARN  OpenChordTest:64  - Memory usage at ocsocket://localhost:8105/ = 16 MB
2025-02-07 03:19:18 FATAL 41 61 111 157 :379  - The rare situation has occured at time 1738916358287, id to look up=119 222 104 218 , id of local node=41 61 111 157 , id of predecessor=40 250 169 214 
2025-02-07 03:19:19 FATAL 41 61 111 157 :379  - The rare situation has occured at time 1738916359771, id to look up=27 100 83 137 , id of local node=41 61 111 157 , id of predecessor=40 250 169 214 
2025-02-07 03:19:21 FATAL 41 61 111 157 :379  - The rare situation has occured at time 1738916361257, id to look up=254 93 187 206 , id of local node=41 61 111 157 , id of predecessor=40 250 169 214 
2025-02-07 03:19:21 FATAL 41 61 111 157 :379  - The rare situation has occured at time 1738916361471, id to look up=10 222 124 44 , id of local node=41 61 111 157 , id of predecessor=40 250 169 214 
2025-02-07 03:19:21 FATAL 41 61 111 157 :379  - The rare situation has occured at time 1738916361732, id to look up=23 186 7 145 , id of local node=41 61 111 157 , id of predecessor=40 250 169 214 
2025-02-07 03:19:21 FATAL 41 61 111 157 :379  - The rare situation has occured at time 1738916361841, id to look up=123 82 0 155 , id of local node=41 61 111 157 , id of predecessor=40 250 169 214 
2025-02-07 03:19:22 FATAL 41 61 111 157 :379  - The rare situation has occured at time 1738916362539, id to look up=21 116 189 219 , id of local node=41 61 111 157 , id of predecessor=40 250 169 214 
2025-02-07 03:19:22 FATAL 41 61 111 157 :379  - The rare situation has occured at time 1738916362787, id to look up=7 22 217 112 , id of local node=41 61 111 157 , id of predecessor=40 250 169 214 
2025-02-07 03:19:23 FATAL 41 61 111 157 :379  - The rare situation has occured at time 1738916363868, id to look up=18 198 252 6 , id of local node=41 61 111 157 , id of predecessor=40 250 169 214 
2025-02-07 03:19:24 FATAL 41 61 111 157 :379  - The rare situation has occured at time 1738916364080, id to look up=77 19 75 192 , id of local node=41 61 111 157 , id of predecessor=40 250 169 214 
2025-02-07 03:19:25 FATAL 41 61 111 157 :379  - The rare situation has occured at time 1738916365381, id to look up=10 87 203 83 , id of local node=41 61 111 157 , id of predecessor=40 250 169 214 
2025-02-07 03:19:25 FATAL 41 61 111 157 :379  - The rare situation has occured at time 1738916365607, id to look up=119 25 161 199 , id of local node=41 61 111 157 , id of predecessor=40 250 169 214 
2025-02-07 03:19:25 FATAL 41 61 111 157 :379  - The rare situation has occured at time 1738916365994, id to look up=34 210 0 248 , id of local node=41 61 111 157 , id of predecessor=40 250 169 214 
2025-02-07 03:20:06 FATAL 41 61 111 157 :379  - The rare situation has occured at time 1738916406695, id to look up=119 222 104 218 , id of local node=41 61 111 157 , id of predecessor=40 250 169 214 
2025-02-07 03:20:07 FATAL 41 61 111 157 :379  - The rare situation has occured at time 1738916407630, id to look up=27 100 83 137 , id of local node=41 61 111 157 , id of predecessor=40 250 169 214 
2025-02-07 03:20:08 FATAL 41 61 111 157 :379  - The rare situation has occured at time 1738916408626, id to look up=254 93 187 206 , id of local node=41 61 111 157 , id of predecessor=40 250 169 214 
2025-02-07 03:20:08 FATAL 41 61 111 157 :379  - The rare situation has occured at time 1738916408840, id to look up=10 222 124 44 , id of local node=41 61 111 157 , id of predecessor=40 250 169 214 
2025-02-07 03:20:09 FATAL 41 61 111 157 :379  - The rare situation has occured at time 1738916409099, id to look up=23 186 7 145 , id of local node=41 61 111 157 , id of predecessor=40 250 169 214 
2025-02-07 03:20:09 FATAL 41 61 111 157 :379  - The rare situation has occured at time 1738916409199, id to look up=123 82 0 155 , id of local node=41 61 111 157 , id of predecessor=40 250 169 214 
2025-02-07 03:20:09 FATAL 41 61 111 157 :379  - The rare situation has occured at time 1738916409898, id to look up=21 116 189 219 , id of local node=41 61 111 157 , id of predecessor=40 250 169 214 
2025-02-07 03:20:10 FATAL 41 61 111 157 :379  - The rare situation has occured at time 1738916410146, id to look up=7 22 217 112 , id of local node=41 61 111 157 , id of predecessor=40 250 169 214 
2025-02-07 03:20:11 FATAL 41 61 111 157 :379  - The rare situation has occured at time 1738916411227, id to look up=18 198 252 6 , id of local node=41 61 111 157 , id of predecessor=40 250 169 214 
2025-02-07 03:20:11 FATAL 41 61 111 157 :379  - The rare situation has occured at time 1738916411439, id to look up=77 19 75 192 , id of local node=41 61 111 157 , id of predecessor=40 250 169 214 
2025-02-07 03:20:12 FATAL 41 61 111 157 :379  - The rare situation has occured at time 1738916412299, id to look up=10 87 203 83 , id of local node=41 61 111 157 , id of predecessor=40 250 169 214 
2025-02-07 03:20:12 FATAL 41 61 111 157 :379  - The rare situation has occured at time 1738916412506, id to look up=119 25 161 199 , id of local node=41 61 111 157 , id of predecessor=40 250 169 214 
2025-02-07 03:20:13 FATAL 41 61 111 157 :379  - The rare situation has occured at time 1738916413236, id to look up=34 210 0 248 , id of local node=41 61 111 157 , id of predecessor=40 250 169 214 
2025-02-07 03:20:42 FATAL 41 61 111 157 :379  - The rare situation has occured at time 1738916442715, id to look up=119 222 104 218 , id of local node=41 61 111 157 , id of predecessor=40 250 169 214 
2025-02-07 03:20:44 FATAL 41 61 111 157 :379  - The rare situation has occured at time 1738916444510, id to look up=254 93 187 206 , id of local node=41 61 111 157 , id of predecessor=40 250 169 214 
2025-02-07 03:20:45 FATAL 41 61 111 157 :379  - The rare situation has occured at time 1738916445074, id to look up=123 82 0 155 , id of local node=41 61 111 157 , id of predecessor=40 250 169 214 
2025-02-07 03:20:47 FATAL 41 61 111 157 :379  - The rare situation has occured at time 1738916447096, id to look up=77 19 75 192 , id of local node=41 61 111 157 , id of predecessor=40 250 169 214 
2025-02-07 03:20:47 FATAL 41 61 111 157 :379  - The rare situation has occured at time 1738916447808, id to look up=119 25 161 199 , id of local node=41 61 111 157 , id of predecessor=40 250 169 214 
2025-02-07 03:20:48 FATAL 41 61 111 157 :379  - The rare situation has occured at time 1738916448495, id to look up=34 210 0 248 , id of local node=41 61 111 157 , id of predecessor=40 250 169 214 
2025-02-07 03:21:15 FATAL 41 61 111 157 :379  - The rare situation has occured at time 1738916475470, id to look up=119 222 104 218 , id of local node=41 61 111 157 , id of predecessor=40 250 169 214 
2025-02-07 03:21:17 FATAL 41 61 111 157 :379  - The rare situation has occured at time 1738916477014, id to look up=254 93 187 206 , id of local node=41 61 111 157 , id of predecessor=40 250 169 214 
2025-02-07 03:21:17 FATAL 41 61 111 157 :379  - The rare situation has occured at time 1738916477530, id to look up=123 82 0 155 , id of local node=41 61 111 157 , id of predecessor=40 250 169 214 
2025-02-07 03:21:19 FATAL 41 61 111 157 :379  - The rare situation has occured at time 1738916479452, id to look up=77 19 75 192 , id of local node=41 61 111 157 , id of predecessor=40 250 169 214 
2025-02-07 03:21:20 FATAL 41 61 111 157 :379  - The rare situation has occured at time 1738916480135, id to look up=119 25 161 199 , id of local node=41 61 111 157 , id of predecessor=40 250 169 214 
2025-02-07 03:21:20 FATAL 41 61 111 157 :379  - The rare situation has occured at time 1738916480711, id to look up=34 210 0 248 , id of local node=41 61 111 157 , id of predecessor=40 250 169 214 
