2025-02-07 03:18:07 WARN  OpenChordTest:203  - Peer joined at ocsocket://localhost:8101/ via ocsocket://localhost:8080/
2025-02-07 03:18:07 WARN  OpenChordTest:58  - Insert time for key 21 = 253 ms
2025-02-07 03:18:07 WARN  OpenChordTest:60  - Inserted (21, default)
2025-02-07 03:18:07 WARN  OpenChordTest:64  - Memory usage at ocsocket://localhost:8101/ = 15 MB
2025-02-07 03:19:18 FATAL 31 80 111 140 :379  - The rare situation has occured at time 1738916358338, id to look up=119 222 104 218 , id of local node=31 80 111 140 , id of predecessor=29 180 217 92 
2025-02-07 03:19:19 FATAL 31 80 111 140 :379  - The rare situation has occured at time 1738916359773, id to look up=27 100 83 137 , id of local node=31 80 111 140 , id of predecessor=29 180 217 92 
2025-02-07 03:19:21 FATAL 31 80 111 140 :379  - The rare situation has occured at time 1738916361357, id to look up=254 93 187 206 , id of local node=31 80 111 140 , id of predecessor=29 180 217 92 
2025-02-07 03:19:21 FATAL 31 80 111 140 :379  - The rare situation has occured at time 1738916361473, id to look up=10 222 124 44 , id of local node=31 80 111 140 , id of predecessor=29 180 217 92 
2025-02-07 03:19:21 FATAL 31 80 111 140 :379  - The rare situation has occured at time 1738916361733, id to look up=23 186 7 145 , id of local node=31 80 111 140 , id of predecessor=29 180 217 92 
2025-02-07 03:19:21 FATAL 31 80 111 140 :379  - The rare situation has occured at time 1738916361850, id to look up=123 82 0 155 , id of local node=31 80 111 140 , id of predecessor=29 180 217 92 
2025-02-07 03:19:22 FATAL 31 80 111 140 :379  - The rare situation has occured at time 1738916362540, id to look up=21 116 189 219 , id of local node=31 80 111 140 , id of predecessor=29 180 217 92 
2025-02-07 03:19:22 FATAL 31 80 111 140 :379  - The rare situation has occured at time 1738916362886, id to look up=7 22 217 112 , id of local node=31 80 111 140 , id of predecessor=29 180 217 92 
2025-02-07 03:19:23 FATAL 31 80 111 140 :379  - The rare situation has occured at time 1738916363869, id to look up=18 198 252 6 , id of local node=31 80 111 140 , id of predecessor=29 180 217 92 
2025-02-07 03:19:24 FATAL 31 80 111 140 :379  - The rare situation has occured at time 1738916364083, id to look up=77 19 75 192 , id of local node=31 80 111 140 , id of predecessor=29 180 217 92 
2025-02-07 03:19:25 FATAL 31 80 111 140 :379  - The rare situation has occured at time 1738916365382, id to look up=10 87 203 83 , id of local node=31 80 111 140 , id of predecessor=29 180 217 92 
2025-02-07 03:19:25 FATAL 31 80 111 140 :379  - The rare situation has occured at time 1738916365706, id to look up=119 25 161 199 , id of local node=31 80 111 140 , id of predecessor=29 180 217 92 
2025-02-07 03:20:06 FATAL 31 80 111 140 :379  - The rare situation has occured at time 1738916406757, id to look up=119 222 104 218 , id of local node=31 80 111 140 , id of predecessor=29 180 217 92 
2025-02-07 03:20:07 FATAL 31 80 111 140 :379  - The rare situation has occured at time 1738916407631, id to look up=27 100 83 137 , id of local node=31 80 111 140 , id of predecessor=29 180 217 92 
2025-02-07 03:20:08 FATAL 31 80 111 140 :379  - The rare situation has occured at time 1738916408725, id to look up=254 93 187 206 , id of local node=31 80 111 140 , id of predecessor=29 180 217 92 
2025-02-07 03:20:08 FATAL 31 80 111 140 :379  - The rare situation has occured at time 1738916408842, id to look up=10 222 124 44 , id of local node=31 80 111 140 , id of predecessor=29 180 217 92 
2025-02-07 03:20:09 FATAL 31 80 111 140 :379  - The rare situation has occured at time 1738916409101, id to look up=23 186 7 145 , id of local node=31 80 111 140 , id of predecessor=29 180 217 92 
2025-02-07 03:20:09 FATAL 31 80 111 140 :379  - The rare situation has occured at time 1738916409201, id to look up=123 82 0 155 , id of local node=31 80 111 140 , id of predecessor=29 180 217 92 
2025-02-07 03:20:09 FATAL 31 80 111 140 :379  - The rare situation has occured at time 1738916409899, id to look up=21 116 189 219 , id of local node=31 80 111 140 , id of predecessor=29 180 217 92 
2025-02-07 03:20:10 FATAL 31 80 111 140 :379  - The rare situation has occured at time 1738916410246, id to look up=7 22 217 112 , id of local node=31 80 111 140 , id of predecessor=29 180 217 92 
2025-02-07 03:20:11 FATAL 31 80 111 140 :379  - The rare situation has occured at time 1738916411229, id to look up=18 198 252 6 , id of local node=31 80 111 140 , id of predecessor=29 180 217 92 
2025-02-07 03:20:11 FATAL 31 80 111 140 :379  - The rare situation has occured at time 1738916411440, id to look up=77 19 75 192 , id of local node=31 80 111 140 , id of predecessor=29 180 217 92 
2025-02-07 03:20:12 FATAL 31 80 111 140 :379  - The rare situation has occured at time 1738916412300, id to look up=10 87 203 83 , id of local node=31 80 111 140 , id of predecessor=29 180 217 92 
2025-02-07 03:20:12 FATAL 31 80 111 140 :379  - The rare situation has occured at time 1738916412606, id to look up=119 25 161 199 , id of local node=31 80 111 140 , id of predecessor=29 180 217 92 
2025-02-07 03:20:42 FATAL 31 80 111 140 :379  - The rare situation has occured at time 1738916442765, id to look up=119 222 104 218 , id of local node=31 80 111 140 , id of predecessor=29 180 217 92 
2025-02-07 03:20:44 FATAL 31 80 111 140 :379  - The rare situation has occured at time 1738916444511, id to look up=254 93 187 206 , id of local node=31 80 111 140 , id of predecessor=29 180 217 92 
2025-02-07 03:20:45 FATAL 31 80 111 140 :379  - The rare situation has occured at time 1738916445174, id to look up=123 82 0 155 , id of local node=31 80 111 140 , id of predecessor=29 180 217 92 
2025-02-07 03:20:47 FATAL 31 80 111 140 :379  - The rare situation has occured at time 1738916447097, id to look up=77 19 75 192 , id of local node=31 80 111 140 , id of predecessor=29 180 217 92 
2025-02-07 03:20:47 FATAL 31 80 111 140 :379  - The rare situation has occured at time 1738916447809, id to look up=119 25 161 199 , id of local node=31 80 111 140 , id of predecessor=29 180 217 92 
2025-02-07 03:21:15 FATAL 31 80 111 140 :379  - The rare situation has occured at time 1738916475521, id to look up=119 222 104 218 , id of local node=31 80 111 140 , id of predecessor=29 180 217 92 
2025-02-07 03:21:17 FATAL 31 80 111 140 :379  - The rare situation has occured at time 1738916477016, id to look up=254 93 187 206 , id of local node=31 80 111 140 , id of predecessor=29 180 217 92 
2025-02-07 03:21:17 FATAL 31 80 111 140 :379  - The rare situation has occured at time 1738916477630, id to look up=123 82 0 155 , id of local node=31 80 111 140 , id of predecessor=29 180 217 92 
2025-02-07 03:21:19 FATAL 31 80 111 140 :379  - The rare situation has occured at time 1738916479453, id to look up=77 19 75 192 , id of local node=31 80 111 140 , id of predecessor=29 180 217 92 
2025-02-07 03:21:20 FATAL 31 80 111 140 :379  - The rare situation has occured at time 1738916480136, id to look up=119 25 161 199 , id of local node=31 80 111 140 , id of predecessor=29 180 217 92 
