2025-02-07 03:18:15 WARN  OpenChordTest:203  - Peer joined at ocsocket://localhost:8104/ via ocsocket://localhost:8080/
2025-02-07 03:18:18 WARN  OpenChordTest:58  - Insert time for key 24 = 2953 ms
2025-02-07 03:18:18 WARN  OpenChordTest:60  - Inserted (24, default)
2025-02-07 03:18:18 WARN  OpenChordTest:64  - Memory usage at ocsocket://localhost:8104/ = 23 MB
2025-02-07 03:19:18 FATAL 211 42 117 238 :379  - The rare situation has occured at time 1738916358517, id to look up=119 222 104 218 , id of local node=211 42 117 238 , id of predecessor=210 68 241 41 
2025-02-07 03:19:20 FATAL 211 42 117 238 :379  - The rare situation has occured at time 1738916360130, id to look up=172 52 120 214 , id of local node=211 42 117 238 , id of predecessor=210 68 241 41 
2025-02-07 03:19:20 FATAL 211 42 117 238 :379  - The rare situation has occured at time 1738916360557, id to look up=193 223 217 110 , id of local node=211 42 117 238 , id of predecessor=210 68 241 41 
2025-02-07 03:19:21 FATAL 211 42 117 238 :379  - The rare situation has occured at time 1738916361582, id to look up=177 213 120 17 , id of local node=211 42 117 238 , id of predecessor=210 68 241 41 
2025-02-07 03:19:22 FATAL 211 42 117 238 :379  - The rare situation has occured at time 1738916362012, id to look up=123 82 0 155 , id of local node=211 42 117 238 , id of predecessor=210 68 241 41 
2025-02-07 03:19:22 FATAL 211 42 117 238 :379  - The rare situation has occured at time 1738916362173, id to look up=189 48 122 62 , id of local node=211 42 117 238 , id of predecessor=210 68 241 41 
2025-02-07 03:19:23 FATAL 211 42 117 238 :379  - The rare situation has occured at time 1738916363297, id to look up=158 106 85 182 , id of local node=211 42 117 238 , id of predecessor=210 68 241 41 
2025-02-07 03:19:23 FATAL 211 42 117 238 :379  - The rare situation has occured at time 1738916363612, id to look up=179 240 199 246 , id of local node=211 42 117 238 , id of predecessor=210 68 241 41 
2025-02-07 03:19:24 FATAL 211 42 117 238 :379  - The rare situation has occured at time 1738916364228, id to look up=77 19 75 192 , id of local node=211 42 117 238 , id of predecessor=210 68 241 41 
2025-02-07 03:19:25 FATAL 211 42 117 238 :379  - The rare situation has occured at time 1738916365211, id to look up=188 51 234 78 , id of local node=211 42 117 238 , id of predecessor=210 68 241 41 
2025-02-07 03:19:25 FATAL 211 42 117 238 :379  - The rare situation has occured at time 1738916365553, id to look up=119 25 161 199 , id of local node=211 42 117 238 , id of predecessor=210 68 241 41 
2025-02-07 03:19:26 FATAL 211 42 117 238 :379  - The rare situation has occured at time 1738916366416, id to look up=203 78 82 8 , id of local node=211 42 117 238 , id of predecessor=210 68 241 41 
2025-02-07 03:20:07 FATAL 211 42 117 238 :379  - The rare situation has occured at time 1738916407006, id to look up=119 222 104 218 , id of local node=211 42 117 238 , id of predecessor=210 68 241 41 
2025-02-07 03:20:07 FATAL 211 42 117 238 :379  - The rare situation has occured at time 1738916407740, id to look up=172 52 120 214 , id of local node=211 42 117 238 , id of predecessor=210 68 241 41 
2025-02-07 03:20:08 FATAL 211 42 117 238 :379  - The rare situation has occured at time 1738916408116, id to look up=193 223 217 110 , id of local node=211 42 117 238 , id of predecessor=210 68 241 41 
2025-02-07 03:20:08 FATAL 211 42 117 238 :379  - The rare situation has occured at time 1738916408940, id to look up=177 213 120 17 , id of local node=211 42 117 238 , id of predecessor=210 68 241 41 
2025-02-07 03:20:09 FATAL 211 42 117 238 :379  - The rare situation has occured at time 1738916409360, id to look up=123 82 0 155 , id of local node=211 42 117 238 , id of predecessor=210 68 241 41 
2025-02-07 03:20:09 FATAL 211 42 117 238 :379  - The rare situation has occured at time 1738916409540, id to look up=189 48 122 62 , id of local node=211 42 117 238 , id of predecessor=210 68 241 41 
2025-02-07 03:20:10 FATAL 211 42 117 238 :379  - The rare situation has occured at time 1738916410656, id to look up=158 106 85 182 , id of local node=211 42 117 238 , id of predecessor=210 68 241 41 
2025-02-07 03:20:10 FATAL 211 42 117 238 :379  - The rare situation has occured at time 1738916410970, id to look up=179 240 199 246 , id of local node=211 42 117 238 , id of predecessor=210 68 241 41 
2025-02-07 03:20:11 FATAL 211 42 117 238 :379  - The rare situation has occured at time 1738916411586, id to look up=77 19 75 192 , id of local node=211 42 117 238 , id of predecessor=210 68 241 41 
2025-02-07 03:20:12 FATAL 211 42 117 238 :379  - The rare situation has occured at time 1738916412139, id to look up=188 51 234 78 , id of local node=211 42 117 238 , id of predecessor=210 68 241 41 
2025-02-07 03:20:12 FATAL 211 42 117 238 :379  - The rare situation has occured at time 1738916412905, id to look up=119 25 161 199 , id of local node=211 42 117 238 , id of predecessor=210 68 241 41 
2025-02-07 03:20:13 FATAL 211 42 117 238 :379  - The rare situation has occured at time 1738916413439, id to look up=203 78 82 8 , id of local node=211 42 117 238 , id of predecessor=210 68 241 41 
2025-02-07 03:20:43 FATAL 211 42 117 238 :379  - The rare situation has occured at time 1738916443025, id to look up=119 222 104 218 , id of local node=211 42 117 238 , id of predecessor=210 68 241 41 
2025-02-07 03:20:43 FATAL 211 42 117 238 :379  - The rare situation has occured at time 1738916443779, id to look up=172 52 120 214 , id of local node=211 42 117 238 , id of predecessor=210 68 241 41 
2025-02-07 03:20:44 FATAL 211 42 117 238 :379  - The rare situation has occured at time 1738916444094, id to look up=193 223 217 110 , id of local node=211 42 117 238 , id of predecessor=210 68 241 41 
2025-02-07 03:20:44 FATAL 211 42 117 238 :379  - The rare situation has occured at time 1738916444619, id to look up=177 213 120 17 , id of local node=211 42 117 238 , id of predecessor=210 68 241 41 
2025-02-07 03:20:45 FATAL 211 42 117 238 :379  - The rare situation has occured at time 1738916445388, id to look up=123 82 0 155 , id of local node=211 42 117 238 , id of predecessor=210 68 241 41 
2025-02-07 03:20:45 FATAL 211 42 117 238 :379  - The rare situation has occured at time 1738916445558, id to look up=189 48 122 62 , id of local node=211 42 117 238 , id of predecessor=210 68 241 41 
2025-02-07 03:20:46 FATAL 211 42 117 238 :379  - The rare situation has occured at time 1738916446484, id to look up=179 240 199 246 , id of local node=211 42 117 238 , id of predecessor=210 68 241 41 
2025-02-07 03:20:47 FATAL 211 42 117 238 :379  - The rare situation has occured at time 1738916447246, id to look up=77 19 75 192 , id of local node=211 42 117 238 , id of predecessor=210 68 241 41 
2025-02-07 03:20:47 FATAL 211 42 117 238 :379  - The rare situation has occured at time 1738916447697, id to look up=188 51 234 78 , id of local node=211 42 117 238 , id of predecessor=210 68 241 41 
2025-02-07 03:20:48 FATAL 211 42 117 238 :379  - The rare situation has occured at time 1738916448004, id to look up=119 25 161 199 , id of local node=211 42 117 238 , id of predecessor=210 68 241 41 
2025-02-07 03:20:48 FATAL 211 42 117 238 :379  - The rare situation has occured at time 1738916448916, id to look up=203 78 82 8 , id of local node=211 42 117 238 , id of predecessor=210 68 241 41 
2025-02-07 03:21:15 FATAL 211 42 117 238 :379  - The rare situation has occured at time 1738916475670, id to look up=119 222 104 218 , id of local node=211 42 117 238 , id of predecessor=210 68 241 41 
2025-02-07 03:21:16 FATAL 211 42 117 238 :379  - The rare situation has occured at time 1738916476374, id to look up=172 52 120 214 , id of local node=211 42 117 238 , id of predecessor=210 68 241 41 
2025-02-07 03:21:16 FATAL 211 42 117 238 :379  - The rare situation has occured at time 1738916476690, id to look up=193 223 217 110 , id of local node=211 42 117 238 , id of predecessor=210 68 241 41 
2025-02-07 03:21:17 FATAL 211 42 117 238 :379  - The rare situation has occured at time 1738916477134, id to look up=177 213 120 17 , id of local node=211 42 117 238 , id of predecessor=210 68 241 41 
2025-02-07 03:21:17 FATAL 211 42 117 238 :379  - The rare situation has occured at time 1738916477833, id to look up=123 82 0 155 , id of local node=211 42 117 238 , id of predecessor=210 68 241 41 
2025-02-07 03:21:18 FATAL 211 42 117 238 :379  - The rare situation has occured at time 1738916478024, id to look up=189 48 122 62 , id of local node=211 42 117 238 , id of predecessor=210 68 241 41 
2025-02-07 03:21:18 FATAL 211 42 117 238 :379  - The rare situation has occured at time 1738916478820, id to look up=179 240 199 246 , id of local node=211 42 117 238 , id of predecessor=210 68 241 41 
2025-02-07 03:21:19 FATAL 211 42 117 238 :379  - The rare situation has occured at time 1738916479601, id to look up=77 19 75 192 , id of local node=211 42 117 238 , id of predecessor=210 68 241 41 
2025-02-07 03:21:20 FATAL 211 42 117 238 :379  - The rare situation has occured at time 1738916480022, id to look up=188 51 234 78 , id of local node=211 42 117 238 , id of predecessor=210 68 241 41 
2025-02-07 03:21:20 FATAL 211 42 117 238 :379  - The rare situation has occured at time 1738916480340, id to look up=119 25 161 199 , id of local node=211 42 117 238 , id of predecessor=210 68 241 41 
2025-02-07 03:21:20 FATAL 211 42 117 238 :379  - The rare situation has occured at time 1738916480932, id to look up=203 78 82 8 , id of local node=211 42 117 238 , id of predecessor=210 68 241 41 
