2025-02-07 03:18:12 WARN  OpenChordTest:203  - Peer joined at ocsocket://localhost:8102/ via ocsocket://localhost:8080/
2025-02-07 03:18:12 WARN  OpenChordTest:58  - Insert time for key 22 = 575 ms
2025-02-07 03:18:12 WARN  OpenChordTest:60  - Inserted (22, default)
2025-02-07 03:18:12 WARN  OpenChordTest:64  - Memory usage at ocsocket://localhost:8102/ = 4 MB
2025-02-07 03:19:18 FATAL 198 23 79 243 :379  - The rare situation has occured at time 1738916358669, id to look up=119 222 104 218 , id of local node=198 23 79 243 , id of predecessor=191 94 184 109 
2025-02-07 03:19:20 FATAL 198 23 79 243 :379  - The rare situation has occured at time 1738916360133, id to look up=172 52 120 214 , id of local node=198 23 79 243 , id of predecessor=191 94 184 109 
2025-02-07 03:19:21 FATAL 198 23 79 243 :379  - The rare situation has occured at time 1738916361627, id to look up=177 213 120 17 , id of local node=198 23 79 243 , id of predecessor=191 94 184 109 
2025-02-07 03:19:22 FATAL 198 23 79 243 :379  - The rare situation has occured at time 1738916362014, id to look up=123 82 0 155 , id of local node=198 23 79 243 , id of predecessor=191 94 184 109 
2025-02-07 03:19:22 FATAL 198 23 79 243 :379  - The rare situation has occured at time 1738916362176, id to look up=189 48 122 62 , id of local node=198 23 79 243 , id of predecessor=191 94 184 109 
2025-02-07 03:19:23 FATAL 198 23 79 243 :379  - The rare situation has occured at time 1738916363497, id to look up=158 106 85 182 , id of local node=198 23 79 243 , id of predecessor=191 94 184 109 
2025-02-07 03:19:23 FATAL 198 23 79 243 :379  - The rare situation has occured at time 1738916363615, id to look up=179 240 199 246 , id of local node=198 23 79 243 , id of predecessor=191 94 184 109 
2025-02-07 03:19:24 FATAL 198 23 79 243 :379  - The rare situation has occured at time 1738916364231, id to look up=77 19 75 192 , id of local node=198 23 79 243 , id of predecessor=191 94 184 109 
2025-02-07 03:19:25 FATAL 198 23 79 243 :379  - The rare situation has occured at time 1738916365214, id to look up=188 51 234 78 , id of local node=198 23 79 243 , id of predecessor=191 94 184 109 
2025-02-07 03:19:25 FATAL 198 23 79 243 :379  - The rare situation has occured at time 1738916365763, id to look up=119 25 161 199 , id of local node=198 23 79 243 , id of predecessor=191 94 184 109 
2025-02-07 03:20:07 FATAL 198 23 79 243 :379  - The rare situation has occured at time 1738916407156, id to look up=119 222 104 218 , id of local node=198 23 79 243 , id of predecessor=191 94 184 109 
2025-02-07 03:20:07 FATAL 198 23 79 243 :379  - The rare situation has occured at time 1738916407743, id to look up=172 52 120 214 , id of local node=198 23 79 243 , id of predecessor=191 94 184 109 
2025-02-07 03:20:08 FATAL 198 23 79 243 :379  - The rare situation has occured at time 1738916408995, id to look up=177 213 120 17 , id of local node=198 23 79 243 , id of predecessor=191 94 184 109 
2025-02-07 03:20:09 FATAL 198 23 79 243 :379  - The rare situation has occured at time 1738916409363, id to look up=123 82 0 155 , id of local node=198 23 79 243 , id of predecessor=191 94 184 109 
2025-02-07 03:20:09 FATAL 198 23 79 243 :379  - The rare situation has occured at time 1738916409545, id to look up=189 48 122 62 , id of local node=198 23 79 243 , id of predecessor=191 94 184 109 
2025-02-07 03:20:10 FATAL 198 23 79 243 :379  - The rare situation has occured at time 1738916410865, id to look up=158 106 85 182 , id of local node=198 23 79 243 , id of predecessor=191 94 184 109 
2025-02-07 03:20:10 FATAL 198 23 79 243 :379  - The rare situation has occured at time 1738916410973, id to look up=179 240 199 246 , id of local node=198 23 79 243 , id of predecessor=191 94 184 109 
2025-02-07 03:20:11 FATAL 198 23 79 243 :379  - The rare situation has occured at time 1738916411589, id to look up=77 19 75 192 , id of local node=198 23 79 243 , id of predecessor=191 94 184 109 
2025-02-07 03:20:12 FATAL 198 23 79 243 :379  - The rare situation has occured at time 1738916412142, id to look up=188 51 234 78 , id of local node=198 23 79 243 , id of predecessor=191 94 184 109 
2025-02-07 03:20:13 FATAL 198 23 79 243 :379  - The rare situation has occured at time 1738916413106, id to look up=119 25 161 199 , id of local node=198 23 79 243 , id of predecessor=191 94 184 109 
2025-02-07 03:20:43 FATAL 198 23 79 243 :379  - The rare situation has occured at time 1738916443175, id to look up=119 222 104 218 , id of local node=198 23 79 243 , id of predecessor=191 94 184 109 
2025-02-07 03:20:43 FATAL 198 23 79 243 :379  - The rare situation has occured at time 1738916443781, id to look up=172 52 120 214 , id of local node=198 23 79 243 , id of predecessor=191 94 184 109 
2025-02-07 03:20:44 FATAL 198 23 79 243 :379  - The rare situation has occured at time 1738916444665, id to look up=177 213 120 17 , id of local node=198 23 79 243 , id of predecessor=191 94 184 109 
2025-02-07 03:20:45 FATAL 198 23 79 243 :379  - The rare situation has occured at time 1738916445391, id to look up=123 82 0 155 , id of local node=198 23 79 243 , id of predecessor=191 94 184 109 
2025-02-07 03:20:45 FATAL 198 23 79 243 :379  - The rare situation has occured at time 1738916445561, id to look up=189 48 122 62 , id of local node=198 23 79 243 , id of predecessor=191 94 184 109 
2025-02-07 03:20:46 FATAL 198 23 79 243 :379  - The rare situation has occured at time 1738916446684, id to look up=179 240 199 246 , id of local node=198 23 79 243 , id of predecessor=191 94 184 109 
2025-02-07 03:20:47 FATAL 198 23 79 243 :379  - The rare situation has occured at time 1738916447248, id to look up=77 19 75 192 , id of local node=198 23 79 243 , id of predecessor=191 94 184 109 
2025-02-07 03:20:47 FATAL 198 23 79 243 :379  - The rare situation has occured at time 1738916447700, id to look up=188 51 234 78 , id of local node=198 23 79 243 , id of predecessor=191 94 184 109 
2025-02-07 03:20:48 FATAL 198 23 79 243 :379  - The rare situation has occured at time 1738916448214, id to look up=119 25 161 199 , id of local node=198 23 79 243 , id of predecessor=191 94 184 109 
2025-02-07 03:21:15 FATAL 198 23 79 243 :379  - The rare situation has occured at time 1738916475831, id to look up=119 222 104 218 , id of local node=198 23 79 243 , id of predecessor=191 94 184 109 
2025-02-07 03:21:16 FATAL 198 23 79 243 :379  - The rare situation has occured at time 1738916476376, id to look up=172 52 120 214 , id of local node=198 23 79 243 , id of predecessor=191 94 184 109 
2025-02-07 03:21:17 FATAL 198 23 79 243 :379  - The rare situation has occured at time 1738916477181, id to look up=177 213 120 17 , id of local node=198 23 79 243 , id of predecessor=191 94 184 109 
2025-02-07 03:21:17 FATAL 198 23 79 243 :379  - The rare situation has occured at time 1738916477836, id to look up=123 82 0 155 , id of local node=198 23 79 243 , id of predecessor=191 94 184 109 
2025-02-07 03:21:18 FATAL 198 23 79 243 :379  - The rare situation has occured at time 1738916478027, id to look up=189 48 122 62 , id of local node=198 23 79 243 , id of predecessor=191 94 184 109 
2025-02-07 03:21:19 FATAL 198 23 79 243 :379  - The rare situation has occured at time 1738916479020, id to look up=179 240 199 246 , id of local node=198 23 79 243 , id of predecessor=191 94 184 109 
2025-02-07 03:21:19 FATAL 198 23 79 243 :379  - The rare situation has occured at time 1738916479604, id to look up=77 19 75 192 , id of local node=198 23 79 243 , id of predecessor=191 94 184 109 
2025-02-07 03:21:20 FATAL 198 23 79 243 :379  - The rare situation has occured at time 1738916480024, id to look up=188 51 234 78 , id of local node=198 23 79 243 , id of predecessor=191 94 184 109 
2025-02-07 03:21:20 FATAL 198 23 79 243 :379  - The rare situation has occured at time 1738916480540, id to look up=119 25 161 199 , id of local node=198 23 79 243 , id of predecessor=191 94 184 109 
