2025-02-07 03:18:23 WARN  OpenChordTest:203  - Peer joined at ocsocket://localhost:8108/ via ocsocket://localhost:8080/
2025-02-07 03:18:23 WARN  OpenChordTest:58  - Insert time for key 28 = 312 ms
2025-02-07 03:18:23 WARN  OpenChordTest:60  - Inserted (28, default)
2025-02-07 03:18:23 WARN  OpenChordTest:64  - Memory usage at ocsocket://localhost:8108/ = 23 MB
2025-02-07 03:19:18 FATAL 228 17 236 76 :379  - The rare situation has occured at time 1738916358397, id to look up=119 222 104 218 , id of local node=228 17 236 76 , id of predecessor=214 35 194 29 
2025-02-07 03:19:20 FATAL 228 17 236 76 :379  - The rare situation has occured at time 1738916360129, id to look up=172 52 120 214 , id of local node=228 17 236 76 , id of predecessor=214 35 194 29 
2025-02-07 03:19:20 FATAL 228 17 236 76 :379  - The rare situation has occured at time 1738916360457, id to look up=193 223 217 110 , id of local node=228 17 236 76 , id of predecessor=214 35 194 29 
2025-02-07 03:19:21 FATAL 228 17 236 76 :379  - The rare situation has occured at time 1738916361580, id to look up=177 213 120 17 , id of local node=228 17 236 76 , id of predecessor=214 35 194 29 
2025-02-07 03:19:22 FATAL 228 17 236 76 :379  - The rare situation has occured at time 1738916362010, id to look up=123 82 0 155 , id of local node=228 17 236 76 , id of predecessor=214 35 194 29 
2025-02-07 03:19:22 FATAL 228 17 236 76 :379  - The rare situation has occured at time 1738916362170, id to look up=189 48 122 62 , id of local node=228 17 236 76 , id of predecessor=214 35 194 29 
2025-02-07 03:19:23 FATAL 228 17 236 76 :379  - The rare situation has occured at time 1738916363197, id to look up=158 106 85 182 , id of local node=228 17 236 76 , id of predecessor=214 35 194 29 
2025-02-07 03:19:23 FATAL 228 17 236 76 :379  - The rare situation has occured at time 1738916363610, id to look up=179 240 199 246 , id of local node=228 17 236 76 , id of predecessor=214 35 194 29 
2025-02-07 03:19:24 FATAL 228 17 236 76 :379  - The rare situation has occured at time 1738916364027, id to look up=212 53 166 205 , id of local node=228 17 236 76 , id of predecessor=214 35 194 29 
2025-02-07 03:19:24 FATAL 228 17 236 76 :379  - The rare situation has occured at time 1738916364177, id to look up=77 19 75 192 , id of local node=228 17 236 76 , id of predecessor=214 35 194 29 
2025-02-07 03:19:25 FATAL 228 17 236 76 :379  - The rare situation has occured at time 1738916365209, id to look up=188 51 234 78 , id of local node=228 17 236 76 , id of predecessor=214 35 194 29 
2025-02-07 03:19:25 FATAL 228 17 236 76 :379  - The rare situation has occured at time 1738916365453, id to look up=119 25 161 199 , id of local node=228 17 236 76 , id of predecessor=214 35 194 29 
2025-02-07 03:19:26 FATAL 228 17 236 76 :379  - The rare situation has occured at time 1738916366415, id to look up=203 78 82 8 , id of local node=228 17 236 76 , id of predecessor=214 35 194 29 
2025-02-07 03:20:06 FATAL 228 17 236 76 :379  - The rare situation has occured at time 1738916406906, id to look up=119 222 104 218 , id of local node=228 17 236 76 , id of predecessor=214 35 194 29 
2025-02-07 03:20:07 FATAL 228 17 236 76 :379  - The rare situation has occured at time 1738916407738, id to look up=172 52 120 214 , id of local node=228 17 236 76 , id of predecessor=214 35 194 29 
2025-02-07 03:20:08 FATAL 228 17 236 76 :379  - The rare situation has occured at time 1738916408016, id to look up=193 223 217 110 , id of local node=228 17 236 76 , id of predecessor=214 35 194 29 
2025-02-07 03:20:08 FATAL 228 17 236 76 :379  - The rare situation has occured at time 1738916408938, id to look up=177 213 120 17 , id of local node=228 17 236 76 , id of predecessor=214 35 194 29 
2025-02-07 03:20:09 FATAL 228 17 236 76 :379  - The rare situation has occured at time 1738916409358, id to look up=123 82 0 155 , id of local node=228 17 236 76 , id of predecessor=214 35 194 29 
2025-02-07 03:20:09 FATAL 228 17 236 76 :379  - The rare situation has occured at time 1738916409539, id to look up=189 48 122 62 , id of local node=228 17 236 76 , id of predecessor=214 35 194 29 
2025-02-07 03:20:10 FATAL 228 17 236 76 :379  - The rare situation has occured at time 1738916410546, id to look up=158 106 85 182 , id of local node=228 17 236 76 , id of predecessor=214 35 194 29 
2025-02-07 03:20:10 FATAL 228 17 236 76 :379  - The rare situation has occured at time 1738916410969, id to look up=179 240 199 246 , id of local node=228 17 236 76 , id of predecessor=214 35 194 29 
2025-02-07 03:20:11 FATAL 228 17 236 76 :379  - The rare situation has occured at time 1738916411387, id to look up=212 53 166 205 , id of local node=228 17 236 76 , id of predecessor=214 35 194 29 
2025-02-07 03:20:11 FATAL 228 17 236 76 :379  - The rare situation has occured at time 1738916411536, id to look up=77 19 75 192 , id of local node=228 17 236 76 , id of predecessor=214 35 194 29 
2025-02-07 03:20:12 FATAL 228 17 236 76 :379  - The rare situation has occured at time 1738916412138, id to look up=188 51 234 78 , id of local node=228 17 236 76 , id of predecessor=214 35 194 29 
2025-02-07 03:20:12 FATAL 228 17 236 76 :379  - The rare situation has occured at time 1738916412806, id to look up=119 25 161 199 , id of local node=228 17 236 76 , id of predecessor=214 35 194 29 
2025-02-07 03:20:13 FATAL 228 17 236 76 :379  - The rare situation has occured at time 1738916413438, id to look up=203 78 82 8 , id of local node=228 17 236 76 , id of predecessor=214 35 194 29 
2025-02-07 03:20:42 FATAL 228 17 236 76 :379  - The rare situation has occured at time 1738916442915, id to look up=119 222 104 218 , id of local node=228 17 236 76 , id of predecessor=214 35 194 29 
2025-02-07 03:20:43 FATAL 228 17 236 76 :379  - The rare situation has occured at time 1738916443777, id to look up=172 52 120 214 , id of local node=228 17 236 76 , id of predecessor=214 35 194 29 
2025-02-07 03:20:43 FATAL 228 17 236 76 :379  - The rare situation has occured at time 1738916443994, id to look up=193 223 217 110 , id of local node=228 17 236 76 , id of predecessor=214 35 194 29 
2025-02-07 03:20:44 FATAL 228 17 236 76 :379  - The rare situation has occured at time 1738916444617, id to look up=177 213 120 17 , id of local node=228 17 236 76 , id of predecessor=214 35 194 29 
2025-02-07 03:20:45 FATAL 228 17 236 76 :379  - The rare situation has occured at time 1738916445387, id to look up=123 82 0 155 , id of local node=228 17 236 76 , id of predecessor=214 35 194 29 
2025-02-07 03:20:45 FATAL 228 17 236 76 :379  - The rare situation has occured at time 1738916445557, id to look up=189 48 122 62 , id of local node=228 17 236 76 , id of predecessor=214 35 194 29 
2025-02-07 03:20:46 FATAL 228 17 236 76 :379  - The rare situation has occured at time 1738916446375, id to look up=179 240 199 246 , id of local node=228 17 236 76 , id of predecessor=214 35 194 29 
2025-02-07 03:20:46 FATAL 228 17 236 76 :379  - The rare situation has occured at time 1738916446947, id to look up=212 53 166 205 , id of local node=228 17 236 76 , id of predecessor=214 35 194 29 
2025-02-07 03:20:47 FATAL 228 17 236 76 :379  - The rare situation has occured at time 1738916447194, id to look up=77 19 75 192 , id of local node=228 17 236 76 , id of predecessor=214 35 194 29 
2025-02-07 03:20:47 FATAL 228 17 236 76 :379  - The rare situation has occured at time 1738916447695, id to look up=188 51 234 78 , id of local node=228 17 236 76 , id of predecessor=214 35 194 29 
2025-02-07 03:20:47 FATAL 228 17 236 76 :379  - The rare situation has occured at time 1738916447904, id to look up=119 25 161 199 , id of local node=228 17 236 76 , id of predecessor=214 35 194 29 
2025-02-07 03:20:48 FATAL 228 17 236 76 :379  - The rare situation has occured at time 1738916448915, id to look up=203 78 82 8 , id of local node=228 17 236 76 , id of predecessor=214 35 194 29 
2025-02-07 03:21:15 FATAL 228 17 236 76 :379  - The rare situation has occured at time 1738916475570, id to look up=119 222 104 218 , id of local node=228 17 236 76 , id of predecessor=214 35 194 29 
2025-02-07 03:21:16 FATAL 228 17 236 76 :379  - The rare situation has occured at time 1738916476372, id to look up=172 52 120 214 , id of local node=228 17 236 76 , id of predecessor=214 35 194 29 
2025-02-07 03:21:16 FATAL 228 17 236 76 :379  - The rare situation has occured at time 1738916476590, id to look up=193 223 217 110 , id of local node=228 17 236 76 , id of predecessor=214 35 194 29 
2025-02-07 03:21:17 FATAL 228 17 236 76 :379  - The rare situation has occured at time 1738916477132, id to look up=177 213 120 17 , id of local node=228 17 236 76 , id of predecessor=214 35 194 29 
2025-02-07 03:21:17 FATAL 228 17 236 76 :379  - The rare situation has occured at time 1738916477832, id to look up=123 82 0 155 , id of local node=228 17 236 76 , id of predecessor=214 35 194 29 
2025-02-07 03:21:18 FATAL 228 17 236 76 :379  - The rare situation has occured at time 1738916478022, id to look up=189 48 122 62 , id of local node=228 17 236 76 , id of predecessor=214 35 194 29 
2025-02-07 03:21:18 FATAL 228 17 236 76 :379  - The rare situation has occured at time 1738916478710, id to look up=179 240 199 246 , id of local node=228 17 236 76 , id of predecessor=214 35 194 29 
2025-02-07 03:21:19 FATAL 228 17 236 76 :379  - The rare situation has occured at time 1738916479293, id to look up=212 53 166 205 , id of local node=228 17 236 76 , id of predecessor=214 35 194 29 
2025-02-07 03:21:19 FATAL 228 17 236 76 :379  - The rare situation has occured at time 1738916479550, id to look up=77 19 75 192 , id of local node=228 17 236 76 , id of predecessor=214 35 194 29 
2025-02-07 03:21:20 FATAL 228 17 236 76 :379  - The rare situation has occured at time 1738916480020, id to look up=188 51 234 78 , id of local node=228 17 236 76 , id of predecessor=214 35 194 29 
2025-02-07 03:21:20 FATAL 228 17 236 76 :379  - The rare situation has occured at time 1738916480240, id to look up=119 25 161 199 , id of local node=228 17 236 76 , id of predecessor=214 35 194 29 
2025-02-07 03:21:20 FATAL 228 17 236 76 :379  - The rare situation has occured at time 1738916480931, id to look up=203 78 82 8 , id of local node=228 17 236 76 , id of predecessor=214 35 194 29 
