2025-02-07 03:18:26 WARN  OpenChordTest:203  - Peer joined at ocsocket://localhost:8109/ via ocsocket://localhost:8080/
2025-02-07 03:18:28 WARN  OpenChordTest:58  - Insert time for key 29 = 2312 ms
2025-02-07 03:18:28 WARN  OpenChordTest:60  - Inserted (29, default)
2025-02-07 03:18:28 WARN  OpenChordTest:64  - Memory usage at ocsocket://localhost:8109/ = 7 MB
2025-02-07 03:19:18 FATAL 210 68 241 41 :379  - The rare situation has occured at time 1738916358567, id to look up=119 222 104 218 , id of local node=210 68 241 41 , id of predecessor=207 46 52 205 
2025-02-07 03:19:20 FATAL 210 68 241 41 :379  - The rare situation has occured at time 1738916360131, id to look up=172 52 120 214 , id of local node=210 68 241 41 , id of predecessor=207 46 52 205 
2025-02-07 03:19:20 FATAL 210 68 241 41 :379  - The rare situation has occured at time 1738916360607, id to look up=193 223 217 110 , id of local node=210 68 241 41 , id of predecessor=207 46 52 205 
2025-02-07 03:19:21 FATAL 210 68 241 41 :379  - The rare situation has occured at time 1738916361583, id to look up=177 213 120 17 , id of local node=210 68 241 41 , id of predecessor=207 46 52 205 
2025-02-07 03:19:22 FATAL 210 68 241 41 :379  - The rare situation has occured at time 1738916362012, id to look up=123 82 0 155 , id of local node=210 68 241 41 , id of predecessor=207 46 52 205 
2025-02-07 03:19:22 FATAL 210 68 241 41 :379  - The rare situation has occured at time 1738916362174, id to look up=189 48 122 62 , id of local node=210 68 241 41 , id of predecessor=207 46 52 205 
2025-02-07 03:19:23 FATAL 210 68 241 41 :379  - The rare situation has occured at time 1738916363347, id to look up=158 106 85 182 , id of local node=210 68 241 41 , id of predecessor=207 46 52 205 
2025-02-07 03:19:23 FATAL 210 68 241 41 :379  - The rare situation has occured at time 1738916363612, id to look up=179 240 199 246 , id of local node=210 68 241 41 , id of predecessor=207 46 52 205 
2025-02-07 03:19:24 FATAL 210 68 241 41 :379  - The rare situation has occured at time 1738916364229, id to look up=77 19 75 192 , id of local node=210 68 241 41 , id of predecessor=207 46 52 205 
2025-02-07 03:19:25 FATAL 210 68 241 41 :379  - The rare situation has occured at time 1738916365212, id to look up=188 51 234 78 , id of local node=210 68 241 41 , id of predecessor=207 46 52 205 
2025-02-07 03:19:25 FATAL 210 68 241 41 :379  - The rare situation has occured at time 1738916365614, id to look up=119 25 161 199 , id of local node=210 68 241 41 , id of predecessor=207 46 52 205 
2025-02-07 03:19:26 FATAL 210 68 241 41 :379  - The rare situation has occured at time 1738916366417, id to look up=203 78 82 8 , id of local node=210 68 241 41 , id of predecessor=207 46 52 205 
2025-02-07 03:20:07 FATAL 210 68 241 41 :379  - The rare situation has occured at time 1738916407056, id to look up=119 222 104 218 , id of local node=210 68 241 41 , id of predecessor=207 46 52 205 
2025-02-07 03:20:07 FATAL 210 68 241 41 :379  - The rare situation has occured at time 1738916407741, id to look up=172 52 120 214 , id of local node=210 68 241 41 , id of predecessor=207 46 52 205 
2025-02-07 03:20:08 FATAL 210 68 241 41 :379  - The rare situation has occured at time 1738916408166, id to look up=193 223 217 110 , id of local node=210 68 241 41 , id of predecessor=207 46 52 205 
2025-02-07 03:20:08 FATAL 210 68 241 41 :379  - The rare situation has occured at time 1738916408941, id to look up=177 213 120 17 , id of local node=210 68 241 41 , id of predecessor=207 46 52 205 
2025-02-07 03:20:09 FATAL 210 68 241 41 :379  - The rare situation has occured at time 1738916409361, id to look up=123 82 0 155 , id of local node=210 68 241 41 , id of predecessor=207 46 52 205 
2025-02-07 03:20:09 FATAL 210 68 241 41 :379  - The rare situation has occured at time 1738916409542, id to look up=189 48 122 62 , id of local node=210 68 241 41 , id of predecessor=207 46 52 205 
2025-02-07 03:20:10 FATAL 210 68 241 41 :379  - The rare situation has occured at time 1738916410705, id to look up=158 106 85 182 , id of local node=210 68 241 41 , id of predecessor=207 46 52 205 
2025-02-07 03:20:10 FATAL 210 68 241 41 :379  - The rare situation has occured at time 1738916410971, id to look up=179 240 199 246 , id of local node=210 68 241 41 , id of predecessor=207 46 52 205 
2025-02-07 03:20:11 FATAL 210 68 241 41 :379  - The rare situation has occured at time 1738916411587, id to look up=77 19 75 192 , id of local node=210 68 241 41 , id of predecessor=207 46 52 205 
2025-02-07 03:20:12 FATAL 210 68 241 41 :379  - The rare situation has occured at time 1738916412140, id to look up=188 51 234 78 , id of local node=210 68 241 41 , id of predecessor=207 46 52 205 
2025-02-07 03:20:12 FATAL 210 68 241 41 :379  - The rare situation has occured at time 1738916412956, id to look up=119 25 161 199 , id of local node=210 68 241 41 , id of predecessor=207 46 52 205 
2025-02-07 03:20:13 FATAL 210 68 241 41 :379  - The rare situation has occured at time 1738916413440, id to look up=203 78 82 8 , id of local node=210 68 241 41 , id of predecessor=207 46 52 205 
2025-02-07 03:20:43 FATAL 210 68 241 41 :379  - The rare situation has occured at time 1738916443075, id to look up=119 222 104 218 , id of local node=210 68 241 41 , id of predecessor=207 46 52 205 
2025-02-07 03:20:43 FATAL 210 68 241 41 :379  - The rare situation has occured at time 1738916443779, id to look up=172 52 120 214 , id of local node=210 68 241 41 , id of predecessor=207 46 52 205 
2025-02-07 03:20:44 FATAL 210 68 241 41 :379  - The rare situation has occured at time 1738916444145, id to look up=193 223 217 110 , id of local node=210 68 241 41 , id of predecessor=207 46 52 205 
2025-02-07 03:20:44 FATAL 210 68 241 41 :379  - The rare situation has occured at time 1738916444620, id to look up=177 213 120 17 , id of local node=210 68 241 41 , id of predecessor=207 46 52 205 
2025-02-07 03:20:45 FATAL 210 68 241 41 :379  - The rare situation has occured at time 1738916445389, id to look up=123 82 0 155 , id of local node=210 68 241 41 , id of predecessor=207 46 52 205 
2025-02-07 03:20:45 FATAL 210 68 241 41 :379  - The rare situation has occured at time 1738916445559, id to look up=189 48 122 62 , id of local node=210 68 241 41 , id of predecessor=207 46 52 205 
2025-02-07 03:20:46 FATAL 210 68 241 41 :379  - The rare situation has occured at time 1738916446535, id to look up=179 240 199 246 , id of local node=210 68 241 41 , id of predecessor=207 46 52 205 
2025-02-07 03:20:47 FATAL 210 68 241 41 :379  - The rare situation has occured at time 1738916447246, id to look up=77 19 75 192 , id of local node=210 68 241 41 , id of predecessor=207 46 52 205 
2025-02-07 03:20:47 FATAL 210 68 241 41 :379  - The rare situation has occured at time 1738916447697, id to look up=188 51 234 78 , id of local node=210 68 241 41 , id of predecessor=207 46 52 205 
2025-02-07 03:20:48 FATAL 210 68 241 41 :379  - The rare situation has occured at time 1738916448054, id to look up=119 25 161 199 , id of local node=210 68 241 41 , id of predecessor=207 46 52 205 
2025-02-07 03:20:48 FATAL 210 68 241 41 :379  - The rare situation has occured at time 1738916448917, id to look up=203 78 82 8 , id of local node=210 68 241 41 , id of predecessor=207 46 52 205 
2025-02-07 03:21:15 FATAL 210 68 241 41 :379  - The rare situation has occured at time 1738916475720, id to look up=119 222 104 218 , id of local node=210 68 241 41 , id of predecessor=207 46 52 205 
2025-02-07 03:21:16 FATAL 210 68 241 41 :379  - The rare situation has occured at time 1738916476375, id to look up=172 52 120 214 , id of local node=210 68 241 41 , id of predecessor=207 46 52 205 
2025-02-07 03:21:16 FATAL 210 68 241 41 :379  - The rare situation has occured at time 1738916476740, id to look up=193 223 217 110 , id of local node=210 68 241 41 , id of predecessor=207 46 52 205 
2025-02-07 03:21:17 FATAL 210 68 241 41 :379  - The rare situation has occured at time 1738916477134, id to look up=177 213 120 17 , id of local node=210 68 241 41 , id of predecessor=207 46 52 205 
2025-02-07 03:21:17 FATAL 210 68 241 41 :379  - The rare situation has occured at time 1738916477834, id to look up=123 82 0 155 , id of local node=210 68 241 41 , id of predecessor=207 46 52 205 
2025-02-07 03:21:18 FATAL 210 68 241 41 :379  - The rare situation has occured at time 1738916478025, id to look up=189 48 122 62 , id of local node=210 68 241 41 , id of predecessor=207 46 52 205 
2025-02-07 03:21:18 FATAL 210 68 241 41 :379  - The rare situation has occured at time 1738916478870, id to look up=179 240 199 246 , id of local node=210 68 241 41 , id of predecessor=207 46 52 205 
2025-02-07 03:21:19 FATAL 210 68 241 41 :379  - The rare situation has occured at time 1738916479602, id to look up=77 19 75 192 , id of local node=210 68 241 41 , id of predecessor=207 46 52 205 
2025-02-07 03:21:20 FATAL 210 68 241 41 :379  - The rare situation has occured at time 1738916480022, id to look up=188 51 234 78 , id of local node=210 68 241 41 , id of predecessor=207 46 52 205 
2025-02-07 03:21:20 FATAL 210 68 241 41 :379  - The rare situation has occured at time 1738916480390, id to look up=119 25 161 199 , id of local node=210 68 241 41 , id of predecessor=207 46 52 205 
2025-02-07 03:21:20 FATAL 210 68 241 41 :379  - The rare situation has occured at time 1738916480933, id to look up=203 78 82 8 , id of local node=210 68 241 41 , id of predecessor=207 46 52 205 
