2025-02-07 03:25:46 WARN  OpenChordTest:203  - Peer joined at ocsocket://localhost:8105/ via ocsocket://localhost:8080/
2025-02-07 03:25:46 WARN  OpenChordTest:58  - Insert time for key 25 = 775 ms
2025-02-07 03:25:46 WARN  OpenChordTest:60  - Inserted (25, default)
2025-02-07 03:25:46 WARN  OpenChordTest:64  - Memory usage at ocsocket://localhost:8105/ = 15 MB
2025-02-07 03:28:05 FATAL 41 61 111 157 :379  - The rare situation has occured at time 1738916885532, id to look up=119 222 104 218 , id of local node=41 61 111 157 , id of predecessor=40 250 169 214 
2025-02-07 03:28:06 FATAL 41 61 111 157 :379  - The rare situation has occured at time 1738916886211, id to look up=27 100 83 137 , id of local node=41 61 111 157 , id of predecessor=40 250 169 214 
2025-02-07 03:28:07 FATAL 41 61 111 157 :379  - The rare situation has occured at time 1738916887717, id to look up=254 93 187 206 , id of local node=41 61 111 157 , id of predecessor=40 250 169 214 
2025-02-07 03:28:07 FATAL 41 61 111 157 :379  - The rare situation has occured at time 1738916887920, id to look up=10 222 124 44 , id of local node=41 61 111 157 , id of predecessor=40 250 169 214 
2025-02-07 03:28:08 FATAL 41 61 111 157 :379  - The rare situation has occured at time 1738916888190, id to look up=23 186 7 145 , id of local node=41 61 111 157 , id of predecessor=40 250 169 214 
2025-02-07 03:28:08 FATAL 41 61 111 157 :379  - The rare situation has occured at time 1738916888300, id to look up=123 82 0 155 , id of local node=41 61 111 157 , id of predecessor=40 250 169 214 
2025-02-07 03:28:08 FATAL 41 61 111 157 :379  - The rare situation has occured at time 1738916888982, id to look up=21 116 189 219 , id of local node=41 61 111 157 , id of predecessor=40 250 169 214 
2025-02-07 03:28:09 FATAL 41 61 111 157 :379  - The rare situation has occured at time 1738916889338, id to look up=7 22 217 112 , id of local node=41 61 111 157 , id of predecessor=40 250 169 214 
2025-02-07 03:28:10 FATAL 41 61 111 157 :379  - The rare situation has occured at time 1738916890419, id to look up=18 198 252 6 , id of local node=41 61 111 157 , id of predecessor=40 250 169 214 
2025-02-07 03:28:10 FATAL 41 61 111 157 :379  - The rare situation has occured at time 1738916890630, id to look up=77 19 75 192 , id of local node=41 61 111 157 , id of predecessor=40 250 169 214 
2025-02-07 03:28:11 FATAL 41 61 111 157 :379  - The rare situation has occured at time 1738916891970, id to look up=10 87 203 83 , id of local node=41 61 111 157 , id of predecessor=40 250 169 214 
2025-02-07 03:28:12 FATAL 41 61 111 157 :379  - The rare situation has occured at time 1738916892187, id to look up=119 25 161 199 , id of local node=41 61 111 157 , id of predecessor=40 250 169 214 
2025-02-07 03:28:13 FATAL 41 61 111 157 :379  - The rare situation has occured at time 1738916893047, id to look up=34 210 0 248 , id of local node=41 61 111 157 , id of predecessor=40 250 169 214 
2025-02-07 03:28:47 FATAL 41 61 111 157 :379  - The rare situation has occured at time 1738916927028, id to look up=119 222 104 218 , id of local node=41 61 111 157 , id of predecessor=40 250 169 214 
2025-02-07 03:28:47 FATAL 41 61 111 157 :379  - The rare situation has occured at time 1738916927970, id to look up=27 100 83 137 , id of local node=41 61 111 157 , id of predecessor=40 250 169 214 
2025-02-07 03:28:49 FATAL 41 61 111 157 :379  - The rare situation has occured at time 1738916929016, id to look up=254 93 187 206 , id of local node=41 61 111 157 , id of predecessor=40 250 169 214 
2025-02-07 03:28:49 FATAL 41 61 111 157 :379  - The rare situation has occured at time 1738916929220, id to look up=10 222 124 44 , id of local node=41 61 111 157 , id of predecessor=40 250 169 214 
2025-02-07 03:28:49 FATAL 41 61 111 157 :379  - The rare situation has occured at time 1738916929471, id to look up=23 186 7 145 , id of local node=41 61 111 157 , id of predecessor=40 250 169 214 
2025-02-07 03:28:49 FATAL 41 61 111 157 :379  - The rare situation has occured at time 1738916929571, id to look up=123 82 0 155 , id of local node=41 61 111 157 , id of predecessor=40 250 169 214 
2025-02-07 03:28:50 FATAL 41 61 111 157 :379  - The rare situation has occured at time 1738916930289, id to look up=21 116 189 219 , id of local node=41 61 111 157 , id of predecessor=40 250 169 214 
2025-02-07 03:28:50 FATAL 41 61 111 157 :379  - The rare situation has occured at time 1738916930556, id to look up=7 22 217 112 , id of local node=41 61 111 157 , id of predecessor=40 250 169 214 
2025-02-07 03:28:51 FATAL 41 61 111 157 :379  - The rare situation has occured at time 1738916931608, id to look up=18 198 252 6 , id of local node=41 61 111 157 , id of predecessor=40 250 169 214 
2025-02-07 03:28:51 FATAL 41 61 111 157 :379  - The rare situation has occured at time 1738916931809, id to look up=77 19 75 192 , id of local node=41 61 111 157 , id of predecessor=40 250 169 214 
2025-02-07 03:28:52 FATAL 41 61 111 157 :379  - The rare situation has occured at time 1738916932669, id to look up=10 87 203 83 , id of local node=41 61 111 157 , id of predecessor=40 250 169 214 
2025-02-07 03:28:52 FATAL 41 61 111 157 :379  - The rare situation has occured at time 1738916932886, id to look up=119 25 161 199 , id of local node=41 61 111 157 , id of predecessor=40 250 169 214 
2025-02-07 03:28:53 FATAL 41 61 111 157 :379  - The rare situation has occured at time 1738916933627, id to look up=34 210 0 248 , id of local node=41 61 111 157 , id of predecessor=40 250 169 214 
2025-02-07 03:29:43 FATAL 41 61 111 157 :379  - The rare situation has occured at time 1738916983195, id to look up=119 222 104 218 , id of local node=41 61 111 157 , id of predecessor=40 250 169 214 
2025-02-07 03:29:44 FATAL 41 61 111 157 :379  - The rare situation has occured at time 1738916984198, id to look up=27 100 83 137 , id of local node=41 61 111 157 , id of predecessor=40 250 169 214 
2025-02-07 03:29:45 FATAL 41 61 111 157 :379  - The rare situation has occured at time 1738916985355, id to look up=254 93 187 206 , id of local node=41 61 111 157 , id of predecessor=40 250 169 214 
2025-02-07 03:29:45 FATAL 41 61 111 157 :379  - The rare situation has occured at time 1738916985568, id to look up=10 222 124 44 , id of local node=41 61 111 157 , id of predecessor=40 250 169 214 
2025-02-07 03:29:45 FATAL 41 61 111 157 :379  - The rare situation has occured at time 1738916985818, id to look up=23 186 7 145 , id of local node=41 61 111 157 , id of predecessor=40 250 169 214 
2025-02-07 03:29:45 FATAL 41 61 111 157 :379  - The rare situation has occured at time 1738916985928, id to look up=123 82 0 155 , id of local node=41 61 111 157 , id of predecessor=40 250 169 214 
2025-02-07 03:29:46 FATAL 41 61 111 157 :379  - The rare situation has occured at time 1738916986659, id to look up=21 116 189 219 , id of local node=41 61 111 157 , id of predecessor=40 250 169 214 
2025-02-07 03:29:47 FATAL 41 61 111 157 :379  - The rare situation has occured at time 1738916987015, id to look up=7 22 217 112 , id of local node=41 61 111 157 , id of predecessor=40 250 169 214 
2025-02-07 03:29:48 FATAL 41 61 111 157 :379  - The rare situation has occured at time 1738916988096, id to look up=18 198 252 6 , id of local node=41 61 111 157 , id of predecessor=40 250 169 214 
2025-02-07 03:29:48 FATAL 41 61 111 157 :379  - The rare situation has occured at time 1738916988309, id to look up=77 19 75 192 , id of local node=41 61 111 157 , id of predecessor=40 250 169 214 
2025-02-07 03:29:48 FATAL 41 61 111 157 :379  - The rare situation has occured at time 1738916988908, id to look up=10 87 203 83 , id of local node=41 61 111 157 , id of predecessor=40 250 169 214 
2025-02-07 03:29:49 FATAL 41 61 111 157 :379  - The rare situation has occured at time 1738916989185, id to look up=119 25 161 199 , id of local node=41 61 111 157 , id of predecessor=40 250 169 214 
2025-02-07 03:29:49 FATAL 41 61 111 157 :379  - The rare situation has occured at time 1738916989906, id to look up=34 210 0 248 , id of local node=41 61 111 157 , id of predecessor=40 250 169 214 
2025-02-07 03:30:10 FATAL 41 61 111 157 :379  - The rare situation has occured at time 1738917010725, id to look up=119 222 104 218 , id of local node=41 61 111 157 , id of predecessor=40 250 169 214 
2025-02-07 03:30:11 FATAL 41 61 111 157 :379  - The rare situation has occured at time 1738917011568, id to look up=27 100 83 137 , id of local node=41 61 111 157 , id of predecessor=40 250 169 214 
2025-02-07 03:30:12 FATAL 41 61 111 157 :379  - The rare situation has occured at time 1738917012585, id to look up=254 93 187 206 , id of local node=41 61 111 157 , id of predecessor=40 250 169 214 
2025-02-07 03:30:12 FATAL 41 61 111 157 :379  - The rare situation has occured at time 1738917012789, id to look up=10 222 124 44 , id of local node=41 61 111 157 , id of predecessor=40 250 169 214 
2025-02-07 03:30:13 FATAL 41 61 111 157 :379  - The rare situation has occured at time 1738917013038, id to look up=23 186 7 145 , id of local node=41 61 111 157 , id of predecessor=40 250 169 214 
2025-02-07 03:30:13 FATAL 41 61 111 157 :379  - The rare situation has occured at time 1738917013148, id to look up=123 82 0 155 , id of local node=41 61 111 157 , id of predecessor=40 250 169 214 
2025-02-07 03:30:13 FATAL 41 61 111 157 :379  - The rare situation has occured at time 1738917013738, id to look up=21 116 189 219 , id of local node=41 61 111 157 , id of predecessor=40 250 169 214 
2025-02-07 03:30:14 FATAL 41 61 111 157 :379  - The rare situation has occured at time 1738917014095, id to look up=7 22 217 112 , id of local node=41 61 111 157 , id of predecessor=40 250 169 214 
2025-02-07 03:30:15 FATAL 41 61 111 157 :379  - The rare situation has occured at time 1738917015187, id to look up=18 198 252 6 , id of local node=41 61 111 157 , id of predecessor=40 250 169 214 
2025-02-07 03:30:15 FATAL 41 61 111 157 :379  - The rare situation has occured at time 1738917015398, id to look up=77 19 75 192 , id of local node=41 61 111 157 , id of predecessor=40 250 169 214 
2025-02-07 03:30:15 FATAL 41 61 111 157 :379  - The rare situation has occured at time 1738917015166, id to look up=10 87 203 83 , id of local node=41 61 111 157 , id of predecessor=40 250 169 214 
2025-02-07 03:30:15 FATAL 41 61 111 157 :379  - The rare situation has occured at time 1738917015432, id to look up=119 25 161 199 , id of local node=41 61 111 157 , id of predecessor=40 250 169 214 
2025-02-07 03:30:16 FATAL 41 61 111 157 :379  - The rare situation has occured at time 1738917016053, id to look up=34 210 0 248 , id of local node=41 61 111 157 , id of predecessor=40 250 169 214 
2025-02-07 03:30:38 FATAL 41 61 111 157 :379  - The rare situation has occured at time 1738917038702, id to look up=119 222 104 218 , id of local node=41 61 111 157 , id of predecessor=40 250 169 214 
2025-02-07 03:30:39 FATAL 41 61 111 157 :379  - The rare situation has occured at time 1738917039546, id to look up=27 100 83 137 , id of local node=41 61 111 157 , id of predecessor=40 250 169 214 
2025-02-07 03:30:40 FATAL 41 61 111 157 :379  - The rare situation has occured at time 1738917040522, id to look up=254 93 187 206 , id of local node=41 61 111 157 , id of predecessor=40 250 169 214 
2025-02-07 03:30:40 FATAL 41 61 111 157 :379  - The rare situation has occured at time 1738917040726, id to look up=10 222 124 44 , id of local node=41 61 111 157 , id of predecessor=40 250 169 214 
2025-02-07 03:30:40 FATAL 41 61 111 157 :379  - The rare situation has occured at time 1738917040976, id to look up=23 186 7 145 , id of local node=41 61 111 157 , id of predecessor=40 250 169 214 
2025-02-07 03:30:41 FATAL 41 61 111 157 :379  - The rare situation has occured at time 1738917041076, id to look up=123 82 0 155 , id of local node=41 61 111 157 , id of predecessor=40 250 169 214 
2025-02-07 03:30:41 FATAL 41 61 111 157 :379  - The rare situation has occured at time 1738917041666, id to look up=21 116 189 219 , id of local node=41 61 111 157 , id of predecessor=40 250 169 214 
2025-02-07 03:30:42 FATAL 41 61 111 157 :379  - The rare situation has occured at time 1738917042022, id to look up=7 22 217 112 , id of local node=41 61 111 157 , id of predecessor=40 250 169 214 
2025-02-07 03:30:43 FATAL 41 61 111 157 :379  - The rare situation has occured at time 1738917043104, id to look up=18 198 252 6 , id of local node=41 61 111 157 , id of predecessor=40 250 169 214 
2025-02-07 03:30:43 FATAL 41 61 111 157 :379  - The rare situation has occured at time 1738917043316, id to look up=77 19 75 192 , id of local node=41 61 111 157 , id of predecessor=40 250 169 214 
2025-02-07 03:30:43 FATAL 41 61 111 157 :379  - The rare situation has occured at time 1738917043945, id to look up=10 87 203 83 , id of local node=41 61 111 157 , id of predecessor=40 250 169 214 
2025-02-07 03:30:44 FATAL 41 61 111 157 :379  - The rare situation has occured at time 1738917044213, id to look up=119 25 161 199 , id of local node=41 61 111 157 , id of predecessor=40 250 169 214 
2025-02-07 03:30:44 FATAL 41 61 111 157 :379  - The rare situation has occured at time 1738917044843, id to look up=34 210 0 248 , id of local node=41 61 111 157 , id of predecessor=40 250 169 214 
