2025-02-07 03:26:05 WARN  OpenChordTest:203  - Peer joined at ocsocket://localhost:8112/ via ocsocket://localhost:8080/
2025-02-07 03:26:05 WARN  OpenChordTest:58  - Insert time for key 32 = 95 ms
2025-02-07 03:26:05 WARN  OpenChordTest:60  - Inserted (32, default)
2025-02-07 03:26:05 WARN  OpenChordTest:64  - Memory usage at ocsocket://localhost:8112/ = 13 MB
2025-02-07 03:28:05 FATAL 171 169 249 91 :379  - The rare situation has occured at time 1738916885757, id to look up=119 222 104 218 , id of local node=171 169 249 91 , id of predecessor=161 201 197 38 
2025-02-07 03:28:08 FATAL 171 169 249 91 :379  - The rare situation has occured at time 1738916888498, id to look up=123 82 0 155 , id of local node=171 169 249 91 , id of predecessor=161 201 197 38 
2025-02-07 03:28:10 FATAL 171 169 249 91 :379  - The rare situation has occured at time 1738916890099, id to look up=158 106 85 182 , id of local node=171 169 249 91 , id of predecessor=161 201 197 38 
2025-02-07 03:28:10 FATAL 171 169 249 91 :379  - The rare situation has occured at time 1738916890897, id to look up=77 19 75 192 , id of local node=171 169 249 91 , id of predecessor=161 201 197 38 
2025-02-07 03:28:12 FATAL 171 169 249 91 :379  - The rare situation has occured at time 1738916892859, id to look up=119 25 161 199 , id of local node=171 169 249 91 , id of predecessor=161 201 197 38 
2025-02-07 03:28:47 FATAL 171 169 249 91 :379  - The rare situation has occured at time 1738916927597, id to look up=119 222 104 218 , id of local node=171 169 249 91 , id of predecessor=161 201 197 38 
2025-02-07 03:28:49 FATAL 171 169 249 91 :379  - The rare situation has occured at time 1738916929787, id to look up=123 82 0 155 , id of local node=171 169 249 91 , id of predecessor=161 201 197 38 
2025-02-07 03:28:51 FATAL 171 169 249 91 :379  - The rare situation has occured at time 1738916931308, id to look up=158 106 85 182 , id of local node=171 169 249 91 , id of predecessor=161 201 197 38 
2025-02-07 03:28:52 FATAL 171 169 249 91 :379  - The rare situation has occured at time 1738916932066, id to look up=77 19 75 192 , id of local node=171 169 249 91 , id of predecessor=161 201 197 38 
2025-02-07 03:28:53 FATAL 171 169 249 91 :379  - The rare situation has occured at time 1738916933557, id to look up=119 25 161 199 , id of local node=171 169 249 91 , id of predecessor=161 201 197 38 
2025-02-07 03:29:43 FATAL 171 169 249 91 :379  - The rare situation has occured at time 1738916983785, id to look up=119 222 104 218 , id of local node=171 169 249 91 , id of predecessor=161 201 197 38 
2025-02-07 03:29:46 FATAL 171 169 249 91 :379  - The rare situation has occured at time 1738916986136, id to look up=123 82 0 155 , id of local node=171 169 249 91 , id of predecessor=161 201 197 38 
2025-02-07 03:29:47 FATAL 171 169 249 91 :379  - The rare situation has occured at time 1738916987696, id to look up=158 106 85 182 , id of local node=171 169 249 91 , id of predecessor=161 201 197 38 
2025-02-07 03:29:48 FATAL 171 169 249 91 :379  - The rare situation has occured at time 1738916988465, id to look up=77 19 75 192 , id of local node=171 169 249 91 , id of predecessor=161 201 197 38 
2025-02-07 03:29:49 FATAL 171 169 249 91 :379  - The rare situation has occured at time 1738916989735, id to look up=119 25 161 199 , id of local node=171 169 249 91 , id of predecessor=161 201 197 38 
2025-02-07 03:30:11 FATAL 171 169 249 91 :379  - The rare situation has occured at time 1738917011195, id to look up=119 222 104 218 , id of local node=171 169 249 91 , id of predecessor=161 201 197 38 
2025-02-07 03:30:13 FATAL 171 169 249 91 :379  - The rare situation has occured at time 1738917013356, id to look up=123 82 0 155 , id of local node=171 169 249 91 , id of predecessor=161 201 197 38 
2025-02-07 03:30:14 FATAL 171 169 249 91 :379  - The rare situation has occured at time 1738917014775, id to look up=158 106 85 182 , id of local node=171 169 249 91 , id of predecessor=161 201 197 38 
2025-02-07 03:30:15 FATAL 171 169 249 91 :379  - The rare situation has occured at time 1738917015545, id to look up=77 19 75 192 , id of local node=171 169 249 91 , id of predecessor=161 201 197 38 
2025-02-07 03:30:15 FATAL 171 169 249 91 :379  - The rare situation has occured at time 1738917015983, id to look up=119 25 161 199 , id of local node=171 169 249 91 , id of predecessor=161 201 197 38 
2025-02-07 03:30:39 FATAL 171 169 249 91 :379  - The rare situation has occured at time 1738917039173, id to look up=119 222 104 218 , id of local node=171 169 249 91 , id of predecessor=161 201 197 38 
2025-02-07 03:30:41 FATAL 171 169 249 91 :379  - The rare situation has occured at time 1738917041273, id to look up=123 82 0 155 , id of local node=171 169 249 91 , id of predecessor=161 201 197 38 
2025-02-07 03:30:42 FATAL 171 169 249 91 :379  - The rare situation has occured at time 1738917042673, id to look up=158 106 85 182 , id of local node=171 169 249 91 , id of predecessor=161 201 197 38 
2025-02-07 03:30:43 FATAL 171 169 249 91 :379  - The rare situation has occured at time 1738917043482, id to look up=77 19 75 192 , id of local node=171 169 249 91 , id of predecessor=161 201 197 38 
2025-02-07 03:30:44 FATAL 171 169 249 91 :379  - The rare situation has occured at time 1738917044774, id to look up=119 25 161 199 , id of local node=171 169 249 91 , id of predecessor=161 201 197 38 
