2025-02-07 03:25:38 WARN  OpenChordTest:203  - Peer joined at ocsocket://localhost:8101/ via ocsocket://localhost:8080/
2025-02-07 03:25:38 WARN  OpenChordTest:58  - Insert time for key 21 = 114 ms
2025-02-07 03:25:38 WARN  OpenChordTest:60  - Inserted (21, default)
2025-02-07 03:25:38 WARN  OpenChordTest:64  - Memory usage at ocsocket://localhost:8101/ = 15 MB
2025-02-07 03:28:05 FATAL 31 80 111 140 :379  - The rare situation has occured at time 1738916885535, id to look up=119 222 104 218 , id of local node=31 80 111 140 , id of predecessor=29 180 217 92 
2025-02-07 03:28:06 FATAL 31 80 111 140 :379  - The rare situation has occured at time 1738916886213, id to look up=27 100 83 137 , id of local node=31 80 111 140 , id of predecessor=29 180 217 92 
2025-02-07 03:28:07 FATAL 31 80 111 140 :379  - The rare situation has occured at time 1738916887817, id to look up=254 93 187 206 , id of local node=31 80 111 140 , id of predecessor=29 180 217 92 
2025-02-07 03:28:07 FATAL 31 80 111 140 :379  - The rare situation has occured at time 1738916887922, id to look up=10 222 124 44 , id of local node=31 80 111 140 , id of predecessor=29 180 217 92 
2025-02-07 03:28:08 FATAL 31 80 111 140 :379  - The rare situation has occured at time 1738916888192, id to look up=23 186 7 145 , id of local node=31 80 111 140 , id of predecessor=29 180 217 92 
2025-02-07 03:28:08 FATAL 31 80 111 140 :379  - The rare situation has occured at time 1738916888302, id to look up=123 82 0 155 , id of local node=31 80 111 140 , id of predecessor=29 180 217 92 
2025-02-07 03:28:08 FATAL 31 80 111 140 :379  - The rare situation has occured at time 1738916888984, id to look up=21 116 189 219 , id of local node=31 80 111 140 , id of predecessor=29 180 217 92 
2025-02-07 03:28:09 FATAL 31 80 111 140 :379  - The rare situation has occured at time 1738916889437, id to look up=7 22 217 112 , id of local node=31 80 111 140 , id of predecessor=29 180 217 92 
2025-02-07 03:28:10 FATAL 31 80 111 140 :379  - The rare situation has occured at time 1738916890420, id to look up=18 198 252 6 , id of local node=31 80 111 140 , id of predecessor=29 180 217 92 
2025-02-07 03:28:10 FATAL 31 80 111 140 :379  - The rare situation has occured at time 1738916890631, id to look up=77 19 75 192 , id of local node=31 80 111 140 , id of predecessor=29 180 217 92 
2025-02-07 03:28:11 FATAL 31 80 111 140 :379  - The rare situation has occured at time 1738916891971, id to look up=10 87 203 83 , id of local node=31 80 111 140 , id of predecessor=29 180 217 92 
2025-02-07 03:28:12 FATAL 31 80 111 140 :379  - The rare situation has occured at time 1738916892287, id to look up=119 25 161 199 , id of local node=31 80 111 140 , id of predecessor=29 180 217 92 
2025-02-07 03:28:47 FATAL 31 80 111 140 :379  - The rare situation has occured at time 1738916927078, id to look up=119 222 104 218 , id of local node=31 80 111 140 , id of predecessor=29 180 217 92 
2025-02-07 03:28:47 FATAL 31 80 111 140 :379  - The rare situation has occured at time 1738916927972, id to look up=27 100 83 137 , id of local node=31 80 111 140 , id of predecessor=29 180 217 92 
2025-02-07 03:28:49 FATAL 31 80 111 140 :379  - The rare situation has occured at time 1738916929116, id to look up=254 93 187 206 , id of local node=31 80 111 140 , id of predecessor=29 180 217 92 
2025-02-07 03:28:49 FATAL 31 80 111 140 :379  - The rare situation has occured at time 1738916929222, id to look up=10 222 124 44 , id of local node=31 80 111 140 , id of predecessor=29 180 217 92 
2025-02-07 03:28:49 FATAL 31 80 111 140 :379  - The rare situation has occured at time 1738916929473, id to look up=23 186 7 145 , id of local node=31 80 111 140 , id of predecessor=29 180 217 92 
2025-02-07 03:28:49 FATAL 31 80 111 140 :379  - The rare situation has occured at time 1738916929579, id to look up=123 82 0 155 , id of local node=31 80 111 140 , id of predecessor=29 180 217 92 
2025-02-07 03:28:50 FATAL 31 80 111 140 :379  - The rare situation has occured at time 1738916930291, id to look up=21 116 189 219 , id of local node=31 80 111 140 , id of predecessor=29 180 217 92 
2025-02-07 03:28:50 FATAL 31 80 111 140 :379  - The rare situation has occured at time 1738916930656, id to look up=7 22 217 112 , id of local node=31 80 111 140 , id of predecessor=29 180 217 92 
2025-02-07 03:28:51 FATAL 31 80 111 140 :379  - The rare situation has occured at time 1738916931609, id to look up=18 198 252 6 , id of local node=31 80 111 140 , id of predecessor=29 180 217 92 
2025-02-07 03:28:51 FATAL 31 80 111 140 :379  - The rare situation has occured at time 1738916931810, id to look up=77 19 75 192 , id of local node=31 80 111 140 , id of predecessor=29 180 217 92 
2025-02-07 03:28:52 FATAL 31 80 111 140 :379  - The rare situation has occured at time 1738916932671, id to look up=10 87 203 83 , id of local node=31 80 111 140 , id of predecessor=29 180 217 92 
2025-02-07 03:28:52 FATAL 31 80 111 140 :379  - The rare situation has occured at time 1738916932986, id to look up=119 25 161 199 , id of local node=31 80 111 140 , id of predecessor=29 180 217 92 
2025-02-07 03:29:43 FATAL 31 80 111 140 :379  - The rare situation has occured at time 1738916983246, id to look up=119 222 104 218 , id of local node=31 80 111 140 , id of predecessor=29 180 217 92 
2025-02-07 03:29:44 FATAL 31 80 111 140 :379  - The rare situation has occured at time 1738916984200, id to look up=27 100 83 137 , id of local node=31 80 111 140 , id of predecessor=29 180 217 92 
2025-02-07 03:29:45 FATAL 31 80 111 140 :379  - The rare situation has occured at time 1738916985455, id to look up=254 93 187 206 , id of local node=31 80 111 140 , id of predecessor=29 180 217 92 
2025-02-07 03:29:45 FATAL 31 80 111 140 :379  - The rare situation has occured at time 1738916985569, id to look up=10 222 124 44 , id of local node=31 80 111 140 , id of predecessor=29 180 217 92 
2025-02-07 03:29:45 FATAL 31 80 111 140 :379  - The rare situation has occured at time 1738916985819, id to look up=23 186 7 145 , id of local node=31 80 111 140 , id of predecessor=29 180 217 92 
2025-02-07 03:29:45 FATAL 31 80 111 140 :379  - The rare situation has occured at time 1738916985930, id to look up=123 82 0 155 , id of local node=31 80 111 140 , id of predecessor=29 180 217 92 
2025-02-07 03:29:46 FATAL 31 80 111 140 :379  - The rare situation has occured at time 1738916986660, id to look up=21 116 189 219 , id of local node=31 80 111 140 , id of predecessor=29 180 217 92 
2025-02-07 03:29:47 FATAL 31 80 111 140 :379  - The rare situation has occured at time 1738916987124, id to look up=7 22 217 112 , id of local node=31 80 111 140 , id of predecessor=29 180 217 92 
2025-02-07 03:29:48 FATAL 31 80 111 140 :379  - The rare situation has occured at time 1738916988098, id to look up=18 198 252 6 , id of local node=31 80 111 140 , id of predecessor=29 180 217 92 
2025-02-07 03:29:48 FATAL 31 80 111 140 :379  - The rare situation has occured at time 1738916988311, id to look up=77 19 75 192 , id of local node=31 80 111 140 , id of predecessor=29 180 217 92 
2025-02-07 03:29:48 FATAL 31 80 111 140 :379  - The rare situation has occured at time 1738916988909, id to look up=10 87 203 83 , id of local node=31 80 111 140 , id of predecessor=29 180 217 92 
2025-02-07 03:29:49 FATAL 31 80 111 140 :379  - The rare situation has occured at time 1738916989285, id to look up=119 25 161 199 , id of local node=31 80 111 140 , id of predecessor=29 180 217 92 
2025-02-07 03:30:10 FATAL 31 80 111 140 :379  - The rare situation has occured at time 1738917010775, id to look up=119 222 104 218 , id of local node=31 80 111 140 , id of predecessor=29 180 217 92 
2025-02-07 03:30:11 FATAL 31 80 111 140 :379  - The rare situation has occured at time 1738917011569, id to look up=27 100 83 137 , id of local node=31 80 111 140 , id of predecessor=29 180 217 92 
2025-02-07 03:30:12 FATAL 31 80 111 140 :379  - The rare situation has occured at time 1738917012685, id to look up=254 93 187 206 , id of local node=31 80 111 140 , id of predecessor=29 180 217 92 
2025-02-07 03:30:12 FATAL 31 80 111 140 :379  - The rare situation has occured at time 1738917012790, id to look up=10 222 124 44 , id of local node=31 80 111 140 , id of predecessor=29 180 217 92 
2025-02-07 03:30:13 FATAL 31 80 111 140 :379  - The rare situation has occured at time 1738917013039, id to look up=23 186 7 145 , id of local node=31 80 111 140 , id of predecessor=29 180 217 92 
2025-02-07 03:30:13 FATAL 31 80 111 140 :379  - The rare situation has occured at time 1738917013149, id to look up=123 82 0 155 , id of local node=31 80 111 140 , id of predecessor=29 180 217 92 
2025-02-07 03:30:13 FATAL 31 80 111 140 :379  - The rare situation has occured at time 1738917013739, id to look up=21 116 189 219 , id of local node=31 80 111 140 , id of predecessor=29 180 217 92 
2025-02-07 03:30:14 FATAL 31 80 111 140 :379  - The rare situation has occured at time 1738917014195, id to look up=7 22 217 112 , id of local node=31 80 111 140 , id of predecessor=29 180 217 92 
2025-02-07 03:30:15 FATAL 31 80 111 140 :379  - The rare situation has occured at time 1738917015188, id to look up=18 198 252 6 , id of local node=31 80 111 140 , id of predecessor=29 180 217 92 
2025-02-07 03:30:15 FATAL 31 80 111 140 :379  - The rare situation has occured at time 1738917015399, id to look up=77 19 75 192 , id of local node=31 80 111 140 , id of predecessor=29 180 217 92 
2025-02-07 03:30:15 FATAL 31 80 111 140 :379  - The rare situation has occured at time 1738917015167, id to look up=10 87 203 83 , id of local node=31 80 111 140 , id of predecessor=29 180 217 92 
2025-02-07 03:30:15 FATAL 31 80 111 140 :379  - The rare situation has occured at time 1738917015532, id to look up=119 25 161 199 , id of local node=31 80 111 140 , id of predecessor=29 180 217 92 
2025-02-07 03:30:38 FATAL 31 80 111 140 :379  - The rare situation has occured at time 1738917038753, id to look up=119 222 104 218 , id of local node=31 80 111 140 , id of predecessor=29 180 217 92 
2025-02-07 03:30:39 FATAL 31 80 111 140 :379  - The rare situation has occured at time 1738917039547, id to look up=27 100 83 137 , id of local node=31 80 111 140 , id of predecessor=29 180 217 92 
2025-02-07 03:30:40 FATAL 31 80 111 140 :379  - The rare situation has occured at time 1738917040622, id to look up=254 93 187 206 , id of local node=31 80 111 140 , id of predecessor=29 180 217 92 
2025-02-07 03:30:40 FATAL 31 80 111 140 :379  - The rare situation has occured at time 1738917040727, id to look up=10 222 124 44 , id of local node=31 80 111 140 , id of predecessor=29 180 217 92 
2025-02-07 03:30:40 FATAL 31 80 111 140 :379  - The rare situation has occured at time 1738917040978, id to look up=23 186 7 145 , id of local node=31 80 111 140 , id of predecessor=29 180 217 92 
2025-02-07 03:30:41 FATAL 31 80 111 140 :379  - The rare situation has occured at time 1738917041077, id to look up=123 82 0 155 , id of local node=31 80 111 140 , id of predecessor=29 180 217 92 
2025-02-07 03:30:41 FATAL 31 80 111 140 :379  - The rare situation has occured at time 1738917041668, id to look up=21 116 189 219 , id of local node=31 80 111 140 , id of predecessor=29 180 217 92 
2025-02-07 03:30:42 FATAL 31 80 111 140 :379  - The rare situation has occured at time 1738917042122, id to look up=7 22 217 112 , id of local node=31 80 111 140 , id of predecessor=29 180 217 92 
2025-02-07 03:30:43 FATAL 31 80 111 140 :379  - The rare situation has occured at time 1738917043106, id to look up=18 198 252 6 , id of local node=31 80 111 140 , id of predecessor=29 180 217 92 
2025-02-07 03:30:43 FATAL 31 80 111 140 :379  - The rare situation has occured at time 1738917043317, id to look up=77 19 75 192 , id of local node=31 80 111 140 , id of predecessor=29 180 217 92 
2025-02-07 03:30:43 FATAL 31 80 111 140 :379  - The rare situation has occured at time 1738917043946, id to look up=10 87 203 83 , id of local node=31 80 111 140 , id of predecessor=29 180 217 92 
2025-02-07 03:30:44 FATAL 31 80 111 140 :379  - The rare situation has occured at time 1738917044313, id to look up=119 25 161 199 , id of local node=31 80 111 140 , id of predecessor=29 180 217 92 
