2025-02-07 03:25:25 WARN  OpenChordTest:203  - Peer joined at ocsocket://localhost:8094/ via ocsocket://localhost:8080/
2025-02-07 03:25:25 WARN  OpenChordTest:58  - Insert time for key 14 = 94 ms
2025-02-07 03:25:25 WARN  OpenChordTest:60  - Inserted (14, default)
2025-02-07 03:25:25 WARN  OpenChordTest:64  - Memory usage at ocsocket://localhost:8094/ = 18 MB
2025-02-07 03:28:05 FATAL 191 94 184 109 :379  - The rare situation has occured at time 1738916885600, id to look up=119 222 104 218 , id of local node=191 94 184 109 , id of predecessor=171 169 249 91 
2025-02-07 03:28:08 FATAL 191 94 184 109 :379  - The rare situation has occured at time 1738916888497, id to look up=123 82 0 155 , id of local node=191 94 184 109 , id of predecessor=171 169 249 91 
2025-02-07 03:28:10 FATAL 191 94 184 109 :379  - The rare situation has occured at time 1738916890098, id to look up=158 106 85 182 , id of local node=191 94 184 109 , id of predecessor=171 169 249 91 
2025-02-07 03:28:10 FATAL 191 94 184 109 :379  - The rare situation has occured at time 1738916890838, id to look up=77 19 75 192 , id of local node=191 94 184 109 , id of predecessor=171 169 249 91 
2025-02-07 03:28:12 FATAL 191 94 184 109 :379  - The rare situation has occured at time 1738916892857, id to look up=119 25 161 199 , id of local node=191 94 184 109 , id of predecessor=171 169 249 91 
2025-02-07 03:28:47 FATAL 191 94 184 109 :379  - The rare situation has occured at time 1738916927547, id to look up=119 222 104 218 , id of local node=191 94 184 109 , id of predecessor=171 169 249 91 
2025-02-07 03:28:49 FATAL 191 94 184 109 :379  - The rare situation has occured at time 1738916929786, id to look up=123 82 0 155 , id of local node=191 94 184 109 , id of predecessor=171 169 249 91 
2025-02-07 03:28:51 FATAL 191 94 184 109 :379  - The rare situation has occured at time 1738916931306, id to look up=158 106 85 182 , id of local node=191 94 184 109 , id of predecessor=171 169 249 91 
2025-02-07 03:28:52 FATAL 191 94 184 109 :379  - The rare situation has occured at time 1738916932016, id to look up=77 19 75 192 , id of local node=191 94 184 109 , id of predecessor=171 169 249 91 
2025-02-07 03:28:53 FATAL 191 94 184 109 :379  - The rare situation has occured at time 1738916933556, id to look up=119 25 161 199 , id of local node=191 94 184 109 , id of predecessor=171 169 249 91 
2025-02-07 03:29:43 FATAL 191 94 184 109 :379  - The rare situation has occured at time 1738916983735, id to look up=119 222 104 218 , id of local node=191 94 184 109 , id of predecessor=171 169 249 91 
2025-02-07 03:29:46 FATAL 191 94 184 109 :379  - The rare situation has occured at time 1738916986135, id to look up=123 82 0 155 , id of local node=191 94 184 109 , id of predecessor=171 169 249 91 
2025-02-07 03:29:47 FATAL 191 94 184 109 :379  - The rare situation has occured at time 1738916987695, id to look up=158 106 85 182 , id of local node=191 94 184 109 , id of predecessor=171 169 249 91 
2025-02-07 03:29:48 FATAL 191 94 184 109 :379  - The rare situation has occured at time 1738916988414, id to look up=77 19 75 192 , id of local node=191 94 184 109 , id of predecessor=171 169 249 91 
2025-02-07 03:29:49 FATAL 191 94 184 109 :379  - The rare situation has occured at time 1738916989734, id to look up=119 25 161 199 , id of local node=191 94 184 109 , id of predecessor=171 169 249 91 
2025-02-07 03:30:11 FATAL 191 94 184 109 :379  - The rare situation has occured at time 1738917011135, id to look up=119 222 104 218 , id of local node=191 94 184 109 , id of predecessor=171 169 249 91 
2025-02-07 03:30:13 FATAL 191 94 184 109 :379  - The rare situation has occured at time 1738917013355, id to look up=123 82 0 155 , id of local node=191 94 184 109 , id of predecessor=171 169 249 91 
2025-02-07 03:30:14 FATAL 191 94 184 109 :379  - The rare situation has occured at time 1738917014775, id to look up=158 106 85 182 , id of local node=191 94 184 109 , id of predecessor=171 169 249 91 
2025-02-07 03:30:15 FATAL 191 94 184 109 :379  - The rare situation has occured at time 1738917015495, id to look up=77 19 75 192 , id of local node=191 94 184 109 , id of predecessor=171 169 249 91 
2025-02-07 03:30:15 FATAL 191 94 184 109 :379  - The rare situation has occured at time 1738917015982, id to look up=119 25 161 199 , id of local node=191 94 184 109 , id of predecessor=171 169 249 91 
2025-02-07 03:30:39 FATAL 191 94 184 109 :379  - The rare situation has occured at time 1738917039123, id to look up=119 222 104 218 , id of local node=191 94 184 109 , id of predecessor=171 169 249 91 
2025-02-07 03:30:41 FATAL 191 94 184 109 :379  - The rare situation has occured at time 1738917041272, id to look up=123 82 0 155 , id of local node=191 94 184 109 , id of predecessor=171 169 249 91 
2025-02-07 03:30:42 FATAL 191 94 184 109 :379  - The rare situation has occured at time 1738917042673, id to look up=158 106 85 182 , id of local node=191 94 184 109 , id of predecessor=171 169 249 91 
2025-02-07 03:30:43 FATAL 191 94 184 109 :379  - The rare situation has occured at time 1738917043422, id to look up=77 19 75 192 , id of local node=191 94 184 109 , id of predecessor=171 169 249 91 
2025-02-07 03:30:44 FATAL 191 94 184 109 :379  - The rare situation has occured at time 1738917044773, id to look up=119 25 161 199 , id of local node=191 94 184 109 , id of predecessor=171 169 249 91 
