2025-02-07 03:25:51 WARN  OpenChordTest:203  - Peer joined at ocsocket://localhost:8107/ via ocsocket://localhost:8080/
2025-02-07 03:25:51 WARN  OpenChordTest:58  - Insert time for key 27 = 362 ms
2025-02-07 03:25:51 WARN  OpenChordTest:60  - Inserted (27, default)
2025-02-07 03:25:51 WARN  OpenChordTest:64  - Memory usage at ocsocket://localhost:8107/ = 18 MB
2025-02-07 03:28:05 FATAL 1 141 249 199 :379  - The rare situation has occured at time 1738916885538, id to look up=119 222 104 218 , id of local node=1 141 249 199 , id of predecessor=0 113 70 222 
2025-02-07 03:28:07 FATAL 1 141 249 199 :379  - The rare situation has occured at time 1738916887867, id to look up=254 93 187 206 , id of local node=1 141 249 199 , id of predecessor=0 113 70 222 
2025-02-07 03:28:08 FATAL 1 141 249 199 :379  - The rare situation has occured at time 1738916888397, id to look up=123 82 0 155 , id of local node=1 141 249 199 , id of predecessor=0 113 70 222 
2025-02-07 03:28:10 FATAL 1 141 249 199 :379  - The rare situation has occured at time 1738916890679, id to look up=77 19 75 192 , id of local node=1 141 249 199 , id of predecessor=0 113 70 222 
2025-02-07 03:28:12 FATAL 1 141 249 199 :379  - The rare situation has occured at time 1738916892348, id to look up=119 25 161 199 , id of local node=1 141 249 199 , id of predecessor=0 113 70 222 
2025-02-07 03:28:47 FATAL 1 141 249 199 :379  - The rare situation has occured at time 1738916927079, id to look up=119 222 104 218 , id of local node=1 141 249 199 , id of predecessor=0 113 70 222 
2025-02-07 03:28:49 FATAL 1 141 249 199 :379  - The rare situation has occured at time 1738916929167, id to look up=254 93 187 206 , id of local node=1 141 249 199 , id of predecessor=0 113 70 222 
2025-02-07 03:28:49 FATAL 1 141 249 199 :379  - The rare situation has occured at time 1738916929676, id to look up=123 82 0 155 , id of local node=1 141 249 199 , id of predecessor=0 113 70 222 
2025-02-07 03:28:51 FATAL 1 141 249 199 :379  - The rare situation has occured at time 1738916931867, id to look up=77 19 75 192 , id of local node=1 141 249 199 , id of predecessor=0 113 70 222 
2025-02-07 03:28:53 FATAL 1 141 249 199 :379  - The rare situation has occured at time 1738916933037, id to look up=119 25 161 199 , id of local node=1 141 249 199 , id of predecessor=0 113 70 222 
2025-02-07 03:29:43 FATAL 1 141 249 199 :379  - The rare situation has occured at time 1738916983248, id to look up=119 222 104 218 , id of local node=1 141 249 199 , id of predecessor=0 113 70 222 
2025-02-07 03:29:45 FATAL 1 141 249 199 :379  - The rare situation has occured at time 1738916985506, id to look up=254 93 187 206 , id of local node=1 141 249 199 , id of predecessor=0 113 70 222 
2025-02-07 03:29:46 FATAL 1 141 249 199 :379  - The rare situation has occured at time 1738916986025, id to look up=123 82 0 155 , id of local node=1 141 249 199 , id of predecessor=0 113 70 222 
2025-02-07 03:29:48 FATAL 1 141 249 199 :379  - The rare situation has occured at time 1738916988355, id to look up=77 19 75 192 , id of local node=1 141 249 199 , id of predecessor=0 113 70 222 
2025-02-07 03:29:49 FATAL 1 141 249 199 :379  - The rare situation has occured at time 1738916989335, id to look up=119 25 161 199 , id of local node=1 141 249 199 , id of predecessor=0 113 70 222 
2025-02-07 03:30:10 FATAL 1 141 249 199 :379  - The rare situation has occured at time 1738917010777, id to look up=119 222 104 218 , id of local node=1 141 249 199 , id of predecessor=0 113 70 222 
2025-02-07 03:30:12 FATAL 1 141 249 199 :379  - The rare situation has occured at time 1738917012735, id to look up=254 93 187 206 , id of local node=1 141 249 199 , id of predecessor=0 113 70 222 
2025-02-07 03:30:13 FATAL 1 141 249 199 :379  - The rare situation has occured at time 1738917013255, id to look up=123 82 0 155 , id of local node=1 141 249 199 , id of predecessor=0 113 70 222 
2025-02-07 03:30:15 FATAL 1 141 249 199 :379  - The rare situation has occured at time 1738917015445, id to look up=77 19 75 192 , id of local node=1 141 249 199 , id of predecessor=0 113 70 222 
2025-02-07 03:30:15 FATAL 1 141 249 199 :379  - The rare situation has occured at time 1738917015583, id to look up=119 25 161 199 , id of local node=1 141 249 199 , id of predecessor=0 113 70 222 
2025-02-07 03:30:38 FATAL 1 141 249 199 :379  - The rare situation has occured at time 1738917038755, id to look up=119 222 104 218 , id of local node=1 141 249 199 , id of predecessor=0 113 70 222 
2025-02-07 03:30:40 FATAL 1 141 249 199 :379  - The rare situation has occured at time 1738917040673, id to look up=254 93 187 206 , id of local node=1 141 249 199 , id of predecessor=0 113 70 222 
2025-02-07 03:30:41 FATAL 1 141 249 199 :379  - The rare situation has occured at time 1738917041173, id to look up=123 82 0 155 , id of local node=1 141 249 199 , id of predecessor=0 113 70 222 
2025-02-07 03:30:43 FATAL 1 141 249 199 :379  - The rare situation has occured at time 1738917043364, id to look up=77 19 75 192 , id of local node=1 141 249 199 , id of predecessor=0 113 70 222 
2025-02-07 03:30:44 FATAL 1 141 249 199 :379  - The rare situation has occured at time 1738917044363, id to look up=119 25 161 199 , id of local node=1 141 249 199 , id of predecessor=0 113 70 222 
