2025-02-07 03:25:16 WARN  OpenChordTest:203  - Peer joined at ocsocket://localhost:8090/ via ocsocket://localhost:8080/
2025-02-07 03:25:17 WARN  OpenChordTest:58  - Insert time for key 10 = 453 ms
2025-02-07 03:25:17 WARN  OpenChordTest:60  - Inserted (10, default)
2025-02-07 03:25:17 WARN  OpenChordTest:64  - Memory usage at ocsocket://localhost:8090/ = 19 MB
2025-02-07 03:28:05 FATAL 242 2 157 82 :379  - The rare situation has occured at time 1738916885327, id to look up=218 75 146 55 , id of local node=242 2 157 82 , id of predecessor=228 17 236 76 
2025-02-07 03:28:05 FATAL 242 2 157 82 :379  - The rare situation has occured at time 1738916885544, id to look up=119 222 104 218 , id of local node=242 2 157 82 , id of predecessor=228 17 236 76 
2025-02-07 03:28:06 FATAL 242 2 157 82 :379  - The rare situation has occured at time 1738916886579, id to look up=172 52 120 214 , id of local node=242 2 157 82 , id of predecessor=228 17 236 76 
2025-02-07 03:28:06 FATAL 242 2 157 82 :379  - The rare situation has occured at time 1738916886837, id to look up=193 223 217 110 , id of local node=242 2 157 82 , id of predecessor=228 17 236 76 
2025-02-07 03:28:08 FATAL 242 2 157 82 :379  - The rare situation has occured at time 1738916888020, id to look up=177 213 120 17 , id of local node=242 2 157 82 , id of predecessor=228 17 236 76 
2025-02-07 03:28:08 FATAL 242 2 157 82 :379  - The rare situation has occured at time 1738916888449, id to look up=123 82 0 155 , id of local node=242 2 157 82 , id of predecessor=228 17 236 76 
2025-02-07 03:28:08 FATAL 242 2 157 82 :379  - The rare situation has occured at time 1738916888609, id to look up=189 48 122 62 , id of local node=242 2 157 82 , id of predecessor=228 17 236 76 
2025-02-07 03:28:09 FATAL 242 2 157 82 :379  - The rare situation has occured at time 1738916889697, id to look up=158 106 85 182 , id of local node=242 2 157 82 , id of predecessor=228 17 236 76 
2025-02-07 03:28:10 FATAL 242 2 157 82 :379  - The rare situation has occured at time 1738916890160, id to look up=179 240 199 246 , id of local node=242 2 157 82 , id of predecessor=228 17 236 76 
2025-02-07 03:28:10 FATAL 242 2 157 82 :379  - The rare situation has occured at time 1738916890567, id to look up=212 53 166 205 , id of local node=242 2 157 82 , id of predecessor=228 17 236 76 
2025-02-07 03:28:10 FATAL 242 2 157 82 :379  - The rare situation has occured at time 1738916890682, id to look up=77 19 75 192 , id of local node=242 2 157 82 , id of predecessor=228 17 236 76 
2025-02-07 03:28:11 FATAL 242 2 157 82 :379  - The rare situation has occured at time 1738916891809, id to look up=188 51 234 78 , id of local node=242 2 157 82 , id of predecessor=228 17 236 76 
2025-02-07 03:28:12 FATAL 242 2 157 82 :379  - The rare situation has occured at time 1738916892457, id to look up=119 25 161 199 , id of local node=242 2 157 82 , id of predecessor=228 17 236 76 
2025-02-07 03:28:13 FATAL 242 2 157 82 :379  - The rare situation has occured at time 1738916893418, id to look up=203 78 82 8 , id of local node=242 2 157 82 , id of predecessor=228 17 236 76 
2025-02-07 03:28:46 FATAL 242 2 157 82 :379  - The rare situation has occured at time 1738916926776, id to look up=218 75 146 55 , id of local node=242 2 157 82 , id of predecessor=228 17 236 76 
2025-02-07 03:28:47 FATAL 242 2 157 82 :379  - The rare situation has occured at time 1738916927186, id to look up=119 222 104 218 , id of local node=242 2 157 82 , id of predecessor=228 17 236 76 
2025-02-07 03:28:48 FATAL 242 2 157 82 :379  - The rare situation has occured at time 1738916928078, id to look up=172 52 120 214 , id of local node=242 2 157 82 , id of predecessor=228 17 236 76 
2025-02-07 03:28:48 FATAL 242 2 157 82 :379  - The rare situation has occured at time 1738916928307, id to look up=193 223 217 110 , id of local node=242 2 157 82 , id of predecessor=228 17 236 76 
2025-02-07 03:28:49 FATAL 242 2 157 82 :379  - The rare situation has occured at time 1738916929319, id to look up=177 213 120 17 , id of local node=242 2 157 82 , id of predecessor=228 17 236 76 
2025-02-07 03:28:49 FATAL 242 2 157 82 :379  - The rare situation has occured at time 1738916929728, id to look up=123 82 0 155 , id of local node=242 2 157 82 , id of predecessor=228 17 236 76 
2025-02-07 03:28:49 FATAL 242 2 157 82 :379  - The rare situation has occured at time 1738916929908, id to look up=189 48 122 62 , id of local node=242 2 157 82 , id of predecessor=228 17 236 76 
2025-02-07 03:28:50 FATAL 242 2 157 82 :379  - The rare situation has occured at time 1738916930906, id to look up=158 106 85 182 , id of local node=242 2 157 82 , id of predecessor=228 17 236 76 
2025-02-07 03:28:51 FATAL 242 2 157 82 :379  - The rare situation has occured at time 1738916931359, id to look up=179 240 199 246 , id of local node=242 2 157 82 , id of predecessor=228 17 236 76 
2025-02-07 03:28:51 FATAL 242 2 157 82 :379  - The rare situation has occured at time 1738916931756, id to look up=212 53 166 205 , id of local node=242 2 157 82 , id of predecessor=228 17 236 76 
2025-02-07 03:28:51 FATAL 242 2 157 82 :379  - The rare situation has occured at time 1738916931870, id to look up=77 19 75 192 , id of local node=242 2 157 82 , id of predecessor=228 17 236 76 
2025-02-07 03:28:52 FATAL 242 2 157 82 :379  - The rare situation has occured at time 1738916932508, id to look up=188 51 234 78 , id of local node=242 2 157 82 , id of predecessor=228 17 236 76 
2025-02-07 03:28:53 FATAL 242 2 157 82 :379  - The rare situation has occured at time 1738916933146, id to look up=119 25 161 199 , id of local node=242 2 157 82 , id of predecessor=228 17 236 76 
2025-02-07 03:28:53 FATAL 242 2 157 82 :379  - The rare situation has occured at time 1738916933777, id to look up=203 78 82 8 , id of local node=242 2 157 82 , id of predecessor=228 17 236 76 
2025-02-07 03:29:42 FATAL 242 2 157 82 :379  - The rare situation has occured at time 1738916982845, id to look up=218 75 146 55 , id of local node=242 2 157 82 , id of predecessor=228 17 236 76 
2025-02-07 03:29:43 FATAL 242 2 157 82 :379  - The rare situation has occured at time 1738916983345, id to look up=119 222 104 218 , id of local node=242 2 157 82 , id of predecessor=228 17 236 76 
2025-02-07 03:29:44 FATAL 242 2 157 82 :379  - The rare situation has occured at time 1738916984266, id to look up=172 52 120 214 , id of local node=242 2 157 82 , id of predecessor=228 17 236 76 
2025-02-07 03:29:44 FATAL 242 2 157 82 :379  - The rare situation has occured at time 1738916984484, id to look up=193 223 217 110 , id of local node=242 2 157 82 , id of predecessor=228 17 236 76 
2025-02-07 03:29:45 FATAL 242 2 157 82 :379  - The rare situation has occured at time 1738916985666, id to look up=177 213 120 17 , id of local node=242 2 157 82 , id of predecessor=228 17 236 76 
2025-02-07 03:29:46 FATAL 242 2 157 82 :379  - The rare situation has occured at time 1738916986087, id to look up=123 82 0 155 , id of local node=242 2 157 82 , id of predecessor=228 17 236 76 
2025-02-07 03:29:46 FATAL 242 2 157 82 :379  - The rare situation has occured at time 1738916986246, id to look up=189 48 122 62 , id of local node=242 2 157 82 , id of predecessor=228 17 236 76 
2025-02-07 03:29:47 FATAL 242 2 157 82 :379  - The rare situation has occured at time 1738916987287, id to look up=158 106 85 182 , id of local node=242 2 157 82 , id of predecessor=228 17 236 76 
2025-02-07 03:29:47 FATAL 242 2 157 82 :379  - The rare situation has occured at time 1738916987795, id to look up=179 240 199 246 , id of local node=242 2 157 82 , id of predecessor=228 17 236 76 
2025-02-07 03:29:48 FATAL 242 2 157 82 :379  - The rare situation has occured at time 1738916988358, id to look up=77 19 75 192 , id of local node=242 2 157 82 , id of predecessor=228 17 236 76 
2025-02-07 03:29:48 FATAL 242 2 157 82 :379  - The rare situation has occured at time 1738916988797, id to look up=188 51 234 78 , id of local node=242 2 157 82 , id of predecessor=228 17 236 76 
2025-02-07 03:29:49 FATAL 242 2 157 82 :379  - The rare situation has occured at time 1738916989338, id to look up=119 25 161 199 , id of local node=242 2 157 82 , id of predecessor=228 17 236 76 
2025-02-07 03:29:50 FATAL 242 2 157 82 :379  - The rare situation has occured at time 1738916990305, id to look up=203 78 82 8 , id of local node=242 2 157 82 , id of predecessor=228 17 236 76 
2025-02-07 03:30:10 FATAL 242 2 157 82 :379  - The rare situation has occured at time 1738917010565, id to look up=218 75 146 55 , id of local node=242 2 157 82 , id of predecessor=228 17 236 76 
2025-02-07 03:30:10 FATAL 242 2 157 82 :379  - The rare situation has occured at time 1738917010781, id to look up=119 222 104 218 , id of local node=242 2 157 82 , id of predecessor=228 17 236 76 
2025-02-07 03:30:11 FATAL 242 2 157 82 :379  - The rare situation has occured at time 1738917011626, id to look up=172 52 120 214 , id of local node=242 2 157 82 , id of predecessor=228 17 236 76 
2025-02-07 03:30:11 FATAL 242 2 157 82 :379  - The rare situation has occured at time 1738917011854, id to look up=193 223 217 110 , id of local node=242 2 157 82 , id of predecessor=228 17 236 76 
2025-02-07 03:30:12 FATAL 242 2 157 82 :379  - The rare situation has occured at time 1738917012886, id to look up=177 213 120 17 , id of local node=242 2 157 82 , id of predecessor=228 17 236 76 
2025-02-07 03:30:13 FATAL 242 2 157 82 :379  - The rare situation has occured at time 1738917013307, id to look up=123 82 0 155 , id of local node=242 2 157 82 , id of predecessor=228 17 236 76 
2025-02-07 03:30:13 FATAL 242 2 157 82 :379  - The rare situation has occured at time 1738917013466, id to look up=189 48 122 62 , id of local node=242 2 157 82 , id of predecessor=228 17 236 76 
2025-02-07 03:30:14 FATAL 242 2 157 82 :379  - The rare situation has occured at time 1738917014346, id to look up=158 106 85 182 , id of local node=242 2 157 82 , id of predecessor=228 17 236 76 
2025-02-07 03:30:14 FATAL 242 2 157 82 :379  - The rare situation has occured at time 1738917014884, id to look up=179 240 199 246 , id of local node=242 2 157 82 , id of predecessor=228 17 236 76 
2025-02-07 03:30:15 FATAL 242 2 157 82 :379  - The rare situation has occured at time 1738917015448, id to look up=77 19 75 192 , id of local node=242 2 157 82 , id of predecessor=228 17 236 76 
2025-02-07 03:30:15 FATAL 242 2 157 82 :379  - The rare situation has occured at time 1738917015044, id to look up=188 51 234 78 , id of local node=242 2 157 82 , id of predecessor=228 17 236 76 
2025-02-07 03:30:15 FATAL 242 2 157 82 :379  - The rare situation has occured at time 1738917015586, id to look up=119 25 161 199 , id of local node=242 2 157 82 , id of predecessor=228 17 236 76 
2025-02-07 03:30:16 FATAL 242 2 157 82 :379  - The rare situation has occured at time 1738917016262, id to look up=203 78 82 8 , id of local node=242 2 157 82 , id of predecessor=228 17 236 76 
2025-02-07 03:30:38 FATAL 242 2 157 82 :379  - The rare situation has occured at time 1738917038552, id to look up=218 75 146 55 , id of local node=242 2 157 82 , id of predecessor=228 17 236 76 
2025-02-07 03:30:38 FATAL 242 2 157 82 :379  - The rare situation has occured at time 1738917038758, id to look up=119 222 104 218 , id of local node=242 2 157 82 , id of predecessor=228 17 236 76 
2025-02-07 03:30:39 FATAL 242 2 157 82 :379  - The rare situation has occured at time 1738917039594, id to look up=172 52 120 214 , id of local node=242 2 157 82 , id of predecessor=228 17 236 76 
2025-02-07 03:30:39 FATAL 242 2 157 82 :379  - The rare situation has occured at time 1738917039812, id to look up=193 223 217 110 , id of local node=242 2 157 82 , id of predecessor=228 17 236 76 
2025-02-07 03:30:40 FATAL 242 2 157 82 :379  - The rare situation has occured at time 1738917040824, id to look up=177 213 120 17 , id of local node=242 2 157 82 , id of predecessor=228 17 236 76 
2025-02-07 03:30:41 FATAL 242 2 157 82 :379  - The rare situation has occured at time 1738917041225, id to look up=123 82 0 155 , id of local node=242 2 157 82 , id of predecessor=228 17 236 76 
2025-02-07 03:30:41 FATAL 242 2 157 82 :379  - The rare situation has occured at time 1738917041384, id to look up=189 48 122 62 , id of local node=242 2 157 82 , id of predecessor=228 17 236 76 
2025-02-07 03:30:42 FATAL 242 2 157 82 :379  - The rare situation has occured at time 1738917042274, id to look up=158 106 85 182 , id of local node=242 2 157 82 , id of predecessor=228 17 236 76 
2025-02-07 03:30:42 FATAL 242 2 157 82 :379  - The rare situation has occured at time 1738917042792, id to look up=179 240 199 246 , id of local node=242 2 157 82 , id of predecessor=228 17 236 76 
2025-02-07 03:30:43 FATAL 242 2 157 82 :379  - The rare situation has occured at time 1738917043366, id to look up=77 19 75 192 , id of local node=242 2 157 82 , id of predecessor=228 17 236 76 
2025-02-07 03:30:43 FATAL 242 2 157 82 :379  - The rare situation has occured at time 1738917043834, id to look up=188 51 234 78 , id of local node=242 2 157 82 , id of predecessor=228 17 236 76 
2025-02-07 03:30:44 FATAL 242 2 157 82 :379  - The rare situation has occured at time 1738917044366, id to look up=119 25 161 199 , id of local node=242 2 157 82 , id of predecessor=228 17 236 76 
2025-02-07 03:30:45 FATAL 242 2 157 82 :379  - The rare situation has occured at time 1738917045042, id to look up=203 78 82 8 , id of local node=242 2 157 82 , id of predecessor=228 17 236 76 
