2025-02-07 03:25:54 WARN  OpenChordTest:203  - Peer joined at ocsocket://localhost:8108/ via ocsocket://localhost:8080/
2025-02-07 03:25:54 WARN  OpenChordTest:58  - Insert time for key 28 = 145 ms
2025-02-07 03:25:54 WARN  OpenChordTest:60  - Inserted (28, default)
2025-02-07 03:25:54 WARN  OpenChordTest:64  - Memory usage at ocsocket://localhost:8108/ = 4 MB
2025-02-07 03:28:05 FATAL 228 17 236 76 :379  - The rare situation has occured at time 1738916885587, id to look up=119 222 104 218 , id of local node=228 17 236 76 , id of predecessor=214 35 194 29 
2025-02-07 03:28:06 FATAL 228 17 236 76 :379  - The rare situation has occured at time 1738916886580, id to look up=172 52 120 214 , id of local node=228 17 236 76 , id of predecessor=214 35 194 29 
2025-02-07 03:28:06 FATAL 228 17 236 76 :379  - The rare situation has occured at time 1738916886887, id to look up=193 223 217 110 , id of local node=228 17 236 76 , id of predecessor=214 35 194 29 
2025-02-07 03:28:08 FATAL 228 17 236 76 :379  - The rare situation has occured at time 1738916888021, id to look up=177 213 120 17 , id of local node=228 17 236 76 , id of predecessor=214 35 194 29 
2025-02-07 03:28:08 FATAL 228 17 236 76 :379  - The rare situation has occured at time 1738916888450, id to look up=123 82 0 155 , id of local node=228 17 236 76 , id of predecessor=214 35 194 29 
2025-02-07 03:28:08 FATAL 228 17 236 76 :379  - The rare situation has occured at time 1738916888610, id to look up=189 48 122 62 , id of local node=228 17 236 76 , id of predecessor=214 35 194 29 
2025-02-07 03:28:09 FATAL 228 17 236 76 :379  - The rare situation has occured at time 1738916889747, id to look up=158 106 85 182 , id of local node=228 17 236 76 , id of predecessor=214 35 194 29 
2025-02-07 03:28:10 FATAL 228 17 236 76 :379  - The rare situation has occured at time 1738916890161, id to look up=179 240 199 246 , id of local node=228 17 236 76 , id of predecessor=214 35 194 29 
2025-02-07 03:28:10 FATAL 228 17 236 76 :379  - The rare situation has occured at time 1738916890567, id to look up=212 53 166 205 , id of local node=228 17 236 76 , id of predecessor=214 35 194 29 
2025-02-07 03:28:10 FATAL 228 17 236 76 :379  - The rare situation has occured at time 1738916890737, id to look up=77 19 75 192 , id of local node=228 17 236 76 , id of predecessor=214 35 194 29 
2025-02-07 03:28:11 FATAL 228 17 236 76 :379  - The rare situation has occured at time 1738916891809, id to look up=188 51 234 78 , id of local node=228 17 236 76 , id of predecessor=214 35 194 29 
2025-02-07 03:28:12 FATAL 228 17 236 76 :379  - The rare situation has occured at time 1738916892507, id to look up=119 25 161 199 , id of local node=228 17 236 76 , id of predecessor=214 35 194 29 
2025-02-07 03:28:13 FATAL 228 17 236 76 :379  - The rare situation has occured at time 1738916893419, id to look up=203 78 82 8 , id of local node=228 17 236 76 , id of predecessor=214 35 194 29 
2025-02-07 03:28:47 FATAL 228 17 236 76 :379  - The rare situation has occured at time 1738916927246, id to look up=119 222 104 218 , id of local node=228 17 236 76 , id of predecessor=214 35 194 29 
2025-02-07 03:28:48 FATAL 228 17 236 76 :379  - The rare situation has occured at time 1738916928079, id to look up=172 52 120 214 , id of local node=228 17 236 76 , id of predecessor=214 35 194 29 
2025-02-07 03:28:48 FATAL 228 17 236 76 :379  - The rare situation has occured at time 1738916928366, id to look up=193 223 217 110 , id of local node=228 17 236 76 , id of predecessor=214 35 194 29 
2025-02-07 03:28:49 FATAL 228 17 236 76 :379  - The rare situation has occured at time 1738916929320, id to look up=177 213 120 17 , id of local node=228 17 236 76 , id of predecessor=214 35 194 29 
2025-02-07 03:28:49 FATAL 228 17 236 76 :379  - The rare situation has occured at time 1738916929729, id to look up=123 82 0 155 , id of local node=228 17 236 76 , id of predecessor=214 35 194 29 
2025-02-07 03:28:49 FATAL 228 17 236 76 :379  - The rare situation has occured at time 1738916929909, id to look up=189 48 122 62 , id of local node=228 17 236 76 , id of predecessor=214 35 194 29 
2025-02-07 03:28:50 FATAL 228 17 236 76 :379  - The rare situation has occured at time 1738916930956, id to look up=158 106 85 182 , id of local node=228 17 236 76 , id of predecessor=214 35 194 29 
2025-02-07 03:28:51 FATAL 228 17 236 76 :379  - The rare situation has occured at time 1738916931359, id to look up=179 240 199 246 , id of local node=228 17 236 76 , id of predecessor=214 35 194 29 
2025-02-07 03:28:51 FATAL 228 17 236 76 :379  - The rare situation has occured at time 1738916931757, id to look up=212 53 166 205 , id of local node=228 17 236 76 , id of predecessor=214 35 194 29 
2025-02-07 03:28:51 FATAL 228 17 236 76 :379  - The rare situation has occured at time 1738916931916, id to look up=77 19 75 192 , id of local node=228 17 236 76 , id of predecessor=214 35 194 29 
2025-02-07 03:28:52 FATAL 228 17 236 76 :379  - The rare situation has occured at time 1738916932508, id to look up=188 51 234 78 , id of local node=228 17 236 76 , id of predecessor=214 35 194 29 
2025-02-07 03:28:53 FATAL 228 17 236 76 :379  - The rare situation has occured at time 1738916933197, id to look up=119 25 161 199 , id of local node=228 17 236 76 , id of predecessor=214 35 194 29 
2025-02-07 03:28:53 FATAL 228 17 236 76 :379  - The rare situation has occured at time 1738916933778, id to look up=203 78 82 8 , id of local node=228 17 236 76 , id of predecessor=214 35 194 29 
2025-02-07 03:29:43 FATAL 228 17 236 76 :379  - The rare situation has occured at time 1738916983405, id to look up=119 222 104 218 , id of local node=228 17 236 76 , id of predecessor=214 35 194 29 
2025-02-07 03:29:44 FATAL 228 17 236 76 :379  - The rare situation has occured at time 1738916984267, id to look up=172 52 120 214 , id of local node=228 17 236 76 , id of predecessor=214 35 194 29 
2025-02-07 03:29:44 FATAL 228 17 236 76 :379  - The rare situation has occured at time 1738916984535, id to look up=193 223 217 110 , id of local node=228 17 236 76 , id of predecessor=214 35 194 29 
2025-02-07 03:29:45 FATAL 228 17 236 76 :379  - The rare situation has occured at time 1738916985667, id to look up=177 213 120 17 , id of local node=228 17 236 76 , id of predecessor=214 35 194 29 
2025-02-07 03:29:46 FATAL 228 17 236 76 :379  - The rare situation has occured at time 1738916986088, id to look up=123 82 0 155 , id of local node=228 17 236 76 , id of predecessor=214 35 194 29 
2025-02-07 03:29:46 FATAL 228 17 236 76 :379  - The rare situation has occured at time 1738916986247, id to look up=189 48 122 62 , id of local node=228 17 236 76 , id of predecessor=214 35 194 29 
2025-02-07 03:29:47 FATAL 228 17 236 76 :379  - The rare situation has occured at time 1738916987335, id to look up=158 106 85 182 , id of local node=228 17 236 76 , id of predecessor=214 35 194 29 
2025-02-07 03:29:47 FATAL 228 17 236 76 :379  - The rare situation has occured at time 1738916987796, id to look up=179 240 199 246 , id of local node=228 17 236 76 , id of predecessor=214 35 194 29 
2025-02-07 03:29:48 FATAL 228 17 236 76 :379  - The rare situation has occured at time 1738916988359, id to look up=77 19 75 192 , id of local node=228 17 236 76 , id of predecessor=214 35 194 29 
2025-02-07 03:29:48 FATAL 228 17 236 76 :379  - The rare situation has occured at time 1738916988798, id to look up=188 51 234 78 , id of local node=228 17 236 76 , id of predecessor=214 35 194 29 
2025-02-07 03:29:49 FATAL 228 17 236 76 :379  - The rare situation has occured at time 1738916989384, id to look up=119 25 161 199 , id of local node=228 17 236 76 , id of predecessor=214 35 194 29 
2025-02-07 03:29:50 FATAL 228 17 236 76 :379  - The rare situation has occured at time 1738916990305, id to look up=203 78 82 8 , id of local node=228 17 236 76 , id of predecessor=214 35 194 29 
2025-02-07 03:30:10 FATAL 228 17 236 76 :379  - The rare situation has occured at time 1738917010825, id to look up=119 222 104 218 , id of local node=228 17 236 76 , id of predecessor=214 35 194 29 
2025-02-07 03:30:11 FATAL 228 17 236 76 :379  - The rare situation has occured at time 1738917011626, id to look up=172 52 120 214 , id of local node=228 17 236 76 , id of predecessor=214 35 194 29 
2025-02-07 03:30:11 FATAL 228 17 236 76 :379  - The rare situation has occured at time 1738917011914, id to look up=193 223 217 110 , id of local node=228 17 236 76 , id of predecessor=214 35 194 29 
2025-02-07 03:30:12 FATAL 228 17 236 76 :379  - The rare situation has occured at time 1738917012887, id to look up=177 213 120 17 , id of local node=228 17 236 76 , id of predecessor=214 35 194 29 
2025-02-07 03:30:13 FATAL 228 17 236 76 :379  - The rare situation has occured at time 1738917013308, id to look up=123 82 0 155 , id of local node=228 17 236 76 , id of predecessor=214 35 194 29 
2025-02-07 03:30:13 FATAL 228 17 236 76 :379  - The rare situation has occured at time 1738917013467, id to look up=189 48 122 62 , id of local node=228 17 236 76 , id of predecessor=214 35 194 29 
2025-02-07 03:30:14 FATAL 228 17 236 76 :379  - The rare situation has occured at time 1738917014395, id to look up=158 106 85 182 , id of local node=228 17 236 76 , id of predecessor=214 35 194 29 
2025-02-07 03:30:14 FATAL 228 17 236 76 :379  - The rare situation has occured at time 1738917014885, id to look up=179 240 199 246 , id of local node=228 17 236 76 , id of predecessor=214 35 194 29 
2025-02-07 03:30:15 FATAL 228 17 236 76 :379  - The rare situation has occured at time 1738917015449, id to look up=77 19 75 192 , id of local node=228 17 236 76 , id of predecessor=214 35 194 29 
2025-02-07 03:30:15 FATAL 228 17 236 76 :379  - The rare situation has occured at time 1738917015045, id to look up=188 51 234 78 , id of local node=228 17 236 76 , id of predecessor=214 35 194 29 
2025-02-07 03:30:15 FATAL 228 17 236 76 :379  - The rare situation has occured at time 1738917015632, id to look up=119 25 161 199 , id of local node=228 17 236 76 , id of predecessor=214 35 194 29 
2025-02-07 03:30:16 FATAL 228 17 236 76 :379  - The rare situation has occured at time 1738917016263, id to look up=203 78 82 8 , id of local node=228 17 236 76 , id of predecessor=214 35 194 29 
2025-02-07 03:30:38 FATAL 228 17 236 76 :379  - The rare situation has occured at time 1738917038802, id to look up=119 222 104 218 , id of local node=228 17 236 76 , id of predecessor=214 35 194 29 
2025-02-07 03:30:39 FATAL 228 17 236 76 :379  - The rare situation has occured at time 1738917039595, id to look up=172 52 120 214 , id of local node=228 17 236 76 , id of predecessor=214 35 194 29 
2025-02-07 03:30:39 FATAL 228 17 236 76 :379  - The rare situation has occured at time 1738917039862, id to look up=193 223 217 110 , id of local node=228 17 236 76 , id of predecessor=214 35 194 29 
2025-02-07 03:30:40 FATAL 228 17 236 76 :379  - The rare situation has occured at time 1738917040824, id to look up=177 213 120 17 , id of local node=228 17 236 76 , id of predecessor=214 35 194 29 
2025-02-07 03:30:41 FATAL 228 17 236 76 :379  - The rare situation has occured at time 1738917041226, id to look up=123 82 0 155 , id of local node=228 17 236 76 , id of predecessor=214 35 194 29 
2025-02-07 03:30:41 FATAL 228 17 236 76 :379  - The rare situation has occured at time 1738917041385, id to look up=189 48 122 62 , id of local node=228 17 236 76 , id of predecessor=214 35 194 29 
2025-02-07 03:30:42 FATAL 228 17 236 76 :379  - The rare situation has occured at time 1738917042322, id to look up=158 106 85 182 , id of local node=228 17 236 76 , id of predecessor=214 35 194 29 
2025-02-07 03:30:42 FATAL 228 17 236 76 :379  - The rare situation has occured at time 1738917042793, id to look up=179 240 199 246 , id of local node=228 17 236 76 , id of predecessor=214 35 194 29 
2025-02-07 03:30:43 FATAL 228 17 236 76 :379  - The rare situation has occured at time 1738917043367, id to look up=77 19 75 192 , id of local node=228 17 236 76 , id of predecessor=214 35 194 29 
2025-02-07 03:30:43 FATAL 228 17 236 76 :379  - The rare situation has occured at time 1738917043835, id to look up=188 51 234 78 , id of local node=228 17 236 76 , id of predecessor=214 35 194 29 
2025-02-07 03:30:44 FATAL 228 17 236 76 :379  - The rare situation has occured at time 1738917044412, id to look up=119 25 161 199 , id of local node=228 17 236 76 , id of predecessor=214 35 194 29 
2025-02-07 03:30:45 FATAL 228 17 236 76 :379  - The rare situation has occured at time 1738917045043, id to look up=203 78 82 8 , id of local node=228 17 236 76 , id of predecessor=214 35 194 29 
