2025-02-07 03:25:36 WARN  OpenChordTest:203  - Peer joined at ocsocket://localhost:8099/ via ocsocket://localhost:8080/
2025-02-07 03:25:36 WARN  OpenChordTest:58  - Insert time for key 19 = 712 ms
2025-02-07 03:25:36 WARN  OpenChordTest:60  - Inserted (19, default)
2025-02-07 03:25:36 WARN  OpenChordTest:64  - Memory usage at ocsocket://localhost:8099/ = 21 MB
2025-02-07 03:28:05 FATAL 214 35 194 29 :379  - The rare situation has occured at time 1738916885589, id to look up=119 222 104 218 , id of local node=214 35 194 29 , id of predecessor=211 42 117 238 
2025-02-07 03:28:06 FATAL 214 35 194 29 :379  - The rare situation has occured at time 1738916886581, id to look up=172 52 120 214 , id of local node=214 35 194 29 , id of predecessor=211 42 117 238 
2025-02-07 03:28:06 FATAL 214 35 194 29 :379  - The rare situation has occured at time 1738916886947, id to look up=193 223 217 110 , id of local node=214 35 194 29 , id of predecessor=211 42 117 238 
2025-02-07 03:28:08 FATAL 214 35 194 29 :379  - The rare situation has occured at time 1738916888022, id to look up=177 213 120 17 , id of local node=214 35 194 29 , id of predecessor=211 42 117 238 
2025-02-07 03:28:08 FATAL 214 35 194 29 :379  - The rare situation has occured at time 1738916888450, id to look up=123 82 0 155 , id of local node=214 35 194 29 , id of predecessor=211 42 117 238 
2025-02-07 03:28:08 FATAL 214 35 194 29 :379  - The rare situation has occured at time 1738916888611, id to look up=189 48 122 62 , id of local node=214 35 194 29 , id of predecessor=211 42 117 238 
2025-02-07 03:28:09 FATAL 214 35 194 29 :379  - The rare situation has occured at time 1738916889797, id to look up=158 106 85 182 , id of local node=214 35 194 29 , id of predecessor=211 42 117 238 
2025-02-07 03:28:10 FATAL 214 35 194 29 :379  - The rare situation has occured at time 1738916890161, id to look up=179 240 199 246 , id of local node=214 35 194 29 , id of predecessor=211 42 117 238 
2025-02-07 03:28:10 FATAL 214 35 194 29 :379  - The rare situation has occured at time 1738916890787, id to look up=77 19 75 192 , id of local node=214 35 194 29 , id of predecessor=211 42 117 238 
2025-02-07 03:28:11 FATAL 214 35 194 29 :379  - The rare situation has occured at time 1738916891810, id to look up=188 51 234 78 , id of local node=214 35 194 29 , id of predecessor=211 42 117 238 
2025-02-07 03:28:12 FATAL 214 35 194 29 :379  - The rare situation has occured at time 1738916892558, id to look up=119 25 161 199 , id of local node=214 35 194 29 , id of predecessor=211 42 117 238 
2025-02-07 03:28:13 FATAL 214 35 194 29 :379  - The rare situation has occured at time 1738916893420, id to look up=203 78 82 8 , id of local node=214 35 194 29 , id of predecessor=211 42 117 238 
2025-02-07 03:28:47 FATAL 214 35 194 29 :379  - The rare situation has occured at time 1738916927296, id to look up=119 222 104 218 , id of local node=214 35 194 29 , id of predecessor=211 42 117 238 
2025-02-07 03:28:48 FATAL 214 35 194 29 :379  - The rare situation has occured at time 1738916928080, id to look up=172 52 120 214 , id of local node=214 35 194 29 , id of predecessor=211 42 117 238 
2025-02-07 03:28:48 FATAL 214 35 194 29 :379  - The rare situation has occured at time 1738916928417, id to look up=193 223 217 110 , id of local node=214 35 194 29 , id of predecessor=211 42 117 238 
2025-02-07 03:28:49 FATAL 214 35 194 29 :379  - The rare situation has occured at time 1738916929320, id to look up=177 213 120 17 , id of local node=214 35 194 29 , id of predecessor=211 42 117 238 
2025-02-07 03:28:49 FATAL 214 35 194 29 :379  - The rare situation has occured at time 1738916929730, id to look up=123 82 0 155 , id of local node=214 35 194 29 , id of predecessor=211 42 117 238 
2025-02-07 03:28:49 FATAL 214 35 194 29 :379  - The rare situation has occured at time 1738916929910, id to look up=189 48 122 62 , id of local node=214 35 194 29 , id of predecessor=211 42 117 238 
2025-02-07 03:28:51 FATAL 214 35 194 29 :379  - The rare situation has occured at time 1738916931006, id to look up=158 106 85 182 , id of local node=214 35 194 29 , id of predecessor=211 42 117 238 
2025-02-07 03:28:51 FATAL 214 35 194 29 :379  - The rare situation has occured at time 1738916931360, id to look up=179 240 199 246 , id of local node=214 35 194 29 , id of predecessor=211 42 117 238 
2025-02-07 03:28:51 FATAL 214 35 194 29 :379  - The rare situation has occured at time 1738916931966, id to look up=77 19 75 192 , id of local node=214 35 194 29 , id of predecessor=211 42 117 238 
2025-02-07 03:28:52 FATAL 214 35 194 29 :379  - The rare situation has occured at time 1738916932509, id to look up=188 51 234 78 , id of local node=214 35 194 29 , id of predecessor=211 42 117 238 
2025-02-07 03:28:53 FATAL 214 35 194 29 :379  - The rare situation has occured at time 1738916933246, id to look up=119 25 161 199 , id of local node=214 35 194 29 , id of predecessor=211 42 117 238 
2025-02-07 03:28:53 FATAL 214 35 194 29 :379  - The rare situation has occured at time 1738916933779, id to look up=203 78 82 8 , id of local node=214 35 194 29 , id of predecessor=211 42 117 238 
2025-02-07 03:29:43 FATAL 214 35 194 29 :379  - The rare situation has occured at time 1738916983464, id to look up=119 222 104 218 , id of local node=214 35 194 29 , id of predecessor=211 42 117 238 
2025-02-07 03:29:44 FATAL 214 35 194 29 :379  - The rare situation has occured at time 1738916984268, id to look up=172 52 120 214 , id of local node=214 35 194 29 , id of predecessor=211 42 117 238 
2025-02-07 03:29:44 FATAL 214 35 194 29 :379  - The rare situation has occured at time 1738916984585, id to look up=193 223 217 110 , id of local node=214 35 194 29 , id of predecessor=211 42 117 238 
2025-02-07 03:29:45 FATAL 214 35 194 29 :379  - The rare situation has occured at time 1738916985668, id to look up=177 213 120 17 , id of local node=214 35 194 29 , id of predecessor=211 42 117 238 
2025-02-07 03:29:46 FATAL 214 35 194 29 :379  - The rare situation has occured at time 1738916986088, id to look up=123 82 0 155 , id of local node=214 35 194 29 , id of predecessor=211 42 117 238 
2025-02-07 03:29:46 FATAL 214 35 194 29 :379  - The rare situation has occured at time 1738916986248, id to look up=189 48 122 62 , id of local node=214 35 194 29 , id of predecessor=211 42 117 238 
2025-02-07 03:29:47 FATAL 214 35 194 29 :379  - The rare situation has occured at time 1738916987395, id to look up=158 106 85 182 , id of local node=214 35 194 29 , id of predecessor=211 42 117 238 
2025-02-07 03:29:47 FATAL 214 35 194 29 :379  - The rare situation has occured at time 1738916987796, id to look up=179 240 199 246 , id of local node=214 35 194 29 , id of predecessor=211 42 117 238 
2025-02-07 03:29:48 FATAL 214 35 194 29 :379  - The rare situation has occured at time 1738916988359, id to look up=77 19 75 192 , id of local node=214 35 194 29 , id of predecessor=211 42 117 238 
2025-02-07 03:29:48 FATAL 214 35 194 29 :379  - The rare situation has occured at time 1738916988798, id to look up=188 51 234 78 , id of local node=214 35 194 29 , id of predecessor=211 42 117 238 
2025-02-07 03:29:49 FATAL 214 35 194 29 :379  - The rare situation has occured at time 1738916989435, id to look up=119 25 161 199 , id of local node=214 35 194 29 , id of predecessor=211 42 117 238 
2025-02-07 03:29:50 FATAL 214 35 194 29 :379  - The rare situation has occured at time 1738916990306, id to look up=203 78 82 8 , id of local node=214 35 194 29 , id of predecessor=211 42 117 238 
2025-02-07 03:30:10 FATAL 214 35 194 29 :379  - The rare situation has occured at time 1738917010874, id to look up=119 222 104 218 , id of local node=214 35 194 29 , id of predecessor=211 42 117 238 
2025-02-07 03:30:11 FATAL 214 35 194 29 :379  - The rare situation has occured at time 1738917011627, id to look up=172 52 120 214 , id of local node=214 35 194 29 , id of predecessor=211 42 117 238 
2025-02-07 03:30:11 FATAL 214 35 194 29 :379  - The rare situation has occured at time 1738917011965, id to look up=193 223 217 110 , id of local node=214 35 194 29 , id of predecessor=211 42 117 238 
2025-02-07 03:30:12 FATAL 214 35 194 29 :379  - The rare situation has occured at time 1738917012888, id to look up=177 213 120 17 , id of local node=214 35 194 29 , id of predecessor=211 42 117 238 
2025-02-07 03:30:13 FATAL 214 35 194 29 :379  - The rare situation has occured at time 1738917013308, id to look up=123 82 0 155 , id of local node=214 35 194 29 , id of predecessor=211 42 117 238 
2025-02-07 03:30:13 FATAL 214 35 194 29 :379  - The rare situation has occured at time 1738917013467, id to look up=189 48 122 62 , id of local node=214 35 194 29 , id of predecessor=211 42 117 238 
2025-02-07 03:30:14 FATAL 214 35 194 29 :379  - The rare situation has occured at time 1738917014445, id to look up=158 106 85 182 , id of local node=214 35 194 29 , id of predecessor=211 42 117 238 
2025-02-07 03:30:14 FATAL 214 35 194 29 :379  - The rare situation has occured at time 1738917014886, id to look up=179 240 199 246 , id of local node=214 35 194 29 , id of predecessor=211 42 117 238 
2025-02-07 03:30:15 FATAL 214 35 194 29 :379  - The rare situation has occured at time 1738917015450, id to look up=77 19 75 192 , id of local node=214 35 194 29 , id of predecessor=211 42 117 238 
2025-02-07 03:30:15 FATAL 214 35 194 29 :379  - The rare situation has occured at time 1738917015045, id to look up=188 51 234 78 , id of local node=214 35 194 29 , id of predecessor=211 42 117 238 
2025-02-07 03:30:15 FATAL 214 35 194 29 :379  - The rare situation has occured at time 1738917015683, id to look up=119 25 161 199 , id of local node=214 35 194 29 , id of predecessor=211 42 117 238 
2025-02-07 03:30:16 FATAL 214 35 194 29 :379  - The rare situation has occured at time 1738917016264, id to look up=203 78 82 8 , id of local node=214 35 194 29 , id of predecessor=211 42 117 238 
2025-02-07 03:30:38 FATAL 214 35 194 29 :379  - The rare situation has occured at time 1738917038852, id to look up=119 222 104 218 , id of local node=214 35 194 29 , id of predecessor=211 42 117 238 
2025-02-07 03:30:39 FATAL 214 35 194 29 :379  - The rare situation has occured at time 1738917039596, id to look up=172 52 120 214 , id of local node=214 35 194 29 , id of predecessor=211 42 117 238 
2025-02-07 03:30:39 FATAL 214 35 194 29 :379  - The rare situation has occured at time 1738917039922, id to look up=193 223 217 110 , id of local node=214 35 194 29 , id of predecessor=211 42 117 238 
2025-02-07 03:30:40 FATAL 214 35 194 29 :379  - The rare situation has occured at time 1738917040825, id to look up=177 213 120 17 , id of local node=214 35 194 29 , id of predecessor=211 42 117 238 
2025-02-07 03:30:41 FATAL 214 35 194 29 :379  - The rare situation has occured at time 1738917041226, id to look up=123 82 0 155 , id of local node=214 35 194 29 , id of predecessor=211 42 117 238 
2025-02-07 03:30:41 FATAL 214 35 194 29 :379  - The rare situation has occured at time 1738917041386, id to look up=189 48 122 62 , id of local node=214 35 194 29 , id of predecessor=211 42 117 238 
2025-02-07 03:30:42 FATAL 214 35 194 29 :379  - The rare situation has occured at time 1738917042372, id to look up=158 106 85 182 , id of local node=214 35 194 29 , id of predecessor=211 42 117 238 
2025-02-07 03:30:42 FATAL 214 35 194 29 :379  - The rare situation has occured at time 1738917042794, id to look up=179 240 199 246 , id of local node=214 35 194 29 , id of predecessor=211 42 117 238 
2025-02-07 03:30:43 FATAL 214 35 194 29 :379  - The rare situation has occured at time 1738917043368, id to look up=77 19 75 192 , id of local node=214 35 194 29 , id of predecessor=211 42 117 238 
2025-02-07 03:30:43 FATAL 214 35 194 29 :379  - The rare situation has occured at time 1738917043835, id to look up=188 51 234 78 , id of local node=214 35 194 29 , id of predecessor=211 42 117 238 
2025-02-07 03:30:44 FATAL 214 35 194 29 :379  - The rare situation has occured at time 1738917044462, id to look up=119 25 161 199 , id of local node=214 35 194 29 , id of predecessor=211 42 117 238 
2025-02-07 03:30:45 FATAL 214 35 194 29 :379  - The rare situation has occured at time 1738917045044, id to look up=203 78 82 8 , id of local node=214 35 194 29 , id of predecessor=211 42 117 238 
