2025-02-07 03:25:38 WARN  OpenChordTest:203  - Peer joined at ocsocket://localhost:8100/ via ocsocket://localhost:8080/
2025-02-07 03:25:39 WARN  OpenChordTest:58  - Insert time for key 20 = 451 ms
2025-02-07 03:25:39 WARN  OpenChordTest:60  - Inserted (20, default)
2025-02-07 03:25:39 WARN  OpenChordTest:64  - Memory usage at ocsocket://localhost:8100/ = 22 MB
2025-02-07 03:28:05 FATAL 204 191 22 172 :379  - The rare situation has occured at time 1738916885596, id to look up=119 222 104 218 , id of local node=204 191 22 172 , id of predecessor=198 23 79 243 
2025-02-07 03:28:06 FATAL 204 191 22 172 :379  - The rare situation has occured at time 1738916886584, id to look up=172 52 120 214 , id of local node=204 191 22 172 , id of predecessor=198 23 79 243 
2025-02-07 03:28:07 FATAL 204 191 22 172 :379  - The rare situation has occured at time 1738916887147, id to look up=193 223 217 110 , id of local node=204 191 22 172 , id of predecessor=198 23 79 243 
2025-02-07 03:28:08 FATAL 204 191 22 172 :379  - The rare situation has occured at time 1738916888026, id to look up=177 213 120 17 , id of local node=204 191 22 172 , id of predecessor=198 23 79 243 
2025-02-07 03:28:08 FATAL 204 191 22 172 :379  - The rare situation has occured at time 1738916888453, id to look up=123 82 0 155 , id of local node=204 191 22 172 , id of predecessor=198 23 79 243 
2025-02-07 03:28:08 FATAL 204 191 22 172 :379  - The rare situation has occured at time 1738916888614, id to look up=189 48 122 62 , id of local node=204 191 22 172 , id of predecessor=198 23 79 243 
2025-02-07 03:28:09 FATAL 204 191 22 172 :379  - The rare situation has occured at time 1738916889997, id to look up=158 106 85 182 , id of local node=204 191 22 172 , id of predecessor=198 23 79 243 
2025-02-07 03:28:10 FATAL 204 191 22 172 :379  - The rare situation has occured at time 1738916890165, id to look up=179 240 199 246 , id of local node=204 191 22 172 , id of predecessor=198 23 79 243 
2025-02-07 03:28:10 FATAL 204 191 22 172 :379  - The rare situation has occured at time 1738916890790, id to look up=77 19 75 192 , id of local node=204 191 22 172 , id of predecessor=198 23 79 243 
2025-02-07 03:28:11 FATAL 204 191 22 172 :379  - The rare situation has occured at time 1738916891813, id to look up=188 51 234 78 , id of local node=204 191 22 172 , id of predecessor=198 23 79 243 
2025-02-07 03:28:12 FATAL 204 191 22 172 :379  - The rare situation has occured at time 1738916892757, id to look up=119 25 161 199 , id of local node=204 191 22 172 , id of predecessor=198 23 79 243 
2025-02-07 03:28:47 FATAL 204 191 22 172 :379  - The rare situation has occured at time 1738916927497, id to look up=119 222 104 218 , id of local node=204 191 22 172 , id of predecessor=198 23 79 243 
2025-02-07 03:28:48 FATAL 204 191 22 172 :379  - The rare situation has occured at time 1738916928083, id to look up=172 52 120 214 , id of local node=204 191 22 172 , id of predecessor=198 23 79 243 
2025-02-07 03:28:48 FATAL 204 191 22 172 :379  - The rare situation has occured at time 1738916928636, id to look up=193 223 217 110 , id of local node=204 191 22 172 , id of predecessor=198 23 79 243 
2025-02-07 03:28:49 FATAL 204 191 22 172 :379  - The rare situation has occured at time 1738916929324, id to look up=177 213 120 17 , id of local node=204 191 22 172 , id of predecessor=198 23 79 243 
2025-02-07 03:28:49 FATAL 204 191 22 172 :379  - The rare situation has occured at time 1738916929734, id to look up=123 82 0 155 , id of local node=204 191 22 172 , id of predecessor=198 23 79 243 
2025-02-07 03:28:49 FATAL 204 191 22 172 :379  - The rare situation has occured at time 1738916929913, id to look up=189 48 122 62 , id of local node=204 191 22 172 , id of predecessor=198 23 79 243 
2025-02-07 03:28:51 FATAL 204 191 22 172 :379  - The rare situation has occured at time 1738916931207, id to look up=158 106 85 182 , id of local node=204 191 22 172 , id of predecessor=198 23 79 243 
2025-02-07 03:28:51 FATAL 204 191 22 172 :379  - The rare situation has occured at time 1738916931363, id to look up=179 240 199 246 , id of local node=204 191 22 172 , id of predecessor=198 23 79 243 
2025-02-07 03:28:51 FATAL 204 191 22 172 :379  - The rare situation has occured at time 1738916931969, id to look up=77 19 75 192 , id of local node=204 191 22 172 , id of predecessor=198 23 79 243 
2025-02-07 03:28:52 FATAL 204 191 22 172 :379  - The rare situation has occured at time 1738916932512, id to look up=188 51 234 78 , id of local node=204 191 22 172 , id of predecessor=198 23 79 243 
2025-02-07 03:28:53 FATAL 204 191 22 172 :379  - The rare situation has occured at time 1738916933456, id to look up=119 25 161 199 , id of local node=204 191 22 172 , id of predecessor=198 23 79 243 
2025-02-07 03:29:43 FATAL 204 191 22 172 :379  - The rare situation has occured at time 1738916983685, id to look up=119 222 104 218 , id of local node=204 191 22 172 , id of predecessor=198 23 79 243 
2025-02-07 03:29:44 FATAL 204 191 22 172 :379  - The rare situation has occured at time 1738916984271, id to look up=172 52 120 214 , id of local node=204 191 22 172 , id of predecessor=198 23 79 243 
2025-02-07 03:29:44 FATAL 204 191 22 172 :379  - The rare situation has occured at time 1738916984785, id to look up=193 223 217 110 , id of local node=204 191 22 172 , id of predecessor=198 23 79 243 
2025-02-07 03:29:45 FATAL 204 191 22 172 :379  - The rare situation has occured at time 1738916985670, id to look up=177 213 120 17 , id of local node=204 191 22 172 , id of predecessor=198 23 79 243 
2025-02-07 03:29:46 FATAL 204 191 22 172 :379  - The rare situation has occured at time 1738916986091, id to look up=123 82 0 155 , id of local node=204 191 22 172 , id of predecessor=198 23 79 243 
2025-02-07 03:29:46 FATAL 204 191 22 172 :379  - The rare situation has occured at time 1738916986250, id to look up=189 48 122 62 , id of local node=204 191 22 172 , id of predecessor=198 23 79 243 
2025-02-07 03:29:47 FATAL 204 191 22 172 :379  - The rare situation has occured at time 1738916987595, id to look up=158 106 85 182 , id of local node=204 191 22 172 , id of predecessor=198 23 79 243 
2025-02-07 03:29:47 FATAL 204 191 22 172 :379  - The rare situation has occured at time 1738916987799, id to look up=179 240 199 246 , id of local node=204 191 22 172 , id of predecessor=198 23 79 243 
2025-02-07 03:29:48 FATAL 204 191 22 172 :379  - The rare situation has occured at time 1738916988362, id to look up=77 19 75 192 , id of local node=204 191 22 172 , id of predecessor=198 23 79 243 
2025-02-07 03:29:48 FATAL 204 191 22 172 :379  - The rare situation has occured at time 1738916988801, id to look up=188 51 234 78 , id of local node=204 191 22 172 , id of predecessor=198 23 79 243 
2025-02-07 03:29:49 FATAL 204 191 22 172 :379  - The rare situation has occured at time 1738916989634, id to look up=119 25 161 199 , id of local node=204 191 22 172 , id of predecessor=198 23 79 243 
2025-02-07 03:30:11 FATAL 204 191 22 172 :379  - The rare situation has occured at time 1738917011085, id to look up=119 222 104 218 , id of local node=204 191 22 172 , id of predecessor=198 23 79 243 
2025-02-07 03:30:11 FATAL 204 191 22 172 :379  - The rare situation has occured at time 1738917011629, id to look up=172 52 120 214 , id of local node=204 191 22 172 , id of predecessor=198 23 79 243 
2025-02-07 03:30:12 FATAL 204 191 22 172 :379  - The rare situation has occured at time 1738917012164, id to look up=193 223 217 110 , id of local node=204 191 22 172 , id of predecessor=198 23 79 243 
2025-02-07 03:30:12 FATAL 204 191 22 172 :379  - The rare situation has occured at time 1738917012890, id to look up=177 213 120 17 , id of local node=204 191 22 172 , id of predecessor=198 23 79 243 
2025-02-07 03:30:13 FATAL 204 191 22 172 :379  - The rare situation has occured at time 1738917013310, id to look up=123 82 0 155 , id of local node=204 191 22 172 , id of predecessor=198 23 79 243 
2025-02-07 03:30:13 FATAL 204 191 22 172 :379  - The rare situation has occured at time 1738917013470, id to look up=189 48 122 62 , id of local node=204 191 22 172 , id of predecessor=198 23 79 243 
2025-02-07 03:30:14 FATAL 204 191 22 172 :379  - The rare situation has occured at time 1738917014665, id to look up=158 106 85 182 , id of local node=204 191 22 172 , id of predecessor=198 23 79 243 
2025-02-07 03:30:14 FATAL 204 191 22 172 :379  - The rare situation has occured at time 1738917014888, id to look up=179 240 199 246 , id of local node=204 191 22 172 , id of predecessor=198 23 79 243 
2025-02-07 03:30:15 FATAL 204 191 22 172 :379  - The rare situation has occured at time 1738917015452, id to look up=77 19 75 192 , id of local node=204 191 22 172 , id of predecessor=198 23 79 243 
2025-02-07 03:30:15 FATAL 204 191 22 172 :379  - The rare situation has occured at time 1738917015048, id to look up=188 51 234 78 , id of local node=204 191 22 172 , id of predecessor=198 23 79 243 
2025-02-07 03:30:15 FATAL 204 191 22 172 :379  - The rare situation has occured at time 1738917015883, id to look up=119 25 161 199 , id of local node=204 191 22 172 , id of predecessor=198 23 79 243 
2025-02-07 03:30:39 FATAL 204 191 22 172 :379  - The rare situation has occured at time 1738917039072, id to look up=119 222 104 218 , id of local node=204 191 22 172 , id of predecessor=198 23 79 243 
2025-02-07 03:30:39 FATAL 204 191 22 172 :379  - The rare situation has occured at time 1738917039598, id to look up=172 52 120 214 , id of local node=204 191 22 172 , id of predecessor=198 23 79 243 
2025-02-07 03:30:40 FATAL 204 191 22 172 :379  - The rare situation has occured at time 1738917040122, id to look up=193 223 217 110 , id of local node=204 191 22 172 , id of predecessor=198 23 79 243 
2025-02-07 03:30:40 FATAL 204 191 22 172 :379  - The rare situation has occured at time 1738917040827, id to look up=177 213 120 17 , id of local node=204 191 22 172 , id of predecessor=198 23 79 243 
2025-02-07 03:30:41 FATAL 204 191 22 172 :379  - The rare situation has occured at time 1738917041229, id to look up=123 82 0 155 , id of local node=204 191 22 172 , id of predecessor=198 23 79 243 
2025-02-07 03:30:41 FATAL 204 191 22 172 :379  - The rare situation has occured at time 1738917041388, id to look up=189 48 122 62 , id of local node=204 191 22 172 , id of predecessor=198 23 79 243 
2025-02-07 03:30:42 FATAL 204 191 22 172 :379  - The rare situation has occured at time 1738917042572, id to look up=158 106 85 182 , id of local node=204 191 22 172 , id of predecessor=198 23 79 243 
2025-02-07 03:30:42 FATAL 204 191 22 172 :379  - The rare situation has occured at time 1738917042796, id to look up=179 240 199 246 , id of local node=204 191 22 172 , id of predecessor=198 23 79 243 
2025-02-07 03:30:43 FATAL 204 191 22 172 :379  - The rare situation has occured at time 1738917043370, id to look up=77 19 75 192 , id of local node=204 191 22 172 , id of predecessor=198 23 79 243 
2025-02-07 03:30:43 FATAL 204 191 22 172 :379  - The rare situation has occured at time 1738917043838, id to look up=188 51 234 78 , id of local node=204 191 22 172 , id of predecessor=198 23 79 243 
2025-02-07 03:30:44 FATAL 204 191 22 172 :379  - The rare situation has occured at time 1738917044672, id to look up=119 25 161 199 , id of local node=204 191 22 172 , id of predecessor=198 23 79 243 
