2025-02-07 03:25:29 WARN  OpenChordTest:203  - Peer joined at ocsocket://localhost:8096/ via ocsocket://localhost:8080/
2025-02-07 03:25:29 WARN  OpenChordTest:58  - Insert time for key 16 = 260 ms
2025-02-07 03:25:29 WARN  OpenChordTest:60  - Inserted (16, default)
2025-02-07 03:25:29 WARN  OpenChordTest:64  - Memory usage at ocsocket://localhost:8096/ = 18 MB
2025-02-07 03:28:05 FATAL 207 46 52 205 :379  - The rare situation has occured at time 1738916885595, id to look up=119 222 104 218 , id of local node=207 46 52 205 , id of predecessor=204 191 22 172 
2025-02-07 03:28:06 FATAL 207 46 52 205 :379  - The rare situation has occured at time 1738916886583, id to look up=172 52 120 214 , id of local node=207 46 52 205 , id of predecessor=204 191 22 172 
2025-02-07 03:28:07 FATAL 207 46 52 205 :379  - The rare situation has occured at time 1738916887097, id to look up=193 223 217 110 , id of local node=207 46 52 205 , id of predecessor=204 191 22 172 
2025-02-07 03:28:08 FATAL 207 46 52 205 :379  - The rare situation has occured at time 1738916888025, id to look up=177 213 120 17 , id of local node=207 46 52 205 , id of predecessor=204 191 22 172 
2025-02-07 03:28:08 FATAL 207 46 52 205 :379  - The rare situation has occured at time 1738916888453, id to look up=123 82 0 155 , id of local node=207 46 52 205 , id of predecessor=204 191 22 172 
2025-02-07 03:28:08 FATAL 207 46 52 205 :379  - The rare situation has occured at time 1738916888613, id to look up=189 48 122 62 , id of local node=207 46 52 205 , id of predecessor=204 191 22 172 
2025-02-07 03:28:09 FATAL 207 46 52 205 :379  - The rare situation has occured at time 1738916889947, id to look up=158 106 85 182 , id of local node=207 46 52 205 , id of predecessor=204 191 22 172 
2025-02-07 03:28:10 FATAL 207 46 52 205 :379  - The rare situation has occured at time 1738916890165, id to look up=179 240 199 246 , id of local node=207 46 52 205 , id of predecessor=204 191 22 172 
2025-02-07 03:28:10 FATAL 207 46 52 205 :379  - The rare situation has occured at time 1738916890790, id to look up=77 19 75 192 , id of local node=207 46 52 205 , id of predecessor=204 191 22 172 
2025-02-07 03:28:11 FATAL 207 46 52 205 :379  - The rare situation has occured at time 1738916891812, id to look up=188 51 234 78 , id of local node=207 46 52 205 , id of predecessor=204 191 22 172 
2025-02-07 03:28:12 FATAL 207 46 52 205 :379  - The rare situation has occured at time 1738916892707, id to look up=119 25 161 199 , id of local node=207 46 52 205 , id of predecessor=204 191 22 172 
2025-02-07 03:28:13 FATAL 207 46 52 205 :379  - The rare situation has occured at time 1738916893423, id to look up=203 78 82 8 , id of local node=207 46 52 205 , id of predecessor=204 191 22 172 
2025-02-07 03:28:47 FATAL 207 46 52 205 :379  - The rare situation has occured at time 1738916927446, id to look up=119 222 104 218 , id of local node=207 46 52 205 , id of predecessor=204 191 22 172 
2025-02-07 03:28:48 FATAL 207 46 52 205 :379  - The rare situation has occured at time 1738916928082, id to look up=172 52 120 214 , id of local node=207 46 52 205 , id of predecessor=204 191 22 172 
2025-02-07 03:28:48 FATAL 207 46 52 205 :379  - The rare situation has occured at time 1738916928576, id to look up=193 223 217 110 , id of local node=207 46 52 205 , id of predecessor=204 191 22 172 
2025-02-07 03:28:49 FATAL 207 46 52 205 :379  - The rare situation has occured at time 1738916929323, id to look up=177 213 120 17 , id of local node=207 46 52 205 , id of predecessor=204 191 22 172 
2025-02-07 03:28:49 FATAL 207 46 52 205 :379  - The rare situation has occured at time 1738916929733, id to look up=123 82 0 155 , id of local node=207 46 52 205 , id of predecessor=204 191 22 172 
2025-02-07 03:28:49 FATAL 207 46 52 205 :379  - The rare situation has occured at time 1738916929913, id to look up=189 48 122 62 , id of local node=207 46 52 205 , id of predecessor=204 191 22 172 
2025-02-07 03:28:51 FATAL 207 46 52 205 :379  - The rare situation has occured at time 1738916931156, id to look up=158 106 85 182 , id of local node=207 46 52 205 , id of predecessor=204 191 22 172 
2025-02-07 03:28:51 FATAL 207 46 52 205 :379  - The rare situation has occured at time 1738916931362, id to look up=179 240 199 246 , id of local node=207 46 52 205 , id of predecessor=204 191 22 172 
2025-02-07 03:28:51 FATAL 207 46 52 205 :379  - The rare situation has occured at time 1738916931969, id to look up=77 19 75 192 , id of local node=207 46 52 205 , id of predecessor=204 191 22 172 
2025-02-07 03:28:52 FATAL 207 46 52 205 :379  - The rare situation has occured at time 1738916932511, id to look up=188 51 234 78 , id of local node=207 46 52 205 , id of predecessor=204 191 22 172 
2025-02-07 03:28:53 FATAL 207 46 52 205 :379  - The rare situation has occured at time 1738916933406, id to look up=119 25 161 199 , id of local node=207 46 52 205 , id of predecessor=204 191 22 172 
2025-02-07 03:28:53 FATAL 207 46 52 205 :379  - The rare situation has occured at time 1738916933781, id to look up=203 78 82 8 , id of local node=207 46 52 205 , id of predecessor=204 191 22 172 
2025-02-07 03:29:43 FATAL 207 46 52 205 :379  - The rare situation has occured at time 1738916983625, id to look up=119 222 104 218 , id of local node=207 46 52 205 , id of predecessor=204 191 22 172 
2025-02-07 03:29:44 FATAL 207 46 52 205 :379  - The rare situation has occured at time 1738916984270, id to look up=172 52 120 214 , id of local node=207 46 52 205 , id of predecessor=204 191 22 172 
2025-02-07 03:29:44 FATAL 207 46 52 205 :379  - The rare situation has occured at time 1738916984735, id to look up=193 223 217 110 , id of local node=207 46 52 205 , id of predecessor=204 191 22 172 
2025-02-07 03:29:45 FATAL 207 46 52 205 :379  - The rare situation has occured at time 1738916985669, id to look up=177 213 120 17 , id of local node=207 46 52 205 , id of predecessor=204 191 22 172 
2025-02-07 03:29:46 FATAL 207 46 52 205 :379  - The rare situation has occured at time 1738916986090, id to look up=123 82 0 155 , id of local node=207 46 52 205 , id of predecessor=204 191 22 172 
2025-02-07 03:29:46 FATAL 207 46 52 205 :379  - The rare situation has occured at time 1738916986250, id to look up=189 48 122 62 , id of local node=207 46 52 205 , id of predecessor=204 191 22 172 
2025-02-07 03:29:47 FATAL 207 46 52 205 :379  - The rare situation has occured at time 1738916987545, id to look up=158 106 85 182 , id of local node=207 46 52 205 , id of predecessor=204 191 22 172 
2025-02-07 03:29:47 FATAL 207 46 52 205 :379  - The rare situation has occured at time 1738916987798, id to look up=179 240 199 246 , id of local node=207 46 52 205 , id of predecessor=204 191 22 172 
2025-02-07 03:29:48 FATAL 207 46 52 205 :379  - The rare situation has occured at time 1738916988361, id to look up=77 19 75 192 , id of local node=207 46 52 205 , id of predecessor=204 191 22 172 
2025-02-07 03:29:48 FATAL 207 46 52 205 :379  - The rare situation has occured at time 1738916988800, id to look up=188 51 234 78 , id of local node=207 46 52 205 , id of predecessor=204 191 22 172 
2025-02-07 03:29:49 FATAL 207 46 52 205 :379  - The rare situation has occured at time 1738916989585, id to look up=119 25 161 199 , id of local node=207 46 52 205 , id of predecessor=204 191 22 172 
2025-02-07 03:29:50 FATAL 207 46 52 205 :379  - The rare situation has occured at time 1738916990308, id to look up=203 78 82 8 , id of local node=207 46 52 205 , id of predecessor=204 191 22 172 
2025-02-07 03:30:11 FATAL 207 46 52 205 :379  - The rare situation has occured at time 1738917011034, id to look up=119 222 104 218 , id of local node=207 46 52 205 , id of predecessor=204 191 22 172 
2025-02-07 03:30:11 FATAL 207 46 52 205 :379  - The rare situation has occured at time 1738917011629, id to look up=172 52 120 214 , id of local node=207 46 52 205 , id of predecessor=204 191 22 172 
2025-02-07 03:30:12 FATAL 207 46 52 205 :379  - The rare situation has occured at time 1738917012115, id to look up=193 223 217 110 , id of local node=207 46 52 205 , id of predecessor=204 191 22 172 
2025-02-07 03:30:12 FATAL 207 46 52 205 :379  - The rare situation has occured at time 1738917012890, id to look up=177 213 120 17 , id of local node=207 46 52 205 , id of predecessor=204 191 22 172 
2025-02-07 03:30:13 FATAL 207 46 52 205 :379  - The rare situation has occured at time 1738917013310, id to look up=123 82 0 155 , id of local node=207 46 52 205 , id of predecessor=204 191 22 172 
2025-02-07 03:30:13 FATAL 207 46 52 205 :379  - The rare situation has occured at time 1738917013469, id to look up=189 48 122 62 , id of local node=207 46 52 205 , id of predecessor=204 191 22 172 
2025-02-07 03:30:14 FATAL 207 46 52 205 :379  - The rare situation has occured at time 1738917014605, id to look up=158 106 85 182 , id of local node=207 46 52 205 , id of predecessor=204 191 22 172 
2025-02-07 03:30:14 FATAL 207 46 52 205 :379  - The rare situation has occured at time 1738917014887, id to look up=179 240 199 246 , id of local node=207 46 52 205 , id of predecessor=204 191 22 172 
2025-02-07 03:30:15 FATAL 207 46 52 205 :379  - The rare situation has occured at time 1738917015452, id to look up=77 19 75 192 , id of local node=207 46 52 205 , id of predecessor=204 191 22 172 
2025-02-07 03:30:15 FATAL 207 46 52 205 :379  - The rare situation has occured at time 1738917015047, id to look up=188 51 234 78 , id of local node=207 46 52 205 , id of predecessor=204 191 22 172 
2025-02-07 03:30:15 FATAL 207 46 52 205 :379  - The rare situation has occured at time 1738917015833, id to look up=119 25 161 199 , id of local node=207 46 52 205 , id of predecessor=204 191 22 172 
2025-02-07 03:30:16 FATAL 207 46 52 205 :379  - The rare situation has occured at time 1738917016266, id to look up=203 78 82 8 , id of local node=207 46 52 205 , id of predecessor=204 191 22 172 
2025-02-07 03:30:39 FATAL 207 46 52 205 :379  - The rare situation has occured at time 1738917039012, id to look up=119 222 104 218 , id of local node=207 46 52 205 , id of predecessor=204 191 22 172 
2025-02-07 03:30:39 FATAL 207 46 52 205 :379  - The rare situation has occured at time 1738917039598, id to look up=172 52 120 214 , id of local node=207 46 52 205 , id of predecessor=204 191 22 172 
2025-02-07 03:30:40 FATAL 207 46 52 205 :379  - The rare situation has occured at time 1738917040073, id to look up=193 223 217 110 , id of local node=207 46 52 205 , id of predecessor=204 191 22 172 
2025-02-07 03:30:40 FATAL 207 46 52 205 :379  - The rare situation has occured at time 1738917040827, id to look up=177 213 120 17 , id of local node=207 46 52 205 , id of predecessor=204 191 22 172 
2025-02-07 03:30:41 FATAL 207 46 52 205 :379  - The rare situation has occured at time 1738917041228, id to look up=123 82 0 155 , id of local node=207 46 52 205 , id of predecessor=204 191 22 172 
2025-02-07 03:30:41 FATAL 207 46 52 205 :379  - The rare situation has occured at time 1738917041388, id to look up=189 48 122 62 , id of local node=207 46 52 205 , id of predecessor=204 191 22 172 
2025-02-07 03:30:42 FATAL 207 46 52 205 :379  - The rare situation has occured at time 1738917042522, id to look up=158 106 85 182 , id of local node=207 46 52 205 , id of predecessor=204 191 22 172 
2025-02-07 03:30:42 FATAL 207 46 52 205 :379  - The rare situation has occured at time 1738917042796, id to look up=179 240 199 246 , id of local node=207 46 52 205 , id of predecessor=204 191 22 172 
2025-02-07 03:30:43 FATAL 207 46 52 205 :379  - The rare situation has occured at time 1738917043369, id to look up=77 19 75 192 , id of local node=207 46 52 205 , id of predecessor=204 191 22 172 
2025-02-07 03:30:43 FATAL 207 46 52 205 :379  - The rare situation has occured at time 1738917043837, id to look up=188 51 234 78 , id of local node=207 46 52 205 , id of predecessor=204 191 22 172 
2025-02-07 03:30:44 FATAL 207 46 52 205 :379  - The rare situation has occured at time 1738917044622, id to look up=119 25 161 199 , id of local node=207 46 52 205 , id of predecessor=204 191 22 172 
2025-02-07 03:30:45 FATAL 207 46 52 205 :379  - The rare situation has occured at time 1738917045045, id to look up=203 78 82 8 , id of local node=207 46 52 205 , id of predecessor=204 191 22 172 
