2025-02-07 03:25:06 WARN  OpenChordTest:203  - Peer joined at ocsocket://localhost:8085/ via ocsocket://localhost:8080/
2025-02-07 03:25:07 WARN  OpenChordTest:58  - Insert time for key 5 = 361 ms
2025-02-07 03:25:07 WARN  OpenChordTest:60  - Inserted (5, default)
2025-02-07 03:25:07 WARN  OpenChordTest:64  - Memory usage at ocsocket://localhost:8085/ = 13 MB
2025-02-07 03:28:05 FATAL 68 45 120 177 :379  - The rare situation has occured at time 1738916885527, id to look up=119 222 104 218 , id of local node=68 45 120 177 , id of predecessor=50 71 95 48 
2025-02-07 03:28:06 FATAL 68 45 120 177 :379  - The rare situation has occured at time 1738916886209, id to look up=27 100 83 137 , id of local node=68 45 120 177 , id of predecessor=50 71 95 48 
2025-02-07 03:28:07 FATAL 68 45 120 177 :379  - The rare situation has occured at time 1738916887607, id to look up=254 93 187 206 , id of local node=68 45 120 177 , id of predecessor=50 71 95 48 
2025-02-07 03:28:07 FATAL 68 45 120 177 :379  - The rare situation has occured at time 1738916887918, id to look up=10 222 124 44 , id of local node=68 45 120 177 , id of predecessor=50 71 95 48 
2025-02-07 03:28:08 FATAL 68 45 120 177 :379  - The rare situation has occured at time 1738916888189, id to look up=23 186 7 145 , id of local node=68 45 120 177 , id of predecessor=50 71 95 48 
2025-02-07 03:28:08 FATAL 68 45 120 177 :379  - The rare situation has occured at time 1738916888299, id to look up=123 82 0 155 , id of local node=68 45 120 177 , id of predecessor=50 71 95 48 
2025-02-07 03:28:08 FATAL 68 45 120 177 :379  - The rare situation has occured at time 1738916888981, id to look up=21 116 189 219 , id of local node=68 45 120 177 , id of predecessor=50 71 95 48 
2025-02-07 03:28:09 FATAL 68 45 120 177 :379  - The rare situation has occured at time 1738916889237, id to look up=7 22 217 112 , id of local node=68 45 120 177 , id of predecessor=50 71 95 48 
2025-02-07 03:28:10 FATAL 68 45 120 177 :379  - The rare situation has occured at time 1738916890417, id to look up=18 198 252 6 , id of local node=68 45 120 177 , id of predecessor=50 71 95 48 
2025-02-07 03:28:10 FATAL 68 45 120 177 :379  - The rare situation has occured at time 1738916890628, id to look up=77 19 75 192 , id of local node=68 45 120 177 , id of predecessor=50 71 95 48 
2025-02-07 03:28:11 FATAL 68 45 120 177 :379  - The rare situation has occured at time 1738916891969, id to look up=10 87 203 83 , id of local node=68 45 120 177 , id of predecessor=50 71 95 48 
2025-02-07 03:28:12 FATAL 68 45 120 177 :379  - The rare situation has occured at time 1738916892087, id to look up=119 25 161 199 , id of local node=68 45 120 177 , id of predecessor=50 71 95 48 
2025-02-07 03:28:46 FATAL 68 45 120 177 :379  - The rare situation has occured at time 1738916926976, id to look up=119 222 104 218 , id of local node=68 45 120 177 , id of predecessor=50 71 95 48 
2025-02-07 03:28:47 FATAL 68 45 120 177 :379  - The rare situation has occured at time 1738916927969, id to look up=27 100 83 137 , id of local node=68 45 120 177 , id of predecessor=50 71 95 48 
2025-02-07 03:28:48 FATAL 68 45 120 177 :379  - The rare situation has occured at time 1738916928906, id to look up=254 93 187 206 , id of local node=68 45 120 177 , id of predecessor=50 71 95 48 
2025-02-07 03:28:49 FATAL 68 45 120 177 :379  - The rare situation has occured at time 1738916929219, id to look up=10 222 124 44 , id of local node=68 45 120 177 , id of predecessor=50 71 95 48 
2025-02-07 03:28:49 FATAL 68 45 120 177 :379  - The rare situation has occured at time 1738916929469, id to look up=23 186 7 145 , id of local node=68 45 120 177 , id of predecessor=50 71 95 48 
2025-02-07 03:28:49 FATAL 68 45 120 177 :379  - The rare situation has occured at time 1738916929569, id to look up=123 82 0 155 , id of local node=68 45 120 177 , id of predecessor=50 71 95 48 
2025-02-07 03:28:50 FATAL 68 45 120 177 :379  - The rare situation has occured at time 1738916930287, id to look up=21 116 189 219 , id of local node=68 45 120 177 , id of predecessor=50 71 95 48 
2025-02-07 03:28:50 FATAL 68 45 120 177 :379  - The rare situation has occured at time 1738916930446, id to look up=7 22 217 112 , id of local node=68 45 120 177 , id of predecessor=50 71 95 48 
2025-02-07 03:28:51 FATAL 68 45 120 177 :379  - The rare situation has occured at time 1738916931606, id to look up=18 198 252 6 , id of local node=68 45 120 177 , id of predecessor=50 71 95 48 
2025-02-07 03:28:51 FATAL 68 45 120 177 :379  - The rare situation has occured at time 1738916931808, id to look up=77 19 75 192 , id of local node=68 45 120 177 , id of predecessor=50 71 95 48 
2025-02-07 03:28:52 FATAL 68 45 120 177 :379  - The rare situation has occured at time 1738916932668, id to look up=10 87 203 83 , id of local node=68 45 120 177 , id of predecessor=50 71 95 48 
2025-02-07 03:28:52 FATAL 68 45 120 177 :379  - The rare situation has occured at time 1738916932776, id to look up=119 25 161 199 , id of local node=68 45 120 177 , id of predecessor=50 71 95 48 
2025-02-07 03:29:43 FATAL 68 45 120 177 :379  - The rare situation has occured at time 1738916983146, id to look up=119 222 104 218 , id of local node=68 45 120 177 , id of predecessor=50 71 95 48 
2025-02-07 03:29:44 FATAL 68 45 120 177 :379  - The rare situation has occured at time 1738916984197, id to look up=27 100 83 137 , id of local node=68 45 120 177 , id of predecessor=50 71 95 48 
2025-02-07 03:29:45 FATAL 68 45 120 177 :379  - The rare situation has occured at time 1738916985255, id to look up=254 93 187 206 , id of local node=68 45 120 177 , id of predecessor=50 71 95 48 
2025-02-07 03:29:45 FATAL 68 45 120 177 :379  - The rare situation has occured at time 1738916985566, id to look up=10 222 124 44 , id of local node=68 45 120 177 , id of predecessor=50 71 95 48 
2025-02-07 03:29:45 FATAL 68 45 120 177 :379  - The rare situation has occured at time 1738916985817, id to look up=23 186 7 145 , id of local node=68 45 120 177 , id of predecessor=50 71 95 48 
2025-02-07 03:29:45 FATAL 68 45 120 177 :379  - The rare situation has occured at time 1738916985927, id to look up=123 82 0 155 , id of local node=68 45 120 177 , id of predecessor=50 71 95 48 
2025-02-07 03:29:46 FATAL 68 45 120 177 :379  - The rare situation has occured at time 1738916986657, id to look up=21 116 189 219 , id of local node=68 45 120 177 , id of predecessor=50 71 95 48 
2025-02-07 03:29:46 FATAL 68 45 120 177 :379  - The rare situation has occured at time 1738916986914, id to look up=7 22 217 112 , id of local node=68 45 120 177 , id of predecessor=50 71 95 48 
2025-02-07 03:29:48 FATAL 68 45 120 177 :379  - The rare situation has occured at time 1738916988095, id to look up=18 198 252 6 , id of local node=68 45 120 177 , id of predecessor=50 71 95 48 
2025-02-07 03:29:48 FATAL 68 45 120 177 :379  - The rare situation has occured at time 1738916988308, id to look up=77 19 75 192 , id of local node=68 45 120 177 , id of predecessor=50 71 95 48 
2025-02-07 03:29:48 FATAL 68 45 120 177 :379  - The rare situation has occured at time 1738916988907, id to look up=10 87 203 83 , id of local node=68 45 120 177 , id of predecessor=50 71 95 48 
2025-02-07 03:29:49 FATAL 68 45 120 177 :379  - The rare situation has occured at time 1738916989065, id to look up=119 25 161 199 , id of local node=68 45 120 177 , id of predecessor=50 71 95 48 
2025-02-07 03:30:10 FATAL 68 45 120 177 :379  - The rare situation has occured at time 1738917010677, id to look up=119 222 104 218 , id of local node=68 45 120 177 , id of predecessor=50 71 95 48 
2025-02-07 03:30:11 FATAL 68 45 120 177 :379  - The rare situation has occured at time 1738917011567, id to look up=27 100 83 137 , id of local node=68 45 120 177 , id of predecessor=50 71 95 48 
2025-02-07 03:30:12 FATAL 68 45 120 177 :379  - The rare situation has occured at time 1738917012485, id to look up=254 93 187 206 , id of local node=68 45 120 177 , id of predecessor=50 71 95 48 
2025-02-07 03:30:12 FATAL 68 45 120 177 :379  - The rare situation has occured at time 1738917012787, id to look up=10 222 124 44 , id of local node=68 45 120 177 , id of predecessor=50 71 95 48 
2025-02-07 03:30:13 FATAL 68 45 120 177 :379  - The rare situation has occured at time 1738917013037, id to look up=23 186 7 145 , id of local node=68 45 120 177 , id of predecessor=50 71 95 48 
2025-02-07 03:30:13 FATAL 68 45 120 177 :379  - The rare situation has occured at time 1738917013147, id to look up=123 82 0 155 , id of local node=68 45 120 177 , id of predecessor=50 71 95 48 
2025-02-07 03:30:13 FATAL 68 45 120 177 :379  - The rare situation has occured at time 1738917013736, id to look up=21 116 189 219 , id of local node=68 45 120 177 , id of predecessor=50 71 95 48 
2025-02-07 03:30:13 FATAL 68 45 120 177 :379  - The rare situation has occured at time 1738917013994, id to look up=7 22 217 112 , id of local node=68 45 120 177 , id of predecessor=50 71 95 48 
2025-02-07 03:30:15 FATAL 68 45 120 177 :379  - The rare situation has occured at time 1738917015185, id to look up=18 198 252 6 , id of local node=68 45 120 177 , id of predecessor=50 71 95 48 
2025-02-07 03:30:15 FATAL 68 45 120 177 :379  - The rare situation has occured at time 1738917015397, id to look up=77 19 75 192 , id of local node=68 45 120 177 , id of predecessor=50 71 95 48 
2025-02-07 03:30:15 FATAL 68 45 120 177 :379  - The rare situation has occured at time 1738917015165, id to look up=10 87 203 83 , id of local node=68 45 120 177 , id of predecessor=50 71 95 48 
2025-02-07 03:30:15 FATAL 68 45 120 177 :379  - The rare situation has occured at time 1738917015332, id to look up=119 25 161 199 , id of local node=68 45 120 177 , id of predecessor=50 71 95 48 
2025-02-07 03:30:38 FATAL 68 45 120 177 :379  - The rare situation has occured at time 1738917038654, id to look up=119 222 104 218 , id of local node=68 45 120 177 , id of predecessor=50 71 95 48 
2025-02-07 03:30:39 FATAL 68 45 120 177 :379  - The rare situation has occured at time 1738917039545, id to look up=27 100 83 137 , id of local node=68 45 120 177 , id of predecessor=50 71 95 48 
2025-02-07 03:30:40 FATAL 68 45 120 177 :379  - The rare situation has occured at time 1738917040422, id to look up=254 93 187 206 , id of local node=68 45 120 177 , id of predecessor=50 71 95 48 
2025-02-07 03:30:40 FATAL 68 45 120 177 :379  - The rare situation has occured at time 1738917040725, id to look up=10 222 124 44 , id of local node=68 45 120 177 , id of predecessor=50 71 95 48 
2025-02-07 03:30:40 FATAL 68 45 120 177 :379  - The rare situation has occured at time 1738917040975, id to look up=23 186 7 145 , id of local node=68 45 120 177 , id of predecessor=50 71 95 48 
2025-02-07 03:30:41 FATAL 68 45 120 177 :379  - The rare situation has occured at time 1738917041075, id to look up=123 82 0 155 , id of local node=68 45 120 177 , id of predecessor=50 71 95 48 
2025-02-07 03:30:41 FATAL 68 45 120 177 :379  - The rare situation has occured at time 1738917041665, id to look up=21 116 189 219 , id of local node=68 45 120 177 , id of predecessor=50 71 95 48 
2025-02-07 03:30:41 FATAL 68 45 120 177 :379  - The rare situation has occured at time 1738917041922, id to look up=7 22 217 112 , id of local node=68 45 120 177 , id of predecessor=50 71 95 48 
2025-02-07 03:30:43 FATAL 68 45 120 177 :379  - The rare situation has occured at time 1738917043103, id to look up=18 198 252 6 , id of local node=68 45 120 177 , id of predecessor=50 71 95 48 
2025-02-07 03:30:43 FATAL 68 45 120 177 :379  - The rare situation has occured at time 1738917043315, id to look up=77 19 75 192 , id of local node=68 45 120 177 , id of predecessor=50 71 95 48 
2025-02-07 03:30:43 FATAL 68 45 120 177 :379  - The rare situation has occured at time 1738917043944, id to look up=10 87 203 83 , id of local node=68 45 120 177 , id of predecessor=50 71 95 48 
2025-02-07 03:30:44 FATAL 68 45 120 177 :379  - The rare situation has occured at time 1738917044102, id to look up=119 25 161 199 , id of local node=68 45 120 177 , id of predecessor=50 71 95 48 
