2025-02-07 03:25:12 WARN  OpenChordTest:203  - Peer joined at ocsocket://localhost:8088/ via ocsocket://localhost:8080/
2025-02-07 03:25:13 WARN  OpenChordTest:58  - Insert time for key 8 = 362 ms
2025-02-07 03:25:13 WARN  OpenChordTest:60  - Inserted (8, default)
2025-02-07 03:25:13 WARN  OpenChordTest:64  - Memory usage at ocsocket://localhost:8088/ = 16 MB
2025-02-07 03:28:05 FATAL 50 71 95 48 :379  - The rare situation has occured at time 1738916885530, id to look up=119 222 104 218 , id of local node=50 71 95 48 , id of predecessor=41 61 111 157 
2025-02-07 03:28:06 FATAL 50 71 95 48 :379  - The rare situation has occured at time 1738916886210, id to look up=27 100 83 137 , id of local node=50 71 95 48 , id of predecessor=41 61 111 157 
2025-02-07 03:28:07 FATAL 50 71 95 48 :379  - The rare situation has occured at time 1738916887667, id to look up=254 93 187 206 , id of local node=50 71 95 48 , id of predecessor=41 61 111 157 
2025-02-07 03:28:07 FATAL 50 71 95 48 :379  - The rare situation has occured at time 1738916887919, id to look up=10 222 124 44 , id of local node=50 71 95 48 , id of predecessor=41 61 111 157 
2025-02-07 03:28:08 FATAL 50 71 95 48 :379  - The rare situation has occured at time 1738916888189, id to look up=23 186 7 145 , id of local node=50 71 95 48 , id of predecessor=41 61 111 157 
2025-02-07 03:28:08 FATAL 50 71 95 48 :379  - The rare situation has occured at time 1738916888299, id to look up=123 82 0 155 , id of local node=50 71 95 48 , id of predecessor=41 61 111 157 
2025-02-07 03:28:08 FATAL 50 71 95 48 :379  - The rare situation has occured at time 1738916888981, id to look up=21 116 189 219 , id of local node=50 71 95 48 , id of predecessor=41 61 111 157 
2025-02-07 03:28:09 FATAL 50 71 95 48 :379  - The rare situation has occured at time 1738916889287, id to look up=7 22 217 112 , id of local node=50 71 95 48 , id of predecessor=41 61 111 157 
2025-02-07 03:28:10 FATAL 50 71 95 48 :379  - The rare situation has occured at time 1738916890418, id to look up=18 198 252 6 , id of local node=50 71 95 48 , id of predecessor=41 61 111 157 
2025-02-07 03:28:10 FATAL 50 71 95 48 :379  - The rare situation has occured at time 1738916890629, id to look up=77 19 75 192 , id of local node=50 71 95 48 , id of predecessor=41 61 111 157 
2025-02-07 03:28:11 FATAL 50 71 95 48 :379  - The rare situation has occured at time 1738916891969, id to look up=10 87 203 83 , id of local node=50 71 95 48 , id of predecessor=41 61 111 157 
2025-02-07 03:28:12 FATAL 50 71 95 48 :379  - The rare situation has occured at time 1738916892137, id to look up=119 25 161 199 , id of local node=50 71 95 48 , id of predecessor=41 61 111 157 
2025-02-07 03:28:13 FATAL 50 71 95 48 :379  - The rare situation has occured at time 1738916893047, id to look up=34 210 0 248 , id of local node=50 71 95 48 , id of predecessor=41 61 111 157 
2025-02-07 03:28:46 FATAL 50 71 95 48 :379  - The rare situation has occured at time 1738916926977, id to look up=119 222 104 218 , id of local node=50 71 95 48 , id of predecessor=41 61 111 157 
2025-02-07 03:28:47 FATAL 50 71 95 48 :379  - The rare situation has occured at time 1738916927970, id to look up=27 100 83 137 , id of local node=50 71 95 48 , id of predecessor=41 61 111 157 
2025-02-07 03:28:48 FATAL 50 71 95 48 :379  - The rare situation has occured at time 1738916928966, id to look up=254 93 187 206 , id of local node=50 71 95 48 , id of predecessor=41 61 111 157 
2025-02-07 03:28:49 FATAL 50 71 95 48 :379  - The rare situation has occured at time 1738916929219, id to look up=10 222 124 44 , id of local node=50 71 95 48 , id of predecessor=41 61 111 157 
2025-02-07 03:28:49 FATAL 50 71 95 48 :379  - The rare situation has occured at time 1738916929470, id to look up=23 186 7 145 , id of local node=50 71 95 48 , id of predecessor=41 61 111 157 
2025-02-07 03:28:49 FATAL 50 71 95 48 :379  - The rare situation has occured at time 1738916929570, id to look up=123 82 0 155 , id of local node=50 71 95 48 , id of predecessor=41 61 111 157 
2025-02-07 03:28:50 FATAL 50 71 95 48 :379  - The rare situation has occured at time 1738916930288, id to look up=21 116 189 219 , id of local node=50 71 95 48 , id of predecessor=41 61 111 157 
2025-02-07 03:28:50 FATAL 50 71 95 48 :379  - The rare situation has occured at time 1738916930506, id to look up=7 22 217 112 , id of local node=50 71 95 48 , id of predecessor=41 61 111 157 
2025-02-07 03:28:51 FATAL 50 71 95 48 :379  - The rare situation has occured at time 1738916931607, id to look up=18 198 252 6 , id of local node=50 71 95 48 , id of predecessor=41 61 111 157 
2025-02-07 03:28:51 FATAL 50 71 95 48 :379  - The rare situation has occured at time 1738916931808, id to look up=77 19 75 192 , id of local node=50 71 95 48 , id of predecessor=41 61 111 157 
2025-02-07 03:28:52 FATAL 50 71 95 48 :379  - The rare situation has occured at time 1738916932669, id to look up=10 87 203 83 , id of local node=50 71 95 48 , id of predecessor=41 61 111 157 
2025-02-07 03:28:52 FATAL 50 71 95 48 :379  - The rare situation has occured at time 1738916932836, id to look up=119 25 161 199 , id of local node=50 71 95 48 , id of predecessor=41 61 111 157 
2025-02-07 03:28:53 FATAL 50 71 95 48 :379  - The rare situation has occured at time 1738916933626, id to look up=34 210 0 248 , id of local node=50 71 95 48 , id of predecessor=41 61 111 157 
2025-02-07 03:29:43 FATAL 50 71 95 48 :379  - The rare situation has occured at time 1738916983147, id to look up=119 222 104 218 , id of local node=50 71 95 48 , id of predecessor=41 61 111 157 
2025-02-07 03:29:44 FATAL 50 71 95 48 :379  - The rare situation has occured at time 1738916984198, id to look up=27 100 83 137 , id of local node=50 71 95 48 , id of predecessor=41 61 111 157 
2025-02-07 03:29:45 FATAL 50 71 95 48 :379  - The rare situation has occured at time 1738916985305, id to look up=254 93 187 206 , id of local node=50 71 95 48 , id of predecessor=41 61 111 157 
2025-02-07 03:29:45 FATAL 50 71 95 48 :379  - The rare situation has occured at time 1738916985567, id to look up=10 222 124 44 , id of local node=50 71 95 48 , id of predecessor=41 61 111 157 
2025-02-07 03:29:45 FATAL 50 71 95 48 :379  - The rare situation has occured at time 1738916985817, id to look up=23 186 7 145 , id of local node=50 71 95 48 , id of predecessor=41 61 111 157 
2025-02-07 03:29:45 FATAL 50 71 95 48 :379  - The rare situation has occured at time 1738916985928, id to look up=123 82 0 155 , id of local node=50 71 95 48 , id of predecessor=41 61 111 157 
2025-02-07 03:29:46 FATAL 50 71 95 48 :379  - The rare situation has occured at time 1738916986658, id to look up=21 116 189 219 , id of local node=50 71 95 48 , id of predecessor=41 61 111 157 
2025-02-07 03:29:46 FATAL 50 71 95 48 :379  - The rare situation has occured at time 1738916986965, id to look up=7 22 217 112 , id of local node=50 71 95 48 , id of predecessor=41 61 111 157 
2025-02-07 03:29:48 FATAL 50 71 95 48 :379  - The rare situation has occured at time 1738916988096, id to look up=18 198 252 6 , id of local node=50 71 95 48 , id of predecessor=41 61 111 157 
2025-02-07 03:29:48 FATAL 50 71 95 48 :379  - The rare situation has occured at time 1738916988308, id to look up=77 19 75 192 , id of local node=50 71 95 48 , id of predecessor=41 61 111 157 
2025-02-07 03:29:48 FATAL 50 71 95 48 :379  - The rare situation has occured at time 1738916988907, id to look up=10 87 203 83 , id of local node=50 71 95 48 , id of predecessor=41 61 111 157 
2025-02-07 03:29:49 FATAL 50 71 95 48 :379  - The rare situation has occured at time 1738916989124, id to look up=119 25 161 199 , id of local node=50 71 95 48 , id of predecessor=41 61 111 157 
2025-02-07 03:29:49 FATAL 50 71 95 48 :379  - The rare situation has occured at time 1738916989905, id to look up=34 210 0 248 , id of local node=50 71 95 48 , id of predecessor=41 61 111 157 
2025-02-07 03:30:10 FATAL 50 71 95 48 :379  - The rare situation has occured at time 1738917010678, id to look up=119 222 104 218 , id of local node=50 71 95 48 , id of predecessor=41 61 111 157 
2025-02-07 03:30:11 FATAL 50 71 95 48 :379  - The rare situation has occured at time 1738917011567, id to look up=27 100 83 137 , id of local node=50 71 95 48 , id of predecessor=41 61 111 157 
2025-02-07 03:30:12 FATAL 50 71 95 48 :379  - The rare situation has occured at time 1738917012535, id to look up=254 93 187 206 , id of local node=50 71 95 48 , id of predecessor=41 61 111 157 
2025-02-07 03:30:12 FATAL 50 71 95 48 :379  - The rare situation has occured at time 1738917012788, id to look up=10 222 124 44 , id of local node=50 71 95 48 , id of predecessor=41 61 111 157 
2025-02-07 03:30:13 FATAL 50 71 95 48 :379  - The rare situation has occured at time 1738917013037, id to look up=23 186 7 145 , id of local node=50 71 95 48 , id of predecessor=41 61 111 157 
2025-02-07 03:30:13 FATAL 50 71 95 48 :379  - The rare situation has occured at time 1738917013148, id to look up=123 82 0 155 , id of local node=50 71 95 48 , id of predecessor=41 61 111 157 
2025-02-07 03:30:13 FATAL 50 71 95 48 :379  - The rare situation has occured at time 1738917013737, id to look up=21 116 189 219 , id of local node=50 71 95 48 , id of predecessor=41 61 111 157 
2025-02-07 03:30:14 FATAL 50 71 95 48 :379  - The rare situation has occured at time 1738917014045, id to look up=7 22 217 112 , id of local node=50 71 95 48 , id of predecessor=41 61 111 157 
2025-02-07 03:30:15 FATAL 50 71 95 48 :379  - The rare situation has occured at time 1738917015186, id to look up=18 198 252 6 , id of local node=50 71 95 48 , id of predecessor=41 61 111 157 
2025-02-07 03:30:15 FATAL 50 71 95 48 :379  - The rare situation has occured at time 1738917015397, id to look up=77 19 75 192 , id of local node=50 71 95 48 , id of predecessor=41 61 111 157 
2025-02-07 03:30:15 FATAL 50 71 95 48 :379  - The rare situation has occured at time 1738917015165, id to look up=10 87 203 83 , id of local node=50 71 95 48 , id of predecessor=41 61 111 157 
2025-02-07 03:30:15 FATAL 50 71 95 48 :379  - The rare situation has occured at time 1738917015382, id to look up=119 25 161 199 , id of local node=50 71 95 48 , id of predecessor=41 61 111 157 
2025-02-07 03:30:16 FATAL 50 71 95 48 :379  - The rare situation has occured at time 1738917016052, id to look up=34 210 0 248 , id of local node=50 71 95 48 , id of predecessor=41 61 111 157 
2025-02-07 03:30:38 FATAL 50 71 95 48 :379  - The rare situation has occured at time 1738917038655, id to look up=119 222 104 218 , id of local node=50 71 95 48 , id of predecessor=41 61 111 157 
2025-02-07 03:30:39 FATAL 50 71 95 48 :379  - The rare situation has occured at time 1738917039545, id to look up=27 100 83 137 , id of local node=50 71 95 48 , id of predecessor=41 61 111 157 
2025-02-07 03:30:40 FATAL 50 71 95 48 :379  - The rare situation has occured at time 1738917040472, id to look up=254 93 187 206 , id of local node=50 71 95 48 , id of predecessor=41 61 111 157 
2025-02-07 03:30:40 FATAL 50 71 95 48 :379  - The rare situation has occured at time 1738917040725, id to look up=10 222 124 44 , id of local node=50 71 95 48 , id of predecessor=41 61 111 157 
2025-02-07 03:30:40 FATAL 50 71 95 48 :379  - The rare situation has occured at time 1738917040976, id to look up=23 186 7 145 , id of local node=50 71 95 48 , id of predecessor=41 61 111 157 
2025-02-07 03:30:41 FATAL 50 71 95 48 :379  - The rare situation has occured at time 1738917041075, id to look up=123 82 0 155 , id of local node=50 71 95 48 , id of predecessor=41 61 111 157 
2025-02-07 03:30:41 FATAL 50 71 95 48 :379  - The rare situation has occured at time 1738917041665, id to look up=21 116 189 219 , id of local node=50 71 95 48 , id of predecessor=41 61 111 157 
2025-02-07 03:30:41 FATAL 50 71 95 48 :379  - The rare situation has occured at time 1738917041972, id to look up=7 22 217 112 , id of local node=50 71 95 48 , id of predecessor=41 61 111 157 
2025-02-07 03:30:43 FATAL 50 71 95 48 :379  - The rare situation has occured at time 1738917043104, id to look up=18 198 252 6 , id of local node=50 71 95 48 , id of predecessor=41 61 111 157 
2025-02-07 03:30:43 FATAL 50 71 95 48 :379  - The rare situation has occured at time 1738917043315, id to look up=77 19 75 192 , id of local node=50 71 95 48 , id of predecessor=41 61 111 157 
2025-02-07 03:30:43 FATAL 50 71 95 48 :379  - The rare situation has occured at time 1738917043944, id to look up=10 87 203 83 , id of local node=50 71 95 48 , id of predecessor=41 61 111 157 
2025-02-07 03:30:44 FATAL 50 71 95 48 :379  - The rare situation has occured at time 1738917044162, id to look up=119 25 161 199 , id of local node=50 71 95 48 , id of predecessor=41 61 111 157 
2025-02-07 03:30:44 FATAL 50 71 95 48 :379  - The rare situation has occured at time 1738917044842, id to look up=34 210 0 248 , id of local node=50 71 95 48 , id of predecessor=41 61 111 157 
