2025-02-07 03:25:30 WARN  OpenChordTest:203  - Peer joined at ocsocket://localhost:8097/ via ocsocket://localhost:8080/
2025-02-07 03:25:31 WARN  OpenChordTest:58  - Insert time for key 17 = 692 ms
2025-02-07 03:25:31 WARN  OpenChordTest:60  - Inserted (17, default)
2025-02-07 03:25:31 WARN  OpenChordTest:64  - Memory usage at ocsocket://localhost:8097/ = 15 MB
2025-02-07 03:28:05 FATAL 40 250 169 214 :379  - The rare situation has occured at time 1738916885533, id to look up=119 222 104 218 , id of local node=40 250 169 214 , id of predecessor=31 80 111 140 
2025-02-07 03:28:06 FATAL 40 250 169 214 :379  - The rare situation has occured at time 1738916886212, id to look up=27 100 83 137 , id of local node=40 250 169 214 , id of predecessor=31 80 111 140 
2025-02-07 03:28:07 FATAL 40 250 169 214 :379  - The rare situation has occured at time 1738916887767, id to look up=254 93 187 206 , id of local node=40 250 169 214 , id of predecessor=31 80 111 140 
2025-02-07 03:28:07 FATAL 40 250 169 214 :379  - The rare situation has occured at time 1738916887921, id to look up=10 222 124 44 , id of local node=40 250 169 214 , id of predecessor=31 80 111 140 
2025-02-07 03:28:08 FATAL 40 250 169 214 :379  - The rare situation has occured at time 1738916888191, id to look up=23 186 7 145 , id of local node=40 250 169 214 , id of predecessor=31 80 111 140 
2025-02-07 03:28:08 FATAL 40 250 169 214 :379  - The rare situation has occured at time 1738916888301, id to look up=123 82 0 155 , id of local node=40 250 169 214 , id of predecessor=31 80 111 140 
2025-02-07 03:28:08 FATAL 40 250 169 214 :379  - The rare situation has occured at time 1738916888983, id to look up=21 116 189 219 , id of local node=40 250 169 214 , id of predecessor=31 80 111 140 
2025-02-07 03:28:09 FATAL 40 250 169 214 :379  - The rare situation has occured at time 1738916889388, id to look up=7 22 217 112 , id of local node=40 250 169 214 , id of predecessor=31 80 111 140 
2025-02-07 03:28:10 FATAL 40 250 169 214 :379  - The rare situation has occured at time 1738916890419, id to look up=18 198 252 6 , id of local node=40 250 169 214 , id of predecessor=31 80 111 140 
2025-02-07 03:28:10 FATAL 40 250 169 214 :379  - The rare situation has occured at time 1738916890630, id to look up=77 19 75 192 , id of local node=40 250 169 214 , id of predecessor=31 80 111 140 
2025-02-07 03:28:11 FATAL 40 250 169 214 :379  - The rare situation has occured at time 1738916891971, id to look up=10 87 203 83 , id of local node=40 250 169 214 , id of predecessor=31 80 111 140 
2025-02-07 03:28:12 FATAL 40 250 169 214 :379  - The rare situation has occured at time 1738916892237, id to look up=119 25 161 199 , id of local node=40 250 169 214 , id of predecessor=31 80 111 140 
2025-02-07 03:28:47 FATAL 40 250 169 214 :379  - The rare situation has occured at time 1738916927077, id to look up=119 222 104 218 , id of local node=40 250 169 214 , id of predecessor=31 80 111 140 
2025-02-07 03:28:47 FATAL 40 250 169 214 :379  - The rare situation has occured at time 1738916927971, id to look up=27 100 83 137 , id of local node=40 250 169 214 , id of predecessor=31 80 111 140 
2025-02-07 03:28:49 FATAL 40 250 169 214 :379  - The rare situation has occured at time 1738916929066, id to look up=254 93 187 206 , id of local node=40 250 169 214 , id of predecessor=31 80 111 140 
2025-02-07 03:28:49 FATAL 40 250 169 214 :379  - The rare situation has occured at time 1738916929221, id to look up=10 222 124 44 , id of local node=40 250 169 214 , id of predecessor=31 80 111 140 
2025-02-07 03:28:49 FATAL 40 250 169 214 :379  - The rare situation has occured at time 1738916929472, id to look up=23 186 7 145 , id of local node=40 250 169 214 , id of predecessor=31 80 111 140 
2025-02-07 03:28:49 FATAL 40 250 169 214 :379  - The rare situation has occured at time 1738916929572, id to look up=123 82 0 155 , id of local node=40 250 169 214 , id of predecessor=31 80 111 140 
2025-02-07 03:28:50 FATAL 40 250 169 214 :379  - The rare situation has occured at time 1738916930290, id to look up=21 116 189 219 , id of local node=40 250 169 214 , id of predecessor=31 80 111 140 
2025-02-07 03:28:50 FATAL 40 250 169 214 :379  - The rare situation has occured at time 1738916930606, id to look up=7 22 217 112 , id of local node=40 250 169 214 , id of predecessor=31 80 111 140 
2025-02-07 03:28:51 FATAL 40 250 169 214 :379  - The rare situation has occured at time 1738916931609, id to look up=18 198 252 6 , id of local node=40 250 169 214 , id of predecessor=31 80 111 140 
2025-02-07 03:28:51 FATAL 40 250 169 214 :379  - The rare situation has occured at time 1738916931810, id to look up=77 19 75 192 , id of local node=40 250 169 214 , id of predecessor=31 80 111 140 
2025-02-07 03:28:52 FATAL 40 250 169 214 :379  - The rare situation has occured at time 1738916932670, id to look up=10 87 203 83 , id of local node=40 250 169 214 , id of predecessor=31 80 111 140 
2025-02-07 03:28:52 FATAL 40 250 169 214 :379  - The rare situation has occured at time 1738916932936, id to look up=119 25 161 199 , id of local node=40 250 169 214 , id of predecessor=31 80 111 140 
2025-02-07 03:29:43 FATAL 40 250 169 214 :379  - The rare situation has occured at time 1738916983245, id to look up=119 222 104 218 , id of local node=40 250 169 214 , id of predecessor=31 80 111 140 
2025-02-07 03:29:44 FATAL 40 250 169 214 :379  - The rare situation has occured at time 1738916984199, id to look up=27 100 83 137 , id of local node=40 250 169 214 , id of predecessor=31 80 111 140 
2025-02-07 03:29:45 FATAL 40 250 169 214 :379  - The rare situation has occured at time 1738916985405, id to look up=254 93 187 206 , id of local node=40 250 169 214 , id of predecessor=31 80 111 140 
2025-02-07 03:29:45 FATAL 40 250 169 214 :379  - The rare situation has occured at time 1738916985568, id to look up=10 222 124 44 , id of local node=40 250 169 214 , id of predecessor=31 80 111 140 
2025-02-07 03:29:45 FATAL 40 250 169 214 :379  - The rare situation has occured at time 1738916985819, id to look up=23 186 7 145 , id of local node=40 250 169 214 , id of predecessor=31 80 111 140 
2025-02-07 03:29:45 FATAL 40 250 169 214 :379  - The rare situation has occured at time 1738916985929, id to look up=123 82 0 155 , id of local node=40 250 169 214 , id of predecessor=31 80 111 140 
2025-02-07 03:29:46 FATAL 40 250 169 214 :379  - The rare situation has occured at time 1738916986659, id to look up=21 116 189 219 , id of local node=40 250 169 214 , id of predecessor=31 80 111 140 
2025-02-07 03:29:47 FATAL 40 250 169 214 :379  - The rare situation has occured at time 1738916987064, id to look up=7 22 217 112 , id of local node=40 250 169 214 , id of predecessor=31 80 111 140 
2025-02-07 03:29:48 FATAL 40 250 169 214 :379  - The rare situation has occured at time 1738916988097, id to look up=18 198 252 6 , id of local node=40 250 169 214 , id of predecessor=31 80 111 140 
2025-02-07 03:29:48 FATAL 40 250 169 214 :379  - The rare situation has occured at time 1738916988310, id to look up=77 19 75 192 , id of local node=40 250 169 214 , id of predecessor=31 80 111 140 
2025-02-07 03:29:48 FATAL 40 250 169 214 :379  - The rare situation has occured at time 1738916988909, id to look up=10 87 203 83 , id of local node=40 250 169 214 , id of predecessor=31 80 111 140 
2025-02-07 03:29:49 FATAL 40 250 169 214 :379  - The rare situation has occured at time 1738916989234, id to look up=119 25 161 199 , id of local node=40 250 169 214 , id of predecessor=31 80 111 140 
2025-02-07 03:30:10 FATAL 40 250 169 214 :379  - The rare situation has occured at time 1738917010774, id to look up=119 222 104 218 , id of local node=40 250 169 214 , id of predecessor=31 80 111 140 
2025-02-07 03:30:11 FATAL 40 250 169 214 :379  - The rare situation has occured at time 1738917011569, id to look up=27 100 83 137 , id of local node=40 250 169 214 , id of predecessor=31 80 111 140 
2025-02-07 03:30:12 FATAL 40 250 169 214 :379  - The rare situation has occured at time 1738917012635, id to look up=254 93 187 206 , id of local node=40 250 169 214 , id of predecessor=31 80 111 140 
2025-02-07 03:30:12 FATAL 40 250 169 214 :379  - The rare situation has occured at time 1738917012790, id to look up=10 222 124 44 , id of local node=40 250 169 214 , id of predecessor=31 80 111 140 
2025-02-07 03:30:13 FATAL 40 250 169 214 :379  - The rare situation has occured at time 1738917013039, id to look up=23 186 7 145 , id of local node=40 250 169 214 , id of predecessor=31 80 111 140 
2025-02-07 03:30:13 FATAL 40 250 169 214 :379  - The rare situation has occured at time 1738917013149, id to look up=123 82 0 155 , id of local node=40 250 169 214 , id of predecessor=31 80 111 140 
2025-02-07 03:30:13 FATAL 40 250 169 214 :379  - The rare situation has occured at time 1738917013738, id to look up=21 116 189 219 , id of local node=40 250 169 214 , id of predecessor=31 80 111 140 
2025-02-07 03:30:14 FATAL 40 250 169 214 :379  - The rare situation has occured at time 1738917014145, id to look up=7 22 217 112 , id of local node=40 250 169 214 , id of predecessor=31 80 111 140 
2025-02-07 03:30:15 FATAL 40 250 169 214 :379  - The rare situation has occured at time 1738917015187, id to look up=18 198 252 6 , id of local node=40 250 169 214 , id of predecessor=31 80 111 140 
2025-02-07 03:30:15 FATAL 40 250 169 214 :379  - The rare situation has occured at time 1738917015399, id to look up=77 19 75 192 , id of local node=40 250 169 214 , id of predecessor=31 80 111 140 
2025-02-07 03:30:15 FATAL 40 250 169 214 :379  - The rare situation has occured at time 1738917015167, id to look up=10 87 203 83 , id of local node=40 250 169 214 , id of predecessor=31 80 111 140 
2025-02-07 03:30:15 FATAL 40 250 169 214 :379  - The rare situation has occured at time 1738917015483, id to look up=119 25 161 199 , id of local node=40 250 169 214 , id of predecessor=31 80 111 140 
2025-02-07 03:30:38 FATAL 40 250 169 214 :379  - The rare situation has occured at time 1738917038752, id to look up=119 222 104 218 , id of local node=40 250 169 214 , id of predecessor=31 80 111 140 
2025-02-07 03:30:39 FATAL 40 250 169 214 :379  - The rare situation has occured at time 1738917039547, id to look up=27 100 83 137 , id of local node=40 250 169 214 , id of predecessor=31 80 111 140 
2025-02-07 03:30:40 FATAL 40 250 169 214 :379  - The rare situation has occured at time 1738917040572, id to look up=254 93 187 206 , id of local node=40 250 169 214 , id of predecessor=31 80 111 140 
2025-02-07 03:30:40 FATAL 40 250 169 214 :379  - The rare situation has occured at time 1738917040727, id to look up=10 222 124 44 , id of local node=40 250 169 214 , id of predecessor=31 80 111 140 
2025-02-07 03:30:40 FATAL 40 250 169 214 :379  - The rare situation has occured at time 1738917040977, id to look up=23 186 7 145 , id of local node=40 250 169 214 , id of predecessor=31 80 111 140 
2025-02-07 03:30:41 FATAL 40 250 169 214 :379  - The rare situation has occured at time 1738917041077, id to look up=123 82 0 155 , id of local node=40 250 169 214 , id of predecessor=31 80 111 140 
2025-02-07 03:30:41 FATAL 40 250 169 214 :379  - The rare situation has occured at time 1738917041667, id to look up=21 116 189 219 , id of local node=40 250 169 214 , id of predecessor=31 80 111 140 
2025-02-07 03:30:42 FATAL 40 250 169 214 :379  - The rare situation has occured at time 1738917042072, id to look up=7 22 217 112 , id of local node=40 250 169 214 , id of predecessor=31 80 111 140 
2025-02-07 03:30:43 FATAL 40 250 169 214 :379  - The rare situation has occured at time 1738917043105, id to look up=18 198 252 6 , id of local node=40 250 169 214 , id of predecessor=31 80 111 140 
2025-02-07 03:30:43 FATAL 40 250 169 214 :379  - The rare situation has occured at time 1738917043316, id to look up=77 19 75 192 , id of local node=40 250 169 214 , id of predecessor=31 80 111 140 
2025-02-07 03:30:43 FATAL 40 250 169 214 :379  - The rare situation has occured at time 1738917043945, id to look up=10 87 203 83 , id of local node=40 250 169 214 , id of predecessor=31 80 111 140 
2025-02-07 03:30:44 FATAL 40 250 169 214 :379  - The rare situation has occured at time 1738917044262, id to look up=119 25 161 199 , id of local node=40 250 169 214 , id of predecessor=31 80 111 140 
