2025-02-07 03:25:14 WARN  OpenChordTest:203  - Peer joined at ocsocket://localhost:8089/ via ocsocket://localhost:8080/
2025-02-07 03:25:14 WARN  OpenChordTest:58  - Insert time for key 9 = 524 ms
2025-02-07 03:25:14 WARN  OpenChordTest:60  - Inserted (9, default)
2025-02-07 03:25:14 WARN  OpenChordTest:64  - Memory usage at ocsocket://localhost:8089/ = 16 MB
2025-02-07 03:28:05 FATAL 29 180 217 92 :379  - The rare situation has occured at time 1738916885537, id to look up=119 222 104 218 , id of local node=29 180 217 92 , id of predecessor=1 141 249 199 
2025-02-07 03:28:07 FATAL 29 180 217 92 :379  - The rare situation has occured at time 1738916887867, id to look up=254 93 187 206 , id of local node=29 180 217 92 , id of predecessor=1 141 249 199 
2025-02-07 03:28:08 FATAL 29 180 217 92 :379  - The rare situation has occured at time 1738916888348, id to look up=123 82 0 155 , id of local node=29 180 217 92 , id of predecessor=1 141 249 199 
2025-02-07 03:28:10 FATAL 29 180 217 92 :379  - The rare situation has occured at time 1738916890678, id to look up=77 19 75 192 , id of local node=29 180 217 92 , id of predecessor=1 141 249 199 
2025-02-07 03:28:12 FATAL 29 180 217 92 :379  - The rare situation has occured at time 1738916892347, id to look up=119 25 161 199 , id of local node=29 180 217 92 , id of predecessor=1 141 249 199 
2025-02-07 03:28:47 FATAL 29 180 217 92 :379  - The rare situation has occured at time 1738916927078, id to look up=119 222 104 218 , id of local node=29 180 217 92 , id of predecessor=1 141 249 199 
2025-02-07 03:28:49 FATAL 29 180 217 92 :379  - The rare situation has occured at time 1738916929166, id to look up=254 93 187 206 , id of local node=29 180 217 92 , id of predecessor=1 141 249 199 
2025-02-07 03:28:49 FATAL 29 180 217 92 :379  - The rare situation has occured at time 1738916929626, id to look up=123 82 0 155 , id of local node=29 180 217 92 , id of predecessor=1 141 249 199 
2025-02-07 03:28:51 FATAL 29 180 217 92 :379  - The rare situation has occured at time 1738916931866, id to look up=77 19 75 192 , id of local node=29 180 217 92 , id of predecessor=1 141 249 199 
2025-02-07 03:28:53 FATAL 29 180 217 92 :379  - The rare situation has occured at time 1738916933036, id to look up=119 25 161 199 , id of local node=29 180 217 92 , id of predecessor=1 141 249 199 
2025-02-07 03:29:43 FATAL 29 180 217 92 :379  - The rare situation has occured at time 1738916983247, id to look up=119 222 104 218 , id of local node=29 180 217 92 , id of predecessor=1 141 249 199 
2025-02-07 03:29:45 FATAL 29 180 217 92 :379  - The rare situation has occured at time 1738916985505, id to look up=254 93 187 206 , id of local node=29 180 217 92 , id of predecessor=1 141 249 199 
2025-02-07 03:29:45 FATAL 29 180 217 92 :379  - The rare situation has occured at time 1738916985974, id to look up=123 82 0 155 , id of local node=29 180 217 92 , id of predecessor=1 141 249 199 
2025-02-07 03:29:48 FATAL 29 180 217 92 :379  - The rare situation has occured at time 1738916988355, id to look up=77 19 75 192 , id of local node=29 180 217 92 , id of predecessor=1 141 249 199 
2025-02-07 03:29:49 FATAL 29 180 217 92 :379  - The rare situation has occured at time 1738916989335, id to look up=119 25 161 199 , id of local node=29 180 217 92 , id of predecessor=1 141 249 199 
2025-02-07 03:30:10 FATAL 29 180 217 92 :379  - The rare situation has occured at time 1738917010776, id to look up=119 222 104 218 , id of local node=29 180 217 92 , id of predecessor=1 141 249 199 
2025-02-07 03:30:12 FATAL 29 180 217 92 :379  - The rare situation has occured at time 1738917012735, id to look up=254 93 187 206 , id of local node=29 180 217 92 , id of predecessor=1 141 249 199 
2025-02-07 03:30:13 FATAL 29 180 217 92 :379  - The rare situation has occured at time 1738917013194, id to look up=123 82 0 155 , id of local node=29 180 217 92 , id of predecessor=1 141 249 199 
2025-02-07 03:30:15 FATAL 29 180 217 92 :379  - The rare situation has occured at time 1738917015445, id to look up=77 19 75 192 , id of local node=29 180 217 92 , id of predecessor=1 141 249 199 
2025-02-07 03:30:15 FATAL 29 180 217 92 :379  - The rare situation has occured at time 1738917015583, id to look up=119 25 161 199 , id of local node=29 180 217 92 , id of predecessor=1 141 249 199 
2025-02-07 03:30:38 FATAL 29 180 217 92 :379  - The rare situation has occured at time 1738917038754, id to look up=119 222 104 218 , id of local node=29 180 217 92 , id of predecessor=1 141 249 199 
2025-02-07 03:30:40 FATAL 29 180 217 92 :379  - The rare situation has occured at time 1738917040672, id to look up=254 93 187 206 , id of local node=29 180 217 92 , id of predecessor=1 141 249 199 
2025-02-07 03:30:41 FATAL 29 180 217 92 :379  - The rare situation has occured at time 1738917041122, id to look up=123 82 0 155 , id of local node=29 180 217 92 , id of predecessor=1 141 249 199 
2025-02-07 03:30:43 FATAL 29 180 217 92 :379  - The rare situation has occured at time 1738917043363, id to look up=77 19 75 192 , id of local node=29 180 217 92 , id of predecessor=1 141 249 199 
2025-02-07 03:30:44 FATAL 29 180 217 92 :379  - The rare situation has occured at time 1738917044362, id to look up=119 25 161 199 , id of local node=29 180 217 92 , id of predecessor=1 141 249 199 
