2025-02-07 03:25:28 WARN  OpenChordTest:203  - Peer joined at ocsocket://localhost:8095/ via ocsocket://localhost:8080/
2025-02-07 03:25:28 WARN  OpenChordTest:58  - Insert time for key 15 = 104 ms
2025-02-07 03:25:28 WARN  OpenChordTest:60  - Inserted (15, default)
2025-02-07 03:25:28 WARN  OpenChordTest:64  - Memory usage at ocsocket://localhost:8095/ = 21 MB
2025-02-07 03:28:05 FATAL 134 24 122 57 :379  - The rare situation has occured at time 1738916885927, id to look up=119 222 104 218 , id of local node=134 24 122 57 , id of predecessor=125 23 89 250 
2025-02-07 03:28:08 FATAL 134 24 122 57 :379  - The rare situation has occured at time 1738916888503, id to look up=123 82 0 155 , id of local node=134 24 122 57 , id of predecessor=125 23 89 250 
2025-02-07 03:28:10 FATAL 134 24 122 57 :379  - The rare situation has occured at time 1738916890951, id to look up=77 19 75 192 , id of local node=134 24 122 57 , id of predecessor=125 23 89 250 
2025-02-07 03:28:12 FATAL 134 24 122 57 :379  - The rare situation has occured at time 1738916892864, id to look up=119 25 161 199 , id of local node=134 24 122 57 , id of predecessor=125 23 89 250 
2025-02-07 03:28:47 FATAL 134 24 122 57 :379  - The rare situation has occured at time 1738916927857, id to look up=119 222 104 218 , id of local node=134 24 122 57 , id of predecessor=125 23 89 250 
2025-02-07 03:28:49 FATAL 134 24 122 57 :379  - The rare situation has occured at time 1738916929791, id to look up=123 82 0 155 , id of local node=134 24 122 57 , id of predecessor=125 23 89 250 
2025-02-07 03:28:52 FATAL 134 24 122 57 :379  - The rare situation has occured at time 1738916932129, id to look up=77 19 75 192 , id of local node=134 24 122 57 , id of predecessor=125 23 89 250 
2025-02-07 03:28:53 FATAL 134 24 122 57 :379  - The rare situation has occured at time 1738916933562, id to look up=119 25 161 199 , id of local node=134 24 122 57 , id of predecessor=125 23 89 250 
2025-02-07 03:29:44 FATAL 134 24 122 57 :379  - The rare situation has occured at time 1738916984034, id to look up=119 222 104 218 , id of local node=134 24 122 57 , id of predecessor=125 23 89 250 
2025-02-07 03:29:46 FATAL 134 24 122 57 :379  - The rare situation has occured at time 1738916986140, id to look up=123 82 0 155 , id of local node=134 24 122 57 , id of predecessor=125 23 89 250 
2025-02-07 03:29:48 FATAL 134 24 122 57 :379  - The rare situation has occured at time 1738916988518, id to look up=77 19 75 192 , id of local node=134 24 122 57 , id of predecessor=125 23 89 250 
2025-02-07 03:29:49 FATAL 134 24 122 57 :379  - The rare situation has occured at time 1738916989739, id to look up=119 25 161 199 , id of local node=134 24 122 57 , id of predecessor=125 23 89 250 
2025-02-07 03:30:11 FATAL 134 24 122 57 :379  - The rare situation has occured at time 1738917011455, id to look up=119 222 104 218 , id of local node=134 24 122 57 , id of predecessor=125 23 89 250 
2025-02-07 03:30:13 FATAL 134 24 122 57 :379  - The rare situation has occured at time 1738917013361, id to look up=123 82 0 155 , id of local node=134 24 122 57 , id of predecessor=125 23 89 250 
2025-02-07 03:30:15 FATAL 134 24 122 57 :379  - The rare situation has occured at time 1738917015598, id to look up=77 19 75 192 , id of local node=134 24 122 57 , id of predecessor=125 23 89 250 
2025-02-07 03:30:15 FATAL 134 24 122 57 :379  - The rare situation has occured at time 1738917015987, id to look up=119 25 161 199 , id of local node=134 24 122 57 , id of predecessor=125 23 89 250 
2025-02-07 03:30:39 FATAL 134 24 122 57 :379  - The rare situation has occured at time 1738917039432, id to look up=119 222 104 218 , id of local node=134 24 122 57 , id of predecessor=125 23 89 250 
2025-02-07 03:30:41 FATAL 134 24 122 57 :379  - The rare situation has occured at time 1738917041277, id to look up=123 82 0 155 , id of local node=134 24 122 57 , id of predecessor=125 23 89 250 
2025-02-07 03:30:43 FATAL 134 24 122 57 :379  - The rare situation has occured at time 1738917043545, id to look up=77 19 75 192 , id of local node=134 24 122 57 , id of predecessor=125 23 89 250 
2025-02-07 03:30:44 FATAL 134 24 122 57 :379  - The rare situation has occured at time 1738917044777, id to look up=119 25 161 199 , id of local node=134 24 122 57 , id of predecessor=125 23 89 250 
