2025-02-07 03:25:43 WARN  OpenChordTest:203  - Peer joined at ocsocket://localhost:8102/ via ocsocket://localhost:8080/
2025-02-07 03:25:44 WARN  OpenChordTest:58  - Insert time for key 22 = 636 ms
2025-02-07 03:25:44 WARN  OpenChordTest:60  - Inserted (22, default)
2025-02-07 03:25:44 WARN  OpenChordTest:64  - Memory usage at ocsocket://localhost:8102/ = 4 MB
2025-02-07 03:28:05 FATAL 198 23 79 243 :379  - The rare situation has occured at time 1738916885598, id to look up=119 222 104 218 , id of local node=198 23 79 243 , id of predecessor=191 94 184 109 
2025-02-07 03:28:06 FATAL 198 23 79 243 :379  - The rare situation has occured at time 1738916886585, id to look up=172 52 120 214 , id of local node=198 23 79 243 , id of predecessor=191 94 184 109 
2025-02-07 03:28:08 FATAL 198 23 79 243 :379  - The rare situation has occured at time 1738916888077, id to look up=177 213 120 17 , id of local node=198 23 79 243 , id of predecessor=191 94 184 109 
2025-02-07 03:28:08 FATAL 198 23 79 243 :379  - The rare situation has occured at time 1738916888454, id to look up=123 82 0 155 , id of local node=198 23 79 243 , id of predecessor=191 94 184 109 
2025-02-07 03:28:08 FATAL 198 23 79 243 :379  - The rare situation has occured at time 1738916888614, id to look up=189 48 122 62 , id of local node=198 23 79 243 , id of predecessor=191 94 184 109 
2025-02-07 03:28:10 FATAL 198 23 79 243 :379  - The rare situation has occured at time 1738916890047, id to look up=158 106 85 182 , id of local node=198 23 79 243 , id of predecessor=191 94 184 109 
2025-02-07 03:28:10 FATAL 198 23 79 243 :379  - The rare situation has occured at time 1738916890166, id to look up=179 240 199 246 , id of local node=198 23 79 243 , id of predecessor=191 94 184 109 
2025-02-07 03:28:10 FATAL 198 23 79 243 :379  - The rare situation has occured at time 1738916890791, id to look up=77 19 75 192 , id of local node=198 23 79 243 , id of predecessor=191 94 184 109 
2025-02-07 03:28:11 FATAL 198 23 79 243 :379  - The rare situation has occured at time 1738916891814, id to look up=188 51 234 78 , id of local node=198 23 79 243 , id of predecessor=191 94 184 109 
2025-02-07 03:28:12 FATAL 198 23 79 243 :379  - The rare situation has occured at time 1738916892807, id to look up=119 25 161 199 , id of local node=198 23 79 243 , id of predecessor=191 94 184 109 
2025-02-07 03:28:47 FATAL 198 23 79 243 :379  - The rare situation has occured at time 1738916927497, id to look up=119 222 104 218 , id of local node=198 23 79 243 , id of predecessor=191 94 184 109 
2025-02-07 03:28:48 FATAL 198 23 79 243 :379  - The rare situation has occured at time 1738916928084, id to look up=172 52 120 214 , id of local node=198 23 79 243 , id of predecessor=191 94 184 109 
2025-02-07 03:28:49 FATAL 198 23 79 243 :379  - The rare situation has occured at time 1738916929366, id to look up=177 213 120 17 , id of local node=198 23 79 243 , id of predecessor=191 94 184 109 
2025-02-07 03:28:49 FATAL 198 23 79 243 :379  - The rare situation has occured at time 1738916929735, id to look up=123 82 0 155 , id of local node=198 23 79 243 , id of predecessor=191 94 184 109 
2025-02-07 03:28:49 FATAL 198 23 79 243 :379  - The rare situation has occured at time 1738916929914, id to look up=189 48 122 62 , id of local node=198 23 79 243 , id of predecessor=191 94 184 109 
2025-02-07 03:28:51 FATAL 198 23 79 243 :379  - The rare situation has occured at time 1738916931256, id to look up=158 106 85 182 , id of local node=198 23 79 243 , id of predecessor=191 94 184 109 
2025-02-07 03:28:51 FATAL 198 23 79 243 :379  - The rare situation has occured at time 1738916931364, id to look up=179 240 199 246 , id of local node=198 23 79 243 , id of predecessor=191 94 184 109 
2025-02-07 03:28:51 FATAL 198 23 79 243 :379  - The rare situation has occured at time 1738916931970, id to look up=77 19 75 192 , id of local node=198 23 79 243 , id of predecessor=191 94 184 109 
2025-02-07 03:28:52 FATAL 198 23 79 243 :379  - The rare situation has occured at time 1738916932513, id to look up=188 51 234 78 , id of local node=198 23 79 243 , id of predecessor=191 94 184 109 
2025-02-07 03:28:53 FATAL 198 23 79 243 :379  - The rare situation has occured at time 1738916933507, id to look up=119 25 161 199 , id of local node=198 23 79 243 , id of predecessor=191 94 184 109 
2025-02-07 03:29:43 FATAL 198 23 79 243 :379  - The rare situation has occured at time 1738916983686, id to look up=119 222 104 218 , id of local node=198 23 79 243 , id of predecessor=191 94 184 109 
2025-02-07 03:29:44 FATAL 198 23 79 243 :379  - The rare situation has occured at time 1738916984272, id to look up=172 52 120 214 , id of local node=198 23 79 243 , id of predecessor=191 94 184 109 
2025-02-07 03:29:45 FATAL 198 23 79 243 :379  - The rare situation has occured at time 1738916985714, id to look up=177 213 120 17 , id of local node=198 23 79 243 , id of predecessor=191 94 184 109 
2025-02-07 03:29:46 FATAL 198 23 79 243 :379  - The rare situation has occured at time 1738916986092, id to look up=123 82 0 155 , id of local node=198 23 79 243 , id of predecessor=191 94 184 109 
2025-02-07 03:29:46 FATAL 198 23 79 243 :379  - The rare situation has occured at time 1738916986251, id to look up=189 48 122 62 , id of local node=198 23 79 243 , id of predecessor=191 94 184 109 
2025-02-07 03:29:47 FATAL 198 23 79 243 :379  - The rare situation has occured at time 1738916987645, id to look up=158 106 85 182 , id of local node=198 23 79 243 , id of predecessor=191 94 184 109 
2025-02-07 03:29:47 FATAL 198 23 79 243 :379  - The rare situation has occured at time 1738916987799, id to look up=179 240 199 246 , id of local node=198 23 79 243 , id of predecessor=191 94 184 109 
2025-02-07 03:29:48 FATAL 198 23 79 243 :379  - The rare situation has occured at time 1738916988362, id to look up=77 19 75 192 , id of local node=198 23 79 243 , id of predecessor=191 94 184 109 
2025-02-07 03:29:48 FATAL 198 23 79 243 :379  - The rare situation has occured at time 1738916988802, id to look up=188 51 234 78 , id of local node=198 23 79 243 , id of predecessor=191 94 184 109 
2025-02-07 03:29:49 FATAL 198 23 79 243 :379  - The rare situation has occured at time 1738916989685, id to look up=119 25 161 199 , id of local node=198 23 79 243 , id of predecessor=191 94 184 109 
2025-02-07 03:30:11 FATAL 198 23 79 243 :379  - The rare situation has occured at time 1738917011085, id to look up=119 222 104 218 , id of local node=198 23 79 243 , id of predecessor=191 94 184 109 
2025-02-07 03:30:11 FATAL 198 23 79 243 :379  - The rare situation has occured at time 1738917011630, id to look up=172 52 120 214 , id of local node=198 23 79 243 , id of predecessor=191 94 184 109 
2025-02-07 03:30:12 FATAL 198 23 79 243 :379  - The rare situation has occured at time 1738917012935, id to look up=177 213 120 17 , id of local node=198 23 79 243 , id of predecessor=191 94 184 109 
2025-02-07 03:30:13 FATAL 198 23 79 243 :379  - The rare situation has occured at time 1738917013311, id to look up=123 82 0 155 , id of local node=198 23 79 243 , id of predecessor=191 94 184 109 
2025-02-07 03:30:13 FATAL 198 23 79 243 :379  - The rare situation has occured at time 1738917013470, id to look up=189 48 122 62 , id of local node=198 23 79 243 , id of predecessor=191 94 184 109 
2025-02-07 03:30:14 FATAL 198 23 79 243 :379  - The rare situation has occured at time 1738917014714, id to look up=158 106 85 182 , id of local node=198 23 79 243 , id of predecessor=191 94 184 109 
2025-02-07 03:30:14 FATAL 198 23 79 243 :379  - The rare situation has occured at time 1738917014889, id to look up=179 240 199 246 , id of local node=198 23 79 243 , id of predecessor=191 94 184 109 
2025-02-07 03:30:15 FATAL 198 23 79 243 :379  - The rare situation has occured at time 1738917015453, id to look up=77 19 75 192 , id of local node=198 23 79 243 , id of predecessor=191 94 184 109 
2025-02-07 03:30:15 FATAL 198 23 79 243 :379  - The rare situation has occured at time 1738917015049, id to look up=188 51 234 78 , id of local node=198 23 79 243 , id of predecessor=191 94 184 109 
2025-02-07 03:30:15 FATAL 198 23 79 243 :379  - The rare situation has occured at time 1738917015932, id to look up=119 25 161 199 , id of local node=198 23 79 243 , id of predecessor=191 94 184 109 
2025-02-07 03:30:39 FATAL 198 23 79 243 :379  - The rare situation has occured at time 1738917039073, id to look up=119 222 104 218 , id of local node=198 23 79 243 , id of predecessor=191 94 184 109 
2025-02-07 03:30:39 FATAL 198 23 79 243 :379  - The rare situation has occured at time 1738917039599, id to look up=172 52 120 214 , id of local node=198 23 79 243 , id of predecessor=191 94 184 109 
2025-02-07 03:30:40 FATAL 198 23 79 243 :379  - The rare situation has occured at time 1738917040873, id to look up=177 213 120 17 , id of local node=198 23 79 243 , id of predecessor=191 94 184 109 
2025-02-07 03:30:41 FATAL 198 23 79 243 :379  - The rare situation has occured at time 1738917041230, id to look up=123 82 0 155 , id of local node=198 23 79 243 , id of predecessor=191 94 184 109 
2025-02-07 03:30:41 FATAL 198 23 79 243 :379  - The rare situation has occured at time 1738917041389, id to look up=189 48 122 62 , id of local node=198 23 79 243 , id of predecessor=191 94 184 109 
2025-02-07 03:30:42 FATAL 198 23 79 243 :379  - The rare situation has occured at time 1738917042622, id to look up=158 106 85 182 , id of local node=198 23 79 243 , id of predecessor=191 94 184 109 
2025-02-07 03:30:42 FATAL 198 23 79 243 :379  - The rare situation has occured at time 1738917042797, id to look up=179 240 199 246 , id of local node=198 23 79 243 , id of predecessor=191 94 184 109 
2025-02-07 03:30:43 FATAL 198 23 79 243 :379  - The rare situation has occured at time 1738917043371, id to look up=77 19 75 192 , id of local node=198 23 79 243 , id of predecessor=191 94 184 109 
2025-02-07 03:30:43 FATAL 198 23 79 243 :379  - The rare situation has occured at time 1738917043838, id to look up=188 51 234 78 , id of local node=198 23 79 243 , id of predecessor=191 94 184 109 
2025-02-07 03:30:44 FATAL 198 23 79 243 :379  - The rare situation has occured at time 1738917044722, id to look up=119 25 161 199 , id of local node=198 23 79 243 , id of predecessor=191 94 184 109 
