2025-02-07 03:32:53 WARN  OpenChordTest:203  - Peer joined at ocsocket://localhost:8107/ via ocsocket://localhost:8080/
2025-02-07 03:32:54 WARN  OpenChordTest:58  - Insert time for key 27 = 625 ms
2025-02-07 03:32:54 WARN  OpenChordTest:60  - Inserted (27, default)
2025-02-07 03:32:54 WARN  OpenChordTest:64  - Memory usage at ocsocket://localhost:8107/ = 19 MB
2025-02-07 03:33:54 FATAL 1 141 249 199 :379  - The rare situation has occured at time 1738917234142, id to look up=119 222 104 218 , id of local node=1 141 249 199 , id of predecessor=0 113 70 222 
2025-02-07 03:33:56 FATAL 1 141 249 199 :379  - The rare situation has occured at time 1738917236397, id to look up=254 93 187 206 , id of local node=1 141 249 199 , id of predecessor=0 113 70 222 
2025-02-07 03:33:56 FATAL 1 141 249 199 :379  - The rare situation has occured at time 1738917236667, id to look up=123 82 0 155 , id of local node=1 141 249 199 , id of predecessor=0 113 70 222 
2025-02-07 03:33:58 FATAL 1 141 249 199 :379  - The rare situation has occured at time 1738917238532, id to look up=77 19 75 192 , id of local node=1 141 249 199 , id of predecessor=0 113 70 222 
2025-02-07 03:33:59 FATAL 1 141 249 199 :379  - The rare situation has occured at time 1738917239683, id to look up=119 25 161 199 , id of local node=1 141 249 199 , id of predecessor=0 113 70 222 
2025-02-07 03:34:46 FATAL 1 141 249 199 :379  - The rare situation has occured at time 1738917286909, id to look up=119 222 104 218 , id of local node=1 141 249 199 , id of predecessor=0 113 70 222 
2025-02-07 03:34:48 FATAL 1 141 249 199 :379  - The rare situation has occured at time 1738917288722, id to look up=254 93 187 206 , id of local node=1 141 249 199 , id of predecessor=0 113 70 222 
2025-02-07 03:34:49 FATAL 1 141 249 199 :379  - The rare situation has occured at time 1738917289557, id to look up=123 82 0 155 , id of local node=1 141 249 199 , id of predecessor=0 113 70 222 
2025-02-07 03:34:51 FATAL 1 141 249 199 :379  - The rare situation has occured at time 1738917291341, id to look up=77 19 75 192 , id of local node=1 141 249 199 , id of predecessor=0 113 70 222 
2025-02-07 03:34:52 FATAL 1 141 249 199 :379  - The rare situation has occured at time 1738917292182, id to look up=119 25 161 199 , id of local node=1 141 249 199 , id of predecessor=0 113 70 222 
2025-02-07 03:35:13 FATAL 1 141 249 199 :379  - The rare situation has occured at time 1738917313423, id to look up=119 222 104 218 , id of local node=1 141 249 199 , id of predecessor=0 113 70 222 
2025-02-07 03:35:15 FATAL 1 141 249 199 :379  - The rare situation has occured at time 1738917315261, id to look up=254 93 187 206 , id of local node=1 141 249 199 , id of predecessor=0 113 70 222 
2025-02-07 03:35:15 FATAL 1 141 249 199 :379  - The rare situation has occured at time 1738917315799, id to look up=123 82 0 155 , id of local node=1 141 249 199 , id of predecessor=0 113 70 222 
2025-02-07 03:35:18 FATAL 1 141 249 199 :379  - The rare situation has occured at time 1738917318460, id to look up=77 19 75 192 , id of local node=1 141 249 199 , id of predecessor=0 113 70 222 
2025-02-07 03:35:19 FATAL 1 141 249 199 :379  - The rare situation has occured at time 1738917319730, id to look up=119 25 161 199 , id of local node=1 141 249 199 , id of predecessor=0 113 70 222 
2025-02-07 03:37:27 FATAL 1 141 249 199 :379  - The rare situation has occured at time 1738917447450, id to look up=119 222 104 218 , id of local node=1 141 249 199 , id of predecessor=0 113 70 222 
2025-02-07 03:37:28 FATAL 1 141 249 199 :379  - The rare situation has occured at time 1738917448987, id to look up=254 93 187 206 , id of local node=1 141 249 199 , id of predecessor=0 113 70 222 
2025-02-07 03:37:29 FATAL 1 141 249 199 :379  - The rare situation has occured at time 1738917449506, id to look up=123 82 0 155 , id of local node=1 141 249 199 , id of predecessor=0 113 70 222 
2025-02-07 03:37:32 FATAL 1 141 249 199 :379  - The rare situation has occured at time 1738917452167, id to look up=77 19 75 192 , id of local node=1 141 249 199 , id of predecessor=0 113 70 222 
2025-02-07 03:37:33 FATAL 1 141 249 199 :379  - The rare situation has occured at time 1738917453367, id to look up=119 25 161 199 , id of local node=1 141 249 199 , id of predecessor=0 113 70 222 
2025-02-07 03:38:17 FATAL 1 141 249 199 :379  - The rare situation has occured at time 1738917497190, id to look up=119 222 104 218 , id of local node=1 141 249 199 , id of predecessor=0 113 70 222 
2025-02-07 03:38:18 FATAL 1 141 249 199 :379  - The rare situation has occured at time 1738917498719, id to look up=254 93 187 206 , id of local node=1 141 249 199 , id of predecessor=0 113 70 222 
2025-02-07 03:38:19 FATAL 1 141 249 199 :379  - The rare situation has occured at time 1738917499248, id to look up=123 82 0 155 , id of local node=1 141 249 199 , id of predecessor=0 113 70 222 
2025-02-07 03:38:21 FATAL 1 141 249 199 :379  - The rare situation has occured at time 1738917501879, id to look up=77 19 75 192 , id of local node=1 141 249 199 , id of predecessor=0 113 70 222 
2025-02-07 03:38:23 FATAL 1 141 249 199 :379  - The rare situation has occured at time 1738917503079, id to look up=119 25 161 199 , id of local node=1 141 249 199 , id of predecessor=0 113 70 222 
