2025-02-07 03:32:36 WARN  OpenChordTest:203  - Peer joined at ocsocket://localhost:8098/ via ocsocket://localhost:8080/
2025-02-07 03:32:37 WARN  OpenChordTest:58  - Insert time for key 18 = 984 ms
2025-02-07 03:32:37 WARN  OpenChordTest:60  - Inserted (18, default)
2025-02-07 03:32:37 WARN  OpenChordTest:64  - Memory usage at ocsocket://localhost:8098/ = 18 MB
2025-02-07 03:33:54 FATAL 0 113 70 222 :379  - The rare situation has occured at time 1738917234144, id to look up=119 222 104 218 , id of local node=0 113 70 222 , id of predecessor=254 78 41 228 
2025-02-07 03:33:56 FATAL 0 113 70 222 :379  - The rare situation has occured at time 1738917236727, id to look up=123 82 0 155 , id of local node=0 113 70 222 , id of predecessor=254 78 41 228 
2025-02-07 03:33:58 FATAL 0 113 70 222 :379  - The rare situation has occured at time 1738917238532, id to look up=77 19 75 192 , id of local node=0 113 70 222 , id of predecessor=254 78 41 228 
2025-02-07 03:33:59 FATAL 0 113 70 222 :379  - The rare situation has occured at time 1738917239684, id to look up=119 25 161 199 , id of local node=0 113 70 222 , id of predecessor=254 78 41 228 
2025-02-07 03:34:46 FATAL 0 113 70 222 :379  - The rare situation has occured at time 1738917286910, id to look up=119 222 104 218 , id of local node=0 113 70 222 , id of predecessor=254 78 41 228 
2025-02-07 03:34:49 FATAL 0 113 70 222 :379  - The rare situation has occured at time 1738917289606, id to look up=123 82 0 155 , id of local node=0 113 70 222 , id of predecessor=254 78 41 228 
2025-02-07 03:34:51 FATAL 0 113 70 222 :379  - The rare situation has occured at time 1738917291342, id to look up=77 19 75 192 , id of local node=0 113 70 222 , id of predecessor=254 78 41 228 
2025-02-07 03:34:52 FATAL 0 113 70 222 :379  - The rare situation has occured at time 1738917292183, id to look up=119 25 161 199 , id of local node=0 113 70 222 , id of predecessor=254 78 41 228 
2025-02-07 03:35:13 FATAL 0 113 70 222 :379  - The rare situation has occured at time 1738917313424, id to look up=119 222 104 218 , id of local node=0 113 70 222 , id of predecessor=254 78 41 228 
2025-02-07 03:35:15 FATAL 0 113 70 222 :379  - The rare situation has occured at time 1738917315850, id to look up=123 82 0 155 , id of local node=0 113 70 222 , id of predecessor=254 78 41 228 
2025-02-07 03:35:18 FATAL 0 113 70 222 :379  - The rare situation has occured at time 1738917318461, id to look up=77 19 75 192 , id of local node=0 113 70 222 , id of predecessor=254 78 41 228 
2025-02-07 03:35:19 FATAL 0 113 70 222 :379  - The rare situation has occured at time 1738917319731, id to look up=119 25 161 199 , id of local node=0 113 70 222 , id of predecessor=254 78 41 228 
2025-02-07 03:37:27 FATAL 0 113 70 222 :379  - The rare situation has occured at time 1738917447450, id to look up=119 222 104 218 , id of local node=0 113 70 222 , id of predecessor=254 78 41 228 
2025-02-07 03:37:29 FATAL 0 113 70 222 :379  - The rare situation has occured at time 1738917449556, id to look up=123 82 0 155 , id of local node=0 113 70 222 , id of predecessor=254 78 41 228 
2025-02-07 03:37:32 FATAL 0 113 70 222 :379  - The rare situation has occured at time 1738917452168, id to look up=77 19 75 192 , id of local node=0 113 70 222 , id of predecessor=254 78 41 228 
2025-02-07 03:37:33 FATAL 0 113 70 222 :379  - The rare situation has occured at time 1738917453368, id to look up=119 25 161 199 , id of local node=0 113 70 222 , id of predecessor=254 78 41 228 
2025-02-07 03:38:17 FATAL 0 113 70 222 :379  - The rare situation has occured at time 1738917497191, id to look up=119 222 104 218 , id of local node=0 113 70 222 , id of predecessor=254 78 41 228 
2025-02-07 03:38:19 FATAL 0 113 70 222 :379  - The rare situation has occured at time 1738917499308, id to look up=123 82 0 155 , id of local node=0 113 70 222 , id of predecessor=254 78 41 228 
2025-02-07 03:38:21 FATAL 0 113 70 222 :379  - The rare situation has occured at time 1738917501879, id to look up=77 19 75 192 , id of local node=0 113 70 222 , id of predecessor=254 78 41 228 
2025-02-07 03:38:23 FATAL 0 113 70 222 :379  - The rare situation has occured at time 1738917503079, id to look up=119 25 161 199 , id of local node=0 113 70 222 , id of predecessor=254 78 41 228 
