2025-02-07 03:32:16 WARN  OpenChordTest:203  - Peer joined at ocsocket://localhost:8088/ via ocsocket://localhost:8080/
2025-02-07 03:32:16 WARN  OpenChordTest:58  - Insert time for key 8 = 434 ms
2025-02-07 03:32:16 WARN  OpenChordTest:60  - Inserted (8, default)
2025-02-07 03:32:16 WARN  OpenChordTest:64  - Memory usage at ocsocket://localhost:8088/ = 19 MB
2025-02-07 03:33:54 FATAL 50 71 95 48 :379  - The rare situation has occured at time 1738917234134, id to look up=119 222 104 218 , id of local node=50 71 95 48 , id of predecessor=41 61 111 157 
2025-02-07 03:33:56 FATAL 50 71 95 48 :379  - The rare situation has occured at time 1738917236393, id to look up=254 93 187 206 , id of local node=50 71 95 48 , id of predecessor=41 61 111 157 
2025-02-07 03:33:56 FATAL 50 71 95 48 :379  - The rare situation has occured at time 1738917236971, id to look up=123 82 0 155 , id of local node=50 71 95 48 , id of predecessor=41 61 111 157 
2025-02-07 03:33:58 FATAL 50 71 95 48 :379  - The rare situation has occured at time 1738917238528, id to look up=77 19 75 192 , id of local node=50 71 95 48 , id of predecessor=41 61 111 157 
2025-02-07 03:33:59 FATAL 50 71 95 48 :379  - The rare situation has occured at time 1738917239679, id to look up=119 25 161 199 , id of local node=50 71 95 48 , id of predecessor=41 61 111 157 
2025-02-07 03:34:00 FATAL 50 71 95 48 :379  - The rare situation has occured at time 1738917240457, id to look up=34 210 0 248 , id of local node=50 71 95 48 , id of predecessor=41 61 111 157 
2025-02-07 03:34:46 FATAL 50 71 95 48 :379  - The rare situation has occured at time 1738917286807, id to look up=119 222 104 218 , id of local node=50 71 95 48 , id of predecessor=41 61 111 157 
2025-02-07 03:34:48 FATAL 50 71 95 48 :379  - The rare situation has occured at time 1738917288718, id to look up=254 93 187 206 , id of local node=50 71 95 48 , id of predecessor=41 61 111 157 
2025-02-07 03:34:49 FATAL 50 71 95 48 :379  - The rare situation has occured at time 1738917289286, id to look up=123 82 0 155 , id of local node=50 71 95 48 , id of predecessor=41 61 111 157 
2025-02-07 03:34:51 FATAL 50 71 95 48 :379  - The rare situation has occured at time 1738917291337, id to look up=77 19 75 192 , id of local node=50 71 95 48 , id of predecessor=41 61 111 157 
2025-02-07 03:34:52 FATAL 50 71 95 48 :379  - The rare situation has occured at time 1738917292178, id to look up=119 25 161 199 , id of local node=50 71 95 48 , id of predecessor=41 61 111 157 
2025-02-07 03:34:52 FATAL 50 71 95 48 :379  - The rare situation has occured at time 1738917292816, id to look up=34 210 0 248 , id of local node=50 71 95 48 , id of predecessor=41 61 111 157 
2025-02-07 03:35:13 FATAL 50 71 95 48 :379  - The rare situation has occured at time 1738917313311, id to look up=119 222 104 218 , id of local node=50 71 95 48 , id of predecessor=41 61 111 157 
2025-02-07 03:35:14 FATAL 50 71 95 48 :379  - The rare situation has occured at time 1738917314157, id to look up=27 100 83 137 , id of local node=50 71 95 48 , id of predecessor=41 61 111 157 
2025-02-07 03:35:15 FATAL 50 71 95 48 :379  - The rare situation has occured at time 1738917315201, id to look up=254 93 187 206 , id of local node=50 71 95 48 , id of predecessor=41 61 111 157 
2025-02-07 03:35:15 FATAL 50 71 95 48 :379  - The rare situation has occured at time 1738917315321, id to look up=10 222 124 44 , id of local node=50 71 95 48 , id of predecessor=41 61 111 157 
2025-02-07 03:35:15 FATAL 50 71 95 48 :379  - The rare situation has occured at time 1738917315601, id to look up=23 186 7 145 , id of local node=50 71 95 48 , id of predecessor=41 61 111 157 
2025-02-07 03:35:15 FATAL 50 71 95 48 :379  - The rare situation has occured at time 1738917315702, id to look up=123 82 0 155 , id of local node=50 71 95 48 , id of predecessor=41 61 111 157 
2025-02-07 03:35:16 FATAL 50 71 95 48 :379  - The rare situation has occured at time 1738917316461, id to look up=21 116 189 219 , id of local node=50 71 95 48 , id of predecessor=41 61 111 157 
2025-02-07 03:35:16 FATAL 50 71 95 48 :379  - The rare situation has occured at time 1738917316729, id to look up=7 22 217 112 , id of local node=50 71 95 48 , id of predecessor=41 61 111 157 
2025-02-07 03:35:18 FATAL 50 71 95 48 :379  - The rare situation has occured at time 1738917318191, id to look up=18 198 252 6 , id of local node=50 71 95 48 , id of predecessor=41 61 111 157 
2025-02-07 03:35:18 FATAL 50 71 95 48 :379  - The rare situation has occured at time 1738917318413, id to look up=77 19 75 192 , id of local node=50 71 95 48 , id of predecessor=41 61 111 157 
2025-02-07 03:35:19 FATAL 50 71 95 48 :379  - The rare situation has occured at time 1738917319291, id to look up=10 87 203 83 , id of local node=50 71 95 48 , id of predecessor=41 61 111 157 
2025-02-07 03:35:19 FATAL 50 71 95 48 :379  - The rare situation has occured at time 1738917319519, id to look up=119 25 161 199 , id of local node=50 71 95 48 , id of predecessor=41 61 111 157 
2025-02-07 03:35:20 FATAL 50 71 95 48 :379  - The rare situation has occured at time 1738917320352, id to look up=34 210 0 248 , id of local node=50 71 95 48 , id of predecessor=41 61 111 157 
2025-02-07 03:37:27 FATAL 50 71 95 48 :379  - The rare situation has occured at time 1738917447346, id to look up=119 222 104 218 , id of local node=50 71 95 48 , id of predecessor=41 61 111 157 
2025-02-07 03:37:27 FATAL 50 71 95 48 :379  - The rare situation has occured at time 1738917447885, id to look up=27 100 83 137 , id of local node=50 71 95 48 , id of predecessor=41 61 111 157 
2025-02-07 03:37:28 FATAL 50 71 95 48 :379  - The rare situation has occured at time 1738917448938, id to look up=254 93 187 206 , id of local node=50 71 95 48 , id of predecessor=41 61 111 157 
2025-02-07 03:37:29 FATAL 50 71 95 48 :379  - The rare situation has occured at time 1738917449039, id to look up=10 222 124 44 , id of local node=50 71 95 48 , id of predecessor=41 61 111 157 
2025-02-07 03:37:29 FATAL 50 71 95 48 :379  - The rare situation has occured at time 1738917449298, id to look up=23 186 7 145 , id of local node=50 71 95 48 , id of predecessor=41 61 111 157 
2025-02-07 03:37:29 FATAL 50 71 95 48 :379  - The rare situation has occured at time 1738917449398, id to look up=123 82 0 155 , id of local node=50 71 95 48 , id of predecessor=41 61 111 157 
2025-02-07 03:37:30 FATAL 50 71 95 48 :379  - The rare situation has occured at time 1738917450168, id to look up=21 116 189 219 , id of local node=50 71 95 48 , id of predecessor=41 61 111 157 
2025-02-07 03:37:30 FATAL 50 71 95 48 :379  - The rare situation has occured at time 1738917450436, id to look up=7 22 217 112 , id of local node=50 71 95 48 , id of predecessor=41 61 111 157 
2025-02-07 03:37:31 FATAL 50 71 95 48 :379  - The rare situation has occured at time 1738917451897, id to look up=18 198 252 6 , id of local node=50 71 95 48 , id of predecessor=41 61 111 157 
2025-02-07 03:37:32 FATAL 50 71 95 48 :379  - The rare situation has occured at time 1738917452118, id to look up=77 19 75 192 , id of local node=50 71 95 48 , id of predecessor=41 61 111 157 
2025-02-07 03:37:32 FATAL 50 71 95 48 :379  - The rare situation has occured at time 1738917452968, id to look up=10 87 203 83 , id of local node=50 71 95 48 , id of predecessor=41 61 111 157 
2025-02-07 03:37:33 FATAL 50 71 95 48 :379  - The rare situation has occured at time 1738917453166, id to look up=119 25 161 199 , id of local node=50 71 95 48 , id of predecessor=41 61 111 157 
2025-02-07 03:37:33 FATAL 50 71 95 48 :379  - The rare situation has occured at time 1738917453989, id to look up=34 210 0 248 , id of local node=50 71 95 48 , id of predecessor=41 61 111 157 
2025-02-07 03:38:17 FATAL 50 71 95 48 :379  - The rare situation has occured at time 1738917497079, id to look up=119 222 104 218 , id of local node=50 71 95 48 , id of predecessor=41 61 111 157 
2025-02-07 03:38:17 FATAL 50 71 95 48 :379  - The rare situation has occured at time 1738917497605, id to look up=27 100 83 137 , id of local node=50 71 95 48 , id of predecessor=41 61 111 157 
2025-02-07 03:38:18 FATAL 50 71 95 48 :379  - The rare situation has occured at time 1738917498670, id to look up=254 93 187 206 , id of local node=50 71 95 48 , id of predecessor=41 61 111 157 
2025-02-07 03:38:18 FATAL 50 71 95 48 :379  - The rare situation has occured at time 1738917498770, id to look up=10 222 124 44 , id of local node=50 71 95 48 , id of predecessor=41 61 111 157 
2025-02-07 03:38:19 FATAL 50 71 95 48 :379  - The rare situation has occured at time 1738917499040, id to look up=23 186 7 145 , id of local node=50 71 95 48 , id of predecessor=41 61 111 157 
2025-02-07 03:38:19 FATAL 50 71 95 48 :379  - The rare situation has occured at time 1738917499141, id to look up=123 82 0 155 , id of local node=50 71 95 48 , id of predecessor=41 61 111 157 
2025-02-07 03:38:19 FATAL 50 71 95 48 :379  - The rare situation has occured at time 1738917499910, id to look up=21 116 189 219 , id of local node=50 71 95 48 , id of predecessor=41 61 111 157 
2025-02-07 03:38:20 FATAL 50 71 95 48 :379  - The rare situation has occured at time 1738917500168, id to look up=7 22 217 112 , id of local node=50 71 95 48 , id of predecessor=41 61 111 157 
2025-02-07 03:38:21 FATAL 50 71 95 48 :379  - The rare situation has occured at time 1738917501619, id to look up=18 198 252 6 , id of local node=50 71 95 48 , id of predecessor=41 61 111 157 
2025-02-07 03:38:21 FATAL 50 71 95 48 :379  - The rare situation has occured at time 1738917501831, id to look up=77 19 75 192 , id of local node=50 71 95 48 , id of predecessor=41 61 111 157 
2025-02-07 03:38:22 FATAL 50 71 95 48 :379  - The rare situation has occured at time 1738917502660, id to look up=10 87 203 83 , id of local node=50 71 95 48 , id of predecessor=41 61 111 157 
2025-02-07 03:38:22 FATAL 50 71 95 48 :379  - The rare situation has occured at time 1738917502858, id to look up=119 25 161 199 , id of local node=50 71 95 48 , id of predecessor=41 61 111 157 
2025-02-07 03:38:23 FATAL 50 71 95 48 :379  - The rare situation has occured at time 1738917503710, id to look up=34 210 0 248 , id of local node=50 71 95 48 , id of predecessor=41 61 111 157 
