2025-02-07 03:33:07 WARN  OpenChordTest:203  - Peer joined at ocsocket://localhost:8112/ via ocsocket://localhost:8080/
2025-02-07 03:33:07 WARN  OpenChordTest:58  - Insert time for key 32 = 95 ms
2025-02-07 03:33:07 WARN  OpenChordTest:60  - Inserted (32, default)
2025-02-07 03:33:07 WARN  OpenChordTest:64  - Memory usage at ocsocket://localhost:8112/ = 14 MB
2025-02-07 03:33:54 FATAL 171 169 249 91 :379  - The rare situation has occured at time 1738917234351, id to look up=119 222 104 218 , id of local node=171 169 249 91 , id of predecessor=161 201 197 38 
2025-02-07 03:33:56 FATAL 171 169 249 91 :379  - The rare situation has occured at time 1738917236779, id to look up=123 82 0 155 , id of local node=171 169 249 91 , id of predecessor=161 201 197 38 
2025-02-07 03:33:57 FATAL 171 169 249 91 :379  - The rare situation has occured at time 1738917237988, id to look up=158 106 85 182 , id of local node=171 169 249 91 , id of predecessor=161 201 197 38 
2025-02-07 03:33:58 FATAL 171 169 249 91 :379  - The rare situation has occured at time 1738917238727, id to look up=77 19 75 192 , id of local node=171 169 249 91 , id of predecessor=161 201 197 38 
2025-02-07 03:34:00 FATAL 171 169 249 91 :379  - The rare situation has occured at time 1738917240208, id to look up=119 25 161 199 , id of local node=171 169 249 91 , id of predecessor=161 201 197 38 
2025-02-07 03:34:47 FATAL 171 169 249 91 :379  - The rare situation has occured at time 1738917287406, id to look up=119 222 104 218 , id of local node=171 169 249 91 , id of predecessor=161 201 197 38 
2025-02-07 03:34:49 FATAL 171 169 249 91 :379  - The rare situation has occured at time 1738917289657, id to look up=123 82 0 155 , id of local node=171 169 249 91 , id of predecessor=161 201 197 38 
2025-02-07 03:34:50 FATAL 171 169 249 91 :379  - The rare situation has occured at time 1738917290807, id to look up=158 106 85 182 , id of local node=171 169 249 91 , id of predecessor=161 201 197 38 
2025-02-07 03:34:51 FATAL 171 169 249 91 :379  - The rare situation has occured at time 1738917291536, id to look up=77 19 75 192 , id of local node=171 169 249 91 , id of predecessor=161 201 197 38 
2025-02-07 03:34:52 FATAL 171 169 249 91 :379  - The rare situation has occured at time 1738917292697, id to look up=119 25 161 199 , id of local node=171 169 249 91 , id of predecessor=161 201 197 38 
2025-02-07 03:35:13 FATAL 171 169 249 91 :379  - The rare situation has occured at time 1738917313830, id to look up=119 222 104 218 , id of local node=171 169 249 91 , id of predecessor=161 201 197 38 
2025-02-07 03:35:15 FATAL 171 169 249 91 :379  - The rare situation has occured at time 1738917315910, id to look up=123 82 0 155 , id of local node=171 169 249 91 , id of predecessor=161 201 197 38 
2025-02-07 03:35:17 FATAL 171 169 249 91 :379  - The rare situation has occured at time 1738917317460, id to look up=158 106 85 182 , id of local node=171 169 249 91 , id of predecessor=161 201 197 38 
2025-02-07 03:35:18 FATAL 171 169 249 91 :379  - The rare situation has occured at time 1738917318760, id to look up=77 19 75 192 , id of local node=171 169 249 91 , id of predecessor=161 201 197 38 
2025-02-07 03:35:20 FATAL 171 169 249 91 :379  - The rare situation has occured at time 1738917320230, id to look up=119 25 161 199 , id of local node=171 169 249 91 , id of predecessor=161 201 197 38 
2025-02-07 03:37:27 FATAL 171 169 249 91 :379  - The rare situation has occured at time 1738917447759, id to look up=119 222 104 218 , id of local node=171 169 249 91 , id of predecessor=161 201 197 38 
2025-02-07 03:37:29 FATAL 171 169 249 91 :379  - The rare situation has occured at time 1738917449607, id to look up=123 82 0 155 , id of local node=171 169 249 91 , id of predecessor=161 201 197 38 
2025-02-07 03:37:31 FATAL 171 169 249 91 :379  - The rare situation has occured at time 1738917451177, id to look up=158 106 85 182 , id of local node=171 169 249 91 , id of predecessor=161 201 197 38 
2025-02-07 03:37:32 FATAL 171 169 249 91 :379  - The rare situation has occured at time 1738917452466, id to look up=77 19 75 192 , id of local node=171 169 249 91 , id of predecessor=161 201 197 38 
2025-02-07 03:37:33 FATAL 171 169 249 91 :379  - The rare situation has occured at time 1738917453867, id to look up=119 25 161 199 , id of local node=171 169 249 91 , id of predecessor=161 201 197 38 
2025-02-07 03:38:17 FATAL 171 169 249 91 :379  - The rare situation has occured at time 1738917497490, id to look up=119 222 104 218 , id of local node=171 169 249 91 , id of predecessor=161 201 197 38 
2025-02-07 03:38:19 FATAL 171 169 249 91 :379  - The rare situation has occured at time 1738917499359, id to look up=123 82 0 155 , id of local node=171 169 249 91 , id of predecessor=161 201 197 38 
2025-02-07 03:38:20 FATAL 171 169 249 91 :379  - The rare situation has occured at time 1738917500879, id to look up=158 106 85 182 , id of local node=171 169 249 91 , id of predecessor=161 201 197 38 
2025-02-07 03:38:22 FATAL 171 169 249 91 :379  - The rare situation has occured at time 1738917502179, id to look up=77 19 75 192 , id of local node=171 169 249 91 , id of predecessor=161 201 197 38 
2025-02-07 03:38:23 FATAL 171 169 249 91 :379  - The rare situation has occured at time 1738917503589, id to look up=119 25 161 199 , id of local node=171 169 249 91 , id of predecessor=161 201 197 38 
