2025-02-07 03:32:41 WARN  OpenChordTest:203  - Peer joined at ocsocket://localhost:8100/ via ocsocket://localhost:8080/
2025-02-07 03:32:41 WARN  OpenChordTest:58  - Insert time for key 20 = 362 ms
2025-02-07 03:32:41 WARN  OpenChordTest:60  - Inserted (20, default)
2025-02-07 03:32:41 WARN  OpenChordTest:64  - Memory usage at ocsocket://localhost:8100/ = 24 MB
2025-02-07 03:33:54 FATAL 204 191 22 172 :379  - The rare situation has occured at time 1738917234199, id to look up=119 222 104 218 , id of local node=204 191 22 172 , id of predecessor=198 23 79 243 
2025-02-07 03:33:55 FATAL 204 191 22 172 :379  - The rare situation has occured at time 1738917235617, id to look up=172 52 120 214 , id of local node=204 191 22 172 , id of predecessor=198 23 79 243 
2025-02-07 03:33:56 FATAL 204 191 22 172 :379  - The rare situation has occured at time 1738917236181, id to look up=193 223 217 110 , id of local node=204 191 22 172 , id of predecessor=198 23 79 243 
2025-02-07 03:33:56 FATAL 204 191 22 172 :379  - The rare situation has occured at time 1738917236608, id to look up=177 213 120 17 , id of local node=204 191 22 172 , id of predecessor=198 23 79 243 
2025-02-07 03:33:56 FATAL 204 191 22 172 :379  - The rare situation has occured at time 1738917236734, id to look up=123 82 0 155 , id of local node=204 191 22 172 , id of predecessor=198 23 79 243 
2025-02-07 03:33:56 FATAL 204 191 22 172 :379  - The rare situation has occured at time 1738917236904, id to look up=189 48 122 62 , id of local node=204 191 22 172 , id of predecessor=198 23 79 243 
2025-02-07 03:33:57 FATAL 204 191 22 172 :379  - The rare situation has occured at time 1738917237888, id to look up=158 106 85 182 , id of local node=204 191 22 172 , id of predecessor=198 23 79 243 
2025-02-07 03:33:58 FATAL 204 191 22 172 :379  - The rare situation has occured at time 1738917238054, id to look up=179 240 199 246 , id of local node=204 191 22 172 , id of predecessor=198 23 79 243 
2025-02-07 03:33:58 FATAL 204 191 22 172 :379  - The rare situation has occured at time 1738917238630, id to look up=77 19 75 192 , id of local node=204 191 22 172 , id of predecessor=198 23 79 243 
2025-02-07 03:33:59 FATAL 204 191 22 172 :379  - The rare situation has occured at time 1738917239514, id to look up=188 51 234 78 , id of local node=204 191 22 172 , id of predecessor=198 23 79 243 
2025-02-07 03:34:00 FATAL 204 191 22 172 :379  - The rare situation has occured at time 1738917240097, id to look up=119 25 161 199 , id of local node=204 191 22 172 , id of predecessor=198 23 79 243 
2025-02-07 03:34:47 FATAL 204 191 22 172 :379  - The rare situation has occured at time 1738917287306, id to look up=119 222 104 218 , id of local node=204 191 22 172 , id of predecessor=198 23 79 243 
2025-02-07 03:34:47 FATAL 204 191 22 172 :379  - The rare situation has occured at time 1738917287972, id to look up=172 52 120 214 , id of local node=204 191 22 172 , id of predecessor=198 23 79 243 
2025-02-07 03:34:48 FATAL 204 191 22 172 :379  - The rare situation has occured at time 1738917288516, id to look up=193 223 217 110 , id of local node=204 191 22 172 , id of predecessor=198 23 79 243 
2025-02-07 03:34:48 FATAL 204 191 22 172 :379  - The rare situation has occured at time 1738917288932, id to look up=177 213 120 17 , id of local node=204 191 22 172 , id of predecessor=198 23 79 243 
2025-02-07 03:34:49 FATAL 204 191 22 172 :379  - The rare situation has occured at time 1738917289613, id to look up=123 82 0 155 , id of local node=204 191 22 172 , id of predecessor=198 23 79 243 
2025-02-07 03:34:49 FATAL 204 191 22 172 :379  - The rare situation has occured at time 1738917289773, id to look up=189 48 122 62 , id of local node=204 191 22 172 , id of predecessor=198 23 79 243 
2025-02-07 03:34:50 FATAL 204 191 22 172 :379  - The rare situation has occured at time 1738917290706, id to look up=158 106 85 182 , id of local node=204 191 22 172 , id of predecessor=198 23 79 243 
2025-02-07 03:34:50 FATAL 204 191 22 172 :379  - The rare situation has occured at time 1738917290872, id to look up=179 240 199 246 , id of local node=204 191 22 172 , id of predecessor=198 23 79 243 
2025-02-07 03:34:51 FATAL 204 191 22 172 :379  - The rare situation has occured at time 1738917291438, id to look up=77 19 75 192 , id of local node=204 191 22 172 , id of predecessor=198 23 79 243 
2025-02-07 03:34:52 FATAL 204 191 22 172 :379  - The rare situation has occured at time 1738917292001, id to look up=188 51 234 78 , id of local node=204 191 22 172 , id of predecessor=198 23 79 243 
2025-02-07 03:34:52 FATAL 204 191 22 172 :379  - The rare situation has occured at time 1738917292586, id to look up=119 25 161 199 , id of local node=204 191 22 172 , id of predecessor=198 23 79 243 
2025-02-07 03:35:13 FATAL 204 191 22 172 :379  - The rare situation has occured at time 1738917313730, id to look up=119 222 104 218 , id of local node=204 191 22 172 , id of predecessor=198 23 79 243 
2025-02-07 03:35:14 FATAL 204 191 22 172 :379  - The rare situation has occured at time 1738917314574, id to look up=172 52 120 214 , id of local node=204 191 22 172 , id of predecessor=198 23 79 243 
2025-02-07 03:35:15 FATAL 204 191 22 172 :379  - The rare situation has occured at time 1738917315049, id to look up=193 223 217 110 , id of local node=204 191 22 172 , id of predecessor=198 23 79 243 
2025-02-07 03:35:15 FATAL 204 191 22 172 :379  - The rare situation has occured at time 1738917315444, id to look up=177 213 120 17 , id of local node=204 191 22 172 , id of predecessor=198 23 79 243 
2025-02-07 03:35:15 FATAL 204 191 22 172 :379  - The rare situation has occured at time 1738917315856, id to look up=123 82 0 155 , id of local node=204 191 22 172 , id of predecessor=198 23 79 243 
2025-02-07 03:35:16 FATAL 204 191 22 172 :379  - The rare situation has occured at time 1738917316075, id to look up=189 48 122 62 , id of local node=204 191 22 172 , id of predecessor=198 23 79 243 
2025-02-07 03:35:17 FATAL 204 191 22 172 :379  - The rare situation has occured at time 1738917317350, id to look up=158 106 85 182 , id of local node=204 191 22 172 , id of predecessor=198 23 79 243 
2025-02-07 03:35:17 FATAL 204 191 22 172 :379  - The rare situation has occured at time 1738917317472, id to look up=179 240 199 246 , id of local node=204 191 22 172 , id of predecessor=198 23 79 243 
2025-02-07 03:35:18 FATAL 204 191 22 172 :379  - The rare situation has occured at time 1738917318663, id to look up=77 19 75 192 , id of local node=204 191 22 172 , id of predecessor=198 23 79 243 
2025-02-07 03:35:19 FATAL 204 191 22 172 :379  - The rare situation has occured at time 1738917319104, id to look up=188 51 234 78 , id of local node=204 191 22 172 , id of predecessor=198 23 79 243 
2025-02-07 03:35:20 FATAL 204 191 22 172 :379  - The rare situation has occured at time 1738917320129, id to look up=119 25 161 199 , id of local node=204 191 22 172 , id of predecessor=198 23 79 243 
2025-02-07 03:37:27 FATAL 204 191 22 172 :379  - The rare situation has occured at time 1738917447756, id to look up=119 222 104 218 , id of local node=204 191 22 172 , id of predecessor=198 23 79 243 
2025-02-07 03:37:28 FATAL 204 191 22 172 :379  - The rare situation has occured at time 1738917448312, id to look up=172 52 120 214 , id of local node=204 191 22 172 , id of predecessor=198 23 79 243 
2025-02-07 03:37:28 FATAL 204 191 22 172 :379  - The rare situation has occured at time 1738917448786, id to look up=193 223 217 110 , id of local node=204 191 22 172 , id of predecessor=198 23 79 243 
2025-02-07 03:37:29 FATAL 204 191 22 172 :379  - The rare situation has occured at time 1738917449142, id to look up=177 213 120 17 , id of local node=204 191 22 172 , id of predecessor=198 23 79 243 
2025-02-07 03:37:29 FATAL 204 191 22 172 :379  - The rare situation has occured at time 1738917449562, id to look up=123 82 0 155 , id of local node=204 191 22 172 , id of predecessor=198 23 79 243 
2025-02-07 03:37:29 FATAL 204 191 22 172 :379  - The rare situation has occured at time 1738917449781, id to look up=189 48 122 62 , id of local node=204 191 22 172 , id of predecessor=198 23 79 243 
2025-02-07 03:37:31 FATAL 204 191 22 172 :379  - The rare situation has occured at time 1738917451077, id to look up=158 106 85 182 , id of local node=204 191 22 172 , id of predecessor=198 23 79 243 
2025-02-07 03:37:31 FATAL 204 191 22 172 :379  - The rare situation has occured at time 1738917451190, id to look up=179 240 199 246 , id of local node=204 191 22 172 , id of predecessor=198 23 79 243 
2025-02-07 03:37:32 FATAL 204 191 22 172 :379  - The rare situation has occured at time 1738917452369, id to look up=77 19 75 192 , id of local node=204 191 22 172 , id of predecessor=198 23 79 243 
2025-02-07 03:37:32 FATAL 204 191 22 172 :379  - The rare situation has occured at time 1738917452812, id to look up=188 51 234 78 , id of local node=204 191 22 172 , id of predecessor=198 23 79 243 
2025-02-07 03:37:33 FATAL 204 191 22 172 :379  - The rare situation has occured at time 1738917453766, id to look up=119 25 161 199 , id of local node=204 191 22 172 , id of predecessor=198 23 79 243 
2025-02-07 03:38:17 FATAL 204 191 22 172 :379  - The rare situation has occured at time 1738917497488, id to look up=119 222 104 218 , id of local node=204 191 22 172 , id of predecessor=198 23 79 243 
2025-02-07 03:38:18 FATAL 204 191 22 172 :379  - The rare situation has occured at time 1738917498024, id to look up=172 52 120 214 , id of local node=204 191 22 172 , id of predecessor=198 23 79 243 
2025-02-07 03:38:18 FATAL 204 191 22 172 :379  - The rare situation has occured at time 1738917498518, id to look up=193 223 217 110 , id of local node=204 191 22 172 , id of predecessor=198 23 79 243 
2025-02-07 03:38:18 FATAL 204 191 22 172 :379  - The rare situation has occured at time 1738917498872, id to look up=177 213 120 17 , id of local node=204 191 22 172 , id of predecessor=198 23 79 243 
2025-02-07 03:38:19 FATAL 204 191 22 172 :379  - The rare situation has occured at time 1738917499314, id to look up=123 82 0 155 , id of local node=204 191 22 172 , id of predecessor=198 23 79 243 
2025-02-07 03:38:19 FATAL 204 191 22 172 :379  - The rare situation has occured at time 1738917499533, id to look up=189 48 122 62 , id of local node=204 191 22 172 , id of predecessor=198 23 79 243 
2025-02-07 03:38:20 FATAL 204 191 22 172 :379  - The rare situation has occured at time 1738917500768, id to look up=158 106 85 182 , id of local node=204 191 22 172 , id of predecessor=198 23 79 243 
2025-02-07 03:38:20 FATAL 204 191 22 172 :379  - The rare situation has occured at time 1738917500892, id to look up=179 240 199 246 , id of local node=204 191 22 172 , id of predecessor=198 23 79 243 
2025-02-07 03:38:22 FATAL 204 191 22 172 :379  - The rare situation has occured at time 1738917502080, id to look up=77 19 75 192 , id of local node=204 191 22 172 , id of predecessor=198 23 79 243 
2025-02-07 03:38:22 FATAL 204 191 22 172 :379  - The rare situation has occured at time 1738917502504, id to look up=188 51 234 78 , id of local node=204 191 22 172 , id of predecessor=198 23 79 243 
2025-02-07 03:38:23 FATAL 204 191 22 172 :379  - The rare situation has occured at time 1738917503488, id to look up=119 25 161 199 , id of local node=204 191 22 172 , id of predecessor=198 23 79 243 
