2025-02-07 03:32:32 WARN  OpenChordTest:203  - Peer joined at ocsocket://localhost:8096/ via ocsocket://localhost:8080/
2025-02-07 03:32:32 WARN  OpenChordTest:58  - Insert time for key 16 = 96 ms
2025-02-07 03:32:32 WARN  OpenChordTest:60  - Inserted (16, default)
2025-02-07 03:32:32 WARN  OpenChordTest:64  - Memory usage at ocsocket://localhost:8096/ = 18 MB
2025-02-07 03:33:54 FATAL 207 46 52 205 :379  - The rare situation has occured at time 1738917234198, id to look up=119 222 104 218 , id of local node=207 46 52 205 , id of predecessor=204 191 22 172 
2025-02-07 03:33:55 FATAL 207 46 52 205 :379  - The rare situation has occured at time 1738917235617, id to look up=172 52 120 214 , id of local node=207 46 52 205 , id of predecessor=204 191 22 172 
2025-02-07 03:33:56 FATAL 207 46 52 205 :379  - The rare situation has occured at time 1738917236131, id to look up=193 223 217 110 , id of local node=207 46 52 205 , id of predecessor=204 191 22 172 
2025-02-07 03:33:56 FATAL 207 46 52 205 :379  - The rare situation has occured at time 1738917236608, id to look up=177 213 120 17 , id of local node=207 46 52 205 , id of predecessor=204 191 22 172 
2025-02-07 03:33:56 FATAL 207 46 52 205 :379  - The rare situation has occured at time 1738917236733, id to look up=123 82 0 155 , id of local node=207 46 52 205 , id of predecessor=204 191 22 172 
2025-02-07 03:33:56 FATAL 207 46 52 205 :379  - The rare situation has occured at time 1738917236904, id to look up=189 48 122 62 , id of local node=207 46 52 205 , id of predecessor=204 191 22 172 
2025-02-07 03:33:57 FATAL 207 46 52 205 :379  - The rare situation has occured at time 1738917237837, id to look up=158 106 85 182 , id of local node=207 46 52 205 , id of predecessor=204 191 22 172 
2025-02-07 03:33:58 FATAL 207 46 52 205 :379  - The rare situation has occured at time 1738917238053, id to look up=179 240 199 246 , id of local node=207 46 52 205 , id of predecessor=204 191 22 172 
2025-02-07 03:33:58 FATAL 207 46 52 205 :379  - The rare situation has occured at time 1738917238629, id to look up=77 19 75 192 , id of local node=207 46 52 205 , id of predecessor=204 191 22 172 
2025-02-07 03:33:59 FATAL 207 46 52 205 :379  - The rare situation has occured at time 1738917239513, id to look up=188 51 234 78 , id of local node=207 46 52 205 , id of predecessor=204 191 22 172 
2025-02-07 03:34:00 FATAL 207 46 52 205 :379  - The rare situation has occured at time 1738917240047, id to look up=119 25 161 199 , id of local node=207 46 52 205 , id of predecessor=204 191 22 172 
2025-02-07 03:34:00 FATAL 207 46 52 205 :379  - The rare situation has occured at time 1738917240712, id to look up=203 78 82 8 , id of local node=207 46 52 205 , id of predecessor=204 191 22 172 
2025-02-07 03:34:47 FATAL 207 46 52 205 :379  - The rare situation has occured at time 1738917287256, id to look up=119 222 104 218 , id of local node=207 46 52 205 , id of predecessor=204 191 22 172 
2025-02-07 03:34:47 FATAL 207 46 52 205 :379  - The rare situation has occured at time 1738917287971, id to look up=172 52 120 214 , id of local node=207 46 52 205 , id of predecessor=204 191 22 172 
2025-02-07 03:34:48 FATAL 207 46 52 205 :379  - The rare situation has occured at time 1738917288456, id to look up=193 223 217 110 , id of local node=207 46 52 205 , id of predecessor=204 191 22 172 
2025-02-07 03:34:48 FATAL 207 46 52 205 :379  - The rare situation has occured at time 1738917288932, id to look up=177 213 120 17 , id of local node=207 46 52 205 , id of predecessor=204 191 22 172 
2025-02-07 03:34:49 FATAL 207 46 52 205 :379  - The rare situation has occured at time 1738917289612, id to look up=123 82 0 155 , id of local node=207 46 52 205 , id of predecessor=204 191 22 172 
2025-02-07 03:34:49 FATAL 207 46 52 205 :379  - The rare situation has occured at time 1738917289772, id to look up=189 48 122 62 , id of local node=207 46 52 205 , id of predecessor=204 191 22 172 
2025-02-07 03:34:50 FATAL 207 46 52 205 :379  - The rare situation has occured at time 1738917290657, id to look up=158 106 85 182 , id of local node=207 46 52 205 , id of predecessor=204 191 22 172 
2025-02-07 03:34:50 FATAL 207 46 52 205 :379  - The rare situation has occured at time 1738917290871, id to look up=179 240 199 246 , id of local node=207 46 52 205 , id of predecessor=204 191 22 172 
2025-02-07 03:34:51 FATAL 207 46 52 205 :379  - The rare situation has occured at time 1738917291438, id to look up=77 19 75 192 , id of local node=207 46 52 205 , id of predecessor=204 191 22 172 
2025-02-07 03:34:52 FATAL 207 46 52 205 :379  - The rare situation has occured at time 1738917292000, id to look up=188 51 234 78 , id of local node=207 46 52 205 , id of predecessor=204 191 22 172 
2025-02-07 03:34:52 FATAL 207 46 52 205 :379  - The rare situation has occured at time 1738917292536, id to look up=119 25 161 199 , id of local node=207 46 52 205 , id of predecessor=204 191 22 172 
2025-02-07 03:34:53 FATAL 207 46 52 205 :379  - The rare situation has occured at time 1738917293031, id to look up=203 78 82 8 , id of local node=207 46 52 205 , id of predecessor=204 191 22 172 
2025-02-07 03:35:13 FATAL 207 46 52 205 :379  - The rare situation has occured at time 1738917313680, id to look up=119 222 104 218 , id of local node=207 46 52 205 , id of predecessor=204 191 22 172 
2025-02-07 03:35:14 FATAL 207 46 52 205 :379  - The rare situation has occured at time 1738917314574, id to look up=172 52 120 214 , id of local node=207 46 52 205 , id of predecessor=204 191 22 172 
2025-02-07 03:35:14 FATAL 207 46 52 205 :379  - The rare situation has occured at time 1738917314989, id to look up=193 223 217 110 , id of local node=207 46 52 205 , id of predecessor=204 191 22 172 
2025-02-07 03:35:15 FATAL 207 46 52 205 :379  - The rare situation has occured at time 1738917315444, id to look up=177 213 120 17 , id of local node=207 46 52 205 , id of predecessor=204 191 22 172 
2025-02-07 03:35:15 FATAL 207 46 52 205 :379  - The rare situation has occured at time 1738917315856, id to look up=123 82 0 155 , id of local node=207 46 52 205 , id of predecessor=204 191 22 172 
2025-02-07 03:35:16 FATAL 207 46 52 205 :379  - The rare situation has occured at time 1738917316074, id to look up=189 48 122 62 , id of local node=207 46 52 205 , id of predecessor=204 191 22 172 
2025-02-07 03:35:17 FATAL 207 46 52 205 :379  - The rare situation has occured at time 1738917317299, id to look up=158 106 85 182 , id of local node=207 46 52 205 , id of predecessor=204 191 22 172 
2025-02-07 03:35:17 FATAL 207 46 52 205 :379  - The rare situation has occured at time 1738917317472, id to look up=179 240 199 246 , id of local node=207 46 52 205 , id of predecessor=204 191 22 172 
2025-02-07 03:35:18 FATAL 207 46 52 205 :379  - The rare situation has occured at time 1738917318662, id to look up=77 19 75 192 , id of local node=207 46 52 205 , id of predecessor=204 191 22 172 
2025-02-07 03:35:19 FATAL 207 46 52 205 :379  - The rare situation has occured at time 1738917319104, id to look up=188 51 234 78 , id of local node=207 46 52 205 , id of predecessor=204 191 22 172 
2025-02-07 03:35:20 FATAL 207 46 52 205 :379  - The rare situation has occured at time 1738917320080, id to look up=119 25 161 199 , id of local node=207 46 52 205 , id of predecessor=204 191 22 172 
2025-02-07 03:35:20 FATAL 207 46 52 205 :379  - The rare situation has occured at time 1738917320514, id to look up=203 78 82 8 , id of local node=207 46 52 205 , id of predecessor=204 191 22 172 
2025-02-07 03:37:27 FATAL 207 46 52 205 :379  - The rare situation has occured at time 1738917447706, id to look up=119 222 104 218 , id of local node=207 46 52 205 , id of predecessor=204 191 22 172 
2025-02-07 03:37:28 FATAL 207 46 52 205 :379  - The rare situation has occured at time 1738917448311, id to look up=172 52 120 214 , id of local node=207 46 52 205 , id of predecessor=204 191 22 172 
2025-02-07 03:37:28 FATAL 207 46 52 205 :379  - The rare situation has occured at time 1738917448736, id to look up=193 223 217 110 , id of local node=207 46 52 205 , id of predecessor=204 191 22 172 
2025-02-07 03:37:29 FATAL 207 46 52 205 :379  - The rare situation has occured at time 1738917449141, id to look up=177 213 120 17 , id of local node=207 46 52 205 , id of predecessor=204 191 22 172 
2025-02-07 03:37:29 FATAL 207 46 52 205 :379  - The rare situation has occured at time 1738917449561, id to look up=123 82 0 155 , id of local node=207 46 52 205 , id of predecessor=204 191 22 172 
2025-02-07 03:37:29 FATAL 207 46 52 205 :379  - The rare situation has occured at time 1738917449780, id to look up=189 48 122 62 , id of local node=207 46 52 205 , id of predecessor=204 191 22 172 
2025-02-07 03:37:31 FATAL 207 46 52 205 :379  - The rare situation has occured at time 1738917451026, id to look up=158 106 85 182 , id of local node=207 46 52 205 , id of predecessor=204 191 22 172 
2025-02-07 03:37:31 FATAL 207 46 52 205 :379  - The rare situation has occured at time 1738917451190, id to look up=179 240 199 246 , id of local node=207 46 52 205 , id of predecessor=204 191 22 172 
2025-02-07 03:37:32 FATAL 207 46 52 205 :379  - The rare situation has occured at time 1738917452368, id to look up=77 19 75 192 , id of local node=207 46 52 205 , id of predecessor=204 191 22 172 
2025-02-07 03:37:32 FATAL 207 46 52 205 :379  - The rare situation has occured at time 1738917452811, id to look up=188 51 234 78 , id of local node=207 46 52 205 , id of predecessor=204 191 22 172 
2025-02-07 03:37:33 FATAL 207 46 52 205 :379  - The rare situation has occured at time 1738917453716, id to look up=119 25 161 199 , id of local node=207 46 52 205 , id of predecessor=204 191 22 172 
2025-02-07 03:37:34 FATAL 207 46 52 205 :379  - The rare situation has occured at time 1738917454141, id to look up=203 78 82 8 , id of local node=207 46 52 205 , id of predecessor=204 191 22 172 
2025-02-07 03:38:17 FATAL 207 46 52 205 :379  - The rare situation has occured at time 1738917497438, id to look up=119 222 104 218 , id of local node=207 46 52 205 , id of predecessor=204 191 22 172 
2025-02-07 03:38:18 FATAL 207 46 52 205 :379  - The rare situation has occured at time 1738917498023, id to look up=172 52 120 214 , id of local node=207 46 52 205 , id of predecessor=204 191 22 172 
2025-02-07 03:38:18 FATAL 207 46 52 205 :379  - The rare situation has occured at time 1738917498468, id to look up=193 223 217 110 , id of local node=207 46 52 205 , id of predecessor=204 191 22 172 
2025-02-07 03:38:18 FATAL 207 46 52 205 :379  - The rare situation has occured at time 1738917498872, id to look up=177 213 120 17 , id of local node=207 46 52 205 , id of predecessor=204 191 22 172 
2025-02-07 03:38:19 FATAL 207 46 52 205 :379  - The rare situation has occured at time 1738917499314, id to look up=123 82 0 155 , id of local node=207 46 52 205 , id of predecessor=204 191 22 172 
2025-02-07 03:38:19 FATAL 207 46 52 205 :379  - The rare situation has occured at time 1738917499532, id to look up=189 48 122 62 , id of local node=207 46 52 205 , id of predecessor=204 191 22 172 
2025-02-07 03:38:20 FATAL 207 46 52 205 :379  - The rare situation has occured at time 1738917500718, id to look up=158 106 85 182 , id of local node=207 46 52 205 , id of predecessor=204 191 22 172 
2025-02-07 03:38:20 FATAL 207 46 52 205 :379  - The rare situation has occured at time 1738917500891, id to look up=179 240 199 246 , id of local node=207 46 52 205 , id of predecessor=204 191 22 172 
2025-02-07 03:38:22 FATAL 207 46 52 205 :379  - The rare situation has occured at time 1738917502080, id to look up=77 19 75 192 , id of local node=207 46 52 205 , id of predecessor=204 191 22 172 
2025-02-07 03:38:22 FATAL 207 46 52 205 :379  - The rare situation has occured at time 1738917502503, id to look up=188 51 234 78 , id of local node=207 46 52 205 , id of predecessor=204 191 22 172 
2025-02-07 03:38:23 FATAL 207 46 52 205 :379  - The rare situation has occured at time 1738917503428, id to look up=119 25 161 199 , id of local node=207 46 52 205 , id of predecessor=204 191 22 172 
2025-02-07 03:38:23 FATAL 207 46 52 205 :379  - The rare situation has occured at time 1738917503863, id to look up=203 78 82 8 , id of local node=207 46 52 205 , id of predecessor=204 191 22 172 
