2025-02-07 03:32:49 WARN  OpenChordTest:203  - Peer joined at ocsocket://localhost:8104/ via ocsocket://localhost:8080/
2025-02-07 03:32:52 WARN  OpenChordTest:58  - Insert time for key 24 = 3072 ms
2025-02-07 03:32:52 WARN  OpenChordTest:60  - Inserted (24, default)
2025-02-07 03:32:52 WARN  OpenChordTest:64  - Memory usage at ocsocket://localhost:8104/ = 4 MB
2025-02-07 03:33:54 FATAL 211 42 117 238 :379  - The rare situation has occured at time 1738917234195, id to look up=119 222 104 218 , id of local node=211 42 117 238 , id of predecessor=210 68 241 41 
2025-02-07 03:33:55 FATAL 211 42 117 238 :379  - The rare situation has occured at time 1738917235615, id to look up=172 52 120 214 , id of local node=211 42 117 238 , id of predecessor=210 68 241 41 
2025-02-07 03:33:56 FATAL 211 42 117 238 :379  - The rare situation has occured at time 1738917236031, id to look up=193 223 217 110 , id of local node=211 42 117 238 , id of predecessor=210 68 241 41 
2025-02-07 03:33:56 FATAL 211 42 117 238 :379  - The rare situation has occured at time 1738917236606, id to look up=177 213 120 17 , id of local node=211 42 117 238 , id of predecessor=210 68 241 41 
2025-02-07 03:33:56 FATAL 211 42 117 238 :379  - The rare situation has occured at time 1738917236732, id to look up=123 82 0 155 , id of local node=211 42 117 238 , id of predecessor=210 68 241 41 
2025-02-07 03:33:56 FATAL 211 42 117 238 :379  - The rare situation has occured at time 1738917236902, id to look up=189 48 122 62 , id of local node=211 42 117 238 , id of predecessor=210 68 241 41 
2025-02-07 03:33:57 FATAL 211 42 117 238 :379  - The rare situation has occured at time 1738917237737, id to look up=158 106 85 182 , id of local node=211 42 117 238 , id of predecessor=210 68 241 41 
2025-02-07 03:33:58 FATAL 211 42 117 238 :379  - The rare situation has occured at time 1738917238052, id to look up=179 240 199 246 , id of local node=211 42 117 238 , id of predecessor=210 68 241 41 
2025-02-07 03:33:58 FATAL 211 42 117 238 :379  - The rare situation has occured at time 1738917238628, id to look up=77 19 75 192 , id of local node=211 42 117 238 , id of predecessor=210 68 241 41 
2025-02-07 03:33:59 FATAL 211 42 117 238 :379  - The rare situation has occured at time 1738917239511, id to look up=188 51 234 78 , id of local node=211 42 117 238 , id of predecessor=210 68 241 41 
2025-02-07 03:33:59 FATAL 211 42 117 238 :379  - The rare situation has occured at time 1738917239947, id to look up=119 25 161 199 , id of local node=211 42 117 238 , id of predecessor=210 68 241 41 
2025-02-07 03:34:00 FATAL 211 42 117 238 :379  - The rare situation has occured at time 1738917240711, id to look up=203 78 82 8 , id of local node=211 42 117 238 , id of predecessor=210 68 241 41 
2025-02-07 03:34:47 FATAL 211 42 117 238 :379  - The rare situation has occured at time 1738917287156, id to look up=119 222 104 218 , id of local node=211 42 117 238 , id of predecessor=210 68 241 41 
2025-02-07 03:34:47 FATAL 211 42 117 238 :379  - The rare situation has occured at time 1738917287970, id to look up=172 52 120 214 , id of local node=211 42 117 238 , id of predecessor=210 68 241 41 
2025-02-07 03:34:48 FATAL 211 42 117 238 :379  - The rare situation has occured at time 1738917288346, id to look up=193 223 217 110 , id of local node=211 42 117 238 , id of predecessor=210 68 241 41 
2025-02-07 03:34:48 FATAL 211 42 117 238 :379  - The rare situation has occured at time 1738917288930, id to look up=177 213 120 17 , id of local node=211 42 117 238 , id of predecessor=210 68 241 41 
2025-02-07 03:34:49 FATAL 211 42 117 238 :379  - The rare situation has occured at time 1738917289610, id to look up=123 82 0 155 , id of local node=211 42 117 238 , id of predecessor=210 68 241 41 
2025-02-07 03:34:49 FATAL 211 42 117 238 :379  - The rare situation has occured at time 1738917289770, id to look up=189 48 122 62 , id of local node=211 42 117 238 , id of predecessor=210 68 241 41 
2025-02-07 03:34:50 FATAL 211 42 117 238 :379  - The rare situation has occured at time 1738917290547, id to look up=158 106 85 182 , id of local node=211 42 117 238 , id of predecessor=210 68 241 41 
2025-02-07 03:34:50 FATAL 211 42 117 238 :379  - The rare situation has occured at time 1738917290870, id to look up=179 240 199 246 , id of local node=211 42 117 238 , id of predecessor=210 68 241 41 
2025-02-07 03:34:51 FATAL 211 42 117 238 :379  - The rare situation has occured at time 1738917291436, id to look up=77 19 75 192 , id of local node=211 42 117 238 , id of predecessor=210 68 241 41 
2025-02-07 03:34:51 FATAL 211 42 117 238 :379  - The rare situation has occured at time 1738917291999, id to look up=188 51 234 78 , id of local node=211 42 117 238 , id of predecessor=210 68 241 41 
2025-02-07 03:34:52 FATAL 211 42 117 238 :379  - The rare situation has occured at time 1738917292436, id to look up=119 25 161 199 , id of local node=211 42 117 238 , id of predecessor=210 68 241 41 
2025-02-07 03:34:53 FATAL 211 42 117 238 :379  - The rare situation has occured at time 1738917293030, id to look up=203 78 82 8 , id of local node=211 42 117 238 , id of predecessor=210 68 241 41 
2025-02-07 03:35:13 FATAL 211 42 117 238 :379  - The rare situation has occured at time 1738917313580, id to look up=119 222 104 218 , id of local node=211 42 117 238 , id of predecessor=210 68 241 41 
2025-02-07 03:35:14 FATAL 211 42 117 238 :379  - The rare situation has occured at time 1738917314572, id to look up=172 52 120 214 , id of local node=211 42 117 238 , id of predecessor=210 68 241 41 
2025-02-07 03:35:14 FATAL 211 42 117 238 :379  - The rare situation has occured at time 1738917314880, id to look up=193 223 217 110 , id of local node=211 42 117 238 , id of predecessor=210 68 241 41 
2025-02-07 03:35:15 FATAL 211 42 117 238 :379  - The rare situation has occured at time 1738917315443, id to look up=177 213 120 17 , id of local node=211 42 117 238 , id of predecessor=210 68 241 41 
2025-02-07 03:35:15 FATAL 211 42 117 238 :379  - The rare situation has occured at time 1738917315854, id to look up=123 82 0 155 , id of local node=211 42 117 238 , id of predecessor=210 68 241 41 
2025-02-07 03:35:16 FATAL 211 42 117 238 :379  - The rare situation has occured at time 1738917316073, id to look up=189 48 122 62 , id of local node=211 42 117 238 , id of predecessor=210 68 241 41 
2025-02-07 03:35:17 FATAL 211 42 117 238 :379  - The rare situation has occured at time 1738917317189, id to look up=158 106 85 182 , id of local node=211 42 117 238 , id of predecessor=210 68 241 41 
2025-02-07 03:35:17 FATAL 211 42 117 238 :379  - The rare situation has occured at time 1738917317470, id to look up=179 240 199 246 , id of local node=211 42 117 238 , id of predecessor=210 68 241 41 
2025-02-07 03:35:18 FATAL 211 42 117 238 :379  - The rare situation has occured at time 1738917318661, id to look up=77 19 75 192 , id of local node=211 42 117 238 , id of predecessor=210 68 241 41 
2025-02-07 03:35:19 FATAL 211 42 117 238 :379  - The rare situation has occured at time 1738917319102, id to look up=188 51 234 78 , id of local node=211 42 117 238 , id of predecessor=210 68 241 41 
2025-02-07 03:35:19 FATAL 211 42 117 238 :379  - The rare situation has occured at time 1738917319979, id to look up=119 25 161 199 , id of local node=211 42 117 238 , id of predecessor=210 68 241 41 
2025-02-07 03:35:20 FATAL 211 42 117 238 :379  - The rare situation has occured at time 1738917320513, id to look up=203 78 82 8 , id of local node=211 42 117 238 , id of predecessor=210 68 241 41 
2025-02-07 03:37:27 FATAL 211 42 117 238 :379  - The rare situation has occured at time 1738917447606, id to look up=119 222 104 218 , id of local node=211 42 117 238 , id of predecessor=210 68 241 41 
2025-02-07 03:37:28 FATAL 211 42 117 238 :379  - The rare situation has occured at time 1738917448310, id to look up=172 52 120 214 , id of local node=211 42 117 238 , id of predecessor=210 68 241 41 
2025-02-07 03:37:28 FATAL 211 42 117 238 :379  - The rare situation has occured at time 1738917448626, id to look up=193 223 217 110 , id of local node=211 42 117 238 , id of predecessor=210 68 241 41 
2025-02-07 03:37:29 FATAL 211 42 117 238 :379  - The rare situation has occured at time 1738917449139, id to look up=177 213 120 17 , id of local node=211 42 117 238 , id of predecessor=210 68 241 41 
2025-02-07 03:37:29 FATAL 211 42 117 238 :379  - The rare situation has occured at time 1738917449560, id to look up=123 82 0 155 , id of local node=211 42 117 238 , id of predecessor=210 68 241 41 
2025-02-07 03:37:29 FATAL 211 42 117 238 :379  - The rare situation has occured at time 1738917449779, id to look up=189 48 122 62 , id of local node=211 42 117 238 , id of predecessor=210 68 241 41 
2025-02-07 03:37:30 FATAL 211 42 117 238 :379  - The rare situation has occured at time 1738917450926, id to look up=158 106 85 182 , id of local node=211 42 117 238 , id of predecessor=210 68 241 41 
2025-02-07 03:37:31 FATAL 211 42 117 238 :379  - The rare situation has occured at time 1738917451188, id to look up=179 240 199 246 , id of local node=211 42 117 238 , id of predecessor=210 68 241 41 
2025-02-07 03:37:32 FATAL 211 42 117 238 :379  - The rare situation has occured at time 1738917452367, id to look up=77 19 75 192 , id of local node=211 42 117 238 , id of predecessor=210 68 241 41 
2025-02-07 03:37:32 FATAL 211 42 117 238 :379  - The rare situation has occured at time 1738917452810, id to look up=188 51 234 78 , id of local node=211 42 117 238 , id of predecessor=210 68 241 41 
2025-02-07 03:37:33 FATAL 211 42 117 238 :379  - The rare situation has occured at time 1738917453616, id to look up=119 25 161 199 , id of local node=211 42 117 238 , id of predecessor=210 68 241 41 
2025-02-07 03:37:34 FATAL 211 42 117 238 :379  - The rare situation has occured at time 1738917454139, id to look up=203 78 82 8 , id of local node=211 42 117 238 , id of predecessor=210 68 241 41 
2025-02-07 03:38:17 FATAL 211 42 117 238 :379  - The rare situation has occured at time 1738917497339, id to look up=119 222 104 218 , id of local node=211 42 117 238 , id of predecessor=210 68 241 41 
2025-02-07 03:38:18 FATAL 211 42 117 238 :379  - The rare situation has occured at time 1738917498022, id to look up=172 52 120 214 , id of local node=211 42 117 238 , id of predecessor=210 68 241 41 
2025-02-07 03:38:18 FATAL 211 42 117 238 :379  - The rare situation has occured at time 1738917498358, id to look up=193 223 217 110 , id of local node=211 42 117 238 , id of predecessor=210 68 241 41 
2025-02-07 03:38:18 FATAL 211 42 117 238 :379  - The rare situation has occured at time 1738917498871, id to look up=177 213 120 17 , id of local node=211 42 117 238 , id of predecessor=210 68 241 41 
2025-02-07 03:38:19 FATAL 211 42 117 238 :379  - The rare situation has occured at time 1738917499312, id to look up=123 82 0 155 , id of local node=211 42 117 238 , id of predecessor=210 68 241 41 
2025-02-07 03:38:19 FATAL 211 42 117 238 :379  - The rare situation has occured at time 1738917499531, id to look up=189 48 122 62 , id of local node=211 42 117 238 , id of predecessor=210 68 241 41 
2025-02-07 03:38:20 FATAL 211 42 117 238 :379  - The rare situation has occured at time 1738917500618, id to look up=158 106 85 182 , id of local node=211 42 117 238 , id of predecessor=210 68 241 41 
2025-02-07 03:38:20 FATAL 211 42 117 238 :379  - The rare situation has occured at time 1738917500890, id to look up=179 240 199 246 , id of local node=211 42 117 238 , id of predecessor=210 68 241 41 
2025-02-07 03:38:22 FATAL 211 42 117 238 :379  - The rare situation has occured at time 1738917502079, id to look up=77 19 75 192 , id of local node=211 42 117 238 , id of predecessor=210 68 241 41 
2025-02-07 03:38:22 FATAL 211 42 117 238 :379  - The rare situation has occured at time 1738917502502, id to look up=188 51 234 78 , id of local node=211 42 117 238 , id of predecessor=210 68 241 41 
2025-02-07 03:38:23 FATAL 211 42 117 238 :379  - The rare situation has occured at time 1738917503328, id to look up=119 25 161 199 , id of local node=211 42 117 238 , id of predecessor=210 68 241 41 
2025-02-07 03:38:23 FATAL 211 42 117 238 :379  - The rare situation has occured at time 1738917503861, id to look up=203 78 82 8 , id of local node=211 42 117 238 , id of predecessor=210 68 241 41 
