2025-02-07 03:32:24 WARN  OpenChordTest:203  - Peer joined at ocsocket://localhost:8092/ via ocsocket://localhost:8080/
2025-02-07 03:32:25 WARN  OpenChordTest:58  - Insert time for key 12 = 415 ms
2025-02-07 03:32:25 WARN  OpenChordTest:60  - Inserted (12, default)
2025-02-07 03:32:25 WARN  OpenChordTest:64  - Memory usage at ocsocket://localhost:8092/ = 20 MB
2025-02-07 03:33:54 FATAL 246 204 157 173 :379  - The rare situation has occured at time 1738917234147, id to look up=119 222 104 218 , id of local node=246 204 157 173 , id of predecessor=242 2 157 82 
2025-02-07 03:33:55 FATAL 246 204 157 173 :379  - The rare situation has occured at time 1738917235612, id to look up=172 52 120 214 , id of local node=246 204 157 173 , id of predecessor=242 2 157 82 
2025-02-07 03:33:55 FATAL 246 204 157 173 :379  - The rare situation has occured at time 1738917235821, id to look up=193 223 217 110 , id of local node=246 204 157 173 , id of predecessor=242 2 157 82 
2025-02-07 03:33:56 FATAL 246 204 157 173 :379  - The rare situation has occured at time 1738917236603, id to look up=177 213 120 17 , id of local node=246 204 157 173 , id of predecessor=242 2 157 82 
2025-02-07 03:33:56 FATAL 246 204 157 173 :379  - The rare situation has occured at time 1738917236729, id to look up=123 82 0 155 , id of local node=246 204 157 173 , id of predecessor=242 2 157 82 
2025-02-07 03:33:56 FATAL 246 204 157 173 :379  - The rare situation has occured at time 1738917236899, id to look up=189 48 122 62 , id of local node=246 204 157 173 , id of predecessor=242 2 157 82 
2025-02-07 03:33:57 FATAL 246 204 157 173 :379  - The rare situation has occured at time 1738917237517, id to look up=158 106 85 182 , id of local node=246 204 157 173 , id of predecessor=242 2 157 82 
2025-02-07 03:33:58 FATAL 246 204 157 173 :379  - The rare situation has occured at time 1738917238049, id to look up=179 240 199 246 , id of local node=246 204 157 173 , id of predecessor=242 2 157 82 
2025-02-07 03:33:58 FATAL 246 204 157 173 :379  - The rare situation has occured at time 1738917238534, id to look up=77 19 75 192 , id of local node=246 204 157 173 , id of predecessor=242 2 157 82 
2025-02-07 03:33:59 FATAL 246 204 157 173 :379  - The rare situation has occured at time 1738917239508, id to look up=188 51 234 78 , id of local node=246 204 157 173 , id of predecessor=242 2 157 82 
2025-02-07 03:33:59 FATAL 246 204 157 173 :379  - The rare situation has occured at time 1738917239727, id to look up=119 25 161 199 , id of local node=246 204 157 173 , id of predecessor=242 2 157 82 
2025-02-07 03:34:00 FATAL 246 204 157 173 :379  - The rare situation has occured at time 1738917240708, id to look up=203 78 82 8 , id of local node=246 204 157 173 , id of predecessor=242 2 157 82 
2025-02-07 03:34:46 FATAL 246 204 157 173 :379  - The rare situation has occured at time 1738917286956, id to look up=119 222 104 218 , id of local node=246 204 157 173 , id of predecessor=242 2 157 82 
2025-02-07 03:34:47 FATAL 246 204 157 173 :379  - The rare situation has occured at time 1738917287967, id to look up=172 52 120 214 , id of local node=246 204 157 173 , id of predecessor=242 2 157 82 
2025-02-07 03:34:48 FATAL 246 204 157 173 :379  - The rare situation has occured at time 1738917288136, id to look up=193 223 217 110 , id of local node=246 204 157 173 , id of predecessor=242 2 157 82 
2025-02-07 03:34:48 FATAL 246 204 157 173 :379  - The rare situation has occured at time 1738917288928, id to look up=177 213 120 17 , id of local node=246 204 157 173 , id of predecessor=242 2 157 82 
2025-02-07 03:34:49 FATAL 246 204 157 173 :379  - The rare situation has occured at time 1738917289607, id to look up=123 82 0 155 , id of local node=246 204 157 173 , id of predecessor=242 2 157 82 
2025-02-07 03:34:49 FATAL 246 204 157 173 :379  - The rare situation has occured at time 1738917289768, id to look up=189 48 122 62 , id of local node=246 204 157 173 , id of predecessor=242 2 157 82 
2025-02-07 03:34:50 FATAL 246 204 157 173 :379  - The rare situation has occured at time 1738917290346, id to look up=158 106 85 182 , id of local node=246 204 157 173 , id of predecessor=242 2 157 82 
2025-02-07 03:34:50 FATAL 246 204 157 173 :379  - The rare situation has occured at time 1738917290868, id to look up=179 240 199 246 , id of local node=246 204 157 173 , id of predecessor=242 2 157 82 
2025-02-07 03:34:51 FATAL 246 204 157 173 :379  - The rare situation has occured at time 1738917291344, id to look up=77 19 75 192 , id of local node=246 204 157 173 , id of predecessor=242 2 157 82 
2025-02-07 03:34:51 FATAL 246 204 157 173 :379  - The rare situation has occured at time 1738917291997, id to look up=188 51 234 78 , id of local node=246 204 157 173 , id of predecessor=242 2 157 82 
2025-02-07 03:34:52 FATAL 246 204 157 173 :379  - The rare situation has occured at time 1738917292226, id to look up=119 25 161 199 , id of local node=246 204 157 173 , id of predecessor=242 2 157 82 
2025-02-07 03:34:53 FATAL 246 204 157 173 :379  - The rare situation has occured at time 1738917293027, id to look up=203 78 82 8 , id of local node=246 204 157 173 , id of predecessor=242 2 157 82 
2025-02-07 03:35:13 FATAL 246 204 157 173 :379  - The rare situation has occured at time 1738917313060, id to look up=218 75 146 55 , id of local node=246 204 157 173 , id of predecessor=242 2 157 82 
2025-02-07 03:35:13 FATAL 246 204 157 173 :379  - The rare situation has occured at time 1738917313425, id to look up=119 222 104 218 , id of local node=246 204 157 173 , id of predecessor=242 2 157 82 
2025-02-07 03:35:14 FATAL 246 204 157 173 :379  - The rare situation has occured at time 1738917314570, id to look up=172 52 120 214 , id of local node=246 204 157 173 , id of predecessor=242 2 157 82 
2025-02-07 03:35:14 FATAL 246 204 157 173 :379  - The rare situation has occured at time 1738917314679, id to look up=193 223 217 110 , id of local node=246 204 157 173 , id of predecessor=242 2 157 82 
2025-02-07 03:35:15 FATAL 246 204 157 173 :379  - The rare situation has occured at time 1738917315440, id to look up=177 213 120 17 , id of local node=246 204 157 173 , id of predecessor=242 2 157 82 
2025-02-07 03:35:15 FATAL 246 204 157 173 :379  - The rare situation has occured at time 1738917315851, id to look up=123 82 0 155 , id of local node=246 204 157 173 , id of predecessor=242 2 157 82 
2025-02-07 03:35:16 FATAL 246 204 157 173 :379  - The rare situation has occured at time 1738917316070, id to look up=189 48 122 62 , id of local node=246 204 157 173 , id of predecessor=242 2 157 82 
2025-02-07 03:35:16 FATAL 246 204 157 173 :379  - The rare situation has occured at time 1738917316300, id to look up=241 171 214 112 , id of local node=246 204 157 173 , id of predecessor=242 2 157 82 
2025-02-07 03:35:16 FATAL 246 204 157 173 :379  - The rare situation has occured at time 1738917316980, id to look up=158 106 85 182 , id of local node=246 204 157 173 , id of predecessor=242 2 157 82 
2025-02-07 03:35:17 FATAL 246 204 157 173 :379  - The rare situation has occured at time 1738917317468, id to look up=179 240 199 246 , id of local node=246 204 157 173 , id of predecessor=242 2 157 82 
2025-02-07 03:35:18 FATAL 246 204 157 173 :379  - The rare situation has occured at time 1738917318360, id to look up=212 53 166 205 , id of local node=246 204 157 173 , id of predecessor=242 2 157 82 
2025-02-07 03:35:18 FATAL 246 204 157 173 :379  - The rare situation has occured at time 1738917318510, id to look up=77 19 75 192 , id of local node=246 204 157 173 , id of predecessor=242 2 157 82 
2025-02-07 03:35:19 FATAL 246 204 157 173 :379  - The rare situation has occured at time 1738917319100, id to look up=188 51 234 78 , id of local node=246 204 157 173 , id of predecessor=242 2 157 82 
2025-02-07 03:35:19 FATAL 246 204 157 173 :379  - The rare situation has occured at time 1738917319779, id to look up=119 25 161 199 , id of local node=246 204 157 173 , id of predecessor=242 2 157 82 
2025-02-07 03:35:20 FATAL 246 204 157 173 :379  - The rare situation has occured at time 1738917320510, id to look up=203 78 82 8 , id of local node=246 204 157 173 , id of predecessor=242 2 157 82 
2025-02-07 03:37:27 FATAL 246 204 157 173 :379  - The rare situation has occured at time 1738917447086, id to look up=218 75 146 55 , id of local node=246 204 157 173 , id of predecessor=242 2 157 82 
2025-02-07 03:37:27 FATAL 246 204 157 173 :379  - The rare situation has occured at time 1738917447451, id to look up=119 222 104 218 , id of local node=246 204 157 173 , id of predecessor=242 2 157 82 
2025-02-07 03:37:28 FATAL 246 204 157 173 :379  - The rare situation has occured at time 1738917448307, id to look up=172 52 120 214 , id of local node=246 204 157 173 , id of predecessor=242 2 157 82 
2025-02-07 03:37:28 FATAL 246 204 157 173 :379  - The rare situation has occured at time 1738917448416, id to look up=193 223 217 110 , id of local node=246 204 157 173 , id of predecessor=242 2 157 82 
2025-02-07 03:37:29 FATAL 246 204 157 173 :379  - The rare situation has occured at time 1738917449137, id to look up=177 213 120 17 , id of local node=246 204 157 173 , id of predecessor=242 2 157 82 
2025-02-07 03:37:29 FATAL 246 204 157 173 :379  - The rare situation has occured at time 1738917449557, id to look up=123 82 0 155 , id of local node=246 204 157 173 , id of predecessor=242 2 157 82 
2025-02-07 03:37:29 FATAL 246 204 157 173 :379  - The rare situation has occured at time 1738917449777, id to look up=189 48 122 62 , id of local node=246 204 157 173 , id of predecessor=242 2 157 82 
2025-02-07 03:37:30 FATAL 246 204 157 173 :379  - The rare situation has occured at time 1738917450006, id to look up=241 171 214 112 , id of local node=246 204 157 173 , id of predecessor=242 2 157 82 
2025-02-07 03:37:30 FATAL 246 204 157 173 :379  - The rare situation has occured at time 1738917450707, id to look up=158 106 85 182 , id of local node=246 204 157 173 , id of predecessor=242 2 157 82 
2025-02-07 03:37:31 FATAL 246 204 157 173 :379  - The rare situation has occured at time 1738917451185, id to look up=179 240 199 246 , id of local node=246 204 157 173 , id of predecessor=242 2 157 82 
2025-02-07 03:37:32 FATAL 246 204 157 173 :379  - The rare situation has occured at time 1738917452057, id to look up=212 53 166 205 , id of local node=246 204 157 173 , id of predecessor=242 2 157 82 
2025-02-07 03:37:32 FATAL 246 204 157 173 :379  - The rare situation has occured at time 1738917452216, id to look up=77 19 75 192 , id of local node=246 204 157 173 , id of predecessor=242 2 157 82 
2025-02-07 03:37:32 FATAL 246 204 157 173 :379  - The rare situation has occured at time 1738917452807, id to look up=188 51 234 78 , id of local node=246 204 157 173 , id of predecessor=242 2 157 82 
2025-02-07 03:37:33 FATAL 246 204 157 173 :379  - The rare situation has occured at time 1738917453416, id to look up=119 25 161 199 , id of local node=246 204 157 173 , id of predecessor=242 2 157 82 
2025-02-07 03:37:34 FATAL 246 204 157 173 :379  - The rare situation has occured at time 1738917454137, id to look up=203 78 82 8 , id of local node=246 204 157 173 , id of predecessor=242 2 157 82 
2025-02-07 03:38:16 FATAL 246 204 157 173 :379  - The rare situation has occured at time 1738917496828, id to look up=218 75 146 55 , id of local node=246 204 157 173 , id of predecessor=242 2 157 82 
2025-02-07 03:38:17 FATAL 246 204 157 173 :379  - The rare situation has occured at time 1738917497192, id to look up=119 222 104 218 , id of local node=246 204 157 173 , id of predecessor=242 2 157 82 
2025-02-07 03:38:18 FATAL 246 204 157 173 :379  - The rare situation has occured at time 1738917498019, id to look up=172 52 120 214 , id of local node=246 204 157 173 , id of predecessor=242 2 157 82 
2025-02-07 03:38:18 FATAL 246 204 157 173 :379  - The rare situation has occured at time 1738917498138, id to look up=193 223 217 110 , id of local node=246 204 157 173 , id of predecessor=242 2 157 82 
2025-02-07 03:38:18 FATAL 246 204 157 173 :379  - The rare situation has occured at time 1738917498868, id to look up=177 213 120 17 , id of local node=246 204 157 173 , id of predecessor=242 2 157 82 
2025-02-07 03:38:19 FATAL 246 204 157 173 :379  - The rare situation has occured at time 1738917499310, id to look up=123 82 0 155 , id of local node=246 204 157 173 , id of predecessor=242 2 157 82 
2025-02-07 03:38:19 FATAL 246 204 157 173 :379  - The rare situation has occured at time 1738917499529, id to look up=189 48 122 62 , id of local node=246 204 157 173 , id of predecessor=242 2 157 82 
2025-02-07 03:38:19 FATAL 246 204 157 173 :379  - The rare situation has occured at time 1738917499758, id to look up=241 171 214 112 , id of local node=246 204 157 173 , id of predecessor=242 2 157 82 
2025-02-07 03:38:20 FATAL 246 204 157 173 :379  - The rare situation has occured at time 1738917500419, id to look up=158 106 85 182 , id of local node=246 204 157 173 , id of predecessor=242 2 157 82 
2025-02-07 03:38:20 FATAL 246 204 157 173 :379  - The rare situation has occured at time 1738917500887, id to look up=179 240 199 246 , id of local node=246 204 157 173 , id of predecessor=242 2 157 82 
2025-02-07 03:38:21 FATAL 246 204 157 173 :379  - The rare situation has occured at time 1738917501779, id to look up=212 53 166 205 , id of local node=246 204 157 173 , id of predecessor=242 2 157 82 
2025-02-07 03:38:21 FATAL 246 204 157 173 :379  - The rare situation has occured at time 1738917501928, id to look up=77 19 75 192 , id of local node=246 204 157 173 , id of predecessor=242 2 157 82 
2025-02-07 03:38:22 FATAL 246 204 157 173 :379  - The rare situation has occured at time 1738917502499, id to look up=188 51 234 78 , id of local node=246 204 157 173 , id of predecessor=242 2 157 82 
2025-02-07 03:38:23 FATAL 246 204 157 173 :379  - The rare situation has occured at time 1738917503128, id to look up=119 25 161 199 , id of local node=246 204 157 173 , id of predecessor=242 2 157 82 
2025-02-07 03:38:23 FATAL 246 204 157 173 :379  - The rare situation has occured at time 1738917503859, id to look up=203 78 82 8 , id of local node=246 204 157 173 , id of predecessor=242 2 157 82 
