2025-02-07 03:32:38 WARN  OpenChordTest:203  - Peer joined at ocsocket://localhost:8099/ via ocsocket://localhost:8080/
2025-02-07 03:32:40 WARN  OpenChordTest:58  - Insert time for key 19 = 1142 ms
2025-02-07 03:32:40 WARN  OpenChordTest:60  - Inserted (19, default)
2025-02-07 03:32:40 WARN  OpenChordTest:64  - Memory usage at ocsocket://localhost:8099/ = 23 MB
2025-02-07 03:33:54 FATAL 214 35 194 29 :379  - The rare situation has occured at time 1738917234193, id to look up=119 222 104 218 , id of local node=214 35 194 29 , id of predecessor=211 42 117 238 
2025-02-07 03:33:55 FATAL 214 35 194 29 :379  - The rare situation has occured at time 1738917235614, id to look up=172 52 120 214 , id of local node=214 35 194 29 , id of predecessor=211 42 117 238 
2025-02-07 03:33:55 FATAL 214 35 194 29 :379  - The rare situation has occured at time 1738917235981, id to look up=193 223 217 110 , id of local node=214 35 194 29 , id of predecessor=211 42 117 238 
2025-02-07 03:33:56 FATAL 214 35 194 29 :379  - The rare situation has occured at time 1738917236605, id to look up=177 213 120 17 , id of local node=214 35 194 29 , id of predecessor=211 42 117 238 
2025-02-07 03:33:56 FATAL 214 35 194 29 :379  - The rare situation has occured at time 1738917236731, id to look up=123 82 0 155 , id of local node=214 35 194 29 , id of predecessor=211 42 117 238 
2025-02-07 03:33:56 FATAL 214 35 194 29 :379  - The rare situation has occured at time 1738917236901, id to look up=189 48 122 62 , id of local node=214 35 194 29 , id of predecessor=211 42 117 238 
2025-02-07 03:33:57 FATAL 214 35 194 29 :379  - The rare situation has occured at time 1738917237677, id to look up=158 106 85 182 , id of local node=214 35 194 29 , id of predecessor=211 42 117 238 
2025-02-07 03:33:58 FATAL 214 35 194 29 :379  - The rare situation has occured at time 1738917238051, id to look up=179 240 199 246 , id of local node=214 35 194 29 , id of predecessor=211 42 117 238 
2025-02-07 03:33:58 FATAL 214 35 194 29 :379  - The rare situation has occured at time 1738917238627, id to look up=77 19 75 192 , id of local node=214 35 194 29 , id of predecessor=211 42 117 238 
2025-02-07 03:33:59 FATAL 214 35 194 29 :379  - The rare situation has occured at time 1738917239510, id to look up=188 51 234 78 , id of local node=214 35 194 29 , id of predecessor=211 42 117 238 
2025-02-07 03:33:59 FATAL 214 35 194 29 :379  - The rare situation has occured at time 1738917239887, id to look up=119 25 161 199 , id of local node=214 35 194 29 , id of predecessor=211 42 117 238 
2025-02-07 03:34:00 FATAL 214 35 194 29 :379  - The rare situation has occured at time 1738917240710, id to look up=203 78 82 8 , id of local node=214 35 194 29 , id of predecessor=211 42 117 238 
2025-02-07 03:34:47 FATAL 214 35 194 29 :379  - The rare situation has occured at time 1738917287107, id to look up=119 222 104 218 , id of local node=214 35 194 29 , id of predecessor=211 42 117 238 
2025-02-07 03:34:47 FATAL 214 35 194 29 :379  - The rare situation has occured at time 1738917287969, id to look up=172 52 120 214 , id of local node=214 35 194 29 , id of predecessor=211 42 117 238 
2025-02-07 03:34:48 FATAL 214 35 194 29 :379  - The rare situation has occured at time 1738917288296, id to look up=193 223 217 110 , id of local node=214 35 194 29 , id of predecessor=211 42 117 238 
2025-02-07 03:34:48 FATAL 214 35 194 29 :379  - The rare situation has occured at time 1738917288930, id to look up=177 213 120 17 , id of local node=214 35 194 29 , id of predecessor=211 42 117 238 
2025-02-07 03:34:49 FATAL 214 35 194 29 :379  - The rare situation has occured at time 1738917289609, id to look up=123 82 0 155 , id of local node=214 35 194 29 , id of predecessor=211 42 117 238 
2025-02-07 03:34:49 FATAL 214 35 194 29 :379  - The rare situation has occured at time 1738917289770, id to look up=189 48 122 62 , id of local node=214 35 194 29 , id of predecessor=211 42 117 238 
2025-02-07 03:34:50 FATAL 214 35 194 29 :379  - The rare situation has occured at time 1738917290497, id to look up=158 106 85 182 , id of local node=214 35 194 29 , id of predecessor=211 42 117 238 
2025-02-07 03:34:50 FATAL 214 35 194 29 :379  - The rare situation has occured at time 1738917290869, id to look up=179 240 199 246 , id of local node=214 35 194 29 , id of predecessor=211 42 117 238 
2025-02-07 03:34:51 FATAL 214 35 194 29 :379  - The rare situation has occured at time 1738917291436, id to look up=77 19 75 192 , id of local node=214 35 194 29 , id of predecessor=211 42 117 238 
2025-02-07 03:34:51 FATAL 214 35 194 29 :379  - The rare situation has occured at time 1738917291999, id to look up=188 51 234 78 , id of local node=214 35 194 29 , id of predecessor=211 42 117 238 
2025-02-07 03:34:52 FATAL 214 35 194 29 :379  - The rare situation has occured at time 1738917292386, id to look up=119 25 161 199 , id of local node=214 35 194 29 , id of predecessor=211 42 117 238 
2025-02-07 03:34:53 FATAL 214 35 194 29 :379  - The rare situation has occured at time 1738917293029, id to look up=203 78 82 8 , id of local node=214 35 194 29 , id of predecessor=211 42 117 238 
2025-02-07 03:35:13 FATAL 214 35 194 29 :379  - The rare situation has occured at time 1738917313530, id to look up=119 222 104 218 , id of local node=214 35 194 29 , id of predecessor=211 42 117 238 
2025-02-07 03:35:14 FATAL 214 35 194 29 :379  - The rare situation has occured at time 1738917314572, id to look up=172 52 120 214 , id of local node=214 35 194 29 , id of predecessor=211 42 117 238 
2025-02-07 03:35:14 FATAL 214 35 194 29 :379  - The rare situation has occured at time 1738917314829, id to look up=193 223 217 110 , id of local node=214 35 194 29 , id of predecessor=211 42 117 238 
2025-02-07 03:35:15 FATAL 214 35 194 29 :379  - The rare situation has occured at time 1738917315442, id to look up=177 213 120 17 , id of local node=214 35 194 29 , id of predecessor=211 42 117 238 
2025-02-07 03:35:15 FATAL 214 35 194 29 :379  - The rare situation has occured at time 1738917315854, id to look up=123 82 0 155 , id of local node=214 35 194 29 , id of predecessor=211 42 117 238 
2025-02-07 03:35:16 FATAL 214 35 194 29 :379  - The rare situation has occured at time 1738917316072, id to look up=189 48 122 62 , id of local node=214 35 194 29 , id of predecessor=211 42 117 238 
2025-02-07 03:35:17 FATAL 214 35 194 29 :379  - The rare situation has occured at time 1738917317129, id to look up=158 106 85 182 , id of local node=214 35 194 29 , id of predecessor=211 42 117 238 
2025-02-07 03:35:17 FATAL 214 35 194 29 :379  - The rare situation has occured at time 1738917317470, id to look up=179 240 199 246 , id of local node=214 35 194 29 , id of predecessor=211 42 117 238 
2025-02-07 03:35:18 FATAL 214 35 194 29 :379  - The rare situation has occured at time 1738917318660, id to look up=77 19 75 192 , id of local node=214 35 194 29 , id of predecessor=211 42 117 238 
2025-02-07 03:35:19 FATAL 214 35 194 29 :379  - The rare situation has occured at time 1738917319102, id to look up=188 51 234 78 , id of local node=214 35 194 29 , id of predecessor=211 42 117 238 
2025-02-07 03:35:19 FATAL 214 35 194 29 :379  - The rare situation has occured at time 1738917319929, id to look up=119 25 161 199 , id of local node=214 35 194 29 , id of predecessor=211 42 117 238 
2025-02-07 03:35:20 FATAL 214 35 194 29 :379  - The rare situation has occured at time 1738917320512, id to look up=203 78 82 8 , id of local node=214 35 194 29 , id of predecessor=211 42 117 238 
2025-02-07 03:37:27 FATAL 214 35 194 29 :379  - The rare situation has occured at time 1738917447556, id to look up=119 222 104 218 , id of local node=214 35 194 29 , id of predecessor=211 42 117 238 
2025-02-07 03:37:28 FATAL 214 35 194 29 :379  - The rare situation has occured at time 1738917448309, id to look up=172 52 120 214 , id of local node=214 35 194 29 , id of predecessor=211 42 117 238 
2025-02-07 03:37:28 FATAL 214 35 194 29 :379  - The rare situation has occured at time 1738917448576, id to look up=193 223 217 110 , id of local node=214 35 194 29 , id of predecessor=211 42 117 238 
2025-02-07 03:37:29 FATAL 214 35 194 29 :379  - The rare situation has occured at time 1738917449139, id to look up=177 213 120 17 , id of local node=214 35 194 29 , id of predecessor=211 42 117 238 
2025-02-07 03:37:29 FATAL 214 35 194 29 :379  - The rare situation has occured at time 1738917449559, id to look up=123 82 0 155 , id of local node=214 35 194 29 , id of predecessor=211 42 117 238 
2025-02-07 03:37:29 FATAL 214 35 194 29 :379  - The rare situation has occured at time 1738917449779, id to look up=189 48 122 62 , id of local node=214 35 194 29 , id of predecessor=211 42 117 238 
2025-02-07 03:37:30 FATAL 214 35 194 29 :379  - The rare situation has occured at time 1738917450866, id to look up=158 106 85 182 , id of local node=214 35 194 29 , id of predecessor=211 42 117 238 
2025-02-07 03:37:31 FATAL 214 35 194 29 :379  - The rare situation has occured at time 1738917451187, id to look up=179 240 199 246 , id of local node=214 35 194 29 , id of predecessor=211 42 117 238 
2025-02-07 03:37:32 FATAL 214 35 194 29 :379  - The rare situation has occured at time 1738917452366, id to look up=77 19 75 192 , id of local node=214 35 194 29 , id of predecessor=211 42 117 238 
2025-02-07 03:37:32 FATAL 214 35 194 29 :379  - The rare situation has occured at time 1738917452809, id to look up=188 51 234 78 , id of local node=214 35 194 29 , id of predecessor=211 42 117 238 
2025-02-07 03:37:33 FATAL 214 35 194 29 :379  - The rare situation has occured at time 1738917453567, id to look up=119 25 161 199 , id of local node=214 35 194 29 , id of predecessor=211 42 117 238 
2025-02-07 03:37:34 FATAL 214 35 194 29 :379  - The rare situation has occured at time 1738917454139, id to look up=203 78 82 8 , id of local node=214 35 194 29 , id of predecessor=211 42 117 238 
2025-02-07 03:38:17 FATAL 214 35 194 29 :379  - The rare situation has occured at time 1738917497288, id to look up=119 222 104 218 , id of local node=214 35 194 29 , id of predecessor=211 42 117 238 
2025-02-07 03:38:18 FATAL 214 35 194 29 :379  - The rare situation has occured at time 1738917498021, id to look up=172 52 120 214 , id of local node=214 35 194 29 , id of predecessor=211 42 117 238 
2025-02-07 03:38:18 FATAL 214 35 194 29 :379  - The rare situation has occured at time 1738917498298, id to look up=193 223 217 110 , id of local node=214 35 194 29 , id of predecessor=211 42 117 238 
2025-02-07 03:38:18 FATAL 214 35 194 29 :379  - The rare situation has occured at time 1738917498870, id to look up=177 213 120 17 , id of local node=214 35 194 29 , id of predecessor=211 42 117 238 
2025-02-07 03:38:19 FATAL 214 35 194 29 :379  - The rare situation has occured at time 1738917499312, id to look up=123 82 0 155 , id of local node=214 35 194 29 , id of predecessor=211 42 117 238 
2025-02-07 03:38:19 FATAL 214 35 194 29 :379  - The rare situation has occured at time 1738917499531, id to look up=189 48 122 62 , id of local node=214 35 194 29 , id of predecessor=211 42 117 238 
2025-02-07 03:38:20 FATAL 214 35 194 29 :379  - The rare situation has occured at time 1738917500568, id to look up=158 106 85 182 , id of local node=214 35 194 29 , id of predecessor=211 42 117 238 
2025-02-07 03:38:20 FATAL 214 35 194 29 :379  - The rare situation has occured at time 1738917500890, id to look up=179 240 199 246 , id of local node=214 35 194 29 , id of predecessor=211 42 117 238 
2025-02-07 03:38:22 FATAL 214 35 194 29 :379  - The rare situation has occured at time 1738917502078, id to look up=77 19 75 192 , id of local node=214 35 194 29 , id of predecessor=211 42 117 238 
2025-02-07 03:38:22 FATAL 214 35 194 29 :379  - The rare situation has occured at time 1738917502501, id to look up=188 51 234 78 , id of local node=214 35 194 29 , id of predecessor=211 42 117 238 
2025-02-07 03:38:23 FATAL 214 35 194 29 :379  - The rare situation has occured at time 1738917503278, id to look up=119 25 161 199 , id of local node=214 35 194 29 , id of predecessor=211 42 117 238 
2025-02-07 03:38:23 FATAL 214 35 194 29 :379  - The rare situation has occured at time 1738917503861, id to look up=203 78 82 8 , id of local node=214 35 194 29 , id of predecessor=211 42 117 238 
