2025-02-07 03:32:27 WARN  OpenChordTest:203  - Peer joined at ocsocket://localhost:8093/ via ocsocket://localhost:8080/
2025-02-07 03:32:27 WARN  OpenChordTest:58  - Insert time for key 13 = 43 ms
2025-02-07 03:32:27 WARN  OpenChordTest:60  - Inserted (13, default)
2025-02-07 03:32:27 WARN  OpenChordTest:64  - Memory usage at ocsocket://localhost:8093/ = 22 MB
2025-02-07 03:33:54 FATAL 161 201 197 38 :379  - The rare situation has occured at time 1738917234511, id to look up=119 222 104 218 , id of local node=161 201 197 38 , id of predecessor=150 178 181 209 
2025-02-07 03:33:56 FATAL 161 201 197 38 :379  - The rare situation has occured at time 1738917236780, id to look up=123 82 0 155 , id of local node=161 201 197 38 , id of predecessor=150 178 181 209 
2025-02-07 03:33:58 FATAL 161 201 197 38 :379  - The rare situation has occured at time 1738917238777, id to look up=77 19 75 192 , id of local node=161 201 197 38 , id of predecessor=150 178 181 209 
2025-02-07 03:34:00 FATAL 161 201 197 38 :379  - The rare situation has occured at time 1738917240209, id to look up=119 25 161 199 , id of local node=161 201 197 38 , id of predecessor=150 178 181 209 
2025-02-07 03:34:47 FATAL 161 201 197 38 :379  - The rare situation has occured at time 1738917287456, id to look up=119 222 104 218 , id of local node=161 201 197 38 , id of predecessor=150 178 181 209 
2025-02-07 03:34:49 FATAL 161 201 197 38 :379  - The rare situation has occured at time 1738917289658, id to look up=123 82 0 155 , id of local node=161 201 197 38 , id of predecessor=150 178 181 209 
2025-02-07 03:34:51 FATAL 161 201 197 38 :379  - The rare situation has occured at time 1738917291586, id to look up=77 19 75 192 , id of local node=161 201 197 38 , id of predecessor=150 178 181 209 
2025-02-07 03:34:52 FATAL 161 201 197 38 :379  - The rare situation has occured at time 1738917292698, id to look up=119 25 161 199 , id of local node=161 201 197 38 , id of predecessor=150 178 181 209 
2025-02-07 03:35:13 FATAL 161 201 197 38 :379  - The rare situation has occured at time 1738917313880, id to look up=119 222 104 218 , id of local node=161 201 197 38 , id of predecessor=150 178 181 209 
2025-02-07 03:35:15 FATAL 161 201 197 38 :379  - The rare situation has occured at time 1738917315911, id to look up=123 82 0 155 , id of local node=161 201 197 38 , id of predecessor=150 178 181 209 
2025-02-07 03:35:18 FATAL 161 201 197 38 :379  - The rare situation has occured at time 1738917318819, id to look up=77 19 75 192 , id of local node=161 201 197 38 , id of predecessor=150 178 181 209 
2025-02-07 03:35:20 FATAL 161 201 197 38 :379  - The rare situation has occured at time 1738917320231, id to look up=119 25 161 199 , id of local node=161 201 197 38 , id of predecessor=150 178 181 209 
2025-02-07 03:37:27 FATAL 161 201 197 38 :379  - The rare situation has occured at time 1738917447760, id to look up=119 222 104 218 , id of local node=161 201 197 38 , id of predecessor=150 178 181 209 
2025-02-07 03:37:29 FATAL 161 201 197 38 :379  - The rare situation has occured at time 1738917449608, id to look up=123 82 0 155 , id of local node=161 201 197 38 , id of predecessor=150 178 181 209 
2025-02-07 03:37:32 FATAL 161 201 197 38 :379  - The rare situation has occured at time 1738917452516, id to look up=77 19 75 192 , id of local node=161 201 197 38 , id of predecessor=150 178 181 209 
2025-02-07 03:37:33 FATAL 161 201 197 38 :379  - The rare situation has occured at time 1738917453868, id to look up=119 25 161 199 , id of local node=161 201 197 38 , id of predecessor=150 178 181 209 
2025-02-07 03:38:17 FATAL 161 201 197 38 :379  - The rare situation has occured at time 1738917497491, id to look up=119 222 104 218 , id of local node=161 201 197 38 , id of predecessor=150 178 181 209 
2025-02-07 03:38:19 FATAL 161 201 197 38 :379  - The rare situation has occured at time 1738917499360, id to look up=123 82 0 155 , id of local node=161 201 197 38 , id of predecessor=150 178 181 209 
2025-02-07 03:38:22 FATAL 161 201 197 38 :379  - The rare situation has occured at time 1738917502229, id to look up=77 19 75 192 , id of local node=161 201 197 38 , id of predecessor=150 178 181 209 
2025-02-07 03:38:23 FATAL 161 201 197 38 :379  - The rare situation has occured at time 1738917503590, id to look up=119 25 161 199 , id of local node=161 201 197 38 , id of predecessor=150 178 181 209 
