2025-02-07 03:32:21 WARN  OpenChordTest:203  - Peer joined at ocsocket://localhost:8090/ via ocsocket://localhost:8080/
2025-02-07 03:32:21 WARN  OpenChordTest:58  - Insert time for key 10 = 209 ms
2025-02-07 03:32:21 WARN  OpenChordTest:60  - Inserted (10, default)
2025-02-07 03:32:21 WARN  OpenChordTest:64  - Memory usage at ocsocket://localhost:8090/ = 24 MB
2025-02-07 03:33:53 FATAL 242 2 157 82 :379  - The rare situation has occured at time 1738917233982, id to look up=218 75 146 55 , id of local node=242 2 157 82 , id of predecessor=228 17 236 76 
2025-02-07 03:33:54 FATAL 242 2 157 82 :379  - The rare situation has occured at time 1738917234148, id to look up=119 222 104 218 , id of local node=242 2 157 82 , id of predecessor=228 17 236 76 
2025-02-07 03:33:55 FATAL 242 2 157 82 :379  - The rare situation has occured at time 1738917235612, id to look up=172 52 120 214 , id of local node=242 2 157 82 , id of predecessor=228 17 236 76 
2025-02-07 03:33:55 FATAL 242 2 157 82 :379  - The rare situation has occured at time 1738917235881, id to look up=193 223 217 110 , id of local node=242 2 157 82 , id of predecessor=228 17 236 76 
2025-02-07 03:33:56 FATAL 242 2 157 82 :379  - The rare situation has occured at time 1738917236604, id to look up=177 213 120 17 , id of local node=242 2 157 82 , id of predecessor=228 17 236 76 
2025-02-07 03:33:56 FATAL 242 2 157 82 :379  - The rare situation has occured at time 1738917236729, id to look up=123 82 0 155 , id of local node=242 2 157 82 , id of predecessor=228 17 236 76 
2025-02-07 03:33:56 FATAL 242 2 157 82 :379  - The rare situation has occured at time 1738917236900, id to look up=189 48 122 62 , id of local node=242 2 157 82 , id of predecessor=228 17 236 76 
2025-02-07 03:33:57 FATAL 242 2 157 82 :379  - The rare situation has occured at time 1738917237568, id to look up=158 106 85 182 , id of local node=242 2 157 82 , id of predecessor=228 17 236 76 
2025-02-07 03:33:58 FATAL 242 2 157 82 :379  - The rare situation has occured at time 1738917238050, id to look up=179 240 199 246 , id of local node=242 2 157 82 , id of predecessor=228 17 236 76 
2025-02-07 03:33:58 FATAL 242 2 157 82 :379  - The rare situation has occured at time 1738917238417, id to look up=212 53 166 205 , id of local node=242 2 157 82 , id of predecessor=228 17 236 76 
2025-02-07 03:33:58 FATAL 242 2 157 82 :379  - The rare situation has occured at time 1738917238535, id to look up=77 19 75 192 , id of local node=242 2 157 82 , id of predecessor=228 17 236 76 
2025-02-07 03:33:59 FATAL 242 2 157 82 :379  - The rare situation has occured at time 1738917239508, id to look up=188 51 234 78 , id of local node=242 2 157 82 , id of predecessor=228 17 236 76 
2025-02-07 03:33:59 FATAL 242 2 157 82 :379  - The rare situation has occured at time 1738917239777, id to look up=119 25 161 199 , id of local node=242 2 157 82 , id of predecessor=228 17 236 76 
2025-02-07 03:34:00 FATAL 242 2 157 82 :379  - The rare situation has occured at time 1738917240709, id to look up=203 78 82 8 , id of local node=242 2 157 82 , id of predecessor=228 17 236 76 
2025-02-07 03:34:46 FATAL 242 2 157 82 :379  - The rare situation has occured at time 1738917286656, id to look up=218 75 146 55 , id of local node=242 2 157 82 , id of predecessor=228 17 236 76 
2025-02-07 03:34:47 FATAL 242 2 157 82 :379  - The rare situation has occured at time 1738917287006, id to look up=119 222 104 218 , id of local node=242 2 157 82 , id of predecessor=228 17 236 76 
2025-02-07 03:34:47 FATAL 242 2 157 82 :379  - The rare situation has occured at time 1738917287967, id to look up=172 52 120 214 , id of local node=242 2 157 82 , id of predecessor=228 17 236 76 
2025-02-07 03:34:48 FATAL 242 2 157 82 :379  - The rare situation has occured at time 1738917288186, id to look up=193 223 217 110 , id of local node=242 2 157 82 , id of predecessor=228 17 236 76 
2025-02-07 03:34:48 FATAL 242 2 157 82 :379  - The rare situation has occured at time 1738917288928, id to look up=177 213 120 17 , id of local node=242 2 157 82 , id of predecessor=228 17 236 76 
2025-02-07 03:34:49 FATAL 242 2 157 82 :379  - The rare situation has occured at time 1738917289608, id to look up=123 82 0 155 , id of local node=242 2 157 82 , id of predecessor=228 17 236 76 
2025-02-07 03:34:49 FATAL 242 2 157 82 :379  - The rare situation has occured at time 1738917289768, id to look up=189 48 122 62 , id of local node=242 2 157 82 , id of predecessor=228 17 236 76 
2025-02-07 03:34:50 FATAL 242 2 157 82 :379  - The rare situation has occured at time 1738917290396, id to look up=158 106 85 182 , id of local node=242 2 157 82 , id of predecessor=228 17 236 76 
2025-02-07 03:34:50 FATAL 242 2 157 82 :379  - The rare situation has occured at time 1738917290868, id to look up=179 240 199 246 , id of local node=242 2 157 82 , id of predecessor=228 17 236 76 
2025-02-07 03:34:51 FATAL 242 2 157 82 :379  - The rare situation has occured at time 1738917291236, id to look up=212 53 166 205 , id of local node=242 2 157 82 , id of predecessor=228 17 236 76 
2025-02-07 03:34:51 FATAL 242 2 157 82 :379  - The rare situation has occured at time 1738917291344, id to look up=77 19 75 192 , id of local node=242 2 157 82 , id of predecessor=228 17 236 76 
2025-02-07 03:34:51 FATAL 242 2 157 82 :379  - The rare situation has occured at time 1738917291997, id to look up=188 51 234 78 , id of local node=242 2 157 82 , id of predecessor=228 17 236 76 
2025-02-07 03:34:52 FATAL 242 2 157 82 :379  - The rare situation has occured at time 1738917292276, id to look up=119 25 161 199 , id of local node=242 2 157 82 , id of predecessor=228 17 236 76 
2025-02-07 03:34:53 FATAL 242 2 157 82 :379  - The rare situation has occured at time 1738917293027, id to look up=203 78 82 8 , id of local node=242 2 157 82 , id of predecessor=228 17 236 76 
2025-02-07 03:35:13 FATAL 242 2 157 82 :379  - The rare situation has occured at time 1738917313110, id to look up=218 75 146 55 , id of local node=242 2 157 82 , id of predecessor=228 17 236 76 
2025-02-07 03:35:13 FATAL 242 2 157 82 :379  - The rare situation has occured at time 1738917313426, id to look up=119 222 104 218 , id of local node=242 2 157 82 , id of predecessor=228 17 236 76 
2025-02-07 03:35:14 FATAL 242 2 157 82 :379  - The rare situation has occured at time 1738917314571, id to look up=172 52 120 214 , id of local node=242 2 157 82 , id of predecessor=228 17 236 76 
2025-02-07 03:35:14 FATAL 242 2 157 82 :379  - The rare situation has occured at time 1738917314730, id to look up=193 223 217 110 , id of local node=242 2 157 82 , id of predecessor=228 17 236 76 
2025-02-07 03:35:15 FATAL 242 2 157 82 :379  - The rare situation has occured at time 1738917315441, id to look up=177 213 120 17 , id of local node=242 2 157 82 , id of predecessor=228 17 236 76 
2025-02-07 03:35:15 FATAL 242 2 157 82 :379  - The rare situation has occured at time 1738917315852, id to look up=123 82 0 155 , id of local node=242 2 157 82 , id of predecessor=228 17 236 76 
2025-02-07 03:35:16 FATAL 242 2 157 82 :379  - The rare situation has occured at time 1738917316071, id to look up=189 48 122 62 , id of local node=242 2 157 82 , id of predecessor=228 17 236 76 
2025-02-07 03:35:17 FATAL 242 2 157 82 :379  - The rare situation has occured at time 1738917317030, id to look up=158 106 85 182 , id of local node=242 2 157 82 , id of predecessor=228 17 236 76 
2025-02-07 03:35:17 FATAL 242 2 157 82 :379  - The rare situation has occured at time 1738917317468, id to look up=179 240 199 246 , id of local node=242 2 157 82 , id of predecessor=228 17 236 76 
2025-02-07 03:35:18 FATAL 242 2 157 82 :379  - The rare situation has occured at time 1738917318361, id to look up=212 53 166 205 , id of local node=242 2 157 82 , id of predecessor=228 17 236 76 
2025-02-07 03:35:18 FATAL 242 2 157 82 :379  - The rare situation has occured at time 1738917318559, id to look up=77 19 75 192 , id of local node=242 2 157 82 , id of predecessor=228 17 236 76 
2025-02-07 03:35:19 FATAL 242 2 157 82 :379  - The rare situation has occured at time 1738917319101, id to look up=188 51 234 78 , id of local node=242 2 157 82 , id of predecessor=228 17 236 76 
2025-02-07 03:35:19 FATAL 242 2 157 82 :379  - The rare situation has occured at time 1738917319829, id to look up=119 25 161 199 , id of local node=242 2 157 82 , id of predecessor=228 17 236 76 
2025-02-07 03:35:20 FATAL 242 2 157 82 :379  - The rare situation has occured at time 1738917320511, id to look up=203 78 82 8 , id of local node=242 2 157 82 , id of predecessor=228 17 236 76 
2025-02-07 03:37:27 FATAL 242 2 157 82 :379  - The rare situation has occured at time 1738917447136, id to look up=218 75 146 55 , id of local node=242 2 157 82 , id of predecessor=228 17 236 76 
2025-02-07 03:37:27 FATAL 242 2 157 82 :379  - The rare situation has occured at time 1738917447452, id to look up=119 222 104 218 , id of local node=242 2 157 82 , id of predecessor=228 17 236 76 
2025-02-07 03:37:28 FATAL 242 2 157 82 :379  - The rare situation has occured at time 1738917448308, id to look up=172 52 120 214 , id of local node=242 2 157 82 , id of predecessor=228 17 236 76 
2025-02-07 03:37:28 FATAL 242 2 157 82 :379  - The rare situation has occured at time 1738917448476, id to look up=193 223 217 110 , id of local node=242 2 157 82 , id of predecessor=228 17 236 76 
2025-02-07 03:37:29 FATAL 242 2 157 82 :379  - The rare situation has occured at time 1738917449137, id to look up=177 213 120 17 , id of local node=242 2 157 82 , id of predecessor=228 17 236 76 
2025-02-07 03:37:29 FATAL 242 2 157 82 :379  - The rare situation has occured at time 1738917449558, id to look up=123 82 0 155 , id of local node=242 2 157 82 , id of predecessor=228 17 236 76 
2025-02-07 03:37:29 FATAL 242 2 157 82 :379  - The rare situation has occured at time 1738917449777, id to look up=189 48 122 62 , id of local node=242 2 157 82 , id of predecessor=228 17 236 76 
2025-02-07 03:37:30 FATAL 242 2 157 82 :379  - The rare situation has occured at time 1738917450766, id to look up=158 106 85 182 , id of local node=242 2 157 82 , id of predecessor=228 17 236 76 
2025-02-07 03:37:31 FATAL 242 2 157 82 :379  - The rare situation has occured at time 1738917451186, id to look up=179 240 199 246 , id of local node=242 2 157 82 , id of predecessor=228 17 236 76 
2025-02-07 03:37:32 FATAL 242 2 157 82 :379  - The rare situation has occured at time 1738917452057, id to look up=212 53 166 205 , id of local node=242 2 157 82 , id of predecessor=228 17 236 76 
2025-02-07 03:37:32 FATAL 242 2 157 82 :379  - The rare situation has occured at time 1738917452266, id to look up=77 19 75 192 , id of local node=242 2 157 82 , id of predecessor=228 17 236 76 
2025-02-07 03:37:32 FATAL 242 2 157 82 :379  - The rare situation has occured at time 1738917452807, id to look up=188 51 234 78 , id of local node=242 2 157 82 , id of predecessor=228 17 236 76 
2025-02-07 03:37:33 FATAL 242 2 157 82 :379  - The rare situation has occured at time 1738917453466, id to look up=119 25 161 199 , id of local node=242 2 157 82 , id of predecessor=228 17 236 76 
2025-02-07 03:37:34 FATAL 242 2 157 82 :379  - The rare situation has occured at time 1738917454137, id to look up=203 78 82 8 , id of local node=242 2 157 82 , id of predecessor=228 17 236 76 
2025-02-07 03:38:16 FATAL 242 2 157 82 :379  - The rare situation has occured at time 1738917496878, id to look up=218 75 146 55 , id of local node=242 2 157 82 , id of predecessor=228 17 236 76 
2025-02-07 03:38:17 FATAL 242 2 157 82 :379  - The rare situation has occured at time 1738917497193, id to look up=119 222 104 218 , id of local node=242 2 157 82 , id of predecessor=228 17 236 76 
2025-02-07 03:38:18 FATAL 242 2 157 82 :379  - The rare situation has occured at time 1738917498020, id to look up=172 52 120 214 , id of local node=242 2 157 82 , id of predecessor=228 17 236 76 
2025-02-07 03:38:18 FATAL 242 2 157 82 :379  - The rare situation has occured at time 1738917498198, id to look up=193 223 217 110 , id of local node=242 2 157 82 , id of predecessor=228 17 236 76 
2025-02-07 03:38:18 FATAL 242 2 157 82 :379  - The rare situation has occured at time 1738917498869, id to look up=177 213 120 17 , id of local node=242 2 157 82 , id of predecessor=228 17 236 76 
2025-02-07 03:38:19 FATAL 242 2 157 82 :379  - The rare situation has occured at time 1738917499310, id to look up=123 82 0 155 , id of local node=242 2 157 82 , id of predecessor=228 17 236 76 
2025-02-07 03:38:19 FATAL 242 2 157 82 :379  - The rare situation has occured at time 1738917499529, id to look up=189 48 122 62 , id of local node=242 2 157 82 , id of predecessor=228 17 236 76 
2025-02-07 03:38:20 FATAL 242 2 157 82 :379  - The rare situation has occured at time 1738917500468, id to look up=158 106 85 182 , id of local node=242 2 157 82 , id of predecessor=228 17 236 76 
2025-02-07 03:38:20 FATAL 242 2 157 82 :379  - The rare situation has occured at time 1738917500888, id to look up=179 240 199 246 , id of local node=242 2 157 82 , id of predecessor=228 17 236 76 
2025-02-07 03:38:21 FATAL 242 2 157 82 :379  - The rare situation has occured at time 1738917501779, id to look up=212 53 166 205 , id of local node=242 2 157 82 , id of predecessor=228 17 236 76 
2025-02-07 03:38:21 FATAL 242 2 157 82 :379  - The rare situation has occured at time 1738917501978, id to look up=77 19 75 192 , id of local node=242 2 157 82 , id of predecessor=228 17 236 76 
2025-02-07 03:38:22 FATAL 242 2 157 82 :379  - The rare situation has occured at time 1738917502500, id to look up=188 51 234 78 , id of local node=242 2 157 82 , id of predecessor=228 17 236 76 
2025-02-07 03:38:23 FATAL 242 2 157 82 :379  - The rare situation has occured at time 1738917503178, id to look up=119 25 161 199 , id of local node=242 2 157 82 , id of predecessor=228 17 236 76 
2025-02-07 03:38:23 FATAL 242 2 157 82 :379  - The rare situation has occured at time 1738917503859, id to look up=203 78 82 8 , id of local node=242 2 157 82 , id of predecessor=228 17 236 76 
