2025-02-07 03:32:57 WARN  OpenChordTest:203  - Peer joined at ocsocket://localhost:8108/ via ocsocket://localhost:8080/
2025-02-07 03:32:57 WARN  OpenChordTest:58  - Insert time for key 28 = 98 ms
2025-02-07 03:32:57 WARN  OpenChordTest:60  - Inserted (28, default)
2025-02-07 03:32:57 WARN  OpenChordTest:64  - Memory usage at ocsocket://localhost:8108/ = 5 MB
2025-02-07 03:33:54 FATAL 228 17 236 76 :379  - The rare situation has occured at time 1738917234191, id to look up=119 222 104 218 , id of local node=228 17 236 76 , id of predecessor=214 35 194 29 
2025-02-07 03:33:55 FATAL 228 17 236 76 :379  - The rare situation has occured at time 1738917235613, id to look up=172 52 120 214 , id of local node=228 17 236 76 , id of predecessor=214 35 194 29 
2025-02-07 03:33:55 FATAL 228 17 236 76 :379  - The rare situation has occured at time 1738917235931, id to look up=193 223 217 110 , id of local node=228 17 236 76 , id of predecessor=214 35 194 29 
2025-02-07 03:33:56 FATAL 228 17 236 76 :379  - The rare situation has occured at time 1738917236604, id to look up=177 213 120 17 , id of local node=228 17 236 76 , id of predecessor=214 35 194 29 
2025-02-07 03:33:56 FATAL 228 17 236 76 :379  - The rare situation has occured at time 1738917236730, id to look up=123 82 0 155 , id of local node=228 17 236 76 , id of predecessor=214 35 194 29 
2025-02-07 03:33:56 FATAL 228 17 236 76 :379  - The rare situation has occured at time 1738917236900, id to look up=189 48 122 62 , id of local node=228 17 236 76 , id of predecessor=214 35 194 29 
2025-02-07 03:33:57 FATAL 228 17 236 76 :379  - The rare situation has occured at time 1738917237627, id to look up=158 106 85 182 , id of local node=228 17 236 76 , id of predecessor=214 35 194 29 
2025-02-07 03:33:58 FATAL 228 17 236 76 :379  - The rare situation has occured at time 1738917238050, id to look up=179 240 199 246 , id of local node=228 17 236 76 , id of predecessor=214 35 194 29 
2025-02-07 03:33:58 FATAL 228 17 236 76 :379  - The rare situation has occured at time 1738917238418, id to look up=212 53 166 205 , id of local node=228 17 236 76 , id of predecessor=214 35 194 29 
2025-02-07 03:33:58 FATAL 228 17 236 76 :379  - The rare situation has occured at time 1738917238577, id to look up=77 19 75 192 , id of local node=228 17 236 76 , id of predecessor=214 35 194 29 
2025-02-07 03:33:59 FATAL 228 17 236 76 :379  - The rare situation has occured at time 1738917239509, id to look up=188 51 234 78 , id of local node=228 17 236 76 , id of predecessor=214 35 194 29 
2025-02-07 03:33:59 FATAL 228 17 236 76 :379  - The rare situation has occured at time 1738917239827, id to look up=119 25 161 199 , id of local node=228 17 236 76 , id of predecessor=214 35 194 29 
2025-02-07 03:34:00 FATAL 228 17 236 76 :379  - The rare situation has occured at time 1738917240709, id to look up=203 78 82 8 , id of local node=228 17 236 76 , id of predecessor=214 35 194 29 
2025-02-07 03:34:47 FATAL 228 17 236 76 :379  - The rare situation has occured at time 1738917287056, id to look up=119 222 104 218 , id of local node=228 17 236 76 , id of predecessor=214 35 194 29 
2025-02-07 03:34:47 FATAL 228 17 236 76 :379  - The rare situation has occured at time 1738917287968, id to look up=172 52 120 214 , id of local node=228 17 236 76 , id of predecessor=214 35 194 29 
2025-02-07 03:34:48 FATAL 228 17 236 76 :379  - The rare situation has occured at time 1738917288246, id to look up=193 223 217 110 , id of local node=228 17 236 76 , id of predecessor=214 35 194 29 
2025-02-07 03:34:48 FATAL 228 17 236 76 :379  - The rare situation has occured at time 1738917288929, id to look up=177 213 120 17 , id of local node=228 17 236 76 , id of predecessor=214 35 194 29 
2025-02-07 03:34:49 FATAL 228 17 236 76 :379  - The rare situation has occured at time 1738917289609, id to look up=123 82 0 155 , id of local node=228 17 236 76 , id of predecessor=214 35 194 29 
2025-02-07 03:34:49 FATAL 228 17 236 76 :379  - The rare situation has occured at time 1738917289769, id to look up=189 48 122 62 , id of local node=228 17 236 76 , id of predecessor=214 35 194 29 
2025-02-07 03:34:50 FATAL 228 17 236 76 :379  - The rare situation has occured at time 1738917290446, id to look up=158 106 85 182 , id of local node=228 17 236 76 , id of predecessor=214 35 194 29 
2025-02-07 03:34:50 FATAL 228 17 236 76 :379  - The rare situation has occured at time 1738917290869, id to look up=179 240 199 246 , id of local node=228 17 236 76 , id of predecessor=214 35 194 29 
2025-02-07 03:34:51 FATAL 228 17 236 76 :379  - The rare situation has occured at time 1738917291237, id to look up=212 53 166 205 , id of local node=228 17 236 76 , id of predecessor=214 35 194 29 
2025-02-07 03:34:51 FATAL 228 17 236 76 :379  - The rare situation has occured at time 1738917291386, id to look up=77 19 75 192 , id of local node=228 17 236 76 , id of predecessor=214 35 194 29 
2025-02-07 03:34:51 FATAL 228 17 236 76 :379  - The rare situation has occured at time 1738917291998, id to look up=188 51 234 78 , id of local node=228 17 236 76 , id of predecessor=214 35 194 29 
2025-02-07 03:34:52 FATAL 228 17 236 76 :379  - The rare situation has occured at time 1738917292326, id to look up=119 25 161 199 , id of local node=228 17 236 76 , id of predecessor=214 35 194 29 
2025-02-07 03:34:53 FATAL 228 17 236 76 :379  - The rare situation has occured at time 1738917293028, id to look up=203 78 82 8 , id of local node=228 17 236 76 , id of predecessor=214 35 194 29 
2025-02-07 03:35:13 FATAL 228 17 236 76 :379  - The rare situation has occured at time 1738917313479, id to look up=119 222 104 218 , id of local node=228 17 236 76 , id of predecessor=214 35 194 29 
2025-02-07 03:35:14 FATAL 228 17 236 76 :379  - The rare situation has occured at time 1738917314571, id to look up=172 52 120 214 , id of local node=228 17 236 76 , id of predecessor=214 35 194 29 
2025-02-07 03:35:14 FATAL 228 17 236 76 :379  - The rare situation has occured at time 1738917314780, id to look up=193 223 217 110 , id of local node=228 17 236 76 , id of predecessor=214 35 194 29 
2025-02-07 03:35:15 FATAL 228 17 236 76 :379  - The rare situation has occured at time 1738917315441, id to look up=177 213 120 17 , id of local node=228 17 236 76 , id of predecessor=214 35 194 29 
2025-02-07 03:35:15 FATAL 228 17 236 76 :379  - The rare situation has occured at time 1738917315853, id to look up=123 82 0 155 , id of local node=228 17 236 76 , id of predecessor=214 35 194 29 
2025-02-07 03:35:16 FATAL 228 17 236 76 :379  - The rare situation has occured at time 1738917316071, id to look up=189 48 122 62 , id of local node=228 17 236 76 , id of predecessor=214 35 194 29 
2025-02-07 03:35:17 FATAL 228 17 236 76 :379  - The rare situation has occured at time 1738917317080, id to look up=158 106 85 182 , id of local node=228 17 236 76 , id of predecessor=214 35 194 29 
2025-02-07 03:35:17 FATAL 228 17 236 76 :379  - The rare situation has occured at time 1738917317469, id to look up=179 240 199 246 , id of local node=228 17 236 76 , id of predecessor=214 35 194 29 
2025-02-07 03:35:18 FATAL 228 17 236 76 :379  - The rare situation has occured at time 1738917318361, id to look up=212 53 166 205 , id of local node=228 17 236 76 , id of predecessor=214 35 194 29 
2025-02-07 03:35:18 FATAL 228 17 236 76 :379  - The rare situation has occured at time 1738917318610, id to look up=77 19 75 192 , id of local node=228 17 236 76 , id of predecessor=214 35 194 29 
2025-02-07 03:35:19 FATAL 228 17 236 76 :379  - The rare situation has occured at time 1738917319101, id to look up=188 51 234 78 , id of local node=228 17 236 76 , id of predecessor=214 35 194 29 
2025-02-07 03:35:19 FATAL 228 17 236 76 :379  - The rare situation has occured at time 1738917319880, id to look up=119 25 161 199 , id of local node=228 17 236 76 , id of predecessor=214 35 194 29 
2025-02-07 03:35:20 FATAL 228 17 236 76 :379  - The rare situation has occured at time 1738917320511, id to look up=203 78 82 8 , id of local node=228 17 236 76 , id of predecessor=214 35 194 29 
2025-02-07 03:37:27 FATAL 228 17 236 76 :379  - The rare situation has occured at time 1738917447497, id to look up=119 222 104 218 , id of local node=228 17 236 76 , id of predecessor=214 35 194 29 
2025-02-07 03:37:28 FATAL 228 17 236 76 :379  - The rare situation has occured at time 1738917448308, id to look up=172 52 120 214 , id of local node=228 17 236 76 , id of predecessor=214 35 194 29 
2025-02-07 03:37:28 FATAL 228 17 236 76 :379  - The rare situation has occured at time 1738917448526, id to look up=193 223 217 110 , id of local node=228 17 236 76 , id of predecessor=214 35 194 29 
2025-02-07 03:37:29 FATAL 228 17 236 76 :379  - The rare situation has occured at time 1738917449138, id to look up=177 213 120 17 , id of local node=228 17 236 76 , id of predecessor=214 35 194 29 
2025-02-07 03:37:29 FATAL 228 17 236 76 :379  - The rare situation has occured at time 1738917449559, id to look up=123 82 0 155 , id of local node=228 17 236 76 , id of predecessor=214 35 194 29 
2025-02-07 03:37:29 FATAL 228 17 236 76 :379  - The rare situation has occured at time 1738917449778, id to look up=189 48 122 62 , id of local node=228 17 236 76 , id of predecessor=214 35 194 29 
2025-02-07 03:37:30 FATAL 228 17 236 76 :379  - The rare situation has occured at time 1738917450817, id to look up=158 106 85 182 , id of local node=228 17 236 76 , id of predecessor=214 35 194 29 
2025-02-07 03:37:31 FATAL 228 17 236 76 :379  - The rare situation has occured at time 1738917451187, id to look up=179 240 199 246 , id of local node=228 17 236 76 , id of predecessor=214 35 194 29 
2025-02-07 03:37:32 FATAL 228 17 236 76 :379  - The rare situation has occured at time 1738917452058, id to look up=212 53 166 205 , id of local node=228 17 236 76 , id of predecessor=214 35 194 29 
2025-02-07 03:37:32 FATAL 228 17 236 76 :379  - The rare situation has occured at time 1738917452316, id to look up=77 19 75 192 , id of local node=228 17 236 76 , id of predecessor=214 35 194 29 
2025-02-07 03:37:32 FATAL 228 17 236 76 :379  - The rare situation has occured at time 1738917452808, id to look up=188 51 234 78 , id of local node=228 17 236 76 , id of predecessor=214 35 194 29 
2025-02-07 03:37:33 FATAL 228 17 236 76 :379  - The rare situation has occured at time 1738917453516, id to look up=119 25 161 199 , id of local node=228 17 236 76 , id of predecessor=214 35 194 29 
2025-02-07 03:37:34 FATAL 228 17 236 76 :379  - The rare situation has occured at time 1738917454138, id to look up=203 78 82 8 , id of local node=228 17 236 76 , id of predecessor=214 35 194 29 
2025-02-07 03:38:17 FATAL 228 17 236 76 :379  - The rare situation has occured at time 1738917497238, id to look up=119 222 104 218 , id of local node=228 17 236 76 , id of predecessor=214 35 194 29 
2025-02-07 03:38:18 FATAL 228 17 236 76 :379  - The rare situation has occured at time 1738917498020, id to look up=172 52 120 214 , id of local node=228 17 236 76 , id of predecessor=214 35 194 29 
2025-02-07 03:38:18 FATAL 228 17 236 76 :379  - The rare situation has occured at time 1738917498249, id to look up=193 223 217 110 , id of local node=228 17 236 76 , id of predecessor=214 35 194 29 
2025-02-07 03:38:18 FATAL 228 17 236 76 :379  - The rare situation has occured at time 1738917498870, id to look up=177 213 120 17 , id of local node=228 17 236 76 , id of predecessor=214 35 194 29 
2025-02-07 03:38:19 FATAL 228 17 236 76 :379  - The rare situation has occured at time 1738917499311, id to look up=123 82 0 155 , id of local node=228 17 236 76 , id of predecessor=214 35 194 29 
2025-02-07 03:38:19 FATAL 228 17 236 76 :379  - The rare situation has occured at time 1738917499530, id to look up=189 48 122 62 , id of local node=228 17 236 76 , id of predecessor=214 35 194 29 
2025-02-07 03:38:20 FATAL 228 17 236 76 :379  - The rare situation has occured at time 1738917500518, id to look up=158 106 85 182 , id of local node=228 17 236 76 , id of predecessor=214 35 194 29 
2025-02-07 03:38:20 FATAL 228 17 236 76 :379  - The rare situation has occured at time 1738917500889, id to look up=179 240 199 246 , id of local node=228 17 236 76 , id of predecessor=214 35 194 29 
2025-02-07 03:38:21 FATAL 228 17 236 76 :379  - The rare situation has occured at time 1738917501780, id to look up=212 53 166 205 , id of local node=228 17 236 76 , id of predecessor=214 35 194 29 
2025-02-07 03:38:22 FATAL 228 17 236 76 :379  - The rare situation has occured at time 1738917502028, id to look up=77 19 75 192 , id of local node=228 17 236 76 , id of predecessor=214 35 194 29 
2025-02-07 03:38:22 FATAL 228 17 236 76 :379  - The rare situation has occured at time 1738917502500, id to look up=188 51 234 78 , id of local node=228 17 236 76 , id of predecessor=214 35 194 29 
2025-02-07 03:38:23 FATAL 228 17 236 76 :379  - The rare situation has occured at time 1738917503228, id to look up=119 25 161 199 , id of local node=228 17 236 76 , id of predecessor=214 35 194 29 
2025-02-07 03:38:23 FATAL 228 17 236 76 :379  - The rare situation has occured at time 1738917503860, id to look up=203 78 82 8 , id of local node=228 17 236 76 , id of predecessor=214 35 194 29 
