2025-02-07 03:33:00 WARN  OpenChordTest:203  - Peer joined at ocsocket://localhost:8109/ via ocsocket://localhost:8080/
2025-02-07 03:33:01 WARN  OpenChordTest:58  - Insert time for key 29 = 1622 ms
2025-02-07 03:33:01 WARN  OpenChordTest:60  - Inserted (29, default)
2025-02-07 03:33:01 WARN  OpenChordTest:64  - Memory usage at ocsocket://localhost:8109/ = 8 MB
2025-02-07 03:33:54 FATAL 210 68 241 41 :379  - The rare situation has occured at time 1738917234196, id to look up=119 222 104 218 , id of local node=210 68 241 41 , id of predecessor=207 46 52 205 
2025-02-07 03:33:55 FATAL 210 68 241 41 :379  - The rare situation has occured at time 1738917235616, id to look up=172 52 120 214 , id of local node=210 68 241 41 , id of predecessor=207 46 52 205 
2025-02-07 03:33:56 FATAL 210 68 241 41 :379  - The rare situation has occured at time 1738917236082, id to look up=193 223 217 110 , id of local node=210 68 241 41 , id of predecessor=207 46 52 205 
2025-02-07 03:33:56 FATAL 210 68 241 41 :379  - The rare situation has occured at time 1738917236607, id to look up=177 213 120 17 , id of local node=210 68 241 41 , id of predecessor=207 46 52 205 
2025-02-07 03:33:56 FATAL 210 68 241 41 :379  - The rare situation has occured at time 1738917236733, id to look up=123 82 0 155 , id of local node=210 68 241 41 , id of predecessor=207 46 52 205 
2025-02-07 03:33:56 FATAL 210 68 241 41 :379  - The rare situation has occured at time 1738917236903, id to look up=189 48 122 62 , id of local node=210 68 241 41 , id of predecessor=207 46 52 205 
2025-02-07 03:33:57 FATAL 210 68 241 41 :379  - The rare situation has occured at time 1738917237788, id to look up=158 106 85 182 , id of local node=210 68 241 41 , id of predecessor=207 46 52 205 
2025-02-07 03:33:58 FATAL 210 68 241 41 :379  - The rare situation has occured at time 1738917238052, id to look up=179 240 199 246 , id of local node=210 68 241 41 , id of predecessor=207 46 52 205 
2025-02-07 03:33:58 FATAL 210 68 241 41 :379  - The rare situation has occured at time 1738917238629, id to look up=77 19 75 192 , id of local node=210 68 241 41 , id of predecessor=207 46 52 205 
2025-02-07 03:33:59 FATAL 210 68 241 41 :379  - The rare situation has occured at time 1738917239512, id to look up=188 51 234 78 , id of local node=210 68 241 41 , id of predecessor=207 46 52 205 
2025-02-07 03:33:59 FATAL 210 68 241 41 :379  - The rare situation has occured at time 1738917239997, id to look up=119 25 161 199 , id of local node=210 68 241 41 , id of predecessor=207 46 52 205 
2025-02-07 03:34:00 FATAL 210 68 241 41 :379  - The rare situation has occured at time 1738917240711, id to look up=203 78 82 8 , id of local node=210 68 241 41 , id of predecessor=207 46 52 205 
2025-02-07 03:34:47 FATAL 210 68 241 41 :379  - The rare situation has occured at time 1738917287206, id to look up=119 222 104 218 , id of local node=210 68 241 41 , id of predecessor=207 46 52 205 
2025-02-07 03:34:47 FATAL 210 68 241 41 :379  - The rare situation has occured at time 1738917287970, id to look up=172 52 120 214 , id of local node=210 68 241 41 , id of predecessor=207 46 52 205 
2025-02-07 03:34:48 FATAL 210 68 241 41 :379  - The rare situation has occured at time 1738917288406, id to look up=193 223 217 110 , id of local node=210 68 241 41 , id of predecessor=207 46 52 205 
2025-02-07 03:34:48 FATAL 210 68 241 41 :379  - The rare situation has occured at time 1738917288931, id to look up=177 213 120 17 , id of local node=210 68 241 41 , id of predecessor=207 46 52 205 
2025-02-07 03:34:49 FATAL 210 68 241 41 :379  - The rare situation has occured at time 1738917289611, id to look up=123 82 0 155 , id of local node=210 68 241 41 , id of predecessor=207 46 52 205 
2025-02-07 03:34:49 FATAL 210 68 241 41 :379  - The rare situation has occured at time 1738917289771, id to look up=189 48 122 62 , id of local node=210 68 241 41 , id of predecessor=207 46 52 205 
2025-02-07 03:34:50 FATAL 210 68 241 41 :379  - The rare situation has occured at time 1738917290606, id to look up=158 106 85 182 , id of local node=210 68 241 41 , id of predecessor=207 46 52 205 
2025-02-07 03:34:50 FATAL 210 68 241 41 :379  - The rare situation has occured at time 1738917290871, id to look up=179 240 199 246 , id of local node=210 68 241 41 , id of predecessor=207 46 52 205 
2025-02-07 03:34:51 FATAL 210 68 241 41 :379  - The rare situation has occured at time 1738917291437, id to look up=77 19 75 192 , id of local node=210 68 241 41 , id of predecessor=207 46 52 205 
2025-02-07 03:34:52 FATAL 210 68 241 41 :379  - The rare situation has occured at time 1738917292000, id to look up=188 51 234 78 , id of local node=210 68 241 41 , id of predecessor=207 46 52 205 
2025-02-07 03:34:52 FATAL 210 68 241 41 :379  - The rare situation has occured at time 1738917292486, id to look up=119 25 161 199 , id of local node=210 68 241 41 , id of predecessor=207 46 52 205 
2025-02-07 03:34:53 FATAL 210 68 241 41 :379  - The rare situation has occured at time 1738917293031, id to look up=203 78 82 8 , id of local node=210 68 241 41 , id of predecessor=207 46 52 205 
2025-02-07 03:35:13 FATAL 210 68 241 41 :379  - The rare situation has occured at time 1738917313630, id to look up=119 222 104 218 , id of local node=210 68 241 41 , id of predecessor=207 46 52 205 
2025-02-07 03:35:14 FATAL 210 68 241 41 :379  - The rare situation has occured at time 1738917314573, id to look up=172 52 120 214 , id of local node=210 68 241 41 , id of predecessor=207 46 52 205 
2025-02-07 03:35:14 FATAL 210 68 241 41 :379  - The rare situation has occured at time 1738917314929, id to look up=193 223 217 110 , id of local node=210 68 241 41 , id of predecessor=207 46 52 205 
2025-02-07 03:35:15 FATAL 210 68 241 41 :379  - The rare situation has occured at time 1738917315443, id to look up=177 213 120 17 , id of local node=210 68 241 41 , id of predecessor=207 46 52 205 
2025-02-07 03:35:15 FATAL 210 68 241 41 :379  - The rare situation has occured at time 1738917315855, id to look up=123 82 0 155 , id of local node=210 68 241 41 , id of predecessor=207 46 52 205 
2025-02-07 03:35:16 FATAL 210 68 241 41 :379  - The rare situation has occured at time 1738917316073, id to look up=189 48 122 62 , id of local node=210 68 241 41 , id of predecessor=207 46 52 205 
2025-02-07 03:35:17 FATAL 210 68 241 41 :379  - The rare situation has occured at time 1738917317239, id to look up=158 106 85 182 , id of local node=210 68 241 41 , id of predecessor=207 46 52 205 
2025-02-07 03:35:17 FATAL 210 68 241 41 :379  - The rare situation has occured at time 1738917317471, id to look up=179 240 199 246 , id of local node=210 68 241 41 , id of predecessor=207 46 52 205 
2025-02-07 03:35:18 FATAL 210 68 241 41 :379  - The rare situation has occured at time 1738917318661, id to look up=77 19 75 192 , id of local node=210 68 241 41 , id of predecessor=207 46 52 205 
2025-02-07 03:35:19 FATAL 210 68 241 41 :379  - The rare situation has occured at time 1738917319103, id to look up=188 51 234 78 , id of local node=210 68 241 41 , id of predecessor=207 46 52 205 
2025-02-07 03:35:20 FATAL 210 68 241 41 :379  - The rare situation has occured at time 1738917320029, id to look up=119 25 161 199 , id of local node=210 68 241 41 , id of predecessor=207 46 52 205 
2025-02-07 03:35:20 FATAL 210 68 241 41 :379  - The rare situation has occured at time 1738917320514, id to look up=203 78 82 8 , id of local node=210 68 241 41 , id of predecessor=207 46 52 205 
2025-02-07 03:37:27 FATAL 210 68 241 41 :379  - The rare situation has occured at time 1738917447656, id to look up=119 222 104 218 , id of local node=210 68 241 41 , id of predecessor=207 46 52 205 
2025-02-07 03:37:28 FATAL 210 68 241 41 :379  - The rare situation has occured at time 1738917448310, id to look up=172 52 120 214 , id of local node=210 68 241 41 , id of predecessor=207 46 52 205 
2025-02-07 03:37:28 FATAL 210 68 241 41 :379  - The rare situation has occured at time 1738917448676, id to look up=193 223 217 110 , id of local node=210 68 241 41 , id of predecessor=207 46 52 205 
2025-02-07 03:37:29 FATAL 210 68 241 41 :379  - The rare situation has occured at time 1738917449140, id to look up=177 213 120 17 , id of local node=210 68 241 41 , id of predecessor=207 46 52 205 
2025-02-07 03:37:29 FATAL 210 68 241 41 :379  - The rare situation has occured at time 1738917449561, id to look up=123 82 0 155 , id of local node=210 68 241 41 , id of predecessor=207 46 52 205 
2025-02-07 03:37:29 FATAL 210 68 241 41 :379  - The rare situation has occured at time 1738917449780, id to look up=189 48 122 62 , id of local node=210 68 241 41 , id of predecessor=207 46 52 205 
2025-02-07 03:37:30 FATAL 210 68 241 41 :379  - The rare situation has occured at time 1738917450976, id to look up=158 106 85 182 , id of local node=210 68 241 41 , id of predecessor=207 46 52 205 
2025-02-07 03:37:31 FATAL 210 68 241 41 :379  - The rare situation has occured at time 1738917451189, id to look up=179 240 199 246 , id of local node=210 68 241 41 , id of predecessor=207 46 52 205 
2025-02-07 03:37:32 FATAL 210 68 241 41 :379  - The rare situation has occured at time 1738917452367, id to look up=77 19 75 192 , id of local node=210 68 241 41 , id of predecessor=207 46 52 205 
2025-02-07 03:37:32 FATAL 210 68 241 41 :379  - The rare situation has occured at time 1738917452811, id to look up=188 51 234 78 , id of local node=210 68 241 41 , id of predecessor=207 46 52 205 
2025-02-07 03:37:33 FATAL 210 68 241 41 :379  - The rare situation has occured at time 1738917453666, id to look up=119 25 161 199 , id of local node=210 68 241 41 , id of predecessor=207 46 52 205 
2025-02-07 03:37:34 FATAL 210 68 241 41 :379  - The rare situation has occured at time 1738917454140, id to look up=203 78 82 8 , id of local node=210 68 241 41 , id of predecessor=207 46 52 205 
2025-02-07 03:38:17 FATAL 210 68 241 41 :379  - The rare situation has occured at time 1738917497388, id to look up=119 222 104 218 , id of local node=210 68 241 41 , id of predecessor=207 46 52 205 
2025-02-07 03:38:18 FATAL 210 68 241 41 :379  - The rare situation has occured at time 1738917498022, id to look up=172 52 120 214 , id of local node=210 68 241 41 , id of predecessor=207 46 52 205 
2025-02-07 03:38:18 FATAL 210 68 241 41 :379  - The rare situation has occured at time 1738917498408, id to look up=193 223 217 110 , id of local node=210 68 241 41 , id of predecessor=207 46 52 205 
2025-02-07 03:38:18 FATAL 210 68 241 41 :379  - The rare situation has occured at time 1738917498871, id to look up=177 213 120 17 , id of local node=210 68 241 41 , id of predecessor=207 46 52 205 
2025-02-07 03:38:19 FATAL 210 68 241 41 :379  - The rare situation has occured at time 1738917499313, id to look up=123 82 0 155 , id of local node=210 68 241 41 , id of predecessor=207 46 52 205 
2025-02-07 03:38:19 FATAL 210 68 241 41 :379  - The rare situation has occured at time 1738917499532, id to look up=189 48 122 62 , id of local node=210 68 241 41 , id of predecessor=207 46 52 205 
2025-02-07 03:38:20 FATAL 210 68 241 41 :379  - The rare situation has occured at time 1738917500668, id to look up=158 106 85 182 , id of local node=210 68 241 41 , id of predecessor=207 46 52 205 
2025-02-07 03:38:20 FATAL 210 68 241 41 :379  - The rare situation has occured at time 1738917500891, id to look up=179 240 199 246 , id of local node=210 68 241 41 , id of predecessor=207 46 52 205 
2025-02-07 03:38:22 FATAL 210 68 241 41 :379  - The rare situation has occured at time 1738917502079, id to look up=77 19 75 192 , id of local node=210 68 241 41 , id of predecessor=207 46 52 205 
2025-02-07 03:38:22 FATAL 210 68 241 41 :379  - The rare situation has occured at time 1738917502502, id to look up=188 51 234 78 , id of local node=210 68 241 41 , id of predecessor=207 46 52 205 
2025-02-07 03:38:23 FATAL 210 68 241 41 :379  - The rare situation has occured at time 1738917503378, id to look up=119 25 161 199 , id of local node=210 68 241 41 , id of predecessor=207 46 52 205 
2025-02-07 03:38:23 FATAL 210 68 241 41 :379  - The rare situation has occured at time 1738917503862, id to look up=203 78 82 8 , id of local node=210 68 241 41 , id of predecessor=207 46 52 205 
