2025-02-07 03:32:04 WARN  OpenChordTest:203  - Peer joined at ocsocket://localhost:8083/ via ocsocket://localhost:8080/
2025-02-07 03:32:05 WARN  OpenChordTest:58  - Insert time for key 3 = 198 ms
2025-02-07 03:32:05 WARN  OpenChordTest:60  - Inserted (3, default)
2025-02-07 03:32:05 WARN  OpenChordTest:64  - Memory usage at ocsocket://localhost:8083/ = 14 MB
2025-02-07 03:33:54 FATAL 254 78 41 228 :379  - The rare situation has occured at time 1738917234145, id to look up=119 222 104 218 , id of local node=254 78 41 228 , id of predecessor=246 204 157 173 
2025-02-07 03:33:55 FATAL 254 78 41 228 :379  - The rare situation has occured at time 1738917235611, id to look up=172 52 120 214 , id of local node=254 78 41 228 , id of predecessor=246 204 157 173 
2025-02-07 03:33:55 FATAL 254 78 41 228 :379  - The rare situation has occured at time 1738917235771, id to look up=193 223 217 110 , id of local node=254 78 41 228 , id of predecessor=246 204 157 173 
2025-02-07 03:33:56 FATAL 254 78 41 228 :379  - The rare situation has occured at time 1738917236602, id to look up=177 213 120 17 , id of local node=254 78 41 228 , id of predecessor=246 204 157 173 
2025-02-07 03:33:56 FATAL 254 78 41 228 :379  - The rare situation has occured at time 1738917236728, id to look up=123 82 0 155 , id of local node=254 78 41 228 , id of predecessor=246 204 157 173 
2025-02-07 03:33:56 FATAL 254 78 41 228 :379  - The rare situation has occured at time 1738917236898, id to look up=189 48 122 62 , id of local node=254 78 41 228 , id of predecessor=246 204 157 173 
2025-02-07 03:33:57 FATAL 254 78 41 228 :379  - The rare situation has occured at time 1738917237457, id to look up=158 106 85 182 , id of local node=254 78 41 228 , id of predecessor=246 204 157 173 
2025-02-07 03:33:58 FATAL 254 78 41 228 :379  - The rare situation has occured at time 1738917238048, id to look up=179 240 199 246 , id of local node=254 78 41 228 , id of predecessor=246 204 157 173 
2025-02-07 03:33:58 FATAL 254 78 41 228 :379  - The rare situation has occured at time 1738917238533, id to look up=77 19 75 192 , id of local node=254 78 41 228 , id of predecessor=246 204 157 173 
2025-02-07 03:33:59 FATAL 254 78 41 228 :379  - The rare situation has occured at time 1738917239507, id to look up=188 51 234 78 , id of local node=254 78 41 228 , id of predecessor=246 204 157 173 
2025-02-07 03:33:59 FATAL 254 78 41 228 :379  - The rare situation has occured at time 1738917239685, id to look up=119 25 161 199 , id of local node=254 78 41 228 , id of predecessor=246 204 157 173 
2025-02-07 03:34:00 FATAL 254 78 41 228 :379  - The rare situation has occured at time 1738917240707, id to look up=203 78 82 8 , id of local node=254 78 41 228 , id of predecessor=246 204 157 173 
2025-02-07 03:34:46 FATAL 254 78 41 228 :379  - The rare situation has occured at time 1738917286911, id to look up=119 222 104 218 , id of local node=254 78 41 228 , id of predecessor=246 204 157 173 
2025-02-07 03:34:47 FATAL 254 78 41 228 :379  - The rare situation has occured at time 1738917287966, id to look up=172 52 120 214 , id of local node=254 78 41 228 , id of predecessor=246 204 157 173 
2025-02-07 03:34:48 FATAL 254 78 41 228 :379  - The rare situation has occured at time 1738917288086, id to look up=193 223 217 110 , id of local node=254 78 41 228 , id of predecessor=246 204 157 173 
2025-02-07 03:34:48 FATAL 254 78 41 228 :379  - The rare situation has occured at time 1738917288927, id to look up=177 213 120 17 , id of local node=254 78 41 228 , id of predecessor=246 204 157 173 
2025-02-07 03:34:49 FATAL 254 78 41 228 :379  - The rare situation has occured at time 1738917289607, id to look up=123 82 0 155 , id of local node=254 78 41 228 , id of predecessor=246 204 157 173 
2025-02-07 03:34:49 FATAL 254 78 41 228 :379  - The rare situation has occured at time 1738917289767, id to look up=189 48 122 62 , id of local node=254 78 41 228 , id of predecessor=246 204 157 173 
2025-02-07 03:34:50 FATAL 254 78 41 228 :379  - The rare situation has occured at time 1738917290286, id to look up=158 106 85 182 , id of local node=254 78 41 228 , id of predecessor=246 204 157 173 
2025-02-07 03:34:50 FATAL 254 78 41 228 :379  - The rare situation has occured at time 1738917290867, id to look up=179 240 199 246 , id of local node=254 78 41 228 , id of predecessor=246 204 157 173 
2025-02-07 03:34:51 FATAL 254 78 41 228 :379  - The rare situation has occured at time 1738917291343, id to look up=77 19 75 192 , id of local node=254 78 41 228 , id of predecessor=246 204 157 173 
2025-02-07 03:34:51 FATAL 254 78 41 228 :379  - The rare situation has occured at time 1738917291996, id to look up=188 51 234 78 , id of local node=254 78 41 228 , id of predecessor=246 204 157 173 
2025-02-07 03:34:52 FATAL 254 78 41 228 :379  - The rare situation has occured at time 1738917292184, id to look up=119 25 161 199 , id of local node=254 78 41 228 , id of predecessor=246 204 157 173 
2025-02-07 03:34:53 FATAL 254 78 41 228 :379  - The rare situation has occured at time 1738917293026, id to look up=203 78 82 8 , id of local node=254 78 41 228 , id of predecessor=246 204 157 173 
2025-02-07 03:35:13 FATAL 254 78 41 228 :379  - The rare situation has occured at time 1738917313010, id to look up=218 75 146 55 , id of local node=254 78 41 228 , id of predecessor=246 204 157 173 
2025-02-07 03:35:13 FATAL 254 78 41 228 :379  - The rare situation has occured at time 1738917313425, id to look up=119 222 104 218 , id of local node=254 78 41 228 , id of predecessor=246 204 157 173 
2025-02-07 03:35:14 FATAL 254 78 41 228 :379  - The rare situation has occured at time 1738917314569, id to look up=172 52 120 214 , id of local node=254 78 41 228 , id of predecessor=246 204 157 173 
2025-02-07 03:35:14 FATAL 254 78 41 228 :379  - The rare situation has occured at time 1738917314630, id to look up=193 223 217 110 , id of local node=254 78 41 228 , id of predecessor=246 204 157 173 
2025-02-07 03:35:15 FATAL 254 78 41 228 :379  - The rare situation has occured at time 1738917315439, id to look up=177 213 120 17 , id of local node=254 78 41 228 , id of predecessor=246 204 157 173 
2025-02-07 03:35:15 FATAL 254 78 41 228 :379  - The rare situation has occured at time 1738917315851, id to look up=123 82 0 155 , id of local node=254 78 41 228 , id of predecessor=246 204 157 173 
2025-02-07 03:35:16 FATAL 254 78 41 228 :379  - The rare situation has occured at time 1738917316069, id to look up=189 48 122 62 , id of local node=254 78 41 228 , id of predecessor=246 204 157 173 
2025-02-07 03:35:16 FATAL 254 78 41 228 :379  - The rare situation has occured at time 1738917316249, id to look up=241 171 214 112 , id of local node=254 78 41 228 , id of predecessor=246 204 157 173 
2025-02-07 03:35:16 FATAL 254 78 41 228 :379  - The rare situation has occured at time 1738917316980, id to look up=158 106 85 182 , id of local node=254 78 41 228 , id of predecessor=246 204 157 173 
2025-02-07 03:35:17 FATAL 254 78 41 228 :379  - The rare situation has occured at time 1738917317467, id to look up=179 240 199 246 , id of local node=254 78 41 228 , id of predecessor=246 204 157 173 
2025-02-07 03:35:18 FATAL 254 78 41 228 :379  - The rare situation has occured at time 1738917318359, id to look up=212 53 166 205 , id of local node=254 78 41 228 , id of predecessor=246 204 157 173 
2025-02-07 03:35:18 FATAL 254 78 41 228 :379  - The rare situation has occured at time 1738917318462, id to look up=77 19 75 192 , id of local node=254 78 41 228 , id of predecessor=246 204 157 173 
2025-02-07 03:35:19 FATAL 254 78 41 228 :379  - The rare situation has occured at time 1738917319099, id to look up=188 51 234 78 , id of local node=254 78 41 228 , id of predecessor=246 204 157 173 
2025-02-07 03:35:19 FATAL 254 78 41 228 :379  - The rare situation has occured at time 1738917319731, id to look up=119 25 161 199 , id of local node=254 78 41 228 , id of predecessor=246 204 157 173 
2025-02-07 03:35:20 FATAL 254 78 41 228 :379  - The rare situation has occured at time 1738917320509, id to look up=203 78 82 8 , id of local node=254 78 41 228 , id of predecessor=246 204 157 173 
2025-02-07 03:37:27 FATAL 254 78 41 228 :379  - The rare situation has occured at time 1738917447036, id to look up=218 75 146 55 , id of local node=254 78 41 228 , id of predecessor=246 204 157 173 
2025-02-07 03:37:27 FATAL 254 78 41 228 :379  - The rare situation has occured at time 1738917447451, id to look up=119 222 104 218 , id of local node=254 78 41 228 , id of predecessor=246 204 157 173 
2025-02-07 03:37:28 FATAL 254 78 41 228 :379  - The rare situation has occured at time 1738917448306, id to look up=172 52 120 214 , id of local node=254 78 41 228 , id of predecessor=246 204 157 173 
2025-02-07 03:37:28 FATAL 254 78 41 228 :379  - The rare situation has occured at time 1738917448366, id to look up=193 223 217 110 , id of local node=254 78 41 228 , id of predecessor=246 204 157 173 
2025-02-07 03:37:29 FATAL 254 78 41 228 :379  - The rare situation has occured at time 1738917449136, id to look up=177 213 120 17 , id of local node=254 78 41 228 , id of predecessor=246 204 157 173 
2025-02-07 03:37:29 FATAL 254 78 41 228 :379  - The rare situation has occured at time 1738917449557, id to look up=123 82 0 155 , id of local node=254 78 41 228 , id of predecessor=246 204 157 173 
2025-02-07 03:37:29 FATAL 254 78 41 228 :379  - The rare situation has occured at time 1738917449776, id to look up=189 48 122 62 , id of local node=254 78 41 228 , id of predecessor=246 204 157 173 
2025-02-07 03:37:29 FATAL 254 78 41 228 :379  - The rare situation has occured at time 1738917449946, id to look up=241 171 214 112 , id of local node=254 78 41 228 , id of predecessor=246 204 157 173 
2025-02-07 03:37:30 FATAL 254 78 41 228 :379  - The rare situation has occured at time 1738917450706, id to look up=158 106 85 182 , id of local node=254 78 41 228 , id of predecessor=246 204 157 173 
2025-02-07 03:37:31 FATAL 254 78 41 228 :379  - The rare situation has occured at time 1738917451185, id to look up=179 240 199 246 , id of local node=254 78 41 228 , id of predecessor=246 204 157 173 
2025-02-07 03:37:32 FATAL 254 78 41 228 :379  - The rare situation has occured at time 1738917452056, id to look up=212 53 166 205 , id of local node=254 78 41 228 , id of predecessor=246 204 157 173 
2025-02-07 03:37:32 FATAL 254 78 41 228 :379  - The rare situation has occured at time 1738917452169, id to look up=77 19 75 192 , id of local node=254 78 41 228 , id of predecessor=246 204 157 173 
2025-02-07 03:37:32 FATAL 254 78 41 228 :379  - The rare situation has occured at time 1738917452806, id to look up=188 51 234 78 , id of local node=254 78 41 228 , id of predecessor=246 204 157 173 
2025-02-07 03:37:33 FATAL 254 78 41 228 :379  - The rare situation has occured at time 1738917453369, id to look up=119 25 161 199 , id of local node=254 78 41 228 , id of predecessor=246 204 157 173 
2025-02-07 03:37:34 FATAL 254 78 41 228 :379  - The rare situation has occured at time 1738917454136, id to look up=203 78 82 8 , id of local node=254 78 41 228 , id of predecessor=246 204 157 173 
2025-02-07 03:38:16 FATAL 254 78 41 228 :379  - The rare situation has occured at time 1738917496778, id to look up=218 75 146 55 , id of local node=254 78 41 228 , id of predecessor=246 204 157 173 
2025-02-07 03:38:17 FATAL 254 78 41 228 :379  - The rare situation has occured at time 1738917497192, id to look up=119 222 104 218 , id of local node=254 78 41 228 , id of predecessor=246 204 157 173 
2025-02-07 03:38:18 FATAL 254 78 41 228 :379  - The rare situation has occured at time 1738917498018, id to look up=172 52 120 214 , id of local node=254 78 41 228 , id of predecessor=246 204 157 173 
2025-02-07 03:38:18 FATAL 254 78 41 228 :379  - The rare situation has occured at time 1738917498078, id to look up=193 223 217 110 , id of local node=254 78 41 228 , id of predecessor=246 204 157 173 
2025-02-07 03:38:18 FATAL 254 78 41 228 :379  - The rare situation has occured at time 1738917498868, id to look up=177 213 120 17 , id of local node=254 78 41 228 , id of predecessor=246 204 157 173 
2025-02-07 03:38:19 FATAL 254 78 41 228 :379  - The rare situation has occured at time 1738917499309, id to look up=123 82 0 155 , id of local node=254 78 41 228 , id of predecessor=246 204 157 173 
2025-02-07 03:38:19 FATAL 254 78 41 228 :379  - The rare situation has occured at time 1738917499528, id to look up=189 48 122 62 , id of local node=254 78 41 228 , id of predecessor=246 204 157 173 
2025-02-07 03:38:19 FATAL 254 78 41 228 :379  - The rare situation has occured at time 1738917499708, id to look up=241 171 214 112 , id of local node=254 78 41 228 , id of predecessor=246 204 157 173 
2025-02-07 03:38:20 FATAL 254 78 41 228 :379  - The rare situation has occured at time 1738917500418, id to look up=158 106 85 182 , id of local node=254 78 41 228 , id of predecessor=246 204 157 173 
2025-02-07 03:38:20 FATAL 254 78 41 228 :379  - The rare situation has occured at time 1738917500887, id to look up=179 240 199 246 , id of local node=254 78 41 228 , id of predecessor=246 204 157 173 
2025-02-07 03:38:21 FATAL 254 78 41 228 :379  - The rare situation has occured at time 1738917501778, id to look up=212 53 166 205 , id of local node=254 78 41 228 , id of predecessor=246 204 157 173 
2025-02-07 03:38:21 FATAL 254 78 41 228 :379  - The rare situation has occured at time 1738917501880, id to look up=77 19 75 192 , id of local node=254 78 41 228 , id of predecessor=246 204 157 173 
2025-02-07 03:38:22 FATAL 254 78 41 228 :379  - The rare situation has occured at time 1738917502498, id to look up=188 51 234 78 , id of local node=254 78 41 228 , id of predecessor=246 204 157 173 
2025-02-07 03:38:23 FATAL 254 78 41 228 :379  - The rare situation has occured at time 1738917503080, id to look up=119 25 161 199 , id of local node=254 78 41 228 , id of predecessor=246 204 157 173 
2025-02-07 03:38:23 FATAL 254 78 41 228 :379  - The rare situation has occured at time 1738917503858, id to look up=203 78 82 8 , id of local node=254 78 41 228 , id of predecessor=246 204 157 173 
