2025-02-07 03:06:56 WARN  OpenChordTest:203  - Peer joined at ocsocket://localhost:8096/ via ocsocket://localhost:8080/
2025-02-07 03:06:56 WARN  OpenChordTest:58  - Insert time for key 16 = 300 ms
2025-02-07 03:06:56 WARN  OpenChordTest:60  - Inserted (16, default)
2025-02-07 03:06:56 WARN  OpenChordTest:64  - Memory usage at ocsocket://localhost:8096/ = 18 MB
2025-02-07 03:09:45 FATAL 207 46 52 205 :379  - The rare situation has occured at time 1738915785060, id to look up=119 222 104 218 , id of local node=207 46 52 205 , id of predecessor=204 191 22 172 
2025-02-07 03:09:46 FATAL 207 46 52 205 :379  - The rare situation has occured at time 1738915786538, id to look up=172 52 120 214 , id of local node=207 46 52 205 , id of predecessor=204 191 22 172 
2025-02-07 03:09:47 FATAL 207 46 52 205 :379  - The rare situation has occured at time 1738915787062, id to look up=193 223 217 110 , id of local node=207 46 52 205 , id of predecessor=204 191 22 172 
2025-02-07 03:09:48 FATAL 207 46 52 205 :379  - The rare situation has occured at time 1738915788009, id to look up=177 213 120 17 , id of local node=207 46 52 205 , id of predecessor=204 191 22 172 
2025-02-07 03:09:48 FATAL 207 46 52 205 :379  - The rare situation has occured at time 1738915788439, id to look up=123 82 0 155 , id of local node=207 46 52 205 , id of predecessor=204 191 22 172 
2025-02-07 03:09:48 FATAL 207 46 52 205 :379  - The rare situation has occured at time 1738915788599, id to look up=189 48 122 62 , id of local node=207 46 52 205 , id of predecessor=204 191 22 172 
2025-02-07 03:09:49 FATAL 207 46 52 205 :379  - The rare situation has occured at time 1738915789922, id to look up=158 106 85 182 , id of local node=207 46 52 205 , id of predecessor=204 191 22 172 
2025-02-07 03:09:50 FATAL 207 46 52 205 :379  - The rare situation has occured at time 1738915790141, id to look up=179 240 199 246 , id of local node=207 46 52 205 , id of predecessor=204 191 22 172 
2025-02-07 03:09:50 FATAL 207 46 52 205 :379  - The rare situation has occured at time 1738915790774, id to look up=77 19 75 192 , id of local node=207 46 52 205 , id of predecessor=204 191 22 172 
2025-02-07 03:09:51 FATAL 207 46 52 205 :379  - The rare situation has occured at time 1738915791727, id to look up=188 51 234 78 , id of local node=207 46 52 205 , id of predecessor=204 191 22 172 
2025-02-07 03:09:52 FATAL 207 46 52 205 :379  - The rare situation has occured at time 1738915792622, id to look up=119 25 161 199 , id of local node=207 46 52 205 , id of predecessor=204 191 22 172 
2025-02-07 03:09:53 FATAL 207 46 52 205 :379  - The rare situation has occured at time 1738915793368, id to look up=203 78 82 8 , id of local node=207 46 52 205 , id of predecessor=204 191 22 172 
2025-02-07 03:12:07 FATAL 207 46 52 205 :379  - The rare situation has occured at time 1738915927177, id to look up=119 222 104 218 , id of local node=207 46 52 205 , id of predecessor=204 191 22 172 
2025-02-07 03:12:07 FATAL 207 46 52 205 :379  - The rare situation has occured at time 1738915927823, id to look up=172 52 120 214 , id of local node=207 46 52 205 , id of predecessor=204 191 22 172 
2025-02-07 03:12:08 FATAL 207 46 52 205 :379  - The rare situation has occured at time 1738915928277, id to look up=193 223 217 110 , id of local node=207 46 52 205 , id of predecessor=204 191 22 172 
2025-02-07 03:12:09 FATAL 207 46 52 205 :379  - The rare situation has occured at time 1738915929034, id to look up=177 213 120 17 , id of local node=207 46 52 205 , id of predecessor=204 191 22 172 
2025-02-07 03:12:09 FATAL 207 46 52 205 :379  - The rare situation has occured at time 1738915929464, id to look up=123 82 0 155 , id of local node=207 46 52 205 , id of predecessor=204 191 22 172 
2025-02-07 03:12:09 FATAL 207 46 52 205 :379  - The rare situation has occured at time 1738915929644, id to look up=189 48 122 62 , id of local node=207 46 52 205 , id of predecessor=204 191 22 172 
2025-02-07 03:12:10 FATAL 207 46 52 205 :379  - The rare situation has occured at time 1738915930867, id to look up=158 106 85 182 , id of local node=207 46 52 205 , id of predecessor=204 191 22 172 
2025-02-07 03:12:11 FATAL 207 46 52 205 :379  - The rare situation has occured at time 1738915931073, id to look up=179 240 199 246 , id of local node=207 46 52 205 , id of predecessor=204 191 22 172 
2025-02-07 03:12:11 FATAL 207 46 52 205 :379  - The rare situation has occured at time 1738915931690, id to look up=77 19 75 192 , id of local node=207 46 52 205 , id of predecessor=204 191 22 172 
2025-02-07 03:12:12 FATAL 207 46 52 205 :379  - The rare situation has occured at time 1738915932222, id to look up=188 51 234 78 , id of local node=207 46 52 205 , id of predecessor=204 191 22 172 
2025-02-07 03:12:13 FATAL 207 46 52 205 :379  - The rare situation has occured at time 1738915933097, id to look up=119 25 161 199 , id of local node=207 46 52 205 , id of predecessor=204 191 22 172 
2025-02-07 03:12:13 FATAL 207 46 52 205 :379  - The rare situation has occured at time 1738915933563, id to look up=203 78 82 8 , id of local node=207 46 52 205 , id of predecessor=204 191 22 172 
2025-02-07 03:12:34 FATAL 207 46 52 205 :379  - The rare situation has occured at time 1738915954362, id to look up=119 222 104 218 , id of local node=207 46 52 205 , id of predecessor=204 191 22 172 
2025-02-07 03:12:35 FATAL 207 46 52 205 :379  - The rare situation has occured at time 1738915955009, id to look up=172 52 120 214 , id of local node=207 46 52 205 , id of predecessor=204 191 22 172 
2025-02-07 03:12:35 FATAL 207 46 52 205 :379  - The rare situation has occured at time 1738915955482, id to look up=193 223 217 110 , id of local node=207 46 52 205 , id of predecessor=204 191 22 172 
2025-02-07 03:12:36 FATAL 207 46 52 205 :379  - The rare situation has occured at time 1738915956208, id to look up=177 213 120 17 , id of local node=207 46 52 205 , id of predecessor=204 191 22 172 
2025-02-07 03:12:36 FATAL 207 46 52 205 :379  - The rare situation has occured at time 1738915956608, id to look up=123 82 0 155 , id of local node=207 46 52 205 , id of predecessor=204 191 22 172 
2025-02-07 03:12:36 FATAL 207 46 52 205 :379  - The rare situation has occured at time 1738915956778, id to look up=189 48 122 62 , id of local node=207 46 52 205 , id of predecessor=204 191 22 172 
2025-02-07 03:12:38 FATAL 207 46 52 205 :379  - The rare situation has occured at time 1738915958022, id to look up=158 106 85 182 , id of local node=207 46 52 205 , id of predecessor=204 191 22 172 
2025-02-07 03:12:38 FATAL 207 46 52 205 :379  - The rare situation has occured at time 1738915958249, id to look up=179 240 199 246 , id of local node=207 46 52 205 , id of predecessor=204 191 22 172 
2025-02-07 03:12:38 FATAL 207 46 52 205 :379  - The rare situation has occured at time 1738915958895, id to look up=77 19 75 192 , id of local node=207 46 52 205 , id of predecessor=204 191 22 172 
2025-02-07 03:12:39 FATAL 207 46 52 205 :379  - The rare situation has occured at time 1738915959437, id to look up=188 51 234 78 , id of local node=207 46 52 205 , id of predecessor=204 191 22 172 
2025-02-07 03:12:40 FATAL 207 46 52 205 :379  - The rare situation has occured at time 1738915960322, id to look up=119 25 161 199 , id of local node=207 46 52 205 , id of predecessor=204 191 22 172 
2025-02-07 03:12:40 FATAL 207 46 52 205 :379  - The rare situation has occured at time 1738915960756, id to look up=203 78 82 8 , id of local node=207 46 52 205 , id of predecessor=204 191 22 172 
2025-02-07 03:13:23 FATAL 207 46 52 205 :379  - The rare situation has occured at time 1738916003296, id to look up=119 222 104 218 , id of local node=207 46 52 205 , id of predecessor=204 191 22 172 
2025-02-07 03:13:23 FATAL 207 46 52 205 :379  - The rare situation has occured at time 1738916003961, id to look up=172 52 120 214 , id of local node=207 46 52 205 , id of predecessor=204 191 22 172 
2025-02-07 03:13:24 FATAL 207 46 52 205 :379  - The rare situation has occured at time 1738916004426, id to look up=193 223 217 110 , id of local node=207 46 52 205 , id of predecessor=204 191 22 172 
2025-02-07 03:13:25 FATAL 207 46 52 205 :379  - The rare situation has occured at time 1738916005421, id to look up=177 213 120 17 , id of local node=207 46 52 205 , id of predecessor=204 191 22 172 
2025-02-07 03:13:25 FATAL 207 46 52 205 :379  - The rare situation has occured at time 1738916005873, id to look up=123 82 0 155 , id of local node=207 46 52 205 , id of predecessor=204 191 22 172 
2025-02-07 03:13:26 FATAL 207 46 52 205 :379  - The rare situation has occured at time 1738916006031, id to look up=189 48 122 62 , id of local node=207 46 52 205 , id of predecessor=204 191 22 172 
2025-02-07 03:13:27 FATAL 207 46 52 205 :379  - The rare situation has occured at time 1738916007346, id to look up=158 106 85 182 , id of local node=207 46 52 205 , id of predecessor=204 191 22 172 
2025-02-07 03:13:27 FATAL 207 46 52 205 :379  - The rare situation has occured at time 1738916007619, id to look up=179 240 199 246 , id of local node=207 46 52 205 , id of predecessor=204 191 22 172 
2025-02-07 03:13:28 FATAL 207 46 52 205 :379  - The rare situation has occured at time 1738916008183, id to look up=77 19 75 192 , id of local node=207 46 52 205 , id of predecessor=204 191 22 172 
2025-02-07 03:13:28 FATAL 207 46 52 205 :379  - The rare situation has occured at time 1738916008621, id to look up=188 51 234 78 , id of local node=207 46 52 205 , id of predecessor=204 191 22 172 
2025-02-07 03:13:29 FATAL 207 46 52 205 :379  - The rare situation has occured at time 1738916009386, id to look up=119 25 161 199 , id of local node=207 46 52 205 , id of predecessor=204 191 22 172 
2025-02-07 03:13:30 FATAL 207 46 52 205 :379  - The rare situation has occured at time 1738916010129, id to look up=203 78 82 8 , id of local node=207 46 52 205 , id of predecessor=204 191 22 172 
2025-02-07 03:13:50 FATAL 207 46 52 205 :379  - The rare situation has occured at time 1738916030868, id to look up=119 222 104 218 , id of local node=207 46 52 205 , id of predecessor=204 191 22 172 
2025-02-07 03:13:51 FATAL 207 46 52 205 :379  - The rare situation has occured at time 1738916031453, id to look up=172 52 120 214 , id of local node=207 46 52 205 , id of predecessor=204 191 22 172 
2025-02-07 03:13:51 FATAL 207 46 52 205 :379  - The rare situation has occured at time 1738916031928, id to look up=193 223 217 110 , id of local node=207 46 52 205 , id of predecessor=204 191 22 172 
2025-02-07 03:13:52 FATAL 207 46 52 205 :379  - The rare situation has occured at time 1738916032743, id to look up=177 213 120 17 , id of local node=207 46 52 205 , id of predecessor=204 191 22 172 
2025-02-07 03:13:53 FATAL 207 46 52 205 :379  - The rare situation has occured at time 1738916033153, id to look up=123 82 0 155 , id of local node=207 46 52 205 , id of predecessor=204 191 22 172 
2025-02-07 03:13:53 FATAL 207 46 52 205 :379  - The rare situation has occured at time 1738916033314, id to look up=189 48 122 62 , id of local node=207 46 52 205 , id of predecessor=204 191 22 172 
2025-02-07 03:13:54 FATAL 207 46 52 205 :379  - The rare situation has occured at time 1738916034428, id to look up=158 106 85 182 , id of local node=207 46 52 205 , id of predecessor=204 191 22 172 
2025-02-07 03:13:54 FATAL 207 46 52 205 :379  - The rare situation has occured at time 1738916034701, id to look up=179 240 199 246 , id of local node=207 46 52 205 , id of predecessor=204 191 22 172 
2025-02-07 03:13:55 FATAL 207 46 52 205 :379  - The rare situation has occured at time 1738916035275, id to look up=77 19 75 192 , id of local node=207 46 52 205 , id of predecessor=204 191 22 172 
2025-02-07 03:13:55 FATAL 207 46 52 205 :379  - The rare situation has occured at time 1738916035713, id to look up=188 51 234 78 , id of local node=207 46 52 205 , id of predecessor=204 191 22 172 
2025-02-07 03:13:56 FATAL 207 46 52 205 :379  - The rare situation has occured at time 1738916036518, id to look up=119 25 161 199 , id of local node=207 46 52 205 , id of predecessor=204 191 22 172 
2025-02-07 03:13:56 FATAL 207 46 52 205 :379  - The rare situation has occured at time 1738916036941, id to look up=203 78 82 8 , id of local node=207 46 52 205 , id of predecessor=204 191 22 172 
