2025-02-07 03:07:09 WARN  OpenChordTest:203  - Peer joined at ocsocket://localhost:8102/ via ocsocket://localhost:8080/
2025-02-07 03:07:10 WARN  OpenChordTest:58  - Insert time for key 22 = 585 ms
2025-02-07 03:07:10 WARN  OpenChordTest:60  - Inserted (22, default)
2025-02-07 03:07:10 WARN  OpenChordTest:64  - Memory usage at ocsocket://localhost:8102/ = 24 MB
2025-02-07 03:09:45 FATAL 198 23 79 243 :379  - The rare situation has occured at time 1738915785064, id to look up=119 222 104 218 , id of local node=198 23 79 243 , id of predecessor=191 94 184 109 
2025-02-07 03:09:46 FATAL 198 23 79 243 :379  - The rare situation has occured at time 1738915786540, id to look up=172 52 120 214 , id of local node=198 23 79 243 , id of predecessor=191 94 184 109 
2025-02-07 03:09:48 FATAL 198 23 79 243 :379  - The rare situation has occured at time 1738915788052, id to look up=177 213 120 17 , id of local node=198 23 79 243 , id of predecessor=191 94 184 109 
2025-02-07 03:09:48 FATAL 198 23 79 243 :379  - The rare situation has occured at time 1738915788440, id to look up=123 82 0 155 , id of local node=198 23 79 243 , id of predecessor=191 94 184 109 
2025-02-07 03:09:48 FATAL 198 23 79 243 :379  - The rare situation has occured at time 1738915788601, id to look up=189 48 122 62 , id of local node=198 23 79 243 , id of predecessor=191 94 184 109 
2025-02-07 03:09:50 FATAL 198 23 79 243 :379  - The rare situation has occured at time 1738915790032, id to look up=158 106 85 182 , id of local node=198 23 79 243 , id of predecessor=191 94 184 109 
2025-02-07 03:09:50 FATAL 198 23 79 243 :379  - The rare situation has occured at time 1738915790142, id to look up=179 240 199 246 , id of local node=198 23 79 243 , id of predecessor=191 94 184 109 
2025-02-07 03:09:50 FATAL 198 23 79 243 :379  - The rare situation has occured at time 1738915790776, id to look up=77 19 75 192 , id of local node=198 23 79 243 , id of predecessor=191 94 184 109 
2025-02-07 03:09:51 FATAL 198 23 79 243 :379  - The rare situation has occured at time 1738915791728, id to look up=188 51 234 78 , id of local node=198 23 79 243 , id of predecessor=191 94 184 109 
2025-02-07 03:09:52 FATAL 198 23 79 243 :379  - The rare situation has occured at time 1738915792722, id to look up=119 25 161 199 , id of local node=198 23 79 243 , id of predecessor=191 94 184 109 
2025-02-07 03:12:07 FATAL 198 23 79 243 :379  - The rare situation has occured at time 1738915927228, id to look up=119 222 104 218 , id of local node=198 23 79 243 , id of predecessor=191 94 184 109 
2025-02-07 03:12:07 FATAL 198 23 79 243 :379  - The rare situation has occured at time 1738915927824, id to look up=172 52 120 214 , id of local node=198 23 79 243 , id of predecessor=191 94 184 109 
2025-02-07 03:12:09 FATAL 198 23 79 243 :379  - The rare situation has occured at time 1738915929087, id to look up=177 213 120 17 , id of local node=198 23 79 243 , id of predecessor=191 94 184 109 
2025-02-07 03:12:09 FATAL 198 23 79 243 :379  - The rare situation has occured at time 1738915929466, id to look up=123 82 0 155 , id of local node=198 23 79 243 , id of predecessor=191 94 184 109 
2025-02-07 03:12:09 FATAL 198 23 79 243 :379  - The rare situation has occured at time 1738915929645, id to look up=189 48 122 62 , id of local node=198 23 79 243 , id of predecessor=191 94 184 109 
2025-02-07 03:12:10 FATAL 198 23 79 243 :379  - The rare situation has occured at time 1738915930967, id to look up=158 106 85 182 , id of local node=198 23 79 243 , id of predecessor=191 94 184 109 
2025-02-07 03:12:11 FATAL 198 23 79 243 :379  - The rare situation has occured at time 1738915931075, id to look up=179 240 199 246 , id of local node=198 23 79 243 , id of predecessor=191 94 184 109 
2025-02-07 03:12:11 FATAL 198 23 79 243 :379  - The rare situation has occured at time 1738915931691, id to look up=77 19 75 192 , id of local node=198 23 79 243 , id of predecessor=191 94 184 109 
2025-02-07 03:12:12 FATAL 198 23 79 243 :379  - The rare situation has occured at time 1738915932223, id to look up=188 51 234 78 , id of local node=198 23 79 243 , id of predecessor=191 94 184 109 
2025-02-07 03:12:13 FATAL 198 23 79 243 :379  - The rare situation has occured at time 1738915933207, id to look up=119 25 161 199 , id of local node=198 23 79 243 , id of predecessor=191 94 184 109 
2025-02-07 03:12:34 FATAL 198 23 79 243 :379  - The rare situation has occured at time 1738915954413, id to look up=119 222 104 218 , id of local node=198 23 79 243 , id of predecessor=191 94 184 109 
2025-02-07 03:12:35 FATAL 198 23 79 243 :379  - The rare situation has occured at time 1738915955010, id to look up=172 52 120 214 , id of local node=198 23 79 243 , id of predecessor=191 94 184 109 
2025-02-07 03:12:36 FATAL 198 23 79 243 :379  - The rare situation has occured at time 1738915956252, id to look up=177 213 120 17 , id of local node=198 23 79 243 , id of predecessor=191 94 184 109 
2025-02-07 03:12:36 FATAL 198 23 79 243 :379  - The rare situation has occured at time 1738915956609, id to look up=123 82 0 155 , id of local node=198 23 79 243 , id of predecessor=191 94 184 109 
2025-02-07 03:12:36 FATAL 198 23 79 243 :379  - The rare situation has occured at time 1738915956780, id to look up=189 48 122 62 , id of local node=198 23 79 243 , id of predecessor=191 94 184 109 
2025-02-07 03:12:38 FATAL 198 23 79 243 :379  - The rare situation has occured at time 1738915958132, id to look up=158 106 85 182 , id of local node=198 23 79 243 , id of predecessor=191 94 184 109 
2025-02-07 03:12:38 FATAL 198 23 79 243 :379  - The rare situation has occured at time 1738915958251, id to look up=179 240 199 246 , id of local node=198 23 79 243 , id of predecessor=191 94 184 109 
2025-02-07 03:12:38 FATAL 198 23 79 243 :379  - The rare situation has occured at time 1738915958896, id to look up=77 19 75 192 , id of local node=198 23 79 243 , id of predecessor=191 94 184 109 
2025-02-07 03:12:39 FATAL 198 23 79 243 :379  - The rare situation has occured at time 1738915959438, id to look up=188 51 234 78 , id of local node=198 23 79 243 , id of predecessor=191 94 184 109 
2025-02-07 03:12:40 FATAL 198 23 79 243 :379  - The rare situation has occured at time 1738915960432, id to look up=119 25 161 199 , id of local node=198 23 79 243 , id of predecessor=191 94 184 109 
2025-02-07 03:13:23 FATAL 198 23 79 243 :379  - The rare situation has occured at time 1738916003357, id to look up=119 222 104 218 , id of local node=198 23 79 243 , id of predecessor=191 94 184 109 
2025-02-07 03:13:23 FATAL 198 23 79 243 :379  - The rare situation has occured at time 1738916003962, id to look up=172 52 120 214 , id of local node=198 23 79 243 , id of predecessor=191 94 184 109 
2025-02-07 03:13:25 FATAL 198 23 79 243 :379  - The rare situation has occured at time 1738916005476, id to look up=177 213 120 17 , id of local node=198 23 79 243 , id of predecessor=191 94 184 109 
2025-02-07 03:13:25 FATAL 198 23 79 243 :379  - The rare situation has occured at time 1738916005875, id to look up=123 82 0 155 , id of local node=198 23 79 243 , id of predecessor=191 94 184 109 
2025-02-07 03:13:26 FATAL 198 23 79 243 :379  - The rare situation has occured at time 1738916006032, id to look up=189 48 122 62 , id of local node=198 23 79 243 , id of predecessor=191 94 184 109 
2025-02-07 03:13:27 FATAL 198 23 79 243 :379  - The rare situation has occured at time 1738916007455, id to look up=158 106 85 182 , id of local node=198 23 79 243 , id of predecessor=191 94 184 109 
2025-02-07 03:13:27 FATAL 198 23 79 243 :379  - The rare situation has occured at time 1738916007621, id to look up=179 240 199 246 , id of local node=198 23 79 243 , id of predecessor=191 94 184 109 
2025-02-07 03:13:28 FATAL 198 23 79 243 :379  - The rare situation has occured at time 1738916008184, id to look up=77 19 75 192 , id of local node=198 23 79 243 , id of predecessor=191 94 184 109 
2025-02-07 03:13:28 FATAL 198 23 79 243 :379  - The rare situation has occured at time 1738916008623, id to look up=188 51 234 78 , id of local node=198 23 79 243 , id of predecessor=191 94 184 109 
2025-02-07 03:13:29 FATAL 198 23 79 243 :379  - The rare situation has occured at time 1738916009506, id to look up=119 25 161 199 , id of local node=198 23 79 243 , id of predecessor=191 94 184 109 
2025-02-07 03:13:50 FATAL 198 23 79 243 :379  - The rare situation has occured at time 1738916030919, id to look up=119 222 104 218 , id of local node=198 23 79 243 , id of predecessor=191 94 184 109 
2025-02-07 03:13:51 FATAL 198 23 79 243 :379  - The rare situation has occured at time 1738916031454, id to look up=172 52 120 214 , id of local node=198 23 79 243 , id of predecessor=191 94 184 109 
2025-02-07 03:13:52 FATAL 198 23 79 243 :379  - The rare situation has occured at time 1738916032798, id to look up=177 213 120 17 , id of local node=198 23 79 243 , id of predecessor=191 94 184 109 
2025-02-07 03:13:53 FATAL 198 23 79 243 :379  - The rare situation has occured at time 1738916033155, id to look up=123 82 0 155 , id of local node=198 23 79 243 , id of predecessor=191 94 184 109 
2025-02-07 03:13:53 FATAL 198 23 79 243 :379  - The rare situation has occured at time 1738916033316, id to look up=189 48 122 62 , id of local node=198 23 79 243 , id of predecessor=191 94 184 109 
2025-02-07 03:13:54 FATAL 198 23 79 243 :379  - The rare situation has occured at time 1738916034528, id to look up=158 106 85 182 , id of local node=198 23 79 243 , id of predecessor=191 94 184 109 
2025-02-07 03:13:54 FATAL 198 23 79 243 :379  - The rare situation has occured at time 1738916034702, id to look up=179 240 199 246 , id of local node=198 23 79 243 , id of predecessor=191 94 184 109 
2025-02-07 03:13:55 FATAL 198 23 79 243 :379  - The rare situation has occured at time 1738916035276, id to look up=77 19 75 192 , id of local node=198 23 79 243 , id of predecessor=191 94 184 109 
2025-02-07 03:13:55 FATAL 198 23 79 243 :379  - The rare situation has occured at time 1738916035714, id to look up=188 51 234 78 , id of local node=198 23 79 243 , id of predecessor=191 94 184 109 
2025-02-07 03:13:56 FATAL 198 23 79 243 :379  - The rare situation has occured at time 1738916036618, id to look up=119 25 161 199 , id of local node=198 23 79 243 , id of predecessor=191 94 184 109 
