2025-02-07 03:06:50 WARN  OpenChordTest:203  - Peer joined at ocsocket://localhost:8093/ via ocsocket://localhost:8080/
2025-02-07 03:06:50 WARN  OpenChordTest:58  - Insert time for key 13 = 53 ms
2025-02-07 03:06:50 WARN  OpenChordTest:60  - Inserted (13, default)
2025-02-07 03:06:50 WARN  OpenChordTest:64  - Memory usage at ocsocket://localhost:8093/ = 18 MB
2025-02-07 03:09:45 FATAL 161 201 197 38 :379  - The rare situation has occured at time 1738915785382, id to look up=119 222 104 218 , id of local node=161 201 197 38 , id of predecessor=150 178 181 209 
2025-02-07 03:09:48 FATAL 161 201 197 38 :379  - The rare situation has occured at time 1738915788484, id to look up=123 82 0 155 , id of local node=161 201 197 38 , id of predecessor=150 178 181 209 
2025-02-07 03:09:50 FATAL 161 201 197 38 :379  - The rare situation has occured at time 1738915790932, id to look up=77 19 75 192 , id of local node=161 201 197 38 , id of predecessor=150 178 181 209 
2025-02-07 03:09:52 FATAL 161 201 197 38 :379  - The rare situation has occured at time 1738915792774, id to look up=119 25 161 199 , id of local node=161 201 197 38 , id of predecessor=150 178 181 209 
2025-02-07 03:12:07 FATAL 161 201 197 38 :379  - The rare situation has occured at time 1738915927397, id to look up=119 222 104 218 , id of local node=161 201 197 38 , id of predecessor=150 178 181 209 
2025-02-07 03:12:09 FATAL 161 201 197 38 :379  - The rare situation has occured at time 1738915929519, id to look up=123 82 0 155 , id of local node=161 201 197 38 , id of predecessor=150 178 181 209 
2025-02-07 03:12:11 FATAL 161 201 197 38 :379  - The rare situation has occured at time 1738915931847, id to look up=77 19 75 192 , id of local node=161 201 197 38 , id of predecessor=150 178 181 209 
2025-02-07 03:12:13 FATAL 161 201 197 38 :379  - The rare situation has occured at time 1738915933259, id to look up=119 25 161 199 , id of local node=161 201 197 38 , id of predecessor=150 178 181 209 
2025-02-07 03:12:34 FATAL 161 201 197 38 :379  - The rare situation has occured at time 1738915954572, id to look up=119 222 104 218 , id of local node=161 201 197 38 , id of predecessor=150 178 181 209 
2025-02-07 03:12:36 FATAL 161 201 197 38 :379  - The rare situation has occured at time 1738915956653, id to look up=123 82 0 155 , id of local node=161 201 197 38 , id of predecessor=150 178 181 209 
2025-02-07 03:12:39 FATAL 161 201 197 38 :379  - The rare situation has occured at time 1738915959042, id to look up=77 19 75 192 , id of local node=161 201 197 38 , id of predecessor=150 178 181 209 
2025-02-07 03:12:40 FATAL 161 201 197 38 :379  - The rare situation has occured at time 1738915960484, id to look up=119 25 161 199 , id of local node=161 201 197 38 , id of predecessor=150 178 181 209 
2025-02-07 03:13:23 FATAL 161 201 197 38 :379  - The rare situation has occured at time 1738916003506, id to look up=119 222 104 218 , id of local node=161 201 197 38 , id of predecessor=150 178 181 209 
2025-02-07 03:13:25 FATAL 161 201 197 38 :379  - The rare situation has occured at time 1738916005918, id to look up=123 82 0 155 , id of local node=161 201 197 38 , id of predecessor=150 178 181 209 
2025-02-07 03:13:28 FATAL 161 201 197 38 :379  - The rare situation has occured at time 1738916008336, id to look up=77 19 75 192 , id of local node=161 201 197 38 , id of predecessor=150 178 181 209 
2025-02-07 03:13:29 FATAL 161 201 197 38 :379  - The rare situation has occured at time 1738916009558, id to look up=119 25 161 199 , id of local node=161 201 197 38 , id of predecessor=150 178 181 209 
2025-02-07 03:13:51 FATAL 161 201 197 38 :379  - The rare situation has occured at time 1738916031068, id to look up=119 222 104 218 , id of local node=161 201 197 38 , id of predecessor=150 178 181 209 
2025-02-07 03:13:53 FATAL 161 201 197 38 :379  - The rare situation has occured at time 1738916033199, id to look up=123 82 0 155 , id of local node=161 201 197 38 , id of predecessor=150 178 181 209 
2025-02-07 03:13:55 FATAL 161 201 197 38 :379  - The rare situation has occured at time 1738916035418, id to look up=77 19 75 192 , id of local node=161 201 197 38 , id of predecessor=150 178 181 209 
2025-02-07 03:13:56 FATAL 161 201 197 38 :379  - The rare situation has occured at time 1738916036669, id to look up=119 25 161 199 , id of local node=161 201 197 38 , id of predecessor=150 178 181 209 
