2025-02-07 03:07:24 WARN  OpenChordTest:203  - Peer joined at ocsocket://localhost:8109/ via ocsocket://localhost:8080/
2025-02-07 03:07:26 WARN  OpenChordTest:58  - Insert time for key 29 = 2362 ms
2025-02-07 03:07:26 WARN  OpenChordTest:60  - Inserted (29, default)
2025-02-07 03:07:26 WARN  OpenChordTest:64  - Memory usage at ocsocket://localhost:8109/ = 7 MB
2025-02-07 03:09:45 FATAL 210 68 241 41 :379  - The rare situation has occured at time 1738915785058, id to look up=119 222 104 218 , id of local node=210 68 241 41 , id of predecessor=207 46 52 205 
2025-02-07 03:09:46 FATAL 210 68 241 41 :379  - The rare situation has occured at time 1738915786537, id to look up=172 52 120 214 , id of local node=210 68 241 41 , id of predecessor=207 46 52 205 
2025-02-07 03:09:47 FATAL 210 68 241 41 :379  - The rare situation has occured at time 1738915787012, id to look up=193 223 217 110 , id of local node=210 68 241 41 , id of predecessor=207 46 52 205 
2025-02-07 03:09:48 FATAL 210 68 241 41 :379  - The rare situation has occured at time 1738915788008, id to look up=177 213 120 17 , id of local node=210 68 241 41 , id of predecessor=207 46 52 205 
2025-02-07 03:09:48 FATAL 210 68 241 41 :379  - The rare situation has occured at time 1738915788438, id to look up=123 82 0 155 , id of local node=210 68 241 41 , id of predecessor=207 46 52 205 
2025-02-07 03:09:48 FATAL 210 68 241 41 :379  - The rare situation has occured at time 1738915788598, id to look up=189 48 122 62 , id of local node=210 68 241 41 , id of predecessor=207 46 52 205 
2025-02-07 03:09:49 FATAL 210 68 241 41 :379  - The rare situation has occured at time 1738915789872, id to look up=158 106 85 182 , id of local node=210 68 241 41 , id of predecessor=207 46 52 205 
2025-02-07 03:09:50 FATAL 210 68 241 41 :379  - The rare situation has occured at time 1738915790140, id to look up=179 240 199 246 , id of local node=210 68 241 41 , id of predecessor=207 46 52 205 
2025-02-07 03:09:50 FATAL 210 68 241 41 :379  - The rare situation has occured at time 1738915790774, id to look up=77 19 75 192 , id of local node=210 68 241 41 , id of predecessor=207 46 52 205 
2025-02-07 03:09:51 FATAL 210 68 241 41 :379  - The rare situation has occured at time 1738915791726, id to look up=188 51 234 78 , id of local node=210 68 241 41 , id of predecessor=207 46 52 205 
2025-02-07 03:09:52 FATAL 210 68 241 41 :379  - The rare situation has occured at time 1738915792562, id to look up=119 25 161 199 , id of local node=210 68 241 41 , id of predecessor=207 46 52 205 
2025-02-07 03:09:53 FATAL 210 68 241 41 :379  - The rare situation has occured at time 1738915793367, id to look up=203 78 82 8 , id of local node=210 68 241 41 , id of predecessor=207 46 52 205 
2025-02-07 03:12:07 FATAL 210 68 241 41 :379  - The rare situation has occured at time 1738915927127, id to look up=119 222 104 218 , id of local node=210 68 241 41 , id of predecessor=207 46 52 205 
2025-02-07 03:12:07 FATAL 210 68 241 41 :379  - The rare situation has occured at time 1738915927822, id to look up=172 52 120 214 , id of local node=210 68 241 41 , id of predecessor=207 46 52 205 
2025-02-07 03:12:08 FATAL 210 68 241 41 :379  - The rare situation has occured at time 1738915928227, id to look up=193 223 217 110 , id of local node=210 68 241 41 , id of predecessor=207 46 52 205 
2025-02-07 03:12:09 FATAL 210 68 241 41 :379  - The rare situation has occured at time 1738915929033, id to look up=177 213 120 17 , id of local node=210 68 241 41 , id of predecessor=207 46 52 205 
2025-02-07 03:12:09 FATAL 210 68 241 41 :379  - The rare situation has occured at time 1738915929463, id to look up=123 82 0 155 , id of local node=210 68 241 41 , id of predecessor=207 46 52 205 
2025-02-07 03:12:09 FATAL 210 68 241 41 :379  - The rare situation has occured at time 1738915929643, id to look up=189 48 122 62 , id of local node=210 68 241 41 , id of predecessor=207 46 52 205 
2025-02-07 03:12:10 FATAL 210 68 241 41 :379  - The rare situation has occured at time 1738915930817, id to look up=158 106 85 182 , id of local node=210 68 241 41 , id of predecessor=207 46 52 205 
2025-02-07 03:12:11 FATAL 210 68 241 41 :379  - The rare situation has occured at time 1738915931072, id to look up=179 240 199 246 , id of local node=210 68 241 41 , id of predecessor=207 46 52 205 
2025-02-07 03:12:11 FATAL 210 68 241 41 :379  - The rare situation has occured at time 1738915931689, id to look up=77 19 75 192 , id of local node=210 68 241 41 , id of predecessor=207 46 52 205 
2025-02-07 03:12:12 FATAL 210 68 241 41 :379  - The rare situation has occured at time 1738915932221, id to look up=188 51 234 78 , id of local node=210 68 241 41 , id of predecessor=207 46 52 205 
2025-02-07 03:12:13 FATAL 210 68 241 41 :379  - The rare situation has occured at time 1738915933047, id to look up=119 25 161 199 , id of local node=210 68 241 41 , id of predecessor=207 46 52 205 
2025-02-07 03:12:13 FATAL 210 68 241 41 :379  - The rare situation has occured at time 1738915933562, id to look up=203 78 82 8 , id of local node=210 68 241 41 , id of predecessor=207 46 52 205 
2025-02-07 03:12:34 FATAL 210 68 241 41 :379  - The rare situation has occured at time 1738915954312, id to look up=119 222 104 218 , id of local node=210 68 241 41 , id of predecessor=207 46 52 205 
2025-02-07 03:12:35 FATAL 210 68 241 41 :379  - The rare situation has occured at time 1738915955008, id to look up=172 52 120 214 , id of local node=210 68 241 41 , id of predecessor=207 46 52 205 
2025-02-07 03:12:35 FATAL 210 68 241 41 :379  - The rare situation has occured at time 1738915955432, id to look up=193 223 217 110 , id of local node=210 68 241 41 , id of predecessor=207 46 52 205 
2025-02-07 03:12:36 FATAL 210 68 241 41 :379  - The rare situation has occured at time 1738915956207, id to look up=177 213 120 17 , id of local node=210 68 241 41 , id of predecessor=207 46 52 205 
2025-02-07 03:12:36 FATAL 210 68 241 41 :379  - The rare situation has occured at time 1738915956607, id to look up=123 82 0 155 , id of local node=210 68 241 41 , id of predecessor=207 46 52 205 
2025-02-07 03:12:36 FATAL 210 68 241 41 :379  - The rare situation has occured at time 1738915956777, id to look up=189 48 122 62 , id of local node=210 68 241 41 , id of predecessor=207 46 52 205 
2025-02-07 03:12:37 FATAL 210 68 241 41 :379  - The rare situation has occured at time 1738915957972, id to look up=158 106 85 182 , id of local node=210 68 241 41 , id of predecessor=207 46 52 205 
2025-02-07 03:12:38 FATAL 210 68 241 41 :379  - The rare situation has occured at time 1738915958249, id to look up=179 240 199 246 , id of local node=210 68 241 41 , id of predecessor=207 46 52 205 
2025-02-07 03:12:38 FATAL 210 68 241 41 :379  - The rare situation has occured at time 1738915958894, id to look up=77 19 75 192 , id of local node=210 68 241 41 , id of predecessor=207 46 52 205 
2025-02-07 03:12:39 FATAL 210 68 241 41 :379  - The rare situation has occured at time 1738915959436, id to look up=188 51 234 78 , id of local node=210 68 241 41 , id of predecessor=207 46 52 205 
2025-02-07 03:12:40 FATAL 210 68 241 41 :379  - The rare situation has occured at time 1738915960272, id to look up=119 25 161 199 , id of local node=210 68 241 41 , id of predecessor=207 46 52 205 
2025-02-07 03:12:40 FATAL 210 68 241 41 :379  - The rare situation has occured at time 1738915960756, id to look up=203 78 82 8 , id of local node=210 68 241 41 , id of predecessor=207 46 52 205 
2025-02-07 03:13:23 FATAL 210 68 241 41 :379  - The rare situation has occured at time 1738916003246, id to look up=119 222 104 218 , id of local node=210 68 241 41 , id of predecessor=207 46 52 205 
2025-02-07 03:13:23 FATAL 210 68 241 41 :379  - The rare situation has occured at time 1738916003960, id to look up=172 52 120 214 , id of local node=210 68 241 41 , id of predecessor=207 46 52 205 
2025-02-07 03:13:24 FATAL 210 68 241 41 :379  - The rare situation has occured at time 1738916004376, id to look up=193 223 217 110 , id of local node=210 68 241 41 , id of predecessor=207 46 52 205 
2025-02-07 03:13:25 FATAL 210 68 241 41 :379  - The rare situation has occured at time 1738916005420, id to look up=177 213 120 17 , id of local node=210 68 241 41 , id of predecessor=207 46 52 205 
2025-02-07 03:13:25 FATAL 210 68 241 41 :379  - The rare situation has occured at time 1738916005872, id to look up=123 82 0 155 , id of local node=210 68 241 41 , id of predecessor=207 46 52 205 
2025-02-07 03:13:26 FATAL 210 68 241 41 :379  - The rare situation has occured at time 1738916006030, id to look up=189 48 122 62 , id of local node=210 68 241 41 , id of predecessor=207 46 52 205 
2025-02-07 03:13:27 FATAL 210 68 241 41 :379  - The rare situation has occured at time 1738916007296, id to look up=158 106 85 182 , id of local node=210 68 241 41 , id of predecessor=207 46 52 205 
2025-02-07 03:13:27 FATAL 210 68 241 41 :379  - The rare situation has occured at time 1738916007619, id to look up=179 240 199 246 , id of local node=210 68 241 41 , id of predecessor=207 46 52 205 
2025-02-07 03:13:28 FATAL 210 68 241 41 :379  - The rare situation has occured at time 1738916008182, id to look up=77 19 75 192 , id of local node=210 68 241 41 , id of predecessor=207 46 52 205 
2025-02-07 03:13:28 FATAL 210 68 241 41 :379  - The rare situation has occured at time 1738916008621, id to look up=188 51 234 78 , id of local node=210 68 241 41 , id of predecessor=207 46 52 205 
2025-02-07 03:13:29 FATAL 210 68 241 41 :379  - The rare situation has occured at time 1738916009336, id to look up=119 25 161 199 , id of local node=210 68 241 41 , id of predecessor=207 46 52 205 
2025-02-07 03:13:30 FATAL 210 68 241 41 :379  - The rare situation has occured at time 1738916010128, id to look up=203 78 82 8 , id of local node=210 68 241 41 , id of predecessor=207 46 52 205 
2025-02-07 03:13:50 FATAL 210 68 241 41 :379  - The rare situation has occured at time 1738916030818, id to look up=119 222 104 218 , id of local node=210 68 241 41 , id of predecessor=207 46 52 205 
2025-02-07 03:13:51 FATAL 210 68 241 41 :379  - The rare situation has occured at time 1738916031452, id to look up=172 52 120 214 , id of local node=210 68 241 41 , id of predecessor=207 46 52 205 
2025-02-07 03:13:51 FATAL 210 68 241 41 :379  - The rare situation has occured at time 1738916031878, id to look up=193 223 217 110 , id of local node=210 68 241 41 , id of predecessor=207 46 52 205 
2025-02-07 03:13:52 FATAL 210 68 241 41 :379  - The rare situation has occured at time 1738916032742, id to look up=177 213 120 17 , id of local node=210 68 241 41 , id of predecessor=207 46 52 205 
2025-02-07 03:13:53 FATAL 210 68 241 41 :379  - The rare situation has occured at time 1738916033153, id to look up=123 82 0 155 , id of local node=210 68 241 41 , id of predecessor=207 46 52 205 
2025-02-07 03:13:53 FATAL 210 68 241 41 :379  - The rare situation has occured at time 1738916033313, id to look up=189 48 122 62 , id of local node=210 68 241 41 , id of predecessor=207 46 52 205 
2025-02-07 03:13:54 FATAL 210 68 241 41 :379  - The rare situation has occured at time 1738916034378, id to look up=158 106 85 182 , id of local node=210 68 241 41 , id of predecessor=207 46 52 205 
2025-02-07 03:13:54 FATAL 210 68 241 41 :379  - The rare situation has occured at time 1738916034700, id to look up=179 240 199 246 , id of local node=210 68 241 41 , id of predecessor=207 46 52 205 
2025-02-07 03:13:55 FATAL 210 68 241 41 :379  - The rare situation has occured at time 1738916035274, id to look up=77 19 75 192 , id of local node=210 68 241 41 , id of predecessor=207 46 52 205 
2025-02-07 03:13:55 FATAL 210 68 241 41 :379  - The rare situation has occured at time 1738916035712, id to look up=188 51 234 78 , id of local node=210 68 241 41 , id of predecessor=207 46 52 205 
2025-02-07 03:13:56 FATAL 210 68 241 41 :379  - The rare situation has occured at time 1738916036468, id to look up=119 25 161 199 , id of local node=210 68 241 41 , id of predecessor=207 46 52 205 
2025-02-07 03:13:56 FATAL 210 68 241 41 :379  - The rare situation has occured at time 1738916036941, id to look up=203 78 82 8 , id of local node=210 68 241 41 , id of predecessor=207 46 52 205 
