2025-02-07 03:07:04 WARN  OpenChordTest:203  - Peer joined at ocsocket://localhost:8101/ via ocsocket://localhost:8080/
2025-02-07 03:07:04 WARN  OpenChordTest:58  - Insert time for key 21 = 242 ms
2025-02-07 03:07:04 WARN  OpenChordTest:60  - Inserted (21, default)
2025-02-07 03:07:04 WARN  OpenChordTest:64  - Memory usage at ocsocket://localhost:8101/ = 15 MB
2025-02-07 03:09:44 FATAL 31 80 111 140 :379  - The rare situation has occured at time 1738915784995, id to look up=119 222 104 218 , id of local node=31 80 111 140 , id of predecessor=29 180 217 92 
2025-02-07 03:09:46 FATAL 31 80 111 140 :379  - The rare situation has occured at time 1738915786168, id to look up=27 100 83 137 , id of local node=31 80 111 140 , id of predecessor=29 180 217 92 
2025-02-07 03:09:47 FATAL 31 80 111 140 :379  - The rare situation has occured at time 1738915787792, id to look up=254 93 187 206 , id of local node=31 80 111 140 , id of predecessor=29 180 217 92 
2025-02-07 03:09:47 FATAL 31 80 111 140 :379  - The rare situation has occured at time 1738915787907, id to look up=10 222 124 44 , id of local node=31 80 111 140 , id of predecessor=29 180 217 92 
2025-02-07 03:09:48 FATAL 31 80 111 140 :379  - The rare situation has occured at time 1738915788157, id to look up=23 186 7 145 , id of local node=31 80 111 140 , id of predecessor=29 180 217 92 
2025-02-07 03:09:48 FATAL 31 80 111 140 :379  - The rare situation has occured at time 1738915788285, id to look up=123 82 0 155 , id of local node=31 80 111 140 , id of predecessor=29 180 217 92 
2025-02-07 03:09:48 FATAL 31 80 111 140 :379  - The rare situation has occured at time 1738915788958, id to look up=21 116 189 219 , id of local node=31 80 111 140 , id of predecessor=29 180 217 92 
2025-02-07 03:09:49 FATAL 31 80 111 140 :379  - The rare situation has occured at time 1738915789412, id to look up=7 22 217 112 , id of local node=31 80 111 140 , id of predecessor=29 180 217 92 
2025-02-07 03:09:50 FATAL 31 80 111 140 :379  - The rare situation has occured at time 1738915790396, id to look up=18 198 252 6 , id of local node=31 80 111 140 , id of predecessor=29 180 217 92 
2025-02-07 03:09:50 FATAL 31 80 111 140 :379  - The rare situation has occured at time 1738915790617, id to look up=77 19 75 192 , id of local node=31 80 111 140 , id of predecessor=29 180 217 92 
2025-02-07 03:09:51 FATAL 31 80 111 140 :379  - The rare situation has occured at time 1738915791897, id to look up=10 87 203 83 , id of local node=31 80 111 140 , id of predecessor=29 180 217 92 
2025-02-07 03:09:52 FATAL 31 80 111 140 :379  - The rare situation has occured at time 1738915792202, id to look up=119 25 161 199 , id of local node=31 80 111 140 , id of predecessor=29 180 217 92 
2025-02-07 03:12:06 FATAL 31 80 111 140 :379  - The rare situation has occured at time 1738915926819, id to look up=119 222 104 218 , id of local node=31 80 111 140 , id of predecessor=29 180 217 92 
2025-02-07 03:12:07 FATAL 31 80 111 140 :379  - The rare situation has occured at time 1738915927712, id to look up=27 100 83 137 , id of local node=31 80 111 140 , id of predecessor=29 180 217 92 
2025-02-07 03:12:08 FATAL 31 80 111 140 :379  - The rare situation has occured at time 1738915928817, id to look up=254 93 187 206 , id of local node=31 80 111 140 , id of predecessor=29 180 217 92 
2025-02-07 03:12:08 FATAL 31 80 111 140 :379  - The rare situation has occured at time 1738915928922, id to look up=10 222 124 44 , id of local node=31 80 111 140 , id of predecessor=29 180 217 92 
2025-02-07 03:12:09 FATAL 31 80 111 140 :379  - The rare situation has occured at time 1738915929192, id to look up=23 186 7 145 , id of local node=31 80 111 140 , id of predecessor=29 180 217 92 
2025-02-07 03:12:09 FATAL 31 80 111 140 :379  - The rare situation has occured at time 1738915929292, id to look up=123 82 0 155 , id of local node=31 80 111 140 , id of predecessor=29 180 217 92 
2025-02-07 03:12:10 FATAL 31 80 111 140 :379  - The rare situation has occured at time 1738915930001, id to look up=21 116 189 219 , id of local node=31 80 111 140 , id of predecessor=29 180 217 92 
2025-02-07 03:12:10 FATAL 31 80 111 140 :379  - The rare situation has occured at time 1738915930347, id to look up=7 22 217 112 , id of local node=31 80 111 140 , id of predecessor=29 180 217 92 
2025-02-07 03:12:11 FATAL 31 80 111 140 :379  - The rare situation has occured at time 1738915931320, id to look up=18 198 252 6 , id of local node=31 80 111 140 , id of predecessor=29 180 217 92 
2025-02-07 03:12:11 FATAL 31 80 111 140 :379  - The rare situation has occured at time 1738915931541, id to look up=77 19 75 192 , id of local node=31 80 111 140 , id of predecessor=29 180 217 92 
2025-02-07 03:12:12 FATAL 31 80 111 140 :379  - The rare situation has occured at time 1738915932391, id to look up=10 87 203 83 , id of local node=31 80 111 140 , id of predecessor=29 180 217 92 
2025-02-07 03:12:12 FATAL 31 80 111 140 :379  - The rare situation has occured at time 1738915932688, id to look up=119 25 161 199 , id of local node=31 80 111 140 , id of predecessor=29 180 217 92 
2025-02-07 03:12:33 FATAL 31 80 111 140 :379  - The rare situation has occured at time 1738915953993, id to look up=119 222 104 218 , id of local node=31 80 111 140 , id of predecessor=29 180 217 92 
2025-02-07 03:12:34 FATAL 31 80 111 140 :379  - The rare situation has occured at time 1738915954898, id to look up=27 100 83 137 , id of local node=31 80 111 140 , id of predecessor=29 180 217 92 
2025-02-07 03:12:36 FATAL 31 80 111 140 :379  - The rare situation has occured at time 1738915956002, id to look up=254 93 187 206 , id of local node=31 80 111 140 , id of predecessor=29 180 217 92 
2025-02-07 03:12:36 FATAL 31 80 111 140 :379  - The rare situation has occured at time 1738915956107, id to look up=10 222 124 44 , id of local node=31 80 111 140 , id of predecessor=29 180 217 92 
2025-02-07 03:12:36 FATAL 31 80 111 140 :379  - The rare situation has occured at time 1738915956357, id to look up=23 186 7 145 , id of local node=31 80 111 140 , id of predecessor=29 180 217 92 
2025-02-07 03:12:36 FATAL 31 80 111 140 :379  - The rare situation has occured at time 1738915956457, id to look up=123 82 0 155 , id of local node=31 80 111 140 , id of predecessor=29 180 217 92 
2025-02-07 03:12:37 FATAL 31 80 111 140 :379  - The rare situation has occured at time 1738915957156, id to look up=21 116 189 219 , id of local node=31 80 111 140 , id of predecessor=29 180 217 92 
2025-02-07 03:12:37 FATAL 31 80 111 140 :379  - The rare situation has occured at time 1738915957512, id to look up=7 22 217 112 , id of local node=31 80 111 140 , id of predecessor=29 180 217 92 
2025-02-07 03:12:38 FATAL 31 80 111 140 :379  - The rare situation has occured at time 1738915958515, id to look up=18 198 252 6 , id of local node=31 80 111 140 , id of predecessor=29 180 217 92 
2025-02-07 03:12:38 FATAL 31 80 111 140 :379  - The rare situation has occured at time 1738915958746, id to look up=77 19 75 192 , id of local node=31 80 111 140 , id of predecessor=29 180 217 92 
2025-02-07 03:12:39 FATAL 31 80 111 140 :379  - The rare situation has occured at time 1738915959597, id to look up=10 87 203 83 , id of local node=31 80 111 140 , id of predecessor=29 180 217 92 
2025-02-07 03:12:39 FATAL 31 80 111 140 :379  - The rare situation has occured at time 1738915959912, id to look up=119 25 161 199 , id of local node=31 80 111 140 , id of predecessor=29 180 217 92 
2025-02-07 03:13:22 FATAL 31 80 111 140 :379  - The rare situation has occured at time 1738916002947, id to look up=119 222 104 218 , id of local node=31 80 111 140 , id of predecessor=29 180 217 92 
2025-02-07 03:13:23 FATAL 31 80 111 140 :379  - The rare situation has occured at time 1738916003891, id to look up=27 100 83 137 , id of local node=31 80 111 140 , id of predecessor=29 180 217 92 
2025-02-07 03:13:25 FATAL 31 80 111 140 :379  - The rare situation has occured at time 1738916005186, id to look up=254 93 187 206 , id of local node=31 80 111 140 , id of predecessor=29 180 217 92 
2025-02-07 03:13:25 FATAL 31 80 111 140 :379  - The rare situation has occured at time 1738916005300, id to look up=10 222 124 44 , id of local node=31 80 111 140 , id of predecessor=29 180 217 92 
2025-02-07 03:13:25 FATAL 31 80 111 140 :379  - The rare situation has occured at time 1738916005600, id to look up=23 186 7 145 , id of local node=31 80 111 140 , id of predecessor=29 180 217 92 
2025-02-07 03:13:25 FATAL 31 80 111 140 :379  - The rare situation has occured at time 1738916005710, id to look up=123 82 0 155 , id of local node=31 80 111 140 , id of predecessor=29 180 217 92 
2025-02-07 03:13:26 FATAL 31 80 111 140 :379  - The rare situation has occured at time 1738916006471, id to look up=21 116 189 219 , id of local node=31 80 111 140 , id of predecessor=29 180 217 92 
2025-02-07 03:13:26 FATAL 31 80 111 140 :379  - The rare situation has occured at time 1738916006946, id to look up=7 22 217 112 , id of local node=31 80 111 140 , id of predecessor=29 180 217 92 
2025-02-07 03:13:27 FATAL 31 80 111 140 :379  - The rare situation has occured at time 1738916007879, id to look up=18 198 252 6 , id of local node=31 80 111 140 , id of predecessor=29 180 217 92 
2025-02-07 03:13:28 FATAL 31 80 111 140 :379  - The rare situation has occured at time 1738916008131, id to look up=77 19 75 192 , id of local node=31 80 111 140 , id of predecessor=29 180 217 92 
2025-02-07 03:13:28 FATAL 31 80 111 140 :379  - The rare situation has occured at time 1738916008740, id to look up=10 87 203 83 , id of local node=31 80 111 140 , id of predecessor=29 180 217 92 
2025-02-07 03:13:29 FATAL 31 80 111 140 :379  - The rare situation has occured at time 1738916009086, id to look up=119 25 161 199 , id of local node=31 80 111 140 , id of predecessor=29 180 217 92 
2025-02-07 03:13:50 FATAL 31 80 111 140 :379  - The rare situation has occured at time 1738916030609, id to look up=119 222 104 218 , id of local node=31 80 111 140 , id of predecessor=29 180 217 92 
2025-02-07 03:13:51 FATAL 31 80 111 140 :379  - The rare situation has occured at time 1738916031393, id to look up=27 100 83 137 , id of local node=31 80 111 140 , id of predecessor=29 180 217 92 
2025-02-07 03:13:52 FATAL 31 80 111 140 :379  - The rare situation has occured at time 1738916032538, id to look up=254 93 187 206 , id of local node=31 80 111 140 , id of predecessor=29 180 217 92 
2025-02-07 03:13:52 FATAL 31 80 111 140 :379  - The rare situation has occured at time 1738916032642, id to look up=10 222 124 44 , id of local node=31 80 111 140 , id of predecessor=29 180 217 92 
2025-02-07 03:13:52 FATAL 31 80 111 140 :379  - The rare situation has occured at time 1738916032902, id to look up=23 186 7 145 , id of local node=31 80 111 140 , id of predecessor=29 180 217 92 
2025-02-07 03:13:53 FATAL 31 80 111 140 :379  - The rare situation has occured at time 1738916033003, id to look up=123 82 0 155 , id of local node=31 80 111 140 , id of predecessor=29 180 217 92 
2025-02-07 03:13:53 FATAL 31 80 111 140 :379  - The rare situation has occured at time 1738916033572, id to look up=21 116 189 219 , id of local node=31 80 111 140 , id of predecessor=29 180 217 92 
2025-02-07 03:13:54 FATAL 31 80 111 140 :379  - The rare situation has occured at time 1738916034028, id to look up=7 22 217 112 , id of local node=31 80 111 140 , id of predecessor=29 180 217 92 
2025-02-07 03:13:54 FATAL 31 80 111 140 :379  - The rare situation has occured at time 1738916034951, id to look up=18 198 252 6 , id of local node=31 80 111 140 , id of predecessor=29 180 217 92 
2025-02-07 03:13:55 FATAL 31 80 111 140 :379  - The rare situation has occured at time 1738916035213, id to look up=77 19 75 192 , id of local node=31 80 111 140 , id of predecessor=29 180 217 92 
2025-02-07 03:13:55 FATAL 31 80 111 140 :379  - The rare situation has occured at time 1738916035842, id to look up=10 87 203 83 , id of local node=31 80 111 140 , id of predecessor=29 180 217 92 
2025-02-07 03:13:56 FATAL 31 80 111 140 :379  - The rare situation has occured at time 1738916036208, id to look up=119 25 161 199 , id of local node=31 80 111 140 , id of predecessor=29 180 217 92 
