2025-02-07 03:07:04 WARN  OpenChordTest:203  - Peer joined at ocsocket://localhost:8100/ via ocsocket://localhost:8080/
2025-02-07 03:07:05 WARN  OpenChordTest:58  - Insert time for key 20 = 450 ms
2025-02-07 03:07:05 WARN  OpenChordTest:60  - Inserted (20, default)
2025-02-07 03:07:05 WARN  OpenChordTest:64  - Memory usage at ocsocket://localhost:8100/ = 22 MB
2025-02-07 03:09:45 FATAL 204 191 22 172 :379  - The rare situation has occured at time 1738915785061, id to look up=119 222 104 218 , id of local node=204 191 22 172 , id of predecessor=198 23 79 243 
2025-02-07 03:09:46 FATAL 204 191 22 172 :379  - The rare situation has occured at time 1738915786539, id to look up=172 52 120 214 , id of local node=204 191 22 172 , id of predecessor=198 23 79 243 
2025-02-07 03:09:47 FATAL 204 191 22 172 :379  - The rare situation has occured at time 1738915787112, id to look up=193 223 217 110 , id of local node=204 191 22 172 , id of predecessor=198 23 79 243 
2025-02-07 03:09:48 FATAL 204 191 22 172 :379  - The rare situation has occured at time 1738915788009, id to look up=177 213 120 17 , id of local node=204 191 22 172 , id of predecessor=198 23 79 243 
2025-02-07 03:09:48 FATAL 204 191 22 172 :379  - The rare situation has occured at time 1738915788440, id to look up=123 82 0 155 , id of local node=204 191 22 172 , id of predecessor=198 23 79 243 
2025-02-07 03:09:48 FATAL 204 191 22 172 :379  - The rare situation has occured at time 1738915788600, id to look up=189 48 122 62 , id of local node=204 191 22 172 , id of predecessor=198 23 79 243 
2025-02-07 03:09:49 FATAL 204 191 22 172 :379  - The rare situation has occured at time 1738915789982, id to look up=158 106 85 182 , id of local node=204 191 22 172 , id of predecessor=198 23 79 243 
2025-02-07 03:09:50 FATAL 204 191 22 172 :379  - The rare situation has occured at time 1738915790141, id to look up=179 240 199 246 , id of local node=204 191 22 172 , id of predecessor=198 23 79 243 
2025-02-07 03:09:50 FATAL 204 191 22 172 :379  - The rare situation has occured at time 1738915790775, id to look up=77 19 75 192 , id of local node=204 191 22 172 , id of predecessor=198 23 79 243 
2025-02-07 03:09:51 FATAL 204 191 22 172 :379  - The rare situation has occured at time 1738915791727, id to look up=188 51 234 78 , id of local node=204 191 22 172 , id of predecessor=198 23 79 243 
2025-02-07 03:09:52 FATAL 204 191 22 172 :379  - The rare situation has occured at time 1738915792673, id to look up=119 25 161 199 , id of local node=204 191 22 172 , id of predecessor=198 23 79 243 
2025-02-07 03:12:07 FATAL 204 191 22 172 :379  - The rare situation has occured at time 1738915927227, id to look up=119 222 104 218 , id of local node=204 191 22 172 , id of predecessor=198 23 79 243 
2025-02-07 03:12:07 FATAL 204 191 22 172 :379  - The rare situation has occured at time 1738915927823, id to look up=172 52 120 214 , id of local node=204 191 22 172 , id of predecessor=198 23 79 243 
2025-02-07 03:12:08 FATAL 204 191 22 172 :379  - The rare situation has occured at time 1738915928327, id to look up=193 223 217 110 , id of local node=204 191 22 172 , id of predecessor=198 23 79 243 
2025-02-07 03:12:09 FATAL 204 191 22 172 :379  - The rare situation has occured at time 1738915929034, id to look up=177 213 120 17 , id of local node=204 191 22 172 , id of predecessor=198 23 79 243 
2025-02-07 03:12:09 FATAL 204 191 22 172 :379  - The rare situation has occured at time 1738915929465, id to look up=123 82 0 155 , id of local node=204 191 22 172 , id of predecessor=198 23 79 243 
2025-02-07 03:12:09 FATAL 204 191 22 172 :379  - The rare situation has occured at time 1738915929644, id to look up=189 48 122 62 , id of local node=204 191 22 172 , id of predecessor=198 23 79 243 
2025-02-07 03:12:10 FATAL 204 191 22 172 :379  - The rare situation has occured at time 1738915930917, id to look up=158 106 85 182 , id of local node=204 191 22 172 , id of predecessor=198 23 79 243 
2025-02-07 03:12:11 FATAL 204 191 22 172 :379  - The rare situation has occured at time 1738915931074, id to look up=179 240 199 246 , id of local node=204 191 22 172 , id of predecessor=198 23 79 243 
2025-02-07 03:12:11 FATAL 204 191 22 172 :379  - The rare situation has occured at time 1738915931690, id to look up=77 19 75 192 , id of local node=204 191 22 172 , id of predecessor=198 23 79 243 
2025-02-07 03:12:12 FATAL 204 191 22 172 :379  - The rare situation has occured at time 1738915932222, id to look up=188 51 234 78 , id of local node=204 191 22 172 , id of predecessor=198 23 79 243 
2025-02-07 03:12:13 FATAL 204 191 22 172 :379  - The rare situation has occured at time 1738915933147, id to look up=119 25 161 199 , id of local node=204 191 22 172 , id of predecessor=198 23 79 243 
2025-02-07 03:12:34 FATAL 204 191 22 172 :379  - The rare situation has occured at time 1738915954412, id to look up=119 222 104 218 , id of local node=204 191 22 172 , id of predecessor=198 23 79 243 
2025-02-07 03:12:35 FATAL 204 191 22 172 :379  - The rare situation has occured at time 1738915955009, id to look up=172 52 120 214 , id of local node=204 191 22 172 , id of predecessor=198 23 79 243 
2025-02-07 03:12:35 FATAL 204 191 22 172 :379  - The rare situation has occured at time 1738915955532, id to look up=193 223 217 110 , id of local node=204 191 22 172 , id of predecessor=198 23 79 243 
2025-02-07 03:12:36 FATAL 204 191 22 172 :379  - The rare situation has occured at time 1738915956208, id to look up=177 213 120 17 , id of local node=204 191 22 172 , id of predecessor=198 23 79 243 
2025-02-07 03:12:36 FATAL 204 191 22 172 :379  - The rare situation has occured at time 1738915956608, id to look up=123 82 0 155 , id of local node=204 191 22 172 , id of predecessor=198 23 79 243 
2025-02-07 03:12:36 FATAL 204 191 22 172 :379  - The rare situation has occured at time 1738915956779, id to look up=189 48 122 62 , id of local node=204 191 22 172 , id of predecessor=198 23 79 243 
2025-02-07 03:12:38 FATAL 204 191 22 172 :379  - The rare situation has occured at time 1738915958072, id to look up=158 106 85 182 , id of local node=204 191 22 172 , id of predecessor=198 23 79 243 
2025-02-07 03:12:38 FATAL 204 191 22 172 :379  - The rare situation has occured at time 1738915958250, id to look up=179 240 199 246 , id of local node=204 191 22 172 , id of predecessor=198 23 79 243 
2025-02-07 03:12:38 FATAL 204 191 22 172 :379  - The rare situation has occured at time 1738915958896, id to look up=77 19 75 192 , id of local node=204 191 22 172 , id of predecessor=198 23 79 243 
2025-02-07 03:12:39 FATAL 204 191 22 172 :379  - The rare situation has occured at time 1738915959438, id to look up=188 51 234 78 , id of local node=204 191 22 172 , id of predecessor=198 23 79 243 
2025-02-07 03:12:40 FATAL 204 191 22 172 :379  - The rare situation has occured at time 1738915960372, id to look up=119 25 161 199 , id of local node=204 191 22 172 , id of predecessor=198 23 79 243 
2025-02-07 03:13:23 FATAL 204 191 22 172 :379  - The rare situation has occured at time 1738916003356, id to look up=119 222 104 218 , id of local node=204 191 22 172 , id of predecessor=198 23 79 243 
2025-02-07 03:13:23 FATAL 204 191 22 172 :379  - The rare situation has occured at time 1738916003961, id to look up=172 52 120 214 , id of local node=204 191 22 172 , id of predecessor=198 23 79 243 
2025-02-07 03:13:24 FATAL 204 191 22 172 :379  - The rare situation has occured at time 1738916004486, id to look up=193 223 217 110 , id of local node=204 191 22 172 , id of predecessor=198 23 79 243 
2025-02-07 03:13:25 FATAL 204 191 22 172 :379  - The rare situation has occured at time 1738916005421, id to look up=177 213 120 17 , id of local node=204 191 22 172 , id of predecessor=198 23 79 243 
2025-02-07 03:13:25 FATAL 204 191 22 172 :379  - The rare situation has occured at time 1738916005874, id to look up=123 82 0 155 , id of local node=204 191 22 172 , id of predecessor=198 23 79 243 
2025-02-07 03:13:26 FATAL 204 191 22 172 :379  - The rare situation has occured at time 1738916006032, id to look up=189 48 122 62 , id of local node=204 191 22 172 , id of predecessor=198 23 79 243 
2025-02-07 03:13:27 FATAL 204 191 22 172 :379  - The rare situation has occured at time 1738916007396, id to look up=158 106 85 182 , id of local node=204 191 22 172 , id of predecessor=198 23 79 243 
2025-02-07 03:13:27 FATAL 204 191 22 172 :379  - The rare situation has occured at time 1738916007620, id to look up=179 240 199 246 , id of local node=204 191 22 172 , id of predecessor=198 23 79 243 
2025-02-07 03:13:28 FATAL 204 191 22 172 :379  - The rare situation has occured at time 1738916008184, id to look up=77 19 75 192 , id of local node=204 191 22 172 , id of predecessor=198 23 79 243 
2025-02-07 03:13:28 FATAL 204 191 22 172 :379  - The rare situation has occured at time 1738916008622, id to look up=188 51 234 78 , id of local node=204 191 22 172 , id of predecessor=198 23 79 243 
2025-02-07 03:13:29 FATAL 204 191 22 172 :379  - The rare situation has occured at time 1738916009446, id to look up=119 25 161 199 , id of local node=204 191 22 172 , id of predecessor=198 23 79 243 
2025-02-07 03:13:50 FATAL 204 191 22 172 :379  - The rare situation has occured at time 1738916030918, id to look up=119 222 104 218 , id of local node=204 191 22 172 , id of predecessor=198 23 79 243 
2025-02-07 03:13:51 FATAL 204 191 22 172 :379  - The rare situation has occured at time 1738916031453, id to look up=172 52 120 214 , id of local node=204 191 22 172 , id of predecessor=198 23 79 243 
2025-02-07 03:13:51 FATAL 204 191 22 172 :379  - The rare situation has occured at time 1738916031978, id to look up=193 223 217 110 , id of local node=204 191 22 172 , id of predecessor=198 23 79 243 
2025-02-07 03:13:52 FATAL 204 191 22 172 :379  - The rare situation has occured at time 1738916032744, id to look up=177 213 120 17 , id of local node=204 191 22 172 , id of predecessor=198 23 79 243 
2025-02-07 03:13:53 FATAL 204 191 22 172 :379  - The rare situation has occured at time 1738916033154, id to look up=123 82 0 155 , id of local node=204 191 22 172 , id of predecessor=198 23 79 243 
2025-02-07 03:13:53 FATAL 204 191 22 172 :379  - The rare situation has occured at time 1738916033315, id to look up=189 48 122 62 , id of local node=204 191 22 172 , id of predecessor=198 23 79 243 
2025-02-07 03:13:54 FATAL 204 191 22 172 :379  - The rare situation has occured at time 1738916034478, id to look up=158 106 85 182 , id of local node=204 191 22 172 , id of predecessor=198 23 79 243 
2025-02-07 03:13:54 FATAL 204 191 22 172 :379  - The rare situation has occured at time 1738916034702, id to look up=179 240 199 246 , id of local node=204 191 22 172 , id of predecessor=198 23 79 243 
2025-02-07 03:13:55 FATAL 204 191 22 172 :379  - The rare situation has occured at time 1738916035276, id to look up=77 19 75 192 , id of local node=204 191 22 172 , id of predecessor=198 23 79 243 
2025-02-07 03:13:55 FATAL 204 191 22 172 :379  - The rare situation has occured at time 1738916035713, id to look up=188 51 234 78 , id of local node=204 191 22 172 , id of predecessor=198 23 79 243 
2025-02-07 03:13:56 FATAL 204 191 22 172 :379  - The rare situation has occured at time 1738916036568, id to look up=119 25 161 199 , id of local node=204 191 22 172 , id of predecessor=198 23 79 243 
