2025-02-07 03:07:02 WARN  OpenChordTest:203  - Peer joined at ocsocket://localhost:8099/ via ocsocket://localhost:8080/
2025-02-07 03:07:02 WARN  OpenChordTest:58  - Insert time for key 19 = 723 ms
2025-02-07 03:07:02 WARN  OpenChordTest:60  - Inserted (19, default)
2025-02-07 03:07:02 WARN  OpenChordTest:64  - Memory usage at ocsocket://localhost:8099/ = 21 MB
2025-02-07 03:09:45 FATAL 214 35 194 29 :379  - The rare situation has occured at time 1738915785054, id to look up=119 222 104 218 , id of local node=214 35 194 29 , id of predecessor=211 42 117 238 
2025-02-07 03:09:46 FATAL 214 35 194 29 :379  - The rare situation has occured at time 1738915786536, id to look up=172 52 120 214 , id of local node=214 35 194 29 , id of predecessor=211 42 117 238 
2025-02-07 03:09:46 FATAL 214 35 194 29 :379  - The rare situation has occured at time 1738915786912, id to look up=193 223 217 110 , id of local node=214 35 194 29 , id of predecessor=211 42 117 238 
2025-02-07 03:09:48 FATAL 214 35 194 29 :379  - The rare situation has occured at time 1738915788006, id to look up=177 213 120 17 , id of local node=214 35 194 29 , id of predecessor=211 42 117 238 
2025-02-07 03:09:48 FATAL 214 35 194 29 :379  - The rare situation has occured at time 1738915788437, id to look up=123 82 0 155 , id of local node=214 35 194 29 , id of predecessor=211 42 117 238 
2025-02-07 03:09:48 FATAL 214 35 194 29 :379  - The rare situation has occured at time 1738915788597, id to look up=189 48 122 62 , id of local node=214 35 194 29 , id of predecessor=211 42 117 238 
2025-02-07 03:09:49 FATAL 214 35 194 29 :379  - The rare situation has occured at time 1738915789772, id to look up=158 106 85 182 , id of local node=214 35 194 29 , id of predecessor=211 42 117 238 
2025-02-07 03:09:50 FATAL 214 35 194 29 :379  - The rare situation has occured at time 1738915790137, id to look up=179 240 199 246 , id of local node=214 35 194 29 , id of predecessor=211 42 117 238 
2025-02-07 03:09:50 FATAL 214 35 194 29 :379  - The rare situation has occured at time 1738915790772, id to look up=77 19 75 192 , id of local node=214 35 194 29 , id of predecessor=211 42 117 238 
2025-02-07 03:09:51 FATAL 214 35 194 29 :379  - The rare situation has occured at time 1738915791724, id to look up=188 51 234 78 , id of local node=214 35 194 29 , id of predecessor=211 42 117 238 
2025-02-07 03:09:52 FATAL 214 35 194 29 :379  - The rare situation has occured at time 1738915792462, id to look up=119 25 161 199 , id of local node=214 35 194 29 , id of predecessor=211 42 117 238 
2025-02-07 03:09:53 FATAL 214 35 194 29 :379  - The rare situation has occured at time 1738915793366, id to look up=203 78 82 8 , id of local node=214 35 194 29 , id of predecessor=211 42 117 238 
2025-02-07 03:12:07 FATAL 214 35 194 29 :379  - The rare situation has occured at time 1738915927017, id to look up=119 222 104 218 , id of local node=214 35 194 29 , id of predecessor=211 42 117 238 
2025-02-07 03:12:07 FATAL 214 35 194 29 :379  - The rare situation has occured at time 1738915927820, id to look up=172 52 120 214 , id of local node=214 35 194 29 , id of predecessor=211 42 117 238 
2025-02-07 03:12:08 FATAL 214 35 194 29 :379  - The rare situation has occured at time 1738915928127, id to look up=193 223 217 110 , id of local node=214 35 194 29 , id of predecessor=211 42 117 238 
2025-02-07 03:12:09 FATAL 214 35 194 29 :379  - The rare situation has occured at time 1738915929031, id to look up=177 213 120 17 , id of local node=214 35 194 29 , id of predecessor=211 42 117 238 
2025-02-07 03:12:09 FATAL 214 35 194 29 :379  - The rare situation has occured at time 1738915929462, id to look up=123 82 0 155 , id of local node=214 35 194 29 , id of predecessor=211 42 117 238 
2025-02-07 03:12:09 FATAL 214 35 194 29 :379  - The rare situation has occured at time 1738915929641, id to look up=189 48 122 62 , id of local node=214 35 194 29 , id of predecessor=211 42 117 238 
2025-02-07 03:12:10 FATAL 214 35 194 29 :379  - The rare situation has occured at time 1738915930707, id to look up=158 106 85 182 , id of local node=214 35 194 29 , id of predecessor=211 42 117 238 
2025-02-07 03:12:11 FATAL 214 35 194 29 :379  - The rare situation has occured at time 1738915931071, id to look up=179 240 199 246 , id of local node=214 35 194 29 , id of predecessor=211 42 117 238 
2025-02-07 03:12:11 FATAL 214 35 194 29 :379  - The rare situation has occured at time 1738915931687, id to look up=77 19 75 192 , id of local node=214 35 194 29 , id of predecessor=211 42 117 238 
2025-02-07 03:12:12 FATAL 214 35 194 29 :379  - The rare situation has occured at time 1738915932220, id to look up=188 51 234 78 , id of local node=214 35 194 29 , id of predecessor=211 42 117 238 
2025-02-07 03:12:12 FATAL 214 35 194 29 :379  - The rare situation has occured at time 1738915932947, id to look up=119 25 161 199 , id of local node=214 35 194 29 , id of predecessor=211 42 117 238 
2025-02-07 03:12:13 FATAL 214 35 194 29 :379  - The rare situation has occured at time 1738915933561, id to look up=203 78 82 8 , id of local node=214 35 194 29 , id of predecessor=211 42 117 238 
2025-02-07 03:12:34 FATAL 214 35 194 29 :379  - The rare situation has occured at time 1738915954202, id to look up=119 222 104 218 , id of local node=214 35 194 29 , id of predecessor=211 42 117 238 
2025-02-07 03:12:35 FATAL 214 35 194 29 :379  - The rare situation has occured at time 1738915955004, id to look up=172 52 120 214 , id of local node=214 35 194 29 , id of predecessor=211 42 117 238 
2025-02-07 03:12:35 FATAL 214 35 194 29 :379  - The rare situation has occured at time 1738915955322, id to look up=193 223 217 110 , id of local node=214 35 194 29 , id of predecessor=211 42 117 238 
2025-02-07 03:12:36 FATAL 214 35 194 29 :379  - The rare situation has occured at time 1738915956206, id to look up=177 213 120 17 , id of local node=214 35 194 29 , id of predecessor=211 42 117 238 
2025-02-07 03:12:36 FATAL 214 35 194 29 :379  - The rare situation has occured at time 1738915956606, id to look up=123 82 0 155 , id of local node=214 35 194 29 , id of predecessor=211 42 117 238 
2025-02-07 03:12:36 FATAL 214 35 194 29 :379  - The rare situation has occured at time 1738915956776, id to look up=189 48 122 62 , id of local node=214 35 194 29 , id of predecessor=211 42 117 238 
2025-02-07 03:12:37 FATAL 214 35 194 29 :379  - The rare situation has occured at time 1738915957872, id to look up=158 106 85 182 , id of local node=214 35 194 29 , id of predecessor=211 42 117 238 
2025-02-07 03:12:38 FATAL 214 35 194 29 :379  - The rare situation has occured at time 1738915958247, id to look up=179 240 199 246 , id of local node=214 35 194 29 , id of predecessor=211 42 117 238 
2025-02-07 03:12:38 FATAL 214 35 194 29 :379  - The rare situation has occured at time 1738915958892, id to look up=77 19 75 192 , id of local node=214 35 194 29 , id of predecessor=211 42 117 238 
2025-02-07 03:12:39 FATAL 214 35 194 29 :379  - The rare situation has occured at time 1738915959435, id to look up=188 51 234 78 , id of local node=214 35 194 29 , id of predecessor=211 42 117 238 
2025-02-07 03:12:40 FATAL 214 35 194 29 :379  - The rare situation has occured at time 1738915960173, id to look up=119 25 161 199 , id of local node=214 35 194 29 , id of predecessor=211 42 117 238 
2025-02-07 03:12:40 FATAL 214 35 194 29 :379  - The rare situation has occured at time 1738915960754, id to look up=203 78 82 8 , id of local node=214 35 194 29 , id of predecessor=211 42 117 238 
2025-02-07 03:13:23 FATAL 214 35 194 29 :379  - The rare situation has occured at time 1738916003146, id to look up=119 222 104 218 , id of local node=214 35 194 29 , id of predecessor=211 42 117 238 
2025-02-07 03:13:23 FATAL 214 35 194 29 :379  - The rare situation has occured at time 1738916003959, id to look up=172 52 120 214 , id of local node=214 35 194 29 , id of predecessor=211 42 117 238 
2025-02-07 03:13:24 FATAL 214 35 194 29 :379  - The rare situation has occured at time 1738916004276, id to look up=193 223 217 110 , id of local node=214 35 194 29 , id of predecessor=211 42 117 238 
2025-02-07 03:13:25 FATAL 214 35 194 29 :379  - The rare situation has occured at time 1738916005419, id to look up=177 213 120 17 , id of local node=214 35 194 29 , id of predecessor=211 42 117 238 
2025-02-07 03:13:25 FATAL 214 35 194 29 :379  - The rare situation has occured at time 1738916005870, id to look up=123 82 0 155 , id of local node=214 35 194 29 , id of predecessor=211 42 117 238 
2025-02-07 03:13:26 FATAL 214 35 194 29 :379  - The rare situation has occured at time 1738916006029, id to look up=189 48 122 62 , id of local node=214 35 194 29 , id of predecessor=211 42 117 238 
2025-02-07 03:13:27 FATAL 214 35 194 29 :379  - The rare situation has occured at time 1738916007196, id to look up=158 106 85 182 , id of local node=214 35 194 29 , id of predecessor=211 42 117 238 
2025-02-07 03:13:27 FATAL 214 35 194 29 :379  - The rare situation has occured at time 1738916007617, id to look up=179 240 199 246 , id of local node=214 35 194 29 , id of predecessor=211 42 117 238 
2025-02-07 03:13:28 FATAL 214 35 194 29 :379  - The rare situation has occured at time 1738916008181, id to look up=77 19 75 192 , id of local node=214 35 194 29 , id of predecessor=211 42 117 238 
2025-02-07 03:13:28 FATAL 214 35 194 29 :379  - The rare situation has occured at time 1738916008619, id to look up=188 51 234 78 , id of local node=214 35 194 29 , id of predecessor=211 42 117 238 
2025-02-07 03:13:29 FATAL 214 35 194 29 :379  - The rare situation has occured at time 1738916009237, id to look up=119 25 161 199 , id of local node=214 35 194 29 , id of predecessor=211 42 117 238 
2025-02-07 03:13:30 FATAL 214 35 194 29 :379  - The rare situation has occured at time 1738916010127, id to look up=203 78 82 8 , id of local node=214 35 194 29 , id of predecessor=211 42 117 238 
2025-02-07 03:13:50 FATAL 214 35 194 29 :379  - The rare situation has occured at time 1738916030718, id to look up=119 222 104 218 , id of local node=214 35 194 29 , id of predecessor=211 42 117 238 
2025-02-07 03:13:51 FATAL 214 35 194 29 :379  - The rare situation has occured at time 1738916031451, id to look up=172 52 120 214 , id of local node=214 35 194 29 , id of predecessor=211 42 117 238 
2025-02-07 03:13:51 FATAL 214 35 194 29 :379  - The rare situation has occured at time 1738916031778, id to look up=193 223 217 110 , id of local node=214 35 194 29 , id of predecessor=211 42 117 238 
2025-02-07 03:13:52 FATAL 214 35 194 29 :379  - The rare situation has occured at time 1738916032741, id to look up=177 213 120 17 , id of local node=214 35 194 29 , id of predecessor=211 42 117 238 
2025-02-07 03:13:53 FATAL 214 35 194 29 :379  - The rare situation has occured at time 1738916033151, id to look up=123 82 0 155 , id of local node=214 35 194 29 , id of predecessor=211 42 117 238 
2025-02-07 03:13:53 FATAL 214 35 194 29 :379  - The rare situation has occured at time 1738916033311, id to look up=189 48 122 62 , id of local node=214 35 194 29 , id of predecessor=211 42 117 238 
2025-02-07 03:13:54 FATAL 214 35 194 29 :379  - The rare situation has occured at time 1738916034278, id to look up=158 106 85 182 , id of local node=214 35 194 29 , id of predecessor=211 42 117 238 
2025-02-07 03:13:54 FATAL 214 35 194 29 :379  - The rare situation has occured at time 1738916034699, id to look up=179 240 199 246 , id of local node=214 35 194 29 , id of predecessor=211 42 117 238 
2025-02-07 03:13:55 FATAL 214 35 194 29 :379  - The rare situation has occured at time 1738916035273, id to look up=77 19 75 192 , id of local node=214 35 194 29 , id of predecessor=211 42 117 238 
2025-02-07 03:13:55 FATAL 214 35 194 29 :379  - The rare situation has occured at time 1738916035711, id to look up=188 51 234 78 , id of local node=214 35 194 29 , id of predecessor=211 42 117 238 
2025-02-07 03:13:56 FATAL 214 35 194 29 :379  - The rare situation has occured at time 1738916036367, id to look up=119 25 161 199 , id of local node=214 35 194 29 , id of predecessor=211 42 117 238 
2025-02-07 03:13:56 FATAL 214 35 194 29 :379  - The rare situation has occured at time 1738916036939, id to look up=203 78 82 8 , id of local node=214 35 194 29 , id of predecessor=211 42 117 238 
