2025-02-07 03:07:31 WARN  OpenChordTest:203  - Peer joined at ocsocket://localhost:8112/ via ocsocket://localhost:8080/
2025-02-07 03:07:31 WARN  OpenChordTest:58  - Insert time for key 32 = 154 ms
2025-02-07 03:07:31 WARN  OpenChordTest:60  - Inserted (32, default)
2025-02-07 03:07:31 WARN  OpenChordTest:64  - Memory usage at ocsocket://localhost:8112/ = 11 MB
2025-02-07 03:09:45 FATAL 171 169 249 91 :379  - The rare situation has occured at time 1738915785233, id to look up=119 222 104 218 , id of local node=171 169 249 91 , id of predecessor=161 201 197 38 
2025-02-07 03:09:48 FATAL 171 169 249 91 :379  - The rare situation has occured at time 1738915788484, id to look up=123 82 0 155 , id of local node=171 169 249 91 , id of predecessor=161 201 197 38 
2025-02-07 03:09:50 FATAL 171 169 249 91 :379  - The rare situation has occured at time 1738915790083, id to look up=158 106 85 182 , id of local node=171 169 249 91 , id of predecessor=161 201 197 38 
2025-02-07 03:09:50 FATAL 171 169 249 91 :379  - The rare situation has occured at time 1738915790883, id to look up=77 19 75 192 , id of local node=171 169 249 91 , id of predecessor=161 201 197 38 
2025-02-07 03:09:52 FATAL 171 169 249 91 :379  - The rare situation has occured at time 1738915792773, id to look up=119 25 161 199 , id of local node=171 169 249 91 , id of predecessor=161 201 197 38 
2025-02-07 03:12:07 FATAL 171 169 249 91 :379  - The rare situation has occured at time 1738915927338, id to look up=119 222 104 218 , id of local node=171 169 249 91 , id of predecessor=161 201 197 38 
2025-02-07 03:12:09 FATAL 171 169 249 91 :379  - The rare situation has occured at time 1738915929518, id to look up=123 82 0 155 , id of local node=171 169 249 91 , id of predecessor=161 201 197 38 
2025-02-07 03:12:11 FATAL 171 169 249 91 :379  - The rare situation has occured at time 1738915931018, id to look up=158 106 85 182 , id of local node=171 169 249 91 , id of predecessor=161 201 197 38 
2025-02-07 03:12:11 FATAL 171 169 249 91 :379  - The rare situation has occured at time 1738915931797, id to look up=77 19 75 192 , id of local node=171 169 249 91 , id of predecessor=161 201 197 38 
2025-02-07 03:12:13 FATAL 171 169 249 91 :379  - The rare situation has occured at time 1738915933258, id to look up=119 25 161 199 , id of local node=171 169 249 91 , id of predecessor=161 201 197 38 
2025-02-07 03:12:34 FATAL 171 169 249 91 :379  - The rare situation has occured at time 1738915954512, id to look up=119 222 104 218 , id of local node=171 169 249 91 , id of predecessor=161 201 197 38 
2025-02-07 03:12:36 FATAL 171 169 249 91 :379  - The rare situation has occured at time 1738915956653, id to look up=123 82 0 155 , id of local node=171 169 249 91 , id of predecessor=161 201 197 38 
2025-02-07 03:12:38 FATAL 171 169 249 91 :379  - The rare situation has occured at time 1738915958183, id to look up=158 106 85 182 , id of local node=171 169 249 91 , id of predecessor=161 201 197 38 
2025-02-07 03:12:38 FATAL 171 169 249 91 :379  - The rare situation has occured at time 1738915958992, id to look up=77 19 75 192 , id of local node=171 169 249 91 , id of predecessor=161 201 197 38 
2025-02-07 03:12:40 FATAL 171 169 249 91 :379  - The rare situation has occured at time 1738915960483, id to look up=119 25 161 199 , id of local node=171 169 249 91 , id of predecessor=161 201 197 38 
2025-02-07 03:13:23 FATAL 171 169 249 91 :379  - The rare situation has occured at time 1738916003456, id to look up=119 222 104 218 , id of local node=171 169 249 91 , id of predecessor=161 201 197 38 
2025-02-07 03:13:25 FATAL 171 169 249 91 :379  - The rare situation has occured at time 1738916005917, id to look up=123 82 0 155 , id of local node=171 169 249 91 , id of predecessor=161 201 197 38 
2025-02-07 03:13:27 FATAL 171 169 249 91 :379  - The rare situation has occured at time 1738916007517, id to look up=158 106 85 182 , id of local node=171 169 249 91 , id of predecessor=161 201 197 38 
2025-02-07 03:13:28 FATAL 171 169 249 91 :379  - The rare situation has occured at time 1738916008286, id to look up=77 19 75 192 , id of local node=171 169 249 91 , id of predecessor=161 201 197 38 
2025-02-07 03:13:29 FATAL 171 169 249 91 :379  - The rare situation has occured at time 1738916009557, id to look up=119 25 161 199 , id of local node=171 169 249 91 , id of predecessor=161 201 197 38 
2025-02-07 03:13:51 FATAL 171 169 249 91 :379  - The rare situation has occured at time 1738916031018, id to look up=119 222 104 218 , id of local node=171 169 249 91 , id of predecessor=161 201 197 38 
2025-02-07 03:13:53 FATAL 171 169 249 91 :379  - The rare situation has occured at time 1738916033199, id to look up=123 82 0 155 , id of local node=171 169 249 91 , id of predecessor=161 201 197 38 
2025-02-07 03:13:54 FATAL 171 169 249 91 :379  - The rare situation has occured at time 1738916034589, id to look up=158 106 85 182 , id of local node=171 169 249 91 , id of predecessor=161 201 197 38 
2025-02-07 03:13:55 FATAL 171 169 249 91 :379  - The rare situation has occured at time 1738916035368, id to look up=77 19 75 192 , id of local node=171 169 249 91 , id of predecessor=161 201 197 38 
2025-02-07 03:13:56 FATAL 171 169 249 91 :379  - The rare situation has occured at time 1738916036669, id to look up=119 25 161 199 , id of local node=171 169 249 91 , id of predecessor=161 201 197 38 
