2025-02-07 03:06:52 WARN  OpenChordTest:203  - Peer joined at ocsocket://localhost:8094/ via ocsocket://localhost:8080/
2025-02-07 03:06:52 WARN  OpenChordTest:58  - Insert time for key 14 = 311 ms
2025-02-07 03:06:52 WARN  OpenChordTest:60  - Inserted (14, default)
2025-02-07 03:06:52 WARN  OpenChordTest:64  - Memory usage at ocsocket://localhost:8094/ = 18 MB
2025-02-07 03:09:45 FATAL 191 94 184 109 :379  - The rare situation has occured at time 1738915785066, id to look up=119 222 104 218 , id of local node=191 94 184 109 , id of predecessor=171 169 249 91 
2025-02-07 03:09:48 FATAL 191 94 184 109 :379  - The rare situation has occured at time 1738915788482, id to look up=123 82 0 155 , id of local node=191 94 184 109 , id of predecessor=171 169 249 91 
2025-02-07 03:09:50 FATAL 191 94 184 109 :379  - The rare situation has occured at time 1738915790082, id to look up=158 106 85 182 , id of local node=191 94 184 109 , id of predecessor=171 169 249 91 
2025-02-07 03:09:50 FATAL 191 94 184 109 :379  - The rare situation has occured at time 1738915790822, id to look up=77 19 75 192 , id of local node=191 94 184 109 , id of predecessor=171 169 249 91 
2025-02-07 03:09:52 FATAL 191 94 184 109 :379  - The rare situation has occured at time 1738915792772, id to look up=119 25 161 199 , id of local node=191 94 184 109 , id of predecessor=171 169 249 91 
2025-02-07 03:12:07 FATAL 191 94 184 109 :379  - The rare situation has occured at time 1738915927277, id to look up=119 222 104 218 , id of local node=191 94 184 109 , id of predecessor=171 169 249 91 
2025-02-07 03:12:09 FATAL 191 94 184 109 :379  - The rare situation has occured at time 1738915929517, id to look up=123 82 0 155 , id of local node=191 94 184 109 , id of predecessor=171 169 249 91 
2025-02-07 03:12:11 FATAL 191 94 184 109 :379  - The rare situation has occured at time 1738915931017, id to look up=158 106 85 182 , id of local node=191 94 184 109 , id of predecessor=171 169 249 91 
2025-02-07 03:12:11 FATAL 191 94 184 109 :379  - The rare situation has occured at time 1738915931747, id to look up=77 19 75 192 , id of local node=191 94 184 109 , id of predecessor=171 169 249 91 
2025-02-07 03:12:13 FATAL 191 94 184 109 :379  - The rare situation has occured at time 1738915933257, id to look up=119 25 161 199 , id of local node=191 94 184 109 , id of predecessor=171 169 249 91 
2025-02-07 03:12:34 FATAL 191 94 184 109 :379  - The rare situation has occured at time 1738915954462, id to look up=119 222 104 218 , id of local node=191 94 184 109 , id of predecessor=171 169 249 91 
2025-02-07 03:12:36 FATAL 191 94 184 109 :379  - The rare situation has occured at time 1738915956652, id to look up=123 82 0 155 , id of local node=191 94 184 109 , id of predecessor=171 169 249 91 
2025-02-07 03:12:38 FATAL 191 94 184 109 :379  - The rare situation has occured at time 1738915958182, id to look up=158 106 85 182 , id of local node=191 94 184 109 , id of predecessor=171 169 249 91 
2025-02-07 03:12:38 FATAL 191 94 184 109 :379  - The rare situation has occured at time 1738915958942, id to look up=77 19 75 192 , id of local node=191 94 184 109 , id of predecessor=171 169 249 91 
2025-02-07 03:12:40 FATAL 191 94 184 109 :379  - The rare situation has occured at time 1738915960482, id to look up=119 25 161 199 , id of local node=191 94 184 109 , id of predecessor=171 169 249 91 
2025-02-07 03:13:23 FATAL 191 94 184 109 :379  - The rare situation has occured at time 1738916003406, id to look up=119 222 104 218 , id of local node=191 94 184 109 , id of predecessor=171 169 249 91 
2025-02-07 03:13:25 FATAL 191 94 184 109 :379  - The rare situation has occured at time 1738916005916, id to look up=123 82 0 155 , id of local node=191 94 184 109 , id of predecessor=171 169 249 91 
2025-02-07 03:13:27 FATAL 191 94 184 109 :379  - The rare situation has occured at time 1738916007516, id to look up=158 106 85 182 , id of local node=191 94 184 109 , id of predecessor=171 169 249 91 
2025-02-07 03:13:28 FATAL 191 94 184 109 :379  - The rare situation has occured at time 1738916008236, id to look up=77 19 75 192 , id of local node=191 94 184 109 , id of predecessor=171 169 249 91 
2025-02-07 03:13:29 FATAL 191 94 184 109 :379  - The rare situation has occured at time 1738916009556, id to look up=119 25 161 199 , id of local node=191 94 184 109 , id of predecessor=171 169 249 91 
2025-02-07 03:13:50 FATAL 191 94 184 109 :379  - The rare situation has occured at time 1738916030968, id to look up=119 222 104 218 , id of local node=191 94 184 109 , id of predecessor=171 169 249 91 
2025-02-07 03:13:53 FATAL 191 94 184 109 :379  - The rare situation has occured at time 1738916033198, id to look up=123 82 0 155 , id of local node=191 94 184 109 , id of predecessor=171 169 249 91 
2025-02-07 03:13:54 FATAL 191 94 184 109 :379  - The rare situation has occured at time 1738916034588, id to look up=158 106 85 182 , id of local node=191 94 184 109 , id of predecessor=171 169 249 91 
2025-02-07 03:13:55 FATAL 191 94 184 109 :379  - The rare situation has occured at time 1738916035318, id to look up=77 19 75 192 , id of local node=191 94 184 109 , id of predecessor=171 169 249 91 
2025-02-07 03:13:56 FATAL 191 94 184 109 :379  - The rare situation has occured at time 1738916036668, id to look up=119 25 161 199 , id of local node=191 94 184 109 , id of predecessor=171 169 249 91 
