2025-02-07 03:06:55 WARN  OpenChordTest:203  - Peer joined at ocsocket://localhost:8095/ via ocsocket://localhost:8080/
2025-02-07 03:06:55 WARN  OpenChordTest:58  - Insert time for key 15 = 110 ms
2025-02-07 03:06:55 WARN  OpenChordTest:60  - Inserted (15, default)
2025-02-07 03:06:55 WARN  OpenChordTest:64  - Memory usage at ocsocket://localhost:8095/ = 21 MB
2025-02-07 03:09:45 FATAL 134 24 122 57 :379  - The rare situation has occured at time 1738915785802, id to look up=119 222 104 218 , id of local node=134 24 122 57 , id of predecessor=125 23 89 250 
2025-02-07 03:09:48 FATAL 134 24 122 57 :379  - The rare situation has occured at time 1738915788489, id to look up=123 82 0 155 , id of local node=134 24 122 57 , id of predecessor=125 23 89 250 
2025-02-07 03:09:50 FATAL 134 24 122 57 :379  - The rare situation has occured at time 1738915790935, id to look up=77 19 75 192 , id of local node=134 24 122 57 , id of predecessor=125 23 89 250 
2025-02-07 03:09:52 FATAL 134 24 122 57 :379  - The rare situation has occured at time 1738915792779, id to look up=119 25 161 199 , id of local node=134 24 122 57 , id of predecessor=125 23 89 250 
2025-02-07 03:12:07 FATAL 134 24 122 57 :379  - The rare situation has occured at time 1738915927597, id to look up=119 222 104 218 , id of local node=134 24 122 57 , id of predecessor=125 23 89 250 
2025-02-07 03:12:09 FATAL 134 24 122 57 :379  - The rare situation has occured at time 1738915929523, id to look up=123 82 0 155 , id of local node=134 24 122 57 , id of predecessor=125 23 89 250 
2025-02-07 03:12:11 FATAL 134 24 122 57 :379  - The rare situation has occured at time 1738915931850, id to look up=77 19 75 192 , id of local node=134 24 122 57 , id of predecessor=125 23 89 250 
2025-02-07 03:12:13 FATAL 134 24 122 57 :379  - The rare situation has occured at time 1738915933263, id to look up=119 25 161 199 , id of local node=134 24 122 57 , id of predecessor=125 23 89 250 
2025-02-07 03:12:34 FATAL 134 24 122 57 :379  - The rare situation has occured at time 1738915954782, id to look up=119 222 104 218 , id of local node=134 24 122 57 , id of predecessor=125 23 89 250 
2025-02-07 03:12:36 FATAL 134 24 122 57 :379  - The rare situation has occured at time 1738915956657, id to look up=123 82 0 155 , id of local node=134 24 122 57 , id of predecessor=125 23 89 250 
2025-02-07 03:12:39 FATAL 134 24 122 57 :379  - The rare situation has occured at time 1738915959045, id to look up=77 19 75 192 , id of local node=134 24 122 57 , id of predecessor=125 23 89 250 
2025-02-07 03:12:40 FATAL 134 24 122 57 :379  - The rare situation has occured at time 1738915960487, id to look up=119 25 161 199 , id of local node=134 24 122 57 , id of predecessor=125 23 89 250 
2025-02-07 03:13:23 FATAL 134 24 122 57 :379  - The rare situation has occured at time 1738916003716, id to look up=119 222 104 218 , id of local node=134 24 122 57 , id of predecessor=125 23 89 250 
2025-02-07 03:13:25 FATAL 134 24 122 57 :379  - The rare situation has occured at time 1738916005921, id to look up=123 82 0 155 , id of local node=134 24 122 57 , id of predecessor=125 23 89 250 
2025-02-07 03:13:28 FATAL 134 24 122 57 :379  - The rare situation has occured at time 1738916008339, id to look up=77 19 75 192 , id of local node=134 24 122 57 , id of predecessor=125 23 89 250 
2025-02-07 03:13:29 FATAL 134 24 122 57 :379  - The rare situation has occured at time 1738916009562, id to look up=119 25 161 199 , id of local node=134 24 122 57 , id of predecessor=125 23 89 250 
2025-02-07 03:13:51 FATAL 134 24 122 57 :379  - The rare situation has occured at time 1738916031278, id to look up=119 222 104 218 , id of local node=134 24 122 57 , id of predecessor=125 23 89 250 
2025-02-07 03:13:53 FATAL 134 24 122 57 :379  - The rare situation has occured at time 1738916033202, id to look up=123 82 0 155 , id of local node=134 24 122 57 , id of predecessor=125 23 89 250 
2025-02-07 03:13:55 FATAL 134 24 122 57 :379  - The rare situation has occured at time 1738916035421, id to look up=77 19 75 192 , id of local node=134 24 122 57 , id of predecessor=125 23 89 250 
2025-02-07 03:13:56 FATAL 134 24 122 57 :379  - The rare situation has occured at time 1738916036673, id to look up=119 25 161 199 , id of local node=134 24 122 57 , id of predecessor=125 23 89 250 
