2025-02-07 03:06:56 WARN  OpenChordTest:203  - Peer joined at ocsocket://localhost:8097/ via ocsocket://localhost:8080/
2025-02-07 03:06:57 WARN  OpenChordTest:58  - Insert time for key 17 = 762 ms
2025-02-07 03:06:57 WARN  OpenChordTest:60  - Inserted (17, default)
2025-02-07 03:06:57 WARN  OpenChordTest:64  - Memory usage at ocsocket://localhost:8097/ = 15 MB
2025-02-07 03:09:44 FATAL 40 250 169 214 :379  - The rare situation has occured at time 1738915784992, id to look up=119 222 104 218 , id of local node=40 250 169 214 , id of predecessor=31 80 111 140 
2025-02-07 03:09:46 FATAL 40 250 169 214 :379  - The rare situation has occured at time 1738915786167, id to look up=27 100 83 137 , id of local node=40 250 169 214 , id of predecessor=31 80 111 140 
2025-02-07 03:09:47 FATAL 40 250 169 214 :379  - The rare situation has occured at time 1738915787742, id to look up=254 93 187 206 , id of local node=40 250 169 214 , id of predecessor=31 80 111 140 
2025-02-07 03:09:47 FATAL 40 250 169 214 :379  - The rare situation has occured at time 1738915787907, id to look up=10 222 124 44 , id of local node=40 250 169 214 , id of predecessor=31 80 111 140 
2025-02-07 03:09:48 FATAL 40 250 169 214 :379  - The rare situation has occured at time 1738915788156, id to look up=23 186 7 145 , id of local node=40 250 169 214 , id of predecessor=31 80 111 140 
2025-02-07 03:09:48 FATAL 40 250 169 214 :379  - The rare situation has occured at time 1738915788277, id to look up=123 82 0 155 , id of local node=40 250 169 214 , id of predecessor=31 80 111 140 
2025-02-07 03:09:48 FATAL 40 250 169 214 :379  - The rare situation has occured at time 1738915788957, id to look up=21 116 189 219 , id of local node=40 250 169 214 , id of predecessor=31 80 111 140 
2025-02-07 03:09:49 FATAL 40 250 169 214 :379  - The rare situation has occured at time 1738915789362, id to look up=7 22 217 112 , id of local node=40 250 169 214 , id of predecessor=31 80 111 140 
2025-02-07 03:09:50 FATAL 40 250 169 214 :379  - The rare situation has occured at time 1738915790395, id to look up=18 198 252 6 , id of local node=40 250 169 214 , id of predecessor=31 80 111 140 
2025-02-07 03:09:50 FATAL 40 250 169 214 :379  - The rare situation has occured at time 1738915790616, id to look up=77 19 75 192 , id of local node=40 250 169 214 , id of predecessor=31 80 111 140 
2025-02-07 03:09:51 FATAL 40 250 169 214 :379  - The rare situation has occured at time 1738915791897, id to look up=10 87 203 83 , id of local node=40 250 169 214 , id of predecessor=31 80 111 140 
2025-02-07 03:09:52 FATAL 40 250 169 214 :379  - The rare situation has occured at time 1738915792152, id to look up=119 25 161 199 , id of local node=40 250 169 214 , id of predecessor=31 80 111 140 
2025-02-07 03:12:06 FATAL 40 250 169 214 :379  - The rare situation has occured at time 1738915926818, id to look up=119 222 104 218 , id of local node=40 250 169 214 , id of predecessor=31 80 111 140 
2025-02-07 03:12:07 FATAL 40 250 169 214 :379  - The rare situation has occured at time 1738915927712, id to look up=27 100 83 137 , id of local node=40 250 169 214 , id of predecessor=31 80 111 140 
2025-02-07 03:12:08 FATAL 40 250 169 214 :379  - The rare situation has occured at time 1738915928767, id to look up=254 93 187 206 , id of local node=40 250 169 214 , id of predecessor=31 80 111 140 
2025-02-07 03:12:08 FATAL 40 250 169 214 :379  - The rare situation has occured at time 1738915928921, id to look up=10 222 124 44 , id of local node=40 250 169 214 , id of predecessor=31 80 111 140 
2025-02-07 03:12:09 FATAL 40 250 169 214 :379  - The rare situation has occured at time 1738915929192, id to look up=23 186 7 145 , id of local node=40 250 169 214 , id of predecessor=31 80 111 140 
2025-02-07 03:12:09 FATAL 40 250 169 214 :379  - The rare situation has occured at time 1738915929292, id to look up=123 82 0 155 , id of local node=40 250 169 214 , id of predecessor=31 80 111 140 
2025-02-07 03:12:10 FATAL 40 250 169 214 :379  - The rare situation has occured at time 1738915930000, id to look up=21 116 189 219 , id of local node=40 250 169 214 , id of predecessor=31 80 111 140 
2025-02-07 03:12:10 FATAL 40 250 169 214 :379  - The rare situation has occured at time 1738915930297, id to look up=7 22 217 112 , id of local node=40 250 169 214 , id of predecessor=31 80 111 140 
2025-02-07 03:12:11 FATAL 40 250 169 214 :379  - The rare situation has occured at time 1738915931319, id to look up=18 198 252 6 , id of local node=40 250 169 214 , id of predecessor=31 80 111 140 
2025-02-07 03:12:11 FATAL 40 250 169 214 :379  - The rare situation has occured at time 1738915931540, id to look up=77 19 75 192 , id of local node=40 250 169 214 , id of predecessor=31 80 111 140 
2025-02-07 03:12:12 FATAL 40 250 169 214 :379  - The rare situation has occured at time 1738915932391, id to look up=10 87 203 83 , id of local node=40 250 169 214 , id of predecessor=31 80 111 140 
2025-02-07 03:12:12 FATAL 40 250 169 214 :379  - The rare situation has occured at time 1738915932637, id to look up=119 25 161 199 , id of local node=40 250 169 214 , id of predecessor=31 80 111 140 
2025-02-07 03:12:33 FATAL 40 250 169 214 :379  - The rare situation has occured at time 1738915953992, id to look up=119 222 104 218 , id of local node=40 250 169 214 , id of predecessor=31 80 111 140 
2025-02-07 03:12:34 FATAL 40 250 169 214 :379  - The rare situation has occured at time 1738915954897, id to look up=27 100 83 137 , id of local node=40 250 169 214 , id of predecessor=31 80 111 140 
2025-02-07 03:12:35 FATAL 40 250 169 214 :379  - The rare situation has occured at time 1738915955952, id to look up=254 93 187 206 , id of local node=40 250 169 214 , id of predecessor=31 80 111 140 
2025-02-07 03:12:36 FATAL 40 250 169 214 :379  - The rare situation has occured at time 1738915956107, id to look up=10 222 124 44 , id of local node=40 250 169 214 , id of predecessor=31 80 111 140 
2025-02-07 03:12:36 FATAL 40 250 169 214 :379  - The rare situation has occured at time 1738915956356, id to look up=23 186 7 145 , id of local node=40 250 169 214 , id of predecessor=31 80 111 140 
2025-02-07 03:12:36 FATAL 40 250 169 214 :379  - The rare situation has occured at time 1738915956456, id to look up=123 82 0 155 , id of local node=40 250 169 214 , id of predecessor=31 80 111 140 
2025-02-07 03:12:37 FATAL 40 250 169 214 :379  - The rare situation has occured at time 1738915957155, id to look up=21 116 189 219 , id of local node=40 250 169 214 , id of predecessor=31 80 111 140 
2025-02-07 03:12:37 FATAL 40 250 169 214 :379  - The rare situation has occured at time 1738915957462, id to look up=7 22 217 112 , id of local node=40 250 169 214 , id of predecessor=31 80 111 140 
2025-02-07 03:12:38 FATAL 40 250 169 214 :379  - The rare situation has occured at time 1738915958514, id to look up=18 198 252 6 , id of local node=40 250 169 214 , id of predecessor=31 80 111 140 
2025-02-07 03:12:38 FATAL 40 250 169 214 :379  - The rare situation has occured at time 1738915958745, id to look up=77 19 75 192 , id of local node=40 250 169 214 , id of predecessor=31 80 111 140 
2025-02-07 03:12:39 FATAL 40 250 169 214 :379  - The rare situation has occured at time 1738915959596, id to look up=10 87 203 83 , id of local node=40 250 169 214 , id of predecessor=31 80 111 140 
2025-02-07 03:12:39 FATAL 40 250 169 214 :379  - The rare situation has occured at time 1738915959862, id to look up=119 25 161 199 , id of local node=40 250 169 214 , id of predecessor=31 80 111 140 
2025-02-07 03:13:22 FATAL 40 250 169 214 :379  - The rare situation has occured at time 1738916002946, id to look up=119 222 104 218 , id of local node=40 250 169 214 , id of predecessor=31 80 111 140 
2025-02-07 03:13:23 FATAL 40 250 169 214 :379  - The rare situation has occured at time 1738916003890, id to look up=27 100 83 137 , id of local node=40 250 169 214 , id of predecessor=31 80 111 140 
2025-02-07 03:13:25 FATAL 40 250 169 214 :379  - The rare situation has occured at time 1738916005136, id to look up=254 93 187 206 , id of local node=40 250 169 214 , id of predecessor=31 80 111 140 
2025-02-07 03:13:25 FATAL 40 250 169 214 :379  - The rare situation has occured at time 1738916005300, id to look up=10 222 124 44 , id of local node=40 250 169 214 , id of predecessor=31 80 111 140 
2025-02-07 03:13:25 FATAL 40 250 169 214 :379  - The rare situation has occured at time 1738916005599, id to look up=23 186 7 145 , id of local node=40 250 169 214 , id of predecessor=31 80 111 140 
2025-02-07 03:13:25 FATAL 40 250 169 214 :379  - The rare situation has occured at time 1738916005710, id to look up=123 82 0 155 , id of local node=40 250 169 214 , id of predecessor=31 80 111 140 
2025-02-07 03:13:26 FATAL 40 250 169 214 :379  - The rare situation has occured at time 1738916006470, id to look up=21 116 189 219 , id of local node=40 250 169 214 , id of predecessor=31 80 111 140 
2025-02-07 03:13:26 FATAL 40 250 169 214 :379  - The rare situation has occured at time 1738916006896, id to look up=7 22 217 112 , id of local node=40 250 169 214 , id of predecessor=31 80 111 140 
2025-02-07 03:13:27 FATAL 40 250 169 214 :379  - The rare situation has occured at time 1738916007878, id to look up=18 198 252 6 , id of local node=40 250 169 214 , id of predecessor=31 80 111 140 
2025-02-07 03:13:28 FATAL 40 250 169 214 :379  - The rare situation has occured at time 1738916008130, id to look up=77 19 75 192 , id of local node=40 250 169 214 , id of predecessor=31 80 111 140 
2025-02-07 03:13:28 FATAL 40 250 169 214 :379  - The rare situation has occured at time 1738916008739, id to look up=10 87 203 83 , id of local node=40 250 169 214 , id of predecessor=31 80 111 140 
2025-02-07 03:13:29 FATAL 40 250 169 214 :379  - The rare situation has occured at time 1738916009036, id to look up=119 25 161 199 , id of local node=40 250 169 214 , id of predecessor=31 80 111 140 
2025-02-07 03:13:50 FATAL 40 250 169 214 :379  - The rare situation has occured at time 1738916030608, id to look up=119 222 104 218 , id of local node=40 250 169 214 , id of predecessor=31 80 111 140 
2025-02-07 03:13:51 FATAL 40 250 169 214 :379  - The rare situation has occured at time 1738916031392, id to look up=27 100 83 137 , id of local node=40 250 169 214 , id of predecessor=31 80 111 140 
2025-02-07 03:13:52 FATAL 40 250 169 214 :379  - The rare situation has occured at time 1738916032478, id to look up=254 93 187 206 , id of local node=40 250 169 214 , id of predecessor=31 80 111 140 
2025-02-07 03:13:52 FATAL 40 250 169 214 :379  - The rare situation has occured at time 1738916032642, id to look up=10 222 124 44 , id of local node=40 250 169 214 , id of predecessor=31 80 111 140 
2025-02-07 03:13:52 FATAL 40 250 169 214 :379  - The rare situation has occured at time 1738916032902, id to look up=23 186 7 145 , id of local node=40 250 169 214 , id of predecessor=31 80 111 140 
2025-02-07 03:13:53 FATAL 40 250 169 214 :379  - The rare situation has occured at time 1738916033002, id to look up=123 82 0 155 , id of local node=40 250 169 214 , id of predecessor=31 80 111 140 
2025-02-07 03:13:53 FATAL 40 250 169 214 :379  - The rare situation has occured at time 1738916033571, id to look up=21 116 189 219 , id of local node=40 250 169 214 , id of predecessor=31 80 111 140 
2025-02-07 03:13:53 FATAL 40 250 169 214 :379  - The rare situation has occured at time 1738916033978, id to look up=7 22 217 112 , id of local node=40 250 169 214 , id of predecessor=31 80 111 140 
2025-02-07 03:13:54 FATAL 40 250 169 214 :379  - The rare situation has occured at time 1738916034950, id to look up=18 198 252 6 , id of local node=40 250 169 214 , id of predecessor=31 80 111 140 
2025-02-07 03:13:55 FATAL 40 250 169 214 :379  - The rare situation has occured at time 1738916035213, id to look up=77 19 75 192 , id of local node=40 250 169 214 , id of predecessor=31 80 111 140 
2025-02-07 03:13:55 FATAL 40 250 169 214 :379  - The rare situation has occured at time 1738916035842, id to look up=10 87 203 83 , id of local node=40 250 169 214 , id of predecessor=31 80 111 140 
2025-02-07 03:13:56 FATAL 40 250 169 214 :379  - The rare situation has occured at time 1738916036158, id to look up=119 25 161 199 , id of local node=40 250 169 214 , id of predecessor=31 80 111 140 
