2025-02-07 03:06:28 WARN  OpenChordTest:203  - Peer joined at ocsocket://localhost:8083/ via ocsocket://localhost:8080/
2025-02-07 03:06:28 WARN  OpenChordTest:58  - Insert time for key 3 = 449 ms
2025-02-07 03:06:28 WARN  OpenChordTest:60  - Inserted (3, default)
2025-02-07 03:06:28 WARN  OpenChordTest:64  - Memory usage at ocsocket://localhost:8083/ = 14 MB
2025-02-07 03:09:45 FATAL 254 78 41 228 :379  - The rare situation has occured at time 1738915785001, id to look up=119 222 104 218 , id of local node=254 78 41 228 , id of predecessor=246 204 157 173 
2025-02-07 03:09:46 FATAL 254 78 41 228 :379  - The rare situation has occured at time 1738915786532, id to look up=172 52 120 214 , id of local node=254 78 41 228 , id of predecessor=246 204 157 173 
2025-02-07 03:09:46 FATAL 254 78 41 228 :379  - The rare situation has occured at time 1738915786712, id to look up=193 223 217 110 , id of local node=254 78 41 228 , id of predecessor=246 204 157 173 
2025-02-07 03:09:48 FATAL 254 78 41 228 :379  - The rare situation has occured at time 1738915788003, id to look up=177 213 120 17 , id of local node=254 78 41 228 , id of predecessor=246 204 157 173 
2025-02-07 03:09:48 FATAL 254 78 41 228 :379  - The rare situation has occured at time 1738915788433, id to look up=123 82 0 155 , id of local node=254 78 41 228 , id of predecessor=246 204 157 173 
2025-02-07 03:09:48 FATAL 254 78 41 228 :379  - The rare situation has occured at time 1738915788593, id to look up=189 48 122 62 , id of local node=254 78 41 228 , id of predecessor=246 204 157 173 
2025-02-07 03:09:49 FATAL 254 78 41 228 :379  - The rare situation has occured at time 1738915789572, id to look up=158 106 85 182 , id of local node=254 78 41 228 , id of predecessor=246 204 157 173 
2025-02-07 03:09:50 FATAL 254 78 41 228 :379  - The rare situation has occured at time 1738915790134, id to look up=179 240 199 246 , id of local node=254 78 41 228 , id of predecessor=246 204 157 173 
2025-02-07 03:09:50 FATAL 254 78 41 228 :379  - The rare situation has occured at time 1738915790665, id to look up=77 19 75 192 , id of local node=254 78 41 228 , id of predecessor=246 204 157 173 
2025-02-07 03:09:51 FATAL 254 78 41 228 :379  - The rare situation has occured at time 1738915791722, id to look up=188 51 234 78 , id of local node=254 78 41 228 , id of predecessor=246 204 157 173 
2025-02-07 03:09:52 FATAL 254 78 41 228 :379  - The rare situation has occured at time 1738915792254, id to look up=119 25 161 199 , id of local node=254 78 41 228 , id of predecessor=246 204 157 173 
2025-02-07 03:09:53 FATAL 254 78 41 228 :379  - The rare situation has occured at time 1738915793362, id to look up=203 78 82 8 , id of local node=254 78 41 228 , id of predecessor=246 204 157 173 
2025-02-07 03:12:06 FATAL 254 78 41 228 :379  - The rare situation has occured at time 1738915926822, id to look up=119 222 104 218 , id of local node=254 78 41 228 , id of predecessor=246 204 157 173 
2025-02-07 03:12:07 FATAL 254 78 41 228 :379  - The rare situation has occured at time 1738915927817, id to look up=172 52 120 214 , id of local node=254 78 41 228 , id of predecessor=246 204 157 173 
2025-02-07 03:12:07 FATAL 254 78 41 228 :379  - The rare situation has occured at time 1738915927927, id to look up=193 223 217 110 , id of local node=254 78 41 228 , id of predecessor=246 204 157 173 
2025-02-07 03:12:09 FATAL 254 78 41 228 :379  - The rare situation has occured at time 1738915929028, id to look up=177 213 120 17 , id of local node=254 78 41 228 , id of predecessor=246 204 157 173 
2025-02-07 03:12:09 FATAL 254 78 41 228 :379  - The rare situation has occured at time 1738915929458, id to look up=123 82 0 155 , id of local node=254 78 41 228 , id of predecessor=246 204 157 173 
2025-02-07 03:12:09 FATAL 254 78 41 228 :379  - The rare situation has occured at time 1738915929638, id to look up=189 48 122 62 , id of local node=254 78 41 228 , id of predecessor=246 204 157 173 
2025-02-07 03:12:10 FATAL 254 78 41 228 :379  - The rare situation has occured at time 1738915930497, id to look up=158 106 85 182 , id of local node=254 78 41 228 , id of predecessor=246 204 157 173 
2025-02-07 03:12:11 FATAL 254 78 41 228 :379  - The rare situation has occured at time 1738915931068, id to look up=179 240 199 246 , id of local node=254 78 41 228 , id of predecessor=246 204 157 173 
2025-02-07 03:12:11 FATAL 254 78 41 228 :379  - The rare situation has occured at time 1738915931589, id to look up=77 19 75 192 , id of local node=254 78 41 228 , id of predecessor=246 204 157 173 
2025-02-07 03:12:12 FATAL 254 78 41 228 :379  - The rare situation has occured at time 1738915932217, id to look up=188 51 234 78 , id of local node=254 78 41 228 , id of predecessor=246 204 157 173 
2025-02-07 03:12:12 FATAL 254 78 41 228 :379  - The rare situation has occured at time 1738915932740, id to look up=119 25 161 199 , id of local node=254 78 41 228 , id of predecessor=246 204 157 173 
2025-02-07 03:12:13 FATAL 254 78 41 228 :379  - The rare situation has occured at time 1738915933558, id to look up=203 78 82 8 , id of local node=254 78 41 228 , id of predecessor=246 204 157 173 
2025-02-07 03:12:33 FATAL 254 78 41 228 :379  - The rare situation has occured at time 1738915953996, id to look up=119 222 104 218 , id of local node=254 78 41 228 , id of predecessor=246 204 157 173 
2025-02-07 03:12:35 FATAL 254 78 41 228 :379  - The rare situation has occured at time 1738915955002, id to look up=172 52 120 214 , id of local node=254 78 41 228 , id of predecessor=246 204 157 173 
2025-02-07 03:12:35 FATAL 254 78 41 228 :379  - The rare situation has occured at time 1738915955122, id to look up=193 223 217 110 , id of local node=254 78 41 228 , id of predecessor=246 204 157 173 
2025-02-07 03:12:36 FATAL 254 78 41 228 :379  - The rare situation has occured at time 1738915956203, id to look up=177 213 120 17 , id of local node=254 78 41 228 , id of predecessor=246 204 157 173 
2025-02-07 03:12:36 FATAL 254 78 41 228 :379  - The rare situation has occured at time 1738915956603, id to look up=123 82 0 155 , id of local node=254 78 41 228 , id of predecessor=246 204 157 173 
2025-02-07 03:12:36 FATAL 254 78 41 228 :379  - The rare situation has occured at time 1738915956773, id to look up=189 48 122 62 , id of local node=254 78 41 228 , id of predecessor=246 204 157 173 
2025-02-07 03:12:37 FATAL 254 78 41 228 :379  - The rare situation has occured at time 1738915957672, id to look up=158 106 85 182 , id of local node=254 78 41 228 , id of predecessor=246 204 157 173 
2025-02-07 03:12:38 FATAL 254 78 41 228 :379  - The rare situation has occured at time 1738915958244, id to look up=179 240 199 246 , id of local node=254 78 41 228 , id of predecessor=246 204 157 173 
2025-02-07 03:12:38 FATAL 254 78 41 228 :379  - The rare situation has occured at time 1738915958794, id to look up=77 19 75 192 , id of local node=254 78 41 228 , id of predecessor=246 204 157 173 
2025-02-07 03:12:39 FATAL 254 78 41 228 :379  - The rare situation has occured at time 1738915959432, id to look up=188 51 234 78 , id of local node=254 78 41 228 , id of predecessor=246 204 157 173 
2025-02-07 03:12:39 FATAL 254 78 41 228 :379  - The rare situation has occured at time 1738915959964, id to look up=119 25 161 199 , id of local node=254 78 41 228 , id of predecessor=246 204 157 173 
2025-02-07 03:12:40 FATAL 254 78 41 228 :379  - The rare situation has occured at time 1738915960752, id to look up=203 78 82 8 , id of local node=254 78 41 228 , id of predecessor=246 204 157 173 
2025-02-07 03:13:22 FATAL 254 78 41 228 :379  - The rare situation has occured at time 1738916002950, id to look up=119 222 104 218 , id of local node=254 78 41 228 , id of predecessor=246 204 157 173 
2025-02-07 03:13:25 FATAL 254 78 41 228 :379  - The rare situation has occured at time 1738916005867, id to look up=123 82 0 155 , id of local node=254 78 41 228 , id of predecessor=246 204 157 173 
2025-02-07 03:13:27 FATAL 254 78 41 228 :379  - The rare situation has occured at time 1738916007096, id to look up=158 106 85 182 , id of local node=254 78 41 228 , id of predecessor=246 204 157 173 
2025-02-07 03:13:28 FATAL 254 78 41 228 :379  - The rare situation has occured at time 1738916008178, id to look up=77 19 75 192 , id of local node=254 78 41 228 , id of predecessor=246 204 157 173 
2025-02-07 03:13:29 FATAL 254 78 41 228 :379  - The rare situation has occured at time 1738916009138, id to look up=119 25 161 199 , id of local node=254 78 41 228 , id of predecessor=246 204 157 173 
2025-02-07 03:13:50 FATAL 254 78 41 228 :379  - The rare situation has occured at time 1738916030612, id to look up=119 222 104 218 , id of local node=254 78 41 228 , id of predecessor=246 204 157 173 
2025-02-07 03:13:53 FATAL 254 78 41 228 :379  - The rare situation has occured at time 1738916033149, id to look up=123 82 0 155 , id of local node=254 78 41 228 , id of predecessor=246 204 157 173 
2025-02-07 03:13:54 FATAL 254 78 41 228 :379  - The rare situation has occured at time 1738916034178, id to look up=158 106 85 182 , id of local node=254 78 41 228 , id of predecessor=246 204 157 173 
2025-02-07 03:13:55 FATAL 254 78 41 228 :379  - The rare situation has occured at time 1738916035270, id to look up=77 19 75 192 , id of local node=254 78 41 228 , id of predecessor=246 204 157 173 
2025-02-07 03:13:56 FATAL 254 78 41 228 :379  - The rare situation has occured at time 1738916036260, id to look up=119 25 161 199 , id of local node=254 78 41 228 , id of predecessor=246 204 157 173 
