2025-02-07 03:06:59 WARN  OpenChordTest:203  - Peer joined at ocsocket://localhost:8098/ via ocsocket://localhost:8080/
2025-02-07 03:07:00 WARN  OpenChordTest:58  - Insert time for key 18 = 1162 ms
2025-02-07 03:07:00 WARN  OpenChordTest:60  - Inserted (18, default)
2025-02-07 03:07:00 WARN  OpenChordTest:64  - Memory usage at ocsocket://localhost:8098/ = 17 MB
2025-02-07 03:09:45 FATAL 0 113 70 222 :379  - The rare situation has occured at time 1738915785000, id to look up=119 222 104 218 , id of local node=0 113 70 222 , id of predecessor=254 78 41 228 
2025-02-07 03:09:48 FATAL 0 113 70 222 :379  - The rare situation has occured at time 1738915788432, id to look up=123 82 0 155 , id of local node=0 113 70 222 , id of predecessor=254 78 41 228 
2025-02-07 03:09:50 FATAL 0 113 70 222 :379  - The rare situation has occured at time 1738915790664, id to look up=77 19 75 192 , id of local node=0 113 70 222 , id of predecessor=254 78 41 228 
2025-02-07 03:09:52 FATAL 0 113 70 222 :379  - The rare situation has occured at time 1738915792253, id to look up=119 25 161 199 , id of local node=0 113 70 222 , id of predecessor=254 78 41 228 
2025-02-07 03:12:06 FATAL 0 113 70 222 :379  - The rare situation has occured at time 1738915926821, id to look up=119 222 104 218 , id of local node=0 113 70 222 , id of predecessor=254 78 41 228 
2025-02-07 03:12:09 FATAL 0 113 70 222 :379  - The rare situation has occured at time 1738915929457, id to look up=123 82 0 155 , id of local node=0 113 70 222 , id of predecessor=254 78 41 228 
2025-02-07 03:12:11 FATAL 0 113 70 222 :379  - The rare situation has occured at time 1738915931589, id to look up=77 19 75 192 , id of local node=0 113 70 222 , id of predecessor=254 78 41 228 
2025-02-07 03:12:12 FATAL 0 113 70 222 :379  - The rare situation has occured at time 1738915932739, id to look up=119 25 161 199 , id of local node=0 113 70 222 , id of predecessor=254 78 41 228 
2025-02-07 03:12:33 FATAL 0 113 70 222 :379  - The rare situation has occured at time 1738915953995, id to look up=119 222 104 218 , id of local node=0 113 70 222 , id of predecessor=254 78 41 228 
2025-02-07 03:12:36 FATAL 0 113 70 222 :379  - The rare situation has occured at time 1738915956602, id to look up=123 82 0 155 , id of local node=0 113 70 222 , id of predecessor=254 78 41 228 
2025-02-07 03:12:38 FATAL 0 113 70 222 :379  - The rare situation has occured at time 1738915958794, id to look up=77 19 75 192 , id of local node=0 113 70 222 , id of predecessor=254 78 41 228 
2025-02-07 03:12:39 FATAL 0 113 70 222 :379  - The rare situation has occured at time 1738915959963, id to look up=119 25 161 199 , id of local node=0 113 70 222 , id of predecessor=254 78 41 228 
2025-02-07 03:13:22 FATAL 0 113 70 222 :379  - The rare situation has occured at time 1738916002949, id to look up=119 222 104 218 , id of local node=0 113 70 222 , id of predecessor=254 78 41 228 
2025-02-07 03:13:25 FATAL 0 113 70 222 :379  - The rare situation has occured at time 1738916005866, id to look up=123 82 0 155 , id of local node=0 113 70 222 , id of predecessor=254 78 41 228 
2025-02-07 03:13:28 FATAL 0 113 70 222 :379  - The rare situation has occured at time 1738916008178, id to look up=77 19 75 192 , id of local node=0 113 70 222 , id of predecessor=254 78 41 228 
2025-02-07 03:13:29 FATAL 0 113 70 222 :379  - The rare situation has occured at time 1738916009138, id to look up=119 25 161 199 , id of local node=0 113 70 222 , id of predecessor=254 78 41 228 
2025-02-07 03:13:50 FATAL 0 113 70 222 :379  - The rare situation has occured at time 1738916030611, id to look up=119 222 104 218 , id of local node=0 113 70 222 , id of predecessor=254 78 41 228 
2025-02-07 03:13:53 FATAL 0 113 70 222 :379  - The rare situation has occured at time 1738916033148, id to look up=123 82 0 155 , id of local node=0 113 70 222 , id of predecessor=254 78 41 228 
2025-02-07 03:13:55 FATAL 0 113 70 222 :379  - The rare situation has occured at time 1738916035269, id to look up=77 19 75 192 , id of local node=0 113 70 222 , id of predecessor=254 78 41 228 
2025-02-07 03:13:56 FATAL 0 113 70 222 :379  - The rare situation has occured at time 1738916036259, id to look up=119 25 161 199 , id of local node=0 113 70 222 , id of predecessor=254 78 41 228 
