2025-02-07 03:07:19 WARN  OpenChordTest:203  - Peer joined at ocsocket://localhost:8106/ via ocsocket://localhost:8080/
2025-02-07 03:07:19 WARN  OpenChordTest:58  - Insert time for key 26 = 513 ms
2025-02-07 03:07:19 WARN  OpenChordTest:60  - Inserted (26, default)
2025-02-07 03:07:19 WARN  OpenChordTest:64  - Memory usage at ocsocket://localhost:8106/ = 9 MB
2025-02-07 03:09:45 FATAL 150 134 226 42 :379  - The rare situation has occured at time 1738915785682, id to look up=119 222 104 218 , id of local node=150 134 226 42 , id of predecessor=145 84 232 106 
2025-02-07 03:09:48 FATAL 150 134 226 42 :379  - The rare situation has occured at time 1738915788487, id to look up=123 82 0 155 , id of local node=150 134 226 42 , id of predecessor=145 84 232 106 
2025-02-07 03:09:50 FATAL 150 134 226 42 :379  - The rare situation has occured at time 1738915790934, id to look up=77 19 75 192 , id of local node=150 134 226 42 , id of predecessor=145 84 232 106 
2025-02-07 03:09:52 FATAL 150 134 226 42 :379  - The rare situation has occured at time 1738915792777, id to look up=119 25 161 199 , id of local node=150 134 226 42 , id of predecessor=145 84 232 106 
2025-02-07 03:12:07 FATAL 150 134 226 42 :379  - The rare situation has occured at time 1738915927497, id to look up=119 222 104 218 , id of local node=150 134 226 42 , id of predecessor=145 84 232 106 
2025-02-07 03:12:09 FATAL 150 134 226 42 :379  - The rare situation has occured at time 1738915929522, id to look up=123 82 0 155 , id of local node=150 134 226 42 , id of predecessor=145 84 232 106 
2025-02-07 03:12:11 FATAL 150 134 226 42 :379  - The rare situation has occured at time 1738915931849, id to look up=77 19 75 192 , id of local node=150 134 226 42 , id of predecessor=145 84 232 106 
2025-02-07 03:12:13 FATAL 150 134 226 42 :379  - The rare situation has occured at time 1738915933261, id to look up=119 25 161 199 , id of local node=150 134 226 42 , id of predecessor=145 84 232 106 
2025-02-07 03:12:34 FATAL 150 134 226 42 :379  - The rare situation has occured at time 1738915954682, id to look up=119 222 104 218 , id of local node=150 134 226 42 , id of predecessor=145 84 232 106 
2025-02-07 03:12:36 FATAL 150 134 226 42 :379  - The rare situation has occured at time 1738915956655, id to look up=123 82 0 155 , id of local node=150 134 226 42 , id of predecessor=145 84 232 106 
2025-02-07 03:12:39 FATAL 150 134 226 42 :379  - The rare situation has occured at time 1738915959044, id to look up=77 19 75 192 , id of local node=150 134 226 42 , id of predecessor=145 84 232 106 
2025-02-07 03:12:40 FATAL 150 134 226 42 :379  - The rare situation has occured at time 1738915960485, id to look up=119 25 161 199 , id of local node=150 134 226 42 , id of predecessor=145 84 232 106 
2025-02-07 03:13:23 FATAL 150 134 226 42 :379  - The rare situation has occured at time 1738916003606, id to look up=119 222 104 218 , id of local node=150 134 226 42 , id of predecessor=145 84 232 106 
2025-02-07 03:13:25 FATAL 150 134 226 42 :379  - The rare situation has occured at time 1738916005919, id to look up=123 82 0 155 , id of local node=150 134 226 42 , id of predecessor=145 84 232 106 
2025-02-07 03:13:28 FATAL 150 134 226 42 :379  - The rare situation has occured at time 1738916008337, id to look up=77 19 75 192 , id of local node=150 134 226 42 , id of predecessor=145 84 232 106 
2025-02-07 03:13:29 FATAL 150 134 226 42 :379  - The rare situation has occured at time 1738916009560, id to look up=119 25 161 199 , id of local node=150 134 226 42 , id of predecessor=145 84 232 106 
2025-02-07 03:13:51 FATAL 150 134 226 42 :379  - The rare situation has occured at time 1738916031178, id to look up=119 222 104 218 , id of local node=150 134 226 42 , id of predecessor=145 84 232 106 
2025-02-07 03:13:53 FATAL 150 134 226 42 :379  - The rare situation has occured at time 1738916033201, id to look up=123 82 0 155 , id of local node=150 134 226 42 , id of predecessor=145 84 232 106 
2025-02-07 03:13:55 FATAL 150 134 226 42 :379  - The rare situation has occured at time 1738916035419, id to look up=77 19 75 192 , id of local node=150 134 226 42 , id of predecessor=145 84 232 106 
2025-02-07 03:13:56 FATAL 150 134 226 42 :379  - The rare situation has occured at time 1738916036671, id to look up=119 25 161 199 , id of local node=150 134 226 42 , id of predecessor=145 84 232 106 
