2025-02-07 03:06:38 WARN  OpenChordTest:203  - Peer joined at ocsocket://localhost:8088/ via ocsocket://localhost:8080/
2025-02-07 03:06:38 WARN  OpenChordTest:58  - Insert time for key 8 = 452 ms
2025-02-07 03:06:38 WARN  OpenChordTest:60  - Inserted (8, default)
2025-02-07 03:06:38 WARN  OpenChordTest:64  - Memory usage at ocsocket://localhost:8088/ = 15 MB
2025-02-07 03:09:44 FATAL 50 71 95 48 :379  - The rare situation has occured at time 1738915784893, id to look up=119 222 104 218 , id of local node=50 71 95 48 , id of predecessor=41 61 111 157 
2025-02-07 03:09:46 FATAL 50 71 95 48 :379  - The rare situation has occured at time 1738915786165, id to look up=27 100 83 137 , id of local node=50 71 95 48 , id of predecessor=41 61 111 157 
2025-02-07 03:09:47 FATAL 50 71 95 48 :379  - The rare situation has occured at time 1738915787622, id to look up=254 93 187 206 , id of local node=50 71 95 48 , id of predecessor=41 61 111 157 
2025-02-07 03:09:47 FATAL 50 71 95 48 :379  - The rare situation has occured at time 1738915787905, id to look up=10 222 124 44 , id of local node=50 71 95 48 , id of predecessor=41 61 111 157 
2025-02-07 03:09:48 FATAL 50 71 95 48 :379  - The rare situation has occured at time 1738915788155, id to look up=23 186 7 145 , id of local node=50 71 95 48 , id of predecessor=41 61 111 157 
2025-02-07 03:09:48 FATAL 50 71 95 48 :379  - The rare situation has occured at time 1738915788275, id to look up=123 82 0 155 , id of local node=50 71 95 48 , id of predecessor=41 61 111 157 
2025-02-07 03:09:48 FATAL 50 71 95 48 :379  - The rare situation has occured at time 1738915788955, id to look up=21 116 189 219 , id of local node=50 71 95 48 , id of predecessor=41 61 111 157 
2025-02-07 03:09:49 FATAL 50 71 95 48 :379  - The rare situation has occured at time 1738915789262, id to look up=7 22 217 112 , id of local node=50 71 95 48 , id of predecessor=41 61 111 157 
2025-02-07 03:09:50 FATAL 50 71 95 48 :379  - The rare situation has occured at time 1738915790393, id to look up=18 198 252 6 , id of local node=50 71 95 48 , id of predecessor=41 61 111 157 
2025-02-07 03:09:50 FATAL 50 71 95 48 :379  - The rare situation has occured at time 1738915790614, id to look up=77 19 75 192 , id of local node=50 71 95 48 , id of predecessor=41 61 111 157 
2025-02-07 03:09:51 FATAL 50 71 95 48 :379  - The rare situation has occured at time 1738915791895, id to look up=10 87 203 83 , id of local node=50 71 95 48 , id of predecessor=41 61 111 157 
2025-02-07 03:09:52 FATAL 50 71 95 48 :379  - The rare situation has occured at time 1738915792052, id to look up=119 25 161 199 , id of local node=50 71 95 48 , id of predecessor=41 61 111 157 
2025-02-07 03:09:52 FATAL 50 71 95 48 :379  - The rare situation has occured at time 1738915792952, id to look up=34 210 0 248 , id of local node=50 71 95 48 , id of predecessor=41 61 111 157 
2025-02-07 03:12:06 FATAL 50 71 95 48 :379  - The rare situation has occured at time 1738915926718, id to look up=119 222 104 218 , id of local node=50 71 95 48 , id of predecessor=41 61 111 157 
2025-02-07 03:12:07 FATAL 50 71 95 48 :379  - The rare situation has occured at time 1738915927710, id to look up=27 100 83 137 , id of local node=50 71 95 48 , id of predecessor=41 61 111 157 
2025-02-07 03:12:08 FATAL 50 71 95 48 :379  - The rare situation has occured at time 1738915928667, id to look up=254 93 187 206 , id of local node=50 71 95 48 , id of predecessor=41 61 111 157 
2025-02-07 03:12:08 FATAL 50 71 95 48 :379  - The rare situation has occured at time 1738915928920, id to look up=10 222 124 44 , id of local node=50 71 95 48 , id of predecessor=41 61 111 157 
2025-02-07 03:12:09 FATAL 50 71 95 48 :379  - The rare situation has occured at time 1738915929190, id to look up=23 186 7 145 , id of local node=50 71 95 48 , id of predecessor=41 61 111 157 
2025-02-07 03:12:09 FATAL 50 71 95 48 :379  - The rare situation has occured at time 1738915929290, id to look up=123 82 0 155 , id of local node=50 71 95 48 , id of predecessor=41 61 111 157 
2025-02-07 03:12:09 FATAL 50 71 95 48 :379  - The rare situation has occured at time 1738915929999, id to look up=21 116 189 219 , id of local node=50 71 95 48 , id of predecessor=41 61 111 157 
2025-02-07 03:12:10 FATAL 50 71 95 48 :379  - The rare situation has occured at time 1738915930197, id to look up=7 22 217 112 , id of local node=50 71 95 48 , id of predecessor=41 61 111 157 
2025-02-07 03:12:11 FATAL 50 71 95 48 :379  - The rare situation has occured at time 1738915931317, id to look up=18 198 252 6 , id of local node=50 71 95 48 , id of predecessor=41 61 111 157 
2025-02-07 03:12:11 FATAL 50 71 95 48 :379  - The rare situation has occured at time 1738915931539, id to look up=77 19 75 192 , id of local node=50 71 95 48 , id of predecessor=41 61 111 157 
2025-02-07 03:12:12 FATAL 50 71 95 48 :379  - The rare situation has occured at time 1738915932389, id to look up=10 87 203 83 , id of local node=50 71 95 48 , id of predecessor=41 61 111 157 
2025-02-07 03:12:12 FATAL 50 71 95 48 :379  - The rare situation has occured at time 1738915932537, id to look up=119 25 161 199 , id of local node=50 71 95 48 , id of predecessor=41 61 111 157 
2025-02-07 03:12:13 FATAL 50 71 95 48 :379  - The rare situation has occured at time 1738915933337, id to look up=34 210 0 248 , id of local node=50 71 95 48 , id of predecessor=41 61 111 157 
2025-02-07 03:12:33 FATAL 50 71 95 48 :379  - The rare situation has occured at time 1738915953893, id to look up=119 222 104 218 , id of local node=50 71 95 48 , id of predecessor=41 61 111 157 
2025-02-07 03:12:34 FATAL 50 71 95 48 :379  - The rare situation has occured at time 1738915954896, id to look up=27 100 83 137 , id of local node=50 71 95 48 , id of predecessor=41 61 111 157 
2025-02-07 03:12:35 FATAL 50 71 95 48 :379  - The rare situation has occured at time 1738915955852, id to look up=254 93 187 206 , id of local node=50 71 95 48 , id of predecessor=41 61 111 157 
2025-02-07 03:12:36 FATAL 50 71 95 48 :379  - The rare situation has occured at time 1738915956105, id to look up=10 222 124 44 , id of local node=50 71 95 48 , id of predecessor=41 61 111 157 
2025-02-07 03:12:36 FATAL 50 71 95 48 :379  - The rare situation has occured at time 1738915956354, id to look up=23 186 7 145 , id of local node=50 71 95 48 , id of predecessor=41 61 111 157 
2025-02-07 03:12:36 FATAL 50 71 95 48 :379  - The rare situation has occured at time 1738915956454, id to look up=123 82 0 155 , id of local node=50 71 95 48 , id of predecessor=41 61 111 157 
2025-02-07 03:12:37 FATAL 50 71 95 48 :379  - The rare situation has occured at time 1738915957154, id to look up=21 116 189 219 , id of local node=50 71 95 48 , id of predecessor=41 61 111 157 
2025-02-07 03:12:37 FATAL 50 71 95 48 :379  - The rare situation has occured at time 1738915957363, id to look up=7 22 217 112 , id of local node=50 71 95 48 , id of predecessor=41 61 111 157 
2025-02-07 03:12:38 FATAL 50 71 95 48 :379  - The rare situation has occured at time 1738915958513, id to look up=18 198 252 6 , id of local node=50 71 95 48 , id of predecessor=41 61 111 157 
2025-02-07 03:12:38 FATAL 50 71 95 48 :379  - The rare situation has occured at time 1738915958744, id to look up=77 19 75 192 , id of local node=50 71 95 48 , id of predecessor=41 61 111 157 
2025-02-07 03:12:39 FATAL 50 71 95 48 :379  - The rare situation has occured at time 1738915959595, id to look up=10 87 203 83 , id of local node=50 71 95 48 , id of predecessor=41 61 111 157 
2025-02-07 03:12:39 FATAL 50 71 95 48 :379  - The rare situation has occured at time 1738915959752, id to look up=119 25 161 199 , id of local node=50 71 95 48 , id of predecessor=41 61 111 157 
2025-02-07 03:12:40 FATAL 50 71 95 48 :379  - The rare situation has occured at time 1738915960552, id to look up=34 210 0 248 , id of local node=50 71 95 48 , id of predecessor=41 61 111 157 
2025-02-07 03:13:22 FATAL 50 71 95 48 :379  - The rare situation has occured at time 1738916002848, id to look up=119 222 104 218 , id of local node=50 71 95 48 , id of predecessor=41 61 111 157 
2025-02-07 03:13:23 FATAL 50 71 95 48 :379  - The rare situation has occured at time 1738916003889, id to look up=27 100 83 137 , id of local node=50 71 95 48 , id of predecessor=41 61 111 157 
2025-02-07 03:13:25 FATAL 50 71 95 48 :379  - The rare situation has occured at time 1738916005036, id to look up=254 93 187 206 , id of local node=50 71 95 48 , id of predecessor=41 61 111 157 
2025-02-07 03:13:25 FATAL 50 71 95 48 :379  - The rare situation has occured at time 1738916005298, id to look up=10 222 124 44 , id of local node=50 71 95 48 , id of predecessor=41 61 111 157 
2025-02-07 03:13:25 FATAL 50 71 95 48 :379  - The rare situation has occured at time 1738916005598, id to look up=23 186 7 145 , id of local node=50 71 95 48 , id of predecessor=41 61 111 157 
2025-02-07 03:13:25 FATAL 50 71 95 48 :379  - The rare situation has occured at time 1738916005708, id to look up=123 82 0 155 , id of local node=50 71 95 48 , id of predecessor=41 61 111 157 
2025-02-07 03:13:26 FATAL 50 71 95 48 :379  - The rare situation has occured at time 1738916006469, id to look up=21 116 189 219 , id of local node=50 71 95 48 , id of predecessor=41 61 111 157 
2025-02-07 03:13:26 FATAL 50 71 95 48 :379  - The rare situation has occured at time 1738916006786, id to look up=7 22 217 112 , id of local node=50 71 95 48 , id of predecessor=41 61 111 157 
2025-02-07 03:13:27 FATAL 50 71 95 48 :379  - The rare situation has occured at time 1738916007877, id to look up=18 198 252 6 , id of local node=50 71 95 48 , id of predecessor=41 61 111 157 
2025-02-07 03:13:28 FATAL 50 71 95 48 :379  - The rare situation has occured at time 1738916008129, id to look up=77 19 75 192 , id of local node=50 71 95 48 , id of predecessor=41 61 111 157 
2025-02-07 03:13:28 FATAL 50 71 95 48 :379  - The rare situation has occured at time 1738916008738, id to look up=10 87 203 83 , id of local node=50 71 95 48 , id of predecessor=41 61 111 157 
2025-02-07 03:13:28 FATAL 50 71 95 48 :379  - The rare situation has occured at time 1738916008936, id to look up=119 25 161 199 , id of local node=50 71 95 48 , id of predecessor=41 61 111 157 
2025-02-07 03:13:29 FATAL 50 71 95 48 :379  - The rare situation has occured at time 1738916009726, id to look up=34 210 0 248 , id of local node=50 71 95 48 , id of predecessor=41 61 111 157 
2025-02-07 03:13:50 FATAL 50 71 95 48 :379  - The rare situation has occured at time 1738916030501, id to look up=119 222 104 218 , id of local node=50 71 95 48 , id of predecessor=41 61 111 157 
2025-02-07 03:13:51 FATAL 50 71 95 48 :379  - The rare situation has occured at time 1738916031391, id to look up=27 100 83 137 , id of local node=50 71 95 48 , id of predecessor=41 61 111 157 
2025-02-07 03:13:52 FATAL 50 71 95 48 :379  - The rare situation has occured at time 1738916032368, id to look up=254 93 187 206 , id of local node=50 71 95 48 , id of predecessor=41 61 111 157 
2025-02-07 03:13:52 FATAL 50 71 95 48 :379  - The rare situation has occured at time 1738916032640, id to look up=10 222 124 44 , id of local node=50 71 95 48 , id of predecessor=41 61 111 157 
2025-02-07 03:13:52 FATAL 50 71 95 48 :379  - The rare situation has occured at time 1738916032900, id to look up=23 186 7 145 , id of local node=50 71 95 48 , id of predecessor=41 61 111 157 
2025-02-07 03:13:53 FATAL 50 71 95 48 :379  - The rare situation has occured at time 1738916033001, id to look up=123 82 0 155 , id of local node=50 71 95 48 , id of predecessor=41 61 111 157 
2025-02-07 03:13:53 FATAL 50 71 95 48 :379  - The rare situation has occured at time 1738916033570, id to look up=21 116 189 219 , id of local node=50 71 95 48 , id of predecessor=41 61 111 157 
2025-02-07 03:13:53 FATAL 50 71 95 48 :379  - The rare situation has occured at time 1738916033878, id to look up=7 22 217 112 , id of local node=50 71 95 48 , id of predecessor=41 61 111 157 
2025-02-07 03:13:54 FATAL 50 71 95 48 :379  - The rare situation has occured at time 1738916034949, id to look up=18 198 252 6 , id of local node=50 71 95 48 , id of predecessor=41 61 111 157 
2025-02-07 03:13:55 FATAL 50 71 95 48 :379  - The rare situation has occured at time 1738916035211, id to look up=77 19 75 192 , id of local node=50 71 95 48 , id of predecessor=41 61 111 157 
2025-02-07 03:13:55 FATAL 50 71 95 48 :379  - The rare situation has occured at time 1738916035840, id to look up=10 87 203 83 , id of local node=50 71 95 48 , id of predecessor=41 61 111 157 
2025-02-07 03:13:56 FATAL 50 71 95 48 :379  - The rare situation has occured at time 1738916036058, id to look up=119 25 161 199 , id of local node=50 71 95 48 , id of predecessor=41 61 111 157 
2025-02-07 03:13:56 FATAL 50 71 95 48 :379  - The rare situation has occured at time 1738916036737, id to look up=34 210 0 248 , id of local node=50 71 95 48 , id of predecessor=41 61 111 157 
