2025-02-07 03:07:21 WARN  OpenChordTest:203  - Peer joined at ocsocket://localhost:8108/ via ocsocket://localhost:8080/
2025-02-07 03:07:21 WARN  OpenChordTest:58  - Insert time for key 28 = 460 ms
2025-02-07 03:07:21 WARN  OpenChordTest:60  - Inserted (28, default)
2025-02-07 03:07:21 WARN  OpenChordTest:64  - Memory usage at ocsocket://localhost:8108/ = 23 MB
2025-02-07 03:09:45 FATAL 228 17 236 76 :379  - The rare situation has occured at time 1738915785052, id to look up=119 222 104 218 , id of local node=228 17 236 76 , id of predecessor=214 35 194 29 
2025-02-07 03:09:46 FATAL 228 17 236 76 :379  - The rare situation has occured at time 1738915786535, id to look up=172 52 120 214 , id of local node=228 17 236 76 , id of predecessor=214 35 194 29 
2025-02-07 03:09:46 FATAL 228 17 236 76 :379  - The rare situation has occured at time 1738915786862, id to look up=193 223 217 110 , id of local node=228 17 236 76 , id of predecessor=214 35 194 29 
2025-02-07 03:09:48 FATAL 228 17 236 76 :379  - The rare situation has occured at time 1738915788005, id to look up=177 213 120 17 , id of local node=228 17 236 76 , id of predecessor=214 35 194 29 
2025-02-07 03:09:48 FATAL 228 17 236 76 :379  - The rare situation has occured at time 1738915788436, id to look up=123 82 0 155 , id of local node=228 17 236 76 , id of predecessor=214 35 194 29 
2025-02-07 03:09:48 FATAL 228 17 236 76 :379  - The rare situation has occured at time 1738915788596, id to look up=189 48 122 62 , id of local node=228 17 236 76 , id of predecessor=214 35 194 29 
2025-02-07 03:09:49 FATAL 228 17 236 76 :379  - The rare situation has occured at time 1738915789722, id to look up=158 106 85 182 , id of local node=228 17 236 76 , id of predecessor=214 35 194 29 
2025-02-07 03:09:50 FATAL 228 17 236 76 :379  - The rare situation has occured at time 1738915790136, id to look up=179 240 199 246 , id of local node=228 17 236 76 , id of predecessor=214 35 194 29 
2025-02-07 03:09:50 FATAL 228 17 236 76 :379  - The rare situation has occured at time 1738915790563, id to look up=212 53 166 205 , id of local node=228 17 236 76 , id of predecessor=214 35 194 29 
2025-02-07 03:09:50 FATAL 228 17 236 76 :379  - The rare situation has occured at time 1738915790712, id to look up=77 19 75 192 , id of local node=228 17 236 76 , id of predecessor=214 35 194 29 
2025-02-07 03:09:51 FATAL 228 17 236 76 :379  - The rare situation has occured at time 1738915791724, id to look up=188 51 234 78 , id of local node=228 17 236 76 , id of predecessor=214 35 194 29 
2025-02-07 03:09:52 FATAL 228 17 236 76 :379  - The rare situation has occured at time 1738915792412, id to look up=119 25 161 199 , id of local node=228 17 236 76 , id of predecessor=214 35 194 29 
2025-02-07 03:09:53 FATAL 228 17 236 76 :379  - The rare situation has occured at time 1738915793365, id to look up=203 78 82 8 , id of local node=228 17 236 76 , id of predecessor=214 35 194 29 
2025-02-07 03:12:06 FATAL 228 17 236 76 :379  - The rare situation has occured at time 1738915926968, id to look up=119 222 104 218 , id of local node=228 17 236 76 , id of predecessor=214 35 194 29 
2025-02-07 03:12:07 FATAL 228 17 236 76 :379  - The rare situation has occured at time 1738915927819, id to look up=172 52 120 214 , id of local node=228 17 236 76 , id of predecessor=214 35 194 29 
2025-02-07 03:12:08 FATAL 228 17 236 76 :379  - The rare situation has occured at time 1738915928077, id to look up=193 223 217 110 , id of local node=228 17 236 76 , id of predecessor=214 35 194 29 
2025-02-07 03:12:09 FATAL 228 17 236 76 :379  - The rare situation has occured at time 1738915929030, id to look up=177 213 120 17 , id of local node=228 17 236 76 , id of predecessor=214 35 194 29 
2025-02-07 03:12:09 FATAL 228 17 236 76 :379  - The rare situation has occured at time 1738915929461, id to look up=123 82 0 155 , id of local node=228 17 236 76 , id of predecessor=214 35 194 29 
2025-02-07 03:12:09 FATAL 228 17 236 76 :379  - The rare situation has occured at time 1738915929641, id to look up=189 48 122 62 , id of local node=228 17 236 76 , id of predecessor=214 35 194 29 
2025-02-07 03:12:10 FATAL 228 17 236 76 :379  - The rare situation has occured at time 1738915930657, id to look up=158 106 85 182 , id of local node=228 17 236 76 , id of predecessor=214 35 194 29 
2025-02-07 03:12:11 FATAL 228 17 236 76 :379  - The rare situation has occured at time 1738915931070, id to look up=179 240 199 246 , id of local node=228 17 236 76 , id of predecessor=214 35 194 29 
2025-02-07 03:12:11 FATAL 228 17 236 76 :379  - The rare situation has occured at time 1738915931488, id to look up=212 53 166 205 , id of local node=228 17 236 76 , id of predecessor=214 35 194 29 
2025-02-07 03:12:11 FATAL 228 17 236 76 :379  - The rare situation has occured at time 1738915931637, id to look up=77 19 75 192 , id of local node=228 17 236 76 , id of predecessor=214 35 194 29 
2025-02-07 03:12:12 FATAL 228 17 236 76 :379  - The rare situation has occured at time 1738915932219, id to look up=188 51 234 78 , id of local node=228 17 236 76 , id of predecessor=214 35 194 29 
2025-02-07 03:12:12 FATAL 228 17 236 76 :379  - The rare situation has occured at time 1738915932897, id to look up=119 25 161 199 , id of local node=228 17 236 76 , id of predecessor=214 35 194 29 
2025-02-07 03:12:13 FATAL 228 17 236 76 :379  - The rare situation has occured at time 1738915933560, id to look up=203 78 82 8 , id of local node=228 17 236 76 , id of predecessor=214 35 194 29 
2025-02-07 03:12:34 FATAL 228 17 236 76 :379  - The rare situation has occured at time 1738915954152, id to look up=119 222 104 218 , id of local node=228 17 236 76 , id of predecessor=214 35 194 29 
2025-02-07 03:12:35 FATAL 228 17 236 76 :379  - The rare situation has occured at time 1738915955004, id to look up=172 52 120 214 , id of local node=228 17 236 76 , id of predecessor=214 35 194 29 
2025-02-07 03:12:35 FATAL 228 17 236 76 :379  - The rare situation has occured at time 1738915955272, id to look up=193 223 217 110 , id of local node=228 17 236 76 , id of predecessor=214 35 194 29 
2025-02-07 03:12:36 FATAL 228 17 236 76 :379  - The rare situation has occured at time 1738915956205, id to look up=177 213 120 17 , id of local node=228 17 236 76 , id of predecessor=214 35 194 29 
2025-02-07 03:12:36 FATAL 228 17 236 76 :379  - The rare situation has occured at time 1738915956605, id to look up=123 82 0 155 , id of local node=228 17 236 76 , id of predecessor=214 35 194 29 
2025-02-07 03:12:36 FATAL 228 17 236 76 :379  - The rare situation has occured at time 1738915956775, id to look up=189 48 122 62 , id of local node=228 17 236 76 , id of predecessor=214 35 194 29 
2025-02-07 03:12:37 FATAL 228 17 236 76 :379  - The rare situation has occured at time 1738915957822, id to look up=158 106 85 182 , id of local node=228 17 236 76 , id of predecessor=214 35 194 29 
2025-02-07 03:12:38 FATAL 228 17 236 76 :379  - The rare situation has occured at time 1738915958247, id to look up=179 240 199 246 , id of local node=228 17 236 76 , id of predecessor=214 35 194 29 
2025-02-07 03:12:38 FATAL 228 17 236 76 :379  - The rare situation has occured at time 1738915958683, id to look up=212 53 166 205 , id of local node=228 17 236 76 , id of predecessor=214 35 194 29 
2025-02-07 03:12:38 FATAL 228 17 236 76 :379  - The rare situation has occured at time 1738915958842, id to look up=77 19 75 192 , id of local node=228 17 236 76 , id of predecessor=214 35 194 29 
2025-02-07 03:12:39 FATAL 228 17 236 76 :379  - The rare situation has occured at time 1738915959434, id to look up=188 51 234 78 , id of local node=228 17 236 76 , id of predecessor=214 35 194 29 
2025-02-07 03:12:40 FATAL 228 17 236 76 :379  - The rare situation has occured at time 1738915960122, id to look up=119 25 161 199 , id of local node=228 17 236 76 , id of predecessor=214 35 194 29 
2025-02-07 03:12:40 FATAL 228 17 236 76 :379  - The rare situation has occured at time 1738915960754, id to look up=203 78 82 8 , id of local node=228 17 236 76 , id of predecessor=214 35 194 29 
2025-02-07 03:13:23 FATAL 228 17 236 76 :379  - The rare situation has occured at time 1738916003096, id to look up=119 222 104 218 , id of local node=228 17 236 76 , id of predecessor=214 35 194 29 
2025-02-07 03:13:23 FATAL 228 17 236 76 :379  - The rare situation has occured at time 1738916003958, id to look up=172 52 120 214 , id of local node=228 17 236 76 , id of predecessor=214 35 194 29 
2025-02-07 03:13:24 FATAL 228 17 236 76 :379  - The rare situation has occured at time 1738916004227, id to look up=193 223 217 110 , id of local node=228 17 236 76 , id of predecessor=214 35 194 29 
2025-02-07 03:13:25 FATAL 228 17 236 76 :379  - The rare situation has occured at time 1738916005418, id to look up=177 213 120 17 , id of local node=228 17 236 76 , id of predecessor=214 35 194 29 
2025-02-07 03:13:25 FATAL 228 17 236 76 :379  - The rare situation has occured at time 1738916005869, id to look up=123 82 0 155 , id of local node=228 17 236 76 , id of predecessor=214 35 194 29 
2025-02-07 03:13:26 FATAL 228 17 236 76 :379  - The rare situation has occured at time 1738916006028, id to look up=189 48 122 62 , id of local node=228 17 236 76 , id of predecessor=214 35 194 29 
2025-02-07 03:13:27 FATAL 228 17 236 76 :379  - The rare situation has occured at time 1738916007146, id to look up=158 106 85 182 , id of local node=228 17 236 76 , id of predecessor=214 35 194 29 
2025-02-07 03:13:27 FATAL 228 17 236 76 :379  - The rare situation has occured at time 1738916007617, id to look up=179 240 199 246 , id of local node=228 17 236 76 , id of predecessor=214 35 194 29 
2025-02-07 03:13:28 FATAL 228 17 236 76 :379  - The rare situation has occured at time 1738916008180, id to look up=77 19 75 192 , id of local node=228 17 236 76 , id of predecessor=214 35 194 29 
2025-02-07 03:13:28 FATAL 228 17 236 76 :379  - The rare situation has occured at time 1738916008619, id to look up=188 51 234 78 , id of local node=228 17 236 76 , id of predecessor=214 35 194 29 
2025-02-07 03:13:29 FATAL 228 17 236 76 :379  - The rare situation has occured at time 1738916009186, id to look up=119 25 161 199 , id of local node=228 17 236 76 , id of predecessor=214 35 194 29 
2025-02-07 03:13:30 FATAL 228 17 236 76 :379  - The rare situation has occured at time 1738916010126, id to look up=203 78 82 8 , id of local node=228 17 236 76 , id of predecessor=214 35 194 29 
2025-02-07 03:13:50 FATAL 228 17 236 76 :379  - The rare situation has occured at time 1738916030668, id to look up=119 222 104 218 , id of local node=228 17 236 76 , id of predecessor=214 35 194 29 
2025-02-07 03:13:51 FATAL 228 17 236 76 :379  - The rare situation has occured at time 1738916031450, id to look up=172 52 120 214 , id of local node=228 17 236 76 , id of predecessor=214 35 194 29 
2025-02-07 03:13:51 FATAL 228 17 236 76 :379  - The rare situation has occured at time 1738916031728, id to look up=193 223 217 110 , id of local node=228 17 236 76 , id of predecessor=214 35 194 29 
2025-02-07 03:13:52 FATAL 228 17 236 76 :379  - The rare situation has occured at time 1738916032740, id to look up=177 213 120 17 , id of local node=228 17 236 76 , id of predecessor=214 35 194 29 
2025-02-07 03:13:53 FATAL 228 17 236 76 :379  - The rare situation has occured at time 1738916033151, id to look up=123 82 0 155 , id of local node=228 17 236 76 , id of predecessor=214 35 194 29 
2025-02-07 03:13:53 FATAL 228 17 236 76 :379  - The rare situation has occured at time 1738916033311, id to look up=189 48 122 62 , id of local node=228 17 236 76 , id of predecessor=214 35 194 29 
2025-02-07 03:13:54 FATAL 228 17 236 76 :379  - The rare situation has occured at time 1738916034228, id to look up=158 106 85 182 , id of local node=228 17 236 76 , id of predecessor=214 35 194 29 
2025-02-07 03:13:54 FATAL 228 17 236 76 :379  - The rare situation has occured at time 1738916034698, id to look up=179 240 199 246 , id of local node=228 17 236 76 , id of predecessor=214 35 194 29 
2025-02-07 03:13:55 FATAL 228 17 236 76 :379  - The rare situation has occured at time 1738916035272, id to look up=77 19 75 192 , id of local node=228 17 236 76 , id of predecessor=214 35 194 29 
2025-02-07 03:13:55 FATAL 228 17 236 76 :379  - The rare situation has occured at time 1738916035710, id to look up=188 51 234 78 , id of local node=228 17 236 76 , id of predecessor=214 35 194 29 
2025-02-07 03:13:56 FATAL 228 17 236 76 :379  - The rare situation has occured at time 1738916036308, id to look up=119 25 161 199 , id of local node=228 17 236 76 , id of predecessor=214 35 194 29 
2025-02-07 03:13:56 FATAL 228 17 236 76 :379  - The rare situation has occured at time 1738916036938, id to look up=203 78 82 8 , id of local node=228 17 236 76 , id of predecessor=214 35 194 29 
