2025-02-07 03:06:43 WARN  OpenChordTest:203  - Peer joined at ocsocket://localhost:8090/ via ocsocket://localhost:8080/
2025-02-07 03:06:43 WARN  OpenChordTest:58  - Insert time for key 10 = 470 ms
2025-02-07 03:06:43 WARN  OpenChordTest:60  - Inserted (10, default)
2025-02-07 03:06:43 WARN  OpenChordTest:64  - Memory usage at ocsocket://localhost:8090/ = 18 MB
2025-02-07 03:09:44 FATAL 242 2 157 82 :379  - The rare situation has occured at time 1738915784692, id to look up=218 75 146 55 , id of local node=242 2 157 82 , id of predecessor=228 17 236 76 
2025-02-07 03:09:45 FATAL 242 2 157 82 :379  - The rare situation has occured at time 1738915785004, id to look up=119 222 104 218 , id of local node=242 2 157 82 , id of predecessor=228 17 236 76 
2025-02-07 03:09:46 FATAL 242 2 157 82 :379  - The rare situation has occured at time 1738915786534, id to look up=172 52 120 214 , id of local node=242 2 157 82 , id of predecessor=228 17 236 76 
2025-02-07 03:09:46 FATAL 242 2 157 82 :379  - The rare situation has occured at time 1738915786812, id to look up=193 223 217 110 , id of local node=242 2 157 82 , id of predecessor=228 17 236 76 
2025-02-07 03:09:48 FATAL 242 2 157 82 :379  - The rare situation has occured at time 1738915788005, id to look up=177 213 120 17 , id of local node=242 2 157 82 , id of predecessor=228 17 236 76 
2025-02-07 03:09:48 FATAL 242 2 157 82 :379  - The rare situation has occured at time 1738915788435, id to look up=123 82 0 155 , id of local node=242 2 157 82 , id of predecessor=228 17 236 76 
2025-02-07 03:09:48 FATAL 242 2 157 82 :379  - The rare situation has occured at time 1738915788595, id to look up=189 48 122 62 , id of local node=242 2 157 82 , id of predecessor=228 17 236 76 
2025-02-07 03:09:49 FATAL 242 2 157 82 :379  - The rare situation has occured at time 1738915789672, id to look up=158 106 85 182 , id of local node=242 2 157 82 , id of predecessor=228 17 236 76 
2025-02-07 03:09:50 FATAL 242 2 157 82 :379  - The rare situation has occured at time 1738915790136, id to look up=179 240 199 246 , id of local node=242 2 157 82 , id of predecessor=228 17 236 76 
2025-02-07 03:09:50 FATAL 242 2 157 82 :379  - The rare situation has occured at time 1738915790562, id to look up=212 53 166 205 , id of local node=242 2 157 82 , id of predecessor=228 17 236 76 
2025-02-07 03:09:50 FATAL 242 2 157 82 :379  - The rare situation has occured at time 1738915790667, id to look up=77 19 75 192 , id of local node=242 2 157 82 , id of predecessor=228 17 236 76 
2025-02-07 03:09:51 FATAL 242 2 157 82 :379  - The rare situation has occured at time 1738915791723, id to look up=188 51 234 78 , id of local node=242 2 157 82 , id of predecessor=228 17 236 76 
2025-02-07 03:09:52 FATAL 242 2 157 82 :379  - The rare situation has occured at time 1738915792362, id to look up=119 25 161 199 , id of local node=242 2 157 82 , id of predecessor=228 17 236 76 
2025-02-07 03:09:53 FATAL 242 2 157 82 :379  - The rare situation has occured at time 1738915793364, id to look up=203 78 82 8 , id of local node=242 2 157 82 , id of predecessor=228 17 236 76 
2025-02-07 03:12:06 FATAL 242 2 157 82 :379  - The rare situation has occured at time 1738915926567, id to look up=218 75 146 55 , id of local node=242 2 157 82 , id of predecessor=228 17 236 76 
2025-02-07 03:12:06 FATAL 242 2 157 82 :379  - The rare situation has occured at time 1738915926917, id to look up=119 222 104 218 , id of local node=242 2 157 82 , id of predecessor=228 17 236 76 
2025-02-07 03:12:07 FATAL 242 2 157 82 :379  - The rare situation has occured at time 1738915927819, id to look up=172 52 120 214 , id of local node=242 2 157 82 , id of predecessor=228 17 236 76 
2025-02-07 03:12:08 FATAL 242 2 157 82 :379  - The rare situation has occured at time 1738915928027, id to look up=193 223 217 110 , id of local node=242 2 157 82 , id of predecessor=228 17 236 76 
2025-02-07 03:12:09 FATAL 242 2 157 82 :379  - The rare situation has occured at time 1738915929029, id to look up=177 213 120 17 , id of local node=242 2 157 82 , id of predecessor=228 17 236 76 
2025-02-07 03:12:09 FATAL 242 2 157 82 :379  - The rare situation has occured at time 1738915929460, id to look up=123 82 0 155 , id of local node=242 2 157 82 , id of predecessor=228 17 236 76 
2025-02-07 03:12:09 FATAL 242 2 157 82 :379  - The rare situation has occured at time 1738915929640, id to look up=189 48 122 62 , id of local node=242 2 157 82 , id of predecessor=228 17 236 76 
2025-02-07 03:12:10 FATAL 242 2 157 82 :379  - The rare situation has occured at time 1738915930607, id to look up=158 106 85 182 , id of local node=242 2 157 82 , id of predecessor=228 17 236 76 
2025-02-07 03:12:11 FATAL 242 2 157 82 :379  - The rare situation has occured at time 1738915931070, id to look up=179 240 199 246 , id of local node=242 2 157 82 , id of predecessor=228 17 236 76 
2025-02-07 03:12:11 FATAL 242 2 157 82 :379  - The rare situation has occured at time 1738915931487, id to look up=212 53 166 205 , id of local node=242 2 157 82 , id of predecessor=228 17 236 76 
2025-02-07 03:12:11 FATAL 242 2 157 82 :379  - The rare situation has occured at time 1738915931591, id to look up=77 19 75 192 , id of local node=242 2 157 82 , id of predecessor=228 17 236 76 
2025-02-07 03:12:12 FATAL 242 2 157 82 :379  - The rare situation has occured at time 1738915932218, id to look up=188 51 234 78 , id of local node=242 2 157 82 , id of predecessor=228 17 236 76 
2025-02-07 03:12:12 FATAL 242 2 157 82 :379  - The rare situation has occured at time 1738915932848, id to look up=119 25 161 199 , id of local node=242 2 157 82 , id of predecessor=228 17 236 76 
2025-02-07 03:12:13 FATAL 242 2 157 82 :379  - The rare situation has occured at time 1738915933559, id to look up=203 78 82 8 , id of local node=242 2 157 82 , id of predecessor=228 17 236 76 
2025-02-07 03:12:33 FATAL 242 2 157 82 :379  - The rare situation has occured at time 1738915953742, id to look up=218 75 146 55 , id of local node=242 2 157 82 , id of predecessor=228 17 236 76 
2025-02-07 03:12:34 FATAL 242 2 157 82 :379  - The rare situation has occured at time 1738915954102, id to look up=119 222 104 218 , id of local node=242 2 157 82 , id of predecessor=228 17 236 76 
2025-02-07 03:12:35 FATAL 242 2 157 82 :379  - The rare situation has occured at time 1738915955003, id to look up=172 52 120 214 , id of local node=242 2 157 82 , id of predecessor=228 17 236 76 
2025-02-07 03:12:35 FATAL 242 2 157 82 :379  - The rare situation has occured at time 1738915955222, id to look up=193 223 217 110 , id of local node=242 2 157 82 , id of predecessor=228 17 236 76 
2025-02-07 03:12:36 FATAL 242 2 157 82 :379  - The rare situation has occured at time 1738915956204, id to look up=177 213 120 17 , id of local node=242 2 157 82 , id of predecessor=228 17 236 76 
2025-02-07 03:12:36 FATAL 242 2 157 82 :379  - The rare situation has occured at time 1738915956604, id to look up=123 82 0 155 , id of local node=242 2 157 82 , id of predecessor=228 17 236 76 
2025-02-07 03:12:36 FATAL 242 2 157 82 :379  - The rare situation has occured at time 1738915956774, id to look up=189 48 122 62 , id of local node=242 2 157 82 , id of predecessor=228 17 236 76 
2025-02-07 03:12:37 FATAL 242 2 157 82 :379  - The rare situation has occured at time 1738915957772, id to look up=158 106 85 182 , id of local node=242 2 157 82 , id of predecessor=228 17 236 76 
2025-02-07 03:12:38 FATAL 242 2 157 82 :379  - The rare situation has occured at time 1738915958246, id to look up=179 240 199 246 , id of local node=242 2 157 82 , id of predecessor=228 17 236 76 
2025-02-07 03:12:38 FATAL 242 2 157 82 :379  - The rare situation has occured at time 1738915958682, id to look up=212 53 166 205 , id of local node=242 2 157 82 , id of predecessor=228 17 236 76 
2025-02-07 03:12:38 FATAL 242 2 157 82 :379  - The rare situation has occured at time 1738915958796, id to look up=77 19 75 192 , id of local node=242 2 157 82 , id of predecessor=228 17 236 76 
2025-02-07 03:12:39 FATAL 242 2 157 82 :379  - The rare situation has occured at time 1738915959433, id to look up=188 51 234 78 , id of local node=242 2 157 82 , id of predecessor=228 17 236 76 
2025-02-07 03:12:40 FATAL 242 2 157 82 :379  - The rare situation has occured at time 1738915960072, id to look up=119 25 161 199 , id of local node=242 2 157 82 , id of predecessor=228 17 236 76 
2025-02-07 03:12:40 FATAL 242 2 157 82 :379  - The rare situation has occured at time 1738915960753, id to look up=203 78 82 8 , id of local node=242 2 157 82 , id of predecessor=228 17 236 76 
2025-02-07 03:13:22 FATAL 242 2 157 82 :379  - The rare situation has occured at time 1738916002546, id to look up=218 75 146 55 , id of local node=242 2 157 82 , id of predecessor=228 17 236 76 
2025-02-07 03:13:23 FATAL 242 2 157 82 :379  - The rare situation has occured at time 1738916003046, id to look up=119 222 104 218 , id of local node=242 2 157 82 , id of predecessor=228 17 236 76 
2025-02-07 03:13:23 FATAL 242 2 157 82 :379  - The rare situation has occured at time 1738916003957, id to look up=172 52 120 214 , id of local node=242 2 157 82 , id of predecessor=228 17 236 76 
2025-02-07 03:13:24 FATAL 242 2 157 82 :379  - The rare situation has occured at time 1738916004176, id to look up=193 223 217 110 , id of local node=242 2 157 82 , id of predecessor=228 17 236 76 
2025-02-07 03:13:25 FATAL 242 2 157 82 :379  - The rare situation has occured at time 1738916005417, id to look up=177 213 120 17 , id of local node=242 2 157 82 , id of predecessor=228 17 236 76 
2025-02-07 03:13:25 FATAL 242 2 157 82 :379  - The rare situation has occured at time 1738916005869, id to look up=123 82 0 155 , id of local node=242 2 157 82 , id of predecessor=228 17 236 76 
2025-02-07 03:13:26 FATAL 242 2 157 82 :379  - The rare situation has occured at time 1738916006028, id to look up=189 48 122 62 , id of local node=242 2 157 82 , id of predecessor=228 17 236 76 
2025-02-07 03:13:27 FATAL 242 2 157 82 :379  - The rare situation has occured at time 1738916007098, id to look up=158 106 85 182 , id of local node=242 2 157 82 , id of predecessor=228 17 236 76 
2025-02-07 03:13:27 FATAL 242 2 157 82 :379  - The rare situation has occured at time 1738916007616, id to look up=179 240 199 246 , id of local node=242 2 157 82 , id of predecessor=228 17 236 76 
2025-02-07 03:13:28 FATAL 242 2 157 82 :379  - The rare situation has occured at time 1738916008180, id to look up=77 19 75 192 , id of local node=242 2 157 82 , id of predecessor=228 17 236 76 
2025-02-07 03:13:28 FATAL 242 2 157 82 :379  - The rare situation has occured at time 1738916008618, id to look up=188 51 234 78 , id of local node=242 2 157 82 , id of predecessor=228 17 236 76 
2025-02-07 03:13:29 FATAL 242 2 157 82 :379  - The rare situation has occured at time 1738916009140, id to look up=119 25 161 199 , id of local node=242 2 157 82 , id of predecessor=228 17 236 76 
2025-02-07 03:13:30 FATAL 242 2 157 82 :379  - The rare situation has occured at time 1738916010126, id to look up=203 78 82 8 , id of local node=242 2 157 82 , id of predecessor=228 17 236 76 
2025-02-07 03:13:50 FATAL 242 2 157 82 :379  - The rare situation has occured at time 1738916030398, id to look up=218 75 146 55 , id of local node=242 2 157 82 , id of predecessor=228 17 236 76 
2025-02-07 03:13:50 FATAL 242 2 157 82 :379  - The rare situation has occured at time 1738916030613, id to look up=119 222 104 218 , id of local node=242 2 157 82 , id of predecessor=228 17 236 76 
2025-02-07 03:13:51 FATAL 242 2 157 82 :379  - The rare situation has occured at time 1738916031449, id to look up=172 52 120 214 , id of local node=242 2 157 82 , id of predecessor=228 17 236 76 
2025-02-07 03:13:51 FATAL 242 2 157 82 :379  - The rare situation has occured at time 1738916031678, id to look up=193 223 217 110 , id of local node=242 2 157 82 , id of predecessor=228 17 236 76 
2025-02-07 03:13:52 FATAL 242 2 157 82 :379  - The rare situation has occured at time 1738916032740, id to look up=177 213 120 17 , id of local node=242 2 157 82 , id of predecessor=228 17 236 76 
2025-02-07 03:13:53 FATAL 242 2 157 82 :379  - The rare situation has occured at time 1738916033150, id to look up=123 82 0 155 , id of local node=242 2 157 82 , id of predecessor=228 17 236 76 
2025-02-07 03:13:53 FATAL 242 2 157 82 :379  - The rare situation has occured at time 1738916033310, id to look up=189 48 122 62 , id of local node=242 2 157 82 , id of predecessor=228 17 236 76 
2025-02-07 03:13:54 FATAL 242 2 157 82 :379  - The rare situation has occured at time 1738916034179, id to look up=158 106 85 182 , id of local node=242 2 157 82 , id of predecessor=228 17 236 76 
2025-02-07 03:13:54 FATAL 242 2 157 82 :379  - The rare situation has occured at time 1738916034698, id to look up=179 240 199 246 , id of local node=242 2 157 82 , id of predecessor=228 17 236 76 
2025-02-07 03:13:55 FATAL 242 2 157 82 :379  - The rare situation has occured at time 1738916035271, id to look up=77 19 75 192 , id of local node=242 2 157 82 , id of predecessor=228 17 236 76 
2025-02-07 03:13:55 FATAL 242 2 157 82 :379  - The rare situation has occured at time 1738916035709, id to look up=188 51 234 78 , id of local node=242 2 157 82 , id of predecessor=228 17 236 76 
2025-02-07 03:13:56 FATAL 242 2 157 82 :379  - The rare situation has occured at time 1738916036261, id to look up=119 25 161 199 , id of local node=242 2 157 82 , id of predecessor=228 17 236 76 
2025-02-07 03:13:56 FATAL 242 2 157 82 :379  - The rare situation has occured at time 1738916036938, id to look up=203 78 82 8 , id of local node=242 2 157 82 , id of predecessor=228 17 236 76 
