2025-02-07 03:06:36 WARN  OpenChordTest:203  - Peer joined at ocsocket://localhost:8087/ via ocsocket://localhost:8080/
2025-02-07 03:06:37 WARN  OpenChordTest:58  - Insert time for key 7 = 681 ms
2025-02-07 03:06:37 WARN  OpenChordTest:60  - Inserted (7, default)
2025-02-07 03:06:37 WARN  OpenChordTest:64  - Memory usage at ocsocket://localhost:8087/ = 16 MB
2025-02-07 03:09:45 FATAL 145 84 232 106 :379  - The rare situation has occured at time 1738915785742, id to look up=119 222 104 218 , id of local node=145 84 232 106 , id of predecessor=134 24 122 57 
2025-02-07 03:09:48 FATAL 145 84 232 106 :379  - The rare situation has occured at time 1738915788488, id to look up=123 82 0 155 , id of local node=145 84 232 106 , id of predecessor=134 24 122 57 
2025-02-07 03:09:50 FATAL 145 84 232 106 :379  - The rare situation has occured at time 1738915790935, id to look up=77 19 75 192 , id of local node=145 84 232 106 , id of predecessor=134 24 122 57 
2025-02-07 03:09:52 FATAL 145 84 232 106 :379  - The rare situation has occured at time 1738915792778, id to look up=119 25 161 199 , id of local node=145 84 232 106 , id of predecessor=134 24 122 57 
2025-02-07 03:12:07 FATAL 145 84 232 106 :379  - The rare situation has occured at time 1738915927547, id to look up=119 222 104 218 , id of local node=145 84 232 106 , id of predecessor=134 24 122 57 
2025-02-07 03:12:09 FATAL 145 84 232 106 :379  - The rare situation has occured at time 1738915929523, id to look up=123 82 0 155 , id of local node=145 84 232 106 , id of predecessor=134 24 122 57 
2025-02-07 03:12:11 FATAL 145 84 232 106 :379  - The rare situation has occured at time 1738915931849, id to look up=77 19 75 192 , id of local node=145 84 232 106 , id of predecessor=134 24 122 57 
2025-02-07 03:12:13 FATAL 145 84 232 106 :379  - The rare situation has occured at time 1738915933262, id to look up=119 25 161 199 , id of local node=145 84 232 106 , id of predecessor=134 24 122 57 
2025-02-07 03:12:34 FATAL 145 84 232 106 :379  - The rare situation has occured at time 1738915954732, id to look up=119 222 104 218 , id of local node=145 84 232 106 , id of predecessor=134 24 122 57 
2025-02-07 03:12:36 FATAL 145 84 232 106 :379  - The rare situation has occured at time 1738915956656, id to look up=123 82 0 155 , id of local node=145 84 232 106 , id of predecessor=134 24 122 57 
2025-02-07 03:12:39 FATAL 145 84 232 106 :379  - The rare situation has occured at time 1738915959044, id to look up=77 19 75 192 , id of local node=145 84 232 106 , id of predecessor=134 24 122 57 
2025-02-07 03:12:40 FATAL 145 84 232 106 :379  - The rare situation has occured at time 1738915960486, id to look up=119 25 161 199 , id of local node=145 84 232 106 , id of predecessor=134 24 122 57 
2025-02-07 03:13:23 FATAL 145 84 232 106 :379  - The rare situation has occured at time 1738916003656, id to look up=119 222 104 218 , id of local node=145 84 232 106 , id of predecessor=134 24 122 57 
2025-02-07 03:13:25 FATAL 145 84 232 106 :379  - The rare situation has occured at time 1738916005920, id to look up=123 82 0 155 , id of local node=145 84 232 106 , id of predecessor=134 24 122 57 
2025-02-07 03:13:28 FATAL 145 84 232 106 :379  - The rare situation has occured at time 1738916008338, id to look up=77 19 75 192 , id of local node=145 84 232 106 , id of predecessor=134 24 122 57 
2025-02-07 03:13:29 FATAL 145 84 232 106 :379  - The rare situation has occured at time 1738916009561, id to look up=119 25 161 199 , id of local node=145 84 232 106 , id of predecessor=134 24 122 57 
2025-02-07 03:13:51 FATAL 145 84 232 106 :379  - The rare situation has occured at time 1738916031228, id to look up=119 222 104 218 , id of local node=145 84 232 106 , id of predecessor=134 24 122 57 
2025-02-07 03:13:53 FATAL 145 84 232 106 :379  - The rare situation has occured at time 1738916033202, id to look up=123 82 0 155 , id of local node=145 84 232 106 , id of predecessor=134 24 122 57 
2025-02-07 03:13:55 FATAL 145 84 232 106 :379  - The rare situation has occured at time 1738916035420, id to look up=77 19 75 192 , id of local node=145 84 232 106 , id of predecessor=134 24 122 57 
2025-02-07 03:13:56 FATAL 145 84 232 106 :379  - The rare situation has occured at time 1738916036672, id to look up=119 25 161 199 , id of local node=145 84 232 106 , id of predecessor=134 24 122 57 
