2025-02-07 03:06:47 WARN  OpenChordTest:203  - Peer joined at ocsocket://localhost:8092/ via ocsocket://localhost:8080/
2025-02-07 03:06:48 WARN  OpenChordTest:58  - Insert time for key 12 = 1042 ms
2025-02-07 03:06:48 WARN  OpenChordTest:60  - Inserted (12, default)
2025-02-07 03:06:48 WARN  OpenChordTest:64  - Memory usage at ocsocket://localhost:8092/ = 17 MB
2025-02-07 03:09:45 FATAL 246 204 157 173 :379  - The rare situation has occured at time 1738915785003, id to look up=119 222 104 218 , id of local node=246 204 157 173 , id of predecessor=242 2 157 82 
2025-02-07 03:09:46 FATAL 246 204 157 173 :379  - The rare situation has occured at time 1738915786533, id to look up=172 52 120 214 , id of local node=246 204 157 173 , id of predecessor=242 2 157 82 
2025-02-07 03:09:46 FATAL 246 204 157 173 :379  - The rare situation has occured at time 1738915786762, id to look up=193 223 217 110 , id of local node=246 204 157 173 , id of predecessor=242 2 157 82 
2025-02-07 03:09:48 FATAL 246 204 157 173 :379  - The rare situation has occured at time 1738915788004, id to look up=177 213 120 17 , id of local node=246 204 157 173 , id of predecessor=242 2 157 82 
2025-02-07 03:09:48 FATAL 246 204 157 173 :379  - The rare situation has occured at time 1738915788434, id to look up=123 82 0 155 , id of local node=246 204 157 173 , id of predecessor=242 2 157 82 
2025-02-07 03:09:48 FATAL 246 204 157 173 :379  - The rare situation has occured at time 1738915788594, id to look up=189 48 122 62 , id of local node=246 204 157 173 , id of predecessor=242 2 157 82 
2025-02-07 03:09:49 FATAL 246 204 157 173 :379  - The rare situation has occured at time 1738915789622, id to look up=158 106 85 182 , id of local node=246 204 157 173 , id of predecessor=242 2 157 82 
2025-02-07 03:09:50 FATAL 246 204 157 173 :379  - The rare situation has occured at time 1738915790135, id to look up=179 240 199 246 , id of local node=246 204 157 173 , id of predecessor=242 2 157 82 
2025-02-07 03:09:50 FATAL 246 204 157 173 :379  - The rare situation has occured at time 1738915790667, id to look up=77 19 75 192 , id of local node=246 204 157 173 , id of predecessor=242 2 157 82 
2025-02-07 03:09:51 FATAL 246 204 157 173 :379  - The rare situation has occured at time 1738915791722, id to look up=188 51 234 78 , id of local node=246 204 157 173 , id of predecessor=242 2 157 82 
2025-02-07 03:09:52 FATAL 246 204 157 173 :379  - The rare situation has occured at time 1738915792312, id to look up=119 25 161 199 , id of local node=246 204 157 173 , id of predecessor=242 2 157 82 
2025-02-07 03:09:53 FATAL 246 204 157 173 :379  - The rare situation has occured at time 1738915793363, id to look up=203 78 82 8 , id of local node=246 204 157 173 , id of predecessor=242 2 157 82 
2025-02-07 03:12:06 FATAL 246 204 157 173 :379  - The rare situation has occured at time 1738915926867, id to look up=119 222 104 218 , id of local node=246 204 157 173 , id of predecessor=242 2 157 82 
2025-02-07 03:12:07 FATAL 246 204 157 173 :379  - The rare situation has occured at time 1738915927818, id to look up=172 52 120 214 , id of local node=246 204 157 173 , id of predecessor=242 2 157 82 
2025-02-07 03:12:07 FATAL 246 204 157 173 :379  - The rare situation has occured at time 1738915927977, id to look up=193 223 217 110 , id of local node=246 204 157 173 , id of predecessor=242 2 157 82 
2025-02-07 03:12:09 FATAL 246 204 157 173 :379  - The rare situation has occured at time 1738915929029, id to look up=177 213 120 17 , id of local node=246 204 157 173 , id of predecessor=242 2 157 82 
2025-02-07 03:12:09 FATAL 246 204 157 173 :379  - The rare situation has occured at time 1738915929459, id to look up=123 82 0 155 , id of local node=246 204 157 173 , id of predecessor=242 2 157 82 
2025-02-07 03:12:09 FATAL 246 204 157 173 :379  - The rare situation has occured at time 1738915929639, id to look up=189 48 122 62 , id of local node=246 204 157 173 , id of predecessor=242 2 157 82 
2025-02-07 03:12:10 FATAL 246 204 157 173 :379  - The rare situation has occured at time 1738915930557, id to look up=158 106 85 182 , id of local node=246 204 157 173 , id of predecessor=242 2 157 82 
2025-02-07 03:12:11 FATAL 246 204 157 173 :379  - The rare situation has occured at time 1738915931069, id to look up=179 240 199 246 , id of local node=246 204 157 173 , id of predecessor=242 2 157 82 
2025-02-07 03:12:11 FATAL 246 204 157 173 :379  - The rare situation has occured at time 1738915931590, id to look up=77 19 75 192 , id of local node=246 204 157 173 , id of predecessor=242 2 157 82 
2025-02-07 03:12:12 FATAL 246 204 157 173 :379  - The rare situation has occured at time 1738915932218, id to look up=188 51 234 78 , id of local node=246 204 157 173 , id of predecessor=242 2 157 82 
2025-02-07 03:12:12 FATAL 246 204 157 173 :379  - The rare situation has occured at time 1738915932797, id to look up=119 25 161 199 , id of local node=246 204 157 173 , id of predecessor=242 2 157 82 
2025-02-07 03:12:13 FATAL 246 204 157 173 :379  - The rare situation has occured at time 1738915933558, id to look up=203 78 82 8 , id of local node=246 204 157 173 , id of predecessor=242 2 157 82 
2025-02-07 03:12:34 FATAL 246 204 157 173 :379  - The rare situation has occured at time 1738915954042, id to look up=119 222 104 218 , id of local node=246 204 157 173 , id of predecessor=242 2 157 82 
2025-02-07 03:12:35 FATAL 246 204 157 173 :379  - The rare situation has occured at time 1738915955003, id to look up=172 52 120 214 , id of local node=246 204 157 173 , id of predecessor=242 2 157 82 
2025-02-07 03:12:35 FATAL 246 204 157 173 :379  - The rare situation has occured at time 1738915955172, id to look up=193 223 217 110 , id of local node=246 204 157 173 , id of predecessor=242 2 157 82 
2025-02-07 03:12:36 FATAL 246 204 157 173 :379  - The rare situation has occured at time 1738915956204, id to look up=177 213 120 17 , id of local node=246 204 157 173 , id of predecessor=242 2 157 82 
2025-02-07 03:12:36 FATAL 246 204 157 173 :379  - The rare situation has occured at time 1738915956604, id to look up=123 82 0 155 , id of local node=246 204 157 173 , id of predecessor=242 2 157 82 
2025-02-07 03:12:36 FATAL 246 204 157 173 :379  - The rare situation has occured at time 1738915956774, id to look up=189 48 122 62 , id of local node=246 204 157 173 , id of predecessor=242 2 157 82 
2025-02-07 03:12:37 FATAL 246 204 157 173 :379  - The rare situation has occured at time 1738915957722, id to look up=158 106 85 182 , id of local node=246 204 157 173 , id of predecessor=242 2 157 82 
2025-02-07 03:12:38 FATAL 246 204 157 173 :379  - The rare situation has occured at time 1738915958245, id to look up=179 240 199 246 , id of local node=246 204 157 173 , id of predecessor=242 2 157 82 
2025-02-07 03:12:38 FATAL 246 204 157 173 :379  - The rare situation has occured at time 1738915958795, id to look up=77 19 75 192 , id of local node=246 204 157 173 , id of predecessor=242 2 157 82 
2025-02-07 03:12:39 FATAL 246 204 157 173 :379  - The rare situation has occured at time 1738915959433, id to look up=188 51 234 78 , id of local node=246 204 157 173 , id of predecessor=242 2 157 82 
2025-02-07 03:12:40 FATAL 246 204 157 173 :379  - The rare situation has occured at time 1738915960012, id to look up=119 25 161 199 , id of local node=246 204 157 173 , id of predecessor=242 2 157 82 
2025-02-07 03:12:40 FATAL 246 204 157 173 :379  - The rare situation has occured at time 1738915960752, id to look up=203 78 82 8 , id of local node=246 204 157 173 , id of predecessor=242 2 157 82 
2025-02-07 03:13:22 FATAL 246 204 157 173 :379  - The rare situation has occured at time 1738916002996, id to look up=119 222 104 218 , id of local node=246 204 157 173 , id of predecessor=242 2 157 82 
2025-02-07 03:13:25 FATAL 246 204 157 173 :379  - The rare situation has occured at time 1738916005868, id to look up=123 82 0 155 , id of local node=246 204 157 173 , id of predecessor=242 2 157 82 
2025-02-07 03:13:27 FATAL 246 204 157 173 :379  - The rare situation has occured at time 1738916007097, id to look up=158 106 85 182 , id of local node=246 204 157 173 , id of predecessor=242 2 157 82 
2025-02-07 03:13:28 FATAL 246 204 157 173 :379  - The rare situation has occured at time 1738916008179, id to look up=77 19 75 192 , id of local node=246 204 157 173 , id of predecessor=242 2 157 82 
2025-02-07 03:13:29 FATAL 246 204 157 173 :379  - The rare situation has occured at time 1738916009139, id to look up=119 25 161 199 , id of local node=246 204 157 173 , id of predecessor=242 2 157 82 
2025-02-07 03:13:50 FATAL 246 204 157 173 :379  - The rare situation has occured at time 1738916030612, id to look up=119 222 104 218 , id of local node=246 204 157 173 , id of predecessor=242 2 157 82 
2025-02-07 03:13:53 FATAL 246 204 157 173 :379  - The rare situation has occured at time 1738916033150, id to look up=123 82 0 155 , id of local node=246 204 157 173 , id of predecessor=242 2 157 82 
2025-02-07 03:13:54 FATAL 246 204 157 173 :379  - The rare situation has occured at time 1738916034178, id to look up=158 106 85 182 , id of local node=246 204 157 173 , id of predecessor=242 2 157 82 
2025-02-07 03:13:55 FATAL 246 204 157 173 :379  - The rare situation has occured at time 1738916035271, id to look up=77 19 75 192 , id of local node=246 204 157 173 , id of predecessor=242 2 157 82 
2025-02-07 03:13:56 FATAL 246 204 157 173 :379  - The rare situation has occured at time 1738916036260, id to look up=119 25 161 199 , id of local node=246 204 157 173 , id of predecessor=242 2 157 82 
