2025-02-07 03:07:12 WARN  OpenChordTest:203  - Peer joined at ocsocket://localhost:8105/ via ocsocket://localhost:8080/
2025-02-07 03:07:13 WARN  OpenChordTest:58  - Insert time for key 25 = 922 ms
2025-02-07 03:07:13 WARN  OpenChordTest:60  - Inserted (25, default)
2025-02-07 03:07:13 WARN  OpenChordTest:64  - Memory usage at ocsocket://localhost:8105/ = 16 MB
2025-02-07 03:09:44 FATAL 41 61 111 157 :379  - The rare situation has occured at time 1738915784943, id to look up=119 222 104 218 , id of local node=41 61 111 157 , id of predecessor=40 250 169 214 
2025-02-07 03:09:46 FATAL 41 61 111 157 :379  - The rare situation has occured at time 1738915786166, id to look up=27 100 83 137 , id of local node=41 61 111 157 , id of predecessor=40 250 169 214 
2025-02-07 03:09:47 FATAL 41 61 111 157 :379  - The rare situation has occured at time 1738915787682, id to look up=254 93 187 206 , id of local node=41 61 111 157 , id of predecessor=40 250 169 214 
2025-02-07 03:09:47 FATAL 41 61 111 157 :379  - The rare situation has occured at time 1738915787906, id to look up=10 222 124 44 , id of local node=41 61 111 157 , id of predecessor=40 250 169 214 
2025-02-07 03:09:48 FATAL 41 61 111 157 :379  - The rare situation has occured at time 1738915788156, id to look up=23 186 7 145 , id of local node=41 61 111 157 , id of predecessor=40 250 169 214 
2025-02-07 03:09:48 FATAL 41 61 111 157 :379  - The rare situation has occured at time 1738915788276, id to look up=123 82 0 155 , id of local node=41 61 111 157 , id of predecessor=40 250 169 214 
2025-02-07 03:09:48 FATAL 41 61 111 157 :379  - The rare situation has occured at time 1738915788956, id to look up=21 116 189 219 , id of local node=41 61 111 157 , id of predecessor=40 250 169 214 
2025-02-07 03:09:49 FATAL 41 61 111 157 :379  - The rare situation has occured at time 1738915789312, id to look up=7 22 217 112 , id of local node=41 61 111 157 , id of predecessor=40 250 169 214 
2025-02-07 03:09:50 FATAL 41 61 111 157 :379  - The rare situation has occured at time 1738915790394, id to look up=18 198 252 6 , id of local node=41 61 111 157 , id of predecessor=40 250 169 214 
2025-02-07 03:09:50 FATAL 41 61 111 157 :379  - The rare situation has occured at time 1738915790615, id to look up=77 19 75 192 , id of local node=41 61 111 157 , id of predecessor=40 250 169 214 
2025-02-07 03:09:51 FATAL 41 61 111 157 :379  - The rare situation has occured at time 1738915791896, id to look up=10 87 203 83 , id of local node=41 61 111 157 , id of predecessor=40 250 169 214 
2025-02-07 03:09:52 FATAL 41 61 111 157 :379  - The rare situation has occured at time 1738915792102, id to look up=119 25 161 199 , id of local node=41 61 111 157 , id of predecessor=40 250 169 214 
2025-02-07 03:09:52 FATAL 41 61 111 157 :379  - The rare situation has occured at time 1738915792953, id to look up=34 210 0 248 , id of local node=41 61 111 157 , id of predecessor=40 250 169 214 
2025-02-07 03:12:06 FATAL 41 61 111 157 :379  - The rare situation has occured at time 1738915926767, id to look up=119 222 104 218 , id of local node=41 61 111 157 , id of predecessor=40 250 169 214 
2025-02-07 03:12:07 FATAL 41 61 111 157 :379  - The rare situation has occured at time 1738915927711, id to look up=27 100 83 137 , id of local node=41 61 111 157 , id of predecessor=40 250 169 214 
2025-02-07 03:12:08 FATAL 41 61 111 157 :379  - The rare situation has occured at time 1738915928717, id to look up=254 93 187 206 , id of local node=41 61 111 157 , id of predecessor=40 250 169 214 
2025-02-07 03:12:08 FATAL 41 61 111 157 :379  - The rare situation has occured at time 1738915928920, id to look up=10 222 124 44 , id of local node=41 61 111 157 , id of predecessor=40 250 169 214 
2025-02-07 03:12:09 FATAL 41 61 111 157 :379  - The rare situation has occured at time 1738915929191, id to look up=23 186 7 145 , id of local node=41 61 111 157 , id of predecessor=40 250 169 214 
2025-02-07 03:12:09 FATAL 41 61 111 157 :379  - The rare situation has occured at time 1738915929291, id to look up=123 82 0 155 , id of local node=41 61 111 157 , id of predecessor=40 250 169 214 
2025-02-07 03:12:10 FATAL 41 61 111 157 :379  - The rare situation has occured at time 1738915930000, id to look up=21 116 189 219 , id of local node=41 61 111 157 , id of predecessor=40 250 169 214 
2025-02-07 03:12:10 FATAL 41 61 111 157 :379  - The rare situation has occured at time 1738915930247, id to look up=7 22 217 112 , id of local node=41 61 111 157 , id of predecessor=40 250 169 214 
2025-02-07 03:12:11 FATAL 41 61 111 157 :379  - The rare situation has occured at time 1738915931318, id to look up=18 198 252 6 , id of local node=41 61 111 157 , id of predecessor=40 250 169 214 
2025-02-07 03:12:11 FATAL 41 61 111 157 :379  - The rare situation has occured at time 1738915931539, id to look up=77 19 75 192 , id of local node=41 61 111 157 , id of predecessor=40 250 169 214 
2025-02-07 03:12:12 FATAL 41 61 111 157 :379  - The rare situation has occured at time 1738915932390, id to look up=10 87 203 83 , id of local node=41 61 111 157 , id of predecessor=40 250 169 214 
2025-02-07 03:12:12 FATAL 41 61 111 157 :379  - The rare situation has occured at time 1738915932587, id to look up=119 25 161 199 , id of local node=41 61 111 157 , id of predecessor=40 250 169 214 
2025-02-07 03:12:13 FATAL 41 61 111 157 :379  - The rare situation has occured at time 1738915933338, id to look up=34 210 0 248 , id of local node=41 61 111 157 , id of predecessor=40 250 169 214 
2025-02-07 03:12:33 FATAL 41 61 111 157 :379  - The rare situation has occured at time 1738915953943, id to look up=119 222 104 218 , id of local node=41 61 111 157 , id of predecessor=40 250 169 214 
2025-02-07 03:12:34 FATAL 41 61 111 157 :379  - The rare situation has occured at time 1738915954897, id to look up=27 100 83 137 , id of local node=41 61 111 157 , id of predecessor=40 250 169 214 
2025-02-07 03:12:35 FATAL 41 61 111 157 :379  - The rare situation has occured at time 1738915955902, id to look up=254 93 187 206 , id of local node=41 61 111 157 , id of predecessor=40 250 169 214 
2025-02-07 03:12:36 FATAL 41 61 111 157 :379  - The rare situation has occured at time 1738915956106, id to look up=10 222 124 44 , id of local node=41 61 111 157 , id of predecessor=40 250 169 214 
2025-02-07 03:12:36 FATAL 41 61 111 157 :379  - The rare situation has occured at time 1738915956355, id to look up=23 186 7 145 , id of local node=41 61 111 157 , id of predecessor=40 250 169 214 
2025-02-07 03:12:36 FATAL 41 61 111 157 :379  - The rare situation has occured at time 1738915956455, id to look up=123 82 0 155 , id of local node=41 61 111 157 , id of predecessor=40 250 169 214 
2025-02-07 03:12:37 FATAL 41 61 111 157 :379  - The rare situation has occured at time 1738915957154, id to look up=21 116 189 219 , id of local node=41 61 111 157 , id of predecessor=40 250 169 214 
2025-02-07 03:12:37 FATAL 41 61 111 157 :379  - The rare situation has occured at time 1738915957412, id to look up=7 22 217 112 , id of local node=41 61 111 157 , id of predecessor=40 250 169 214 
2025-02-07 03:12:38 FATAL 41 61 111 157 :379  - The rare situation has occured at time 1738915958514, id to look up=18 198 252 6 , id of local node=41 61 111 157 , id of predecessor=40 250 169 214 
2025-02-07 03:12:38 FATAL 41 61 111 157 :379  - The rare situation has occured at time 1738915958744, id to look up=77 19 75 192 , id of local node=41 61 111 157 , id of predecessor=40 250 169 214 
2025-02-07 03:12:39 FATAL 41 61 111 157 :379  - The rare situation has occured at time 1738915959595, id to look up=10 87 203 83 , id of local node=41 61 111 157 , id of predecessor=40 250 169 214 
2025-02-07 03:12:39 FATAL 41 61 111 157 :379  - The rare situation has occured at time 1738915959812, id to look up=119 25 161 199 , id of local node=41 61 111 157 , id of predecessor=40 250 169 214 
2025-02-07 03:12:40 FATAL 41 61 111 157 :379  - The rare situation has occured at time 1738915960553, id to look up=34 210 0 248 , id of local node=41 61 111 157 , id of predecessor=40 250 169 214 
2025-02-07 03:13:22 FATAL 41 61 111 157 :379  - The rare situation has occured at time 1738916002896, id to look up=119 222 104 218 , id of local node=41 61 111 157 , id of predecessor=40 250 169 214 
2025-02-07 03:13:23 FATAL 41 61 111 157 :379  - The rare situation has occured at time 1738916003889, id to look up=27 100 83 137 , id of local node=41 61 111 157 , id of predecessor=40 250 169 214 
2025-02-07 03:13:25 FATAL 41 61 111 157 :379  - The rare situation has occured at time 1738916005086, id to look up=254 93 187 206 , id of local node=41 61 111 157 , id of predecessor=40 250 169 214 
2025-02-07 03:13:25 FATAL 41 61 111 157 :379  - The rare situation has occured at time 1738916005299, id to look up=10 222 124 44 , id of local node=41 61 111 157 , id of predecessor=40 250 169 214 
2025-02-07 03:13:25 FATAL 41 61 111 157 :379  - The rare situation has occured at time 1738916005599, id to look up=23 186 7 145 , id of local node=41 61 111 157 , id of predecessor=40 250 169 214 
2025-02-07 03:13:25 FATAL 41 61 111 157 :379  - The rare situation has occured at time 1738916005709, id to look up=123 82 0 155 , id of local node=41 61 111 157 , id of predecessor=40 250 169 214 
2025-02-07 03:13:26 FATAL 41 61 111 157 :379  - The rare situation has occured at time 1738916006469, id to look up=21 116 189 219 , id of local node=41 61 111 157 , id of predecessor=40 250 169 214 
2025-02-07 03:13:26 FATAL 41 61 111 157 :379  - The rare situation has occured at time 1738916006846, id to look up=7 22 217 112 , id of local node=41 61 111 157 , id of predecessor=40 250 169 214 
2025-02-07 03:13:27 FATAL 41 61 111 157 :379  - The rare situation has occured at time 1738916007878, id to look up=18 198 252 6 , id of local node=41 61 111 157 , id of predecessor=40 250 169 214 
2025-02-07 03:13:28 FATAL 41 61 111 157 :379  - The rare situation has occured at time 1738916008129, id to look up=77 19 75 192 , id of local node=41 61 111 157 , id of predecessor=40 250 169 214 
2025-02-07 03:13:28 FATAL 41 61 111 157 :379  - The rare situation has occured at time 1738916008739, id to look up=10 87 203 83 , id of local node=41 61 111 157 , id of predecessor=40 250 169 214 
2025-02-07 03:13:28 FATAL 41 61 111 157 :379  - The rare situation has occured at time 1738916008986, id to look up=119 25 161 199 , id of local node=41 61 111 157 , id of predecessor=40 250 169 214 
2025-02-07 03:13:29 FATAL 41 61 111 157 :379  - The rare situation has occured at time 1738916009727, id to look up=34 210 0 248 , id of local node=41 61 111 157 , id of predecessor=40 250 169 214 
2025-02-07 03:13:50 FATAL 41 61 111 157 :379  - The rare situation has occured at time 1738916030558, id to look up=119 222 104 218 , id of local node=41 61 111 157 , id of predecessor=40 250 169 214 
2025-02-07 03:13:51 FATAL 41 61 111 157 :379  - The rare situation has occured at time 1738916031391, id to look up=27 100 83 137 , id of local node=41 61 111 157 , id of predecessor=40 250 169 214 
2025-02-07 03:13:52 FATAL 41 61 111 157 :379  - The rare situation has occured at time 1738916032428, id to look up=254 93 187 206 , id of local node=41 61 111 157 , id of predecessor=40 250 169 214 
2025-02-07 03:13:52 FATAL 41 61 111 157 :379  - The rare situation has occured at time 1738916032641, id to look up=10 222 124 44 , id of local node=41 61 111 157 , id of predecessor=40 250 169 214 
2025-02-07 03:13:52 FATAL 41 61 111 157 :379  - The rare situation has occured at time 1738916032901, id to look up=23 186 7 145 , id of local node=41 61 111 157 , id of predecessor=40 250 169 214 
2025-02-07 03:13:53 FATAL 41 61 111 157 :379  - The rare situation has occured at time 1738916033002, id to look up=123 82 0 155 , id of local node=41 61 111 157 , id of predecessor=40 250 169 214 
2025-02-07 03:13:53 FATAL 41 61 111 157 :379  - The rare situation has occured at time 1738916033571, id to look up=21 116 189 219 , id of local node=41 61 111 157 , id of predecessor=40 250 169 214 
2025-02-07 03:13:53 FATAL 41 61 111 157 :379  - The rare situation has occured at time 1738916033928, id to look up=7 22 217 112 , id of local node=41 61 111 157 , id of predecessor=40 250 169 214 
2025-02-07 03:13:54 FATAL 41 61 111 157 :379  - The rare situation has occured at time 1738916034950, id to look up=18 198 252 6 , id of local node=41 61 111 157 , id of predecessor=40 250 169 214 
2025-02-07 03:13:55 FATAL 41 61 111 157 :379  - The rare situation has occured at time 1738916035212, id to look up=77 19 75 192 , id of local node=41 61 111 157 , id of predecessor=40 250 169 214 
2025-02-07 03:13:55 FATAL 41 61 111 157 :379  - The rare situation has occured at time 1738916035841, id to look up=10 87 203 83 , id of local node=41 61 111 157 , id of predecessor=40 250 169 214 
2025-02-07 03:13:56 FATAL 41 61 111 157 :379  - The rare situation has occured at time 1738916036108, id to look up=119 25 161 199 , id of local node=41 61 111 157 , id of predecessor=40 250 169 214 
2025-02-07 03:13:56 FATAL 41 61 111 157 :379  - The rare situation has occured at time 1738916036738, id to look up=34 210 0 248 , id of local node=41 61 111 157 , id of predecessor=40 250 169 214 
