2025-02-07 03:06:32 WARN  OpenChordTest:203  - Peer joined at ocsocket://localhost:8085/ via ocsocket://localhost:8080/
2025-02-07 03:06:32 WARN  OpenChordTest:58  - Insert time for key 5 = 712 ms
2025-02-07 03:06:32 WARN  OpenChordTest:60  - Inserted (5, default)
2025-02-07 03:06:32 WARN  OpenChordTest:64  - Memory usage at ocsocket://localhost:8085/ = 13 MB
2025-02-07 03:09:44 FATAL 68 45 120 177 :379  - The rare situation has occured at time 1738915784892, id to look up=119 222 104 218 , id of local node=68 45 120 177 , id of predecessor=50 71 95 48 
2025-02-07 03:09:46 FATAL 68 45 120 177 :379  - The rare situation has occured at time 1738915786165, id to look up=27 100 83 137 , id of local node=68 45 120 177 , id of predecessor=50 71 95 48 
2025-02-07 03:09:47 FATAL 68 45 120 177 :379  - The rare situation has occured at time 1738915787572, id to look up=254 93 187 206 , id of local node=68 45 120 177 , id of predecessor=50 71 95 48 
2025-02-07 03:09:47 FATAL 68 45 120 177 :379  - The rare situation has occured at time 1738915787904, id to look up=10 222 124 44 , id of local node=68 45 120 177 , id of predecessor=50 71 95 48 
2025-02-07 03:09:48 FATAL 68 45 120 177 :379  - The rare situation has occured at time 1738915788154, id to look up=23 186 7 145 , id of local node=68 45 120 177 , id of predecessor=50 71 95 48 
2025-02-07 03:09:48 FATAL 68 45 120 177 :379  - The rare situation has occured at time 1738915788274, id to look up=123 82 0 155 , id of local node=68 45 120 177 , id of predecessor=50 71 95 48 
2025-02-07 03:09:48 FATAL 68 45 120 177 :379  - The rare situation has occured at time 1738915788954, id to look up=21 116 189 219 , id of local node=68 45 120 177 , id of predecessor=50 71 95 48 
2025-02-07 03:09:49 FATAL 68 45 120 177 :379  - The rare situation has occured at time 1738915789212, id to look up=7 22 217 112 , id of local node=68 45 120 177 , id of predecessor=50 71 95 48 
2025-02-07 03:09:50 FATAL 68 45 120 177 :379  - The rare situation has occured at time 1738915790392, id to look up=18 198 252 6 , id of local node=68 45 120 177 , id of predecessor=50 71 95 48 
2025-02-07 03:09:50 FATAL 68 45 120 177 :379  - The rare situation has occured at time 1738915790614, id to look up=77 19 75 192 , id of local node=68 45 120 177 , id of predecessor=50 71 95 48 
2025-02-07 03:09:51 FATAL 68 45 120 177 :379  - The rare situation has occured at time 1738915791894, id to look up=10 87 203 83 , id of local node=68 45 120 177 , id of predecessor=50 71 95 48 
2025-02-07 03:09:52 FATAL 68 45 120 177 :379  - The rare situation has occured at time 1738915792002, id to look up=119 25 161 199 , id of local node=68 45 120 177 , id of predecessor=50 71 95 48 
2025-02-07 03:12:06 FATAL 68 45 120 177 :379  - The rare situation has occured at time 1738915926717, id to look up=119 222 104 218 , id of local node=68 45 120 177 , id of predecessor=50 71 95 48 
2025-02-07 03:12:07 FATAL 68 45 120 177 :379  - The rare situation has occured at time 1738915927710, id to look up=27 100 83 137 , id of local node=68 45 120 177 , id of predecessor=50 71 95 48 
2025-02-07 03:12:08 FATAL 68 45 120 177 :379  - The rare situation has occured at time 1738915928607, id to look up=254 93 187 206 , id of local node=68 45 120 177 , id of predecessor=50 71 95 48 
2025-02-07 03:12:08 FATAL 68 45 120 177 :379  - The rare situation has occured at time 1738915928919, id to look up=10 222 124 44 , id of local node=68 45 120 177 , id of predecessor=50 71 95 48 
2025-02-07 03:12:09 FATAL 68 45 120 177 :379  - The rare situation has occured at time 1738915929189, id to look up=23 186 7 145 , id of local node=68 45 120 177 , id of predecessor=50 71 95 48 
2025-02-07 03:12:09 FATAL 68 45 120 177 :379  - The rare situation has occured at time 1738915929289, id to look up=123 82 0 155 , id of local node=68 45 120 177 , id of predecessor=50 71 95 48 
2025-02-07 03:12:09 FATAL 68 45 120 177 :379  - The rare situation has occured at time 1738915929998, id to look up=21 116 189 219 , id of local node=68 45 120 177 , id of predecessor=50 71 95 48 
2025-02-07 03:12:10 FATAL 68 45 120 177 :379  - The rare situation has occured at time 1738915930147, id to look up=7 22 217 112 , id of local node=68 45 120 177 , id of predecessor=50 71 95 48 
2025-02-07 03:12:11 FATAL 68 45 120 177 :379  - The rare situation has occured at time 1738915931317, id to look up=18 198 252 6 , id of local node=68 45 120 177 , id of predecessor=50 71 95 48 
2025-02-07 03:12:11 FATAL 68 45 120 177 :379  - The rare situation has occured at time 1738915931538, id to look up=77 19 75 192 , id of local node=68 45 120 177 , id of predecessor=50 71 95 48 
2025-02-07 03:12:12 FATAL 68 45 120 177 :379  - The rare situation has occured at time 1738915932389, id to look up=10 87 203 83 , id of local node=68 45 120 177 , id of predecessor=50 71 95 48 
2025-02-07 03:12:12 FATAL 68 45 120 177 :379  - The rare situation has occured at time 1738915932487, id to look up=119 25 161 199 , id of local node=68 45 120 177 , id of predecessor=50 71 95 48 
2025-02-07 03:12:33 FATAL 68 45 120 177 :379  - The rare situation has occured at time 1738915953892, id to look up=119 222 104 218 , id of local node=68 45 120 177 , id of predecessor=50 71 95 48 
2025-02-07 03:12:34 FATAL 68 45 120 177 :379  - The rare situation has occured at time 1738915954894, id to look up=27 100 83 137 , id of local node=68 45 120 177 , id of predecessor=50 71 95 48 
2025-02-07 03:12:35 FATAL 68 45 120 177 :379  - The rare situation has occured at time 1738915955792, id to look up=254 93 187 206 , id of local node=68 45 120 177 , id of predecessor=50 71 95 48 
2025-02-07 03:12:36 FATAL 68 45 120 177 :379  - The rare situation has occured at time 1738915956104, id to look up=10 222 124 44 , id of local node=68 45 120 177 , id of predecessor=50 71 95 48 
2025-02-07 03:12:36 FATAL 68 45 120 177 :379  - The rare situation has occured at time 1738915956354, id to look up=23 186 7 145 , id of local node=68 45 120 177 , id of predecessor=50 71 95 48 
2025-02-07 03:12:36 FATAL 68 45 120 177 :379  - The rare situation has occured at time 1738915956454, id to look up=123 82 0 155 , id of local node=68 45 120 177 , id of predecessor=50 71 95 48 
2025-02-07 03:12:37 FATAL 68 45 120 177 :379  - The rare situation has occured at time 1738915957153, id to look up=21 116 189 219 , id of local node=68 45 120 177 , id of predecessor=50 71 95 48 
2025-02-07 03:12:37 FATAL 68 45 120 177 :379  - The rare situation has occured at time 1738915957312, id to look up=7 22 217 112 , id of local node=68 45 120 177 , id of predecessor=50 71 95 48 
2025-02-07 03:12:38 FATAL 68 45 120 177 :379  - The rare situation has occured at time 1738915958512, id to look up=18 198 252 6 , id of local node=68 45 120 177 , id of predecessor=50 71 95 48 
2025-02-07 03:12:38 FATAL 68 45 120 177 :379  - The rare situation has occured at time 1738915958743, id to look up=77 19 75 192 , id of local node=68 45 120 177 , id of predecessor=50 71 95 48 
2025-02-07 03:12:39 FATAL 68 45 120 177 :379  - The rare situation has occured at time 1738915959594, id to look up=10 87 203 83 , id of local node=68 45 120 177 , id of predecessor=50 71 95 48 
2025-02-07 03:12:39 FATAL 68 45 120 177 :379  - The rare situation has occured at time 1738915959702, id to look up=119 25 161 199 , id of local node=68 45 120 177 , id of predecessor=50 71 95 48 
2025-02-07 03:13:22 FATAL 68 45 120 177 :379  - The rare situation has occured at time 1738916002847, id to look up=119 222 104 218 , id of local node=68 45 120 177 , id of predecessor=50 71 95 48 
2025-02-07 03:13:23 FATAL 68 45 120 177 :379  - The rare situation has occured at time 1738916003888, id to look up=27 100 83 137 , id of local node=68 45 120 177 , id of predecessor=50 71 95 48 
2025-02-07 03:13:24 FATAL 68 45 120 177 :379  - The rare situation has occured at time 1738916004986, id to look up=254 93 187 206 , id of local node=68 45 120 177 , id of predecessor=50 71 95 48 
2025-02-07 03:13:25 FATAL 68 45 120 177 :379  - The rare situation has occured at time 1738916005298, id to look up=10 222 124 44 , id of local node=68 45 120 177 , id of predecessor=50 71 95 48 
2025-02-07 03:13:25 FATAL 68 45 120 177 :379  - The rare situation has occured at time 1738916005597, id to look up=23 186 7 145 , id of local node=68 45 120 177 , id of predecessor=50 71 95 48 
2025-02-07 03:13:25 FATAL 68 45 120 177 :379  - The rare situation has occured at time 1738916005708, id to look up=123 82 0 155 , id of local node=68 45 120 177 , id of predecessor=50 71 95 48 
2025-02-07 03:13:26 FATAL 68 45 120 177 :379  - The rare situation has occured at time 1738916006468, id to look up=21 116 189 219 , id of local node=68 45 120 177 , id of predecessor=50 71 95 48 
2025-02-07 03:13:26 FATAL 68 45 120 177 :379  - The rare situation has occured at time 1738916006736, id to look up=7 22 217 112 , id of local node=68 45 120 177 , id of predecessor=50 71 95 48 
2025-02-07 03:13:27 FATAL 68 45 120 177 :379  - The rare situation has occured at time 1738916007876, id to look up=18 198 252 6 , id of local node=68 45 120 177 , id of predecessor=50 71 95 48 
2025-02-07 03:13:28 FATAL 68 45 120 177 :379  - The rare situation has occured at time 1738916008128, id to look up=77 19 75 192 , id of local node=68 45 120 177 , id of predecessor=50 71 95 48 
2025-02-07 03:13:28 FATAL 68 45 120 177 :379  - The rare situation has occured at time 1738916008738, id to look up=10 87 203 83 , id of local node=68 45 120 177 , id of predecessor=50 71 95 48 
2025-02-07 03:13:28 FATAL 68 45 120 177 :379  - The rare situation has occured at time 1738916008886, id to look up=119 25 161 199 , id of local node=68 45 120 177 , id of predecessor=50 71 95 48 
2025-02-07 03:13:50 FATAL 68 45 120 177 :379  - The rare situation has occured at time 1738916030500, id to look up=119 222 104 218 , id of local node=68 45 120 177 , id of predecessor=50 71 95 48 
2025-02-07 03:13:51 FATAL 68 45 120 177 :379  - The rare situation has occured at time 1738916031390, id to look up=27 100 83 137 , id of local node=68 45 120 177 , id of predecessor=50 71 95 48 
2025-02-07 03:13:52 FATAL 68 45 120 177 :379  - The rare situation has occured at time 1738916032308, id to look up=254 93 187 206 , id of local node=68 45 120 177 , id of predecessor=50 71 95 48 
2025-02-07 03:13:52 FATAL 68 45 120 177 :379  - The rare situation has occured at time 1738916032640, id to look up=10 222 124 44 , id of local node=68 45 120 177 , id of predecessor=50 71 95 48 
2025-02-07 03:13:52 FATAL 68 45 120 177 :379  - The rare situation has occured at time 1738916032900, id to look up=23 186 7 145 , id of local node=68 45 120 177 , id of predecessor=50 71 95 48 
2025-02-07 03:13:53 FATAL 68 45 120 177 :379  - The rare situation has occured at time 1738916033000, id to look up=123 82 0 155 , id of local node=68 45 120 177 , id of predecessor=50 71 95 48 
2025-02-07 03:13:53 FATAL 68 45 120 177 :379  - The rare situation has occured at time 1738916033569, id to look up=21 116 189 219 , id of local node=68 45 120 177 , id of predecessor=50 71 95 48 
2025-02-07 03:13:53 FATAL 68 45 120 177 :379  - The rare situation has occured at time 1738916033828, id to look up=7 22 217 112 , id of local node=68 45 120 177 , id of predecessor=50 71 95 48 
2025-02-07 03:13:54 FATAL 68 45 120 177 :379  - The rare situation has occured at time 1738916034948, id to look up=18 198 252 6 , id of local node=68 45 120 177 , id of predecessor=50 71 95 48 
2025-02-07 03:13:55 FATAL 68 45 120 177 :379  - The rare situation has occured at time 1738916035211, id to look up=77 19 75 192 , id of local node=68 45 120 177 , id of predecessor=50 71 95 48 
2025-02-07 03:13:55 FATAL 68 45 120 177 :379  - The rare situation has occured at time 1738916035840, id to look up=10 87 203 83 , id of local node=68 45 120 177 , id of predecessor=50 71 95 48 
2025-02-07 03:13:56 FATAL 68 45 120 177 :379  - The rare situation has occured at time 1738916036008, id to look up=119 25 161 199 , id of local node=68 45 120 177 , id of predecessor=50 71 95 48 
