2025-02-07 03:06:24 WARN  OpenChordTest:203  - Peer joined at ocsocket://localhost:8081/ via ocsocket://localhost:8080/
2025-02-07 03:06:24 WARN  OpenChordTest:58  - Insert time for key 1 = 102 ms
2025-02-07 03:06:24 WARN  OpenChordTest:60  - Inserted (1, default)
2025-02-07 03:06:24 WARN  OpenChordTest:64  - Memory usage at ocsocket://localhost:8081/ = 11 MB
2025-02-07 03:09:27 WARN  OpenChordTest:35  - Unknown.
2025-02-07 03:09:27 WARN  OpenChordTest:35  - Unknown.
2025-02-07 03:09:44 WARN  OpenChordTest:88  - Lookup time for key 1 = 256 ms
2025-02-07 03:09:44 WARN  OpenChordTest:93  - Retrieved value: default
2025-02-07 03:09:44 WARN  OpenChordTest:102  - Memory usage at ocsocket://localhost:8081/ = 10 MB
2025-02-07 03:09:44 WARN  OpenChordTest:88  - Lookup time for key 2 = 307 ms
2025-02-07 03:09:44 WARN  OpenChordTest:93  - Retrieved value: default
2025-02-07 03:09:44 WARN  OpenChordTest:102  - Memory usage at ocsocket://localhost:8081/ = 10 MB
2025-02-07 03:09:44 FATAL 71 124 129 194 :379  - The rare situation has occured at time 1738915784844, id to look up=119 222 104 218 , id of local node=71 124 129 194 , id of predecessor=68 45 120 177 
2025-02-07 03:09:46 WARN  OpenChordTest:88  - Lookup time for key 3 = 1324 ms
2025-02-07 03:09:46 WARN  OpenChordTest:93  - Retrieved value: default
2025-02-07 03:09:46 WARN  OpenChordTest:102  - Memory usage at ocsocket://localhost:8081/ = 10 MB
2025-02-07 03:09:46 FATAL 71 124 129 194 :379  - The rare situation has occured at time 1738915786164, id to look up=27 100 83 137 , id of local node=71 124 129 194 , id of predecessor=68 45 120 177 
2025-02-07 03:09:46 WARN  OpenChordTest:88  - Lookup time for key 4 = 104 ms
2025-02-07 03:09:46 WARN  OpenChordTest:93  - Retrieved value: default
2025-02-07 03:09:46 WARN  OpenChordTest:102  - Memory usage at ocsocket://localhost:8081/ = 10 MB
2025-02-07 03:09:46 WARN  OpenChordTest:88  - Lookup time for key 5 = 429 ms
2025-02-07 03:09:46 WARN  OpenChordTest:93  - Retrieved value: default
2025-02-07 03:09:46 WARN  OpenChordTest:102  - Memory usage at ocsocket://localhost:8081/ = 11 MB
2025-02-07 03:09:47 WARN  OpenChordTest:88  - Lookup time for key 6 = 566 ms
2025-02-07 03:09:47 WARN  OpenChordTest:93  - Retrieved value: default
2025-02-07 03:09:47 WARN  OpenChordTest:102  - Memory usage at ocsocket://localhost:8081/ = 11 MB
2025-02-07 03:09:47 WARN  OpenChordTest:88  - Lookup time for key 7 = 303 ms
2025-02-07 03:09:47 WARN  OpenChordTest:93  - Retrieved value: default
2025-02-07 03:09:47 WARN  OpenChordTest:102  - Memory usage at ocsocket://localhost:8081/ = 11 MB
2025-02-07 03:09:47 FATAL 71 124 129 194 :379  - The rare situation has occured at time 1738915787523, id to look up=254 93 187 206 , id of local node=71 124 129 194 , id of predecessor=68 45 120 177 
2025-02-07 03:09:47 WARN  OpenChordTest:88  - Lookup time for key 8 = 383 ms
2025-02-07 03:09:47 WARN  OpenChordTest:93  - Retrieved value: default
2025-02-07 03:09:47 WARN  OpenChordTest:102  - Memory usage at ocsocket://localhost:8081/ = 11 MB
2025-02-07 03:09:47 FATAL 71 124 129 194 :379  - The rare situation has occured at time 1738915787903, id to look up=10 222 124 44 , id of local node=71 124 129 194 , id of predecessor=68 45 120 177 
2025-02-07 03:09:47 WARN  OpenChordTest:88  - Lookup time for key 9 = 96 ms
2025-02-07 03:09:47 WARN  OpenChordTest:93  - Retrieved value: default
2025-02-07 03:09:47 WARN  OpenChordTest:102  - Memory usage at ocsocket://localhost:8081/ = 11 MB
2025-02-07 03:09:48 WARN  OpenChordTest:88  - Lookup time for key 10 = 153 ms
2025-02-07 03:09:48 WARN  OpenChordTest:93  - Retrieved value: default
2025-02-07 03:09:48 WARN  OpenChordTest:102  - Memory usage at ocsocket://localhost:8081/ = 11 MB
2025-02-07 03:09:48 FATAL 71 124 129 194 :379  - The rare situation has occured at time 1738915788153, id to look up=23 186 7 145 , id of local node=71 124 129 194 , id of predecessor=68 45 120 177 
2025-02-07 03:09:48 WARN  OpenChordTest:88  - Lookup time for key 11 = 106 ms
2025-02-07 03:09:48 WARN  OpenChordTest:93  - Retrieved value: default
2025-02-07 03:09:48 WARN  OpenChordTest:102  - Memory usage at ocsocket://localhost:8081/ = 11 MB
2025-02-07 03:09:48 FATAL 71 124 129 194 :379  - The rare situation has occured at time 1738915788273, id to look up=123 82 0 155 , id of local node=71 124 129 194 , id of predecessor=68 45 120 177 
2025-02-07 03:09:48 WARN  OpenChordTest:88  - Lookup time for key 12 = 332 ms
2025-02-07 03:09:48 WARN  OpenChordTest:93  - Retrieved value: default
2025-02-07 03:09:48 WARN  OpenChordTest:102  - Memory usage at ocsocket://localhost:8081/ = 11 MB
2025-02-07 03:09:48 WARN  OpenChordTest:88  - Lookup time for key 13 = 57 ms
2025-02-07 03:09:48 WARN  OpenChordTest:93  - Retrieved value: default
2025-02-07 03:09:48 WARN  OpenChordTest:102  - Memory usage at ocsocket://localhost:8081/ = 11 MB
2025-02-07 03:09:48 WARN  OpenChordTest:88  - Lookup time for key 14 = 94 ms
2025-02-07 03:09:48 WARN  OpenChordTest:93  - Retrieved value: default
2025-02-07 03:09:48 WARN  OpenChordTest:102  - Memory usage at ocsocket://localhost:8081/ = 11 MB
2025-02-07 03:09:48 WARN  OpenChordTest:88  - Lookup time for key 15 = 150 ms
2025-02-07 03:09:48 WARN  OpenChordTest:93  - Retrieved value: default
2025-02-07 03:09:48 WARN  OpenChordTest:102  - Memory usage at ocsocket://localhost:8081/ = 11 MB
2025-02-07 03:09:48 FATAL 71 124 129 194 :379  - The rare situation has occured at time 1738915788954, id to look up=21 116 189 219 , id of local node=71 124 129 194 , id of predecessor=68 45 120 177 
2025-02-07 03:09:48 WARN  OpenChordTest:88  - Lookup time for key 16 = 108 ms
2025-02-07 03:09:48 WARN  OpenChordTest:93  - Retrieved value: default
2025-02-07 03:09:48 WARN  OpenChordTest:102  - Memory usage at ocsocket://localhost:8081/ = 12 MB
2025-02-07 03:09:49 FATAL 71 124 129 194 :379  - The rare situation has occured at time 1738915789162, id to look up=7 22 217 112 , id of local node=71 124 129 194 , id of predecessor=68 45 120 177 
2025-02-07 03:09:49 WARN  OpenChordTest:88  - Lookup time for key 17 = 512 ms
2025-02-07 03:09:49 WARN  OpenChordTest:93  - Retrieved value: default
2025-02-07 03:09:49 WARN  OpenChordTest:102  - Memory usage at ocsocket://localhost:8081/ = 12 MB
2025-02-07 03:09:50 WARN  OpenChordTest:88  - Lookup time for key 18 = 615 ms
2025-02-07 03:09:50 WARN  OpenChordTest:93  - Retrieved value: default
2025-02-07 03:09:50 WARN  OpenChordTest:102  - Memory usage at ocsocket://localhost:8081/ = 12 MB
2025-02-07 03:09:50 WARN  OpenChordTest:88  - Lookup time for key 19 = 108 ms
2025-02-07 03:09:50 WARN  OpenChordTest:93  - Retrieved value: default
2025-02-07 03:09:50 WARN  OpenChordTest:102  - Memory usage at ocsocket://localhost:8081/ = 12 MB
2025-02-07 03:09:50 WARN  OpenChordTest:88  - Lookup time for key 20 = 92 ms
2025-02-07 03:09:50 WARN  OpenChordTest:93  - Retrieved value: default
2025-02-07 03:09:50 WARN  OpenChordTest:102  - Memory usage at ocsocket://localhost:8081/ = 12 MB
2025-02-07 03:09:50 WARN  OpenChordTest:88  - Lookup time for key 21 = 1 ms
2025-02-07 03:09:50 WARN  OpenChordTest:93  - Retrieved value: default
2025-02-07 03:09:50 WARN  OpenChordTest:102  - Memory usage at ocsocket://localhost:8081/ = 12 MB
2025-02-07 03:09:50 FATAL 71 124 129 194 :379  - The rare situation has occured at time 1738915790344, id to look up=18 198 252 6 , id of local node=71 124 129 194 , id of predecessor=68 45 120 177 
2025-02-07 03:09:50 WARN  OpenChordTest:88  - Lookup time for key 22 = 159 ms
2025-02-07 03:09:50 WARN  OpenChordTest:93  - Retrieved value: default
2025-02-07 03:09:50 WARN  OpenChordTest:102  - Memory usage at ocsocket://localhost:8081/ = 12 MB
2025-02-07 03:09:50 WARN  OpenChordTest:88  - Lookup time for key 23 = 110 ms
2025-02-07 03:09:50 WARN  OpenChordTest:93  - Retrieved value: default
2025-02-07 03:09:50 WARN  OpenChordTest:102  - Memory usage at ocsocket://localhost:8081/ = 12 MB
2025-02-07 03:09:50 FATAL 71 124 129 194 :379  - The rare situation has occured at time 1738915790613, id to look up=77 19 75 192 , id of local node=71 124 129 194 , id of predecessor=68 45 120 177 
2025-02-07 03:09:51 WARN  OpenChordTest:88  - Lookup time for key 24 = 882 ms
2025-02-07 03:09:51 WARN  OpenChordTest:93  - Retrieved value: default
2025-02-07 03:09:51 WARN  OpenChordTest:102  - Memory usage at ocsocket://localhost:8081/ = 12 MB
2025-02-07 03:09:51 WARN  OpenChordTest:88  - Lookup time for key 25 = 3 ms
2025-02-07 03:09:51 WARN  OpenChordTest:93  - Retrieved value: default
2025-02-07 03:09:51 WARN  OpenChordTest:102  - Memory usage at ocsocket://localhost:8081/ = 12 MB
2025-02-07 03:09:51 WARN  OpenChordTest:88  - Lookup time for key 26 = 110 ms
2025-02-07 03:09:51 WARN  OpenChordTest:93  - Retrieved value: default
2025-02-07 03:09:51 WARN  OpenChordTest:102  - Memory usage at ocsocket://localhost:8081/ = 12 MB
2025-02-07 03:09:51 WARN  OpenChordTest:88  - Lookup time for key 27 = 170 ms
2025-02-07 03:09:51 WARN  OpenChordTest:93  - Retrieved value: default
2025-02-07 03:09:51 WARN  OpenChordTest:102  - Memory usage at ocsocket://localhost:8081/ = 12 MB
2025-02-07 03:09:51 FATAL 71 124 129 194 :379  - The rare situation has occured at time 1738915791894, id to look up=10 87 203 83 , id of local node=71 124 129 194 , id of predecessor=68 45 120 177 
2025-02-07 03:09:51 WARN  OpenChordTest:88  - Lookup time for key 28 = 167 ms
2025-02-07 03:09:51 WARN  OpenChordTest:93  - Retrieved value: default
2025-02-07 03:09:51 WARN  OpenChordTest:102  - Memory usage at ocsocket://localhost:8081/ = 13 MB
2025-02-07 03:09:51 FATAL 71 124 129 194 :379  - The rare situation has occured at time 1738915791953, id to look up=119 25 161 199 , id of local node=71 124 129 194 , id of predecessor=68 45 120 177 
2025-02-07 03:09:52 WARN  OpenChordTest:88  - Lookup time for key 29 = 889 ms
2025-02-07 03:09:52 WARN  OpenChordTest:93  - Retrieved value: default
2025-02-07 03:09:52 WARN  OpenChordTest:102  - Memory usage at ocsocket://localhost:8081/ = 13 MB
2025-02-07 03:09:53 WARN  OpenChordTest:88  - Lookup time for key 30 = 209 ms
2025-02-07 03:09:53 WARN  OpenChordTest:93  - Retrieved value: default
2025-02-07 03:09:53 WARN  OpenChordTest:102  - Memory usage at ocsocket://localhost:8081/ = 13 MB
2025-02-07 03:09:53 WARN  OpenChordTest:88  - Lookup time for key 31 = 259 ms
2025-02-07 03:09:53 WARN  OpenChordTest:93  - Retrieved value: default
2025-02-07 03:09:53 WARN  OpenChordTest:102  - Memory usage at ocsocket://localhost:8081/ = 13 MB
2025-02-07 03:09:53 WARN  OpenChordTest:88  - Lookup time for key 32 = 111 ms
2025-02-07 03:09:53 WARN  OpenChordTest:93  - Retrieved value: default
2025-02-07 03:09:53 WARN  OpenChordTest:102  - Memory usage at ocsocket://localhost:8081/ = 13 MB
2025-02-07 03:09:53 WARN  OpenChordTest:128  - Average lookup time for 32 lookups = 286 ms
2025-02-07 03:11:56 WARN  OpenChordTest:35  - Unknown.
2025-02-07 03:11:56 WARN  OpenChordTest:35  - Unknown.
2025-02-07 03:11:59 WARN  OpenChordTest:35  - Unknown.
2025-02-07 03:12:06 WARN  OpenChordTest:88  - Lookup time for key 1 = 159 ms
2025-02-07 03:12:06 WARN  OpenChordTest:93  - Retrieved value: default
2025-02-07 03:12:06 WARN  OpenChordTest:102  - Memory usage at ocsocket://localhost:8081/ = 13 MB
2025-02-07 03:12:06 WARN  OpenChordTest:88  - Lookup time for key 2 = 198 ms
2025-02-07 03:12:06 WARN  OpenChordTest:93  - Retrieved value: default
2025-02-07 03:12:06 WARN  OpenChordTest:102  - Memory usage at ocsocket://localhost:8081/ = 13 MB
2025-02-07 03:12:06 FATAL 71 124 129 194 :379  - The rare situation has occured at time 1738915926669, id to look up=119 222 104 218 , id of local node=71 124 129 194 , id of predecessor=68 45 120 177 
2025-02-07 03:12:07 WARN  OpenChordTest:88  - Lookup time for key 3 = 1042 ms
2025-02-07 03:12:07 WARN  OpenChordTest:93  - Retrieved value: default
2025-02-07 03:12:07 WARN  OpenChordTest:102  - Memory usage at ocsocket://localhost:8081/ = 13 MB
2025-02-07 03:12:07 FATAL 71 124 129 194 :379  - The rare situation has occured at time 1738915927709, id to look up=27 100 83 137 , id of local node=71 124 129 194 , id of predecessor=68 45 120 177 
2025-02-07 03:12:07 WARN  OpenChordTest:88  - Lookup time for key 4 = 53 ms
2025-02-07 03:12:07 WARN  OpenChordTest:93  - Retrieved value: default
2025-02-07 03:12:07 WARN  OpenChordTest:102  - Memory usage at ocsocket://localhost:8081/ = 14 MB
2025-02-07 03:12:07 WARN  OpenChordTest:88  - Lookup time for key 5 = 113 ms
2025-02-07 03:12:07 WARN  OpenChordTest:93  - Retrieved value: default
2025-02-07 03:12:07 WARN  OpenChordTest:102  - Memory usage at ocsocket://localhost:8081/ = 14 MB
2025-02-07 03:12:08 WARN  OpenChordTest:88  - Lookup time for key 6 = 552 ms
2025-02-07 03:12:08 WARN  OpenChordTest:93  - Retrieved value: default
2025-02-07 03:12:08 WARN  OpenChordTest:102  - Memory usage at ocsocket://localhost:8081/ = 14 MB
2025-02-07 03:12:08 WARN  OpenChordTest:88  - Lookup time for key 7 = 113 ms
2025-02-07 03:12:08 WARN  OpenChordTest:93  - Retrieved value: default
2025-02-07 03:12:08 WARN  OpenChordTest:102  - Memory usage at ocsocket://localhost:8081/ = 14 MB
2025-02-07 03:12:08 FATAL 71 124 129 194 :379  - The rare situation has occured at time 1738915928559, id to look up=254 93 187 206 , id of local node=71 124 129 194 , id of predecessor=68 45 120 177 
2025-02-07 03:12:08 WARN  OpenChordTest:88  - Lookup time for key 8 = 375 ms
2025-02-07 03:12:08 WARN  OpenChordTest:93  - Retrieved value: default
2025-02-07 03:12:08 WARN  OpenChordTest:102  - Memory usage at ocsocket://localhost:8081/ = 14 MB
2025-02-07 03:12:08 FATAL 71 124 129 194 :379  - The rare situation has occured at time 1738915928919, id to look up=10 222 124 44 , id of local node=71 124 129 194 , id of predecessor=68 45 120 177 
2025-02-07 03:12:08 WARN  OpenChordTest:88  - Lookup time for key 9 = 96 ms
2025-02-07 03:12:08 WARN  OpenChordTest:93  - Retrieved value: default
2025-02-07 03:12:08 WARN  OpenChordTest:102  - Memory usage at ocsocket://localhost:8081/ = 14 MB
2025-02-07 03:12:09 WARN  OpenChordTest:88  - Lookup time for key 10 = 172 ms
2025-02-07 03:12:09 WARN  OpenChordTest:93  - Retrieved value: default
2025-02-07 03:12:09 WARN  OpenChordTest:102  - Memory usage at ocsocket://localhost:8081/ = 14 MB
2025-02-07 03:12:09 FATAL 71 124 129 194 :379  - The rare situation has occured at time 1738915929188, id to look up=23 186 7 145 , id of local node=71 124 129 194 , id of predecessor=68 45 120 177 
2025-02-07 03:12:09 WARN  OpenChordTest:88  - Lookup time for key 11 = 96 ms
2025-02-07 03:12:09 WARN  OpenChordTest:93  - Retrieved value: default
2025-02-07 03:12:09 WARN  OpenChordTest:102  - Memory usage at ocsocket://localhost:8081/ = 14 MB
2025-02-07 03:12:09 FATAL 71 124 129 194 :379  - The rare situation has occured at time 1738915929288, id to look up=123 82 0 155 , id of local node=71 124 129 194 , id of predecessor=68 45 120 177 
2025-02-07 03:12:09 WARN  OpenChordTest:88  - Lookup time for key 12 = 352 ms
2025-02-07 03:12:09 WARN  OpenChordTest:93  - Retrieved value: default
2025-02-07 03:12:09 WARN  OpenChordTest:102  - Memory usage at ocsocket://localhost:8081/ = 14 MB
2025-02-07 03:12:09 WARN  OpenChordTest:88  - Lookup time for key 13 = 58 ms
2025-02-07 03:12:09 WARN  OpenChordTest:93  - Retrieved value: default
2025-02-07 03:12:09 WARN  OpenChordTest:102  - Memory usage at ocsocket://localhost:8081/ = 14 MB
2025-02-07 03:12:09 WARN  OpenChordTest:88  - Lookup time for key 14 = 95 ms
2025-02-07 03:12:09 WARN  OpenChordTest:93  - Retrieved value: default
2025-02-07 03:12:09 WARN  OpenChordTest:102  - Memory usage at ocsocket://localhost:8081/ = 14 MB
2025-02-07 03:12:09 WARN  OpenChordTest:88  - Lookup time for key 15 = 102 ms
2025-02-07 03:12:09 WARN  OpenChordTest:93  - Retrieved value: default
2025-02-07 03:12:09 WARN  OpenChordTest:102  - Memory usage at ocsocket://localhost:8081/ = 15 MB
2025-02-07 03:12:09 FATAL 71 124 129 194 :379  - The rare situation has occured at time 1738915929997, id to look up=21 116 189 219 , id of local node=71 124 129 194 , id of predecessor=68 45 120 177 
2025-02-07 03:12:10 WARN  OpenChordTest:88  - Lookup time for key 16 = 154 ms
2025-02-07 03:12:10 WARN  OpenChordTest:93  - Retrieved value: default
2025-02-07 03:12:10 WARN  OpenChordTest:102  - Memory usage at ocsocket://localhost:8081/ = 15 MB
2025-02-07 03:12:10 FATAL 71 124 129 194 :379  - The rare situation has occured at time 1738915930097, id to look up=7 22 217 112 , id of local node=71 124 129 194 , id of predecessor=68 45 120 177 
2025-02-07 03:12:10 WARN  OpenChordTest:88  - Lookup time for key 17 = 395 ms
2025-02-07 03:12:10 WARN  OpenChordTest:93  - Retrieved value: default
2025-02-07 03:12:10 WARN  OpenChordTest:102  - Memory usage at ocsocket://localhost:8081/ = 15 MB
2025-02-07 03:12:11 WARN  OpenChordTest:88  - Lookup time for key 18 = 624 ms
2025-02-07 03:12:11 WARN  OpenChordTest:93  - Retrieved value: default
2025-02-07 03:12:11 WARN  OpenChordTest:102  - Memory usage at ocsocket://localhost:8081/ = 15 MB
2025-02-07 03:12:11 WARN  OpenChordTest:88  - Lookup time for key 19 = 96 ms
2025-02-07 03:12:11 WARN  OpenChordTest:93  - Retrieved value: default
2025-02-07 03:12:11 WARN  OpenChordTest:102  - Memory usage at ocsocket://localhost:8081/ = 15 MB
2025-02-07 03:12:11 WARN  OpenChordTest:88  - Lookup time for key 20 = 94 ms
2025-02-07 03:12:11 WARN  OpenChordTest:93  - Retrieved value: default
2025-02-07 03:12:11 WARN  OpenChordTest:102  - Memory usage at ocsocket://localhost:8081/ = 15 MB
2025-02-07 03:12:11 WARN  OpenChordTest:88  - Lookup time for key 21 = 0 ms
2025-02-07 03:12:11 WARN  OpenChordTest:93  - Retrieved value: default
2025-02-07 03:12:11 WARN  OpenChordTest:102  - Memory usage at ocsocket://localhost:8081/ = 15 MB
2025-02-07 03:12:11 FATAL 71 124 129 194 :379  - The rare situation has occured at time 1738915931269, id to look up=18 198 252 6 , id of local node=71 124 129 194 , id of predecessor=68 45 120 177 
2025-02-07 03:12:11 WARN  OpenChordTest:88  - Lookup time for key 22 = 151 ms
2025-02-07 03:12:11 WARN  OpenChordTest:93  - Retrieved value: default
2025-02-07 03:12:11 WARN  OpenChordTest:102  - Memory usage at ocsocket://localhost:8081/ = 15 MB
2025-02-07 03:12:11 WARN  OpenChordTest:88  - Lookup time for key 23 = 119 ms
2025-02-07 03:12:11 WARN  OpenChordTest:93  - Retrieved value: default
2025-02-07 03:12:11 WARN  OpenChordTest:102  - Memory usage at ocsocket://localhost:8081/ = 15 MB
2025-02-07 03:12:11 FATAL 71 124 129 194 :379  - The rare situation has occured at time 1738915931538, id to look up=77 19 75 192 , id of local node=71 124 129 194 , id of predecessor=68 45 120 177 
2025-02-07 03:12:11 WARN  OpenChordTest:88  - Lookup time for key 24 = 475 ms
2025-02-07 03:12:11 WARN  OpenChordTest:93  - Retrieved value: default
2025-02-07 03:12:11 WARN  OpenChordTest:102  - Memory usage at ocsocket://localhost:8081/ = 15 MB
2025-02-07 03:12:11 WARN  OpenChordTest:88  - Lookup time for key 25 = 4 ms
2025-02-07 03:12:11 WARN  OpenChordTest:93  - Retrieved value: default
2025-02-07 03:12:11 WARN  OpenChordTest:102  - Memory usage at ocsocket://localhost:8081/ = 15 MB
2025-02-07 03:12:12 WARN  OpenChordTest:88  - Lookup time for key 26 = 97 ms
2025-02-07 03:12:12 WARN  OpenChordTest:93  - Retrieved value: default
2025-02-07 03:12:12 WARN  OpenChordTest:102  - Memory usage at ocsocket://localhost:8081/ = 15 MB
2025-02-07 03:12:12 WARN  OpenChordTest:88  - Lookup time for key 27 = 161 ms
2025-02-07 03:12:12 WARN  OpenChordTest:93  - Retrieved value: default
2025-02-07 03:12:12 WARN  OpenChordTest:102  - Memory usage at ocsocket://localhost:8081/ = 16 MB
2025-02-07 03:12:12 FATAL 71 124 129 194 :379  - The rare situation has occured at time 1738915932388, id to look up=10 87 203 83 , id of local node=71 124 129 194 , id of predecessor=68 45 120 177 
2025-02-07 03:12:12 WARN  OpenChordTest:88  - Lookup time for key 28 = 164 ms
2025-02-07 03:12:12 WARN  OpenChordTest:93  - Retrieved value: default
2025-02-07 03:12:12 WARN  OpenChordTest:102  - Memory usage at ocsocket://localhost:8081/ = 16 MB
2025-02-07 03:12:12 FATAL 71 124 129 194 :379  - The rare situation has occured at time 1738915932438, id to look up=119 25 161 199 , id of local node=71 124 129 194 , id of predecessor=68 45 120 177 
2025-02-07 03:12:13 WARN  OpenChordTest:88  - Lookup time for key 29 = 881 ms
2025-02-07 03:12:13 WARN  OpenChordTest:93  - Retrieved value: default
2025-02-07 03:12:13 WARN  OpenChordTest:102  - Memory usage at ocsocket://localhost:8081/ = 16 MB
2025-02-07 03:12:13 WARN  OpenChordTest:88  - Lookup time for key 30 = 63 ms
2025-02-07 03:12:13 WARN  OpenChordTest:93  - Retrieved value: default
2025-02-07 03:12:13 WARN  OpenChordTest:102  - Memory usage at ocsocket://localhost:8081/ = 16 MB
2025-02-07 03:12:13 WARN  OpenChordTest:88  - Lookup time for key 31 = 107 ms
2025-02-07 03:12:13 WARN  OpenChordTest:93  - Retrieved value: default
2025-02-07 03:12:13 WARN  OpenChordTest:102  - Memory usage at ocsocket://localhost:8081/ = 16 MB
2025-02-07 03:12:13 WARN  OpenChordTest:88  - Lookup time for key 32 = 118 ms
2025-02-07 03:12:13 WARN  OpenChordTest:93  - Retrieved value: default
2025-02-07 03:12:13 WARN  OpenChordTest:102  - Memory usage at ocsocket://localhost:8081/ = 16 MB
2025-02-07 03:12:13 WARN  OpenChordTest:128  - Average lookup time for 31 lookups = 234 ms
2025-02-07 03:12:28 WARN  OpenChordTest:35  - Unknown.
2025-02-07 03:12:28 WARN  OpenChordTest:35  - Unknown.
2025-02-07 03:12:28 WARN  OpenChordTest:35  - Unknown.
2025-02-07 03:12:29 WARN  OpenChordTest:35  - Unknown.
2025-02-07 03:12:29 WARN  OpenChordTest:35  - Unknown.
2025-02-07 03:12:33 WARN  OpenChordTest:88  - Lookup time for key 1 = 145 ms
2025-02-07 03:12:33 WARN  OpenChordTest:93  - Retrieved value: default
2025-02-07 03:12:33 WARN  OpenChordTest:102  - Memory usage at ocsocket://localhost:8081/ = 16 MB
2025-02-07 03:12:33 WARN  OpenChordTest:88  - Lookup time for key 2 = 198 ms
2025-02-07 03:12:33 WARN  OpenChordTest:93  - Retrieved value: default
2025-02-07 03:12:33 WARN  OpenChordTest:102  - Memory usage at ocsocket://localhost:8081/ = 16 MB
2025-02-07 03:12:33 FATAL 71 124 129 194 :379  - The rare situation has occured at time 1738915953843, id to look up=119 222 104 218 , id of local node=71 124 129 194 , id of predecessor=68 45 120 177 
2025-02-07 03:12:34 WARN  OpenChordTest:88  - Lookup time for key 3 = 1051 ms
2025-02-07 03:12:34 WARN  OpenChordTest:93  - Retrieved value: default
2025-02-07 03:12:34 WARN  OpenChordTest:102  - Memory usage at ocsocket://localhost:8081/ = 16 MB
2025-02-07 03:12:34 FATAL 71 124 129 194 :379  - The rare situation has occured at time 1738915954894, id to look up=27 100 83 137 , id of local node=71 124 129 194 , id of predecessor=68 45 120 177 
2025-02-07 03:12:34 WARN  OpenChordTest:88  - Lookup time for key 4 = 56 ms
2025-02-07 03:12:34 WARN  OpenChordTest:93  - Retrieved value: default
2025-02-07 03:12:34 WARN  OpenChordTest:102  - Memory usage at ocsocket://localhost:8081/ = 16 MB
2025-02-07 03:12:35 WARN  OpenChordTest:88  - Lookup time for key 5 = 114 ms
2025-02-07 03:12:35 WARN  OpenChordTest:93  - Retrieved value: default
2025-02-07 03:12:35 WARN  OpenChordTest:102  - Memory usage at ocsocket://localhost:8081/ = 17 MB
2025-02-07 03:12:35 WARN  OpenChordTest:88  - Lookup time for key 6 = 571 ms
2025-02-07 03:12:35 WARN  OpenChordTest:93  - Retrieved value: default
2025-02-07 03:12:35 WARN  OpenChordTest:102  - Memory usage at ocsocket://localhost:8081/ = 17 MB
2025-02-07 03:12:35 WARN  OpenChordTest:88  - Lookup time for key 7 = 104 ms
2025-02-07 03:12:35 WARN  OpenChordTest:93  - Retrieved value: default
2025-02-07 03:12:35 WARN  OpenChordTest:102  - Memory usage at ocsocket://localhost:8081/ = 17 MB
2025-02-07 03:12:35 FATAL 71 124 129 194 :379  - The rare situation has occured at time 1738915955744, id to look up=254 93 187 206 , id of local node=71 124 129 194 , id of predecessor=68 45 120 177 
2025-02-07 03:12:36 WARN  OpenChordTest:88  - Lookup time for key 8 = 364 ms
2025-02-07 03:12:36 WARN  OpenChordTest:93  - Retrieved value: default
2025-02-07 03:12:36 WARN  OpenChordTest:102  - Memory usage at ocsocket://localhost:8081/ = 17 MB
2025-02-07 03:12:36 FATAL 71 124 129 194 :379  - The rare situation has occured at time 1738915956104, id to look up=10 222 124 44 , id of local node=71 124 129 194 , id of predecessor=68 45 120 177 
2025-02-07 03:12:36 WARN  OpenChordTest:88  - Lookup time for key 9 = 97 ms
2025-02-07 03:12:36 WARN  OpenChordTest:93  - Retrieved value: default
2025-02-07 03:12:36 WARN  OpenChordTest:102  - Memory usage at ocsocket://localhost:8081/ = 17 MB
2025-02-07 03:12:36 WARN  OpenChordTest:88  - Lookup time for key 10 = 151 ms
2025-02-07 03:12:36 WARN  OpenChordTest:93  - Retrieved value: default
2025-02-07 03:12:36 WARN  OpenChordTest:102  - Memory usage at ocsocket://localhost:8081/ = 17 MB
2025-02-07 03:12:36 FATAL 71 124 129 194 :379  - The rare situation has occured at time 1738915956353, id to look up=23 186 7 145 , id of local node=71 124 129 194 , id of predecessor=68 45 120 177 
2025-02-07 03:12:36 WARN  OpenChordTest:88  - Lookup time for key 11 = 97 ms
2025-02-07 03:12:36 WARN  OpenChordTest:93  - Retrieved value: default
2025-02-07 03:12:36 WARN  OpenChordTest:102  - Memory usage at ocsocket://localhost:8081/ = 17 MB
2025-02-07 03:12:36 FATAL 71 124 129 194 :379  - The rare situation has occured at time 1738915956453, id to look up=123 82 0 155 , id of local node=71 124 129 194 , id of predecessor=68 45 120 177 
2025-02-07 03:12:36 WARN  OpenChordTest:88  - Lookup time for key 12 = 309 ms
2025-02-07 03:12:36 WARN  OpenChordTest:93  - Retrieved value: default
2025-02-07 03:12:36 WARN  OpenChordTest:102  - Memory usage at ocsocket://localhost:8081/ = 17 MB
2025-02-07 03:12:36 WARN  OpenChordTest:88  - Lookup time for key 13 = 70 ms
2025-02-07 03:12:36 WARN  OpenChordTest:93  - Retrieved value: default
2025-02-07 03:12:36 WARN  OpenChordTest:102  - Memory usage at ocsocket://localhost:8081/ = 17 MB
2025-02-07 03:12:36 WARN  OpenChordTest:88  - Lookup time for key 14 = 105 ms
2025-02-07 03:12:36 WARN  OpenChordTest:93  - Retrieved value: default
2025-02-07 03:12:36 WARN  OpenChordTest:102  - Memory usage at ocsocket://localhost:8081/ = 18 MB
2025-02-07 03:12:37 WARN  OpenChordTest:88  - Lookup time for key 15 = 111 ms
2025-02-07 03:12:37 WARN  OpenChordTest:93  - Retrieved value: default
2025-02-07 03:12:37 WARN  OpenChordTest:102  - Memory usage at ocsocket://localhost:8081/ = 18 MB
2025-02-07 03:12:37 FATAL 71 124 129 194 :379  - The rare situation has occured at time 1738915957152, id to look up=21 116 189 219 , id of local node=71 124 129 194 , id of predecessor=68 45 120 177 
2025-02-07 03:12:37 WARN  OpenChordTest:88  - Lookup time for key 16 = 154 ms
2025-02-07 03:12:37 WARN  OpenChordTest:93  - Retrieved value: default
2025-02-07 03:12:37 WARN  OpenChordTest:102  - Memory usage at ocsocket://localhost:8081/ = 18 MB
2025-02-07 03:12:37 FATAL 71 124 129 194 :379  - The rare situation has occured at time 1738915957252, id to look up=7 22 217 112 , id of local node=71 124 129 194 , id of predecessor=68 45 120 177 
2025-02-07 03:12:37 WARN  OpenChordTest:88  - Lookup time for key 17 = 405 ms
2025-02-07 03:12:37 WARN  OpenChordTest:93  - Retrieved value: default
2025-02-07 03:12:37 WARN  OpenChordTest:102  - Memory usage at ocsocket://localhost:8081/ = 18 MB
2025-02-07 03:12:38 WARN  OpenChordTest:88  - Lookup time for key 18 = 625 ms
2025-02-07 03:12:38 WARN  OpenChordTest:93  - Retrieved value: default
2025-02-07 03:12:38 WARN  OpenChordTest:102  - Memory usage at ocsocket://localhost:8081/ = 18 MB
2025-02-07 03:12:38 WARN  OpenChordTest:88  - Lookup time for key 19 = 115 ms
2025-02-07 03:12:38 WARN  OpenChordTest:93  - Retrieved value: default
2025-02-07 03:12:38 WARN  OpenChordTest:102  - Memory usage at ocsocket://localhost:8081/ = 18 MB
2025-02-07 03:12:38 WARN  OpenChordTest:88  - Lookup time for key 20 = 104 ms
2025-02-07 03:12:38 WARN  OpenChordTest:93  - Retrieved value: default
2025-02-07 03:12:38 WARN  OpenChordTest:102  - Memory usage at ocsocket://localhost:8081/ = 18 MB
2025-02-07 03:12:38 WARN  OpenChordTest:88  - Lookup time for key 21 = 0 ms
2025-02-07 03:12:38 WARN  OpenChordTest:93  - Retrieved value: default
2025-02-07 03:12:38 WARN  OpenChordTest:102  - Memory usage at ocsocket://localhost:8081/ = 18 MB
2025-02-07 03:12:38 FATAL 71 124 129 194 :379  - The rare situation has occured at time 1738915958464, id to look up=18 198 252 6 , id of local node=71 124 129 194 , id of predecessor=68 45 120 177 
2025-02-07 03:12:38 WARN  OpenChordTest:88  - Lookup time for key 22 = 161 ms
2025-02-07 03:12:38 WARN  OpenChordTest:93  - Retrieved value: default
2025-02-07 03:12:38 WARN  OpenChordTest:102  - Memory usage at ocsocket://localhost:8081/ = 18 MB
2025-02-07 03:12:38 WARN  OpenChordTest:88  - Lookup time for key 23 = 109 ms
2025-02-07 03:12:38 WARN  OpenChordTest:93  - Retrieved value: default
2025-02-07 03:12:38 WARN  OpenChordTest:102  - Memory usage at ocsocket://localhost:8081/ = 18 MB
2025-02-07 03:12:38 FATAL 71 124 129 194 :379  - The rare situation has occured at time 1738915958743, id to look up=77 19 75 192 , id of local node=71 124 129 194 , id of predecessor=68 45 120 177 
2025-02-07 03:12:39 WARN  OpenChordTest:88  - Lookup time for key 24 = 473 ms
2025-02-07 03:12:39 WARN  OpenChordTest:93  - Retrieved value: default
2025-02-07 03:12:39 WARN  OpenChordTest:102  - Memory usage at ocsocket://localhost:8081/ = 18 MB
2025-02-07 03:12:39 WARN  OpenChordTest:88  - Lookup time for key 25 = 1 ms
2025-02-07 03:12:39 WARN  OpenChordTest:93  - Retrieved value: default
2025-02-07 03:12:39 WARN  OpenChordTest:102  - Memory usage at ocsocket://localhost:8081/ = 18 MB
2025-02-07 03:12:39 WARN  OpenChordTest:88  - Lookup time for key 26 = 111 ms
2025-02-07 03:12:39 WARN  OpenChordTest:93  - Retrieved value: default
2025-02-07 03:12:39 WARN  OpenChordTest:102  - Memory usage at ocsocket://localhost:8081/ = 19 MB
2025-02-07 03:12:39 WARN  OpenChordTest:88  - Lookup time for key 27 = 170 ms
2025-02-07 03:12:39 WARN  OpenChordTest:93  - Retrieved value: default
2025-02-07 03:12:39 WARN  OpenChordTest:102  - Memory usage at ocsocket://localhost:8081/ = 19 MB
2025-02-07 03:12:39 FATAL 71 124 129 194 :379  - The rare situation has occured at time 1738915959594, id to look up=10 87 203 83 , id of local node=71 124 129 194 , id of predecessor=68 45 120 177 
2025-02-07 03:12:39 WARN  OpenChordTest:88  - Lookup time for key 28 = 156 ms
2025-02-07 03:12:39 WARN  OpenChordTest:93  - Retrieved value: default
2025-02-07 03:12:39 WARN  OpenChordTest:102  - Memory usage at ocsocket://localhost:8081/ = 19 MB
2025-02-07 03:12:39 FATAL 71 124 129 194 :379  - The rare situation has occured at time 1738915959653, id to look up=119 25 161 199 , id of local node=71 124 129 194 , id of predecessor=68 45 120 177 
2025-02-07 03:12:40 WARN  OpenChordTest:88  - Lookup time for key 29 = 900 ms
2025-02-07 03:12:40 WARN  OpenChordTest:93  - Retrieved value: default
2025-02-07 03:12:40 WARN  OpenChordTest:102  - Memory usage at ocsocket://localhost:8081/ = 19 MB
2025-02-07 03:12:40 WARN  OpenChordTest:88  - Lookup time for key 30 = 54 ms
2025-02-07 03:12:40 WARN  OpenChordTest:93  - Retrieved value: default
2025-02-07 03:12:40 WARN  OpenChordTest:102  - Memory usage at ocsocket://localhost:8081/ = 19 MB
2025-02-07 03:12:40 WARN  OpenChordTest:88  - Lookup time for key 31 = 96 ms
2025-02-07 03:12:40 WARN  OpenChordTest:93  - Retrieved value: default
2025-02-07 03:12:40 WARN  OpenChordTest:102  - Memory usage at ocsocket://localhost:8081/ = 19 MB
2025-02-07 03:12:40 WARN  OpenChordTest:88  - Lookup time for key 32 = 107 ms
2025-02-07 03:12:40 WARN  OpenChordTest:93  - Retrieved value: default
2025-02-07 03:12:40 WARN  OpenChordTest:102  - Memory usage at ocsocket://localhost:8081/ = 19 MB
2025-02-07 03:12:40 WARN  OpenChordTest:128  - Average lookup time for 31 lookups = 234 ms
2025-02-07 03:13:22 FATAL 71 124 129 194 :379  - The rare situation has occured at time 1738916002846, id to look up=119 222 104 218 , id of local node=71 124 129 194 , id of predecessor=68 45 120 177 
2025-02-07 03:13:23 FATAL 71 124 129 194 :379  - The rare situation has occured at time 1738916003887, id to look up=27 100 83 137 , id of local node=71 124 129 194 , id of predecessor=68 45 120 177 
2025-02-07 03:13:24 FATAL 71 124 129 194 :379  - The rare situation has occured at time 1738916004936, id to look up=254 93 187 206 , id of local node=71 124 129 194 , id of predecessor=68 45 120 177 
2025-02-07 03:13:25 FATAL 71 124 129 194 :379  - The rare situation has occured at time 1738916005297, id to look up=10 222 124 44 , id of local node=71 124 129 194 , id of predecessor=68 45 120 177 
2025-02-07 03:13:25 FATAL 71 124 129 194 :379  - The rare situation has occured at time 1738916005597, id to look up=23 186 7 145 , id of local node=71 124 129 194 , id of predecessor=68 45 120 177 
2025-02-07 03:13:25 FATAL 71 124 129 194 :379  - The rare situation has occured at time 1738916005707, id to look up=123 82 0 155 , id of local node=71 124 129 194 , id of predecessor=68 45 120 177 
2025-02-07 03:13:26 FATAL 71 124 129 194 :379  - The rare situation has occured at time 1738916006467, id to look up=21 116 189 219 , id of local node=71 124 129 194 , id of predecessor=68 45 120 177 
2025-02-07 03:13:26 FATAL 71 124 129 194 :379  - The rare situation has occured at time 1738916006676, id to look up=7 22 217 112 , id of local node=71 124 129 194 , id of predecessor=68 45 120 177 
2025-02-07 03:13:27 FATAL 71 124 129 194 :379  - The rare situation has occured at time 1738916007876, id to look up=18 198 252 6 , id of local node=71 124 129 194 , id of predecessor=68 45 120 177 
2025-02-07 03:13:28 FATAL 71 124 129 194 :379  - The rare situation has occured at time 1738916008128, id to look up=77 19 75 192 , id of local node=71 124 129 194 , id of predecessor=68 45 120 177 
2025-02-07 03:13:28 FATAL 71 124 129 194 :379  - The rare situation has occured at time 1738916008737, id to look up=10 87 203 83 , id of local node=71 124 129 194 , id of predecessor=68 45 120 177 
2025-02-07 03:13:28 FATAL 71 124 129 194 :379  - The rare situation has occured at time 1738916008836, id to look up=119 25 161 199 , id of local node=71 124 129 194 , id of predecessor=68 45 120 177 
2025-02-07 03:13:50 FATAL 71 124 129 194 :379  - The rare situation has occured at time 1738916030499, id to look up=119 222 104 218 , id of local node=71 124 129 194 , id of predecessor=68 45 120 177 
2025-02-07 03:13:51 FATAL 71 124 129 194 :379  - The rare situation has occured at time 1738916031389, id to look up=27 100 83 137 , id of local node=71 124 129 194 , id of predecessor=68 45 120 177 
2025-02-07 03:13:52 FATAL 71 124 129 194 :379  - The rare situation has occured at time 1738916032248, id to look up=254 93 187 206 , id of local node=71 124 129 194 , id of predecessor=68 45 120 177 
2025-02-07 03:13:52 FATAL 71 124 129 194 :379  - The rare situation has occured at time 1738916032639, id to look up=10 222 124 44 , id of local node=71 124 129 194 , id of predecessor=68 45 120 177 
2025-02-07 03:13:52 FATAL 71 124 129 194 :379  - The rare situation has occured at time 1738916032899, id to look up=23 186 7 145 , id of local node=71 124 129 194 , id of predecessor=68 45 120 177 
2025-02-07 03:13:53 FATAL 71 124 129 194 :379  - The rare situation has occured at time 1738916033000, id to look up=123 82 0 155 , id of local node=71 124 129 194 , id of predecessor=68 45 120 177 
2025-02-07 03:13:53 FATAL 71 124 129 194 :379  - The rare situation has occured at time 1738916033569, id to look up=21 116 189 219 , id of local node=71 124 129 194 , id of predecessor=68 45 120 177 
2025-02-07 03:13:53 FATAL 71 124 129 194 :379  - The rare situation has occured at time 1738916033778, id to look up=7 22 217 112 , id of local node=71 124 129 194 , id of predecessor=68 45 120 177 
2025-02-07 03:13:54 FATAL 71 124 129 194 :379  - The rare situation has occured at time 1738916034948, id to look up=18 198 252 6 , id of local node=71 124 129 194 , id of predecessor=68 45 120 177 
2025-02-07 03:13:55 FATAL 71 124 129 194 :379  - The rare situation has occured at time 1738916035210, id to look up=77 19 75 192 , id of local node=71 124 129 194 , id of predecessor=68 45 120 177 
2025-02-07 03:13:55 FATAL 71 124 129 194 :379  - The rare situation has occured at time 1738916035839, id to look up=10 87 203 83 , id of local node=71 124 129 194 , id of predecessor=68 45 120 177 
2025-02-07 03:13:55 FATAL 71 124 129 194 :379  - The rare situation has occured at time 1738916035958, id to look up=119 25 161 199 , id of local node=71 124 129 194 , id of predecessor=68 45 120 177 
