2025-02-07 01:50:44 WARN  OpenChordTest:186  - Peer joined at ocsocket://localhost:8085/ via ocsocket://localhost:8080/
2025-02-07 01:50:44 WARN  OpenChordTest:62  - Insert time for key 5 = 712 ms
2025-02-07 01:50:44 WARN  OpenChordTest:64  - Inserted (5, default)
2025-02-07 01:50:44 WARN  OpenChordTest:68  - Memory usage at ocsocket://localhost:8085/ = 13 MB
2025-02-07 01:51:22 FATAL 68 45 120 177 :379  - The rare situation has occured at time 1738911082024, id to look up=119 222 104 218 , id of local node=68 45 120 177 , id of predecessor=50 71 95 48 
2025-02-07 01:51:23 FATAL 68 45 120 177 :379  - The rare situation has occured at time 1738911083246, id to look up=27 100 83 137 , id of local node=68 45 120 177 , id of predecessor=50 71 95 48 
2025-02-07 01:51:24 FATAL 68 45 120 177 :379  - The rare situation has occured at time 1738911084274, id to look up=254 93 187 206 , id of local node=68 45 120 177 , id of predecessor=50 71 95 48 
2025-02-07 01:51:24 FATAL 68 45 120 177 :379  - The rare situation has occured at time 1738911084426, id to look up=10 222 124 44 , id of local node=68 45 120 177 , id of predecessor=50 71 95 48 
2025-02-07 01:51:24 FATAL 68 45 120 177 :379  - The rare situation has occured at time 1738911084686, id to look up=23 186 7 145 , id of local node=68 45 120 177 , id of predecessor=50 71 95 48 
2025-02-07 01:51:24 FATAL 68 45 120 177 :379  - The rare situation has occured at time 1738911084787, id to look up=123 82 0 155 , id of local node=68 45 120 177 , id of predecessor=50 71 95 48 
2025-02-07 01:51:25 FATAL 68 45 120 177 :379  - The rare situation has occured at time 1738911085376, id to look up=21 116 189 219 , id of local node=68 45 120 177 , id of predecessor=50 71 95 48 
2025-02-07 01:51:42 FATAL 68 45 120 177 :379  - The rare situation has occured at time 1738911102464, id to look up=119 222 104 218 , id of local node=68 45 120 177 , id of predecessor=50 71 95 48 
2025-02-07 01:51:42 FATAL 68 45 120 177 :379  - The rare situation has occured at time 1738911102927, id to look up=27 100 83 137 , id of local node=68 45 120 177 , id of predecessor=50 71 95 48 
2025-02-07 01:51:43 FATAL 68 45 120 177 :379  - The rare situation has occured at time 1738911103524, id to look up=254 93 187 206 , id of local node=68 45 120 177 , id of predecessor=50 71 95 48 
2025-02-07 01:51:43 FATAL 68 45 120 177 :379  - The rare situation has occured at time 1738911103687, id to look up=10 222 124 44 , id of local node=68 45 120 177 , id of predecessor=50 71 95 48 
2025-02-07 01:51:43 FATAL 68 45 120 177 :379  - The rare situation has occured at time 1738911103937, id to look up=23 186 7 145 , id of local node=68 45 120 177 , id of predecessor=50 71 95 48 
2025-02-07 01:51:44 FATAL 68 45 120 177 :379  - The rare situation has occured at time 1738911104037, id to look up=123 82 0 155 , id of local node=68 45 120 177 , id of predecessor=50 71 95 48 
2025-02-07 01:51:44 FATAL 68 45 120 177 :379  - The rare situation has occured at time 1738911104616, id to look up=21 116 189 219 , id of local node=68 45 120 177 , id of predecessor=50 71 95 48 
2025-02-07 01:52:14 WARN  OpenChordTest:36  - Unknown.
2025-02-07 01:52:15 WARN  OpenChordTest:36  - Unknown.
2025-02-07 01:52:19 WARN  OpenChordTest:91  - Lookup time for key 1 = 47 ms
2025-02-07 01:52:19 WARN  OpenChordTest:96  - Retrieved value: default
2025-02-07 01:52:19 WARN  OpenChordTest:105  - Memory usage at ocsocket://localhost:8085/ = 23 MB
2025-02-07 01:52:19 WARN  OpenChordTest:91  - Lookup time for key 2 = 409 ms
2025-02-07 01:52:19 WARN  OpenChordTest:96  - Retrieved value: default
2025-02-07 01:52:19 WARN  OpenChordTest:105  - Memory usage at ocsocket://localhost:8085/ = 24 MB
2025-02-07 01:52:19 FATAL 68 45 120 177 :379  - The rare situation has occured at time 1738911139873, id to look up=119 222 104 218 , id of local node=68 45 120 177 , id of predecessor=50 71 95 48 
2025-02-07 01:52:20 WARN  OpenChordTest:91  - Lookup time for key 3 = 481 ms
2025-02-07 01:52:20 WARN  OpenChordTest:96  - Retrieved value: default
2025-02-07 01:52:20 WARN  OpenChordTest:105  - Memory usage at ocsocket://localhost:8085/ = 3 MB
2025-02-07 01:52:20 FATAL 68 45 120 177 :379  - The rare situation has occured at time 1738911140357, id to look up=27 100 83 137 , id of local node=68 45 120 177 , id of predecessor=50 71 95 48 
2025-02-07 01:52:20 WARN  OpenChordTest:91  - Lookup time for key 4 = 98 ms
2025-02-07 01:52:20 WARN  OpenChordTest:96  - Retrieved value: default
2025-02-07 01:52:20 WARN  OpenChordTest:105  - Memory usage at ocsocket://localhost:8085/ = 4 MB
2025-02-07 01:52:20 WARN  OpenChordTest:91  - Lookup time for key 5 = 306 ms
2025-02-07 01:52:20 WARN  OpenChordTest:96  - Retrieved value: default
2025-02-07 01:52:20 WARN  OpenChordTest:105  - Memory usage at ocsocket://localhost:8085/ = 5 MB
2025-02-07 01:52:20 WARN  OpenChordTest:91  - Lookup time for key 6 = 167 ms
2025-02-07 01:52:20 WARN  OpenChordTest:96  - Retrieved value: default
2025-02-07 01:52:20 WARN  OpenChordTest:105  - Memory usage at ocsocket://localhost:8085/ = 5 MB
2025-02-07 01:52:21 WARN  OpenChordTest:91  - Lookup time for key 7 = 198 ms
2025-02-07 01:52:21 WARN  OpenChordTest:96  - Retrieved value: default
2025-02-07 01:52:21 WARN  OpenChordTest:105  - Memory usage at ocsocket://localhost:8085/ = 5 MB
2025-02-07 01:52:21 FATAL 68 45 120 177 :379  - The rare situation has occured at time 1738911141193, id to look up=254 93 187 206 , id of local node=68 45 120 177 , id of predecessor=50 71 95 48 
2025-02-07 01:52:21 WARN  OpenChordTest:91  - Lookup time for key 8 = 261 ms
2025-02-07 01:52:21 WARN  OpenChordTest:96  - Retrieved value: default
2025-02-07 01:52:21 WARN  OpenChordTest:105  - Memory usage at ocsocket://localhost:8085/ = 5 MB
2025-02-07 01:52:21 FATAL 68 45 120 177 :379  - The rare situation has occured at time 1738911141346, id to look up=10 222 124 44 , id of local node=68 45 120 177 , id of predecessor=50 71 95 48 
2025-02-07 01:52:21 WARN  OpenChordTest:91  - Lookup time for key 9 = 109 ms
2025-02-07 01:52:21 WARN  OpenChordTest:96  - Retrieved value: default
2025-02-07 01:52:21 WARN  OpenChordTest:105  - Memory usage at ocsocket://localhost:8085/ = 5 MB
2025-02-07 01:52:21 WARN  OpenChordTest:91  - Lookup time for key 10 = 199 ms
2025-02-07 01:52:21 WARN  OpenChordTest:96  - Retrieved value: default
2025-02-07 01:52:21 WARN  OpenChordTest:105  - Memory usage at ocsocket://localhost:8085/ = 6 MB
2025-02-07 01:52:21 FATAL 68 45 120 177 :379  - The rare situation has occured at time 1738911141656, id to look up=23 186 7 145 , id of local node=68 45 120 177 , id of predecessor=50 71 95 48 
2025-02-07 01:52:21 WARN  OpenChordTest:91  - Lookup time for key 11 = 99 ms
2025-02-07 01:52:21 WARN  OpenChordTest:96  - Retrieved value: default
2025-02-07 01:52:21 WARN  OpenChordTest:105  - Memory usage at ocsocket://localhost:8085/ = 6 MB
2025-02-07 01:52:21 FATAL 68 45 120 177 :379  - The rare situation has occured at time 1738911141756, id to look up=123 82 0 155 , id of local node=68 45 120 177 , id of predecessor=50 71 95 48 
2025-02-07 01:52:21 WARN  OpenChordTest:91  - Lookup time for key 12 = 215 ms
2025-02-07 01:52:21 WARN  OpenChordTest:96  - Retrieved value: default
2025-02-07 01:52:21 WARN  OpenChordTest:105  - Memory usage at ocsocket://localhost:8085/ = 6 MB
2025-02-07 01:52:21 WARN  OpenChordTest:91  - Lookup time for key 13 = 46 ms
2025-02-07 01:52:21 WARN  OpenChordTest:96  - Retrieved value: default
2025-02-07 01:52:21 WARN  OpenChordTest:105  - Memory usage at ocsocket://localhost:8085/ = 6 MB
2025-02-07 01:52:22 WARN  OpenChordTest:91  - Lookup time for key 14 = 194 ms
2025-02-07 01:52:22 WARN  OpenChordTest:96  - Retrieved value: default
2025-02-07 01:52:22 WARN  OpenChordTest:105  - Memory usage at ocsocket://localhost:8085/ = 6 MB
2025-02-07 01:52:22 WARN  OpenChordTest:91  - Lookup time for key 15 = 109 ms
2025-02-07 01:52:22 WARN  OpenChordTest:96  - Retrieved value: default
2025-02-07 01:52:22 WARN  OpenChordTest:105  - Memory usage at ocsocket://localhost:8085/ = 6 MB
2025-02-07 01:52:22 FATAL 68 45 120 177 :379  - The rare situation has occured at time 1738911142426, id to look up=21 116 189 219 , id of local node=68 45 120 177 , id of predecessor=50 71 95 48 
2025-02-07 01:52:22 WARN  OpenChordTest:91  - Lookup time for key 16 = 154 ms
2025-02-07 01:52:22 WARN  OpenChordTest:96  - Retrieved value: default
2025-02-07 01:52:22 WARN  OpenChordTest:105  - Memory usage at ocsocket://localhost:8085/ = 7 MB
2025-02-07 01:52:22 WARN  OpenChordTest:131  - Average lookup time for 16 lookups = 193 ms
2025-02-07 01:52:49 FATAL 68 45 120 177 :379  - The rare situation has occured at time 1738911169614, id to look up=119 222 104 218 , id of local node=68 45 120 177 , id of predecessor=50 71 95 48 
2025-02-07 01:52:50 FATAL 68 45 120 177 :379  - The rare situation has occured at time 1738911170077, id to look up=27 100 83 137 , id of local node=68 45 120 177 , id of predecessor=50 71 95 48 
2025-02-07 01:52:50 FATAL 68 45 120 177 :379  - The rare situation has occured at time 1738911170954, id to look up=254 93 187 206 , id of local node=68 45 120 177 , id of predecessor=50 71 95 48 
2025-02-07 01:52:51 FATAL 68 45 120 177 :379  - The rare situation has occured at time 1738911171116, id to look up=10 222 124 44 , id of local node=68 45 120 177 , id of predecessor=50 71 95 48 
2025-02-07 01:52:51 FATAL 68 45 120 177 :379  - The rare situation has occured at time 1738911171426, id to look up=23 186 7 145 , id of local node=68 45 120 177 , id of predecessor=50 71 95 48 
2025-02-07 01:52:51 FATAL 68 45 120 177 :379  - The rare situation has occured at time 1738911171585, id to look up=123 82 0 155 , id of local node=68 45 120 177 , id of predecessor=50 71 95 48 
2025-02-07 01:52:52 FATAL 68 45 120 177 :379  - The rare situation has occured at time 1738911172286, id to look up=21 116 189 219 , id of local node=68 45 120 177 , id of predecessor=50 71 95 48 
2025-02-07 01:53:15 FATAL 68 45 120 177 :379  - The rare situation has occured at time 1738911195614, id to look up=119 222 104 218 , id of local node=68 45 120 177 , id of predecessor=50 71 95 48 
2025-02-07 01:53:16 FATAL 68 45 120 177 :379  - The rare situation has occured at time 1738911196037, id to look up=27 100 83 137 , id of local node=68 45 120 177 , id of predecessor=50 71 95 48 
2025-02-07 01:53:16 FATAL 68 45 120 177 :379  - The rare situation has occured at time 1738911196544, id to look up=254 93 187 206 , id of local node=68 45 120 177 , id of predecessor=50 71 95 48 
2025-02-07 01:53:16 FATAL 68 45 120 177 :379  - The rare situation has occured at time 1738911196706, id to look up=10 222 124 44 , id of local node=68 45 120 177 , id of predecessor=50 71 95 48 
2025-02-07 01:53:17 FATAL 68 45 120 177 :379  - The rare situation has occured at time 1738911197046, id to look up=23 186 7 145 , id of local node=68 45 120 177 , id of predecessor=50 71 95 48 
2025-02-07 01:53:17 FATAL 68 45 120 177 :379  - The rare situation has occured at time 1738911197195, id to look up=123 82 0 155 , id of local node=68 45 120 177 , id of predecessor=50 71 95 48 
2025-02-07 01:53:17 FATAL 68 45 120 177 :379  - The rare situation has occured at time 1738911197776, id to look up=21 116 189 219 , id of local node=68 45 120 177 , id of predecessor=50 71 95 48 
2025-02-07 01:54:39 WARN  SocketProxy:1053  - Could not read response from stream!
java.io.EOFException
	at java.base/java.io.ObjectInputStream$BlockDataInputStream.peekByte(ObjectInputStream.java:3232)
	at java.base/java.io.ObjectInputStream.readObject0(ObjectInputStream.java:1713)
	at java.base/java.io.ObjectInputStream.readObject(ObjectInputStream.java:540)
	at java.base/java.io.ObjectInputStream.readObject(ObjectInputStream.java:498)
	at de.uniba.wiai.lspi.chord.com.socket.SocketProxy.run(SocketProxy.java:1041)
	at java.base/java.lang.Thread.run(Thread.java:1583)
