2025-02-07 01:50:50 WARN  OpenChordTest:186  - Peer joined at ocsocket://localhost:8088/ via ocsocket://localhost:8080/
2025-02-07 01:50:50 WARN  OpenChordTest:62  - Insert time for key 8 = 444 ms
2025-02-07 01:50:50 WARN  OpenChordTest:64  - Inserted (8, default)
2025-02-07 01:50:50 WARN  OpenChordTest:68  - Memory usage at ocsocket://localhost:8088/ = 15 MB
2025-02-07 01:51:22 FATAL 50 71 95 48 :379  - The rare situation has occured at time 1738911082073, id to look up=119 222 104 218 , id of local node=50 71 95 48 , id of predecessor=29 180 217 92 
2025-02-07 01:51:23 FATAL 50 71 95 48 :379  - The rare situation has occured at time 1738911083247, id to look up=27 100 83 137 , id of local node=50 71 95 48 , id of predecessor=29 180 217 92 
2025-02-07 01:51:24 FATAL 50 71 95 48 :379  - The rare situation has occured at time 1738911084324, id to look up=254 93 187 206 , id of local node=50 71 95 48 , id of predecessor=29 180 217 92 
2025-02-07 01:51:24 FATAL 50 71 95 48 :379  - The rare situation has occured at time 1738911084427, id to look up=10 222 124 44 , id of local node=50 71 95 48 , id of predecessor=29 180 217 92 
2025-02-07 01:51:24 FATAL 50 71 95 48 :379  - The rare situation has occured at time 1738911084687, id to look up=23 186 7 145 , id of local node=50 71 95 48 , id of predecessor=29 180 217 92 
2025-02-07 01:51:24 FATAL 50 71 95 48 :379  - The rare situation has occured at time 1738911084787, id to look up=123 82 0 155 , id of local node=50 71 95 48 , id of predecessor=29 180 217 92 
2025-02-07 01:51:25 FATAL 50 71 95 48 :379  - The rare situation has occured at time 1738911085377, id to look up=21 116 189 219 , id of local node=50 71 95 48 , id of predecessor=29 180 217 92 
2025-02-07 01:51:42 FATAL 50 71 95 48 :379  - The rare situation has occured at time 1738911102524, id to look up=119 222 104 218 , id of local node=50 71 95 48 , id of predecessor=29 180 217 92 
2025-02-07 01:51:42 FATAL 50 71 95 48 :379  - The rare situation has occured at time 1738911102928, id to look up=27 100 83 137 , id of local node=50 71 95 48 , id of predecessor=29 180 217 92 
2025-02-07 01:51:43 FATAL 50 71 95 48 :379  - The rare situation has occured at time 1738911103574, id to look up=254 93 187 206 , id of local node=50 71 95 48 , id of predecessor=29 180 217 92 
2025-02-07 01:51:43 FATAL 50 71 95 48 :379  - The rare situation has occured at time 1738911103688, id to look up=10 222 124 44 , id of local node=50 71 95 48 , id of predecessor=29 180 217 92 
2025-02-07 01:51:43 FATAL 50 71 95 48 :379  - The rare situation has occured at time 1738911103938, id to look up=23 186 7 145 , id of local node=50 71 95 48 , id of predecessor=29 180 217 92 
2025-02-07 01:51:44 FATAL 50 71 95 48 :379  - The rare situation has occured at time 1738911104038, id to look up=123 82 0 155 , id of local node=50 71 95 48 , id of predecessor=29 180 217 92 
2025-02-07 01:51:44 FATAL 50 71 95 48 :379  - The rare situation has occured at time 1738911104617, id to look up=21 116 189 219 , id of local node=50 71 95 48 , id of predecessor=29 180 217 92 
2025-02-07 01:52:19 FATAL 50 71 95 48 :379  - The rare situation has occured at time 1738911139923, id to look up=119 222 104 218 , id of local node=50 71 95 48 , id of predecessor=29 180 217 92 
2025-02-07 01:52:20 FATAL 50 71 95 48 :379  - The rare situation has occured at time 1738911140357, id to look up=27 100 83 137 , id of local node=50 71 95 48 , id of predecessor=29 180 217 92 
2025-02-07 01:52:21 FATAL 50 71 95 48 :379  - The rare situation has occured at time 1738911141243, id to look up=254 93 187 206 , id of local node=50 71 95 48 , id of predecessor=29 180 217 92 
2025-02-07 01:52:21 FATAL 50 71 95 48 :379  - The rare situation has occured at time 1738911141346, id to look up=10 222 124 44 , id of local node=50 71 95 48 , id of predecessor=29 180 217 92 
2025-02-07 01:52:21 FATAL 50 71 95 48 :379  - The rare situation has occured at time 1738911141657, id to look up=23 186 7 145 , id of local node=50 71 95 48 , id of predecessor=29 180 217 92 
2025-02-07 01:52:21 FATAL 50 71 95 48 :379  - The rare situation has occured at time 1738911141756, id to look up=123 82 0 155 , id of local node=50 71 95 48 , id of predecessor=29 180 217 92 
2025-02-07 01:52:22 FATAL 50 71 95 48 :379  - The rare situation has occured at time 1738911142426, id to look up=21 116 189 219 , id of local node=50 71 95 48 , id of predecessor=29 180 217 92 
2025-02-07 01:52:43 WARN  OpenChordTest:36  - Unknown.
2025-02-07 01:52:44 WARN  OpenChordTest:36  - Unknown.
2025-02-07 01:52:45 WARN  OpenChordTest:36  - Unknown.
2025-02-07 01:52:45 WARN  OpenChordTest:36  - Unknown.
2025-02-07 01:52:45 WARN  OpenChordTest:36  - Unknown.
2025-02-07 01:52:49 WARN  OpenChordTest:91  - Lookup time for key 1 = 50 ms
2025-02-07 01:52:49 WARN  OpenChordTest:96  - Retrieved value: default
2025-02-07 01:52:49 WARN  OpenChordTest:105  - Memory usage at ocsocket://localhost:8088/ = 22 MB
2025-02-07 01:52:49 WARN  OpenChordTest:91  - Lookup time for key 2 = 398 ms
2025-02-07 01:52:49 WARN  OpenChordTest:96  - Retrieved value: default
2025-02-07 01:52:49 WARN  OpenChordTest:105  - Memory usage at ocsocket://localhost:8088/ = 23 MB
2025-02-07 01:52:49 FATAL 50 71 95 48 :379  - The rare situation has occured at time 1738911169664, id to look up=119 222 104 218 , id of local node=50 71 95 48 , id of predecessor=29 180 217 92 
2025-02-07 01:52:49 WARN  OpenChordTest:91  - Lookup time for key 3 = 449 ms
2025-02-07 01:52:49 WARN  OpenChordTest:96  - Retrieved value: default
2025-02-07 01:52:49 WARN  OpenChordTest:105  - Memory usage at ocsocket://localhost:8088/ = 23 MB
2025-02-07 01:52:50 FATAL 50 71 95 48 :379  - The rare situation has occured at time 1738911170077, id to look up=27 100 83 137 , id of local node=50 71 95 48 , id of predecessor=29 180 217 92 
2025-02-07 01:52:50 WARN  OpenChordTest:91  - Lookup time for key 4 = 166 ms
2025-02-07 01:52:50 WARN  OpenChordTest:96  - Retrieved value: default
2025-02-07 01:52:50 WARN  OpenChordTest:105  - Memory usage at ocsocket://localhost:8088/ = 23 MB
2025-02-07 01:52:50 WARN  OpenChordTest:91  - Lookup time for key 5 = 306 ms
2025-02-07 01:52:50 WARN  OpenChordTest:96  - Retrieved value: default
2025-02-07 01:52:50 WARN  OpenChordTest:105  - Memory usage at ocsocket://localhost:8088/ = 23 MB
2025-02-07 01:52:50 WARN  OpenChordTest:91  - Lookup time for key 6 = 156 ms
2025-02-07 01:52:50 WARN  OpenChordTest:96  - Retrieved value: default
2025-02-07 01:52:50 WARN  OpenChordTest:105  - Memory usage at ocsocket://localhost:8088/ = 23 MB
2025-02-07 01:52:50 WARN  OpenChordTest:91  - Lookup time for key 7 = 209 ms
2025-02-07 01:52:50 WARN  OpenChordTest:96  - Retrieved value: default
2025-02-07 01:52:50 WARN  OpenChordTest:105  - Memory usage at ocsocket://localhost:8088/ = 24 MB
2025-02-07 01:52:51 FATAL 50 71 95 48 :379  - The rare situation has occured at time 1738911171004, id to look up=254 93 187 206 , id of local node=50 71 95 48 , id of predecessor=29 180 217 92 
2025-02-07 01:52:51 WARN  OpenChordTest:91  - Lookup time for key 8 = 300 ms
2025-02-07 01:52:51 WARN  OpenChordTest:96  - Retrieved value: default
2025-02-07 01:52:51 WARN  OpenChordTest:105  - Memory usage at ocsocket://localhost:8088/ = 4 MB
2025-02-07 01:52:51 FATAL 50 71 95 48 :379  - The rare situation has occured at time 1738911171117, id to look up=10 222 124 44 , id of local node=50 71 95 48 , id of predecessor=29 180 217 92 
2025-02-07 01:52:51 WARN  OpenChordTest:91  - Lookup time for key 9 = 103 ms
2025-02-07 01:52:51 WARN  OpenChordTest:96  - Retrieved value: default
2025-02-07 01:52:51 WARN  OpenChordTest:105  - Memory usage at ocsocket://localhost:8088/ = 5 MB
2025-02-07 01:52:51 WARN  OpenChordTest:91  - Lookup time for key 10 = 209 ms
2025-02-07 01:52:51 WARN  OpenChordTest:96  - Retrieved value: default
2025-02-07 01:52:51 WARN  OpenChordTest:105  - Memory usage at ocsocket://localhost:8088/ = 5 MB
2025-02-07 01:52:51 FATAL 50 71 95 48 :379  - The rare situation has occured at time 1738911171427, id to look up=23 186 7 145 , id of local node=50 71 95 48 , id of predecessor=29 180 217 92 
2025-02-07 01:52:51 WARN  OpenChordTest:91  - Lookup time for key 11 = 109 ms
2025-02-07 01:52:51 WARN  OpenChordTest:96  - Retrieved value: default
2025-02-07 01:52:51 WARN  OpenChordTest:105  - Memory usage at ocsocket://localhost:8088/ = 5 MB
2025-02-07 01:52:51 FATAL 50 71 95 48 :379  - The rare situation has occured at time 1738911171585, id to look up=123 82 0 155 , id of local node=50 71 95 48 , id of predecessor=29 180 217 92 
2025-02-07 01:52:51 WARN  OpenChordTest:91  - Lookup time for key 12 = 298 ms
2025-02-07 01:52:51 WARN  OpenChordTest:96  - Retrieved value: default
2025-02-07 01:52:51 WARN  OpenChordTest:105  - Memory usage at ocsocket://localhost:8088/ = 6 MB
2025-02-07 01:52:51 WARN  OpenChordTest:91  - Lookup time for key 13 = 53 ms
2025-02-07 01:52:51 WARN  OpenChordTest:96  - Retrieved value: default
2025-02-07 01:52:51 WARN  OpenChordTest:105  - Memory usage at ocsocket://localhost:8088/ = 6 MB
2025-02-07 01:52:52 WARN  OpenChordTest:91  - Lookup time for key 14 = 195 ms
2025-02-07 01:52:52 WARN  OpenChordTest:96  - Retrieved value: default
2025-02-07 01:52:52 WARN  OpenChordTest:105  - Memory usage at ocsocket://localhost:8088/ = 6 MB
2025-02-07 01:52:52 WARN  OpenChordTest:91  - Lookup time for key 15 = 99 ms
2025-02-07 01:52:52 WARN  OpenChordTest:96  - Retrieved value: default
2025-02-07 01:52:52 WARN  OpenChordTest:105  - Memory usage at ocsocket://localhost:8088/ = 6 MB
2025-02-07 01:52:52 FATAL 50 71 95 48 :379  - The rare situation has occured at time 1738911172287, id to look up=21 116 189 219 , id of local node=50 71 95 48 , id of predecessor=29 180 217 92 
2025-02-07 01:52:52 WARN  OpenChordTest:91  - Lookup time for key 16 = 155 ms
2025-02-07 01:52:52 WARN  OpenChordTest:96  - Retrieved value: default
2025-02-07 01:52:52 WARN  OpenChordTest:105  - Memory usage at ocsocket://localhost:8088/ = 6 MB
2025-02-07 01:52:52 WARN  OpenChordTest:131  - Average lookup time for 16 lookups = 203 ms
2025-02-07 01:53:10 WARN  OpenChordTest:36  - Unknown.
2025-02-07 01:53:15 WARN  OpenChordTest:91  - Lookup time for key 1 = 43 ms
2025-02-07 01:53:15 WARN  OpenChordTest:96  - Retrieved value: default
2025-02-07 01:53:15 WARN  OpenChordTest:105  - Memory usage at ocsocket://localhost:8088/ = 6 MB
2025-02-07 01:53:15 WARN  OpenChordTest:91  - Lookup time for key 2 = 49 ms
2025-02-07 01:53:15 WARN  OpenChordTest:96  - Retrieved value: default
2025-02-07 01:53:15 WARN  OpenChordTest:105  - Memory usage at ocsocket://localhost:8088/ = 6 MB
2025-02-07 01:53:15 FATAL 50 71 95 48 :379  - The rare situation has occured at time 1738911195664, id to look up=119 222 104 218 , id of local node=50 71 95 48 , id of predecessor=29 180 217 92 
2025-02-07 01:53:15 WARN  OpenChordTest:91  - Lookup time for key 3 = 459 ms
2025-02-07 01:53:15 WARN  OpenChordTest:96  - Retrieved value: default
2025-02-07 01:53:15 WARN  OpenChordTest:105  - Memory usage at ocsocket://localhost:8088/ = 7 MB
2025-02-07 01:53:16 FATAL 50 71 95 48 :379  - The rare situation has occured at time 1738911196038, id to look up=27 100 83 137 , id of local node=50 71 95 48 , id of predecessor=29 180 217 92 
2025-02-07 01:53:16 WARN  OpenChordTest:91  - Lookup time for key 4 = 115 ms
2025-02-07 01:53:16 WARN  OpenChordTest:96  - Retrieved value: default
2025-02-07 01:53:16 WARN  OpenChordTest:105  - Memory usage at ocsocket://localhost:8088/ = 7 MB
2025-02-07 01:53:16 WARN  OpenChordTest:91  - Lookup time for key 5 = 105 ms
2025-02-07 01:53:16 WARN  OpenChordTest:96  - Retrieved value: default
2025-02-07 01:53:16 WARN  OpenChordTest:105  - Memory usage at ocsocket://localhost:8088/ = 7 MB
2025-02-07 01:53:16 WARN  OpenChordTest:91  - Lookup time for key 6 = 147 ms
2025-02-07 01:53:16 WARN  OpenChordTest:96  - Retrieved value: default
2025-02-07 01:53:16 WARN  OpenChordTest:105  - Memory usage at ocsocket://localhost:8088/ = 7 MB
2025-02-07 01:53:16 WARN  OpenChordTest:91  - Lookup time for key 7 = 50 ms
2025-02-07 01:53:16 WARN  OpenChordTest:96  - Retrieved value: default
2025-02-07 01:53:16 WARN  OpenChordTest:105  - Memory usage at ocsocket://localhost:8088/ = 7 MB
2025-02-07 01:53:16 FATAL 50 71 95 48 :379  - The rare situation has occured at time 1738911196594, id to look up=254 93 187 206 , id of local node=50 71 95 48 , id of predecessor=29 180 217 92 
2025-02-07 01:53:16 WARN  OpenChordTest:91  - Lookup time for key 8 = 300 ms
2025-02-07 01:53:16 WARN  OpenChordTest:96  - Retrieved value: default
2025-02-07 01:53:16 WARN  OpenChordTest:105  - Memory usage at ocsocket://localhost:8088/ = 7 MB
2025-02-07 01:53:16 FATAL 50 71 95 48 :379  - The rare situation has occured at time 1738911196707, id to look up=10 222 124 44 , id of local node=50 71 95 48 , id of predecessor=29 180 217 92 
2025-02-07 01:53:16 WARN  OpenChordTest:91  - Lookup time for key 9 = 119 ms
2025-02-07 01:53:16 WARN  OpenChordTest:96  - Retrieved value: default
2025-02-07 01:53:16 WARN  OpenChordTest:105  - Memory usage at ocsocket://localhost:8088/ = 8 MB
2025-02-07 01:53:16 WARN  OpenChordTest:91  - Lookup time for key 10 = 219 ms
2025-02-07 01:53:16 WARN  OpenChordTest:96  - Retrieved value: default
2025-02-07 01:53:16 WARN  OpenChordTest:105  - Memory usage at ocsocket://localhost:8088/ = 8 MB
2025-02-07 01:53:17 FATAL 50 71 95 48 :379  - The rare situation has occured at time 1738911197046, id to look up=23 186 7 145 , id of local node=50 71 95 48 , id of predecessor=29 180 217 92 
2025-02-07 01:53:17 WARN  OpenChordTest:91  - Lookup time for key 11 = 109 ms
2025-02-07 01:53:17 WARN  OpenChordTest:96  - Retrieved value: default
2025-02-07 01:53:17 WARN  OpenChordTest:105  - Memory usage at ocsocket://localhost:8088/ = 8 MB
2025-02-07 01:53:17 FATAL 50 71 95 48 :379  - The rare situation has occured at time 1738911197196, id to look up=123 82 0 155 , id of local node=50 71 95 48 , id of predecessor=29 180 217 92 
2025-02-07 01:53:17 WARN  OpenChordTest:91  - Lookup time for key 12 = 317 ms
2025-02-07 01:53:17 WARN  OpenChordTest:96  - Retrieved value: default
2025-02-07 01:53:17 WARN  OpenChordTest:105  - Memory usage at ocsocket://localhost:8088/ = 8 MB
2025-02-07 01:53:17 WARN  OpenChordTest:91  - Lookup time for key 13 = 53 ms
2025-02-07 01:53:17 WARN  OpenChordTest:96  - Retrieved value: default
2025-02-07 01:53:17 WARN  OpenChordTest:105  - Memory usage at ocsocket://localhost:8088/ = 8 MB
2025-02-07 01:53:17 WARN  OpenChordTest:91  - Lookup time for key 14 = 55 ms
2025-02-07 01:53:17 WARN  OpenChordTest:96  - Retrieved value: default
2025-02-07 01:53:17 WARN  OpenChordTest:105  - Memory usage at ocsocket://localhost:8088/ = 9 MB
2025-02-07 01:53:17 WARN  OpenChordTest:91  - Lookup time for key 15 = 99 ms
2025-02-07 01:53:17 WARN  OpenChordTest:96  - Retrieved value: default
2025-02-07 01:53:17 WARN  OpenChordTest:105  - Memory usage at ocsocket://localhost:8088/ = 9 MB
2025-02-07 01:53:17 FATAL 50 71 95 48 :379  - The rare situation has occured at time 1738911197776, id to look up=21 116 189 219 , id of local node=50 71 95 48 , id of predecessor=29 180 217 92 
2025-02-07 01:53:17 WARN  OpenChordTest:91  - Lookup time for key 16 = 153 ms
2025-02-07 01:53:17 WARN  OpenChordTest:96  - Retrieved value: default
2025-02-07 01:53:17 WARN  OpenChordTest:105  - Memory usage at ocsocket://localhost:8088/ = 9 MB
2025-02-07 01:53:17 WARN  OpenChordTest:131  - Average lookup time for 16 lookups = 149 ms
