2025-02-07 01:50:59 WARN  OpenChordTest:186  - Peer joined at ocsocket://localhost:8092/ via ocsocket://localhost:8080/
2025-02-07 01:51:00 WARN  OpenChordTest:62  - Insert time for key 12 = 1071 ms
2025-02-07 01:51:00 WARN  OpenChordTest:64  - Inserted (12, default)
2025-02-07 01:51:00 WARN  OpenChordTest:68  - Memory usage at ocsocket://localhost:8092/ = 17 MB
2025-02-07 01:51:22 FATAL 246 204 157 173 :379  - The rare situation has occured at time 1738911082126, id to look up=119 222 104 218 , id of local node=246 204 157 173 , id of predecessor=242 2 157 82 
2025-02-07 01:51:23 FATAL 246 204 157 173 :379  - The rare situation has occured at time 1738911083614, id to look up=172 52 120 214 , id of local node=246 204 157 173 , id of predecessor=242 2 157 82 
2025-02-07 01:51:23 FATAL 246 204 157 173 :379  - The rare situation has occured at time 1738911083814, id to look up=193 223 217 110 , id of local node=246 204 157 173 , id of predecessor=242 2 157 82 
2025-02-07 01:51:24 FATAL 246 204 157 173 :379  - The rare situation has occured at time 1738911084526, id to look up=177 213 120 17 , id of local node=246 204 157 173 , id of predecessor=242 2 157 82 
2025-02-07 01:51:24 FATAL 246 204 157 173 :379  - The rare situation has occured at time 1738911084835, id to look up=123 82 0 155 , id of local node=246 204 157 173 , id of predecessor=242 2 157 82 
2025-02-07 01:51:24 FATAL 246 204 157 173 :379  - The rare situation has occured at time 1738911084986, id to look up=189 48 122 62 , id of local node=246 204 157 173 , id of predecessor=242 2 157 82 
2025-02-07 01:51:42 FATAL 246 204 157 173 :379  - The rare situation has occured at time 1738911102624, id to look up=119 222 104 218 , id of local node=246 204 157 173 , id of predecessor=242 2 157 82 
2025-02-07 01:51:43 FATAL 246 204 157 173 :379  - The rare situation has occured at time 1738911103034, id to look up=172 52 120 214 , id of local node=246 204 157 173 , id of predecessor=242 2 157 82 
2025-02-07 01:51:43 FATAL 246 204 157 173 :379  - The rare situation has occured at time 1738911103204, id to look up=193 223 217 110 , id of local node=246 204 157 173 , id of predecessor=242 2 157 82 
2025-02-07 01:51:43 FATAL 246 204 157 173 :379  - The rare situation has occured at time 1738911103786, id to look up=177 213 120 17 , id of local node=246 204 157 173 , id of predecessor=242 2 157 82 
2025-02-07 01:51:44 FATAL 246 204 157 173 :379  - The rare situation has occured at time 1738911104085, id to look up=123 82 0 155 , id of local node=246 204 157 173 , id of predecessor=242 2 157 82 
2025-02-07 01:51:44 FATAL 246 204 157 173 :379  - The rare situation has occured at time 1738911104246, id to look up=189 48 122 62 , id of local node=246 204 157 173 , id of predecessor=242 2 157 82 
2025-02-07 01:52:20 FATAL 246 204 157 173 :379  - The rare situation has occured at time 1738911140034, id to look up=119 222 104 218 , id of local node=246 204 157 173 , id of predecessor=242 2 157 82 
2025-02-07 01:52:21 FATAL 246 204 157 173 :379  - The rare situation has occured at time 1738911141805, id to look up=123 82 0 155 , id of local node=246 204 157 173 , id of predecessor=242 2 157 82 
2025-02-07 01:52:49 FATAL 246 204 157 173 :379  - The rare situation has occured at time 1738911169716, id to look up=119 222 104 218 , id of local node=246 204 157 173 , id of predecessor=242 2 157 82 
2025-02-07 01:52:51 FATAL 246 204 157 173 :379  - The rare situation has occured at time 1738911171635, id to look up=123 82 0 155 , id of local node=246 204 157 173 , id of predecessor=242 2 157 82 
2025-02-07 01:53:15 FATAL 246 204 157 173 :379  - The rare situation has occured at time 1738911195715, id to look up=119 222 104 218 , id of local node=246 204 157 173 , id of predecessor=242 2 157 82 
2025-02-07 01:53:17 FATAL 246 204 157 173 :379  - The rare situation has occured at time 1738911197245, id to look up=123 82 0 155 , id of local node=246 204 157 173 , id of predecessor=242 2 157 82 
