2025-02-07 01:50:52 WARN  OpenChordTest:186  - Peer joined at ocsocket://localhost:8089/ via ocsocket://localhost:8080/
2025-02-07 01:50:53 WARN  OpenChordTest:62  - Insert time for key 9 = 672 ms
2025-02-07 01:50:53 WARN  OpenChordTest:64  - Inserted (9, default)
2025-02-07 01:50:53 WARN  OpenChordTest:68  - Memory usage at ocsocket://localhost:8089/ = 16 MB
2025-02-07 01:51:22 FATAL 29 180 217 92 :379  - The rare situation has occured at time 1738911082124, id to look up=119 222 104 218 , id of local node=29 180 217 92 , id of predecessor=254 78 41 228 
2025-02-07 01:51:24 FATAL 29 180 217 92 :379  - The rare situation has occured at time 1738911084834, id to look up=123 82 0 155 , id of local node=29 180 217 92 , id of predecessor=254 78 41 228 
2025-02-07 01:51:42 FATAL 29 180 217 92 :379  - The rare situation has occured at time 1738911102574, id to look up=119 222 104 218 , id of local node=29 180 217 92 , id of predecessor=254 78 41 228 
2025-02-07 01:51:44 FATAL 29 180 217 92 :379  - The rare situation has occured at time 1738911104084, id to look up=123 82 0 155 , id of local node=29 180 217 92 , id of predecessor=254 78 41 228 
2025-02-07 01:52:19 FATAL 29 180 217 92 :379  - The rare situation has occured at time 1738911139973, id to look up=119 222 104 218 , id of local node=29 180 217 92 , id of predecessor=254 78 41 228 
2025-02-07 01:52:21 FATAL 29 180 217 92 :379  - The rare situation has occured at time 1738911141803, id to look up=123 82 0 155 , id of local node=29 180 217 92 , id of predecessor=254 78 41 228 
2025-02-07 01:52:49 FATAL 29 180 217 92 :379  - The rare situation has occured at time 1738911169714, id to look up=119 222 104 218 , id of local node=29 180 217 92 , id of predecessor=254 78 41 228 
2025-02-07 01:52:51 FATAL 29 180 217 92 :379  - The rare situation has occured at time 1738911171633, id to look up=123 82 0 155 , id of local node=29 180 217 92 , id of predecessor=254 78 41 228 
2025-02-07 01:53:15 FATAL 29 180 217 92 :379  - The rare situation has occured at time 1738911195714, id to look up=119 222 104 218 , id of local node=29 180 217 92 , id of predecessor=254 78 41 228 
2025-02-07 01:53:17 FATAL 29 180 217 92 :379  - The rare situation has occured at time 1738911197244, id to look up=123 82 0 155 , id of local node=29 180 217 92 , id of predecessor=254 78 41 228 
2025-02-07 01:54:39 WARN  SocketProxy:1053  - Could not read response from stream!
java.io.EOFException
	at java.base/java.io.ObjectInputStream$BlockDataInputStream.peekByte(ObjectInputStream.java:3232)
	at java.base/java.io.ObjectInputStream.readObject0(ObjectInputStream.java:1713)
	at java.base/java.io.ObjectInputStream.readObject(ObjectInputStream.java:540)
	at java.base/java.io.ObjectInputStream.readObject(ObjectInputStream.java:498)
	at de.uniba.wiai.lspi.chord.com.socket.SocketProxy.run(SocketProxy.java:1041)
	at java.base/java.lang.Thread.run(Thread.java:1583)
