2025-02-07 01:50:40 WARN  OpenChordTest:186  - Peer joined at ocsocket://localhost:8083/ via ocsocket://localhost:8080/
2025-02-07 01:50:41 WARN  OpenChordTest:62  - Insert time for key 3 = 452 ms
2025-02-07 01:50:41 WARN  OpenChordTest:64  - Inserted (3, default)
2025-02-07 01:50:41 WARN  OpenChordTest:68  - Memory usage at ocsocket://localhost:8083/ = 14 MB
2025-02-07 01:51:22 FATAL 254 78 41 228 :379  - The rare situation has occured at time 1738911082125, id to look up=119 222 104 218 , id of local node=254 78 41 228 , id of predecessor=246 204 157 173 
2025-02-07 01:51:23 FATAL 254 78 41 228 :379  - The rare situation has occured at time 1738911083613, id to look up=172 52 120 214 , id of local node=254 78 41 228 , id of predecessor=246 204 157 173 
2025-02-07 01:51:23 FATAL 254 78 41 228 :379  - The rare situation has occured at time 1738911083764, id to look up=193 223 217 110 , id of local node=254 78 41 228 , id of predecessor=246 204 157 173 
2025-02-07 01:51:24 FATAL 254 78 41 228 :379  - The rare situation has occured at time 1738911084525, id to look up=177 213 120 17 , id of local node=254 78 41 228 , id of predecessor=246 204 157 173 
2025-02-07 01:51:24 FATAL 254 78 41 228 :379  - The rare situation has occured at time 1738911084834, id to look up=123 82 0 155 , id of local node=254 78 41 228 , id of predecessor=246 204 157 173 
2025-02-07 01:51:24 FATAL 254 78 41 228 :379  - The rare situation has occured at time 1738911084985, id to look up=189 48 122 62 , id of local node=254 78 41 228 , id of predecessor=246 204 157 173 
2025-02-07 01:51:42 FATAL 254 78 41 228 :379  - The rare situation has occured at time 1738911102575, id to look up=119 222 104 218 , id of local node=254 78 41 228 , id of predecessor=246 204 157 173 
2025-02-07 01:51:43 FATAL 254 78 41 228 :379  - The rare situation has occured at time 1738911103034, id to look up=172 52 120 214 , id of local node=254 78 41 228 , id of predecessor=246 204 157 173 
2025-02-07 01:51:43 FATAL 254 78 41 228 :379  - The rare situation has occured at time 1738911103154, id to look up=193 223 217 110 , id of local node=254 78 41 228 , id of predecessor=246 204 157 173 
2025-02-07 01:51:43 FATAL 254 78 41 228 :379  - The rare situation has occured at time 1738911103785, id to look up=177 213 120 17 , id of local node=254 78 41 228 , id of predecessor=246 204 157 173 
2025-02-07 01:51:44 FATAL 254 78 41 228 :379  - The rare situation has occured at time 1738911104085, id to look up=123 82 0 155 , id of local node=254 78 41 228 , id of predecessor=246 204 157 173 
2025-02-07 01:51:44 FATAL 254 78 41 228 :379  - The rare situation has occured at time 1738911104245, id to look up=189 48 122 62 , id of local node=254 78 41 228 , id of predecessor=246 204 157 173 
2025-02-07 01:52:19 FATAL 254 78 41 228 :379  - The rare situation has occured at time 1738911139974, id to look up=119 222 104 218 , id of local node=254 78 41 228 , id of predecessor=246 204 157 173 
2025-02-07 01:52:21 FATAL 254 78 41 228 :379  - The rare situation has occured at time 1738911141804, id to look up=123 82 0 155 , id of local node=254 78 41 228 , id of predecessor=246 204 157 173 
2025-02-07 01:52:49 FATAL 254 78 41 228 :379  - The rare situation has occured at time 1738911169715, id to look up=119 222 104 218 , id of local node=254 78 41 228 , id of predecessor=246 204 157 173 
2025-02-07 01:52:51 FATAL 254 78 41 228 :379  - The rare situation has occured at time 1738911171634, id to look up=123 82 0 155 , id of local node=254 78 41 228 , id of predecessor=246 204 157 173 
2025-02-07 01:53:15 FATAL 254 78 41 228 :379  - The rare situation has occured at time 1738911195715, id to look up=119 222 104 218 , id of local node=254 78 41 228 , id of predecessor=246 204 157 173 
2025-02-07 01:53:17 FATAL 254 78 41 228 :379  - The rare situation has occured at time 1738911197245, id to look up=123 82 0 155 , id of local node=254 78 41 228 , id of predecessor=246 204 157 173 
